2019/05/22 16:49:24.110000 git.huoys.com/qp/cells/vendor/git.huoys.com/qp/common/hall_logic/launcher.OnStart 40 Warning: url.json:&{%!s(int32=10095) %!s(int32=1) %!s(int32=0) %!s(int32=2) %!s(int=4)}.
2019/05/22 16:49:24.114000 git.huoys.com/qp/cells/vendor/git.huoys.com/qp/common/hall_logic/launcher.OnStart 42 Warning: Start Game(10095) Arena(1) Server(2) Sucess !
2019/05/22 16:49:24.117000 git.huoys.com/qp/cells/vendor/git.huoys.com/qp/common/hall_message_s.RegisterGame 110 Info: RegisterGame:1,2.
2019/05/22 16:49:24.148000 git.huoys.com/qp/cells/vendor/git.huoys.com/qp/common/hall_message_s.RegisterGame 126 Info: register game msgRecv.En: 0.
2019/05/22 16:49:26.180000 git.huoys.com/qp/cells/module/web.(*webmodule).OnInit 44 Warning: http url:0.0.0.0:9212.
2019/05/22 16:49:26.187000 git.huoys.com/qp/cells/vendor/git.huoys.com/qp/common/http_message.acceptHTTPRequest 118 Info: Http server listen at:0.0.0.0:9212
2019/05/22 16:49:30.097000 git.huoys.com/qp/cells/vendor/git.huoys.com/qp/common/hall_message_s.GameUpdate 157 Info: game update msgRecv.En: 0.
2019/05/22 16:49:35.112000 git.huoys.com/qp/cells/vendor/git.huoys.com/qp/common/hall_message_s.GameUpdate 157 Info: game update msgRecv.En: 0.
2019/05/22 16:49:40.104000 git.huoys.com/qp/cells/vendor/git.huoys.com/qp/common/hall_message_s.GameUpdate 157 Info: game update msgRecv.En: 0.
2019/05/22 16:49:45.113000 git.huoys.com/qp/cells/vendor/git.huoys.com/qp/common/hall_message_s.GameUpdate 157 Info: game update msgRecv.En: 0.
2019/05/22 16:49:50.100000 git.huoys.com/qp/cells/vendor/git.huoys.com/qp/common/hall_message_s.GameUpdate 157 Info: game update msgRecv.En: 0.
2019/05/22 16:49:55.107000 git.huoys.com/qp/cells/vendor/git.huoys.com/qp/common/hall_message_s.GameUpdate 157 Info: game update msgRecv.En: 0.
2019/05/22 16:50:00.106000 git.huoys.com/qp/cells/vendor/git.huoys.com/qp/common/hall_message_s.GameUpdate 157 Info: game update msgRecv.En: 0.
2019/05/22 16:50:05.107000 git.huoys.com/qp/cells/vendor/git.huoys.com/qp/common/hall_message_s.GameUpdate 157 Info: game update msgRecv.En: 0.
2019/05/22 16:50:10.111000 git.huoys.com/qp/cells/vendor/git.huoys.com/qp/common/hall_message_s.GameUpdate 157 Info: game update msgRecv.En: 0.
2019/05/22 16:50:15.107000 git.huoys.com/qp/cells/vendor/git.huoys.com/qp/common/hall_message_s.GameUpdate 157 Info: game update msgRecv.En: 0.
2019/05/22 16:50:20.108000 git.huoys.com/qp/cells/vendor/git.huoys.com/qp/common/hall_message_s.GameUpdate 157 Info: game update msgRecv.En: 0.
2019/05/22 16:50:25.110000 git.huoys.com/qp/cells/vendor/git.huoys.com/qp/common/hall_message_s.GameUpdate 157 Info: game update msgRecv.En: 0.
2019/05/22 16:50:30.108000 git.huoys.com/qp/cells/vendor/git.huoys.com/qp/common/hall_message_s.GameUpdate 157 Info: game update msgRecv.En: 0.
2019/05/22 16:50:35.109000 git.huoys.com/qp/cells/vendor/git.huoys.com/qp/common/hall_message_s.GameUpdate 157 Info: game update msgRecv.En: 0.
2019/05/22 16:50:40.113000 git.huoys.com/qp/cells/vendor/git.huoys.com/qp/common/hall_message_s.GameUpdate 157 Info: game update msgRecv.En: 0.
2019/05/22 16:50:45.112000 git.huoys.com/qp/cells/vendor/git.huoys.com/qp/common/hall_message_s.GameUpdate 157 Info: game update msgRecv.En: 0.
2019/05/22 16:50:50.114000 git.huoys.com/qp/cells/vendor/git.huoys.com/qp/common/hall_message_s.GameUpdate 157 Info: game update msgRecv.En: 0.
2019/05/22 16:50:55.111000 git.huoys.com/qp/cells/vendor/git.huoys.com/qp/common/hall_message_s.GameUpdate 157 Info: game update msgRecv.En: 0.
2019/05/22 16:51:00.109000 git.huoys.com/qp/cells/vendor/git.huoys.com/qp/common/hall_message_s.GameUpdate 157 Info: game update msgRecv.En: 0.
2019/05/22 16:51:05.107000 git.huoys.com/qp/cells/vendor/git.huoys.com/qp/common/hall_message_s.GameUpdate 157 Info: game update msgRecv.En: 0.
2019/05/22 16:51:10.107000 git.huoys.com/qp/cells/vendor/git.huoys.com/qp/common/hall_message_s.GameUpdate 157 Info: game update msgRecv.En: 0.
2019/05/22 16:51:15.111000 git.huoys.com/qp/cells/vendor/git.huoys.com/qp/common/hall_message_s.GameUpdate 157 Info: game update msgRecv.En: 0.
2019/05/22 16:51:20.113000 git.huoys.com/qp/cells/vendor/git.huoys.com/qp/common/hall_message_s.GameUpdate 157 Info: game update msgRecv.En: 0.
2019/05/22 16:51:25.114000 git.huoys.com/qp/cells/vendor/git.huoys.com/qp/common/hall_message_s.GameUpdate 157 Info: game update msgRecv.En: 0.
2019/05/22 16:51:30.101000 git.huoys.com/qp/cells/vendor/git.huoys.com/qp/common/hall_message_s.GameUpdate 157 Info: game update msgRecv.En: 0.
2019/05/22 16:51:35.106000 git.huoys.com/qp/cells/vendor/git.huoys.com/qp/common/hall_message_s.GameUpdate 157 Info: game update msgRecv.En: 0.
2019/05/22 16:51:40.099000 git.huoys.com/qp/cells/vendor/git.huoys.com/qp/common/hall_message_s.GameUpdate 157 Info: game update msgRecv.En: 0.
2019/05/22 16:51:45.099000 git.huoys.com/qp/cells/vendor/git.huoys.com/qp/common/hall_message_s.GameUpdate 157 Info: game update msgRecv.En: 0.
2019/05/22 16:51:50.099000 git.huoys.com/qp/cells/vendor/git.huoys.com/qp/common/hall_message_s.GameUpdate 157 Info: game update msgRecv.En: 0.
2019/05/22 16:51:55.109000 git.huoys.com/qp/cells/vendor/git.huoys.com/qp/common/hall_message_s.GameUpdate 157 Info: game update msgRecv.En: 0.
2019/05/22 16:52:00.099000 git.huoys.com/qp/cells/vendor/git.huoys.com/qp/common/hall_message_s.GameUpdate 157 Info: game update msgRecv.En: 0.
2019/05/22 16:52:05.112000 git.huoys.com/qp/cells/vendor/git.huoys.com/qp/common/hall_message_s.GameUpdate 157 Info: game update msgRecv.En: 0.
2019/05/22 16:52:10.103000 git.huoys.com/qp/cells/vendor/git.huoys.com/qp/common/hall_message_s.GameUpdate 157 Info: game update msgRecv.En: 0.
2019/05/22 16:52:15.110000 git.huoys.com/qp/cells/vendor/git.huoys.com/qp/common/hall_message_s.GameUpdate 157 Info: game update msgRecv.En: 0.
2019/05/22 16:52:20.111000 git.huoys.com/qp/cells/vendor/git.huoys.com/qp/common/hall_message_s.GameUpdate 157 Info: game update msgRecv.En: 0.
2019/05/22 16:52:25.108000 git.huoys.com/qp/cells/vendor/git.huoys.com/qp/common/hall_message_s.GameUpdate 157 Info: game update msgRecv.En: 0.
2019/05/22 16:52:30.110000 git.huoys.com/qp/cells/vendor/git.huoys.com/qp/common/hall_message_s.GameUpdate 157 Info: game update msgRecv.En: 0.
2019/05/22 16:52:35.108000 git.huoys.com/qp/cells/vendor/git.huoys.com/qp/common/hall_message_s.GameUpdate 157 Info: game update msgRecv.En: 0.
2019/05/22 16:52:40.104000 git.huoys.com/qp/cells/vendor/git.huoys.com/qp/common/hall_message_s.GameUpdate 157 Info: game update msgRecv.En: 0.
2019/05/22 16:52:45.108000 git.huoys.com/qp/cells/vendor/git.huoys.com/qp/common/hall_message_s.GameUpdate 157 Info: game update msgRecv.En: 0.
2019/05/22 16:52:50.108000 git.huoys.com/qp/cells/vendor/git.huoys.com/qp/common/hall_message_s.GameUpdate 157 Info: game update msgRecv.En: 0.
2019/05/22 16:52:55.113000 git.huoys.com/qp/cells/vendor/git.huoys.com/qp/common/hall_message_s.GameUpdate 157 Info: game update msgRecv.En: 0.
2019/05/22 16:53:00.107000 git.huoys.com/qp/cells/vendor/git.huoys.com/qp/common/hall_message_s.GameUpdate 157 Info: game update msgRecv.En: 0.
2019/05/22 16:53:05.107000 git.huoys.com/qp/cells/vendor/git.huoys.com/qp/common/hall_message_s.GameUpdate 157 Info: game update msgRecv.En: 0.
2019/05/22 16:53:10.111000 git.huoys.com/qp/cells/vendor/git.huoys.com/qp/common/hall_message_s.GameUpdate 157 Info: game update msgRecv.En: 0.
2019/05/22 16:53:15.108000 git.huoys.com/qp/cells/vendor/git.huoys.com/qp/common/hall_message_s.GameUpdate 157 Info: game update msgRecv.En: 0.
2019/05/22 16:53:20.111000 git.huoys.com/qp/cells/vendor/git.huoys.com/qp/common/hall_message_s.GameUpdate 157 Info: game update msgRecv.En: 0.
2019/05/22 16:53:25.115000 git.huoys.com/qp/cells/vendor/git.huoys.com/qp/common/hall_message_s.GameUpdate 157 Info: game update msgRecv.En: 0.
2019/05/22 16:53:30.114000 git.huoys.com/qp/cells/vendor/git.huoys.com/qp/common/hall_message_s.GameUpdate 157 Info: game update msgRecv.En: 0.
2019/05/22 16:53:35.106000 git.huoys.com/qp/cells/vendor/git.huoys.com/qp/common/hall_message_s.GameUpdate 157 Info: game update msgRecv.En: 0.
2019/05/22 16:53:40.111000 git.huoys.com/qp/cells/vendor/git.huoys.com/qp/common/hall_message_s.GameUpdate 157 Info: game update msgRecv.En: 0.
2019/05/22 16:53:45.116000 git.huoys.com/qp/cells/vendor/git.huoys.com/qp/common/hall_message_s.GameUpdate 157 Info: game update msgRecv.En: 0.
2019/05/22 16:53:50.107000 git.huoys.com/qp/cells/vendor/git.huoys.com/qp/common/hall_message_s.GameUpdate 157 Info: game update msgRecv.En: 0.
2019/05/22 16:53:55.101000 git.huoys.com/qp/cells/vendor/git.huoys.com/qp/common/hall_message_s.GameUpdate 157 Info: game update msgRecv.En: 0.
2019/05/22 16:54:00.109000 git.huoys.com/qp/cells/vendor/git.huoys.com/qp/common/hall_message_s.GameUpdate 157 Info: game update msgRecv.En: 0.
2019/05/22 16:54:05.105000 git.huoys.com/qp/cells/vendor/git.huoys.com/qp/common/hall_message_s.GameUpdate 157 Info: game update msgRecv.En: 0.
2019/05/22 16:54:10.099000 git.huoys.com/qp/cells/vendor/git.huoys.com/qp/common/hall_message_s.GameUpdate 157 Info: game update msgRecv.En: 0.
2019/05/22 16:54:15.107000 git.huoys.com/qp/cells/vendor/git.huoys.com/qp/common/hall_message_s.GameUpdate 157 Info: game update msgRecv.En: 0.
2019/05/22 16:54:20.109000 git.huoys.com/qp/cells/vendor/git.huoys.com/qp/common/hall_message_s.GameUpdate 157 Info: game update msgRecv.En: 0.
2019/05/22 16:54:25.104000 git.huoys.com/qp/cells/vendor/git.huoys.com/qp/common/hall_message_s.GameUpdate 157 Info: game update msgRecv.En: 0.
2019/05/22 16:54:30.100000 git.huoys.com/qp/cells/vendor/git.huoys.com/qp/common/hall_message_s.GameUpdate 157 Info: game update msgRecv.En: 0.
2019/05/22 16:54:35.110000 git.huoys.com/qp/cells/vendor/git.huoys.com/qp/common/hall_message_s.GameUpdate 157 Info: game update msgRecv.En: 0.
2019/05/22 16:54:40.101000 git.huoys.com/qp/cells/vendor/git.huoys.com/qp/common/hall_message_s.GameUpdate 157 Info: game update msgRecv.En: 0.
2019/05/22 16:54:45.104000 git.huoys.com/qp/cells/vendor/git.huoys.com/qp/common/hall_message_s.GameUpdate 157 Info: game update msgRecv.En: 0.
2019/05/22 16:54:50.108000 git.huoys.com/qp/cells/vendor/git.huoys.com/qp/common/hall_message_s.GameUpdate 157 Info: game update msgRecv.En: 0.
2019/05/22 16:54:55.104000 git.huoys.com/qp/cells/vendor/git.huoys.com/qp/common/hall_message_s.GameUpdate 157 Info: game update msgRecv.En: 0.
2019/05/22 16:55:00.107000 git.huoys.com/qp/cells/vendor/git.huoys.com/qp/common/hall_message_s.GameUpdate 157 Info: game update msgRecv.En: 0.
2019/05/22 16:55:05.113000 git.huoys.com/qp/cells/vendor/git.huoys.com/qp/common/hall_message_s.GameUpdate 157 Info: game update msgRecv.En: 0.
2019/05/22 16:55:10.105000 git.huoys.com/qp/cells/vendor/git.huoys.com/qp/common/hall_message_s.GameUpdate 157 Info: game update msgRecv.En: 0.
2019/05/22 16:55:15.111000 git.huoys.com/qp/cells/vendor/git.huoys.com/qp/common/hall_message_s.GameUpdate 157 Info: game update msgRecv.En: 0.
2019/05/22 16:55:20.106000 git.huoys.com/qp/cells/vendor/git.huoys.com/qp/common/hall_message_s.GameUpdate 157 Info: game update msgRecv.En: 0.
2019/05/22 16:55:25.105000 git.huoys.com/qp/cells/vendor/git.huoys.com/qp/common/hall_message_s.GameUpdate 157 Info: game update msgRecv.En: 0.
2019/05/22 16:55:30.119000 git.huoys.com/qp/cells/vendor/git.huoys.com/qp/common/hall_message_s.GameUpdate 157 Info: game update msgRecv.En: 0.
2019/05/22 16:55:35.107000 git.huoys.com/qp/cells/vendor/git.huoys.com/qp/common/hall_message_s.GameUpdate 157 Info: game update msgRecv.En: 0.
2019/05/22 16:55:40.105000 git.huoys.com/qp/cells/vendor/git.huoys.com/qp/common/hall_message_s.GameUpdate 157 Info: game update msgRecv.En: 0.
2019/05/22 16:55:45.111000 git.huoys.com/qp/cells/vendor/git.huoys.com/qp/common/hall_message_s.GameUpdate 157 Info: game update msgRecv.En: 0.
2019/05/22 16:55:50.116000 git.huoys.com/qp/cells/vendor/git.huoys.com/qp/common/hall_message_s.GameUpdate 157 Info: game update msgRecv.En: 0.
2019/05/22 16:55:55.112000 git.huoys.com/qp/cells/vendor/git.huoys.com/qp/common/hall_message_s.GameUpdate 157 Info: game update msgRecv.En: 0.
2019/05/22 16:56:00.153000 git.huoys.com/qp/cells/vendor/git.huoys.com/qp/common/hall_message_s.GameUpdate 157 Info: game update msgRecv.En: 0.
2019/05/22 16:56:05.127000 git.huoys.com/qp/cells/vendor/git.huoys.com/qp/common/hall_message_s.GameUpdate 157 Info: game update msgRecv.En: 0.
2019/05/22 16:56:10.124000 git.huoys.com/qp/cells/vendor/git.huoys.com/qp/common/hall_message_s.GameUpdate 157 Info: game update msgRecv.En: 0.
