2019/05/13 10:02:51.208200 git.huoys.com/qp/common/hall_logic/launcher.OnStart 40 Warning: url.json:&{%!s(int32=10095) %!s(int32=1) %!s(int32=0) %!s(int32=3) %!s(int=4)}.
2019/05/13 10:02:51.209200 git.huoys.com/qp/common/hall_logic/launcher.OnStart 42 Warning: Start Game(10095) Arena(1) Server(3) Sucess !
2019/05/13 10:02:51.209200 git.huoys.com/qp/common/hall_message_s.RegisterGame 110 Info: RegisterGame:1,3.
2019/05/13 10:02:51.217200 git.huoys.com/qp/common/hall_message_s.RegisterGame 126 Info: register game msgRecv.En: 0.
2019/05/13 10:02:51.253200 git.huoys.com/qp/cells/module/web.(*webmodule).OnInit 44 Warning: http url:0.0.0.0:9021.
2019/05/13 10:02:51.255200 git.huoys.com/qp/common/http_message.acceptHTTPRequest 80 Info: Http server listen at:0.0.0.0:9021
2019/05/13 10:02:56.241200 git.huoys.com/qp/common/hall_message_s.GameUpdate 157 Info: game update msgRecv.En: 0.
2019/05/13 10:03:01.224200 git.huoys.com/qp/common/hall_message_s.GameUpdate 157 Info: game update msgRecv.En: 0.
2019/05/13 10:03:06.227200 git.huoys.com/qp/common/hall_message_s.GameUpdate 157 Info: game update msgRecv.En: 0.
2019/05/13 10:03:11.224200 git.huoys.com/qp/common/hall_message_s.GameUpdate 157 Info: game update msgRecv.En: 0.
2019/05/13 10:03:16.236200 git.huoys.com/qp/common/hall_message_s.GameUpdate 157 Info: game update msgRecv.En: 0.
2019/05/13 10:03:21.234200 git.huoys.com/qp/common/hall_message_s.GameUpdate 157 Info: game update msgRecv.En: 0.
2019/05/13 10:03:26.228200 git.huoys.com/qp/common/hall_message_s.GameUpdate 157 Info: game update msgRecv.En: 0.
2019/05/13 10:03:31.219200 git.huoys.com/qp/common/hall_message_s.GameUpdate 157 Info: game update msgRecv.En: 0.
2019/05/13 10:03:36.242200 git.huoys.com/qp/common/hall_message_s.GameUpdate 157 Info: game update msgRecv.En: 0.
2019/05/13 10:03:41.218200 git.huoys.com/qp/common/hall_message_s.GameUpdate 157 Info: game update msgRecv.En: 0.
2019/05/13 10:03:46.219200 git.huoys.com/qp/common/hall_message_s.GameUpdate 157 Info: game update msgRecv.En: 0.
2019/05/13 10:03:51.225200 git.huoys.com/qp/common/hall_message_s.GameUpdate 157 Info: game update msgRecv.En: 0.
2019/05/13 10:03:56.217200 git.huoys.com/qp/common/hall_message_s.GameUpdate 157 Info: game update msgRecv.En: 0.
2019/05/13 10:04:01.224200 git.huoys.com/qp/common/hall_message_s.GameUpdate 157 Info: game update msgRecv.En: 0.
2019/05/13 10:04:06.233200 git.huoys.com/qp/common/hall_message_s.GameUpdate 157 Info: game update msgRecv.En: 0.
2019/05/13 10:04:11.220200 git.huoys.com/qp/common/hall_message_s.GameUpdate 157 Info: game update msgRecv.En: 0.
2019/05/13 10:04:16.216200 git.huoys.com/qp/common/hall_message_s.GameUpdate 157 Info: game update msgRecv.En: 0.
2019/05/13 10:04:21.225200 git.huoys.com/qp/common/hall_message_s.GameUpdate 157 Info: game update msgRecv.En: 0.
2019/05/13 10:04:26.223200 git.huoys.com/qp/common/hall_message_s.GameUpdate 157 Info: game update msgRecv.En: 0.
2019/05/13 10:04:31.241200 git.huoys.com/qp/common/hall_message_s.GameUpdate 157 Info: game update msgRecv.En: 0.
2019/05/13 10:04:36.223200 git.huoys.com/qp/common/hall_message_s.GameUpdate 157 Info: game update msgRecv.En: 0.
2019/05/13 10:04:41.223200 git.huoys.com/qp/common/hall_message_s.GameUpdate 157 Info: game update msgRecv.En: 0.
2019/05/13 10:04:46.227200 git.huoys.com/qp/common/hall_message_s.GameUpdate 157 Info: game update msgRecv.En: 0.
2019/05/13 10:04:51.230200 git.huoys.com/qp/common/hall_message_s.GameUpdate 157 Info: game update msgRecv.En: 0.
2019/05/13 10:04:56.224200 git.huoys.com/qp/common/hall_message_s.GameUpdate 157 Info: game update msgRecv.En: 0.
2019/05/13 10:05:01.227200 git.huoys.com/qp/common/hall_message_s.GameUpdate 157 Info: game update msgRecv.En: 0.
2019/05/13 10:05:06.218200 git.huoys.com/qp/common/hall_message_s.GameUpdate 157 Info: game update msgRecv.En: 0.
2019/05/13 10:05:11.217200 git.huoys.com/qp/common/hall_message_s.GameUpdate 157 Info: game update msgRecv.En: 0.
2019/05/13 10:05:16.226200 git.huoys.com/qp/common/hall_message_s.GameUpdate 157 Info: game update msgRecv.En: 0.
2019/05/13 10:05:21.226200 git.huoys.com/qp/common/hall_message_s.GameUpdate 157 Info: game update msgRecv.En: 0.
2019/05/13 10:05:26.224200 git.huoys.com/qp/common/hall_message_s.GameUpdate 157 Info: game update msgRecv.En: 0.
2019/05/13 10:05:31.228200 git.huoys.com/qp/common/hall_message_s.GameUpdate 157 Info: game update msgRecv.En: 0.
2019/05/13 10:05:36.230200 git.huoys.com/qp/common/hall_message_s.GameUpdate 157 Info: game update msgRecv.En: 0.
2019/05/13 10:05:41.226200 git.huoys.com/qp/common/hall_message_s.GameUpdate 157 Info: game update msgRecv.En: 0.
2019/05/13 10:05:46.217200 git.huoys.com/qp/common/hall_message_s.GameUpdate 157 Info: game update msgRecv.En: 0.
2019/05/13 10:05:51.222200 git.huoys.com/qp/common/hall_message_s.GameUpdate 157 Info: game update msgRecv.En: 0.
2019/05/13 10:05:56.219200 git.huoys.com/qp/common/hall_message_s.GameUpdate 157 Info: game update msgRecv.En: 0.
2019/05/13 10:06:01.219200 git.huoys.com/qp/common/hall_message_s.GameUpdate 157 Info: game update msgRecv.En: 0.
2019/05/13 10:06:06.222200 git.huoys.com/qp/common/hall_message_s.GameUpdate 157 Info: game update msgRecv.En: 0.
2019/05/13 10:06:11.230200 git.huoys.com/qp/common/hall_message_s.GameUpdate 157 Info: game update msgRecv.En: 0.
2019/05/13 10:06:16.225200 git.huoys.com/qp/common/hall_message_s.GameUpdate 157 Info: game update msgRecv.En: 0.
2019/05/13 10:06:21.230200 git.huoys.com/qp/common/hall_message_s.GameUpdate 157 Info: game update msgRecv.En: 0.
2019/05/13 10:06:26.226200 git.huoys.com/qp/common/hall_message_s.GameUpdate 157 Info: game update msgRecv.En: 0.
2019/05/13 10:06:31.228200 git.huoys.com/qp/common/hall_message_s.GameUpdate 157 Info: game update msgRecv.En: 0.
2019/05/13 10:06:36.223200 git.huoys.com/qp/common/hall_message_s.GameUpdate 157 Info: game update msgRecv.En: 0.
2019/05/13 10:06:41.227200 git.huoys.com/qp/common/hall_message_s.GameUpdate 157 Info: game update msgRecv.En: 0.
2019/05/13 10:06:46.217200 git.huoys.com/qp/common/hall_message_s.GameUpdate 157 Info: game update msgRecv.En: 0.
2019/05/13 10:06:51.233200 git.huoys.com/qp/common/hall_message_s.GameUpdate 157 Info: game update msgRecv.En: 0.
2019/05/13 10:06:56.228200 git.huoys.com/qp/common/hall_message_s.GameUpdate 157 Info: game update msgRecv.En: 0.
2019/05/13 10:07:01.227200 git.huoys.com/qp/common/hall_message_s.GameUpdate 157 Info: game update msgRecv.En: 0.
2019/05/13 10:07:06.228200 git.huoys.com/qp/common/hall_message_s.GameUpdate 157 Info: game update msgRecv.En: 0.
2019/05/13 10:07:11.228200 git.huoys.com/qp/common/hall_message_s.GameUpdate 157 Info: game update msgRecv.En: 0.
2019/05/13 10:07:16.227200 git.huoys.com/qp/common/hall_message_s.GameUpdate 157 Info: game update msgRecv.En: 0.
2019/05/13 10:07:21.224200 git.huoys.com/qp/common/hall_message_s.GameUpdate 157 Info: game update msgRecv.En: 0.
2019/05/13 10:07:26.226200 git.huoys.com/qp/common/hall_message_s.GameUpdate 157 Info: game update msgRecv.En: 0.
2019/05/13 10:07:31.226200 git.huoys.com/qp/common/hall_message_s.GameUpdate 157 Info: game update msgRecv.En: 0.
2019/05/13 10:07:36.228200 git.huoys.com/qp/common/hall_message_s.GameUpdate 157 Info: game update msgRecv.En: 0.
2019/05/13 10:07:41.226200 git.huoys.com/qp/common/hall_message_s.GameUpdate 157 Info: game update msgRecv.En: 0.
2019/05/13 10:07:46.227200 git.huoys.com/qp/common/hall_message_s.GameUpdate 157 Info: game update msgRecv.En: 0.
2019/05/13 10:07:51.217200 git.huoys.com/qp/common/hall_message_s.GameUpdate 157 Info: game update msgRecv.En: 0.
2019/05/13 10:07:56.228200 git.huoys.com/qp/common/hall_message_s.GameUpdate 157 Info: game update msgRecv.En: 0.
2019/05/13 10:08:01.227200 git.huoys.com/qp/common/hall_message_s.GameUpdate 157 Info: game update msgRecv.En: 0.
2019/05/13 10:08:06.217200 git.huoys.com/qp/common/hall_message_s.GameUpdate 157 Info: game update msgRecv.En: 0.
2019/05/13 10:08:11.226200 git.huoys.com/qp/common/hall_message_s.GameUpdate 157 Info: game update msgRecv.En: 0.
2019/05/13 10:08:16.224200 git.huoys.com/qp/common/hall_message_s.GameUpdate 157 Info: game update msgRecv.En: 0.
2019/05/13 10:08:21.232200 git.huoys.com/qp/common/hall_message_s.GameUpdate 157 Info: game update msgRecv.En: 0.
2019/05/13 10:08:26.223200 git.huoys.com/qp/common/hall_message_s.GameUpdate 157 Info: game update msgRecv.En: 0.
2019/05/13 10:08:31.229200 git.huoys.com/qp/common/hall_message_s.GameUpdate 157 Info: game update msgRecv.En: 0.
2019/05/13 10:08:36.227200 git.huoys.com/qp/common/hall_message_s.GameUpdate 157 Info: game update msgRecv.En: 0.
2019/05/13 10:08:41.228200 git.huoys.com/qp/common/hall_message_s.GameUpdate 157 Info: game update msgRecv.En: 0.
2019/05/13 10:08:46.216200 git.huoys.com/qp/common/hall_message_s.GameUpdate 157 Info: game update msgRecv.En: 0.
2019/05/13 10:08:51.222200 git.huoys.com/qp/common/hall_message_s.GameUpdate 157 Info: game update msgRecv.En: 0.
2019/05/13 10:08:56.221200 git.huoys.com/qp/common/hall_message_s.GameUpdate 157 Info: game update msgRecv.En: 0.
2019/05/13 10:09:01.222200 git.huoys.com/qp/common/hall_message_s.GameUpdate 157 Info: game update msgRecv.En: 0.
2019/05/13 10:09:06.227200 git.huoys.com/qp/common/hall_message_s.GameUpdate 157 Info: game update msgRecv.En: 0.
2019/05/13 10:09:11.222200 git.huoys.com/qp/common/hall_message_s.GameUpdate 157 Info: game update msgRecv.En: 0.
2019/05/13 10:09:16.224200 git.huoys.com/qp/common/hall_message_s.GameUpdate 157 Info: game update msgRecv.En: 0.
2019/05/13 10:09:21.219200 git.huoys.com/qp/common/hall_message_s.GameUpdate 157 Info: game update msgRecv.En: 0.
2019/05/13 10:09:26.223200 git.huoys.com/qp/common/hall_message_s.GameUpdate 157 Info: game update msgRecv.En: 0.
2019/05/13 10:09:31.231200 git.huoys.com/qp/common/hall_message_s.GameUpdate 157 Info: game update msgRecv.En: 0.
2019/05/13 10:09:36.224200 git.huoys.com/qp/common/hall_message_s.GameUpdate 157 Info: game update msgRecv.En: 0.
2019/05/13 10:09:41.219200 git.huoys.com/qp/common/hall_message_s.GameUpdate 157 Info: game update msgRecv.En: 0.
2019/05/13 10:09:46.221200 git.huoys.com/qp/common/hall_message_s.GameUpdate 157 Info: game update msgRecv.En: 0.
2019/05/13 10:09:51.230200 git.huoys.com/qp/common/hall_message_s.GameUpdate 157 Info: game update msgRecv.En: 0.
2019/05/13 10:09:56.231200 git.huoys.com/qp/common/hall_message_s.GameUpdate 157 Info: game update msgRecv.En: 0.
2019/05/13 10:10:01.220200 git.huoys.com/qp/common/hall_message_s.GameUpdate 157 Info: game update msgRecv.En: 0.
2019/05/13 10:10:06.226200 git.huoys.com/qp/common/hall_message_s.GameUpdate 157 Info: game update msgRecv.En: 0.
2019/05/13 10:10:11.223200 git.huoys.com/qp/common/hall_message_s.GameUpdate 157 Info: game update msgRecv.En: 0.
2019/05/13 10:10:16.216200 git.huoys.com/qp/common/hall_message_s.GameUpdate 157 Info: game update msgRecv.En: 0.
2019/05/13 10:10:21.222200 git.huoys.com/qp/common/hall_message_s.GameUpdate 157 Info: game update msgRecv.En: 0.
2019/05/13 10:10:26.217200 git.huoys.com/qp/common/hall_message_s.GameUpdate 157 Info: game update msgRecv.En: 0.
2019/05/13 10:10:31.217200 git.huoys.com/qp/common/hall_message_s.GameUpdate 157 Info: game update msgRecv.En: 0.
2019/05/13 10:10:36.219200 git.huoys.com/qp/common/hall_message_s.GameUpdate 157 Info: game update msgRecv.En: 0.
2019/05/13 10:10:41.216200 git.huoys.com/qp/common/hall_message_s.GameUpdate 157 Info: game update msgRecv.En: 0.
2019/05/13 10:10:46.223200 git.huoys.com/qp/common/hall_message_s.GameUpdate 157 Info: game update msgRecv.En: 0.
2019/05/13 10:10:51.216200 git.huoys.com/qp/common/hall_message_s.GameUpdate 157 Info: game update msgRecv.En: 0.
2019/05/13 10:10:56.225200 git.huoys.com/qp/common/hall_message_s.GameUpdate 157 Info: game update msgRecv.En: 0.
2019/05/13 10:11:01.219200 git.huoys.com/qp/common/hall_message_s.GameUpdate 157 Info: game update msgRecv.En: 0.
2019/05/13 10:11:06.227200 git.huoys.com/qp/common/hall_message_s.GameUpdate 157 Info: game update msgRecv.En: 0.
2019/05/13 10:11:11.223200 git.huoys.com/qp/common/hall_message_s.GameUpdate 157 Info: game update msgRecv.En: 0.
2019/05/13 10:11:16.218200 git.huoys.com/qp/common/hall_message_s.GameUpdate 157 Info: game update msgRecv.En: 0.
2019/05/13 10:11:21.219200 git.huoys.com/qp/common/hall_message_s.GameUpdate 157 Info: game update msgRecv.En: 0.
2019/05/13 10:11:26.232200 git.huoys.com/qp/common/hall_message_s.GameUpdate 157 Info: game update msgRecv.En: 0.
2019/05/13 10:11:31.230200 git.huoys.com/qp/common/hall_message_s.GameUpdate 157 Info: game update msgRecv.En: 0.
2019/05/13 10:11:36.220200 git.huoys.com/qp/common/hall_message_s.GameUpdate 157 Info: game update msgRecv.En: 0.
2019/05/13 10:11:41.227200 git.huoys.com/qp/common/hall_message_s.GameUpdate 157 Info: game update msgRecv.En: 0.
2019/05/13 10:11:46.226200 git.huoys.com/qp/common/hall_message_s.GameUpdate 157 Info: game update msgRecv.En: 0.
2019/05/13 10:11:51.221200 git.huoys.com/qp/common/hall_message_s.GameUpdate 157 Info: game update msgRecv.En: 0.
2019/05/13 10:11:56.234200 git.huoys.com/qp/common/hall_message_s.GameUpdate 157 Info: game update msgRecv.En: 0.
2019/05/13 10:12:01.224200 git.huoys.com/qp/common/hall_message_s.GameUpdate 157 Info: game update msgRecv.En: 0.
2019/05/13 10:12:06.231200 git.huoys.com/qp/common/hall_message_s.GameUpdate 157 Info: game update msgRecv.En: 0.
2019/05/13 10:12:11.227200 git.huoys.com/qp/common/hall_message_s.GameUpdate 157 Info: game update msgRecv.En: 0.
2019/05/13 10:12:16.250200 git.huoys.com/qp/common/hall_message_s.GameUpdate 157 Info: game update msgRecv.En: 0.
2019/05/13 10:12:21.253200 git.huoys.com/qp/common/hall_message_s.GameUpdate 157 Info: game update msgRecv.En: 0.
2019/05/13 10:12:26.246200 git.huoys.com/qp/common/hall_message_s.GameUpdate 157 Info: game update msgRecv.En: 0.
2019/05/13 10:12:31.253200 git.huoys.com/qp/common/hall_message_s.GameUpdate 157 Info: game update msgRecv.En: 0.
2019/05/13 10:12:36.245200 git.huoys.com/qp/common/hall_message_s.GameUpdate 157 Info: game update msgRecv.En: 0.
2019/05/13 10:12:41.248200 git.huoys.com/qp/common/hall_message_s.GameUpdate 157 Info: game update msgRecv.En: 0.
2019/05/13 10:12:46.245200 git.huoys.com/qp/common/hall_message_s.GameUpdate 157 Info: game update msgRecv.En: 0.
2019/05/13 10:12:51.246200 git.huoys.com/qp/common/hall_message_s.GameUpdate 157 Info: game update msgRecv.En: 0.
2019/05/13 10:12:56.247200 git.huoys.com/qp/common/hall_message_s.GameUpdate 157 Info: game update msgRecv.En: 0.
2019/05/13 10:13:01.250200 git.huoys.com/qp/common/hall_message_s.GameUpdate 157 Info: game update msgRecv.En: 0.
2019/05/13 10:13:06.245200 git.huoys.com/qp/common/hall_message_s.GameUpdate 157 Info: game update msgRecv.En: 0.
2019/05/13 10:13:11.240200 git.huoys.com/qp/common/hall_message_s.GameUpdate 157 Info: game update msgRecv.En: 0.
2019/05/13 10:13:16.248200 git.huoys.com/qp/common/hall_message_s.GameUpdate 157 Info: game update msgRecv.En: 0.
2019/05/13 10:13:21.240200 git.huoys.com/qp/common/hall_message_s.GameUpdate 157 Info: game update msgRecv.En: 0.
2019/05/13 10:13:26.249200 git.huoys.com/qp/common/hall_message_s.GameUpdate 157 Info: game update msgRecv.En: 0.
2019/05/13 10:13:31.243200 git.huoys.com/qp/common/hall_message_s.GameUpdate 157 Info: game update msgRecv.En: 0.
2019/05/13 10:13:36.248200 git.huoys.com/qp/common/hall_message_s.GameUpdate 157 Info: game update msgRecv.En: 0.
2019/05/13 10:13:41.245200 git.huoys.com/qp/common/hall_message_s.GameUpdate 157 Info: game update msgRecv.En: 0.
2019/05/13 10:13:46.244200 git.huoys.com/qp/common/hall_message_s.GameUpdate 157 Info: game update msgRecv.En: 0.
2019/05/13 10:13:51.249200 git.huoys.com/qp/common/hall_message_s.GameUpdate 157 Info: game update msgRecv.En: 0.
2019/05/13 10:13:56.255200 git.huoys.com/qp/common/hall_message_s.GameUpdate 157 Info: game update msgRecv.En: 0.
2019/05/13 10:14:01.243200 git.huoys.com/qp/common/hall_message_s.GameUpdate 157 Info: game update msgRecv.En: 0.
2019/05/13 10:14:06.245200 git.huoys.com/qp/common/hall_message_s.GameUpdate 157 Info: game update msgRecv.En: 0.
2019/05/13 10:14:11.248200 git.huoys.com/qp/common/hall_message_s.GameUpdate 157 Info: game update msgRecv.En: 0.
2019/05/13 10:14:16.244200 git.huoys.com/qp/common/hall_message_s.GameUpdate 157 Info: game update msgRecv.En: 0.
2019/05/13 10:14:21.252200 git.huoys.com/qp/common/hall_message_s.GameUpdate 157 Info: game update msgRecv.En: 0.
2019/05/13 10:14:26.252200 git.huoys.com/qp/common/hall_message_s.GameUpdate 157 Info: game update msgRecv.En: 0.
2019/05/13 10:14:31.240200 git.huoys.com/qp/common/hall_message_s.GameUpdate 157 Info: game update msgRecv.En: 0.
2019/05/13 10:14:36.248200 git.huoys.com/qp/common/hall_message_s.GameUpdate 157 Info: game update msgRecv.En: 0.
2019/05/13 10:14:41.242200 git.huoys.com/qp/common/hall_message_s.GameUpdate 157 Info: game update msgRecv.En: 0.
2019/05/13 10:14:46.248200 git.huoys.com/qp/common/hall_message_s.GameUpdate 157 Info: game update msgRecv.En: 0.
2019/05/13 10:14:51.242200 git.huoys.com/qp/common/hall_message_s.GameUpdate 157 Info: game update msgRecv.En: 0.
2019/05/13 10:14:56.248200 git.huoys.com/qp/common/hall_message_s.GameUpdate 157 Info: game update msgRecv.En: 0.
2019/05/13 10:15:01.249200 git.huoys.com/qp/common/hall_message_s.GameUpdate 157 Info: game update msgRecv.En: 0.
2019/05/13 10:15:06.248200 git.huoys.com/qp/common/hall_message_s.GameUpdate 157 Info: game update msgRecv.En: 0.
2019/05/13 10:15:11.251200 git.huoys.com/qp/common/hall_message_s.GameUpdate 157 Info: game update msgRecv.En: 0.
2019/05/13 10:15:16.246200 git.huoys.com/qp/common/hall_message_s.GameUpdate 157 Info: game update msgRecv.En: 0.
2019/05/13 10:15:21.249200 git.huoys.com/qp/common/hall_message_s.GameUpdate 157 Info: game update msgRecv.En: 0.
2019/05/13 10:15:26.240200 git.huoys.com/qp/common/hall_message_s.GameUpdate 157 Info: game update msgRecv.En: 0.
2019/05/13 10:15:31.245200 git.huoys.com/qp/common/hall_message_s.GameUpdate 157 Info: game update msgRecv.En: 0.
2019/05/13 10:15:36.251200 git.huoys.com/qp/common/hall_message_s.GameUpdate 157 Info: game update msgRecv.En: 0.
2019/05/13 10:15:41.241200 git.huoys.com/qp/common/hall_message_s.GameUpdate 157 Info: game update msgRecv.En: 0.
2019/05/13 10:15:46.255200 git.huoys.com/qp/common/hall_message_s.GameUpdate 157 Info: game update msgRecv.En: 0.
2019/05/13 10:15:51.246200 git.huoys.com/qp/common/hall_message_s.GameUpdate 157 Info: game update msgRecv.En: 0.
2019/05/13 10:15:56.249200 git.huoys.com/qp/common/hall_message_s.GameUpdate 157 Info: game update msgRecv.En: 0.
2019/05/13 10:16:01.251200 git.huoys.com/qp/common/hall_message_s.GameUpdate 157 Info: game update msgRecv.En: 0.
2019/05/13 10:16:06.254200 git.huoys.com/qp/common/hall_message_s.GameUpdate 157 Info: game update msgRecv.En: 0.
2019/05/13 10:16:11.249200 git.huoys.com/qp/common/hall_message_s.GameUpdate 157 Info: game update msgRecv.En: 0.
2019/05/13 10:16:16.252200 git.huoys.com/qp/common/hall_message_s.GameUpdate 157 Info: game update msgRecv.En: 0.
2019/05/13 10:16:21.251200 git.huoys.com/qp/common/hall_message_s.GameUpdate 157 Info: game update msgRecv.En: 0.
2019/05/13 10:16:26.252200 git.huoys.com/qp/common/hall_message_s.GameUpdate 157 Info: game update msgRecv.En: 0.
2019/05/13 10:16:31.250200 git.huoys.com/qp/common/hall_message_s.GameUpdate 157 Info: game update msgRecv.En: 0.
2019/05/13 10:16:36.253200 git.huoys.com/qp/common/hall_message_s.GameUpdate 157 Info: game update msgRecv.En: 0.
2019/05/13 10:16:41.254200 git.huoys.com/qp/common/hall_message_s.GameUpdate 157 Info: game update msgRecv.En: 0.
2019/05/13 10:16:46.242200 git.huoys.com/qp/common/hall_message_s.GameUpdate 157 Info: game update msgRecv.En: 0.
2019/05/13 10:16:51.246200 git.huoys.com/qp/common/hall_message_s.GameUpdate 157 Info: game update msgRecv.En: 0.
2019/05/13 10:16:56.241200 git.huoys.com/qp/common/hall_message_s.GameUpdate 157 Info: game update msgRecv.En: 0.
2019/05/13 10:17:01.252200 git.huoys.com/qp/common/hall_message_s.GameUpdate 157 Info: game update msgRecv.En: 0.
2019/05/13 10:17:06.253200 git.huoys.com/qp/common/hall_message_s.GameUpdate 157 Info: game update msgRecv.En: 0.
2019/05/13 10:17:11.251200 git.huoys.com/qp/common/hall_message_s.GameUpdate 157 Info: game update msgRecv.En: 0.
2019/05/13 10:17:16.249200 git.huoys.com/qp/common/hall_message_s.GameUpdate 157 Info: game update msgRecv.En: 0.
2019/05/13 10:17:21.251200 git.huoys.com/qp/common/hall_message_s.GameUpdate 157 Info: game update msgRecv.En: 0.
2019/05/13 10:17:26.253200 git.huoys.com/qp/common/hall_message_s.GameUpdate 157 Info: game update msgRecv.En: 0.
2019/05/13 10:17:31.247200 git.huoys.com/qp/common/hall_message_s.GameUpdate 157 Info: game update msgRecv.En: 0.
2019/05/13 10:17:36.250200 git.huoys.com/qp/common/hall_message_s.GameUpdate 157 Info: game update msgRecv.En: 0.
2019/05/13 10:17:41.250200 git.huoys.com/qp/common/hall_message_s.GameUpdate 157 Info: game update msgRecv.En: 0.
2019/05/13 10:17:46.250200 git.huoys.com/qp/common/hall_message_s.GameUpdate 157 Info: game update msgRecv.En: 0.
2019/05/13 10:17:51.253200 git.huoys.com/qp/common/hall_message_s.GameUpdate 157 Info: game update msgRecv.En: 0.
2019/05/13 10:17:56.243200 git.huoys.com/qp/common/hall_message_s.GameUpdate 157 Info: game update msgRecv.En: 0.
2019/05/13 10:18:01.248200 git.huoys.com/qp/common/hall_message_s.GameUpdate 157 Info: game update msgRecv.En: 0.
2019/05/13 10:18:06.250200 git.huoys.com/qp/common/hall_message_s.GameUpdate 157 Info: game update msgRecv.En: 0.
2019/05/13 10:18:11.252200 git.huoys.com/qp/common/hall_message_s.GameUpdate 157 Info: game update msgRecv.En: 0.
2019/05/13 10:18:16.252200 git.huoys.com/qp/common/hall_message_s.GameUpdate 157 Info: game update msgRecv.En: 0.
2019/05/13 10:18:21.249200 git.huoys.com/qp/common/hall_message_s.GameUpdate 157 Info: game update msgRecv.En: 0.
2019/05/13 10:18:26.250200 git.huoys.com/qp/common/hall_message_s.GameUpdate 157 Info: game update msgRecv.En: 0.
2019/05/13 10:18:31.250200 git.huoys.com/qp/common/hall_message_s.GameUpdate 157 Info: game update msgRecv.En: 0.
2019/05/13 10:18:36.247200 git.huoys.com/qp/common/hall_message_s.GameUpdate 157 Info: game update msgRecv.En: 0.
2019/05/13 10:18:41.246200 git.huoys.com/qp/common/hall_message_s.GameUpdate 157 Info: game update msgRecv.En: 0.
2019/05/13 10:18:46.248200 git.huoys.com/qp/common/hall_message_s.GameUpdate 157 Info: game update msgRecv.En: 0.
2019/05/13 10:18:51.254200 git.huoys.com/qp/common/hall_message_s.GameUpdate 157 Info: game update msgRecv.En: 0.
2019/05/13 10:18:56.249200 git.huoys.com/qp/common/hall_message_s.GameUpdate 157 Info: game update msgRecv.En: 0.
2019/05/13 10:19:01.263200 git.huoys.com/qp/common/hall_message_s.GameUpdate 157 Info: game update msgRecv.En: 0.
2019/05/13 10:19:06.250200 git.huoys.com/qp/common/hall_message_s.GameUpdate 157 Info: game update msgRecv.En: 0.
2019/05/13 10:19:11.250200 git.huoys.com/qp/common/hall_message_s.GameUpdate 157 Info: game update msgRecv.En: 0.
2019/05/13 10:19:16.248200 git.huoys.com/qp/common/hall_message_s.GameUpdate 157 Info: game update msgRecv.En: 0.
2019/05/13 10:19:21.253200 git.huoys.com/qp/common/hall_message_s.GameUpdate 157 Info: game update msgRecv.En: 0.
2019/05/13 10:19:26.251200 git.huoys.com/qp/common/hall_message_s.GameUpdate 157 Info: game update msgRecv.En: 0.
2019/05/13 10:19:31.254200 git.huoys.com/qp/common/hall_message_s.GameUpdate 157 Info: game update msgRecv.En: 0.
2019/05/13 10:19:36.249200 git.huoys.com/qp/common/hall_message_s.GameUpdate 157 Info: game update msgRecv.En: 0.
2019/05/13 10:19:41.253200 git.huoys.com/qp/common/hall_message_s.GameUpdate 157 Info: game update msgRecv.En: 0.
2019/05/13 10:19:46.250200 git.huoys.com/qp/common/hall_message_s.GameUpdate 157 Info: game update msgRecv.En: 0.
2019/05/13 10:19:51.255200 git.huoys.com/qp/common/hall_message_s.GameUpdate 157 Info: game update msgRecv.En: 0.
2019/05/13 10:19:56.241200 git.huoys.com/qp/common/hall_message_s.GameUpdate 157 Info: game update msgRecv.En: 0.
2019/05/13 10:20:01.256200 git.huoys.com/qp/common/hall_message_s.GameUpdate 157 Info: game update msgRecv.En: 0.
2019/05/13 10:20:06.254200 git.huoys.com/qp/common/hall_message_s.GameUpdate 157 Info: game update msgRecv.En: 0.
2019/05/13 10:20:11.255200 git.huoys.com/qp/common/hall_message_s.GameUpdate 157 Info: game update msgRecv.En: 0.
2019/05/13 10:20:16.256200 git.huoys.com/qp/common/hall_message_s.GameUpdate 157 Info: game update msgRecv.En: 0.
2019/05/13 10:20:21.253200 git.huoys.com/qp/common/hall_message_s.GameUpdate 157 Info: game update msgRecv.En: 0.
2019/05/13 10:20:26.253200 git.huoys.com/qp/common/hall_message_s.GameUpdate 157 Info: game update msgRecv.En: 0.
2019/05/13 10:20:31.247200 git.huoys.com/qp/common/hall_message_s.GameUpdate 157 Info: game update msgRecv.En: 0.
2019/05/13 10:20:36.245200 git.huoys.com/qp/common/hall_message_s.GameUpdate 157 Info: game update msgRecv.En: 0.
2019/05/13 10:20:41.244200 git.huoys.com/qp/common/hall_message_s.GameUpdate 157 Info: game update msgRecv.En: 0.
2019/05/13 10:20:46.245200 git.huoys.com/qp/common/hall_message_s.GameUpdate 157 Info: game update msgRecv.En: 0.
2019/05/13 10:20:51.255200 git.huoys.com/qp/common/hall_message_s.GameUpdate 157 Info: game update msgRecv.En: 0.
2019/05/13 10:20:56.251200 git.huoys.com/qp/common/hall_message_s.GameUpdate 157 Info: game update msgRecv.En: 0.
2019/05/13 10:21:01.252200 git.huoys.com/qp/common/hall_message_s.GameUpdate 157 Info: game update msgRecv.En: 0.
2019/05/13 10:21:06.248200 git.huoys.com/qp/common/hall_message_s.GameUpdate 157 Info: game update msgRecv.En: 0.
2019/05/13 10:21:11.246200 git.huoys.com/qp/common/hall_message_s.GameUpdate 157 Info: game update msgRecv.En: 0.
2019/05/13 10:21:16.254200 git.huoys.com/qp/common/hall_message_s.GameUpdate 157 Info: game update msgRecv.En: 0.
2019/05/13 10:21:21.249200 git.huoys.com/qp/common/hall_message_s.GameUpdate 157 Info: game update msgRecv.En: 0.
2019/05/13 10:21:26.243200 git.huoys.com/qp/common/hall_message_s.GameUpdate 157 Info: game update msgRecv.En: 0.
2019/05/13 10:21:31.254200 git.huoys.com/qp/common/hall_message_s.GameUpdate 157 Info: game update msgRecv.En: 0.
2019/05/13 10:21:36.255200 git.huoys.com/qp/common/hall_message_s.GameUpdate 157 Info: game update msgRecv.En: 0.
2019/05/13 10:21:41.251200 git.huoys.com/qp/common/hall_message_s.GameUpdate 157 Info: game update msgRecv.En: 0.
2019/05/13 10:21:46.250200 git.huoys.com/qp/common/hall_message_s.GameUpdate 157 Info: game update msgRecv.En: 0.
2019/05/13 10:21:51.251200 git.huoys.com/qp/common/hall_message_s.GameUpdate 157 Info: game update msgRecv.En: 0.
2019/05/13 10:21:56.244200 git.huoys.com/qp/common/hall_message_s.GameUpdate 157 Info: game update msgRecv.En: 0.
2019/05/13 10:22:01.249200 git.huoys.com/qp/common/hall_message_s.GameUpdate 157 Info: game update msgRecv.En: 0.
2019/05/13 10:22:06.250200 git.huoys.com/qp/common/hall_message_s.GameUpdate 157 Info: game update msgRecv.En: 0.
2019/05/13 10:22:11.253200 git.huoys.com/qp/common/hall_message_s.GameUpdate 157 Info: game update msgRecv.En: 0.
2019/05/13 10:22:16.255200 git.huoys.com/qp/common/hall_message_s.GameUpdate 157 Info: game update msgRecv.En: 0.
2019/05/13 10:22:21.255200 git.huoys.com/qp/common/hall_message_s.GameUpdate 157 Info: game update msgRecv.En: 0.
2019/05/13 10:22:26.248200 git.huoys.com/qp/common/hall_message_s.GameUpdate 157 Info: game update msgRecv.En: 0.
2019/05/13 10:22:31.257200 git.huoys.com/qp/common/hall_message_s.GameUpdate 157 Info: game update msgRecv.En: 0.
2019/05/13 10:22:36.245200 git.huoys.com/qp/common/hall_message_s.GameUpdate 157 Info: game update msgRecv.En: 0.
2019/05/13 10:22:41.255200 git.huoys.com/qp/common/hall_message_s.GameUpdate 157 Info: game update msgRecv.En: 0.
2019/05/13 10:22:46.249200 git.huoys.com/qp/common/hall_message_s.GameUpdate 157 Info: game update msgRecv.En: 0.
2019/05/13 10:22:51.251200 git.huoys.com/qp/common/hall_message_s.GameUpdate 157 Info: game update msgRecv.En: 0.
2019/05/13 10:22:56.249200 git.huoys.com/qp/common/hall_message_s.GameUpdate 157 Info: game update msgRecv.En: 0.
2019/05/13 10:23:01.249200 git.huoys.com/qp/common/hall_message_s.GameUpdate 157 Info: game update msgRecv.En: 0.
2019/05/13 10:23:06.247200 git.huoys.com/qp/common/hall_message_s.GameUpdate 157 Info: game update msgRecv.En: 0.
2019/05/13 10:23:11.247200 git.huoys.com/qp/common/hall_message_s.GameUpdate 157 Info: game update msgRecv.En: 0.
2019/05/13 10:23:16.248200 git.huoys.com/qp/common/hall_message_s.GameUpdate 157 Info: game update msgRecv.En: 0.
2019/05/13 10:23:21.250200 git.huoys.com/qp/common/hall_message_s.GameUpdate 157 Info: game update msgRecv.En: 0.
2019/05/13 10:23:26.247200 git.huoys.com/qp/common/hall_message_s.GameUpdate 157 Info: game update msgRecv.En: 0.
2019/05/13 10:23:31.257200 git.huoys.com/qp/common/hall_message_s.GameUpdate 157 Info: game update msgRecv.En: 0.
2019/05/13 10:23:36.252200 git.huoys.com/qp/common/hall_message_s.GameUpdate 157 Info: game update msgRecv.En: 0.
2019/05/13 10:23:41.250200 git.huoys.com/qp/common/hall_message_s.GameUpdate 157 Info: game update msgRecv.En: 0.
2019/05/13 10:23:46.252200 git.huoys.com/qp/common/hall_message_s.GameUpdate 157 Info: game update msgRecv.En: 0.
2019/05/13 10:23:51.255200 git.huoys.com/qp/common/hall_message_s.GameUpdate 157 Info: game update msgRecv.En: 0.
2019/05/13 10:23:56.249200 git.huoys.com/qp/common/hall_message_s.GameUpdate 157 Info: game update msgRecv.En: 0.
2019/05/13 10:24:01.250200 git.huoys.com/qp/common/hall_message_s.GameUpdate 157 Info: game update msgRecv.En: 0.
2019/05/13 10:24:06.251200 git.huoys.com/qp/common/hall_message_s.GameUpdate 157 Info: game update msgRecv.En: 0.
2019/05/13 10:24:11.263200 git.huoys.com/qp/common/hall_message_s.GameUpdate 157 Info: game update msgRecv.En: 0.
2019/05/13 10:24:16.256200 git.huoys.com/qp/common/hall_message_s.GameUpdate 157 Info: game update msgRecv.En: 0.
2019/05/13 10:24:21.257200 git.huoys.com/qp/common/hall_message_s.GameUpdate 157 Info: game update msgRecv.En: 0.
2019/05/13 10:24:26.245200 git.huoys.com/qp/common/hall_message_s.GameUpdate 157 Info: game update msgRecv.En: 0.
2019/05/13 10:24:31.249200 git.huoys.com/qp/common/hall_message_s.GameUpdate 157 Info: game update msgRecv.En: 0.
2019/05/13 10:24:36.254200 git.huoys.com/qp/common/hall_message_s.GameUpdate 157 Info: game update msgRecv.En: 0.
2019/05/13 10:24:41.251200 git.huoys.com/qp/common/hall_message_s.GameUpdate 157 Info: game update msgRecv.En: 0.
2019/05/13 10:24:46.257200 git.huoys.com/qp/common/hall_message_s.GameUpdate 157 Info: game update msgRecv.En: 0.
2019/05/13 10:24:51.250200 git.huoys.com/qp/common/hall_message_s.GameUpdate 157 Info: game update msgRecv.En: 0.
2019/05/13 10:24:56.250200 git.huoys.com/qp/common/hall_message_s.GameUpdate 157 Info: game update msgRecv.En: 0.
2019/05/13 10:25:01.257200 git.huoys.com/qp/common/hall_message_s.GameUpdate 157 Info: game update msgRecv.En: 0.
2019/05/13 10:25:06.250200 git.huoys.com/qp/common/hall_message_s.GameUpdate 157 Info: game update msgRecv.En: 0.
2019/05/13 10:25:11.243200 git.huoys.com/qp/common/hall_message_s.GameUpdate 157 Info: game update msgRecv.En: 0.
2019/05/13 10:25:16.250200 git.huoys.com/qp/common/hall_message_s.GameUpdate 157 Info: game update msgRecv.En: 0.
2019/05/13 10:25:21.247200 git.huoys.com/qp/common/hall_message_s.GameUpdate 157 Info: game update msgRecv.En: 0.
2019/05/13 10:25:26.251200 git.huoys.com/qp/common/hall_message_s.GameUpdate 157 Info: game update msgRecv.En: 0.
2019/05/13 10:25:31.253200 git.huoys.com/qp/common/hall_message_s.GameUpdate 157 Info: game update msgRecv.En: 0.
2019/05/13 10:25:36.251200 git.huoys.com/qp/common/hall_message_s.GameUpdate 157 Info: game update msgRecv.En: 0.
2019/05/13 10:25:41.256200 git.huoys.com/qp/common/hall_message_s.GameUpdate 157 Info: game update msgRecv.En: 0.
2019/05/13 10:25:46.253200 git.huoys.com/qp/common/hall_message_s.GameUpdate 157 Info: game update msgRecv.En: 0.
2019/05/13 10:25:51.249200 git.huoys.com/qp/common/hall_message_s.GameUpdate 157 Info: game update msgRecv.En: 0.
2019/05/13 10:25:56.245200 git.huoys.com/qp/common/hall_message_s.GameUpdate 157 Info: game update msgRecv.En: 0.
2019/05/13 10:26:01.251200 git.huoys.com/qp/common/hall_message_s.GameUpdate 157 Info: game update msgRecv.En: 0.
2019/05/13 10:26:06.247200 git.huoys.com/qp/common/hall_message_s.GameUpdate 157 Info: game update msgRecv.En: 0.
2019/05/13 10:26:11.244200 git.huoys.com/qp/common/hall_message_s.GameUpdate 157 Info: game update msgRecv.En: 0.
2019/05/13 10:26:16.249200 git.huoys.com/qp/common/hall_message_s.GameUpdate 157 Info: game update msgRecv.En: 0.
2019/05/13 10:26:21.258200 git.huoys.com/qp/common/hall_message_s.GameUpdate 157 Info: game update msgRecv.En: 0.
2019/05/13 10:26:26.252200 git.huoys.com/qp/common/hall_message_s.GameUpdate 157 Info: game update msgRecv.En: 0.
2019/05/13 10:26:31.246200 git.huoys.com/qp/common/hall_message_s.GameUpdate 157 Info: game update msgRecv.En: 0.
2019/05/13 10:26:36.248200 git.huoys.com/qp/common/hall_message_s.GameUpdate 157 Info: game update msgRecv.En: 0.
2019/05/13 10:26:41.248200 git.huoys.com/qp/common/hall_message_s.GameUpdate 157 Info: game update msgRecv.En: 0.
2019/05/13 10:26:46.246200 git.huoys.com/qp/common/hall_message_s.GameUpdate 157 Info: game update msgRecv.En: 0.
2019/05/13 10:26:51.257200 git.huoys.com/qp/common/hall_message_s.GameUpdate 157 Info: game update msgRecv.En: 0.
2019/05/13 10:26:56.250200 git.huoys.com/qp/common/hall_message_s.GameUpdate 157 Info: game update msgRecv.En: 0.
2019/05/13 10:27:01.250200 git.huoys.com/qp/common/hall_message_s.GameUpdate 157 Info: game update msgRecv.En: 0.
2019/05/13 10:27:06.250200 git.huoys.com/qp/common/hall_message_s.GameUpdate 157 Info: game update msgRecv.En: 0.
2019/05/13 10:27:11.247200 git.huoys.com/qp/common/hall_message_s.GameUpdate 157 Info: game update msgRecv.En: 0.
2019/05/13 10:27:16.252200 git.huoys.com/qp/common/hall_message_s.GameUpdate 157 Info: game update msgRecv.En: 0.
2019/05/13 10:27:21.247200 git.huoys.com/qp/common/hall_message_s.GameUpdate 157 Info: game update msgRecv.En: 0.
2019/05/13 10:27:26.250200 git.huoys.com/qp/common/hall_message_s.GameUpdate 157 Info: game update msgRecv.En: 0.
2019/05/13 10:27:31.248200 git.huoys.com/qp/common/hall_message_s.GameUpdate 157 Info: game update msgRecv.En: 0.
2019/05/13 10:27:36.251200 git.huoys.com/qp/common/hall_message_s.GameUpdate 157 Info: game update msgRecv.En: 0.
2019/05/13 10:27:41.253200 git.huoys.com/qp/common/hall_message_s.GameUpdate 157 Info: game update msgRecv.En: 0.
2019/05/13 10:27:46.251200 git.huoys.com/qp/common/hall_message_s.GameUpdate 157 Info: game update msgRecv.En: 0.
2019/05/13 10:27:51.248200 git.huoys.com/qp/common/hall_message_s.GameUpdate 157 Info: game update msgRecv.En: 0.
2019/05/13 10:27:56.253200 git.huoys.com/qp/common/hall_message_s.GameUpdate 157 Info: game update msgRecv.En: 0.
2019/05/13 10:28:01.248200 git.huoys.com/qp/common/hall_message_s.GameUpdate 157 Info: game update msgRecv.En: 0.
2019/05/13 10:28:06.247200 git.huoys.com/qp/common/hall_message_s.GameUpdate 157 Info: game update msgRecv.En: 0.
2019/05/13 10:28:11.248200 git.huoys.com/qp/common/hall_message_s.GameUpdate 157 Info: game update msgRecv.En: 0.
2019/05/13 10:28:16.248200 git.huoys.com/qp/common/hall_message_s.GameUpdate 157 Info: game update msgRecv.En: 0.
2019/05/13 10:28:21.256200 git.huoys.com/qp/common/hall_message_s.GameUpdate 157 Info: game update msgRecv.En: 0.
2019/05/13 10:28:26.250200 git.huoys.com/qp/common/hall_message_s.GameUpdate 157 Info: game update msgRecv.En: 0.
2019/05/13 10:28:31.254200 git.huoys.com/qp/common/hall_message_s.GameUpdate 157 Info: game update msgRecv.En: 0.
2019/05/13 10:28:36.252200 git.huoys.com/qp/common/hall_message_s.GameUpdate 157 Info: game update msgRecv.En: 0.
2019/05/13 10:28:41.257200 git.huoys.com/qp/common/hall_message_s.GameUpdate 157 Info: game update msgRecv.En: 0.
2019/05/13 10:28:46.247200 git.huoys.com/qp/common/hall_message_s.GameUpdate 157 Info: game update msgRecv.En: 0.
2019/05/13 10:28:51.261200 git.huoys.com/qp/common/hall_message_s.GameUpdate 157 Info: game update msgRecv.En: 0.
2019/05/13 10:28:56.249200 git.huoys.com/qp/common/hall_message_s.GameUpdate 157 Info: game update msgRecv.En: 0.
2019/05/13 10:29:01.255200 git.huoys.com/qp/common/hall_message_s.GameUpdate 157 Info: game update msgRecv.En: 0.
2019/05/13 10:29:06.257200 git.huoys.com/qp/common/hall_message_s.GameUpdate 157 Info: game update msgRecv.En: 0.
2019/05/13 10:29:11.250200 git.huoys.com/qp/common/hall_message_s.GameUpdate 157 Info: game update msgRecv.En: 0.
2019/05/13 10:29:16.250200 git.huoys.com/qp/common/hall_message_s.GameUpdate 157 Info: game update msgRecv.En: 0.
2019/05/13 10:29:21.260200 git.huoys.com/qp/common/hall_message_s.GameUpdate 157 Info: game update msgRecv.En: 0.
2019/05/13 10:29:26.252200 git.huoys.com/qp/common/hall_message_s.GameUpdate 157 Info: game update msgRecv.En: 0.
2019/05/13 10:29:31.254200 git.huoys.com/qp/common/hall_message_s.GameUpdate 157 Info: game update msgRecv.En: 0.
2019/05/13 10:29:36.257200 git.huoys.com/qp/common/hall_message_s.GameUpdate 157 Info: game update msgRecv.En: 0.
2019/05/13 10:29:41.250200 git.huoys.com/qp/common/hall_message_s.GameUpdate 157 Info: game update msgRecv.En: 0.
2019/05/13 10:29:46.248200 git.huoys.com/qp/common/hall_message_s.GameUpdate 157 Info: game update msgRecv.En: 0.
2019/05/13 10:29:51.256200 git.huoys.com/qp/common/hall_message_s.GameUpdate 157 Info: game update msgRecv.En: 0.
2019/05/13 10:29:56.253200 git.huoys.com/qp/common/hall_message_s.GameUpdate 157 Info: game update msgRecv.En: 0.
2019/05/13 10:30:01.249200 git.huoys.com/qp/common/hall_message_s.GameUpdate 157 Info: game update msgRecv.En: 0.
2019/05/13 10:30:06.249200 git.huoys.com/qp/common/hall_message_s.GameUpdate 157 Info: game update msgRecv.En: 0.
2019/05/13 10:30:11.256200 git.huoys.com/qp/common/hall_message_s.GameUpdate 157 Info: game update msgRecv.En: 0.
2019/05/13 10:30:16.254200 git.huoys.com/qp/common/hall_message_s.GameUpdate 157 Info: game update msgRecv.En: 0.
2019/05/13 10:30:21.253200 git.huoys.com/qp/common/hall_message_s.GameUpdate 157 Info: game update msgRecv.En: 0.
2019/05/13 10:30:26.257200 git.huoys.com/qp/common/hall_message_s.GameUpdate 157 Info: game update msgRecv.En: 0.
2019/05/13 10:30:31.257200 git.huoys.com/qp/common/hall_message_s.GameUpdate 157 Info: game update msgRecv.En: 0.
2019/05/13 10:30:36.249200 git.huoys.com/qp/common/hall_message_s.GameUpdate 157 Info: game update msgRecv.En: 0.
2019/05/13 10:30:41.251200 git.huoys.com/qp/common/hall_message_s.GameUpdate 157 Info: game update msgRecv.En: 0.
2019/05/13 10:30:46.254200 git.huoys.com/qp/common/hall_message_s.GameUpdate 157 Info: game update msgRecv.En: 0.
2019/05/13 10:30:51.251200 git.huoys.com/qp/common/hall_message_s.GameUpdate 157 Info: game update msgRecv.En: 0.
2019/05/13 10:30:56.251200 git.huoys.com/qp/common/hall_message_s.GameUpdate 157 Info: game update msgRecv.En: 0.
2019/05/13 10:31:01.249200 git.huoys.com/qp/common/hall_message_s.GameUpdate 157 Info: game update msgRecv.En: 0.
2019/05/13 10:31:06.258200 git.huoys.com/qp/common/hall_message_s.GameUpdate 157 Info: game update msgRecv.En: 0.
2019/05/13 10:31:11.254200 git.huoys.com/qp/common/hall_message_s.GameUpdate 157 Info: game update msgRecv.En: 0.
2019/05/13 10:31:16.252200 git.huoys.com/qp/common/hall_message_s.GameUpdate 157 Info: game update msgRecv.En: 0.
2019/05/13 10:31:21.249200 git.huoys.com/qp/common/hall_message_s.GameUpdate 157 Info: game update msgRecv.En: 0.
2019/05/13 10:31:26.254200 git.huoys.com/qp/common/hall_message_s.GameUpdate 157 Info: game update msgRecv.En: 0.
2019/05/13 10:31:31.261200 git.huoys.com/qp/common/hall_message_s.GameUpdate 157 Info: game update msgRecv.En: 0.
2019/05/13 10:31:36.250200 git.huoys.com/qp/common/hall_message_s.GameUpdate 157 Info: game update msgRecv.En: 0.
2019/05/13 10:31:41.249200 git.huoys.com/qp/common/hall_message_s.GameUpdate 157 Info: game update msgRecv.En: 0.
2019/05/13 10:31:46.254200 git.huoys.com/qp/common/hall_message_s.GameUpdate 157 Info: game update msgRecv.En: 0.
2019/05/13 10:31:51.248200 git.huoys.com/qp/common/hall_message_s.GameUpdate 157 Info: game update msgRecv.En: 0.
2019/05/13 10:31:56.261200 git.huoys.com/qp/common/hall_message_s.GameUpdate 157 Info: game update msgRecv.En: 0.
2019/05/13 10:32:01.257200 git.huoys.com/qp/common/hall_message_s.GameUpdate 157 Info: game update msgRecv.En: 0.
2019/05/13 10:32:06.252200 git.huoys.com/qp/common/hall_message_s.GameUpdate 157 Info: game update msgRecv.En: 0.
2019/05/13 10:32:11.251200 git.huoys.com/qp/common/hall_message_s.GameUpdate 157 Info: game update msgRecv.En: 0.
2019/05/13 10:32:16.255200 git.huoys.com/qp/common/hall_message_s.GameUpdate 157 Info: game update msgRecv.En: 0.
2019/05/13 10:32:21.255200 git.huoys.com/qp/common/hall_message_s.GameUpdate 157 Info: game update msgRecv.En: 0.
2019/05/13 10:32:26.259200 git.huoys.com/qp/common/hall_message_s.GameUpdate 157 Info: game update msgRecv.En: 0.
2019/05/13 10:32:31.255200 git.huoys.com/qp/common/hall_message_s.GameUpdate 157 Info: game update msgRecv.En: 0.
2019/05/13 10:32:36.256200 git.huoys.com/qp/common/hall_message_s.GameUpdate 157 Info: game update msgRecv.En: 0.
2019/05/13 10:32:41.253200 git.huoys.com/qp/common/hall_message_s.GameUpdate 157 Info: game update msgRecv.En: 0.
2019/05/13 10:32:46.258200 git.huoys.com/qp/common/hall_message_s.GameUpdate 157 Info: game update msgRecv.En: 0.
2019/05/13 10:32:51.251200 git.huoys.com/qp/common/hall_message_s.GameUpdate 157 Info: game update msgRecv.En: 0.
2019/05/13 10:32:56.256200 git.huoys.com/qp/common/hall_message_s.GameUpdate 157 Info: game update msgRecv.En: 0.
2019/05/13 10:33:01.254200 git.huoys.com/qp/common/hall_message_s.GameUpdate 157 Info: game update msgRecv.En: 0.
2019/05/13 10:33:06.253200 git.huoys.com/qp/common/hall_message_s.GameUpdate 157 Info: game update msgRecv.En: 0.
2019/05/13 10:33:11.249200 git.huoys.com/qp/common/hall_message_s.GameUpdate 157 Info: game update msgRecv.En: 0.
2019/05/13 10:33:16.251200 git.huoys.com/qp/common/hall_message_s.GameUpdate 157 Info: game update msgRecv.En: 0.
2019/05/13 10:33:21.251200 git.huoys.com/qp/common/hall_message_s.GameUpdate 157 Info: game update msgRecv.En: 0.
2019/05/13 10:33:26.251200 git.huoys.com/qp/common/hall_message_s.GameUpdate 157 Info: game update msgRecv.En: 0.
2019/05/13 10:33:31.253200 git.huoys.com/qp/common/hall_message_s.GameUpdate 157 Info: game update msgRecv.En: 0.
2019/05/13 10:33:36.253200 git.huoys.com/qp/common/hall_message_s.GameUpdate 157 Info: game update msgRecv.En: 0.
2019/05/13 10:33:41.253200 git.huoys.com/qp/common/hall_message_s.GameUpdate 157 Info: game update msgRecv.En: 0.
2019/05/13 10:33:46.250200 git.huoys.com/qp/common/hall_message_s.GameUpdate 157 Info: game update msgRecv.En: 0.
2019/05/13 10:33:51.254200 git.huoys.com/qp/common/hall_message_s.GameUpdate 157 Info: game update msgRecv.En: 0.
2019/05/13 10:33:56.257200 git.huoys.com/qp/common/hall_message_s.GameUpdate 157 Info: game update msgRecv.En: 0.
2019/05/13 10:34:01.257200 git.huoys.com/qp/common/hall_message_s.GameUpdate 157 Info: game update msgRecv.En: 0.
2019/05/13 10:34:06.260200 git.huoys.com/qp/common/hall_message_s.GameUpdate 157 Info: game update msgRecv.En: 0.
2019/05/13 10:34:11.255200 git.huoys.com/qp/common/hall_message_s.GameUpdate 157 Info: game update msgRecv.En: 0.
2019/05/13 10:34:16.258200 git.huoys.com/qp/common/hall_message_s.GameUpdate 157 Info: game update msgRecv.En: 0.
2019/05/13 10:34:21.258200 git.huoys.com/qp/common/hall_message_s.GameUpdate 157 Info: game update msgRecv.En: 0.
2019/05/13 10:34:26.258200 git.huoys.com/qp/common/hall_message_s.GameUpdate 157 Info: game update msgRecv.En: 0.
2019/05/13 10:34:31.251200 git.huoys.com/qp/common/hall_message_s.GameUpdate 157 Info: game update msgRecv.En: 0.
2019/05/13 10:34:36.254200 git.huoys.com/qp/common/hall_message_s.GameUpdate 157 Info: game update msgRecv.En: 0.
2019/05/13 10:34:41.255200 git.huoys.com/qp/common/hall_message_s.GameUpdate 157 Info: game update msgRecv.En: 0.
2019/05/13 10:34:46.253200 git.huoys.com/qp/common/hall_message_s.GameUpdate 157 Info: game update msgRecv.En: 0.
2019/05/13 10:34:51.254200 git.huoys.com/qp/common/hall_message_s.GameUpdate 157 Info: game update msgRecv.En: 0.
2019/05/13 10:34:56.255200 git.huoys.com/qp/common/hall_message_s.GameUpdate 157 Info: game update msgRecv.En: 0.
2019/05/13 10:35:01.252200 git.huoys.com/qp/common/hall_message_s.GameUpdate 157 Info: game update msgRecv.En: 0.
2019/05/13 10:35:06.254200 git.huoys.com/qp/common/hall_message_s.GameUpdate 157 Info: game update msgRecv.En: 0.
2019/05/13 10:35:11.261200 git.huoys.com/qp/common/hall_message_s.GameUpdate 157 Info: game update msgRecv.En: 0.
2019/05/13 10:35:16.250200 git.huoys.com/qp/common/hall_message_s.GameUpdate 157 Info: game update msgRecv.En: 0.
2019/05/13 10:35:21.255200 git.huoys.com/qp/common/hall_message_s.GameUpdate 157 Info: game update msgRecv.En: 0.
2019/05/13 10:35:26.254200 git.huoys.com/qp/common/hall_message_s.GameUpdate 157 Info: game update msgRecv.En: 0.
2019/05/13 10:35:31.259200 git.huoys.com/qp/common/hall_message_s.GameUpdate 157 Info: game update msgRecv.En: 0.
2019/05/13 10:35:36.252200 git.huoys.com/qp/common/hall_message_s.GameUpdate 157 Info: game update msgRecv.En: 0.
2019/05/13 10:35:41.254200 git.huoys.com/qp/common/hall_message_s.GameUpdate 157 Info: game update msgRecv.En: 0.
2019/05/13 10:35:46.260200 git.huoys.com/qp/common/hall_message_s.GameUpdate 157 Info: game update msgRecv.En: 0.
2019/05/13 10:35:51.252200 git.huoys.com/qp/common/hall_message_s.GameUpdate 157 Info: game update msgRecv.En: 0.
2019/05/13 10:35:56.249200 git.huoys.com/qp/common/hall_message_s.GameUpdate 157 Info: game update msgRecv.En: 0.
2019/05/13 10:36:01.250200 git.huoys.com/qp/common/hall_message_s.GameUpdate 157 Info: game update msgRecv.En: 0.
2019/05/13 10:36:06.258200 git.huoys.com/qp/common/hall_message_s.GameUpdate 157 Info: game update msgRecv.En: 0.
2019/05/13 10:36:11.259200 git.huoys.com/qp/common/hall_message_s.GameUpdate 157 Info: game update msgRecv.En: 0.
2019/05/13 10:36:16.263200 git.huoys.com/qp/common/hall_message_s.GameUpdate 157 Info: game update msgRecv.En: 0.
2019/05/13 10:36:21.252200 git.huoys.com/qp/common/hall_message_s.GameUpdate 157 Info: game update msgRecv.En: 0.
2019/05/13 10:36:26.254200 git.huoys.com/qp/common/hall_message_s.GameUpdate 157 Info: game update msgRecv.En: 0.
2019/05/13 10:36:31.259200 git.huoys.com/qp/common/hall_message_s.GameUpdate 157 Info: game update msgRecv.En: 0.
2019/05/13 10:36:36.253200 git.huoys.com/qp/common/hall_message_s.GameUpdate 157 Info: game update msgRecv.En: 0.
2019/05/13 10:36:41.255200 git.huoys.com/qp/common/hall_message_s.GameUpdate 157 Info: game update msgRecv.En: 0.
2019/05/13 10:36:46.253200 git.huoys.com/qp/common/hall_message_s.GameUpdate 157 Info: game update msgRecv.En: 0.
2019/05/13 10:36:51.253200 git.huoys.com/qp/common/hall_message_s.GameUpdate 157 Info: game update msgRecv.En: 0.
2019/05/13 10:36:56.251200 git.huoys.com/qp/common/hall_message_s.GameUpdate 157 Info: game update msgRecv.En: 0.
2019/05/13 10:37:01.258200 git.huoys.com/qp/common/hall_message_s.GameUpdate 157 Info: game update msgRecv.En: 0.
2019/05/13 10:37:06.261200 git.huoys.com/qp/common/hall_message_s.GameUpdate 157 Info: game update msgRecv.En: 0.
2019/05/13 10:37:11.257200 git.huoys.com/qp/common/hall_message_s.GameUpdate 157 Info: game update msgRecv.En: 0.
2019/05/13 10:37:16.264200 git.huoys.com/qp/common/hall_message_s.GameUpdate 157 Info: game update msgRecv.En: 0.
2019/05/13 10:37:21.256200 git.huoys.com/qp/common/hall_message_s.GameUpdate 157 Info: game update msgRecv.En: 0.
2019/05/13 10:37:26.265200 git.huoys.com/qp/common/hall_message_s.GameUpdate 157 Info: game update msgRecv.En: 0.
2019/05/13 10:37:31.262200 git.huoys.com/qp/common/hall_message_s.GameUpdate 157 Info: game update msgRecv.En: 0.
2019/05/13 10:37:36.262200 git.huoys.com/qp/common/hall_message_s.GameUpdate 157 Info: game update msgRecv.En: 0.
2019/05/13 10:37:41.259200 git.huoys.com/qp/common/hall_message_s.GameUpdate 157 Info: game update msgRecv.En: 0.
2019/05/13 10:37:46.261200 git.huoys.com/qp/common/hall_message_s.GameUpdate 157 Info: game update msgRecv.En: 0.
2019/05/13 10:37:51.256200 git.huoys.com/qp/common/hall_message_s.GameUpdate 157 Info: game update msgRecv.En: 0.
2019/05/13 10:37:56.262200 git.huoys.com/qp/common/hall_message_s.GameUpdate 157 Info: game update msgRecv.En: 0.
2019/05/13 10:38:01.258200 git.huoys.com/qp/common/hall_message_s.GameUpdate 157 Info: game update msgRecv.En: 0.
2019/05/13 10:38:06.257200 git.huoys.com/qp/common/hall_message_s.GameUpdate 157 Info: game update msgRecv.En: 0.
2019/05/13 10:38:11.258200 git.huoys.com/qp/common/hall_message_s.GameUpdate 157 Info: game update msgRecv.En: 0.
2019/05/13 10:38:16.258200 git.huoys.com/qp/common/hall_message_s.GameUpdate 157 Info: game update msgRecv.En: 0.
2019/05/13 10:38:21.261200 git.huoys.com/qp/common/hall_message_s.GameUpdate 157 Info: game update msgRecv.En: 0.
2019/05/13 10:38:26.262200 git.huoys.com/qp/common/hall_message_s.GameUpdate 157 Info: game update msgRecv.En: 0.
2019/05/13 10:38:31.258200 git.huoys.com/qp/common/hall_message_s.GameUpdate 157 Info: game update msgRecv.En: 0.
2019/05/13 10:38:36.267200 git.huoys.com/qp/common/hall_message_s.GameUpdate 157 Info: game update msgRecv.En: 0.
2019/05/13 10:38:41.262200 git.huoys.com/qp/common/hall_message_s.GameUpdate 157 Info: game update msgRecv.En: 0.
2019/05/13 10:38:46.260200 git.huoys.com/qp/common/hall_message_s.GameUpdate 157 Info: game update msgRecv.En: 0.
2019/05/13 10:38:51.259200 git.huoys.com/qp/common/hall_message_s.GameUpdate 157 Info: game update msgRecv.En: 0.
2019/05/13 10:38:56.260200 git.huoys.com/qp/common/hall_message_s.GameUpdate 157 Info: game update msgRecv.En: 0.
2019/05/13 10:39:01.261200 git.huoys.com/qp/common/hall_message_s.GameUpdate 157 Info: game update msgRecv.En: 0.
2019/05/13 10:39:06.259200 git.huoys.com/qp/common/hall_message_s.GameUpdate 157 Info: game update msgRecv.En: 0.
2019/05/13 10:39:11.259200 git.huoys.com/qp/common/hall_message_s.GameUpdate 157 Info: game update msgRecv.En: 0.
2019/05/13 10:39:16.264200 git.huoys.com/qp/common/hall_message_s.GameUpdate 157 Info: game update msgRecv.En: 0.
2019/05/13 10:39:21.261200 git.huoys.com/qp/common/hall_message_s.GameUpdate 157 Info: game update msgRecv.En: 0.
2019/05/13 10:39:26.278200 git.huoys.com/qp/common/hall_message_s.GameUpdate 157 Info: game update msgRecv.En: 0.
2019/05/13 10:39:31.259200 git.huoys.com/qp/common/hall_message_s.GameUpdate 157 Info: game update msgRecv.En: 0.
2019/05/13 10:39:36.261200 git.huoys.com/qp/common/hall_message_s.GameUpdate 157 Info: game update msgRecv.En: 0.
2019/05/13 10:39:41.259200 git.huoys.com/qp/common/hall_message_s.GameUpdate 157 Info: game update msgRecv.En: 0.
2019/05/13 10:39:46.259200 git.huoys.com/qp/common/hall_message_s.GameUpdate 157 Info: game update msgRecv.En: 0.
2019/05/13 10:39:51.275200 git.huoys.com/qp/common/hall_message_s.GameUpdate 157 Info: game update msgRecv.En: 0.
2019/05/13 10:39:56.267200 git.huoys.com/qp/common/hall_message_s.GameUpdate 157 Info: game update msgRecv.En: 0.
2019/05/13 10:40:01.261200 git.huoys.com/qp/common/hall_message_s.GameUpdate 157 Info: game update msgRecv.En: 0.
2019/05/13 10:40:06.260200 git.huoys.com/qp/common/hall_message_s.GameUpdate 157 Info: game update msgRecv.En: 0.
2019/05/13 10:40:11.260200 git.huoys.com/qp/common/hall_message_s.GameUpdate 157 Info: game update msgRecv.En: 0.
2019/05/13 10:40:16.267200 git.huoys.com/qp/common/hall_message_s.GameUpdate 157 Info: game update msgRecv.En: 0.
2019/05/13 10:40:21.262200 git.huoys.com/qp/common/hall_message_s.GameUpdate 157 Info: game update msgRecv.En: 0.
2019/05/13 10:40:26.261200 git.huoys.com/qp/common/hall_message_s.GameUpdate 157 Info: game update msgRecv.En: 0.
2019/05/13 10:40:31.261200 git.huoys.com/qp/common/hall_message_s.GameUpdate 157 Info: game update msgRecv.En: 0.
2019/05/13 10:40:36.261200 git.huoys.com/qp/common/hall_message_s.GameUpdate 157 Info: game update msgRecv.En: 0.
2019/05/13 10:40:41.259200 git.huoys.com/qp/common/hall_message_s.GameUpdate 157 Info: game update msgRecv.En: 0.
2019/05/13 10:40:46.265200 git.huoys.com/qp/common/hall_message_s.GameUpdate 157 Info: game update msgRecv.En: 0.
2019/05/13 10:40:51.261200 git.huoys.com/qp/common/hall_message_s.GameUpdate 157 Info: game update msgRecv.En: 0.
2019/05/13 10:40:56.260200 git.huoys.com/qp/common/hall_message_s.GameUpdate 157 Info: game update msgRecv.En: 0.
2019/05/13 10:41:01.260200 git.huoys.com/qp/common/hall_message_s.GameUpdate 157 Info: game update msgRecv.En: 0.
2019/05/13 10:41:06.261200 git.huoys.com/qp/common/hall_message_s.GameUpdate 157 Info: game update msgRecv.En: 0.
2019/05/13 10:41:11.262200 git.huoys.com/qp/common/hall_message_s.GameUpdate 157 Info: game update msgRecv.En: 0.
2019/05/13 10:41:16.264200 git.huoys.com/qp/common/hall_message_s.GameUpdate 157 Info: game update msgRecv.En: 0.
2019/05/13 10:41:21.275200 git.huoys.com/qp/common/hall_message_s.GameUpdate 157 Info: game update msgRecv.En: 0.
2019/05/13 10:41:26.266200 git.huoys.com/qp/common/hall_message_s.GameUpdate 157 Info: game update msgRecv.En: 0.
2019/05/13 10:41:31.264200 git.huoys.com/qp/common/hall_message_s.GameUpdate 157 Info: game update msgRecv.En: 0.
2019/05/13 10:41:36.263200 git.huoys.com/qp/common/hall_message_s.GameUpdate 157 Info: game update msgRecv.En: 0.
2019/05/13 10:41:41.263200 git.huoys.com/qp/common/hall_message_s.GameUpdate 157 Info: game update msgRecv.En: 0.
2019/05/13 10:41:46.263200 git.huoys.com/qp/common/hall_message_s.GameUpdate 157 Info: game update msgRecv.En: 0.
2019/05/13 10:41:51.263200 git.huoys.com/qp/common/hall_message_s.GameUpdate 157 Info: game update msgRecv.En: 0.
2019/05/13 10:41:56.263200 git.huoys.com/qp/common/hall_message_s.GameUpdate 157 Info: game update msgRecv.En: 0.
2019/05/13 10:42:01.264200 git.huoys.com/qp/common/hall_message_s.GameUpdate 157 Info: game update msgRecv.En: 0.
2019/05/13 10:42:06.262200 git.huoys.com/qp/common/hall_message_s.GameUpdate 157 Info: game update msgRecv.En: 0.
2019/05/13 10:42:11.263200 git.huoys.com/qp/common/hall_message_s.GameUpdate 157 Info: game update msgRecv.En: 0.
2019/05/13 10:42:16.264200 git.huoys.com/qp/common/hall_message_s.GameUpdate 157 Info: game update msgRecv.En: 0.
2019/05/13 10:42:21.264200 git.huoys.com/qp/common/hall_message_s.GameUpdate 157 Info: game update msgRecv.En: 0.
2019/05/13 10:42:26.265200 git.huoys.com/qp/common/hall_message_s.GameUpdate 157 Info: game update msgRecv.En: 0.
2019/05/13 10:42:31.262200 git.huoys.com/qp/common/hall_message_s.GameUpdate 157 Info: game update msgRecv.En: 0.
2019/05/13 10:42:36.267200 git.huoys.com/qp/common/hall_message_s.GameUpdate 157 Info: game update msgRecv.En: 0.
2019/05/13 10:42:41.265200 git.huoys.com/qp/common/hall_message_s.GameUpdate 157 Info: game update msgRecv.En: 0.
2019/05/13 10:42:46.262200 git.huoys.com/qp/common/hall_message_s.GameUpdate 157 Info: game update msgRecv.En: 0.
2019/05/13 10:42:51.263200 git.huoys.com/qp/common/hall_message_s.GameUpdate 157 Info: game update msgRecv.En: 0.
2019/05/13 10:42:56.264200 git.huoys.com/qp/common/hall_message_s.GameUpdate 157 Info: game update msgRecv.En: 0.
2019/05/13 10:43:01.262200 git.huoys.com/qp/common/hall_message_s.GameUpdate 157 Info: game update msgRecv.En: 0.
2019/05/13 10:43:06.265200 git.huoys.com/qp/common/hall_message_s.GameUpdate 157 Info: game update msgRecv.En: 0.
2019/05/13 10:43:11.263200 git.huoys.com/qp/common/hall_message_s.GameUpdate 157 Info: game update msgRecv.En: 0.
2019/05/13 10:43:16.263200 git.huoys.com/qp/common/hall_message_s.GameUpdate 157 Info: game update msgRecv.En: 0.
2019/05/13 10:43:21.262200 git.huoys.com/qp/common/hall_message_s.GameUpdate 157 Info: game update msgRecv.En: 0.
2019/05/13 10:43:26.261200 git.huoys.com/qp/common/hall_message_s.GameUpdate 157 Info: game update msgRecv.En: 0.
2019/05/13 10:43:31.263200 git.huoys.com/qp/common/hall_message_s.GameUpdate 157 Info: game update msgRecv.En: 0.
2019/05/13 10:43:36.263200 git.huoys.com/qp/common/hall_message_s.GameUpdate 157 Info: game update msgRecv.En: 0.
2019/05/13 10:43:41.265200 git.huoys.com/qp/common/hall_message_s.GameUpdate 157 Info: game update msgRecv.En: 0.
2019/05/13 10:43:46.265200 git.huoys.com/qp/common/hall_message_s.GameUpdate 157 Info: game update msgRecv.En: 0.
2019/05/13 10:43:51.261200 git.huoys.com/qp/common/hall_message_s.GameUpdate 157 Info: game update msgRecv.En: 0.
2019/05/13 10:43:56.261200 git.huoys.com/qp/common/hall_message_s.GameUpdate 157 Info: game update msgRecv.En: 0.
2019/05/13 10:44:01.262200 git.huoys.com/qp/common/hall_message_s.GameUpdate 157 Info: game update msgRecv.En: 0.
2019/05/13 10:44:06.270200 git.huoys.com/qp/common/hall_message_s.GameUpdate 157 Info: game update msgRecv.En: 0.
2019/05/13 10:44:11.266200 git.huoys.com/qp/common/hall_message_s.GameUpdate 157 Info: game update msgRecv.En: 0.
2019/05/13 10:44:16.261200 git.huoys.com/qp/common/hall_message_s.GameUpdate 157 Info: game update msgRecv.En: 0.
2019/05/13 10:44:21.261200 git.huoys.com/qp/common/hall_message_s.GameUpdate 157 Info: game update msgRecv.En: 0.
2019/05/13 10:44:26.262200 git.huoys.com/qp/common/hall_message_s.GameUpdate 157 Info: game update msgRecv.En: 0.
2019/05/13 10:44:31.267200 git.huoys.com/qp/common/hall_message_s.GameUpdate 157 Info: game update msgRecv.En: 0.
2019/05/13 10:44:36.262200 git.huoys.com/qp/common/hall_message_s.GameUpdate 157 Info: game update msgRecv.En: 0.
2019/05/13 10:44:41.263200 git.huoys.com/qp/common/hall_message_s.GameUpdate 157 Info: game update msgRecv.En: 0.
2019/05/13 10:44:46.265200 git.huoys.com/qp/common/hall_message_s.GameUpdate 157 Info: game update msgRecv.En: 0.
2019/05/13 10:44:51.264200 git.huoys.com/qp/common/hall_message_s.GameUpdate 157 Info: game update msgRecv.En: 0.
2019/05/13 10:44:56.284200 git.huoys.com/qp/common/hall_message_s.GameUpdate 157 Info: game update msgRecv.En: 0.
2019/05/13 10:45:01.266200 git.huoys.com/qp/common/hall_message_s.GameUpdate 157 Info: game update msgRecv.En: 0.
2019/05/13 10:45:06.266200 git.huoys.com/qp/common/hall_message_s.GameUpdate 157 Info: game update msgRecv.En: 0.
2019/05/13 10:45:11.272200 git.huoys.com/qp/common/hall_message_s.GameUpdate 157 Info: game update msgRecv.En: 0.
2019/05/13 10:45:16.263200 git.huoys.com/qp/common/hall_message_s.GameUpdate 157 Info: game update msgRecv.En: 0.
2019/05/13 10:45:21.268200 git.huoys.com/qp/common/hall_message_s.GameUpdate 157 Info: game update msgRecv.En: 0.
2019/05/13 10:45:26.266200 git.huoys.com/qp/common/hall_message_s.GameUpdate 157 Info: game update msgRecv.En: 0.
2019/05/13 10:45:31.264200 git.huoys.com/qp/common/hall_message_s.GameUpdate 157 Info: game update msgRecv.En: 0.
2019/05/13 10:45:36.263200 git.huoys.com/qp/common/hall_message_s.GameUpdate 157 Info: game update msgRecv.En: 0.
2019/05/13 10:45:41.260200 git.huoys.com/qp/common/hall_message_s.GameUpdate 157 Info: game update msgRecv.En: 0.
2019/05/13 10:45:46.264200 git.huoys.com/qp/common/hall_message_s.GameUpdate 157 Info: game update msgRecv.En: 0.
2019/05/13 10:45:51.264200 git.huoys.com/qp/common/hall_message_s.GameUpdate 157 Info: game update msgRecv.En: 0.
2019/05/13 10:45:56.263200 git.huoys.com/qp/common/hall_message_s.GameUpdate 157 Info: game update msgRecv.En: 0.
2019/05/13 10:46:01.262200 git.huoys.com/qp/common/hall_message_s.GameUpdate 157 Info: game update msgRecv.En: 0.
2019/05/13 10:46:06.263200 git.huoys.com/qp/common/hall_message_s.GameUpdate 157 Info: game update msgRecv.En: 0.
2019/05/13 10:46:11.264200 git.huoys.com/qp/common/hall_message_s.GameUpdate 157 Info: game update msgRecv.En: 0.
2019/05/13 10:46:16.264200 git.huoys.com/qp/common/hall_message_s.GameUpdate 157 Info: game update msgRecv.En: 0.
2019/05/13 10:46:21.267200 git.huoys.com/qp/common/hall_message_s.GameUpdate 157 Info: game update msgRecv.En: 0.
2019/05/13 10:46:26.270200 git.huoys.com/qp/common/hall_message_s.GameUpdate 157 Info: game update msgRecv.En: 0.
2019/05/13 10:46:31.264200 git.huoys.com/qp/common/hall_message_s.GameUpdate 157 Info: game update msgRecv.En: 0.
2019/05/13 10:46:36.262200 git.huoys.com/qp/common/hall_message_s.GameUpdate 157 Info: game update msgRecv.En: 0.
2019/05/13 10:46:41.263200 git.huoys.com/qp/common/hall_message_s.GameUpdate 157 Info: game update msgRecv.En: 0.
2019/05/13 10:46:46.264200 git.huoys.com/qp/common/hall_message_s.GameUpdate 157 Info: game update msgRecv.En: 0.
2019/05/13 10:46:51.263200 git.huoys.com/qp/common/hall_message_s.GameUpdate 157 Info: game update msgRecv.En: 0.
2019/05/13 10:46:56.270200 git.huoys.com/qp/common/hall_message_s.GameUpdate 157 Info: game update msgRecv.En: 0.
2019/05/13 10:47:01.262200 git.huoys.com/qp/common/hall_message_s.GameUpdate 157 Info: game update msgRecv.En: 0.
2019/05/13 10:47:06.262200 git.huoys.com/qp/common/hall_message_s.GameUpdate 157 Info: game update msgRecv.En: 0.
2019/05/13 10:47:11.265200 git.huoys.com/qp/common/hall_message_s.GameUpdate 157 Info: game update msgRecv.En: 0.
2019/05/13 10:47:16.264200 git.huoys.com/qp/common/hall_message_s.GameUpdate 157 Info: game update msgRecv.En: 0.
2019/05/13 10:47:21.263200 git.huoys.com/qp/common/hall_message_s.GameUpdate 157 Info: game update msgRecv.En: 0.
2019/05/13 10:47:26.269200 git.huoys.com/qp/common/hall_message_s.GameUpdate 157 Info: game update msgRecv.En: 0.
2019/05/13 10:47:31.263200 git.huoys.com/qp/common/hall_message_s.GameUpdate 157 Info: game update msgRecv.En: 0.
2019/05/13 10:47:36.262200 git.huoys.com/qp/common/hall_message_s.GameUpdate 157 Info: game update msgRecv.En: 0.
2019/05/13 10:47:41.263200 git.huoys.com/qp/common/hall_message_s.GameUpdate 157 Info: game update msgRecv.En: 0.
2019/05/13 10:47:46.263200 git.huoys.com/qp/common/hall_message_s.GameUpdate 157 Info: game update msgRecv.En: 0.
2019/05/13 10:47:51.263200 git.huoys.com/qp/common/hall_message_s.GameUpdate 157 Info: game update msgRecv.En: 0.
2019/05/13 10:47:56.263200 git.huoys.com/qp/common/hall_message_s.GameUpdate 157 Info: game update msgRecv.En: 0.
2019/05/13 10:48:01.264200 git.huoys.com/qp/common/hall_message_s.GameUpdate 157 Info: game update msgRecv.En: 0.
2019/05/13 10:48:06.262200 git.huoys.com/qp/common/hall_message_s.GameUpdate 157 Info: game update msgRecv.En: 0.
2019/05/13 10:48:11.264200 git.huoys.com/qp/common/hall_message_s.GameUpdate 157 Info: game update msgRecv.En: 0.
2019/05/13 10:48:16.262200 git.huoys.com/qp/common/hall_message_s.GameUpdate 157 Info: game update msgRecv.En: 0.
2019/05/13 10:48:21.265200 git.huoys.com/qp/common/hall_message_s.GameUpdate 157 Info: game update msgRecv.En: 0.
2019/05/13 10:48:26.263200 git.huoys.com/qp/common/hall_message_s.GameUpdate 157 Info: game update msgRecv.En: 0.
2019/05/13 10:48:31.266200 git.huoys.com/qp/common/hall_message_s.GameUpdate 157 Info: game update msgRecv.En: 0.
2019/05/13 10:48:36.264200 git.huoys.com/qp/common/hall_message_s.GameUpdate 157 Info: game update msgRecv.En: 0.
2019/05/13 10:48:41.261200 git.huoys.com/qp/common/hall_message_s.GameUpdate 157 Info: game update msgRecv.En: 0.
2019/05/13 10:48:46.264200 git.huoys.com/qp/common/hall_message_s.GameUpdate 157 Info: game update msgRecv.En: 0.
2019/05/13 10:48:51.263200 git.huoys.com/qp/common/hall_message_s.GameUpdate 157 Info: game update msgRecv.En: 0.
2019/05/13 10:48:56.262200 git.huoys.com/qp/common/hall_message_s.GameUpdate 157 Info: game update msgRecv.En: 0.
2019/05/13 10:49:01.263200 git.huoys.com/qp/common/hall_message_s.GameUpdate 157 Info: game update msgRecv.En: 0.
2019/05/13 10:49:06.264200 git.huoys.com/qp/common/hall_message_s.GameUpdate 157 Info: game update msgRecv.En: 0.
2019/05/13 10:49:11.266200 git.huoys.com/qp/common/hall_message_s.GameUpdate 157 Info: game update msgRecv.En: 0.
2019/05/13 10:49:16.268200 git.huoys.com/qp/common/hall_message_s.GameUpdate 157 Info: game update msgRecv.En: 0.
2019/05/13 10:49:21.274200 git.huoys.com/qp/common/hall_message_s.GameUpdate 157 Info: game update msgRecv.En: 0.
2019/05/13 10:49:26.266200 git.huoys.com/qp/common/hall_message_s.GameUpdate 157 Info: game update msgRecv.En: 0.
2019/05/13 10:49:31.269200 git.huoys.com/qp/common/hall_message_s.GameUpdate 157 Info: game update msgRecv.En: 0.
2019/05/13 10:49:36.268200 git.huoys.com/qp/common/hall_message_s.GameUpdate 157 Info: game update msgRecv.En: 0.
2019/05/13 10:49:41.267200 git.huoys.com/qp/common/hall_message_s.GameUpdate 157 Info: game update msgRecv.En: 0.
2019/05/13 10:49:46.266200 git.huoys.com/qp/common/hall_message_s.GameUpdate 157 Info: game update msgRecv.En: 0.
2019/05/13 10:49:51.272200 git.huoys.com/qp/common/hall_message_s.GameUpdate 157 Info: game update msgRecv.En: 0.
2019/05/13 10:49:56.268200 git.huoys.com/qp/common/hall_message_s.GameUpdate 157 Info: game update msgRecv.En: 0.
2019/05/13 10:50:01.267200 git.huoys.com/qp/common/hall_message_s.GameUpdate 157 Info: game update msgRecv.En: 0.
2019/05/13 10:50:06.269200 git.huoys.com/qp/common/hall_message_s.GameUpdate 157 Info: game update msgRecv.En: 0.
2019/05/13 10:50:11.261200 git.huoys.com/qp/common/hall_message_s.GameUpdate 157 Info: game update msgRecv.En: 0.
2019/05/13 10:50:16.266200 git.huoys.com/qp/common/hall_message_s.GameUpdate 157 Info: game update msgRecv.En: 0.
2019/05/13 10:50:21.264200 git.huoys.com/qp/common/hall_message_s.GameUpdate 157 Info: game update msgRecv.En: 0.
2019/05/13 10:50:26.264200 git.huoys.com/qp/common/hall_message_s.GameUpdate 157 Info: game update msgRecv.En: 0.
2019/05/13 10:50:31.267200 git.huoys.com/qp/common/hall_message_s.GameUpdate 157 Info: game update msgRecv.En: 0.
2019/05/13 10:50:36.264200 git.huoys.com/qp/common/hall_message_s.GameUpdate 157 Info: game update msgRecv.En: 0.
2019/05/13 10:50:41.275200 git.huoys.com/qp/common/hall_message_s.GameUpdate 157 Info: game update msgRecv.En: 0.
2019/05/13 10:50:46.268200 git.huoys.com/qp/common/hall_message_s.GameUpdate 157 Info: game update msgRecv.En: 0.
2019/05/13 10:50:51.262200 git.huoys.com/qp/common/hall_message_s.GameUpdate 157 Info: game update msgRecv.En: 0.
2019/05/13 10:50:56.264200 git.huoys.com/qp/common/hall_message_s.GameUpdate 157 Info: game update msgRecv.En: 0.
2019/05/13 10:51:01.268200 git.huoys.com/qp/common/hall_message_s.GameUpdate 157 Info: game update msgRecv.En: 0.
2019/05/13 10:51:06.268200 git.huoys.com/qp/common/hall_message_s.GameUpdate 157 Info: game update msgRecv.En: 0.
2019/05/13 10:51:11.266200 git.huoys.com/qp/common/hall_message_s.GameUpdate 157 Info: game update msgRecv.En: 0.
2019/05/13 10:51:16.272200 git.huoys.com/qp/common/hall_message_s.GameUpdate 157 Info: game update msgRecv.En: 0.
2019/05/13 10:51:21.266200 git.huoys.com/qp/common/hall_message_s.GameUpdate 157 Info: game update msgRecv.En: 0.
2019/05/13 10:51:26.267200 git.huoys.com/qp/common/hall_message_s.GameUpdate 157 Info: game update msgRecv.En: 0.
2019/05/13 10:51:31.268200 git.huoys.com/qp/common/hall_message_s.GameUpdate 157 Info: game update msgRecv.En: 0.
2019/05/13 10:51:36.268200 git.huoys.com/qp/common/hall_message_s.GameUpdate 157 Info: game update msgRecv.En: 0.
2019/05/13 10:51:41.268200 git.huoys.com/qp/common/hall_message_s.GameUpdate 157 Info: game update msgRecv.En: 0.
2019/05/13 10:51:46.265200 git.huoys.com/qp/common/hall_message_s.GameUpdate 157 Info: game update msgRecv.En: 0.
2019/05/13 10:51:51.268200 git.huoys.com/qp/common/hall_message_s.GameUpdate 157 Info: game update msgRecv.En: 0.
2019/05/13 10:51:56.267200 git.huoys.com/qp/common/hall_message_s.GameUpdate 157 Info: game update msgRecv.En: 0.
2019/05/13 10:52:01.264200 git.huoys.com/qp/common/hall_message_s.GameUpdate 157 Info: game update msgRecv.En: 0.
2019/05/13 10:52:06.265200 git.huoys.com/qp/common/hall_message_s.GameUpdate 157 Info: game update msgRecv.En: 0.
2019/05/13 10:52:11.267200 git.huoys.com/qp/common/hall_message_s.GameUpdate 157 Info: game update msgRecv.En: 0.
2019/05/13 10:52:16.266200 git.huoys.com/qp/common/hall_message_s.GameUpdate 157 Info: game update msgRecv.En: 0.
2019/05/13 10:52:21.274200 git.huoys.com/qp/common/hall_message_s.GameUpdate 157 Info: game update msgRecv.En: 0.
2019/05/13 10:52:26.265200 git.huoys.com/qp/common/hall_message_s.GameUpdate 157 Info: game update msgRecv.En: 0.
2019/05/13 10:52:31.265200 git.huoys.com/qp/common/hall_message_s.GameUpdate 157 Info: game update msgRecv.En: 0.
2019/05/13 10:52:36.269200 git.huoys.com/qp/common/hall_message_s.GameUpdate 157 Info: game update msgRecv.En: 0.
2019/05/13 10:52:41.268200 git.huoys.com/qp/common/hall_message_s.GameUpdate 157 Info: game update msgRecv.En: 0.
2019/05/13 10:52:46.263200 git.huoys.com/qp/common/hall_message_s.GameUpdate 157 Info: game update msgRecv.En: 0.
2019/05/13 10:52:51.263200 git.huoys.com/qp/common/hall_message_s.GameUpdate 157 Info: game update msgRecv.En: 0.
2019/05/13 10:52:56.262200 git.huoys.com/qp/common/hall_message_s.GameUpdate 157 Info: game update msgRecv.En: 0.
2019/05/13 10:53:01.265200 git.huoys.com/qp/common/hall_message_s.GameUpdate 157 Info: game update msgRecv.En: 0.
2019/05/13 10:53:06.265200 git.huoys.com/qp/common/hall_message_s.GameUpdate 157 Info: game update msgRecv.En: 0.
2019/05/13 10:53:11.265200 git.huoys.com/qp/common/hall_message_s.GameUpdate 157 Info: game update msgRecv.En: 0.
2019/05/13 10:53:16.262200 git.huoys.com/qp/common/hall_message_s.GameUpdate 157 Info: game update msgRecv.En: 0.
2019/05/13 10:53:21.264200 git.huoys.com/qp/common/hall_message_s.GameUpdate 157 Info: game update msgRecv.En: 0.
2019/05/13 10:53:26.265200 git.huoys.com/qp/common/hall_message_s.GameUpdate 157 Info: game update msgRecv.En: 0.
2019/05/13 10:53:31.268200 git.huoys.com/qp/common/hall_message_s.GameUpdate 157 Info: game update msgRecv.En: 0.
2019/05/13 10:53:36.263200 git.huoys.com/qp/common/hall_message_s.GameUpdate 157 Info: game update msgRecv.En: 0.
2019/05/13 10:53:41.268200 git.huoys.com/qp/common/hall_message_s.GameUpdate 157 Info: game update msgRecv.En: 0.
2019/05/13 10:53:46.264200 git.huoys.com/qp/common/hall_message_s.GameUpdate 157 Info: game update msgRecv.En: 0.
2019/05/13 10:53:51.266200 git.huoys.com/qp/common/hall_message_s.GameUpdate 157 Info: game update msgRecv.En: 0.
2019/05/13 10:53:56.271200 git.huoys.com/qp/common/hall_message_s.GameUpdate 157 Info: game update msgRecv.En: 0.
2019/05/13 10:54:01.268200 git.huoys.com/qp/common/hall_message_s.GameUpdate 157 Info: game update msgRecv.En: 0.
2019/05/13 10:54:06.262200 git.huoys.com/qp/common/hall_message_s.GameUpdate 157 Info: game update msgRecv.En: 0.
