2019/05/22 16:44:13.099000 git.huoys.com/qp/cells/vendor/git.huoys.com/qp/common/hall_logic/launcher.OnStart 40 Warning: url.json:&{%!s(int32=10095) %!s(int32=1) %!s(int32=0) %!s(int32=2) %!s(int=4)}.
2019/05/22 16:44:13.100000 git.huoys.com/qp/cells/vendor/git.huoys.com/qp/common/hall_logic/launcher.OnStart 42 Warning: Start Game(10095) Arena(1) Server(2) Sucess !
2019/05/22 16:44:13.100000 git.huoys.com/qp/cells/vendor/git.huoys.com/qp/common/hall_message_s.RegisterGame 110 Info: RegisterGame:1,2.
2019/05/22 16:44:13.116000 git.huoys.com/qp/cells/vendor/git.huoys.com/qp/common/hall_message_s.RegisterGame 126 Info: register game msgRecv.En: 0.
2019/05/22 16:44:15.172000 git.huoys.com/qp/cells/module/web.(*webmodule).OnInit 44 Warning: http url:0.0.0.0:9212.
2019/05/22 16:44:15.185000 git.huoys.com/qp/cells/vendor/git.huoys.com/qp/common/http_message.acceptHTTPRequest 118 Info: Http server listen at:0.0.0.0:9212
2019/05/22 16:44:19.112000 git.huoys.com/qp/cells/vendor/git.huoys.com/qp/common/hall_message_s.GameUpdate 157 Info: game update msgRecv.En: 0.
2019/05/22 16:44:24.108000 git.huoys.com/qp/cells/vendor/git.huoys.com/qp/common/hall_message_s.GameUpdate 157 Info: game update msgRecv.En: 0.
2019/05/22 16:44:29.106000 git.huoys.com/qp/cells/vendor/git.huoys.com/qp/common/hall_message_s.GameUpdate 157 Info: game update msgRecv.En: 0.
2019/05/22 16:44:34.104000 git.huoys.com/qp/cells/vendor/git.huoys.com/qp/common/hall_message_s.GameUpdate 157 Info: game update msgRecv.En: 0.
2019/05/22 16:44:39.107000 git.huoys.com/qp/cells/vendor/git.huoys.com/qp/common/hall_message_s.GameUpdate 157 Info: game update msgRecv.En: 0.
2019/05/22 16:44:44.105000 git.huoys.com/qp/cells/vendor/git.huoys.com/qp/common/hall_message_s.GameUpdate 157 Info: game update msgRecv.En: 0.
2019/05/22 16:44:49.125000 git.huoys.com/qp/cells/vendor/git.huoys.com/qp/common/hall_message_s.GameUpdate 157 Info: game update msgRecv.En: 0.
2019/05/22 16:44:54.122000 git.huoys.com/qp/cells/vendor/git.huoys.com/qp/common/hall_message_s.GameUpdate 157 Info: game update msgRecv.En: 0.
2019/05/22 16:44:59.104000 git.huoys.com/qp/cells/vendor/git.huoys.com/qp/common/hall_message_s.GameUpdate 157 Info: game update msgRecv.En: 0.
2019/05/22 16:45:04.116000 git.huoys.com/qp/cells/vendor/git.huoys.com/qp/common/hall_message_s.GameUpdate 157 Info: game update msgRecv.En: 0.
2019/05/22 16:45:09.109000 git.huoys.com/qp/cells/vendor/git.huoys.com/qp/common/hall_message_s.GameUpdate 157 Info: game update msgRecv.En: 0.
2019/05/22 16:45:14.110000 git.huoys.com/qp/cells/vendor/git.huoys.com/qp/common/hall_message_s.GameUpdate 157 Info: game update msgRecv.En: 0.
2019/05/22 16:45:19.118000 git.huoys.com/qp/cells/vendor/git.huoys.com/qp/common/hall_message_s.GameUpdate 157 Info: game update msgRecv.En: 0.
2019/05/22 16:45:24.110000 git.huoys.com/qp/cells/vendor/git.huoys.com/qp/common/hall_message_s.GameUpdate 157 Info: game update msgRecv.En: 0.
2019/05/22 16:45:29.116000 git.huoys.com/qp/cells/vendor/git.huoys.com/qp/common/hall_message_s.GameUpdate 157 Info: game update msgRecv.En: 0.
2019/05/22 16:45:34.111000 git.huoys.com/qp/cells/vendor/git.huoys.com/qp/common/hall_message_s.GameUpdate 157 Info: game update msgRecv.En: 0.
2019/05/22 16:45:39.118000 git.huoys.com/qp/cells/vendor/git.huoys.com/qp/common/hall_message_s.GameUpdate 157 Info: game update msgRecv.En: 0.
2019/05/22 16:45:44.106000 git.huoys.com/qp/cells/vendor/git.huoys.com/qp/common/hall_message_s.GameUpdate 157 Info: game update msgRecv.En: 0.
2019/05/22 16:45:49.116000 git.huoys.com/qp/cells/vendor/git.huoys.com/qp/common/hall_message_s.GameUpdate 157 Info: game update msgRecv.En: 0.
2019/05/22 16:45:54.101000 git.huoys.com/qp/cells/vendor/git.huoys.com/qp/common/hall_message_s.GameUpdate 157 Info: game update msgRecv.En: 0.
2019/05/22 16:45:59.131000 git.huoys.com/qp/cells/vendor/git.huoys.com/qp/common/hall_message_s.GameUpdate 157 Info: game update msgRecv.En: 0.
2019/05/22 16:46:04.125000 git.huoys.com/qp/cells/vendor/git.huoys.com/qp/common/hall_message_s.GameUpdate 157 Info: game update msgRecv.En: 0.
2019/05/22 16:46:09.126000 git.huoys.com/qp/cells/vendor/git.huoys.com/qp/common/hall_message_s.GameUpdate 157 Info: game update msgRecv.En: 0.
2019/05/22 16:46:14.134000 git.huoys.com/qp/cells/vendor/git.huoys.com/qp/common/hall_message_s.GameUpdate 157 Info: game update msgRecv.En: 0.
2019/05/22 16:46:19.132000 git.huoys.com/qp/cells/vendor/git.huoys.com/qp/common/hall_message_s.GameUpdate 157 Info: game update msgRecv.En: 0.
2019/05/22 16:46:24.137000 git.huoys.com/qp/cells/vendor/git.huoys.com/qp/common/hall_message_s.GameUpdate 157 Info: game update msgRecv.En: 0.
2019/05/22 16:46:29.127000 git.huoys.com/qp/cells/vendor/git.huoys.com/qp/common/hall_message_s.GameUpdate 157 Info: game update msgRecv.En: 0.
2019/05/22 16:46:34.129000 git.huoys.com/qp/cells/vendor/git.huoys.com/qp/common/hall_message_s.GameUpdate 157 Info: game update msgRecv.En: 0.
2019/05/22 16:46:39.129000 git.huoys.com/qp/cells/vendor/git.huoys.com/qp/common/hall_message_s.GameUpdate 157 Info: game update msgRecv.En: 0.
2019/05/22 16:46:44.132000 git.huoys.com/qp/cells/vendor/git.huoys.com/qp/common/hall_message_s.GameUpdate 157 Info: game update msgRecv.En: 0.
2019/05/22 16:46:49.131000 git.huoys.com/qp/cells/vendor/git.huoys.com/qp/common/hall_message_s.GameUpdate 157 Info: game update msgRecv.En: 0.
2019/05/22 16:46:54.134000 git.huoys.com/qp/cells/vendor/git.huoys.com/qp/common/hall_message_s.GameUpdate 157 Info: game update msgRecv.En: 0.
2019/05/22 16:46:59.142000 git.huoys.com/qp/cells/vendor/git.huoys.com/qp/common/hall_message_s.GameUpdate 157 Info: game update msgRecv.En: 0.
2019/05/22 16:47:04.134000 git.huoys.com/qp/cells/vendor/git.huoys.com/qp/common/hall_message_s.GameUpdate 157 Info: game update msgRecv.En: 0.
2019/05/22 16:47:09.132000 git.huoys.com/qp/cells/vendor/git.huoys.com/qp/common/hall_message_s.GameUpdate 157 Info: game update msgRecv.En: 0.
2019/05/22 16:47:14.140000 git.huoys.com/qp/cells/vendor/git.huoys.com/qp/common/hall_message_s.GameUpdate 157 Info: game update msgRecv.En: 0.
2019/05/22 16:47:19.126000 git.huoys.com/qp/cells/vendor/git.huoys.com/qp/common/hall_message_s.GameUpdate 157 Info: game update msgRecv.En: 0.
2019/05/22 16:47:24.129000 git.huoys.com/qp/cells/vendor/git.huoys.com/qp/common/hall_message_s.GameUpdate 157 Info: game update msgRecv.En: 0.
2019/05/22 16:47:29.138000 git.huoys.com/qp/cells/vendor/git.huoys.com/qp/common/hall_message_s.GameUpdate 157 Info: game update msgRecv.En: 0.
2019/05/22 16:47:34.128000 git.huoys.com/qp/cells/vendor/git.huoys.com/qp/common/hall_message_s.GameUpdate 157 Info: game update msgRecv.En: 0.
2019/05/22 16:47:39.124000 git.huoys.com/qp/cells/vendor/git.huoys.com/qp/common/hall_message_s.GameUpdate 157 Info: game update msgRecv.En: 0.
2019/05/22 16:47:44.139000 git.huoys.com/qp/cells/vendor/git.huoys.com/qp/common/hall_message_s.GameUpdate 157 Info: game update msgRecv.En: 0.
2019/05/22 16:47:49.123000 git.huoys.com/qp/cells/vendor/git.huoys.com/qp/common/hall_message_s.GameUpdate 157 Info: game update msgRecv.En: 0.
2019/05/22 16:47:54.131000 git.huoys.com/qp/cells/vendor/git.huoys.com/qp/common/hall_message_s.GameUpdate 157 Info: game update msgRecv.En: 0.
2019/05/22 16:47:59.129000 git.huoys.com/qp/cells/vendor/git.huoys.com/qp/common/hall_message_s.GameUpdate 157 Info: game update msgRecv.En: 0.
2019/05/22 16:48:04.127000 git.huoys.com/qp/cells/vendor/git.huoys.com/qp/common/hall_message_s.GameUpdate 157 Info: game update msgRecv.En: 0.
2019/05/22 16:48:09.128000 git.huoys.com/qp/cells/vendor/git.huoys.com/qp/common/hall_message_s.GameUpdate 157 Info: game update msgRecv.En: 0.
2019/05/22 16:48:14.133000 git.huoys.com/qp/cells/vendor/git.huoys.com/qp/common/hall_message_s.GameUpdate 157 Info: game update msgRecv.En: 0.
2019/05/22 16:48:19.129000 git.huoys.com/qp/cells/vendor/git.huoys.com/qp/common/hall_message_s.GameUpdate 157 Info: game update msgRecv.En: 0.
2019/05/22 16:48:24.134000 git.huoys.com/qp/cells/vendor/git.huoys.com/qp/common/hall_message_s.GameUpdate 157 Info: game update msgRecv.En: 0.
2019/05/22 16:48:29.129000 git.huoys.com/qp/cells/vendor/git.huoys.com/qp/common/hall_message_s.GameUpdate 157 Info: game update msgRecv.En: 0.
2019/05/22 16:48:34.133000 git.huoys.com/qp/cells/vendor/git.huoys.com/qp/common/hall_message_s.GameUpdate 157 Info: game update msgRecv.En: 0.
2019/05/22 16:48:39.138000 git.huoys.com/qp/cells/vendor/git.huoys.com/qp/common/hall_message_s.GameUpdate 157 Info: game update msgRecv.En: 0.
2019/05/22 16:48:44.133000 git.huoys.com/qp/cells/vendor/git.huoys.com/qp/common/hall_message_s.GameUpdate 157 Info: game update msgRecv.En: 0.
2019/05/22 16:48:49.140000 git.huoys.com/qp/cells/vendor/git.huoys.com/qp/common/hall_message_s.GameUpdate 157 Info: game update msgRecv.En: 0.
2019/05/22 16:48:54.132000 git.huoys.com/qp/cells/vendor/git.huoys.com/qp/common/hall_message_s.GameUpdate 157 Info: game update msgRecv.En: 0.
2019/05/22 16:48:59.133000 git.huoys.com/qp/cells/vendor/git.huoys.com/qp/common/hall_message_s.GameUpdate 157 Info: game update msgRecv.En: 0.
2019/05/22 16:49:04.127000 git.huoys.com/qp/cells/vendor/git.huoys.com/qp/common/hall_message_s.GameUpdate 157 Info: game update msgRecv.En: 0.
2019/05/22 16:49:09.130000 git.huoys.com/qp/cells/vendor/git.huoys.com/qp/common/hall_message_s.GameUpdate 157 Info: game update msgRecv.En: 0.
