2019/05/20 17:21:15.803000 git.huoys.com/qp/cells/vendor/git.huoys.com/qp/common/hall_logic/launcher.OnStart 40 Warning: url.json:&{%!s(int32=10095) %!s(int32=1) %!s(int32=0) %!s(int32=2) %!s(int=4)}.
2019/05/20 17:21:15.804000 git.huoys.com/qp/cells/vendor/git.huoys.com/qp/common/hall_logic/launcher.OnStart 42 Warning: Start Game(10095) Arena(1) Server(2) Sucess !
2019/05/20 17:21:15.804000 git.huoys.com/qp/cells/vendor/git.huoys.com/qp/common/hall_message_s.RegisterGame 110 Info: RegisterGame:1,2.
2019/05/20 17:21:15.808000 git.huoys.com/qp/cells/vendor/git.huoys.com/qp/common/hall_message_s.RegisterGame 126 Info: register game msgRecv.En: 0.
2019/05/20 17:21:15.821000 git.huoys.com/qp/cells/module/web.(*webmodule).OnInit 44 Warning: http url:0.0.0.0:9012.
2019/05/20 17:21:15.829000 git.huoys.com/qp/cells/vendor/git.huoys.com/qp/common/http_message.acceptHTTPRequest 118 Info: Http server listen at:0.0.0.0:9012
2019/05/20 17:21:20.821000 git.huoys.com/qp/cells/vendor/git.huoys.com/qp/common/hall_message_s.GameUpdate 157 Info: game update msgRecv.En: 0.
2019/05/20 17:21:25.810000 git.huoys.com/qp/cells/vendor/git.huoys.com/qp/common/hall_message_s.GameUpdate 157 Info: game update msgRecv.En: 0.
2019/05/20 17:21:30.817000 git.huoys.com/qp/cells/vendor/git.huoys.com/qp/common/hall_message_s.GameUpdate 157 Info: game update msgRecv.En: 0.
2019/05/20 17:21:35.811000 git.huoys.com/qp/cells/vendor/git.huoys.com/qp/common/hall_message_s.GameUpdate 157 Info: game update msgRecv.En: 0.
2019/05/20 17:21:40.814000 git.huoys.com/qp/cells/vendor/git.huoys.com/qp/common/hall_message_s.GameUpdate 157 Info: game update msgRecv.En: 0.
2019/05/20 17:21:45.811000 git.huoys.com/qp/cells/vendor/git.huoys.com/qp/common/hall_message_s.GameUpdate 157 Info: game update msgRecv.En: 0.
2019/05/20 17:21:50.810000 git.huoys.com/qp/cells/vendor/git.huoys.com/qp/common/hall_message_s.GameUpdate 157 Info: game update msgRecv.En: 0.
2019/05/20 17:21:55.816000 git.huoys.com/qp/cells/vendor/git.huoys.com/qp/common/hall_message_s.GameUpdate 157 Info: game update msgRecv.En: 0.
2019/05/20 17:22:00.822000 git.huoys.com/qp/cells/vendor/git.huoys.com/qp/common/hall_message_s.GameUpdate 157 Info: game update msgRecv.En: 0.
2019/05/20 17:22:05.814000 git.huoys.com/qp/cells/vendor/git.huoys.com/qp/common/hall_message_s.GameUpdate 157 Info: game update msgRecv.En: 0.
2019/05/20 17:22:10.811000 git.huoys.com/qp/cells/vendor/git.huoys.com/qp/common/hall_message_s.GameUpdate 157 Info: game update msgRecv.En: 0.
2019/05/20 17:22:15.811000 git.huoys.com/qp/cells/vendor/git.huoys.com/qp/common/hall_message_s.GameUpdate 157 Info: game update msgRecv.En: 0.
2019/05/20 17:22:20.828000 git.huoys.com/qp/cells/vendor/git.huoys.com/qp/common/hall_message_s.GameUpdate 157 Info: game update msgRecv.En: 0.
2019/05/20 17:22:25.835000 git.huoys.com/qp/cells/vendor/git.huoys.com/qp/common/hall_message_s.GameUpdate 157 Info: game update msgRecv.En: 0.
2019/05/20 17:22:30.816000 git.huoys.com/qp/cells/vendor/git.huoys.com/qp/common/hall_message_s.GameUpdate 157 Info: game update msgRecv.En: 0.
2019/05/20 17:22:35.829000 git.huoys.com/qp/cells/vendor/git.huoys.com/qp/common/hall_message_s.GameUpdate 157 Info: game update msgRecv.En: 0.
2019/05/20 17:22:40.825000 git.huoys.com/qp/cells/vendor/git.huoys.com/qp/common/hall_message_s.GameUpdate 157 Info: game update msgRecv.En: 0.
2019/05/20 17:22:45.814000 git.huoys.com/qp/cells/vendor/git.huoys.com/qp/common/hall_message_s.GameUpdate 157 Info: game update msgRecv.En: 0.
2019/05/20 17:22:50.835000 git.huoys.com/qp/cells/vendor/git.huoys.com/qp/common/hall_message_s.GameUpdate 157 Info: game update msgRecv.En: 0.
2019/05/20 17:22:55.821000 git.huoys.com/qp/cells/vendor/git.huoys.com/qp/common/hall_message_s.GameUpdate 157 Info: game update msgRecv.En: 0.
2019/05/20 17:23:00.822000 git.huoys.com/qp/cells/vendor/git.huoys.com/qp/common/hall_message_s.GameUpdate 157 Info: game update msgRecv.En: 0.
2019/05/20 17:23:05.813000 git.huoys.com/qp/cells/vendor/git.huoys.com/qp/common/hall_message_s.GameUpdate 157 Info: game update msgRecv.En: 0.
2019/05/20 17:23:10.831000 git.huoys.com/qp/cells/vendor/git.huoys.com/qp/common/hall_message_s.GameUpdate 157 Info: game update msgRecv.En: 0.
2019/05/20 17:23:15.819000 git.huoys.com/qp/cells/vendor/git.huoys.com/qp/common/hall_message_s.GameUpdate 157 Info: game update msgRecv.En: 0.
2019/05/20 17:23:20.822000 git.huoys.com/qp/cells/vendor/git.huoys.com/qp/common/hall_message_s.GameUpdate 157 Info: game update msgRecv.En: 0.
2019/05/20 17:23:25.815000 git.huoys.com/qp/cells/vendor/git.huoys.com/qp/common/hall_message_s.GameUpdate 157 Info: game update msgRecv.En: 0.
2019/05/20 17:23:30.816000 git.huoys.com/qp/cells/vendor/git.huoys.com/qp/common/hall_message_s.GameUpdate 157 Info: game update msgRecv.En: 0.
2019/05/20 17:23:35.813000 git.huoys.com/qp/cells/vendor/git.huoys.com/qp/common/hall_message_s.GameUpdate 157 Info: game update msgRecv.En: 0.
2019/05/20 17:23:40.822000 git.huoys.com/qp/cells/vendor/git.huoys.com/qp/common/hall_message_s.GameUpdate 157 Info: game update msgRecv.En: 0.
2019/05/20 17:23:45.824000 git.huoys.com/qp/cells/vendor/git.huoys.com/qp/common/hall_message_s.GameUpdate 157 Info: game update msgRecv.En: 0.
2019/05/20 17:23:50.824000 git.huoys.com/qp/cells/vendor/git.huoys.com/qp/common/hall_message_s.GameUpdate 157 Info: game update msgRecv.En: 0.
2019/05/20 17:23:55.826000 git.huoys.com/qp/cells/vendor/git.huoys.com/qp/common/hall_message_s.GameUpdate 157 Info: game update msgRecv.En: 0.
2019/05/20 17:24:00.826000 git.huoys.com/qp/cells/vendor/git.huoys.com/qp/common/hall_message_s.GameUpdate 157 Info: game update msgRecv.En: 0.
2019/05/20 17:24:05.829000 git.huoys.com/qp/cells/vendor/git.huoys.com/qp/common/hall_message_s.GameUpdate 157 Info: game update msgRecv.En: 0.
2019/05/20 17:24:10.831000 git.huoys.com/qp/cells/vendor/git.huoys.com/qp/common/hall_message_s.GameUpdate 157 Info: game update msgRecv.En: 0.
2019/05/20 17:24:15.824000 git.huoys.com/qp/cells/vendor/git.huoys.com/qp/common/hall_message_s.GameUpdate 157 Info: game update msgRecv.En: 0.
2019/05/20 17:24:20.829000 git.huoys.com/qp/cells/vendor/git.huoys.com/qp/common/hall_message_s.GameUpdate 157 Info: game update msgRecv.En: 0.
2019/05/20 17:24:25.814000 git.huoys.com/qp/cells/vendor/git.huoys.com/qp/common/hall_message_s.GameUpdate 157 Info: game update msgRecv.En: 0.
2019/05/20 17:24:30.827000 git.huoys.com/qp/cells/vendor/git.huoys.com/qp/common/hall_message_s.GameUpdate 157 Info: game update msgRecv.En: 0.
2019/05/20 17:24:35.824000 git.huoys.com/qp/cells/vendor/git.huoys.com/qp/common/hall_message_s.GameUpdate 157 Info: game update msgRecv.En: 0.
2019/05/20 17:24:40.823000 git.huoys.com/qp/cells/vendor/git.huoys.com/qp/common/hall_message_s.GameUpdate 157 Info: game update msgRecv.En: 0.
2019/05/20 17:24:45.819000 git.huoys.com/qp/cells/vendor/git.huoys.com/qp/common/hall_message_s.GameUpdate 157 Info: game update msgRecv.En: 0.
2019/05/20 17:24:50.822000 git.huoys.com/qp/cells/vendor/git.huoys.com/qp/common/hall_message_s.GameUpdate 157 Info: game update msgRecv.En: 0.
2019/05/20 17:24:55.826000 git.huoys.com/qp/cells/vendor/git.huoys.com/qp/common/hall_message_s.GameUpdate 157 Info: game update msgRecv.En: 0.
2019/05/20 17:25:00.825000 git.huoys.com/qp/cells/vendor/git.huoys.com/qp/common/hall_message_s.GameUpdate 157 Info: game update msgRecv.En: 0.
2019/05/20 17:25:05.829000 git.huoys.com/qp/cells/vendor/git.huoys.com/qp/common/hall_message_s.GameUpdate 157 Info: game update msgRecv.En: 0.
2019/05/20 17:25:10.833000 git.huoys.com/qp/cells/vendor/git.huoys.com/qp/common/hall_message_s.GameUpdate 157 Info: game update msgRecv.En: 0.
2019/05/20 17:25:15.824000 git.huoys.com/qp/cells/vendor/git.huoys.com/qp/common/hall_message_s.GameUpdate 157 Info: game update msgRecv.En: 0.
2019/05/20 17:25:20.815000 git.huoys.com/qp/cells/vendor/git.huoys.com/qp/common/hall_message_s.GameUpdate 157 Info: game update msgRecv.En: 0.
2019/05/20 17:25:25.814000 git.huoys.com/qp/cells/vendor/git.huoys.com/qp/common/hall_message_s.GameUpdate 157 Info: game update msgRecv.En: 0.
2019/05/20 17:25:30.820000 git.huoys.com/qp/cells/vendor/git.huoys.com/qp/common/hall_message_s.GameUpdate 157 Info: game update msgRecv.En: 0.
2019/05/20 17:25:35.823000 git.huoys.com/qp/cells/vendor/git.huoys.com/qp/common/hall_message_s.GameUpdate 157 Info: game update msgRecv.En: 0.
2019/05/20 17:25:40.819000 git.huoys.com/qp/cells/vendor/git.huoys.com/qp/common/hall_message_s.GameUpdate 157 Info: game update msgRecv.En: 0.
2019/05/20 17:25:45.822000 git.huoys.com/qp/cells/vendor/git.huoys.com/qp/common/hall_message_s.GameUpdate 157 Info: game update msgRecv.En: 0.
2019/05/20 17:25:50.826000 git.huoys.com/qp/cells/vendor/git.huoys.com/qp/common/hall_message_s.GameUpdate 157 Info: game update msgRecv.En: 0.
2019/05/20 17:25:55.818000 git.huoys.com/qp/cells/vendor/git.huoys.com/qp/common/hall_message_s.GameUpdate 157 Info: game update msgRecv.En: 0.
2019/05/20 17:26:00.829000 git.huoys.com/qp/cells/vendor/git.huoys.com/qp/common/hall_message_s.GameUpdate 157 Info: game update msgRecv.En: 0.
2019/05/20 17:26:05.820000 git.huoys.com/qp/cells/vendor/git.huoys.com/qp/common/hall_message_s.GameUpdate 157 Info: game update msgRecv.En: 0.
2019/05/20 17:26:10.824000 git.huoys.com/qp/cells/vendor/git.huoys.com/qp/common/hall_message_s.GameUpdate 157 Info: game update msgRecv.En: 0.
2019/05/20 17:26:15.823000 git.huoys.com/qp/cells/vendor/git.huoys.com/qp/common/hall_message_s.GameUpdate 157 Info: game update msgRecv.En: 0.
2019/05/20 17:26:20.826000 git.huoys.com/qp/cells/vendor/git.huoys.com/qp/common/hall_message_s.GameUpdate 157 Info: game update msgRecv.En: 0.
2019/05/20 17:26:25.824000 git.huoys.com/qp/cells/vendor/git.huoys.com/qp/common/hall_message_s.GameUpdate 157 Info: game update msgRecv.En: 0.
2019/05/20 17:26:30.824000 git.huoys.com/qp/cells/vendor/git.huoys.com/qp/common/hall_message_s.GameUpdate 157 Info: game update msgRecv.En: 0.
2019/05/20 17:26:35.821000 git.huoys.com/qp/cells/vendor/git.huoys.com/qp/common/hall_message_s.GameUpdate 157 Info: game update msgRecv.En: 0.
2019/05/20 17:26:40.829000 git.huoys.com/qp/cells/vendor/git.huoys.com/qp/common/hall_message_s.GameUpdate 157 Info: game update msgRecv.En: 0.
2019/05/20 17:26:45.821000 git.huoys.com/qp/cells/vendor/git.huoys.com/qp/common/hall_message_s.GameUpdate 157 Info: game update msgRecv.En: 0.
2019/05/20 17:26:50.827000 git.huoys.com/qp/cells/vendor/git.huoys.com/qp/common/hall_message_s.GameUpdate 157 Info: game update msgRecv.En: 0.
2019/05/20 17:26:55.825000 git.huoys.com/qp/cells/vendor/git.huoys.com/qp/common/hall_message_s.GameUpdate 157 Info: game update msgRecv.En: 0.
2019/05/20 17:27:00.827000 git.huoys.com/qp/cells/vendor/git.huoys.com/qp/common/hall_message_s.GameUpdate 157 Info: game update msgRecv.En: 0.
2019/05/20 17:27:05.825000 git.huoys.com/qp/cells/vendor/git.huoys.com/qp/common/hall_message_s.GameUpdate 157 Info: game update msgRecv.En: 0.
2019/05/20 17:27:10.823000 git.huoys.com/qp/cells/vendor/git.huoys.com/qp/common/hall_message_s.GameUpdate 157 Info: game update msgRecv.En: 0.
2019/05/20 17:27:15.824000 git.huoys.com/qp/cells/vendor/git.huoys.com/qp/common/hall_message_s.GameUpdate 157 Info: game update msgRecv.En: 0.
2019/05/20 17:27:20.830000 git.huoys.com/qp/cells/vendor/git.huoys.com/qp/common/hall_message_s.GameUpdate 157 Info: game update msgRecv.En: 0.
2019/05/20 17:27:25.822000 git.huoys.com/qp/cells/vendor/git.huoys.com/qp/common/hall_message_s.GameUpdate 157 Info: game update msgRecv.En: 0.
2019/05/20 17:27:30.823000 git.huoys.com/qp/cells/vendor/git.huoys.com/qp/common/hall_message_s.GameUpdate 157 Info: game update msgRecv.En: 0.
2019/05/20 17:27:35.815000 git.huoys.com/qp/cells/vendor/git.huoys.com/qp/common/hall_message_s.GameUpdate 157 Info: game update msgRecv.En: 0.
2019/05/20 17:27:40.812000 git.huoys.com/qp/cells/vendor/git.huoys.com/qp/common/hall_message_s.GameUpdate 157 Info: game update msgRecv.En: 0.
2019/05/20 17:27:45.820000 git.huoys.com/qp/cells/vendor/git.huoys.com/qp/common/hall_message_s.GameUpdate 157 Info: game update msgRecv.En: 0.
2019/05/20 17:27:50.826000 git.huoys.com/qp/cells/vendor/git.huoys.com/qp/common/hall_message_s.GameUpdate 157 Info: game update msgRecv.En: 0.
2019/05/20 17:27:55.826000 git.huoys.com/qp/cells/vendor/git.huoys.com/qp/common/hall_message_s.GameUpdate 157 Info: game update msgRecv.En: 0.
2019/05/20 17:28:00.823000 git.huoys.com/qp/cells/vendor/git.huoys.com/qp/common/hall_message_s.GameUpdate 157 Info: game update msgRecv.En: 0.
2019/05/20 17:28:05.827000 git.huoys.com/qp/cells/vendor/git.huoys.com/qp/common/hall_message_s.GameUpdate 157 Info: game update msgRecv.En: 0.
2019/05/20 17:28:10.811000 git.huoys.com/qp/cells/vendor/git.huoys.com/qp/common/hall_message_s.GameUpdate 157 Info: game update msgRecv.En: 0.
2019/05/20 17:28:15.822000 git.huoys.com/qp/cells/vendor/git.huoys.com/qp/common/hall_message_s.GameUpdate 157 Info: game update msgRecv.En: 0.
2019/05/20 17:28:20.830000 git.huoys.com/qp/cells/vendor/git.huoys.com/qp/common/hall_message_s.GameUpdate 157 Info: game update msgRecv.En: 0.
2019/05/20 17:28:25.829000 git.huoys.com/qp/cells/vendor/git.huoys.com/qp/common/hall_message_s.GameUpdate 157 Info: game update msgRecv.En: 0.
2019/05/20 17:28:30.822000 git.huoys.com/qp/cells/vendor/git.huoys.com/qp/common/hall_message_s.GameUpdate 157 Info: game update msgRecv.En: 0.
2019/05/20 17:28:35.821000 git.huoys.com/qp/cells/vendor/git.huoys.com/qp/common/hall_message_s.GameUpdate 157 Info: game update msgRecv.En: 0.
2019/05/20 17:28:40.829000 git.huoys.com/qp/cells/vendor/git.huoys.com/qp/common/hall_message_s.GameUpdate 157 Info: game update msgRecv.En: 0.
2019/05/20 17:28:45.827000 git.huoys.com/qp/cells/vendor/git.huoys.com/qp/common/hall_message_s.GameUpdate 157 Info: game update msgRecv.En: 0.
2019/05/20 17:28:50.825000 git.huoys.com/qp/cells/vendor/git.huoys.com/qp/common/hall_message_s.GameUpdate 157 Info: game update msgRecv.En: 0.
2019/05/20 17:28:55.820000 git.huoys.com/qp/cells/vendor/git.huoys.com/qp/common/hall_message_s.GameUpdate 157 Info: game update msgRecv.En: 0.
2019/05/20 17:29:00.826000 git.huoys.com/qp/cells/vendor/git.huoys.com/qp/common/hall_message_s.GameUpdate 157 Info: game update msgRecv.En: 0.
2019/05/20 17:29:05.832000 git.huoys.com/qp/cells/vendor/git.huoys.com/qp/common/hall_message_s.GameUpdate 157 Info: game update msgRecv.En: 0.
2019/05/20 17:29:10.823000 git.huoys.com/qp/cells/vendor/git.huoys.com/qp/common/hall_message_s.GameUpdate 157 Info: game update msgRecv.En: 0.
2019/05/20 17:29:15.817000 git.huoys.com/qp/cells/vendor/git.huoys.com/qp/common/hall_message_s.GameUpdate 157 Info: game update msgRecv.En: 0.
2019/05/20 17:29:20.833000 git.huoys.com/qp/cells/vendor/git.huoys.com/qp/common/hall_message_s.GameUpdate 157 Info: game update msgRecv.En: 0.
2019/05/20 17:29:25.832000 git.huoys.com/qp/cells/vendor/git.huoys.com/qp/common/hall_message_s.GameUpdate 157 Info: game update msgRecv.En: 0.
2019/05/20 17:29:30.825000 git.huoys.com/qp/cells/vendor/git.huoys.com/qp/common/hall_message_s.GameUpdate 157 Info: game update msgRecv.En: 0.
2019/05/20 17:29:35.826000 git.huoys.com/qp/cells/vendor/git.huoys.com/qp/common/hall_message_s.GameUpdate 157 Info: game update msgRecv.En: 0.
2019/05/20 17:29:40.824000 git.huoys.com/qp/cells/vendor/git.huoys.com/qp/common/hall_message_s.GameUpdate 157 Info: game update msgRecv.En: 0.
2019/05/20 17:29:45.820000 git.huoys.com/qp/cells/vendor/git.huoys.com/qp/common/hall_message_s.GameUpdate 157 Info: game update msgRecv.En: 0.
2019/05/20 17:29:50.824000 git.huoys.com/qp/cells/vendor/git.huoys.com/qp/common/hall_message_s.GameUpdate 157 Info: game update msgRecv.En: 0.
2019/05/20 17:29:55.830000 git.huoys.com/qp/cells/vendor/git.huoys.com/qp/common/hall_message_s.GameUpdate 157 Info: game update msgRecv.En: 0.
2019/05/20 17:30:00.827000 git.huoys.com/qp/cells/vendor/git.huoys.com/qp/common/hall_message_s.GameUpdate 157 Info: game update msgRecv.En: 0.
2019/05/20 17:30:05.827000 git.huoys.com/qp/cells/vendor/git.huoys.com/qp/common/hall_message_s.GameUpdate 157 Info: game update msgRecv.En: 0.
2019/05/20 17:30:10.834000 git.huoys.com/qp/cells/vendor/git.huoys.com/qp/common/hall_message_s.GameUpdate 157 Info: game update msgRecv.En: 0.
2019/05/20 17:30:15.838000 git.huoys.com/qp/cells/vendor/git.huoys.com/qp/common/hall_message_s.GameUpdate 157 Info: game update msgRecv.En: 0.
2019/05/20 17:30:20.832000 git.huoys.com/qp/cells/vendor/git.huoys.com/qp/common/hall_message_s.GameUpdate 157 Info: game update msgRecv.En: 0.
2019/05/20 17:30:25.827000 git.huoys.com/qp/cells/vendor/git.huoys.com/qp/common/hall_message_s.GameUpdate 157 Info: game update msgRecv.En: 0.
2019/05/20 17:30:30.832000 git.huoys.com/qp/cells/vendor/git.huoys.com/qp/common/hall_message_s.GameUpdate 157 Info: game update msgRecv.En: 0.
2019/05/20 17:30:35.827000 git.huoys.com/qp/cells/vendor/git.huoys.com/qp/common/hall_message_s.GameUpdate 157 Info: game update msgRecv.En: 0.
2019/05/20 17:30:40.833000 git.huoys.com/qp/cells/vendor/git.huoys.com/qp/common/hall_message_s.GameUpdate 157 Info: game update msgRecv.En: 0.
2019/05/20 17:30:45.826000 git.huoys.com/qp/cells/vendor/git.huoys.com/qp/common/hall_message_s.GameUpdate 157 Info: game update msgRecv.En: 0.
2019/05/20 17:30:50.825000 git.huoys.com/qp/cells/vendor/git.huoys.com/qp/common/hall_message_s.GameUpdate 157 Info: game update msgRecv.En: 0.
2019/05/20 17:30:55.824000 git.huoys.com/qp/cells/vendor/git.huoys.com/qp/common/hall_message_s.GameUpdate 157 Info: game update msgRecv.En: 0.
2019/05/20 17:31:00.833000 git.huoys.com/qp/cells/vendor/git.huoys.com/qp/common/hall_message_s.GameUpdate 157 Info: game update msgRecv.En: 0.
2019/05/20 17:31:05.823000 git.huoys.com/qp/cells/vendor/git.huoys.com/qp/common/hall_message_s.GameUpdate 157 Info: game update msgRecv.En: 0.
2019/05/20 17:31:10.833000 git.huoys.com/qp/cells/vendor/git.huoys.com/qp/common/hall_message_s.GameUpdate 157 Info: game update msgRecv.En: 0.
2019/05/20 17:31:15.829000 git.huoys.com/qp/cells/vendor/git.huoys.com/qp/common/hall_message_s.GameUpdate 157 Info: game update msgRecv.En: 0.
2019/05/20 17:31:20.830000 git.huoys.com/qp/cells/vendor/git.huoys.com/qp/common/hall_message_s.GameUpdate 157 Info: game update msgRecv.En: 0.
2019/05/20 17:31:25.828000 git.huoys.com/qp/cells/vendor/git.huoys.com/qp/common/hall_message_s.GameUpdate 157 Info: game update msgRecv.En: 0.
2019/05/20 17:31:30.831000 git.huoys.com/qp/cells/vendor/git.huoys.com/qp/common/hall_message_s.GameUpdate 157 Info: game update msgRecv.En: 0.
2019/05/20 17:31:35.825000 git.huoys.com/qp/cells/vendor/git.huoys.com/qp/common/hall_message_s.GameUpdate 157 Info: game update msgRecv.En: 0.
2019/05/20 17:31:40.817000 git.huoys.com/qp/cells/vendor/git.huoys.com/qp/common/hall_message_s.GameUpdate 157 Info: game update msgRecv.En: 0.
2019/05/20 17:31:45.820000 git.huoys.com/qp/cells/vendor/git.huoys.com/qp/common/hall_message_s.GameUpdate 157 Info: game update msgRecv.En: 0.
2019/05/20 17:31:50.824000 git.huoys.com/qp/cells/vendor/git.huoys.com/qp/common/hall_message_s.GameUpdate 157 Info: game update msgRecv.En: 0.
2019/05/20 17:31:55.824000 git.huoys.com/qp/cells/vendor/git.huoys.com/qp/common/hall_message_s.GameUpdate 157 Info: game update msgRecv.En: 0.
2019/05/20 17:32:00.830000 git.huoys.com/qp/cells/vendor/git.huoys.com/qp/common/hall_message_s.GameUpdate 157 Info: game update msgRecv.En: 0.
2019/05/20 17:32:05.829000 git.huoys.com/qp/cells/vendor/git.huoys.com/qp/common/hall_message_s.GameUpdate 157 Info: game update msgRecv.En: 0.
2019/05/20 17:32:10.834000 git.huoys.com/qp/cells/vendor/git.huoys.com/qp/common/hall_message_s.GameUpdate 157 Info: game update msgRecv.En: 0.
2019/05/20 17:32:15.828000 git.huoys.com/qp/cells/vendor/git.huoys.com/qp/common/hall_message_s.GameUpdate 157 Info: game update msgRecv.En: 0.
2019/05/20 17:32:20.829000 git.huoys.com/qp/cells/vendor/git.huoys.com/qp/common/hall_message_s.GameUpdate 157 Info: game update msgRecv.En: 0.
2019/05/20 17:32:25.825000 git.huoys.com/qp/cells/vendor/git.huoys.com/qp/common/hall_message_s.GameUpdate 157 Info: game update msgRecv.En: 0.
2019/05/20 17:32:30.826000 git.huoys.com/qp/cells/vendor/git.huoys.com/qp/common/hall_message_s.GameUpdate 157 Info: game update msgRecv.En: 0.
2019/05/20 17:32:35.827000 git.huoys.com/qp/cells/vendor/git.huoys.com/qp/common/hall_message_s.GameUpdate 157 Info: game update msgRecv.En: 0.
2019/05/20 17:32:40.826000 git.huoys.com/qp/cells/vendor/git.huoys.com/qp/common/hall_message_s.GameUpdate 157 Info: game update msgRecv.En: 0.
2019/05/20 17:32:45.828000 git.huoys.com/qp/cells/vendor/git.huoys.com/qp/common/hall_message_s.GameUpdate 157 Info: game update msgRecv.En: 0.
2019/05/20 17:32:50.829000 git.huoys.com/qp/cells/vendor/git.huoys.com/qp/common/hall_message_s.GameUpdate 157 Info: game update msgRecv.En: 0.
2019/05/20 17:32:55.820000 git.huoys.com/qp/cells/vendor/git.huoys.com/qp/common/hall_message_s.GameUpdate 157 Info: game update msgRecv.En: 0.
2019/05/20 17:33:00.825000 git.huoys.com/qp/cells/vendor/git.huoys.com/qp/common/hall_message_s.GameUpdate 157 Info: game update msgRecv.En: 0.
2019/05/20 17:33:05.825000 git.huoys.com/qp/cells/vendor/git.huoys.com/qp/common/hall_message_s.GameUpdate 157 Info: game update msgRecv.En: 0.
2019/05/20 17:33:10.824000 git.huoys.com/qp/cells/vendor/git.huoys.com/qp/common/hall_message_s.GameUpdate 157 Info: game update msgRecv.En: 0.
2019/05/20 17:33:15.821000 git.huoys.com/qp/cells/vendor/git.huoys.com/qp/common/hall_message_s.GameUpdate 157 Info: game update msgRecv.En: 0.
2019/05/20 17:33:20.827000 git.huoys.com/qp/cells/vendor/git.huoys.com/qp/common/hall_message_s.GameUpdate 157 Info: game update msgRecv.En: 0.
2019/05/20 17:33:25.831000 git.huoys.com/qp/cells/vendor/git.huoys.com/qp/common/hall_message_s.GameUpdate 157 Info: game update msgRecv.En: 0.
2019/05/20 17:33:30.828000 git.huoys.com/qp/cells/vendor/git.huoys.com/qp/common/hall_message_s.GameUpdate 157 Info: game update msgRecv.En: 0.
2019/05/20 17:33:35.833000 git.huoys.com/qp/cells/vendor/git.huoys.com/qp/common/hall_message_s.GameUpdate 157 Info: game update msgRecv.En: 0.
2019/05/20 17:33:40.833000 git.huoys.com/qp/cells/vendor/git.huoys.com/qp/common/hall_message_s.GameUpdate 157 Info: game update msgRecv.En: 0.
2019/05/20 17:33:45.830000 git.huoys.com/qp/cells/vendor/git.huoys.com/qp/common/hall_message_s.GameUpdate 157 Info: game update msgRecv.En: 0.
2019/05/20 17:33:50.828000 git.huoys.com/qp/cells/vendor/git.huoys.com/qp/common/hall_message_s.GameUpdate 157 Info: game update msgRecv.En: 0.
2019/05/20 17:33:55.834000 git.huoys.com/qp/cells/vendor/git.huoys.com/qp/common/hall_message_s.GameUpdate 157 Info: game update msgRecv.En: 0.
2019/05/20 17:34:00.819000 git.huoys.com/qp/cells/vendor/git.huoys.com/qp/common/hall_message_s.GameUpdate 157 Info: game update msgRecv.En: 0.
2019/05/20 17:34:05.833000 git.huoys.com/qp/cells/vendor/git.huoys.com/qp/common/hall_message_s.GameUpdate 157 Info: game update msgRecv.En: 0.
2019/05/20 17:34:10.822000 git.huoys.com/qp/cells/vendor/git.huoys.com/qp/common/hall_message_s.GameUpdate 157 Info: game update msgRecv.En: 0.
2019/05/20 17:34:15.827000 git.huoys.com/qp/cells/vendor/git.huoys.com/qp/common/hall_message_s.GameUpdate 157 Info: game update msgRecv.En: 0.
2019/05/20 17:34:20.833000 git.huoys.com/qp/cells/vendor/git.huoys.com/qp/common/hall_message_s.GameUpdate 157 Info: game update msgRecv.En: 0.
2019/05/20 17:34:25.825000 git.huoys.com/qp/cells/vendor/git.huoys.com/qp/common/hall_message_s.GameUpdate 157 Info: game update msgRecv.En: 0.
2019/05/20 17:34:30.823000 git.huoys.com/qp/cells/vendor/git.huoys.com/qp/common/hall_message_s.GameUpdate 157 Info: game update msgRecv.En: 0.
2019/05/20 17:34:35.819000 git.huoys.com/qp/cells/vendor/git.huoys.com/qp/common/hall_message_s.GameUpdate 157 Info: game update msgRecv.En: 0.
2019/05/20 17:34:40.829000 git.huoys.com/qp/cells/vendor/git.huoys.com/qp/common/hall_message_s.GameUpdate 157 Info: game update msgRecv.En: 0.
2019/05/20 17:34:45.826000 git.huoys.com/qp/cells/vendor/git.huoys.com/qp/common/hall_message_s.GameUpdate 157 Info: game update msgRecv.En: 0.
2019/05/20 17:34:50.828000 git.huoys.com/qp/cells/vendor/git.huoys.com/qp/common/hall_message_s.GameUpdate 157 Info: game update msgRecv.En: 0.
2019/05/20 17:34:55.823000 git.huoys.com/qp/cells/vendor/git.huoys.com/qp/common/hall_message_s.GameUpdate 157 Info: game update msgRecv.En: 0.
2019/05/20 17:35:00.832000 git.huoys.com/qp/cells/vendor/git.huoys.com/qp/common/hall_message_s.GameUpdate 157 Info: game update msgRecv.En: 0.
2019/05/20 17:35:05.834000 git.huoys.com/qp/cells/vendor/git.huoys.com/qp/common/hall_message_s.GameUpdate 157 Info: game update msgRecv.En: 0.
2019/05/20 17:35:10.826000 git.huoys.com/qp/cells/vendor/git.huoys.com/qp/common/hall_message_s.GameUpdate 157 Info: game update msgRecv.En: 0.
2019/05/20 17:35:15.830000 git.huoys.com/qp/cells/vendor/git.huoys.com/qp/common/hall_message_s.GameUpdate 157 Info: game update msgRecv.En: 0.
2019/05/20 17:35:20.833000 git.huoys.com/qp/cells/vendor/git.huoys.com/qp/common/hall_message_s.GameUpdate 157 Info: game update msgRecv.En: 0.
2019/05/20 17:35:25.825000 git.huoys.com/qp/cells/vendor/git.huoys.com/qp/common/hall_message_s.GameUpdate 157 Info: game update msgRecv.En: 0.
2019/05/20 17:35:30.831000 git.huoys.com/qp/cells/vendor/git.huoys.com/qp/common/hall_message_s.GameUpdate 157 Info: game update msgRecv.En: 0.
2019/05/20 17:35:35.818000 git.huoys.com/qp/cells/vendor/git.huoys.com/qp/common/hall_message_s.GameUpdate 157 Info: game update msgRecv.En: 0.
2019/05/20 17:35:40.824000 git.huoys.com/qp/cells/vendor/git.huoys.com/qp/common/hall_message_s.GameUpdate 157 Info: game update msgRecv.En: 0.
2019/05/20 17:35:45.818000 git.huoys.com/qp/cells/vendor/git.huoys.com/qp/common/hall_message_s.GameUpdate 157 Info: game update msgRecv.En: 0.
2019/05/20 17:35:50.819000 git.huoys.com/qp/cells/vendor/git.huoys.com/qp/common/hall_message_s.GameUpdate 157 Info: game update msgRecv.En: 0.
2019/05/20 17:35:55.833000 git.huoys.com/qp/cells/vendor/git.huoys.com/qp/common/hall_message_s.GameUpdate 157 Info: game update msgRecv.En: 0.
2019/05/20 17:36:00.826000 git.huoys.com/qp/cells/vendor/git.huoys.com/qp/common/hall_message_s.GameUpdate 157 Info: game update msgRecv.En: 0.
2019/05/20 17:36:05.834000 git.huoys.com/qp/cells/vendor/git.huoys.com/qp/common/hall_message_s.GameUpdate 157 Info: game update msgRecv.En: 0.
2019/05/20 17:36:10.838000 git.huoys.com/qp/cells/vendor/git.huoys.com/qp/common/hall_message_s.GameUpdate 157 Info: game update msgRecv.En: 0.
2019/05/20 17:36:15.828000 git.huoys.com/qp/cells/vendor/git.huoys.com/qp/common/hall_message_s.GameUpdate 157 Info: game update msgRecv.En: 0.
2019/05/20 17:36:20.827000 git.huoys.com/qp/cells/vendor/git.huoys.com/qp/common/hall_message_s.GameUpdate 157 Info: game update msgRecv.En: 0.
2019/05/20 17:36:25.831000 git.huoys.com/qp/cells/vendor/git.huoys.com/qp/common/hall_message_s.GameUpdate 157 Info: game update msgRecv.En: 0.
2019/05/20 17:36:30.831000 git.huoys.com/qp/cells/vendor/git.huoys.com/qp/common/hall_message_s.GameUpdate 157 Info: game update msgRecv.En: 0.
2019/05/20 17:36:35.832000 git.huoys.com/qp/cells/vendor/git.huoys.com/qp/common/hall_message_s.GameUpdate 157 Info: game update msgRecv.En: 0.
2019/05/20 17:36:40.831000 git.huoys.com/qp/cells/vendor/git.huoys.com/qp/common/hall_message_s.GameUpdate 157 Info: game update msgRecv.En: 0.
2019/05/20 17:36:45.829000 git.huoys.com/qp/cells/vendor/git.huoys.com/qp/common/hall_message_s.GameUpdate 157 Info: game update msgRecv.En: 0.
2019/05/20 17:36:50.828000 git.huoys.com/qp/cells/vendor/git.huoys.com/qp/common/hall_message_s.GameUpdate 157 Info: game update msgRecv.En: 0.
2019/05/20 17:36:55.840000 git.huoys.com/qp/cells/vendor/git.huoys.com/qp/common/hall_message_s.GameUpdate 157 Info: game update msgRecv.En: 0.
2019/05/20 17:37:00.828000 git.huoys.com/qp/cells/vendor/git.huoys.com/qp/common/hall_message_s.GameUpdate 157 Info: game update msgRecv.En: 0.
2019/05/20 17:37:05.835000 git.huoys.com/qp/cells/vendor/git.huoys.com/qp/common/hall_message_s.GameUpdate 157 Info: game update msgRecv.En: 0.
2019/05/20 17:37:10.838000 git.huoys.com/qp/cells/vendor/git.huoys.com/qp/common/hall_message_s.GameUpdate 157 Info: game update msgRecv.En: 0.
2019/05/20 17:37:15.836000 git.huoys.com/qp/cells/vendor/git.huoys.com/qp/common/hall_message_s.GameUpdate 157 Info: game update msgRecv.En: 0.
2019/05/20 17:37:20.835000 git.huoys.com/qp/cells/vendor/git.huoys.com/qp/common/hall_message_s.GameUpdate 157 Info: game update msgRecv.En: 0.
2019/05/20 17:37:25.828000 git.huoys.com/qp/cells/vendor/git.huoys.com/qp/common/hall_message_s.GameUpdate 157 Info: game update msgRecv.En: 0.
2019/05/20 17:37:30.831000 git.huoys.com/qp/cells/vendor/git.huoys.com/qp/common/hall_message_s.GameUpdate 157 Info: game update msgRecv.En: 0.
2019/05/20 17:37:35.838000 git.huoys.com/qp/cells/vendor/git.huoys.com/qp/common/hall_message_s.GameUpdate 157 Info: game update msgRecv.En: 0.
2019/05/20 17:37:40.835000 git.huoys.com/qp/cells/vendor/git.huoys.com/qp/common/hall_message_s.GameUpdate 157 Info: game update msgRecv.En: 0.
2019/05/20 17:37:45.832000 git.huoys.com/qp/cells/vendor/git.huoys.com/qp/common/hall_message_s.GameUpdate 157 Info: game update msgRecv.En: 0.
2019/05/20 17:37:50.831000 git.huoys.com/qp/cells/vendor/git.huoys.com/qp/common/hall_message_s.GameUpdate 157 Info: game update msgRecv.En: 0.
2019/05/20 17:37:55.843000 git.huoys.com/qp/cells/vendor/git.huoys.com/qp/common/hall_message_s.GameUpdate 157 Info: game update msgRecv.En: 0.
2019/05/20 17:38:00.831000 git.huoys.com/qp/cells/vendor/git.huoys.com/qp/common/hall_message_s.GameUpdate 157 Info: game update msgRecv.En: 0.
2019/05/20 17:38:05.834000 git.huoys.com/qp/cells/vendor/git.huoys.com/qp/common/hall_message_s.GameUpdate 157 Info: game update msgRecv.En: 0.
2019/05/20 17:38:10.834000 git.huoys.com/qp/cells/vendor/git.huoys.com/qp/common/hall_message_s.GameUpdate 157 Info: game update msgRecv.En: 0.
2019/05/20 17:38:15.837000 git.huoys.com/qp/cells/vendor/git.huoys.com/qp/common/hall_message_s.GameUpdate 157 Info: game update msgRecv.En: 0.
2019/05/20 17:38:20.834000 git.huoys.com/qp/cells/vendor/git.huoys.com/qp/common/hall_message_s.GameUpdate 157 Info: game update msgRecv.En: 0.
2019/05/20 17:38:25.828000 git.huoys.com/qp/cells/vendor/git.huoys.com/qp/common/hall_message_s.GameUpdate 157 Info: game update msgRecv.En: 0.
2019/05/20 17:38:30.840000 git.huoys.com/qp/cells/vendor/git.huoys.com/qp/common/hall_message_s.GameUpdate 157 Info: game update msgRecv.En: 0.
2019/05/20 17:38:35.825000 git.huoys.com/qp/cells/vendor/git.huoys.com/qp/common/hall_message_s.GameUpdate 157 Info: game update msgRecv.En: 0.
2019/05/20 17:38:40.832000 git.huoys.com/qp/cells/vendor/git.huoys.com/qp/common/hall_message_s.GameUpdate 157 Info: game update msgRecv.En: 0.
2019/05/20 17:38:45.833000 git.huoys.com/qp/cells/vendor/git.huoys.com/qp/common/hall_message_s.GameUpdate 157 Info: game update msgRecv.En: 0.
2019/05/20 17:38:50.840000 git.huoys.com/qp/cells/vendor/git.huoys.com/qp/common/hall_message_s.GameUpdate 157 Info: game update msgRecv.En: 0.
2019/05/20 17:38:55.842000 git.huoys.com/qp/cells/vendor/git.huoys.com/qp/common/hall_message_s.GameUpdate 157 Info: game update msgRecv.En: 0.
2019/05/20 17:39:00.838000 git.huoys.com/qp/cells/vendor/git.huoys.com/qp/common/hall_message_s.GameUpdate 157 Info: game update msgRecv.En: 0.
2019/05/20 17:39:05.838000 git.huoys.com/qp/cells/vendor/git.huoys.com/qp/common/hall_message_s.GameUpdate 157 Info: game update msgRecv.En: 0.
2019/05/20 17:39:10.834000 git.huoys.com/qp/cells/vendor/git.huoys.com/qp/common/hall_message_s.GameUpdate 157 Info: game update msgRecv.En: 0.
2019/05/20 17:39:15.831000 git.huoys.com/qp/cells/vendor/git.huoys.com/qp/common/hall_message_s.GameUpdate 157 Info: game update msgRecv.En: 0.
2019/05/20 17:39:20.833000 git.huoys.com/qp/cells/vendor/git.huoys.com/qp/common/hall_message_s.GameUpdate 157 Info: game update msgRecv.En: 0.
2019/05/20 17:39:25.837000 git.huoys.com/qp/cells/vendor/git.huoys.com/qp/common/hall_message_s.GameUpdate 157 Info: game update msgRecv.En: 0.
2019/05/20 17:39:30.837000 git.huoys.com/qp/cells/vendor/git.huoys.com/qp/common/hall_message_s.GameUpdate 157 Info: game update msgRecv.En: 0.
2019/05/20 17:39:35.841000 git.huoys.com/qp/cells/vendor/git.huoys.com/qp/common/hall_message_s.GameUpdate 157 Info: game update msgRecv.En: 0.
2019/05/20 17:39:40.839000 git.huoys.com/qp/cells/vendor/git.huoys.com/qp/common/hall_message_s.GameUpdate 157 Info: game update msgRecv.En: 0.
2019/05/20 17:39:45.843000 git.huoys.com/qp/cells/vendor/git.huoys.com/qp/common/hall_message_s.GameUpdate 157 Info: game update msgRecv.En: 0.
2019/05/20 17:39:50.831000 git.huoys.com/qp/cells/vendor/git.huoys.com/qp/common/hall_message_s.GameUpdate 157 Info: game update msgRecv.En: 0.
2019/05/20 17:39:55.835000 git.huoys.com/qp/cells/vendor/git.huoys.com/qp/common/hall_message_s.GameUpdate 157 Info: game update msgRecv.En: 0.
2019/05/20 17:40:00.870000 git.huoys.com/qp/cells/vendor/git.huoys.com/qp/common/hall_message_s.GameUpdate 157 Info: game update msgRecv.En: 0.
2019/05/20 17:40:05.843000 git.huoys.com/qp/cells/vendor/git.huoys.com/qp/common/hall_message_s.GameUpdate 157 Info: game update msgRecv.En: 0.
2019/05/20 17:40:10.841000 git.huoys.com/qp/cells/vendor/git.huoys.com/qp/common/hall_message_s.GameUpdate 157 Info: game update msgRecv.En: 0.
2019/05/20 17:40:15.846000 git.huoys.com/qp/cells/vendor/git.huoys.com/qp/common/hall_message_s.GameUpdate 157 Info: game update msgRecv.En: 0.
2019/05/20 17:40:20.845000 git.huoys.com/qp/cells/vendor/git.huoys.com/qp/common/hall_message_s.GameUpdate 157 Info: game update msgRecv.En: 0.
2019/05/20 17:40:25.858000 git.huoys.com/qp/cells/vendor/git.huoys.com/qp/common/hall_message_s.GameUpdate 157 Info: game update msgRecv.En: 0.
2019/05/20 17:40:30.843000 git.huoys.com/qp/cells/vendor/git.huoys.com/qp/common/hall_message_s.GameUpdate 157 Info: game update msgRecv.En: 0.
2019/05/20 17:40:35.852000 git.huoys.com/qp/cells/vendor/git.huoys.com/qp/common/hall_message_s.GameUpdate 157 Info: game update msgRecv.En: 0.
2019/05/20 17:40:40.942000 git.huoys.com/qp/cells/vendor/git.huoys.com/qp/common/hall_message_s.GameUpdate 157 Info: game update msgRecv.En: 0.
2019/05/20 17:40:45.842000 git.huoys.com/qp/cells/vendor/git.huoys.com/qp/common/hall_message_s.GameUpdate 157 Info: game update msgRecv.En: 0.
2019/05/20 17:40:50.843000 git.huoys.com/qp/cells/vendor/git.huoys.com/qp/common/hall_message_s.GameUpdate 157 Info: game update msgRecv.En: 0.
2019/05/20 17:40:55.843000 git.huoys.com/qp/cells/vendor/git.huoys.com/qp/common/hall_message_s.GameUpdate 157 Info: game update msgRecv.En: 0.
2019/05/20 17:41:00.854000 git.huoys.com/qp/cells/vendor/git.huoys.com/qp/common/hall_message_s.GameUpdate 157 Info: game update msgRecv.En: 0.
2019/05/20 17:41:05.860000 git.huoys.com/qp/cells/vendor/git.huoys.com/qp/common/hall_message_s.GameUpdate 157 Info: game update msgRecv.En: 0.
2019/05/20 17:41:10.854000 git.huoys.com/qp/cells/vendor/git.huoys.com/qp/common/hall_message_s.GameUpdate 157 Info: game update msgRecv.En: 0.
2019/05/20 17:41:15.853000 git.huoys.com/qp/cells/vendor/git.huoys.com/qp/common/hall_message_s.GameUpdate 157 Info: game update msgRecv.En: 0.
2019/05/20 17:41:20.855000 git.huoys.com/qp/cells/vendor/git.huoys.com/qp/common/hall_message_s.GameUpdate 157 Info: game update msgRecv.En: 0.
2019/05/20 17:41:25.858000 git.huoys.com/qp/cells/vendor/git.huoys.com/qp/common/hall_message_s.GameUpdate 157 Info: game update msgRecv.En: 0.
2019/05/20 17:41:30.862000 git.huoys.com/qp/cells/vendor/git.huoys.com/qp/common/hall_message_s.GameUpdate 157 Info: game update msgRecv.En: 0.
2019/05/20 17:41:35.858000 git.huoys.com/qp/cells/vendor/git.huoys.com/qp/common/hall_message_s.GameUpdate 157 Info: game update msgRecv.En: 0.
2019/05/20 17:41:40.860000 git.huoys.com/qp/cells/vendor/git.huoys.com/qp/common/hall_message_s.GameUpdate 157 Info: game update msgRecv.En: 0.
2019/05/20 17:41:45.858000 git.huoys.com/qp/cells/vendor/git.huoys.com/qp/common/hall_message_s.GameUpdate 157 Info: game update msgRecv.En: 0.
2019/05/20 17:41:50.854000 git.huoys.com/qp/cells/vendor/git.huoys.com/qp/common/hall_message_s.GameUpdate 157 Info: game update msgRecv.En: 0.
2019/05/20 17:41:55.851000 git.huoys.com/qp/cells/vendor/git.huoys.com/qp/common/hall_message_s.GameUpdate 157 Info: game update msgRecv.En: 0.
2019/05/20 17:42:00.861000 git.huoys.com/qp/cells/vendor/git.huoys.com/qp/common/hall_message_s.GameUpdate 157 Info: game update msgRecv.En: 0.
2019/05/20 17:42:05.857000 git.huoys.com/qp/cells/vendor/git.huoys.com/qp/common/hall_message_s.GameUpdate 157 Info: game update msgRecv.En: 0.
2019/05/20 17:42:10.857000 git.huoys.com/qp/cells/vendor/git.huoys.com/qp/common/hall_message_s.GameUpdate 157 Info: game update msgRecv.En: 0.
2019/05/20 17:42:15.855000 git.huoys.com/qp/cells/vendor/git.huoys.com/qp/common/hall_message_s.GameUpdate 157 Info: game update msgRecv.En: 0.
2019/05/20 17:42:20.855000 git.huoys.com/qp/cells/vendor/git.huoys.com/qp/common/hall_message_s.GameUpdate 157 Info: game update msgRecv.En: 0.
2019/05/20 17:42:25.856000 git.huoys.com/qp/cells/vendor/git.huoys.com/qp/common/hall_message_s.GameUpdate 157 Info: game update msgRecv.En: 0.
2019/05/20 17:42:30.856000 git.huoys.com/qp/cells/vendor/git.huoys.com/qp/common/hall_message_s.GameUpdate 157 Info: game update msgRecv.En: 0.
2019/05/20 17:42:35.856000 git.huoys.com/qp/cells/vendor/git.huoys.com/qp/common/hall_message_s.GameUpdate 157 Info: game update msgRecv.En: 0.
2019/05/20 17:42:40.858000 git.huoys.com/qp/cells/vendor/git.huoys.com/qp/common/hall_message_s.GameUpdate 157 Info: game update msgRecv.En: 0.
2019/05/20 17:42:45.854000 git.huoys.com/qp/cells/vendor/git.huoys.com/qp/common/hall_message_s.GameUpdate 157 Info: game update msgRecv.En: 0.
2019/05/20 17:42:50.853000 git.huoys.com/qp/cells/vendor/git.huoys.com/qp/common/hall_message_s.GameUpdate 157 Info: game update msgRecv.En: 0.
2019/05/20 17:42:55.857000 git.huoys.com/qp/cells/vendor/git.huoys.com/qp/common/hall_message_s.GameUpdate 157 Info: game update msgRecv.En: 0.
2019/05/20 17:43:00.860000 git.huoys.com/qp/cells/vendor/git.huoys.com/qp/common/hall_message_s.GameUpdate 157 Info: game update msgRecv.En: 0.
2019/05/20 17:43:05.860000 git.huoys.com/qp/cells/vendor/git.huoys.com/qp/common/hall_message_s.GameUpdate 157 Info: game update msgRecv.En: 0.
2019/05/20 17:43:10.864000 git.huoys.com/qp/cells/vendor/git.huoys.com/qp/common/hall_message_s.GameUpdate 157 Info: game update msgRecv.En: 0.
2019/05/20 17:43:15.863000 git.huoys.com/qp/cells/vendor/git.huoys.com/qp/common/hall_message_s.GameUpdate 157 Info: game update msgRecv.En: 0.
2019/05/20 17:43:20.860000 git.huoys.com/qp/cells/vendor/git.huoys.com/qp/common/hall_message_s.GameUpdate 157 Info: game update msgRecv.En: 0.
2019/05/20 17:43:25.870000 git.huoys.com/qp/cells/vendor/git.huoys.com/qp/common/hall_message_s.GameUpdate 157 Info: game update msgRecv.En: 0.
2019/05/20 17:43:30.860000 git.huoys.com/qp/cells/vendor/git.huoys.com/qp/common/hall_message_s.GameUpdate 157 Info: game update msgRecv.En: 0.
2019/05/20 17:43:35.858000 git.huoys.com/qp/cells/vendor/git.huoys.com/qp/common/hall_message_s.GameUpdate 157 Info: game update msgRecv.En: 0.
2019/05/20 17:43:40.860000 git.huoys.com/qp/cells/vendor/git.huoys.com/qp/common/hall_message_s.GameUpdate 157 Info: game update msgRecv.En: 0.
2019/05/20 17:43:45.854000 git.huoys.com/qp/cells/vendor/git.huoys.com/qp/common/hall_message_s.GameUpdate 157 Info: game update msgRecv.En: 0.
2019/05/20 17:43:50.857000 git.huoys.com/qp/cells/vendor/git.huoys.com/qp/common/hall_message_s.GameUpdate 157 Info: game update msgRecv.En: 0.
2019/05/20 17:43:55.861000 git.huoys.com/qp/cells/vendor/git.huoys.com/qp/common/hall_message_s.GameUpdate 157 Info: game update msgRecv.En: 0.
2019/05/20 17:44:00.855000 git.huoys.com/qp/cells/vendor/git.huoys.com/qp/common/hall_message_s.GameUpdate 157 Info: game update msgRecv.En: 0.
2019/05/20 17:44:05.857000 git.huoys.com/qp/cells/vendor/git.huoys.com/qp/common/hall_message_s.GameUpdate 157 Info: game update msgRecv.En: 0.
2019/05/20 17:44:10.861000 git.huoys.com/qp/cells/vendor/git.huoys.com/qp/common/hall_message_s.GameUpdate 157 Info: game update msgRecv.En: 0.
2019/05/20 17:44:15.859000 git.huoys.com/qp/cells/vendor/git.huoys.com/qp/common/hall_message_s.GameUpdate 157 Info: game update msgRecv.En: 0.
2019/05/20 17:44:20.884000 git.huoys.com/qp/cells/vendor/git.huoys.com/qp/common/hall_message_s.GameUpdate 157 Info: game update msgRecv.En: 0.
2019/05/20 17:44:25.856000 git.huoys.com/qp/cells/vendor/git.huoys.com/qp/common/hall_message_s.GameUpdate 157 Info: game update msgRecv.En: 0.
2019/05/20 17:44:30.859000 git.huoys.com/qp/cells/vendor/git.huoys.com/qp/common/hall_message_s.GameUpdate 157 Info: game update msgRecv.En: 0.
2019/05/20 17:44:35.860000 git.huoys.com/qp/cells/vendor/git.huoys.com/qp/common/hall_message_s.GameUpdate 157 Info: game update msgRecv.En: 0.
2019/05/20 17:44:40.858000 git.huoys.com/qp/cells/vendor/git.huoys.com/qp/common/hall_message_s.GameUpdate 157 Info: game update msgRecv.En: 0.
2019/05/20 17:44:45.860000 git.huoys.com/qp/cells/vendor/git.huoys.com/qp/common/hall_message_s.GameUpdate 157 Info: game update msgRecv.En: 0.
2019/05/20 17:44:50.863000 git.huoys.com/qp/cells/vendor/git.huoys.com/qp/common/hall_message_s.GameUpdate 157 Info: game update msgRecv.En: 0.
2019/05/20 17:44:55.866000 git.huoys.com/qp/cells/vendor/git.huoys.com/qp/common/hall_message_s.GameUpdate 157 Info: game update msgRecv.En: 0.
2019/05/20 17:45:00.858000 git.huoys.com/qp/cells/vendor/git.huoys.com/qp/common/hall_message_s.GameUpdate 157 Info: game update msgRecv.En: 0.
2019/05/20 17:45:05.857000 git.huoys.com/qp/cells/vendor/git.huoys.com/qp/common/hall_message_s.GameUpdate 157 Info: game update msgRecv.En: 0.
2019/05/20 17:45:10.866000 git.huoys.com/qp/cells/vendor/git.huoys.com/qp/common/hall_message_s.GameUpdate 157 Info: game update msgRecv.En: 0.
2019/05/20 17:45:15.858000 git.huoys.com/qp/cells/vendor/git.huoys.com/qp/common/hall_message_s.GameUpdate 157 Info: game update msgRecv.En: 0.
2019/05/20 17:45:20.858000 git.huoys.com/qp/cells/vendor/git.huoys.com/qp/common/hall_message_s.GameUpdate 157 Info: game update msgRecv.En: 0.
2019/05/20 17:45:25.860000 git.huoys.com/qp/cells/vendor/git.huoys.com/qp/common/hall_message_s.GameUpdate 157 Info: game update msgRecv.En: 0.
2019/05/20 17:45:30.859000 git.huoys.com/qp/cells/vendor/git.huoys.com/qp/common/hall_message_s.GameUpdate 157 Info: game update msgRecv.En: 0.
2019/05/20 17:45:35.860000 git.huoys.com/qp/cells/vendor/git.huoys.com/qp/common/hall_message_s.GameUpdate 157 Info: game update msgRecv.En: 0.
2019/05/20 17:45:40.859000 git.huoys.com/qp/cells/vendor/git.huoys.com/qp/common/hall_message_s.GameUpdate 157 Info: game update msgRecv.En: 0.
2019/05/20 17:45:45.858000 git.huoys.com/qp/cells/vendor/git.huoys.com/qp/common/hall_message_s.GameUpdate 157 Info: game update msgRecv.En: 0.
2019/05/20 17:45:50.866000 git.huoys.com/qp/cells/vendor/git.huoys.com/qp/common/hall_message_s.GameUpdate 157 Info: game update msgRecv.En: 0.
2019/05/20 17:45:55.860000 git.huoys.com/qp/cells/vendor/git.huoys.com/qp/common/hall_message_s.GameUpdate 157 Info: game update msgRecv.En: 0.
2019/05/20 17:46:00.863000 git.huoys.com/qp/cells/vendor/git.huoys.com/qp/common/hall_message_s.GameUpdate 157 Info: game update msgRecv.En: 0.
2019/05/20 17:46:05.861000 git.huoys.com/qp/cells/vendor/git.huoys.com/qp/common/hall_message_s.GameUpdate 157 Info: game update msgRecv.En: 0.
2019/05/20 17:46:10.866000 git.huoys.com/qp/cells/vendor/git.huoys.com/qp/common/hall_message_s.GameUpdate 157 Info: game update msgRecv.En: 0.
2019/05/20 17:46:15.863000 git.huoys.com/qp/cells/vendor/git.huoys.com/qp/common/hall_message_s.GameUpdate 157 Info: game update msgRecv.En: 0.
2019/05/20 17:46:20.862000 git.huoys.com/qp/cells/vendor/git.huoys.com/qp/common/hall_message_s.GameUpdate 157 Info: game update msgRecv.En: 0.
2019/05/20 17:46:25.862000 git.huoys.com/qp/cells/vendor/git.huoys.com/qp/common/hall_message_s.GameUpdate 157 Info: game update msgRecv.En: 0.
2019/05/20 17:46:30.863000 git.huoys.com/qp/cells/vendor/git.huoys.com/qp/common/hall_message_s.GameUpdate 157 Info: game update msgRecv.En: 0.
2019/05/20 17:46:35.861000 git.huoys.com/qp/cells/vendor/git.huoys.com/qp/common/hall_message_s.GameUpdate 157 Info: game update msgRecv.En: 0.
2019/05/20 17:46:40.870000 git.huoys.com/qp/cells/vendor/git.huoys.com/qp/common/hall_message_s.GameUpdate 157 Info: game update msgRecv.En: 0.
2019/05/20 17:46:45.868000 git.huoys.com/qp/cells/vendor/git.huoys.com/qp/common/hall_message_s.GameUpdate 157 Info: game update msgRecv.En: 0.
2019/05/20 17:46:50.864000 git.huoys.com/qp/cells/vendor/git.huoys.com/qp/common/hall_message_s.GameUpdate 157 Info: game update msgRecv.En: 0.
2019/05/20 17:46:55.863000 git.huoys.com/qp/cells/vendor/git.huoys.com/qp/common/hall_message_s.GameUpdate 157 Info: game update msgRecv.En: 0.
2019/05/20 17:47:00.862000 git.huoys.com/qp/cells/vendor/git.huoys.com/qp/common/hall_message_s.GameUpdate 157 Info: game update msgRecv.En: 0.
2019/05/20 17:47:05.861000 git.huoys.com/qp/cells/vendor/git.huoys.com/qp/common/hall_message_s.GameUpdate 157 Info: game update msgRecv.En: 0.
2019/05/20 17:47:10.866000 git.huoys.com/qp/cells/vendor/git.huoys.com/qp/common/hall_message_s.GameUpdate 157 Info: game update msgRecv.En: 0.
2019/05/20 17:47:15.865000 git.huoys.com/qp/cells/vendor/git.huoys.com/qp/common/hall_message_s.GameUpdate 157 Info: game update msgRecv.En: 0.
2019/05/20 17:47:20.862000 git.huoys.com/qp/cells/vendor/git.huoys.com/qp/common/hall_message_s.GameUpdate 157 Info: game update msgRecv.En: 0.
2019/05/20 17:47:25.865000 git.huoys.com/qp/cells/vendor/git.huoys.com/qp/common/hall_message_s.GameUpdate 157 Info: game update msgRecv.En: 0.
2019/05/20 17:47:30.885000 git.huoys.com/qp/cells/vendor/git.huoys.com/qp/common/hall_message_s.GameUpdate 157 Info: game update msgRecv.En: 0.
2019/05/20 17:47:35.869000 git.huoys.com/qp/cells/vendor/git.huoys.com/qp/common/hall_message_s.GameUpdate 157 Info: game update msgRecv.En: 0.
2019/05/20 17:47:40.869000 git.huoys.com/qp/cells/vendor/git.huoys.com/qp/common/hall_message_s.GameUpdate 157 Info: game update msgRecv.En: 0.
2019/05/20 17:47:45.870000 git.huoys.com/qp/cells/vendor/git.huoys.com/qp/common/hall_message_s.GameUpdate 157 Info: game update msgRecv.En: 0.
2019/05/20 17:47:50.869000 git.huoys.com/qp/cells/vendor/git.huoys.com/qp/common/hall_message_s.GameUpdate 157 Info: game update msgRecv.En: 0.
2019/05/20 17:47:55.866000 git.huoys.com/qp/cells/vendor/git.huoys.com/qp/common/hall_message_s.GameUpdate 157 Info: game update msgRecv.En: 0.
2019/05/20 17:48:00.872000 git.huoys.com/qp/cells/vendor/git.huoys.com/qp/common/hall_message_s.GameUpdate 157 Info: game update msgRecv.En: 0.
2019/05/20 17:48:05.865000 git.huoys.com/qp/cells/vendor/git.huoys.com/qp/common/hall_message_s.GameUpdate 157 Info: game update msgRecv.En: 0.
2019/05/20 17:48:10.867000 git.huoys.com/qp/cells/vendor/git.huoys.com/qp/common/hall_message_s.GameUpdate 157 Info: game update msgRecv.En: 0.
2019/05/20 17:48:15.867000 git.huoys.com/qp/cells/vendor/git.huoys.com/qp/common/hall_message_s.GameUpdate 157 Info: game update msgRecv.En: 0.
2019/05/20 17:48:20.871000 git.huoys.com/qp/cells/vendor/git.huoys.com/qp/common/hall_message_s.GameUpdate 157 Info: game update msgRecv.En: 0.
2019/05/20 17:48:25.867000 git.huoys.com/qp/cells/vendor/git.huoys.com/qp/common/hall_message_s.GameUpdate 157 Info: game update msgRecv.En: 0.
2019/05/20 17:48:30.878000 git.huoys.com/qp/cells/vendor/git.huoys.com/qp/common/hall_message_s.GameUpdate 157 Info: game update msgRecv.En: 0.
2019/05/20 17:48:35.869000 git.huoys.com/qp/cells/vendor/git.huoys.com/qp/common/hall_message_s.GameUpdate 157 Info: game update msgRecv.En: 0.
2019/05/20 17:48:40.875000 git.huoys.com/qp/cells/vendor/git.huoys.com/qp/common/hall_message_s.GameUpdate 157 Info: game update msgRecv.En: 0.
2019/05/20 17:48:45.871000 git.huoys.com/qp/cells/vendor/git.huoys.com/qp/common/hall_message_s.GameUpdate 157 Info: game update msgRecv.En: 0.
2019/05/20 17:48:50.876000 git.huoys.com/qp/cells/vendor/git.huoys.com/qp/common/hall_message_s.GameUpdate 157 Info: game update msgRecv.En: 0.
2019/05/20 17:48:55.871000 git.huoys.com/qp/cells/vendor/git.huoys.com/qp/common/hall_message_s.GameUpdate 157 Info: game update msgRecv.En: 0.
2019/05/20 17:49:00.971000 git.huoys.com/qp/cells/vendor/git.huoys.com/qp/common/hall_message_s.GameUpdate 157 Info: game update msgRecv.En: 0.
2019/05/20 17:49:05.986000 git.huoys.com/qp/cells/vendor/git.huoys.com/qp/common/hall_message_s.GameUpdate 157 Info: game update msgRecv.En: 0.
2019/05/20 17:49:10.884000 git.huoys.com/qp/cells/vendor/git.huoys.com/qp/common/hall_message_s.GameUpdate 157 Info: game update msgRecv.En: 0.
2019/05/20 17:49:15.888000 git.huoys.com/qp/cells/vendor/git.huoys.com/qp/common/hall_message_s.GameUpdate 157 Info: game update msgRecv.En: 0.
2019/05/20 17:49:20.888000 git.huoys.com/qp/cells/vendor/git.huoys.com/qp/common/hall_message_s.GameUpdate 157 Info: game update msgRecv.En: 0.
2019/05/20 17:49:25.888000 git.huoys.com/qp/cells/vendor/git.huoys.com/qp/common/hall_message_s.GameUpdate 157 Info: game update msgRecv.En: 0.
2019/05/20 17:49:30.888000 git.huoys.com/qp/cells/vendor/git.huoys.com/qp/common/hall_message_s.GameUpdate 157 Info: game update msgRecv.En: 0.
2019/05/20 17:49:35.892000 git.huoys.com/qp/cells/vendor/git.huoys.com/qp/common/hall_message_s.GameUpdate 157 Info: game update msgRecv.En: 0.
2019/05/20 17:49:40.885000 git.huoys.com/qp/cells/vendor/git.huoys.com/qp/common/hall_message_s.GameUpdate 157 Info: game update msgRecv.En: 0.
2019/05/20 17:49:45.884000 git.huoys.com/qp/cells/vendor/git.huoys.com/qp/common/hall_message_s.GameUpdate 157 Info: game update msgRecv.En: 0.
2019/05/20 17:49:50.888000 git.huoys.com/qp/cells/vendor/git.huoys.com/qp/common/hall_message_s.GameUpdate 157 Info: game update msgRecv.En: 0.
2019/05/20 17:49:55.885000 git.huoys.com/qp/cells/vendor/git.huoys.com/qp/common/hall_message_s.GameUpdate 157 Info: game update msgRecv.En: 0.
2019/05/20 17:50:00.886000 git.huoys.com/qp/cells/vendor/git.huoys.com/qp/common/hall_message_s.GameUpdate 157 Info: game update msgRecv.En: 0.
2019/05/20 17:50:05.887000 git.huoys.com/qp/cells/vendor/git.huoys.com/qp/common/hall_message_s.GameUpdate 157 Info: game update msgRecv.En: 0.
2019/05/20 17:50:10.885000 git.huoys.com/qp/cells/vendor/git.huoys.com/qp/common/hall_message_s.GameUpdate 157 Info: game update msgRecv.En: 0.
2019/05/20 17:50:15.883000 git.huoys.com/qp/cells/vendor/git.huoys.com/qp/common/hall_message_s.GameUpdate 157 Info: game update msgRecv.En: 0.
2019/05/20 17:50:20.885000 git.huoys.com/qp/cells/vendor/git.huoys.com/qp/common/hall_message_s.GameUpdate 157 Info: game update msgRecv.En: 0.
2019/05/20 17:50:25.883000 git.huoys.com/qp/cells/vendor/git.huoys.com/qp/common/hall_message_s.GameUpdate 157 Info: game update msgRecv.En: 0.
2019/05/20 17:50:30.887000 git.huoys.com/qp/cells/vendor/git.huoys.com/qp/common/hall_message_s.GameUpdate 157 Info: game update msgRecv.En: 0.
2019/05/20 17:50:35.886000 git.huoys.com/qp/cells/vendor/git.huoys.com/qp/common/hall_message_s.GameUpdate 157 Info: game update msgRecv.En: 0.
2019/05/20 17:50:40.924000 git.huoys.com/qp/cells/vendor/git.huoys.com/qp/common/hall_message_s.GameUpdate 157 Info: game update msgRecv.En: 0.
2019/05/20 17:50:45.893000 git.huoys.com/qp/cells/vendor/git.huoys.com/qp/common/hall_message_s.GameUpdate 157 Info: game update msgRecv.En: 0.
2019/05/20 17:50:50.900000 git.huoys.com/qp/cells/vendor/git.huoys.com/qp/common/hall_message_s.GameUpdate 157 Info: game update msgRecv.En: 0.
2019/05/20 17:50:55.897000 git.huoys.com/qp/cells/vendor/git.huoys.com/qp/common/hall_message_s.GameUpdate 157 Info: game update msgRecv.En: 0.
2019/05/20 17:51:00.895000 git.huoys.com/qp/cells/vendor/git.huoys.com/qp/common/hall_message_s.GameUpdate 157 Info: game update msgRecv.En: 0.
2019/05/20 17:51:05.896000 git.huoys.com/qp/cells/vendor/git.huoys.com/qp/common/hall_message_s.GameUpdate 157 Info: game update msgRecv.En: 0.
2019/05/20 17:51:10.891000 git.huoys.com/qp/cells/vendor/git.huoys.com/qp/common/hall_message_s.GameUpdate 157 Info: game update msgRecv.En: 0.
2019/05/20 17:51:15.902000 git.huoys.com/qp/cells/vendor/git.huoys.com/qp/common/hall_message_s.GameUpdate 157 Info: game update msgRecv.En: 0.
2019/05/20 17:51:20.889000 git.huoys.com/qp/cells/vendor/git.huoys.com/qp/common/hall_message_s.GameUpdate 157 Info: game update msgRecv.En: 0.
2019/05/20 17:51:25.892000 git.huoys.com/qp/cells/vendor/git.huoys.com/qp/common/hall_message_s.GameUpdate 157 Info: game update msgRecv.En: 0.
2019/05/20 17:51:30.903000 git.huoys.com/qp/cells/vendor/git.huoys.com/qp/common/hall_message_s.GameUpdate 157 Info: game update msgRecv.En: 0.
2019/05/20 17:51:35.897000 git.huoys.com/qp/cells/vendor/git.huoys.com/qp/common/hall_message_s.GameUpdate 157 Info: game update msgRecv.En: 0.
2019/05/20 17:51:40.889000 git.huoys.com/qp/cells/vendor/git.huoys.com/qp/common/hall_message_s.GameUpdate 157 Info: game update msgRecv.En: 0.
2019/05/20 17:51:45.900000 git.huoys.com/qp/cells/vendor/git.huoys.com/qp/common/hall_message_s.GameUpdate 157 Info: game update msgRecv.En: 0.
2019/05/20 17:51:50.897000 git.huoys.com/qp/cells/vendor/git.huoys.com/qp/common/hall_message_s.GameUpdate 157 Info: game update msgRecv.En: 0.
2019/05/20 17:51:55.896000 git.huoys.com/qp/cells/vendor/git.huoys.com/qp/common/hall_message_s.GameUpdate 157 Info: game update msgRecv.En: 0.
2019/05/20 17:52:00.903000 git.huoys.com/qp/cells/vendor/git.huoys.com/qp/common/hall_message_s.GameUpdate 157 Info: game update msgRecv.En: 0.
2019/05/20 17:52:05.890000 git.huoys.com/qp/cells/vendor/git.huoys.com/qp/common/hall_message_s.GameUpdate 157 Info: game update msgRecv.En: 0.
2019/05/20 17:52:10.902000 git.huoys.com/qp/cells/vendor/git.huoys.com/qp/common/hall_message_s.GameUpdate 157 Info: game update msgRecv.En: 0.
2019/05/20 17:52:15.904000 git.huoys.com/qp/cells/vendor/git.huoys.com/qp/common/hall_message_s.GameUpdate 157 Info: game update msgRecv.En: 0.
2019/05/20 17:52:20.901000 git.huoys.com/qp/cells/vendor/git.huoys.com/qp/common/hall_message_s.GameUpdate 157 Info: game update msgRecv.En: 0.
2019/05/20 17:52:25.902000 git.huoys.com/qp/cells/vendor/git.huoys.com/qp/common/hall_message_s.GameUpdate 157 Info: game update msgRecv.En: 0.
2019/05/20 17:52:30.894000 git.huoys.com/qp/cells/vendor/git.huoys.com/qp/common/hall_message_s.GameUpdate 157 Info: game update msgRecv.En: 0.
2019/05/20 17:52:35.895000 git.huoys.com/qp/cells/vendor/git.huoys.com/qp/common/hall_message_s.GameUpdate 157 Info: game update msgRecv.En: 0.
2019/05/20 17:52:40.897000 git.huoys.com/qp/cells/vendor/git.huoys.com/qp/common/hall_message_s.GameUpdate 157 Info: game update msgRecv.En: 0.
2019/05/20 17:52:45.908000 git.huoys.com/qp/cells/vendor/git.huoys.com/qp/common/hall_message_s.GameUpdate 157 Info: game update msgRecv.En: 0.
2019/05/20 17:52:50.899000 git.huoys.com/qp/cells/vendor/git.huoys.com/qp/common/hall_message_s.GameUpdate 157 Info: game update msgRecv.En: 0.
2019/05/20 17:52:55.895000 git.huoys.com/qp/cells/vendor/git.huoys.com/qp/common/hall_message_s.GameUpdate 157 Info: game update msgRecv.En: 0.
2019/05/20 17:53:00.904000 git.huoys.com/qp/cells/vendor/git.huoys.com/qp/common/hall_message_s.GameUpdate 157 Info: game update msgRecv.En: 0.
2019/05/20 17:53:05.904000 git.huoys.com/qp/cells/vendor/git.huoys.com/qp/common/hall_message_s.GameUpdate 157 Info: game update msgRecv.En: 0.
2019/05/20 17:53:10.907000 git.huoys.com/qp/cells/vendor/git.huoys.com/qp/common/hall_message_s.GameUpdate 157 Info: game update msgRecv.En: 0.
2019/05/20 17:53:15.905000 git.huoys.com/qp/cells/vendor/git.huoys.com/qp/common/hall_message_s.GameUpdate 157 Info: game update msgRecv.En: 0.
2019/05/20 17:53:20.899000 git.huoys.com/qp/cells/vendor/git.huoys.com/qp/common/hall_message_s.GameUpdate 157 Info: game update msgRecv.En: 0.
2019/05/20 17:53:25.906000 git.huoys.com/qp/cells/vendor/git.huoys.com/qp/common/hall_message_s.GameUpdate 157 Info: game update msgRecv.En: 0.
2019/05/20 17:53:30.903000 git.huoys.com/qp/cells/vendor/git.huoys.com/qp/common/hall_message_s.GameUpdate 157 Info: game update msgRecv.En: 0.
2019/05/20 17:53:35.899000 git.huoys.com/qp/cells/vendor/git.huoys.com/qp/common/hall_message_s.GameUpdate 157 Info: game update msgRecv.En: 0.
2019/05/20 17:53:40.896000 git.huoys.com/qp/cells/vendor/git.huoys.com/qp/common/hall_message_s.GameUpdate 157 Info: game update msgRecv.En: 0.
2019/05/20 17:53:45.904000 git.huoys.com/qp/cells/vendor/git.huoys.com/qp/common/hall_message_s.GameUpdate 157 Info: game update msgRecv.En: 0.
2019/05/20 17:53:50.901000 git.huoys.com/qp/cells/vendor/git.huoys.com/qp/common/hall_message_s.GameUpdate 157 Info: game update msgRecv.En: 0.
2019/05/20 17:53:55.900000 git.huoys.com/qp/cells/vendor/git.huoys.com/qp/common/hall_message_s.GameUpdate 157 Info: game update msgRecv.En: 0.
2019/05/20 17:54:00.900000 git.huoys.com/qp/cells/vendor/git.huoys.com/qp/common/hall_message_s.GameUpdate 157 Info: game update msgRecv.En: 0.
2019/05/20 17:54:05.898000 git.huoys.com/qp/cells/vendor/git.huoys.com/qp/common/hall_message_s.GameUpdate 157 Info: game update msgRecv.En: 0.
2019/05/20 17:54:10.907000 git.huoys.com/qp/cells/vendor/git.huoys.com/qp/common/hall_message_s.GameUpdate 157 Info: game update msgRecv.En: 0.
2019/05/20 17:54:15.903000 git.huoys.com/qp/cells/vendor/git.huoys.com/qp/common/hall_message_s.GameUpdate 157 Info: game update msgRecv.En: 0.
2019/05/20 17:54:20.905000 git.huoys.com/qp/cells/vendor/git.huoys.com/qp/common/hall_message_s.GameUpdate 157 Info: game update msgRecv.En: 0.
2019/05/20 17:54:25.907000 git.huoys.com/qp/cells/vendor/git.huoys.com/qp/common/hall_message_s.GameUpdate 157 Info: game update msgRecv.En: 0.
2019/05/20 17:54:30.913000 git.huoys.com/qp/cells/vendor/git.huoys.com/qp/common/hall_message_s.GameUpdate 157 Info: game update msgRecv.En: 0.
2019/05/20 17:54:35.913000 git.huoys.com/qp/cells/vendor/git.huoys.com/qp/common/hall_message_s.GameUpdate 157 Info: game update msgRecv.En: 0.
2019/05/20 17:54:40.910000 git.huoys.com/qp/cells/vendor/git.huoys.com/qp/common/hall_message_s.GameUpdate 157 Info: game update msgRecv.En: 0.
2019/05/20 17:54:45.912000 git.huoys.com/qp/cells/vendor/git.huoys.com/qp/common/hall_message_s.GameUpdate 157 Info: game update msgRecv.En: 0.
2019/05/20 17:54:50.910000 git.huoys.com/qp/cells/vendor/git.huoys.com/qp/common/hall_message_s.GameUpdate 157 Info: game update msgRecv.En: 0.
2019/05/20 17:54:55.913000 git.huoys.com/qp/cells/vendor/git.huoys.com/qp/common/hall_message_s.GameUpdate 157 Info: game update msgRecv.En: 0.
2019/05/20 17:55:00.913000 git.huoys.com/qp/cells/vendor/git.huoys.com/qp/common/hall_message_s.GameUpdate 157 Info: game update msgRecv.En: 0.
2019/05/20 17:55:05.915000 git.huoys.com/qp/cells/vendor/git.huoys.com/qp/common/hall_message_s.GameUpdate 157 Info: game update msgRecv.En: 0.
2019/05/20 17:55:10.913000 git.huoys.com/qp/cells/vendor/git.huoys.com/qp/common/hall_message_s.GameUpdate 157 Info: game update msgRecv.En: 0.
2019/05/20 17:55:15.911000 git.huoys.com/qp/cells/vendor/git.huoys.com/qp/common/hall_message_s.GameUpdate 157 Info: game update msgRecv.En: 0.
2019/05/20 17:55:20.913000 git.huoys.com/qp/cells/vendor/git.huoys.com/qp/common/hall_message_s.GameUpdate 157 Info: game update msgRecv.En: 0.
2019/05/20 17:55:25.914000 git.huoys.com/qp/cells/vendor/git.huoys.com/qp/common/hall_message_s.GameUpdate 157 Info: game update msgRecv.En: 0.
2019/05/20 17:55:30.912000 git.huoys.com/qp/cells/vendor/git.huoys.com/qp/common/hall_message_s.GameUpdate 157 Info: game update msgRecv.En: 0.
2019/05/20 17:55:35.913000 git.huoys.com/qp/cells/vendor/git.huoys.com/qp/common/hall_message_s.GameUpdate 157 Info: game update msgRecv.En: 0.
2019/05/20 17:55:40.912000 git.huoys.com/qp/cells/vendor/git.huoys.com/qp/common/hall_message_s.GameUpdate 157 Info: game update msgRecv.En: 0.
2019/05/20 17:55:45.921000 git.huoys.com/qp/cells/vendor/git.huoys.com/qp/common/hall_message_s.GameUpdate 157 Info: game update msgRecv.En: 0.
2019/05/20 17:55:50.923000 git.huoys.com/qp/cells/vendor/git.huoys.com/qp/common/hall_message_s.GameUpdate 157 Info: game update msgRecv.En: 0.
2019/05/20 17:55:55.924000 git.huoys.com/qp/cells/vendor/git.huoys.com/qp/common/hall_message_s.GameUpdate 157 Info: game update msgRecv.En: 0.
2019/05/20 17:56:00.921000 git.huoys.com/qp/cells/vendor/git.huoys.com/qp/common/hall_message_s.GameUpdate 157 Info: game update msgRecv.En: 0.
2019/05/20 17:56:05.921000 git.huoys.com/qp/cells/vendor/git.huoys.com/qp/common/hall_message_s.GameUpdate 157 Info: game update msgRecv.En: 0.
2019/05/20 17:56:10.921000 git.huoys.com/qp/cells/vendor/git.huoys.com/qp/common/hall_message_s.GameUpdate 157 Info: game update msgRecv.En: 0.
2019/05/20 17:56:15.921000 git.huoys.com/qp/cells/vendor/git.huoys.com/qp/common/hall_message_s.GameUpdate 157 Info: game update msgRecv.En: 0.
2019/05/20 17:56:20.922000 git.huoys.com/qp/cells/vendor/git.huoys.com/qp/common/hall_message_s.GameUpdate 157 Info: game update msgRecv.En: 0.
2019/05/20 17:56:25.921000 git.huoys.com/qp/cells/vendor/git.huoys.com/qp/common/hall_message_s.GameUpdate 157 Info: game update msgRecv.En: 0.
2019/05/20 17:56:30.922000 git.huoys.com/qp/cells/vendor/git.huoys.com/qp/common/hall_message_s.GameUpdate 157 Info: game update msgRecv.En: 0.
2019/05/20 17:56:35.919000 git.huoys.com/qp/cells/vendor/git.huoys.com/qp/common/hall_message_s.GameUpdate 157 Info: game update msgRecv.En: 0.
2019/05/20 17:56:40.951000 git.huoys.com/qp/cells/vendor/git.huoys.com/qp/common/hall_message_s.GameUpdate 157 Info: game update msgRecv.En: 0.
2019/05/20 17:56:45.928000 git.huoys.com/qp/cells/vendor/git.huoys.com/qp/common/hall_message_s.GameUpdate 157 Info: game update msgRecv.En: 0.
2019/05/20 17:56:50.928000 git.huoys.com/qp/cells/vendor/git.huoys.com/qp/common/hall_message_s.GameUpdate 157 Info: game update msgRecv.En: 0.
2019/05/20 17:56:55.928000 git.huoys.com/qp/cells/vendor/git.huoys.com/qp/common/hall_message_s.GameUpdate 157 Info: game update msgRecv.En: 0.
2019/05/20 17:57:00.928000 git.huoys.com/qp/cells/vendor/git.huoys.com/qp/common/hall_message_s.GameUpdate 157 Info: game update msgRecv.En: 0.
2019/05/20 17:57:05.928000 git.huoys.com/qp/cells/vendor/git.huoys.com/qp/common/hall_message_s.GameUpdate 157 Info: game update msgRecv.En: 0.
2019/05/20 17:57:10.928000 git.huoys.com/qp/cells/vendor/git.huoys.com/qp/common/hall_message_s.GameUpdate 157 Info: game update msgRecv.En: 0.
2019/05/20 17:57:15.926000 git.huoys.com/qp/cells/vendor/git.huoys.com/qp/common/hall_message_s.GameUpdate 157 Info: game update msgRecv.En: 0.
2019/05/20 17:57:20.928000 git.huoys.com/qp/cells/vendor/git.huoys.com/qp/common/hall_message_s.GameUpdate 157 Info: game update msgRecv.En: 0.
2019/05/20 17:57:25.928000 git.huoys.com/qp/cells/vendor/git.huoys.com/qp/common/hall_message_s.GameUpdate 157 Info: game update msgRecv.En: 0.
2019/05/20 17:57:30.928000 git.huoys.com/qp/cells/vendor/git.huoys.com/qp/common/hall_message_s.GameUpdate 157 Info: game update msgRecv.En: 0.
2019/05/20 17:57:35.928000 git.huoys.com/qp/cells/vendor/git.huoys.com/qp/common/hall_message_s.GameUpdate 157 Info: game update msgRecv.En: 0.
2019/05/20 17:57:40.929000 git.huoys.com/qp/cells/vendor/git.huoys.com/qp/common/hall_message_s.GameUpdate 157 Info: game update msgRecv.En: 0.
2019/05/20 17:57:45.927000 git.huoys.com/qp/cells/vendor/git.huoys.com/qp/common/hall_message_s.GameUpdate 157 Info: game update msgRecv.En: 0.
2019/05/20 17:57:50.928000 git.huoys.com/qp/cells/vendor/git.huoys.com/qp/common/hall_message_s.GameUpdate 157 Info: game update msgRecv.En: 0.
2019/05/20 17:57:55.928000 git.huoys.com/qp/cells/vendor/git.huoys.com/qp/common/hall_message_s.GameUpdate 157 Info: game update msgRecv.En: 0.
2019/05/20 17:58:00.928000 git.huoys.com/qp/cells/vendor/git.huoys.com/qp/common/hall_message_s.GameUpdate 157 Info: game update msgRecv.En: 0.
2019/05/20 17:58:05.928000 git.huoys.com/qp/cells/vendor/git.huoys.com/qp/common/hall_message_s.GameUpdate 157 Info: game update msgRecv.En: 0.
2019/05/20 17:58:10.930000 git.huoys.com/qp/cells/vendor/git.huoys.com/qp/common/hall_message_s.GameUpdate 157 Info: game update msgRecv.En: 0.
2019/05/20 17:58:15.927000 git.huoys.com/qp/cells/vendor/git.huoys.com/qp/common/hall_message_s.GameUpdate 157 Info: game update msgRecv.En: 0.
2019/05/20 17:58:20.927000 git.huoys.com/qp/cells/vendor/git.huoys.com/qp/common/hall_message_s.GameUpdate 157 Info: game update msgRecv.En: 0.
2019/05/20 17:58:25.993000 git.huoys.com/qp/cells/vendor/git.huoys.com/qp/common/hall_message_s.GameUpdate 157 Info: game update msgRecv.En: 0.
2019/05/20 17:58:30.016000 git.huoys.com/qp/cells/vendor/git.huoys.com/qp/common/hall_message_s.GameUpdate 157 Info: game update msgRecv.En: 0.
2019/05/20 17:58:35.013000 git.huoys.com/qp/cells/vendor/git.huoys.com/qp/common/hall_message_s.GameUpdate 157 Info: game update msgRecv.En: 0.
2019/05/20 17:58:40.012000 git.huoys.com/qp/cells/vendor/git.huoys.com/qp/common/hall_message_s.GameUpdate 157 Info: game update msgRecv.En: 0.
2019/05/20 17:58:45.014000 git.huoys.com/qp/cells/vendor/git.huoys.com/qp/common/hall_message_s.GameUpdate 157 Info: game update msgRecv.En: 0.
2019/05/20 17:58:50.013000 git.huoys.com/qp/cells/vendor/git.huoys.com/qp/common/hall_message_s.GameUpdate 157 Info: game update msgRecv.En: 0.
2019/05/20 17:58:55.015000 git.huoys.com/qp/cells/vendor/git.huoys.com/qp/common/hall_message_s.GameUpdate 157 Info: game update msgRecv.En: 0.
2019/05/20 17:59:00.013000 git.huoys.com/qp/cells/vendor/git.huoys.com/qp/common/hall_message_s.GameUpdate 157 Info: game update msgRecv.En: 0.
2019/05/20 17:59:05.018000 git.huoys.com/qp/cells/vendor/git.huoys.com/qp/common/hall_message_s.GameUpdate 157 Info: game update msgRecv.En: 0.
2019/05/20 17:59:10.015000 git.huoys.com/qp/cells/vendor/git.huoys.com/qp/common/hall_message_s.GameUpdate 157 Info: game update msgRecv.En: 0.
2019/05/20 17:59:15.014000 git.huoys.com/qp/cells/vendor/git.huoys.com/qp/common/hall_message_s.GameUpdate 157 Info: game update msgRecv.En: 0.
2019/05/20 17:59:20.013000 git.huoys.com/qp/cells/vendor/git.huoys.com/qp/common/hall_message_s.GameUpdate 157 Info: game update msgRecv.En: 0.
2019/05/20 17:59:25.017000 git.huoys.com/qp/cells/vendor/git.huoys.com/qp/common/hall_message_s.GameUpdate 157 Info: game update msgRecv.En: 0.
2019/05/20 17:59:30.015000 git.huoys.com/qp/cells/vendor/git.huoys.com/qp/common/hall_message_s.GameUpdate 157 Info: game update msgRecv.En: 0.
2019/05/20 17:59:35.015000 git.huoys.com/qp/cells/vendor/git.huoys.com/qp/common/hall_message_s.GameUpdate 157 Info: game update msgRecv.En: 0.
2019/05/20 17:59:40.015000 git.huoys.com/qp/cells/vendor/git.huoys.com/qp/common/hall_message_s.GameUpdate 157 Info: game update msgRecv.En: 0.
2019/05/20 17:59:45.016000 git.huoys.com/qp/cells/vendor/git.huoys.com/qp/common/hall_message_s.GameUpdate 157 Info: game update msgRecv.En: 0.
2019/05/20 17:59:50.016000 git.huoys.com/qp/cells/vendor/git.huoys.com/qp/common/hall_message_s.GameUpdate 157 Info: game update msgRecv.En: 0.
2019/05/20 17:59:55.017000 git.huoys.com/qp/cells/vendor/git.huoys.com/qp/common/hall_message_s.GameUpdate 157 Info: game update msgRecv.En: 0.
2019/05/20 18:00:00.035000 git.huoys.com/qp/cells/vendor/git.huoys.com/qp/common/hall_message_s.GameUpdate 157 Info: game update msgRecv.En: 0.
2019/05/20 18:00:05.016000 git.huoys.com/qp/cells/vendor/git.huoys.com/qp/common/hall_message_s.GameUpdate 157 Info: game update msgRecv.En: 0.
2019/05/20 18:00:10.015000 git.huoys.com/qp/cells/vendor/git.huoys.com/qp/common/hall_message_s.GameUpdate 157 Info: game update msgRecv.En: 0.
2019/05/20 18:00:15.016000 git.huoys.com/qp/cells/vendor/git.huoys.com/qp/common/hall_message_s.GameUpdate 157 Info: game update msgRecv.En: 0.
2019/05/20 18:00:20.016000 git.huoys.com/qp/cells/vendor/git.huoys.com/qp/common/hall_message_s.GameUpdate 157 Info: game update msgRecv.En: 0.
2019/05/20 18:00:25.022000 git.huoys.com/qp/cells/vendor/git.huoys.com/qp/common/hall_message_s.GameUpdate 157 Info: game update msgRecv.En: 0.
2019/05/20 18:00:30.028000 git.huoys.com/qp/cells/vendor/git.huoys.com/qp/common/hall_message_s.GameUpdate 157 Info: game update msgRecv.En: 0.
2019/05/20 18:00:35.129000 git.huoys.com/qp/cells/vendor/git.huoys.com/qp/common/hall_message_s.GameUpdate 157 Info: game update msgRecv.En: 0.
2019/05/20 18:00:40.070000 git.huoys.com/qp/cells/vendor/git.huoys.com/qp/common/hall_message_s.GameUpdate 157 Info: game update msgRecv.En: 0.
2019/05/20 18:00:45.071000 git.huoys.com/qp/cells/vendor/git.huoys.com/qp/common/hall_message_s.GameUpdate 157 Info: game update msgRecv.En: 0.
2019/05/20 18:00:50.068000 git.huoys.com/qp/cells/vendor/git.huoys.com/qp/common/hall_message_s.GameUpdate 157 Info: game update msgRecv.En: 0.
2019/05/20 18:00:55.064000 git.huoys.com/qp/cells/vendor/git.huoys.com/qp/common/hall_message_s.GameUpdate 157 Info: game update msgRecv.En: 0.
2019/05/20 18:01:00.063000 git.huoys.com/qp/cells/vendor/git.huoys.com/qp/common/hall_message_s.GameUpdate 157 Info: game update msgRecv.En: 0.
2019/05/20 18:01:05.063000 git.huoys.com/qp/cells/vendor/git.huoys.com/qp/common/hall_message_s.GameUpdate 157 Info: game update msgRecv.En: 0.
2019/05/20 18:01:10.065000 git.huoys.com/qp/cells/vendor/git.huoys.com/qp/common/hall_message_s.GameUpdate 157 Info: game update msgRecv.En: 0.
2019/05/20 18:01:15.064000 git.huoys.com/qp/cells/vendor/git.huoys.com/qp/common/hall_message_s.GameUpdate 157 Info: game update msgRecv.En: 0.
2019/05/20 18:01:20.064000 git.huoys.com/qp/cells/vendor/git.huoys.com/qp/common/hall_message_s.GameUpdate 157 Info: game update msgRecv.En: 0.
2019/05/20 18:01:25.077000 git.huoys.com/qp/cells/vendor/git.huoys.com/qp/common/hall_message_s.GameUpdate 157 Info: game update msgRecv.En: 0.
2019/05/20 18:01:30.071000 git.huoys.com/qp/cells/vendor/git.huoys.com/qp/common/hall_message_s.GameUpdate 157 Info: game update msgRecv.En: 0.
2019/05/20 18:01:35.067000 git.huoys.com/qp/cells/vendor/git.huoys.com/qp/common/hall_message_s.GameUpdate 157 Info: game update msgRecv.En: 0.
2019/05/20 18:01:40.068000 git.huoys.com/qp/cells/vendor/git.huoys.com/qp/common/hall_message_s.GameUpdate 157 Info: game update msgRecv.En: 0.
2019/05/20 18:01:45.068000 git.huoys.com/qp/cells/vendor/git.huoys.com/qp/common/hall_message_s.GameUpdate 157 Info: game update msgRecv.En: 0.
2019/05/20 18:01:50.068000 git.huoys.com/qp/cells/vendor/git.huoys.com/qp/common/hall_message_s.GameUpdate 157 Info: game update msgRecv.En: 0.
2019/05/20 18:01:55.067000 git.huoys.com/qp/cells/vendor/git.huoys.com/qp/common/hall_message_s.GameUpdate 157 Info: game update msgRecv.En: 0.
2019/05/20 18:02:00.069000 git.huoys.com/qp/cells/vendor/git.huoys.com/qp/common/hall_message_s.GameUpdate 157 Info: game update msgRecv.En: 0.
2019/05/20 18:02:05.065000 git.huoys.com/qp/cells/vendor/git.huoys.com/qp/common/hall_message_s.GameUpdate 157 Info: game update msgRecv.En: 0.
2019/05/20 18:02:10.070000 git.huoys.com/qp/cells/vendor/git.huoys.com/qp/common/hall_message_s.GameUpdate 157 Info: game update msgRecv.En: 0.
2019/05/20 18:02:15.066000 git.huoys.com/qp/cells/vendor/git.huoys.com/qp/common/hall_message_s.GameUpdate 157 Info: game update msgRecv.En: 0.
2019/05/20 18:02:20.068000 git.huoys.com/qp/cells/vendor/git.huoys.com/qp/common/hall_message_s.GameUpdate 157 Info: game update msgRecv.En: 0.
2019/05/20 18:02:25.067000 git.huoys.com/qp/cells/vendor/git.huoys.com/qp/common/hall_message_s.GameUpdate 157 Info: game update msgRecv.En: 0.
2019/05/20 18:02:30.272000 git.huoys.com/qp/cells/vendor/git.huoys.com/qp/common/hall_message_s.GameUpdate 157 Info: game update msgRecv.En: 0.
2019/05/20 18:02:35.263000 git.huoys.com/qp/cells/vendor/git.huoys.com/qp/common/hall_message_s.GameUpdate 157 Info: game update msgRecv.En: 0.
2019/05/20 18:02:40.267000 git.huoys.com/qp/cells/vendor/git.huoys.com/qp/common/hall_message_s.GameUpdate 157 Info: game update msgRecv.En: 0.
2019/05/20 18:02:45.265000 git.huoys.com/qp/cells/vendor/git.huoys.com/qp/common/hall_message_s.GameUpdate 157 Info: game update msgRecv.En: 0.
2019/05/20 18:02:50.264000 git.huoys.com/qp/cells/vendor/git.huoys.com/qp/common/hall_message_s.GameUpdate 157 Info: game update msgRecv.En: 0.
2019/05/20 18:02:55.267000 git.huoys.com/qp/cells/vendor/git.huoys.com/qp/common/hall_message_s.GameUpdate 157 Info: game update msgRecv.En: 0.
2019/05/20 18:03:00.267000 git.huoys.com/qp/cells/vendor/git.huoys.com/qp/common/hall_message_s.GameUpdate 157 Info: game update msgRecv.En: 0.
2019/05/20 18:03:05.268000 git.huoys.com/qp/cells/vendor/git.huoys.com/qp/common/hall_message_s.GameUpdate 157 Info: game update msgRecv.En: 0.
2019/05/20 18:03:10.267000 git.huoys.com/qp/cells/vendor/git.huoys.com/qp/common/hall_message_s.GameUpdate 157 Info: game update msgRecv.En: 0.
2019/05/20 18:03:15.269000 git.huoys.com/qp/cells/vendor/git.huoys.com/qp/common/hall_message_s.GameUpdate 157 Info: game update msgRecv.En: 0.
2019/05/20 18:03:20.269000 git.huoys.com/qp/cells/vendor/git.huoys.com/qp/common/hall_message_s.GameUpdate 157 Info: game update msgRecv.En: 0.
2019/05/20 18:03:25.267000 git.huoys.com/qp/cells/vendor/git.huoys.com/qp/common/hall_message_s.GameUpdate 157 Info: game update msgRecv.En: 0.
2019/05/20 18:03:30.268000 git.huoys.com/qp/cells/vendor/git.huoys.com/qp/common/hall_message_s.GameUpdate 157 Info: game update msgRecv.En: 0.
2019/05/20 18:03:35.268000 git.huoys.com/qp/cells/vendor/git.huoys.com/qp/common/hall_message_s.GameUpdate 157 Info: game update msgRecv.En: 0.
2019/05/20 18:03:40.271000 git.huoys.com/qp/cells/vendor/git.huoys.com/qp/common/hall_message_s.GameUpdate 157 Info: game update msgRecv.En: 0.
2019/05/20 18:03:45.275000 git.huoys.com/qp/cells/vendor/git.huoys.com/qp/common/hall_message_s.GameUpdate 157 Info: game update msgRecv.En: 0.
2019/05/20 18:03:50.281000 git.huoys.com/qp/cells/vendor/git.huoys.com/qp/common/hall_message_s.GameUpdate 157 Info: game update msgRecv.En: 0.
