2019/05/21 14:16:06.734200 git.huoys.com/qp/cells/vendor/git.huoys.com/qp/common/hall_logic/launcher.OnStart 40 Warning: url.json:&{%!s(int32=10095) %!s(int32=1) %!s(int32=0) %!s(int32=3) %!s(int=4)}.
2019/05/21 14:16:06.735200 git.huoys.com/qp/cells/vendor/git.huoys.com/qp/common/hall_logic/launcher.OnStart 42 Warning: Start Game(10095) Arena(1) Server(3) Sucess !
2019/05/21 14:16:06.735200 git.huoys.com/qp/cells/vendor/git.huoys.com/qp/common/hall_message_s.RegisterGame 110 Info: RegisterGame:1,3.
2019/05/21 14:16:06.740200 git.huoys.com/qp/cells/vendor/git.huoys.com/qp/common/hall_message_s.RegisterGame 126 Info: register game msgRecv.En: 0.
2019/05/21 14:16:06.754200 git.huoys.com/qp/cells/module/web.(*webmodule).OnInit 44 Warning: http url:0.0.0.0:9021.
2019/05/21 14:16:06.760200 git.huoys.com/qp/cells/vendor/git.huoys.com/qp/common/http_message.acceptHTTPRequest 118 Info: Http server listen at:0.0.0.0:9021
2019/05/21 14:16:11.738200 git.huoys.com/qp/cells/vendor/git.huoys.com/qp/common/hall_message_s.GameUpdate 157 Info: game update msgRecv.En: 0.
2019/05/21 14:16:16.732200 git.huoys.com/qp/cells/vendor/git.huoys.com/qp/common/hall_message_s.GameUpdate 157 Info: game update msgRecv.En: 0.
2019/05/21 14:16:21.737200 git.huoys.com/qp/cells/vendor/git.huoys.com/qp/common/hall_message_s.GameUpdate 157 Info: game update msgRecv.En: 0.
2019/05/21 14:16:26.734200 git.huoys.com/qp/cells/vendor/git.huoys.com/qp/common/hall_message_s.GameUpdate 157 Info: game update msgRecv.En: 0.
2019/05/21 14:16:31.737200 git.huoys.com/qp/cells/vendor/git.huoys.com/qp/common/hall_message_s.GameUpdate 157 Info: game update msgRecv.En: 0.
2019/05/21 14:16:36.737200 git.huoys.com/qp/cells/vendor/git.huoys.com/qp/common/hall_message_s.GameUpdate 157 Info: game update msgRecv.En: 0.
2019/05/21 14:16:41.737200 git.huoys.com/qp/cells/vendor/git.huoys.com/qp/common/hall_message_s.GameUpdate 157 Info: game update msgRecv.En: 0.
2019/05/21 14:16:46.732200 git.huoys.com/qp/cells/vendor/git.huoys.com/qp/common/hall_message_s.GameUpdate 157 Info: game update msgRecv.En: 0.
2019/05/21 14:16:51.732200 git.huoys.com/qp/cells/vendor/git.huoys.com/qp/common/hall_message_s.GameUpdate 157 Info: game update msgRecv.En: 0.
2019/05/21 14:16:56.732200 git.huoys.com/qp/cells/vendor/git.huoys.com/qp/common/hall_message_s.GameUpdate 157 Info: game update msgRecv.En: 0.
2019/05/21 14:17:01.738200 git.huoys.com/qp/cells/vendor/git.huoys.com/qp/common/hall_message_s.GameUpdate 157 Info: game update msgRecv.En: 0.
2019/05/21 14:17:06.733200 git.huoys.com/qp/cells/vendor/git.huoys.com/qp/common/hall_message_s.GameUpdate 157 Info: game update msgRecv.En: 0.
2019/05/21 14:17:11.734200 git.huoys.com/qp/cells/vendor/git.huoys.com/qp/common/hall_message_s.GameUpdate 157 Info: game update msgRecv.En: 0.
2019/05/21 14:17:16.734200 git.huoys.com/qp/cells/vendor/git.huoys.com/qp/common/hall_message_s.GameUpdate 157 Info: game update msgRecv.En: 0.
2019/05/21 14:17:21.734200 git.huoys.com/qp/cells/vendor/git.huoys.com/qp/common/hall_message_s.GameUpdate 157 Info: game update msgRecv.En: 0.
2019/05/21 14:17:26.731200 git.huoys.com/qp/cells/vendor/git.huoys.com/qp/common/hall_message_s.GameUpdate 157 Info: game update msgRecv.En: 0.
2019/05/21 14:17:31.736200 git.huoys.com/qp/cells/vendor/git.huoys.com/qp/common/hall_message_s.GameUpdate 157 Info: game update msgRecv.En: 0.
2019/05/21 14:17:36.730200 git.huoys.com/qp/cells/vendor/git.huoys.com/qp/common/hall_message_s.GameUpdate 157 Info: game update msgRecv.En: 0.
2019/05/21 14:17:41.736200 git.huoys.com/qp/cells/vendor/git.huoys.com/qp/common/hall_message_s.GameUpdate 157 Info: game update msgRecv.En: 0.
2019/05/21 14:17:46.737200 git.huoys.com/qp/cells/vendor/git.huoys.com/qp/common/hall_message_s.GameUpdate 157 Info: game update msgRecv.En: 0.
2019/05/21 14:17:51.734200 git.huoys.com/qp/cells/vendor/git.huoys.com/qp/common/hall_message_s.GameUpdate 157 Info: game update msgRecv.En: 0.
2019/05/21 14:17:56.735200 git.huoys.com/qp/cells/vendor/git.huoys.com/qp/common/hall_message_s.GameUpdate 157 Info: game update msgRecv.En: 0.
2019/05/21 14:18:01.736200 git.huoys.com/qp/cells/vendor/git.huoys.com/qp/common/hall_message_s.GameUpdate 157 Info: game update msgRecv.En: 0.
2019/05/21 14:18:06.734200 git.huoys.com/qp/cells/vendor/git.huoys.com/qp/common/hall_message_s.GameUpdate 157 Info: game update msgRecv.En: 0.
2019/05/21 14:18:11.743200 git.huoys.com/qp/cells/vendor/git.huoys.com/qp/common/hall_message_s.GameUpdate 157 Info: game update msgRecv.En: 0.
2019/05/21 14:18:16.736200 git.huoys.com/qp/cells/vendor/git.huoys.com/qp/common/hall_message_s.GameUpdate 157 Info: game update msgRecv.En: 0.
2019/05/21 14:18:21.736200 git.huoys.com/qp/cells/vendor/git.huoys.com/qp/common/hall_message_s.GameUpdate 157 Info: game update msgRecv.En: 0.
2019/05/21 14:18:26.732200 git.huoys.com/qp/cells/vendor/git.huoys.com/qp/common/hall_message_s.GameUpdate 157 Info: game update msgRecv.En: 0.
2019/05/21 14:18:31.733200 git.huoys.com/qp/cells/vendor/git.huoys.com/qp/common/hall_message_s.GameUpdate 157 Info: game update msgRecv.En: 0.
2019/05/21 14:18:36.732200 git.huoys.com/qp/cells/vendor/git.huoys.com/qp/common/hall_message_s.GameUpdate 157 Info: game update msgRecv.En: 0.
2019/05/21 14:18:41.734200 git.huoys.com/qp/cells/vendor/git.huoys.com/qp/common/hall_message_s.GameUpdate 157 Info: game update msgRecv.En: 0.
2019/05/21 14:18:46.736200 git.huoys.com/qp/cells/vendor/git.huoys.com/qp/common/hall_message_s.GameUpdate 157 Info: game update msgRecv.En: 0.
2019/05/21 14:18:51.733200 git.huoys.com/qp/cells/vendor/git.huoys.com/qp/common/hall_message_s.GameUpdate 157 Info: game update msgRecv.En: 0.
2019/05/21 14:18:56.732200 git.huoys.com/qp/cells/vendor/git.huoys.com/qp/common/hall_message_s.GameUpdate 157 Info: game update msgRecv.En: 0.
2019/05/21 14:19:01.733200 git.huoys.com/qp/cells/vendor/git.huoys.com/qp/common/hall_message_s.GameUpdate 157 Info: game update msgRecv.En: 0.
2019/05/21 14:19:06.735200 git.huoys.com/qp/cells/vendor/git.huoys.com/qp/common/hall_message_s.GameUpdate 157 Info: game update msgRecv.En: 0.
2019/05/21 14:19:11.733200 git.huoys.com/qp/cells/vendor/git.huoys.com/qp/common/hall_message_s.GameUpdate 157 Info: game update msgRecv.En: 0.
2019/05/21 14:19:16.732200 git.huoys.com/qp/cells/vendor/git.huoys.com/qp/common/hall_message_s.GameUpdate 157 Info: game update msgRecv.En: 0.
2019/05/21 14:19:21.732200 git.huoys.com/qp/cells/vendor/git.huoys.com/qp/common/hall_message_s.GameUpdate 157 Info: game update msgRecv.En: 0.
2019/05/21 14:19:26.737200 git.huoys.com/qp/cells/vendor/git.huoys.com/qp/common/hall_message_s.GameUpdate 157 Info: game update msgRecv.En: 0.
2019/05/21 14:19:31.735200 git.huoys.com/qp/cells/vendor/git.huoys.com/qp/common/hall_message_s.GameUpdate 157 Info: game update msgRecv.En: 0.
2019/05/21 14:19:36.732200 git.huoys.com/qp/cells/vendor/git.huoys.com/qp/common/hall_message_s.GameUpdate 157 Info: game update msgRecv.En: 0.
2019/05/21 14:19:41.733200 git.huoys.com/qp/cells/vendor/git.huoys.com/qp/common/hall_message_s.GameUpdate 157 Info: game update msgRecv.En: 0.
2019/05/21 14:19:46.733200 git.huoys.com/qp/cells/vendor/git.huoys.com/qp/common/hall_message_s.GameUpdate 157 Info: game update msgRecv.En: 0.
2019/05/21 14:19:51.732200 git.huoys.com/qp/cells/vendor/git.huoys.com/qp/common/hall_message_s.GameUpdate 157 Info: game update msgRecv.En: 0.
2019/05/21 14:19:56.741200 git.huoys.com/qp/cells/vendor/git.huoys.com/qp/common/hall_message_s.GameUpdate 157 Info: game update msgRecv.En: 0.
2019/05/21 14:20:01.732200 git.huoys.com/qp/cells/vendor/git.huoys.com/qp/common/hall_message_s.GameUpdate 157 Info: game update msgRecv.En: 0.
2019/05/21 14:20:06.733200 git.huoys.com/qp/cells/vendor/git.huoys.com/qp/common/hall_message_s.GameUpdate 157 Info: game update msgRecv.En: 0.
2019/05/21 14:20:11.734200 git.huoys.com/qp/cells/vendor/git.huoys.com/qp/common/hall_message_s.GameUpdate 157 Info: game update msgRecv.En: 0.
2019/05/21 14:20:16.735200 git.huoys.com/qp/cells/vendor/git.huoys.com/qp/common/hall_message_s.GameUpdate 157 Info: game update msgRecv.En: 0.
2019/05/21 14:20:21.739200 git.huoys.com/qp/cells/vendor/git.huoys.com/qp/common/hall_message_s.GameUpdate 157 Info: game update msgRecv.En: 0.
2019/05/21 14:20:26.738200 git.huoys.com/qp/cells/vendor/git.huoys.com/qp/common/hall_message_s.GameUpdate 157 Info: game update msgRecv.En: 0.
2019/05/21 14:20:31.736200 git.huoys.com/qp/cells/vendor/git.huoys.com/qp/common/hall_message_s.GameUpdate 157 Info: game update msgRecv.En: 0.
2019/05/21 14:20:36.736200 git.huoys.com/qp/cells/vendor/git.huoys.com/qp/common/hall_message_s.GameUpdate 157 Info: game update msgRecv.En: 0.
2019/05/21 14:20:41.738200 git.huoys.com/qp/cells/vendor/git.huoys.com/qp/common/hall_message_s.GameUpdate 157 Info: game update msgRecv.En: 0.
2019/05/21 14:20:46.738200 git.huoys.com/qp/cells/vendor/git.huoys.com/qp/common/hall_message_s.GameUpdate 157 Info: game update msgRecv.En: 0.
2019/05/21 14:20:51.733200 git.huoys.com/qp/cells/vendor/git.huoys.com/qp/common/hall_message_s.GameUpdate 157 Info: game update msgRecv.En: 0.
2019/05/21 14:20:56.742200 git.huoys.com/qp/cells/vendor/git.huoys.com/qp/common/hall_message_s.GameUpdate 157 Info: game update msgRecv.En: 0.
2019/05/21 14:21:01.735200 git.huoys.com/qp/cells/vendor/git.huoys.com/qp/common/hall_message_s.GameUpdate 157 Info: game update msgRecv.En: 0.
2019/05/21 14:21:06.737200 git.huoys.com/qp/cells/vendor/git.huoys.com/qp/common/hall_message_s.GameUpdate 157 Info: game update msgRecv.En: 0.
2019/05/21 14:21:11.741200 git.huoys.com/qp/cells/vendor/git.huoys.com/qp/common/hall_message_s.GameUpdate 157 Info: game update msgRecv.En: 0.
2019/05/21 14:21:16.741200 git.huoys.com/qp/cells/vendor/git.huoys.com/qp/common/hall_message_s.GameUpdate 157 Info: game update msgRecv.En: 0.
2019/05/21 14:21:21.736200 git.huoys.com/qp/cells/vendor/git.huoys.com/qp/common/hall_message_s.GameUpdate 157 Info: game update msgRecv.En: 0.
2019/05/21 14:21:26.740200 git.huoys.com/qp/cells/vendor/git.huoys.com/qp/common/hall_message_s.GameUpdate 157 Info: game update msgRecv.En: 0.
2019/05/21 14:21:31.741200 git.huoys.com/qp/cells/vendor/git.huoys.com/qp/common/hall_message_s.GameUpdate 157 Info: game update msgRecv.En: 0.
2019/05/21 14:21:36.741200 git.huoys.com/qp/cells/vendor/git.huoys.com/qp/common/hall_message_s.GameUpdate 157 Info: game update msgRecv.En: 0.
2019/05/21 14:21:41.741200 git.huoys.com/qp/cells/vendor/git.huoys.com/qp/common/hall_message_s.GameUpdate 157 Info: game update msgRecv.En: 0.
2019/05/21 14:21:46.739200 git.huoys.com/qp/cells/vendor/git.huoys.com/qp/common/hall_message_s.GameUpdate 157 Info: game update msgRecv.En: 0.
2019/05/21 14:21:51.742200 git.huoys.com/qp/cells/vendor/git.huoys.com/qp/common/hall_message_s.GameUpdate 157 Info: game update msgRecv.En: 0.
2019/05/21 14:21:56.744200 git.huoys.com/qp/cells/vendor/git.huoys.com/qp/common/hall_message_s.GameUpdate 157 Info: game update msgRecv.En: 0.
2019/05/21 14:22:01.739200 git.huoys.com/qp/cells/vendor/git.huoys.com/qp/common/hall_message_s.GameUpdate 157 Info: game update msgRecv.En: 0.
2019/05/21 14:22:06.742200 git.huoys.com/qp/cells/vendor/git.huoys.com/qp/common/hall_message_s.GameUpdate 157 Info: game update msgRecv.En: 0.
2019/05/21 14:22:11.743200 git.huoys.com/qp/cells/vendor/git.huoys.com/qp/common/hall_message_s.GameUpdate 157 Info: game update msgRecv.En: 0.
2019/05/21 14:22:16.743200 git.huoys.com/qp/cells/vendor/git.huoys.com/qp/common/hall_message_s.GameUpdate 157 Info: game update msgRecv.En: 0.
2019/05/21 14:22:21.742200 git.huoys.com/qp/cells/vendor/git.huoys.com/qp/common/hall_message_s.GameUpdate 157 Info: game update msgRecv.En: 0.
2019/05/21 14:22:26.742200 git.huoys.com/qp/cells/vendor/git.huoys.com/qp/common/hall_message_s.GameUpdate 157 Info: game update msgRecv.En: 0.
2019/05/21 14:22:31.742200 git.huoys.com/qp/cells/vendor/git.huoys.com/qp/common/hall_message_s.GameUpdate 157 Info: game update msgRecv.En: 0.
2019/05/21 14:22:36.743200 git.huoys.com/qp/cells/vendor/git.huoys.com/qp/common/hall_message_s.GameUpdate 157 Info: game update msgRecv.En: 0.
2019/05/21 14:22:41.742200 git.huoys.com/qp/cells/vendor/git.huoys.com/qp/common/hall_message_s.GameUpdate 157 Info: game update msgRecv.En: 0.
2019/05/21 14:22:46.745200 git.huoys.com/qp/cells/vendor/git.huoys.com/qp/common/hall_message_s.GameUpdate 157 Info: game update msgRecv.En: 0.
2019/05/21 14:22:51.740200 git.huoys.com/qp/cells/vendor/git.huoys.com/qp/common/hall_message_s.GameUpdate 157 Info: game update msgRecv.En: 0.
2019/05/21 14:22:56.738200 git.huoys.com/qp/cells/vendor/git.huoys.com/qp/common/hall_message_s.GameUpdate 157 Info: game update msgRecv.En: 0.
2019/05/21 14:23:01.742200 git.huoys.com/qp/cells/vendor/git.huoys.com/qp/common/hall_message_s.GameUpdate 157 Info: game update msgRecv.En: 0.
2019/05/21 14:23:06.739200 git.huoys.com/qp/cells/vendor/git.huoys.com/qp/common/hall_message_s.GameUpdate 157 Info: game update msgRecv.En: 0.
2019/05/21 14:23:11.736200 git.huoys.com/qp/cells/vendor/git.huoys.com/qp/common/hall_message_s.GameUpdate 157 Info: game update msgRecv.En: 0.
2019/05/21 14:23:16.739200 git.huoys.com/qp/cells/vendor/git.huoys.com/qp/common/hall_message_s.GameUpdate 157 Info: game update msgRecv.En: 0.
2019/05/21 14:23:21.742200 git.huoys.com/qp/cells/vendor/git.huoys.com/qp/common/hall_message_s.GameUpdate 157 Info: game update msgRecv.En: 0.
2019/05/21 14:23:26.738200 git.huoys.com/qp/cells/vendor/git.huoys.com/qp/common/hall_message_s.GameUpdate 157 Info: game update msgRecv.En: 0.
2019/05/21 14:23:31.738200 git.huoys.com/qp/cells/vendor/git.huoys.com/qp/common/hall_message_s.GameUpdate 157 Info: game update msgRecv.En: 0.
2019/05/21 14:23:36.740200 git.huoys.com/qp/cells/vendor/git.huoys.com/qp/common/hall_message_s.GameUpdate 157 Info: game update msgRecv.En: 0.
2019/05/21 14:23:41.737200 git.huoys.com/qp/cells/vendor/git.huoys.com/qp/common/hall_message_s.GameUpdate 157 Info: game update msgRecv.En: 0.
2019/05/21 14:23:46.738200 git.huoys.com/qp/cells/vendor/git.huoys.com/qp/common/hall_message_s.GameUpdate 157 Info: game update msgRecv.En: 0.
2019/05/21 14:23:51.734200 git.huoys.com/qp/cells/vendor/git.huoys.com/qp/common/hall_message_s.GameUpdate 157 Info: game update msgRecv.En: 0.
2019/05/21 14:23:56.742200 git.huoys.com/qp/cells/vendor/git.huoys.com/qp/common/hall_message_s.GameUpdate 157 Info: game update msgRecv.En: 0.
2019/05/21 14:24:01.740200 git.huoys.com/qp/cells/vendor/git.huoys.com/qp/common/hall_message_s.GameUpdate 157 Info: game update msgRecv.En: 0.
2019/05/21 14:24:06.740200 git.huoys.com/qp/cells/vendor/git.huoys.com/qp/common/hall_message_s.GameUpdate 157 Info: game update msgRecv.En: 0.
2019/05/21 14:24:11.740200 git.huoys.com/qp/cells/vendor/git.huoys.com/qp/common/hall_message_s.GameUpdate 157 Info: game update msgRecv.En: 0.
2019/05/21 14:24:16.739200 git.huoys.com/qp/cells/vendor/git.huoys.com/qp/common/hall_message_s.GameUpdate 157 Info: game update msgRecv.En: 0.
2019/05/21 14:24:21.738200 git.huoys.com/qp/cells/vendor/git.huoys.com/qp/common/hall_message_s.GameUpdate 157 Info: game update msgRecv.En: 0.
2019/05/21 14:24:26.744200 git.huoys.com/qp/cells/vendor/git.huoys.com/qp/common/hall_message_s.GameUpdate 157 Info: game update msgRecv.En: 0.
2019/05/21 14:24:31.744200 git.huoys.com/qp/cells/vendor/git.huoys.com/qp/common/hall_message_s.GameUpdate 157 Info: game update msgRecv.En: 0.
2019/05/21 14:24:36.740200 git.huoys.com/qp/cells/vendor/git.huoys.com/qp/common/hall_message_s.GameUpdate 157 Info: game update msgRecv.En: 0.
2019/05/21 14:24:41.740200 git.huoys.com/qp/cells/vendor/git.huoys.com/qp/common/hall_message_s.GameUpdate 157 Info: game update msgRecv.En: 0.
2019/05/21 14:24:46.745200 git.huoys.com/qp/cells/vendor/git.huoys.com/qp/common/hall_message_s.GameUpdate 157 Info: game update msgRecv.En: 0.
2019/05/21 14:24:51.757200 git.huoys.com/qp/cells/vendor/git.huoys.com/qp/common/hall_message_s.GameUpdate 157 Info: game update msgRecv.En: 0.
2019/05/21 14:24:56.761200 git.huoys.com/qp/cells/vendor/git.huoys.com/qp/common/hall_message_s.GameUpdate 157 Info: game update msgRecv.En: 0.
2019/05/21 14:25:01.759200 git.huoys.com/qp/cells/vendor/git.huoys.com/qp/common/hall_message_s.GameUpdate 157 Info: game update msgRecv.En: 0.
2019/05/21 14:25:06.758200 git.huoys.com/qp/cells/vendor/git.huoys.com/qp/common/hall_message_s.GameUpdate 157 Info: game update msgRecv.En: 0.
2019/05/21 14:25:11.757200 git.huoys.com/qp/cells/vendor/git.huoys.com/qp/common/hall_message_s.GameUpdate 157 Info: game update msgRecv.En: 0.
2019/05/21 14:25:16.759200 git.huoys.com/qp/cells/vendor/git.huoys.com/qp/common/hall_message_s.GameUpdate 157 Info: game update msgRecv.En: 0.
2019/05/21 14:25:21.754200 git.huoys.com/qp/cells/vendor/git.huoys.com/qp/common/hall_message_s.GameUpdate 157 Info: game update msgRecv.En: 0.
2019/05/21 14:25:26.762200 git.huoys.com/qp/cells/vendor/git.huoys.com/qp/common/hall_message_s.GameUpdate 157 Info: game update msgRecv.En: 0.
2019/05/21 14:25:31.759200 git.huoys.com/qp/cells/vendor/git.huoys.com/qp/common/hall_message_s.GameUpdate 157 Info: game update msgRecv.En: 0.
2019/05/21 14:25:36.759200 git.huoys.com/qp/cells/vendor/git.huoys.com/qp/common/hall_message_s.GameUpdate 157 Info: game update msgRecv.En: 0.
2019/05/21 14:25:41.762200 git.huoys.com/qp/cells/vendor/git.huoys.com/qp/common/hall_message_s.GameUpdate 157 Info: game update msgRecv.En: 0.
2019/05/21 14:25:46.770200 git.huoys.com/qp/cells/vendor/git.huoys.com/qp/common/hall_message_s.GameUpdate 157 Info: game update msgRecv.En: 0.
2019/05/21 14:25:51.770200 git.huoys.com/qp/cells/vendor/git.huoys.com/qp/common/hall_message_s.GameUpdate 157 Info: game update msgRecv.En: 0.
2019/05/21 14:25:56.770200 git.huoys.com/qp/cells/vendor/git.huoys.com/qp/common/hall_message_s.GameUpdate 157 Info: game update msgRecv.En: 0.
2019/05/21 14:26:01.770200 git.huoys.com/qp/cells/vendor/git.huoys.com/qp/common/hall_message_s.GameUpdate 157 Info: game update msgRecv.En: 0.
2019/05/21 14:26:06.774200 git.huoys.com/qp/cells/vendor/git.huoys.com/qp/common/hall_message_s.GameUpdate 157 Info: game update msgRecv.En: 0.
2019/05/21 14:26:11.773200 git.huoys.com/qp/cells/vendor/git.huoys.com/qp/common/hall_message_s.GameUpdate 157 Info: game update msgRecv.En: 0.
2019/05/21 14:26:16.769200 git.huoys.com/qp/cells/vendor/git.huoys.com/qp/common/hall_message_s.GameUpdate 157 Info: game update msgRecv.En: 0.
2019/05/21 14:26:21.771200 git.huoys.com/qp/cells/vendor/git.huoys.com/qp/common/hall_message_s.GameUpdate 157 Info: game update msgRecv.En: 0.
2019/05/21 14:26:26.772200 git.huoys.com/qp/cells/vendor/git.huoys.com/qp/common/hall_message_s.GameUpdate 157 Info: game update msgRecv.En: 0.
2019/05/21 14:26:31.772200 git.huoys.com/qp/cells/vendor/git.huoys.com/qp/common/hall_message_s.GameUpdate 157 Info: game update msgRecv.En: 0.
2019/05/21 14:26:36.772200 git.huoys.com/qp/cells/vendor/git.huoys.com/qp/common/hall_message_s.GameUpdate 157 Info: game update msgRecv.En: 0.
2019/05/21 14:26:41.776200 git.huoys.com/qp/cells/vendor/git.huoys.com/qp/common/hall_message_s.GameUpdate 157 Info: game update msgRecv.En: 0.
2019/05/21 14:26:46.771200 git.huoys.com/qp/cells/vendor/git.huoys.com/qp/common/hall_message_s.GameUpdate 157 Info: game update msgRecv.En: 0.
2019/05/21 14:26:51.771200 git.huoys.com/qp/cells/vendor/git.huoys.com/qp/common/hall_message_s.GameUpdate 157 Info: game update msgRecv.En: 0.
2019/05/21 14:26:56.772200 git.huoys.com/qp/cells/vendor/git.huoys.com/qp/common/hall_message_s.GameUpdate 157 Info: game update msgRecv.En: 0.
2019/05/21 14:27:01.773200 git.huoys.com/qp/cells/vendor/git.huoys.com/qp/common/hall_message_s.GameUpdate 157 Info: game update msgRecv.En: 0.
2019/05/21 14:27:06.777200 git.huoys.com/qp/cells/vendor/git.huoys.com/qp/common/hall_message_s.GameUpdate 157 Info: game update msgRecv.En: 0.
2019/05/21 14:27:11.773200 git.huoys.com/qp/cells/vendor/git.huoys.com/qp/common/hall_message_s.GameUpdate 157 Info: game update msgRecv.En: 0.
2019/05/21 14:27:16.772200 git.huoys.com/qp/cells/vendor/git.huoys.com/qp/common/hall_message_s.GameUpdate 157 Info: game update msgRecv.En: 0.
2019/05/21 14:27:21.773200 git.huoys.com/qp/cells/vendor/git.huoys.com/qp/common/hall_message_s.GameUpdate 157 Info: game update msgRecv.En: 0.
2019/05/21 14:27:26.771200 git.huoys.com/qp/cells/vendor/git.huoys.com/qp/common/hall_message_s.GameUpdate 157 Info: game update msgRecv.En: 0.
2019/05/21 14:27:31.771200 git.huoys.com/qp/cells/vendor/git.huoys.com/qp/common/hall_message_s.GameUpdate 157 Info: game update msgRecv.En: 0.
2019/05/21 14:27:36.772200 git.huoys.com/qp/cells/vendor/git.huoys.com/qp/common/hall_message_s.GameUpdate 157 Info: game update msgRecv.En: 0.
2019/05/21 14:27:41.774200 git.huoys.com/qp/cells/vendor/git.huoys.com/qp/common/hall_message_s.GameUpdate 157 Info: game update msgRecv.En: 0.
2019/05/21 14:27:46.771200 git.huoys.com/qp/cells/vendor/git.huoys.com/qp/common/hall_message_s.GameUpdate 157 Info: game update msgRecv.En: 0.
2019/05/21 14:27:51.777200 git.huoys.com/qp/cells/vendor/git.huoys.com/qp/common/hall_message_s.GameUpdate 157 Info: game update msgRecv.En: 0.
2019/05/21 14:27:56.774200 git.huoys.com/qp/cells/vendor/git.huoys.com/qp/common/hall_message_s.GameUpdate 157 Info: game update msgRecv.En: 0.
2019/05/21 14:28:01.772200 git.huoys.com/qp/cells/vendor/git.huoys.com/qp/common/hall_message_s.GameUpdate 157 Info: game update msgRecv.En: 0.
2019/05/21 14:28:06.775200 git.huoys.com/qp/cells/vendor/git.huoys.com/qp/common/hall_message_s.GameUpdate 157 Info: game update msgRecv.En: 0.
2019/05/21 14:28:11.777200 git.huoys.com/qp/cells/vendor/git.huoys.com/qp/common/hall_message_s.GameUpdate 157 Info: game update msgRecv.En: 0.
2019/05/21 14:28:16.780200 git.huoys.com/qp/cells/vendor/git.huoys.com/qp/common/hall_message_s.GameUpdate 157 Info: game update msgRecv.En: 0.
2019/05/21 14:28:21.778200 git.huoys.com/qp/cells/vendor/git.huoys.com/qp/common/hall_message_s.GameUpdate 157 Info: game update msgRecv.En: 0.
2019/05/21 14:28:26.775200 git.huoys.com/qp/cells/vendor/git.huoys.com/qp/common/hall_message_s.GameUpdate 157 Info: game update msgRecv.En: 0.
2019/05/21 14:28:31.775200 git.huoys.com/qp/cells/vendor/git.huoys.com/qp/common/hall_message_s.GameUpdate 157 Info: game update msgRecv.En: 0.
2019/05/21 14:28:36.777200 git.huoys.com/qp/cells/vendor/git.huoys.com/qp/common/hall_message_s.GameUpdate 157 Info: game update msgRecv.En: 0.
2019/05/21 14:28:41.778200 git.huoys.com/qp/cells/vendor/git.huoys.com/qp/common/hall_message_s.GameUpdate 157 Info: game update msgRecv.En: 0.
2019/05/21 14:28:46.775200 git.huoys.com/qp/cells/vendor/git.huoys.com/qp/common/hall_message_s.GameUpdate 157 Info: game update msgRecv.En: 0.
2019/05/21 14:28:51.778200 git.huoys.com/qp/cells/vendor/git.huoys.com/qp/common/hall_message_s.GameUpdate 157 Info: game update msgRecv.En: 0.
2019/05/21 14:28:56.775200 git.huoys.com/qp/cells/vendor/git.huoys.com/qp/common/hall_message_s.GameUpdate 157 Info: game update msgRecv.En: 0.
2019/05/21 14:29:01.772200 git.huoys.com/qp/cells/vendor/git.huoys.com/qp/common/hall_message_s.GameUpdate 157 Info: game update msgRecv.En: 0.
2019/05/21 14:29:06.775200 git.huoys.com/qp/cells/vendor/git.huoys.com/qp/common/hall_message_s.GameUpdate 157 Info: game update msgRecv.En: 0.
2019/05/21 14:29:11.781200 git.huoys.com/qp/cells/vendor/git.huoys.com/qp/common/hall_message_s.GameUpdate 157 Info: game update msgRecv.En: 0.
2019/05/21 14:29:16.773200 git.huoys.com/qp/cells/vendor/git.huoys.com/qp/common/hall_message_s.GameUpdate 157 Info: game update msgRecv.En: 0.
2019/05/21 14:29:21.774200 git.huoys.com/qp/cells/vendor/git.huoys.com/qp/common/hall_message_s.GameUpdate 157 Info: game update msgRecv.En: 0.
2019/05/21 14:29:26.773200 git.huoys.com/qp/cells/vendor/git.huoys.com/qp/common/hall_message_s.GameUpdate 157 Info: game update msgRecv.En: 0.
2019/05/21 14:29:31.774200 git.huoys.com/qp/cells/vendor/git.huoys.com/qp/common/hall_message_s.GameUpdate 157 Info: game update msgRecv.En: 0.
2019/05/21 14:29:36.774200 git.huoys.com/qp/cells/vendor/git.huoys.com/qp/common/hall_message_s.GameUpdate 157 Info: game update msgRecv.En: 0.
2019/05/21 14:29:41.774200 git.huoys.com/qp/cells/vendor/git.huoys.com/qp/common/hall_message_s.GameUpdate 157 Info: game update msgRecv.En: 0.
2019/05/21 14:29:46.771200 git.huoys.com/qp/cells/vendor/git.huoys.com/qp/common/hall_message_s.GameUpdate 157 Info: game update msgRecv.En: 0.
2019/05/21 14:29:51.773200 git.huoys.com/qp/cells/vendor/git.huoys.com/qp/common/hall_message_s.GameUpdate 157 Info: game update msgRecv.En: 0.
2019/05/21 14:29:56.773200 git.huoys.com/qp/cells/vendor/git.huoys.com/qp/common/hall_message_s.GameUpdate 157 Info: game update msgRecv.En: 0.
2019/05/21 14:30:01.774200 git.huoys.com/qp/cells/vendor/git.huoys.com/qp/common/hall_message_s.GameUpdate 157 Info: game update msgRecv.En: 0.
2019/05/21 14:30:06.773200 git.huoys.com/qp/cells/vendor/git.huoys.com/qp/common/hall_message_s.GameUpdate 157 Info: game update msgRecv.En: 0.
2019/05/21 14:30:11.773200 git.huoys.com/qp/cells/vendor/git.huoys.com/qp/common/hall_message_s.GameUpdate 157 Info: game update msgRecv.En: 0.
2019/05/21 14:30:16.773200 git.huoys.com/qp/cells/vendor/git.huoys.com/qp/common/hall_message_s.GameUpdate 157 Info: game update msgRecv.En: 0.
2019/05/21 14:30:21.771200 git.huoys.com/qp/cells/vendor/git.huoys.com/qp/common/hall_message_s.GameUpdate 157 Info: game update msgRecv.En: 0.
2019/05/21 14:30:26.776200 git.huoys.com/qp/cells/vendor/git.huoys.com/qp/common/hall_message_s.GameUpdate 157 Info: game update msgRecv.En: 0.
2019/05/21 14:30:31.771200 git.huoys.com/qp/cells/vendor/git.huoys.com/qp/common/hall_message_s.GameUpdate 157 Info: game update msgRecv.En: 0.
2019/05/21 14:30:36.773200 git.huoys.com/qp/cells/vendor/git.huoys.com/qp/common/hall_message_s.GameUpdate 157 Info: game update msgRecv.En: 0.
2019/05/21 14:30:41.775200 git.huoys.com/qp/cells/vendor/git.huoys.com/qp/common/hall_message_s.GameUpdate 157 Info: game update msgRecv.En: 0.
2019/05/21 14:30:46.774200 git.huoys.com/qp/cells/vendor/git.huoys.com/qp/common/hall_message_s.GameUpdate 157 Info: game update msgRecv.En: 0.
2019/05/21 14:30:51.773200 git.huoys.com/qp/cells/vendor/git.huoys.com/qp/common/hall_message_s.GameUpdate 157 Info: game update msgRecv.En: 0.
2019/05/21 14:30:56.778200 git.huoys.com/qp/cells/vendor/git.huoys.com/qp/common/hall_message_s.GameUpdate 157 Info: game update msgRecv.En: 0.
2019/05/21 14:31:01.772200 git.huoys.com/qp/cells/vendor/git.huoys.com/qp/common/hall_message_s.GameUpdate 157 Info: game update msgRecv.En: 0.
2019/05/21 14:31:06.774200 git.huoys.com/qp/cells/vendor/git.huoys.com/qp/common/hall_message_s.GameUpdate 157 Info: game update msgRecv.En: 0.
2019/05/21 14:31:11.775200 git.huoys.com/qp/cells/vendor/git.huoys.com/qp/common/hall_message_s.GameUpdate 157 Info: game update msgRecv.En: 0.
2019/05/21 14:31:16.775200 git.huoys.com/qp/cells/vendor/git.huoys.com/qp/common/hall_message_s.GameUpdate 157 Info: game update msgRecv.En: 0.
2019/05/21 14:31:21.775200 git.huoys.com/qp/cells/vendor/git.huoys.com/qp/common/hall_message_s.GameUpdate 157 Info: game update msgRecv.En: 0.
2019/05/21 14:31:26.776200 git.huoys.com/qp/cells/vendor/git.huoys.com/qp/common/hall_message_s.GameUpdate 157 Info: game update msgRecv.En: 0.
2019/05/21 14:31:31.774200 git.huoys.com/qp/cells/vendor/git.huoys.com/qp/common/hall_message_s.GameUpdate 157 Info: game update msgRecv.En: 0.
2019/05/21 14:31:36.776200 git.huoys.com/qp/cells/vendor/git.huoys.com/qp/common/hall_message_s.GameUpdate 157 Info: game update msgRecv.En: 0.
2019/05/21 14:31:41.774200 git.huoys.com/qp/cells/vendor/git.huoys.com/qp/common/hall_message_s.GameUpdate 157 Info: game update msgRecv.En: 0.
2019/05/21 14:31:46.776200 git.huoys.com/qp/cells/vendor/git.huoys.com/qp/common/hall_message_s.GameUpdate 157 Info: game update msgRecv.En: 0.
2019/05/21 14:31:51.774200 git.huoys.com/qp/cells/vendor/git.huoys.com/qp/common/hall_message_s.GameUpdate 157 Info: game update msgRecv.En: 0.
2019/05/21 14:31:56.774200 git.huoys.com/qp/cells/vendor/git.huoys.com/qp/common/hall_message_s.GameUpdate 157 Info: game update msgRecv.En: 0.
2019/05/21 14:32:01.774200 git.huoys.com/qp/cells/vendor/git.huoys.com/qp/common/hall_message_s.GameUpdate 157 Info: game update msgRecv.En: 0.
2019/05/21 14:32:06.774200 git.huoys.com/qp/cells/vendor/git.huoys.com/qp/common/hall_message_s.GameUpdate 157 Info: game update msgRecv.En: 0.
2019/05/21 14:32:11.776200 git.huoys.com/qp/cells/vendor/git.huoys.com/qp/common/hall_message_s.GameUpdate 157 Info: game update msgRecv.En: 0.
2019/05/21 14:32:16.774200 git.huoys.com/qp/cells/vendor/git.huoys.com/qp/common/hall_message_s.GameUpdate 157 Info: game update msgRecv.En: 0.
2019/05/21 14:32:21.778200 git.huoys.com/qp/cells/vendor/git.huoys.com/qp/common/hall_message_s.GameUpdate 157 Info: game update msgRecv.En: 0.
2019/05/21 14:32:26.774200 git.huoys.com/qp/cells/vendor/git.huoys.com/qp/common/hall_message_s.GameUpdate 157 Info: game update msgRecv.En: 0.
2019/05/21 14:32:31.773200 git.huoys.com/qp/cells/vendor/git.huoys.com/qp/common/hall_message_s.GameUpdate 157 Info: game update msgRecv.En: 0.
2019/05/21 14:32:36.771200 git.huoys.com/qp/cells/vendor/git.huoys.com/qp/common/hall_message_s.GameUpdate 157 Info: game update msgRecv.En: 0.
2019/05/21 14:32:41.772200 git.huoys.com/qp/cells/vendor/git.huoys.com/qp/common/hall_message_s.GameUpdate 157 Info: game update msgRecv.En: 0.
2019/05/21 14:32:46.773200 git.huoys.com/qp/cells/vendor/git.huoys.com/qp/common/hall_message_s.GameUpdate 157 Info: game update msgRecv.En: 0.
2019/05/21 14:32:51.774200 git.huoys.com/qp/cells/vendor/git.huoys.com/qp/common/hall_message_s.GameUpdate 157 Info: game update msgRecv.En: 0.
2019/05/21 14:32:56.772200 git.huoys.com/qp/cells/vendor/git.huoys.com/qp/common/hall_message_s.GameUpdate 157 Info: game update msgRecv.En: 0.
2019/05/21 14:33:01.774200 git.huoys.com/qp/cells/vendor/git.huoys.com/qp/common/hall_message_s.GameUpdate 157 Info: game update msgRecv.En: 0.
2019/05/21 14:33:06.775200 git.huoys.com/qp/cells/vendor/git.huoys.com/qp/common/hall_message_s.GameUpdate 157 Info: game update msgRecv.En: 0.
2019/05/21 14:33:11.773200 git.huoys.com/qp/cells/vendor/git.huoys.com/qp/common/hall_message_s.GameUpdate 157 Info: game update msgRecv.En: 0.
2019/05/21 14:33:16.773200 git.huoys.com/qp/cells/vendor/git.huoys.com/qp/common/hall_message_s.GameUpdate 157 Info: game update msgRecv.En: 0.
2019/05/21 14:33:21.775200 git.huoys.com/qp/cells/vendor/git.huoys.com/qp/common/hall_message_s.GameUpdate 157 Info: game update msgRecv.En: 0.
2019/05/21 14:33:26.774200 git.huoys.com/qp/cells/vendor/git.huoys.com/qp/common/hall_message_s.GameUpdate 157 Info: game update msgRecv.En: 0.
2019/05/21 14:33:31.779200 git.huoys.com/qp/cells/vendor/git.huoys.com/qp/common/hall_message_s.GameUpdate 157 Info: game update msgRecv.En: 0.
2019/05/21 14:33:36.777200 git.huoys.com/qp/cells/vendor/git.huoys.com/qp/common/hall_message_s.GameUpdate 157 Info: game update msgRecv.En: 0.
2019/05/21 14:33:41.775200 git.huoys.com/qp/cells/vendor/git.huoys.com/qp/common/hall_message_s.GameUpdate 157 Info: game update msgRecv.En: 0.
2019/05/21 14:33:46.774200 git.huoys.com/qp/cells/vendor/git.huoys.com/qp/common/hall_message_s.GameUpdate 157 Info: game update msgRecv.En: 0.
2019/05/21 14:33:51.775200 git.huoys.com/qp/cells/vendor/git.huoys.com/qp/common/hall_message_s.GameUpdate 157 Info: game update msgRecv.En: 0.
2019/05/21 14:33:56.775200 git.huoys.com/qp/cells/vendor/git.huoys.com/qp/common/hall_message_s.GameUpdate 157 Info: game update msgRecv.En: 0.
2019/05/21 14:34:01.776200 git.huoys.com/qp/cells/vendor/git.huoys.com/qp/common/hall_message_s.GameUpdate 157 Info: game update msgRecv.En: 0.
2019/05/21 14:34:06.774200 git.huoys.com/qp/cells/vendor/git.huoys.com/qp/common/hall_message_s.GameUpdate 157 Info: game update msgRecv.En: 0.
2019/05/21 14:34:11.775200 git.huoys.com/qp/cells/vendor/git.huoys.com/qp/common/hall_message_s.GameUpdate 157 Info: game update msgRecv.En: 0.
2019/05/21 14:34:16.773200 git.huoys.com/qp/cells/vendor/git.huoys.com/qp/common/hall_message_s.GameUpdate 157 Info: game update msgRecv.En: 0.
2019/05/21 14:34:21.775200 git.huoys.com/qp/cells/vendor/git.huoys.com/qp/common/hall_message_s.GameUpdate 157 Info: game update msgRecv.En: 0.
2019/05/21 14:34:26.782200 git.huoys.com/qp/cells/vendor/git.huoys.com/qp/common/hall_message_s.GameUpdate 157 Info: game update msgRecv.En: 0.
2019/05/21 14:34:31.786200 git.huoys.com/qp/cells/vendor/git.huoys.com/qp/common/hall_message_s.GameUpdate 157 Info: game update msgRecv.En: 0.
2019/05/21 14:34:36.781200 git.huoys.com/qp/cells/vendor/git.huoys.com/qp/common/hall_message_s.GameUpdate 157 Info: game update msgRecv.En: 0.
2019/05/21 14:34:41.779200 git.huoys.com/qp/cells/vendor/git.huoys.com/qp/common/hall_message_s.GameUpdate 157 Info: game update msgRecv.En: 0.
2019/05/21 14:34:46.779200 git.huoys.com/qp/cells/vendor/git.huoys.com/qp/common/hall_message_s.GameUpdate 157 Info: game update msgRecv.En: 0.
2019/05/21 14:34:51.780200 git.huoys.com/qp/cells/vendor/git.huoys.com/qp/common/hall_message_s.GameUpdate 157 Info: game update msgRecv.En: 0.
2019/05/21 14:34:56.776200 git.huoys.com/qp/cells/vendor/git.huoys.com/qp/common/hall_message_s.GameUpdate 157 Info: game update msgRecv.En: 0.
2019/05/21 14:35:01.782200 git.huoys.com/qp/cells/vendor/git.huoys.com/qp/common/hall_message_s.GameUpdate 157 Info: game update msgRecv.En: 0.
2019/05/21 14:35:06.778200 git.huoys.com/qp/cells/vendor/git.huoys.com/qp/common/hall_message_s.GameUpdate 157 Info: game update msgRecv.En: 0.
2019/05/21 14:35:11.775200 git.huoys.com/qp/cells/vendor/git.huoys.com/qp/common/hall_message_s.GameUpdate 157 Info: game update msgRecv.En: 0.
2019/05/21 14:35:16.778200 git.huoys.com/qp/cells/vendor/git.huoys.com/qp/common/hall_message_s.GameUpdate 157 Info: game update msgRecv.En: 0.
2019/05/21 14:35:21.774200 git.huoys.com/qp/cells/vendor/git.huoys.com/qp/common/hall_message_s.GameUpdate 157 Info: game update msgRecv.En: 0.
2019/05/21 14:35:26.779200 git.huoys.com/qp/cells/vendor/git.huoys.com/qp/common/hall_message_s.GameUpdate 157 Info: game update msgRecv.En: 0.
2019/05/21 14:35:31.776200 git.huoys.com/qp/cells/vendor/git.huoys.com/qp/common/hall_message_s.GameUpdate 157 Info: game update msgRecv.En: 0.
2019/05/21 14:35:36.780200 git.huoys.com/qp/cells/vendor/git.huoys.com/qp/common/hall_message_s.GameUpdate 157 Info: game update msgRecv.En: 0.
2019/05/21 14:35:41.781200 git.huoys.com/qp/cells/vendor/git.huoys.com/qp/common/hall_message_s.GameUpdate 157 Info: game update msgRecv.En: 0.
2019/05/21 14:35:46.775200 git.huoys.com/qp/cells/vendor/git.huoys.com/qp/common/hall_message_s.GameUpdate 157 Info: game update msgRecv.En: 0.
2019/05/21 14:35:51.779200 git.huoys.com/qp/cells/vendor/git.huoys.com/qp/common/hall_message_s.GameUpdate 157 Info: game update msgRecv.En: 0.
2019/05/21 14:35:56.780200 git.huoys.com/qp/cells/vendor/git.huoys.com/qp/common/hall_message_s.GameUpdate 157 Info: game update msgRecv.En: 0.
2019/05/21 14:36:01.776200 git.huoys.com/qp/cells/vendor/git.huoys.com/qp/common/hall_message_s.GameUpdate 157 Info: game update msgRecv.En: 0.
2019/05/21 14:36:06.783200 git.huoys.com/qp/cells/vendor/git.huoys.com/qp/common/hall_message_s.GameUpdate 157 Info: game update msgRecv.En: 0.
2019/05/21 14:36:11.777200 git.huoys.com/qp/cells/vendor/git.huoys.com/qp/common/hall_message_s.GameUpdate 157 Info: game update msgRecv.En: 0.
2019/05/21 14:36:16.775200 git.huoys.com/qp/cells/vendor/git.huoys.com/qp/common/hall_message_s.GameUpdate 157 Info: game update msgRecv.En: 0.
2019/05/21 14:36:21.812200 git.huoys.com/qp/cells/vendor/git.huoys.com/qp/common/hall_message_s.GameUpdate 157 Info: game update msgRecv.En: 0.
2019/05/21 14:36:26.811200 git.huoys.com/qp/cells/vendor/git.huoys.com/qp/common/hall_message_s.GameUpdate 157 Info: game update msgRecv.En: 0.
2019/05/21 14:36:31.808200 git.huoys.com/qp/cells/vendor/git.huoys.com/qp/common/hall_message_s.GameUpdate 157 Info: game update msgRecv.En: 0.
2019/05/21 14:36:36.809200 git.huoys.com/qp/cells/vendor/git.huoys.com/qp/common/hall_message_s.GameUpdate 157 Info: game update msgRecv.En: 0.
2019/05/21 14:36:41.808200 git.huoys.com/qp/cells/vendor/git.huoys.com/qp/common/hall_message_s.GameUpdate 157 Info: game update msgRecv.En: 0.
2019/05/21 14:36:46.814200 git.huoys.com/qp/cells/vendor/git.huoys.com/qp/common/hall_message_s.GameUpdate 157 Info: game update msgRecv.En: 0.
2019/05/21 14:36:51.813200 git.huoys.com/qp/cells/vendor/git.huoys.com/qp/common/hall_message_s.GameUpdate 157 Info: game update msgRecv.En: 0.
2019/05/21 14:36:56.808200 git.huoys.com/qp/cells/vendor/git.huoys.com/qp/common/hall_message_s.GameUpdate 157 Info: game update msgRecv.En: 0.
2019/05/21 14:37:01.808200 git.huoys.com/qp/cells/vendor/git.huoys.com/qp/common/hall_message_s.GameUpdate 157 Info: game update msgRecv.En: 0.
2019/05/21 14:37:06.810200 git.huoys.com/qp/cells/vendor/git.huoys.com/qp/common/hall_message_s.GameUpdate 157 Info: game update msgRecv.En: 0.
2019/05/21 14:37:11.808200 git.huoys.com/qp/cells/vendor/git.huoys.com/qp/common/hall_message_s.GameUpdate 157 Info: game update msgRecv.En: 0.
2019/05/21 14:37:16.815200 git.huoys.com/qp/cells/vendor/git.huoys.com/qp/common/hall_message_s.GameUpdate 157 Info: game update msgRecv.En: 0.
2019/05/21 14:37:21.813200 git.huoys.com/qp/cells/vendor/git.huoys.com/qp/common/hall_message_s.GameUpdate 157 Info: game update msgRecv.En: 0.
2019/05/21 14:37:26.812200 git.huoys.com/qp/cells/vendor/git.huoys.com/qp/common/hall_message_s.GameUpdate 157 Info: game update msgRecv.En: 0.
2019/05/21 14:37:31.809200 git.huoys.com/qp/cells/vendor/git.huoys.com/qp/common/hall_message_s.GameUpdate 157 Info: game update msgRecv.En: 0.
2019/05/21 14:37:36.808200 git.huoys.com/qp/cells/vendor/git.huoys.com/qp/common/hall_message_s.GameUpdate 157 Info: game update msgRecv.En: 0.
2019/05/21 14:37:41.809200 git.huoys.com/qp/cells/vendor/git.huoys.com/qp/common/hall_message_s.GameUpdate 157 Info: game update msgRecv.En: 0.
2019/05/21 14:37:46.811200 git.huoys.com/qp/cells/vendor/git.huoys.com/qp/common/hall_message_s.GameUpdate 157 Info: game update msgRecv.En: 0.
2019/05/21 14:37:51.808200 git.huoys.com/qp/cells/vendor/git.huoys.com/qp/common/hall_message_s.GameUpdate 157 Info: game update msgRecv.En: 0.
2019/05/21 14:37:56.809200 git.huoys.com/qp/cells/vendor/git.huoys.com/qp/common/hall_message_s.GameUpdate 157 Info: game update msgRecv.En: 0.
2019/05/21 14:38:01.816200 git.huoys.com/qp/cells/vendor/git.huoys.com/qp/common/hall_message_s.GameUpdate 157 Info: game update msgRecv.En: 0.
2019/05/21 14:38:06.819200 git.huoys.com/qp/cells/vendor/git.huoys.com/qp/common/hall_message_s.GameUpdate 157 Info: game update msgRecv.En: 0.
2019/05/21 14:38:11.819200 git.huoys.com/qp/cells/vendor/git.huoys.com/qp/common/hall_message_s.GameUpdate 157 Info: game update msgRecv.En: 0.
2019/05/21 14:38:16.817200 git.huoys.com/qp/cells/vendor/git.huoys.com/qp/common/hall_message_s.GameUpdate 157 Info: game update msgRecv.En: 0.
2019/05/21 14:38:21.821200 git.huoys.com/qp/cells/vendor/git.huoys.com/qp/common/hall_message_s.GameUpdate 157 Info: game update msgRecv.En: 0.
2019/05/21 14:38:26.820200 git.huoys.com/qp/cells/vendor/git.huoys.com/qp/common/hall_message_s.GameUpdate 157 Info: game update msgRecv.En: 0.
2019/05/21 14:38:31.824200 git.huoys.com/qp/cells/vendor/git.huoys.com/qp/common/hall_message_s.GameUpdate 157 Info: game update msgRecv.En: 0.
2019/05/21 14:38:36.822200 git.huoys.com/qp/cells/vendor/git.huoys.com/qp/common/hall_message_s.GameUpdate 157 Info: game update msgRecv.En: 0.
2019/05/21 14:38:41.820200 git.huoys.com/qp/cells/vendor/git.huoys.com/qp/common/hall_message_s.GameUpdate 157 Info: game update msgRecv.En: 0.
2019/05/21 14:38:46.822200 git.huoys.com/qp/cells/vendor/git.huoys.com/qp/common/hall_message_s.GameUpdate 157 Info: game update msgRecv.En: 0.
2019/05/21 14:38:51.825200 git.huoys.com/qp/cells/vendor/git.huoys.com/qp/common/hall_message_s.GameUpdate 157 Info: game update msgRecv.En: 0.
2019/05/21 14:38:56.824200 git.huoys.com/qp/cells/vendor/git.huoys.com/qp/common/hall_message_s.GameUpdate 157 Info: game update msgRecv.En: 0.
2019/05/21 14:39:01.824200 git.huoys.com/qp/cells/vendor/git.huoys.com/qp/common/hall_message_s.GameUpdate 157 Info: game update msgRecv.En: 0.
2019/05/21 14:39:06.825200 git.huoys.com/qp/cells/vendor/git.huoys.com/qp/common/hall_message_s.GameUpdate 157 Info: game update msgRecv.En: 0.
2019/05/21 14:39:11.823200 git.huoys.com/qp/cells/vendor/git.huoys.com/qp/common/hall_message_s.GameUpdate 157 Info: game update msgRecv.En: 0.
2019/05/21 14:39:16.824200 git.huoys.com/qp/cells/vendor/git.huoys.com/qp/common/hall_message_s.GameUpdate 157 Info: game update msgRecv.En: 0.
2019/05/21 14:39:21.824200 git.huoys.com/qp/cells/vendor/git.huoys.com/qp/common/hall_message_s.GameUpdate 157 Info: game update msgRecv.En: 0.
2019/05/21 14:39:26.826200 git.huoys.com/qp/cells/vendor/git.huoys.com/qp/common/hall_message_s.GameUpdate 157 Info: game update msgRecv.En: 0.
2019/05/21 14:39:31.819200 git.huoys.com/qp/cells/vendor/git.huoys.com/qp/common/hall_message_s.GameUpdate 157 Info: game update msgRecv.En: 0.
2019/05/21 14:39:36.821200 git.huoys.com/qp/cells/vendor/git.huoys.com/qp/common/hall_message_s.GameUpdate 157 Info: game update msgRecv.En: 0.
2019/05/21 14:39:41.820200 git.huoys.com/qp/cells/vendor/git.huoys.com/qp/common/hall_message_s.GameUpdate 157 Info: game update msgRecv.En: 0.
2019/05/21 14:39:46.818200 git.huoys.com/qp/cells/vendor/git.huoys.com/qp/common/hall_message_s.GameUpdate 157 Info: game update msgRecv.En: 0.
2019/05/21 14:39:51.819200 git.huoys.com/qp/cells/vendor/git.huoys.com/qp/common/hall_message_s.GameUpdate 157 Info: game update msgRecv.En: 0.
2019/05/21 14:39:56.819200 git.huoys.com/qp/cells/vendor/git.huoys.com/qp/common/hall_message_s.GameUpdate 157 Info: game update msgRecv.En: 0.
2019/05/21 14:40:01.820200 git.huoys.com/qp/cells/vendor/git.huoys.com/qp/common/hall_message_s.GameUpdate 157 Info: game update msgRecv.En: 0.
2019/05/21 14:40:06.819200 git.huoys.com/qp/cells/vendor/git.huoys.com/qp/common/hall_message_s.GameUpdate 157 Info: game update msgRecv.En: 0.
2019/05/21 14:40:11.819200 git.huoys.com/qp/cells/vendor/git.huoys.com/qp/common/hall_message_s.GameUpdate 157 Info: game update msgRecv.En: 0.
2019/05/21 14:40:16.827200 git.huoys.com/qp/cells/vendor/git.huoys.com/qp/common/hall_message_s.GameUpdate 157 Info: game update msgRecv.En: 0.
2019/05/21 14:40:21.823200 git.huoys.com/qp/cells/vendor/git.huoys.com/qp/common/hall_message_s.GameUpdate 157 Info: game update msgRecv.En: 0.
2019/05/21 14:40:26.825200 git.huoys.com/qp/cells/vendor/git.huoys.com/qp/common/hall_message_s.GameUpdate 157 Info: game update msgRecv.En: 0.
2019/05/21 14:40:31.823200 git.huoys.com/qp/cells/vendor/git.huoys.com/qp/common/hall_message_s.GameUpdate 157 Info: game update msgRecv.En: 0.
2019/05/21 14:40:36.822200 git.huoys.com/qp/cells/vendor/git.huoys.com/qp/common/hall_message_s.GameUpdate 157 Info: game update msgRecv.En: 0.
2019/05/21 14:40:41.822200 git.huoys.com/qp/cells/vendor/git.huoys.com/qp/common/hall_message_s.GameUpdate 157 Info: game update msgRecv.En: 0.
2019/05/21 14:40:46.824200 git.huoys.com/qp/cells/vendor/git.huoys.com/qp/common/hall_message_s.GameUpdate 157 Info: game update msgRecv.En: 0.
2019/05/21 14:40:51.823200 git.huoys.com/qp/cells/vendor/git.huoys.com/qp/common/hall_message_s.GameUpdate 157 Info: game update msgRecv.En: 0.
2019/05/21 14:40:56.821200 git.huoys.com/qp/cells/vendor/git.huoys.com/qp/common/hall_message_s.GameUpdate 157 Info: game update msgRecv.En: 0.
2019/05/21 14:41:01.819200 git.huoys.com/qp/cells/vendor/git.huoys.com/qp/common/hall_message_s.GameUpdate 157 Info: game update msgRecv.En: 0.
2019/05/21 14:41:06.818200 git.huoys.com/qp/cells/vendor/git.huoys.com/qp/common/hall_message_s.GameUpdate 157 Info: game update msgRecv.En: 0.
2019/05/21 14:41:11.819200 git.huoys.com/qp/cells/vendor/git.huoys.com/qp/common/hall_message_s.GameUpdate 157 Info: game update msgRecv.En: 0.
2019/05/21 14:41:16.818200 git.huoys.com/qp/cells/vendor/git.huoys.com/qp/common/hall_message_s.GameUpdate 157 Info: game update msgRecv.En: 0.
2019/05/21 14:41:21.821200 git.huoys.com/qp/cells/vendor/git.huoys.com/qp/common/hall_message_s.GameUpdate 157 Info: game update msgRecv.En: 0.
2019/05/21 14:41:26.824200 git.huoys.com/qp/cells/vendor/git.huoys.com/qp/common/hall_message_s.GameUpdate 157 Info: game update msgRecv.En: 0.
2019/05/21 14:41:31.822200 git.huoys.com/qp/cells/vendor/git.huoys.com/qp/common/hall_message_s.GameUpdate 157 Info: game update msgRecv.En: 0.
2019/05/21 14:41:36.820200 git.huoys.com/qp/cells/vendor/git.huoys.com/qp/common/hall_message_s.GameUpdate 157 Info: game update msgRecv.En: 0.
2019/05/21 14:41:41.822200 git.huoys.com/qp/cells/vendor/git.huoys.com/qp/common/hall_message_s.GameUpdate 157 Info: game update msgRecv.En: 0.
2019/05/21 14:41:46.822200 git.huoys.com/qp/cells/vendor/git.huoys.com/qp/common/hall_message_s.GameUpdate 157 Info: game update msgRecv.En: 0.
2019/05/21 14:41:51.821200 git.huoys.com/qp/cells/vendor/git.huoys.com/qp/common/hall_message_s.GameUpdate 157 Info: game update msgRecv.En: 0.
2019/05/21 14:41:56.820200 git.huoys.com/qp/cells/vendor/git.huoys.com/qp/common/hall_message_s.GameUpdate 157 Info: game update msgRecv.En: 0.
2019/05/21 14:42:01.823200 git.huoys.com/qp/cells/vendor/git.huoys.com/qp/common/hall_message_s.GameUpdate 157 Info: game update msgRecv.En: 0.
2019/05/21 14:42:06.819200 git.huoys.com/qp/cells/vendor/git.huoys.com/qp/common/hall_message_s.GameUpdate 157 Info: game update msgRecv.En: 0.
2019/05/21 14:42:11.823200 git.huoys.com/qp/cells/vendor/git.huoys.com/qp/common/hall_message_s.GameUpdate 157 Info: game update msgRecv.En: 0.
2019/05/21 14:42:16.820200 git.huoys.com/qp/cells/vendor/git.huoys.com/qp/common/hall_message_s.GameUpdate 157 Info: game update msgRecv.En: 0.
2019/05/21 14:42:21.824200 git.huoys.com/qp/cells/vendor/git.huoys.com/qp/common/hall_message_s.GameUpdate 157 Info: game update msgRecv.En: 0.
2019/05/21 14:42:26.820200 git.huoys.com/qp/cells/vendor/git.huoys.com/qp/common/hall_message_s.GameUpdate 157 Info: game update msgRecv.En: 0.
2019/05/21 14:42:31.821200 git.huoys.com/qp/cells/vendor/git.huoys.com/qp/common/hall_message_s.GameUpdate 157 Info: game update msgRecv.En: 0.
2019/05/21 14:42:36.823200 git.huoys.com/qp/cells/vendor/git.huoys.com/qp/common/hall_message_s.GameUpdate 157 Info: game update msgRecv.En: 0.
2019/05/21 14:42:41.823200 git.huoys.com/qp/cells/vendor/git.huoys.com/qp/common/hall_message_s.GameUpdate 157 Info: game update msgRecv.En: 0.
2019/05/21 14:42:46.823200 git.huoys.com/qp/cells/vendor/git.huoys.com/qp/common/hall_message_s.GameUpdate 157 Info: game update msgRecv.En: 0.
2019/05/21 14:42:51.821200 git.huoys.com/qp/cells/vendor/git.huoys.com/qp/common/hall_message_s.GameUpdate 157 Info: game update msgRecv.En: 0.
2019/05/21 14:42:56.821200 git.huoys.com/qp/cells/vendor/git.huoys.com/qp/common/hall_message_s.GameUpdate 157 Info: game update msgRecv.En: 0.
2019/05/21 14:43:01.822200 git.huoys.com/qp/cells/vendor/git.huoys.com/qp/common/hall_message_s.GameUpdate 157 Info: game update msgRecv.En: 0.
2019/05/21 14:43:06.819200 git.huoys.com/qp/cells/vendor/git.huoys.com/qp/common/hall_message_s.GameUpdate 157 Info: game update msgRecv.En: 0.
2019/05/21 14:43:11.819200 git.huoys.com/qp/cells/vendor/git.huoys.com/qp/common/hall_message_s.GameUpdate 157 Info: game update msgRecv.En: 0.
2019/05/21 14:43:16.822200 git.huoys.com/qp/cells/vendor/git.huoys.com/qp/common/hall_message_s.GameUpdate 157 Info: game update msgRecv.En: 0.
2019/05/21 14:43:21.821200 git.huoys.com/qp/cells/vendor/git.huoys.com/qp/common/hall_message_s.GameUpdate 157 Info: game update msgRecv.En: 0.
2019/05/21 14:43:26.822200 git.huoys.com/qp/cells/vendor/git.huoys.com/qp/common/hall_message_s.GameUpdate 157 Info: game update msgRecv.En: 0.
2019/05/21 14:43:31.822200 git.huoys.com/qp/cells/vendor/git.huoys.com/qp/common/hall_message_s.GameUpdate 157 Info: game update msgRecv.En: 0.
2019/05/21 14:43:36.821200 git.huoys.com/qp/cells/vendor/git.huoys.com/qp/common/hall_message_s.GameUpdate 157 Info: game update msgRecv.En: 0.
2019/05/21 14:43:41.822200 git.huoys.com/qp/cells/vendor/git.huoys.com/qp/common/hall_message_s.GameUpdate 157 Info: game update msgRecv.En: 0.
2019/05/21 14:43:46.822200 git.huoys.com/qp/cells/vendor/git.huoys.com/qp/common/hall_message_s.GameUpdate 157 Info: game update msgRecv.En: 0.
2019/05/21 14:43:51.822200 git.huoys.com/qp/cells/vendor/git.huoys.com/qp/common/hall_message_s.GameUpdate 157 Info: game update msgRecv.En: 0.
2019/05/21 14:43:56.820200 git.huoys.com/qp/cells/vendor/git.huoys.com/qp/common/hall_message_s.GameUpdate 157 Info: game update msgRecv.En: 0.
2019/05/21 14:44:01.821200 git.huoys.com/qp/cells/vendor/git.huoys.com/qp/common/hall_message_s.GameUpdate 157 Info: game update msgRecv.En: 0.
2019/05/21 14:44:06.820200 git.huoys.com/qp/cells/vendor/git.huoys.com/qp/common/hall_message_s.GameUpdate 157 Info: game update msgRecv.En: 0.
2019/05/21 14:44:11.820200 git.huoys.com/qp/cells/vendor/git.huoys.com/qp/common/hall_message_s.GameUpdate 157 Info: game update msgRecv.En: 0.
2019/05/21 14:44:16.820200 git.huoys.com/qp/cells/vendor/git.huoys.com/qp/common/hall_message_s.GameUpdate 157 Info: game update msgRecv.En: 0.
2019/05/21 14:44:21.818200 git.huoys.com/qp/cells/vendor/git.huoys.com/qp/common/hall_message_s.GameUpdate 157 Info: game update msgRecv.En: 0.
2019/05/21 14:44:26.827200 git.huoys.com/qp/cells/vendor/git.huoys.com/qp/common/hall_message_s.GameUpdate 157 Info: game update msgRecv.En: 0.
2019/05/21 14:44:31.822200 git.huoys.com/qp/cells/vendor/git.huoys.com/qp/common/hall_message_s.GameUpdate 157 Info: game update msgRecv.En: 0.
2019/05/21 14:44:36.820200 git.huoys.com/qp/cells/vendor/git.huoys.com/qp/common/hall_message_s.GameUpdate 157 Info: game update msgRecv.En: 0.
2019/05/21 14:44:41.821200 git.huoys.com/qp/cells/vendor/git.huoys.com/qp/common/hall_message_s.GameUpdate 157 Info: game update msgRecv.En: 0.
2019/05/21 14:44:46.821200 git.huoys.com/qp/cells/vendor/git.huoys.com/qp/common/hall_message_s.GameUpdate 157 Info: game update msgRecv.En: 0.
2019/05/21 14:44:51.821200 git.huoys.com/qp/cells/vendor/git.huoys.com/qp/common/hall_message_s.GameUpdate 157 Info: game update msgRecv.En: 0.
2019/05/21 14:44:56.823200 git.huoys.com/qp/cells/vendor/git.huoys.com/qp/common/hall_message_s.GameUpdate 157 Info: game update msgRecv.En: 0.
2019/05/21 14:45:01.820200 git.huoys.com/qp/cells/vendor/git.huoys.com/qp/common/hall_message_s.GameUpdate 157 Info: game update msgRecv.En: 0.
2019/05/21 14:45:06.821200 git.huoys.com/qp/cells/vendor/git.huoys.com/qp/common/hall_message_s.GameUpdate 157 Info: game update msgRecv.En: 0.
2019/05/21 14:45:11.820200 git.huoys.com/qp/cells/vendor/git.huoys.com/qp/common/hall_message_s.GameUpdate 157 Info: game update msgRecv.En: 0.
2019/05/21 14:45:16.822200 git.huoys.com/qp/cells/vendor/git.huoys.com/qp/common/hall_message_s.GameUpdate 157 Info: game update msgRecv.En: 0.
2019/05/21 14:45:21.822200 git.huoys.com/qp/cells/vendor/git.huoys.com/qp/common/hall_message_s.GameUpdate 157 Info: game update msgRecv.En: 0.
2019/05/21 14:45:26.822200 git.huoys.com/qp/cells/vendor/git.huoys.com/qp/common/hall_message_s.GameUpdate 157 Info: game update msgRecv.En: 0.
2019/05/21 14:45:31.820200 git.huoys.com/qp/cells/vendor/git.huoys.com/qp/common/hall_message_s.GameUpdate 157 Info: game update msgRecv.En: 0.
2019/05/21 14:45:36.820200 git.huoys.com/qp/cells/vendor/git.huoys.com/qp/common/hall_message_s.GameUpdate 157 Info: game update msgRecv.En: 0.
2019/05/21 14:45:41.819200 git.huoys.com/qp/cells/vendor/git.huoys.com/qp/common/hall_message_s.GameUpdate 157 Info: game update msgRecv.En: 0.
2019/05/21 14:45:46.823200 git.huoys.com/qp/cells/vendor/git.huoys.com/qp/common/hall_message_s.GameUpdate 157 Info: game update msgRecv.En: 0.
2019/05/21 14:45:51.823200 git.huoys.com/qp/cells/vendor/git.huoys.com/qp/common/hall_message_s.GameUpdate 157 Info: game update msgRecv.En: 0.
2019/05/21 14:45:56.821200 git.huoys.com/qp/cells/vendor/git.huoys.com/qp/common/hall_message_s.GameUpdate 157 Info: game update msgRecv.En: 0.
2019/05/21 14:46:01.820200 git.huoys.com/qp/cells/vendor/git.huoys.com/qp/common/hall_message_s.GameUpdate 157 Info: game update msgRecv.En: 0.
2019/05/21 14:46:06.821200 git.huoys.com/qp/cells/vendor/git.huoys.com/qp/common/hall_message_s.GameUpdate 157 Info: game update msgRecv.En: 0.
2019/05/21 14:46:11.822200 git.huoys.com/qp/cells/vendor/git.huoys.com/qp/common/hall_message_s.GameUpdate 157 Info: game update msgRecv.En: 0.
2019/05/21 14:46:16.821200 git.huoys.com/qp/cells/vendor/git.huoys.com/qp/common/hall_message_s.GameUpdate 157 Info: game update msgRecv.En: 0.
2019/05/21 14:46:21.825200 git.huoys.com/qp/cells/vendor/git.huoys.com/qp/common/hall_message_s.GameUpdate 157 Info: game update msgRecv.En: 0.
2019/05/21 14:46:26.821200 git.huoys.com/qp/cells/vendor/git.huoys.com/qp/common/hall_message_s.GameUpdate 157 Info: game update msgRecv.En: 0.
2019/05/21 14:46:31.823200 git.huoys.com/qp/cells/vendor/git.huoys.com/qp/common/hall_message_s.GameUpdate 157 Info: game update msgRecv.En: 0.
2019/05/21 14:46:36.821200 git.huoys.com/qp/cells/vendor/git.huoys.com/qp/common/hall_message_s.GameUpdate 157 Info: game update msgRecv.En: 0.
2019/05/21 14:46:41.823200 git.huoys.com/qp/cells/vendor/git.huoys.com/qp/common/hall_message_s.GameUpdate 157 Info: game update msgRecv.En: 0.
2019/05/21 14:46:46.821200 git.huoys.com/qp/cells/vendor/git.huoys.com/qp/common/hall_message_s.GameUpdate 157 Info: game update msgRecv.En: 0.
2019/05/21 14:46:51.820200 git.huoys.com/qp/cells/vendor/git.huoys.com/qp/common/hall_message_s.GameUpdate 157 Info: game update msgRecv.En: 0.
2019/05/21 14:46:56.822200 git.huoys.com/qp/cells/vendor/git.huoys.com/qp/common/hall_message_s.GameUpdate 157 Info: game update msgRecv.En: 0.
2019/05/21 14:47:01.821200 git.huoys.com/qp/cells/vendor/git.huoys.com/qp/common/hall_message_s.GameUpdate 157 Info: game update msgRecv.En: 0.
2019/05/21 14:47:06.821200 git.huoys.com/qp/cells/vendor/git.huoys.com/qp/common/hall_message_s.GameUpdate 157 Info: game update msgRecv.En: 0.
2019/05/21 14:47:11.822200 git.huoys.com/qp/cells/vendor/git.huoys.com/qp/common/hall_message_s.GameUpdate 157 Info: game update msgRecv.En: 0.
2019/05/21 14:47:16.821200 git.huoys.com/qp/cells/vendor/git.huoys.com/qp/common/hall_message_s.GameUpdate 157 Info: game update msgRecv.En: 0.
2019/05/21 14:47:21.822200 git.huoys.com/qp/cells/vendor/git.huoys.com/qp/common/hall_message_s.GameUpdate 157 Info: game update msgRecv.En: 0.
2019/05/21 14:47:26.821200 git.huoys.com/qp/cells/vendor/git.huoys.com/qp/common/hall_message_s.GameUpdate 157 Info: game update msgRecv.En: 0.
2019/05/21 14:47:31.821200 git.huoys.com/qp/cells/vendor/git.huoys.com/qp/common/hall_message_s.GameUpdate 157 Info: game update msgRecv.En: 0.
2019/05/21 14:47:36.821200 git.huoys.com/qp/cells/vendor/git.huoys.com/qp/common/hall_message_s.GameUpdate 157 Info: game update msgRecv.En: 0.
2019/05/21 14:47:41.828200 git.huoys.com/qp/cells/vendor/git.huoys.com/qp/common/hall_message_s.GameUpdate 157 Info: game update msgRecv.En: 0.
2019/05/21 14:47:46.820200 git.huoys.com/qp/cells/vendor/git.huoys.com/qp/common/hall_message_s.GameUpdate 157 Info: game update msgRecv.En: 0.
2019/05/21 14:47:51.821200 git.huoys.com/qp/cells/vendor/git.huoys.com/qp/common/hall_message_s.GameUpdate 157 Info: game update msgRecv.En: 0.
2019/05/21 14:47:56.823200 git.huoys.com/qp/cells/vendor/git.huoys.com/qp/common/hall_message_s.GameUpdate 157 Info: game update msgRecv.En: 0.
2019/05/21 14:48:01.821200 git.huoys.com/qp/cells/vendor/git.huoys.com/qp/common/hall_message_s.GameUpdate 157 Info: game update msgRecv.En: 0.
2019/05/21 14:48:06.824200 git.huoys.com/qp/cells/vendor/git.huoys.com/qp/common/hall_message_s.GameUpdate 157 Info: game update msgRecv.En: 0.
2019/05/21 14:48:11.824200 git.huoys.com/qp/cells/vendor/git.huoys.com/qp/common/hall_message_s.GameUpdate 157 Info: game update msgRecv.En: 0.
2019/05/21 14:48:16.823200 git.huoys.com/qp/cells/vendor/git.huoys.com/qp/common/hall_message_s.GameUpdate 157 Info: game update msgRecv.En: 0.
2019/05/21 14:48:21.822200 git.huoys.com/qp/cells/vendor/git.huoys.com/qp/common/hall_message_s.GameUpdate 157 Info: game update msgRecv.En: 0.
2019/05/21 14:48:26.819200 git.huoys.com/qp/cells/vendor/git.huoys.com/qp/common/hall_message_s.GameUpdate 157 Info: game update msgRecv.En: 0.
2019/05/21 14:48:31.823200 git.huoys.com/qp/cells/vendor/git.huoys.com/qp/common/hall_message_s.GameUpdate 157 Info: game update msgRecv.En: 0.
2019/05/21 14:48:36.822200 git.huoys.com/qp/cells/vendor/git.huoys.com/qp/common/hall_message_s.GameUpdate 157 Info: game update msgRecv.En: 0.
2019/05/21 14:48:41.821200 git.huoys.com/qp/cells/vendor/git.huoys.com/qp/common/hall_message_s.GameUpdate 157 Info: game update msgRecv.En: 0.
2019/05/21 14:48:46.824200 git.huoys.com/qp/cells/vendor/git.huoys.com/qp/common/hall_message_s.GameUpdate 157 Info: game update msgRecv.En: 0.
2019/05/21 14:48:51.820200 git.huoys.com/qp/cells/vendor/git.huoys.com/qp/common/hall_message_s.GameUpdate 157 Info: game update msgRecv.En: 0.
2019/05/21 14:48:56.823200 git.huoys.com/qp/cells/vendor/git.huoys.com/qp/common/hall_message_s.GameUpdate 157 Info: game update msgRecv.En: 0.
2019/05/21 14:49:01.823200 git.huoys.com/qp/cells/vendor/git.huoys.com/qp/common/hall_message_s.GameUpdate 157 Info: game update msgRecv.En: 0.
2019/05/21 14:49:06.822200 git.huoys.com/qp/cells/vendor/git.huoys.com/qp/common/hall_message_s.GameUpdate 157 Info: game update msgRecv.En: 0.
2019/05/21 14:49:11.821200 git.huoys.com/qp/cells/vendor/git.huoys.com/qp/common/hall_message_s.GameUpdate 157 Info: game update msgRecv.En: 0.
2019/05/21 14:49:16.824200 git.huoys.com/qp/cells/vendor/git.huoys.com/qp/common/hall_message_s.GameUpdate 157 Info: game update msgRecv.En: 0.
2019/05/21 14:49:21.819200 git.huoys.com/qp/cells/vendor/git.huoys.com/qp/common/hall_message_s.GameUpdate 157 Info: game update msgRecv.En: 0.
2019/05/21 14:49:26.824200 git.huoys.com/qp/cells/vendor/git.huoys.com/qp/common/hall_message_s.GameUpdate 157 Info: game update msgRecv.En: 0.
2019/05/21 14:49:31.822200 git.huoys.com/qp/cells/vendor/git.huoys.com/qp/common/hall_message_s.GameUpdate 157 Info: game update msgRecv.En: 0.
2019/05/21 14:49:36.821200 git.huoys.com/qp/cells/vendor/git.huoys.com/qp/common/hall_message_s.GameUpdate 157 Info: game update msgRecv.En: 0.
2019/05/21 14:49:41.826200 git.huoys.com/qp/cells/vendor/git.huoys.com/qp/common/hall_message_s.GameUpdate 157 Info: game update msgRecv.En: 0.
2019/05/21 14:49:46.822200 git.huoys.com/qp/cells/vendor/git.huoys.com/qp/common/hall_message_s.GameUpdate 157 Info: game update msgRecv.En: 0.
2019/05/21 14:49:51.826200 git.huoys.com/qp/cells/vendor/git.huoys.com/qp/common/hall_message_s.GameUpdate 157 Info: game update msgRecv.En: 0.
2019/05/21 14:49:56.823200 git.huoys.com/qp/cells/vendor/git.huoys.com/qp/common/hall_message_s.GameUpdate 157 Info: game update msgRecv.En: 0.
2019/05/21 14:50:01.819200 git.huoys.com/qp/cells/vendor/git.huoys.com/qp/common/hall_message_s.GameUpdate 157 Info: game update msgRecv.En: 0.
2019/05/21 14:50:06.825200 git.huoys.com/qp/cells/vendor/git.huoys.com/qp/common/hall_message_s.GameUpdate 157 Info: game update msgRecv.En: 0.
2019/05/21 14:50:11.828200 git.huoys.com/qp/cells/vendor/git.huoys.com/qp/common/hall_message_s.GameUpdate 157 Info: game update msgRecv.En: 0.
2019/05/21 14:50:16.824200 git.huoys.com/qp/cells/vendor/git.huoys.com/qp/common/hall_message_s.GameUpdate 157 Info: game update msgRecv.En: 0.
2019/05/21 14:50:21.825200 git.huoys.com/qp/cells/vendor/git.huoys.com/qp/common/hall_message_s.GameUpdate 157 Info: game update msgRecv.En: 0.
2019/05/21 14:50:26.825200 git.huoys.com/qp/cells/vendor/git.huoys.com/qp/common/hall_message_s.GameUpdate 157 Info: game update msgRecv.En: 0.
2019/05/21 14:50:31.820200 git.huoys.com/qp/cells/vendor/git.huoys.com/qp/common/hall_message_s.GameUpdate 157 Info: game update msgRecv.En: 0.
2019/05/21 14:50:36.822200 git.huoys.com/qp/cells/vendor/git.huoys.com/qp/common/hall_message_s.GameUpdate 157 Info: game update msgRecv.En: 0.
2019/05/21 14:50:41.827200 git.huoys.com/qp/cells/vendor/git.huoys.com/qp/common/hall_message_s.GameUpdate 157 Info: game update msgRecv.En: 0.
2019/05/21 14:50:46.818200 git.huoys.com/qp/cells/vendor/git.huoys.com/qp/common/hall_message_s.GameUpdate 157 Info: game update msgRecv.En: 0.
2019/05/21 14:50:51.825200 git.huoys.com/qp/cells/vendor/git.huoys.com/qp/common/hall_message_s.GameUpdate 157 Info: game update msgRecv.En: 0.
2019/05/21 14:50:56.824200 git.huoys.com/qp/cells/vendor/git.huoys.com/qp/common/hall_message_s.GameUpdate 157 Info: game update msgRecv.En: 0.
2019/05/21 14:51:01.825200 git.huoys.com/qp/cells/vendor/git.huoys.com/qp/common/hall_message_s.GameUpdate 157 Info: game update msgRecv.En: 0.
2019/05/21 14:51:06.826200 git.huoys.com/qp/cells/vendor/git.huoys.com/qp/common/hall_message_s.GameUpdate 157 Info: game update msgRecv.En: 0.
2019/05/21 14:51:11.826200 git.huoys.com/qp/cells/vendor/git.huoys.com/qp/common/hall_message_s.GameUpdate 157 Info: game update msgRecv.En: 0.
2019/05/21 14:51:16.828200 git.huoys.com/qp/cells/vendor/git.huoys.com/qp/common/hall_message_s.GameUpdate 157 Info: game update msgRecv.En: 0.
2019/05/21 14:51:21.826200 git.huoys.com/qp/cells/vendor/git.huoys.com/qp/common/hall_message_s.GameUpdate 157 Info: game update msgRecv.En: 0.
2019/05/21 14:51:26.819200 git.huoys.com/qp/cells/vendor/git.huoys.com/qp/common/hall_message_s.GameUpdate 157 Info: game update msgRecv.En: 0.
2019/05/21 14:51:31.824200 git.huoys.com/qp/cells/vendor/git.huoys.com/qp/common/hall_message_s.GameUpdate 157 Info: game update msgRecv.En: 0.
2019/05/21 14:51:36.826200 git.huoys.com/qp/cells/vendor/git.huoys.com/qp/common/hall_message_s.GameUpdate 157 Info: game update msgRecv.En: 0.
2019/05/21 14:51:41.824200 git.huoys.com/qp/cells/vendor/git.huoys.com/qp/common/hall_message_s.GameUpdate 157 Info: game update msgRecv.En: 0.
2019/05/21 14:51:46.826200 git.huoys.com/qp/cells/vendor/git.huoys.com/qp/common/hall_message_s.GameUpdate 157 Info: game update msgRecv.En: 0.
2019/05/21 14:51:51.825200 git.huoys.com/qp/cells/vendor/git.huoys.com/qp/common/hall_message_s.GameUpdate 157 Info: game update msgRecv.En: 0.
2019/05/21 14:51:56.825200 git.huoys.com/qp/cells/vendor/git.huoys.com/qp/common/hall_message_s.GameUpdate 157 Info: game update msgRecv.En: 0.
2019/05/21 14:52:01.824200 git.huoys.com/qp/cells/vendor/git.huoys.com/qp/common/hall_message_s.GameUpdate 157 Info: game update msgRecv.En: 0.
2019/05/21 14:52:06.826200 git.huoys.com/qp/cells/vendor/git.huoys.com/qp/common/hall_message_s.GameUpdate 157 Info: game update msgRecv.En: 0.
2019/05/21 14:52:11.825200 git.huoys.com/qp/cells/vendor/git.huoys.com/qp/common/hall_message_s.GameUpdate 157 Info: game update msgRecv.En: 0.
2019/05/21 14:52:16.826200 git.huoys.com/qp/cells/vendor/git.huoys.com/qp/common/hall_message_s.GameUpdate 157 Info: game update msgRecv.En: 0.
2019/05/21 14:52:21.825200 git.huoys.com/qp/cells/vendor/git.huoys.com/qp/common/hall_message_s.GameUpdate 157 Info: game update msgRecv.En: 0.
2019/05/21 14:52:26.825200 git.huoys.com/qp/cells/vendor/git.huoys.com/qp/common/hall_message_s.GameUpdate 157 Info: game update msgRecv.En: 0.
2019/05/21 14:52:31.823200 git.huoys.com/qp/cells/vendor/git.huoys.com/qp/common/hall_message_s.GameUpdate 157 Info: game update msgRecv.En: 0.
2019/05/21 14:52:36.825200 git.huoys.com/qp/cells/vendor/git.huoys.com/qp/common/hall_message_s.GameUpdate 157 Info: game update msgRecv.En: 0.
2019/05/21 14:52:41.823200 git.huoys.com/qp/cells/vendor/git.huoys.com/qp/common/hall_message_s.GameUpdate 157 Info: game update msgRecv.En: 0.
2019/05/21 14:52:46.826200 git.huoys.com/qp/cells/vendor/git.huoys.com/qp/common/hall_message_s.GameUpdate 157 Info: game update msgRecv.En: 0.
2019/05/21 14:52:51.823200 git.huoys.com/qp/cells/vendor/git.huoys.com/qp/common/hall_message_s.GameUpdate 157 Info: game update msgRecv.En: 0.
2019/05/21 14:52:56.824200 git.huoys.com/qp/cells/vendor/git.huoys.com/qp/common/hall_message_s.GameUpdate 157 Info: game update msgRecv.En: 0.
2019/05/21 14:53:01.819200 git.huoys.com/qp/cells/vendor/git.huoys.com/qp/common/hall_message_s.GameUpdate 157 Info: game update msgRecv.En: 0.
2019/05/21 14:53:06.833200 git.huoys.com/qp/cells/vendor/git.huoys.com/qp/common/hall_message_s.GameUpdate 157 Info: game update msgRecv.En: 0.
2019/05/21 14:53:11.834200 git.huoys.com/qp/cells/vendor/git.huoys.com/qp/common/hall_message_s.GameUpdate 157 Info: game update msgRecv.En: 0.
2019/05/21 14:53:16.832200 git.huoys.com/qp/cells/vendor/git.huoys.com/qp/common/hall_message_s.GameUpdate 157 Info: game update msgRecv.En: 0.
2019/05/21 14:53:21.836200 git.huoys.com/qp/cells/vendor/git.huoys.com/qp/common/hall_message_s.GameUpdate 157 Info: game update msgRecv.En: 0.
2019/05/21 14:53:26.838200 git.huoys.com/qp/cells/vendor/git.huoys.com/qp/common/hall_message_s.GameUpdate 157 Info: game update msgRecv.En: 0.
2019/05/21 14:53:31.838200 git.huoys.com/qp/cells/vendor/git.huoys.com/qp/common/hall_message_s.GameUpdate 157 Info: game update msgRecv.En: 0.
2019/05/21 14:53:36.832200 git.huoys.com/qp/cells/vendor/git.huoys.com/qp/common/hall_message_s.GameUpdate 157 Info: game update msgRecv.En: 0.
2019/05/21 14:53:41.837200 git.huoys.com/qp/cells/vendor/git.huoys.com/qp/common/hall_message_s.GameUpdate 157 Info: game update msgRecv.En: 0.
2019/05/21 14:53:46.839200 git.huoys.com/qp/cells/vendor/git.huoys.com/qp/common/hall_message_s.GameUpdate 157 Info: game update msgRecv.En: 0.
2019/05/21 14:53:51.836200 git.huoys.com/qp/cells/vendor/git.huoys.com/qp/common/hall_message_s.GameUpdate 157 Info: game update msgRecv.En: 0.
2019/05/21 14:53:56.838200 git.huoys.com/qp/cells/vendor/git.huoys.com/qp/common/hall_message_s.GameUpdate 157 Info: game update msgRecv.En: 0.
2019/05/21 14:54:01.837200 git.huoys.com/qp/cells/vendor/git.huoys.com/qp/common/hall_message_s.GameUpdate 157 Info: game update msgRecv.En: 0.
2019/05/21 14:54:06.837200 git.huoys.com/qp/cells/vendor/git.huoys.com/qp/common/hall_message_s.GameUpdate 157 Info: game update msgRecv.En: 0.
2019/05/21 14:54:11.839200 git.huoys.com/qp/cells/vendor/git.huoys.com/qp/common/hall_message_s.GameUpdate 157 Info: game update msgRecv.En: 0.
2019/05/21 14:54:16.857200 git.huoys.com/qp/cells/vendor/git.huoys.com/qp/common/hall_message_s.GameUpdate 157 Info: game update msgRecv.En: 0.
2019/05/21 14:54:21.834200 git.huoys.com/qp/cells/vendor/git.huoys.com/qp/common/hall_message_s.GameUpdate 157 Info: game update msgRecv.En: 0.
2019/05/21 14:54:26.838200 git.huoys.com/qp/cells/vendor/git.huoys.com/qp/common/hall_message_s.GameUpdate 157 Info: game update msgRecv.En: 0.
2019/05/21 14:54:31.838200 git.huoys.com/qp/cells/vendor/git.huoys.com/qp/common/hall_message_s.GameUpdate 157 Info: game update msgRecv.En: 0.
2019/05/21 14:54:36.840200 git.huoys.com/qp/cells/vendor/git.huoys.com/qp/common/hall_message_s.GameUpdate 157 Info: game update msgRecv.En: 0.
2019/05/21 14:54:41.838200 git.huoys.com/qp/cells/vendor/git.huoys.com/qp/common/hall_message_s.GameUpdate 157 Info: game update msgRecv.En: 0.
2019/05/21 14:54:46.836200 git.huoys.com/qp/cells/vendor/git.huoys.com/qp/common/hall_message_s.GameUpdate 157 Info: game update msgRecv.En: 0.
2019/05/21 14:54:51.833200 git.huoys.com/qp/cells/vendor/git.huoys.com/qp/common/hall_message_s.GameUpdate 157 Info: game update msgRecv.En: 0.
2019/05/21 14:54:56.839200 git.huoys.com/qp/cells/vendor/git.huoys.com/qp/common/hall_message_s.GameUpdate 157 Info: game update msgRecv.En: 0.
2019/05/21 14:55:01.838200 git.huoys.com/qp/cells/vendor/git.huoys.com/qp/common/hall_message_s.GameUpdate 157 Info: game update msgRecv.En: 0.
2019/05/21 14:55:06.840200 git.huoys.com/qp/cells/vendor/git.huoys.com/qp/common/hall_message_s.GameUpdate 157 Info: game update msgRecv.En: 0.
2019/05/21 14:55:11.838200 git.huoys.com/qp/cells/vendor/git.huoys.com/qp/common/hall_message_s.GameUpdate 157 Info: game update msgRecv.En: 0.
2019/05/21 14:55:16.837200 git.huoys.com/qp/cells/vendor/git.huoys.com/qp/common/hall_message_s.GameUpdate 157 Info: game update msgRecv.En: 0.
2019/05/21 14:55:21.837200 git.huoys.com/qp/cells/vendor/git.huoys.com/qp/common/hall_message_s.GameUpdate 157 Info: game update msgRecv.En: 0.
2019/05/21 14:55:26.840200 git.huoys.com/qp/cells/vendor/git.huoys.com/qp/common/hall_message_s.GameUpdate 157 Info: game update msgRecv.En: 0.
2019/05/21 14:55:31.840200 git.huoys.com/qp/cells/vendor/git.huoys.com/qp/common/hall_message_s.GameUpdate 157 Info: game update msgRecv.En: 0.
2019/05/21 14:55:36.841200 git.huoys.com/qp/cells/vendor/git.huoys.com/qp/common/hall_message_s.GameUpdate 157 Info: game update msgRecv.En: 0.
2019/05/21 14:55:41.837200 git.huoys.com/qp/cells/vendor/git.huoys.com/qp/common/hall_message_s.GameUpdate 157 Info: game update msgRecv.En: 0.
2019/05/21 14:55:46.840200 git.huoys.com/qp/cells/vendor/git.huoys.com/qp/common/hall_message_s.GameUpdate 157 Info: game update msgRecv.En: 0.
2019/05/21 14:55:51.840200 git.huoys.com/qp/cells/vendor/git.huoys.com/qp/common/hall_message_s.GameUpdate 157 Info: game update msgRecv.En: 0.
2019/05/21 14:55:56.835200 git.huoys.com/qp/cells/vendor/git.huoys.com/qp/common/hall_message_s.GameUpdate 157 Info: game update msgRecv.En: 0.
2019/05/21 14:56:01.840200 git.huoys.com/qp/cells/vendor/git.huoys.com/qp/common/hall_message_s.GameUpdate 157 Info: game update msgRecv.En: 0.
2019/05/21 14:56:06.840200 git.huoys.com/qp/cells/vendor/git.huoys.com/qp/common/hall_message_s.GameUpdate 157 Info: game update msgRecv.En: 0.
2019/05/21 14:56:11.841200 git.huoys.com/qp/cells/vendor/git.huoys.com/qp/common/hall_message_s.GameUpdate 157 Info: game update msgRecv.En: 0.
2019/05/21 14:56:16.841200 git.huoys.com/qp/cells/vendor/git.huoys.com/qp/common/hall_message_s.GameUpdate 157 Info: game update msgRecv.En: 0.
2019/05/21 14:56:21.835200 git.huoys.com/qp/cells/vendor/git.huoys.com/qp/common/hall_message_s.GameUpdate 157 Info: game update msgRecv.En: 0.
2019/05/21 14:56:26.840200 git.huoys.com/qp/cells/vendor/git.huoys.com/qp/common/hall_message_s.GameUpdate 157 Info: game update msgRecv.En: 0.
2019/05/21 14:56:31.841200 git.huoys.com/qp/cells/vendor/git.huoys.com/qp/common/hall_message_s.GameUpdate 157 Info: game update msgRecv.En: 0.
2019/05/21 14:56:36.838200 git.huoys.com/qp/cells/vendor/git.huoys.com/qp/common/hall_message_s.GameUpdate 157 Info: game update msgRecv.En: 0.
2019/05/21 14:56:41.842200 git.huoys.com/qp/cells/vendor/git.huoys.com/qp/common/hall_message_s.GameUpdate 157 Info: game update msgRecv.En: 0.
2019/05/21 14:56:46.839200 git.huoys.com/qp/cells/vendor/git.huoys.com/qp/common/hall_message_s.GameUpdate 157 Info: game update msgRecv.En: 0.
2019/05/21 14:56:51.840200 git.huoys.com/qp/cells/vendor/git.huoys.com/qp/common/hall_message_s.GameUpdate 157 Info: game update msgRecv.En: 0.
2019/05/21 14:56:56.839200 git.huoys.com/qp/cells/vendor/git.huoys.com/qp/common/hall_message_s.GameUpdate 157 Info: game update msgRecv.En: 0.
2019/05/21 14:57:01.841200 git.huoys.com/qp/cells/vendor/git.huoys.com/qp/common/hall_message_s.GameUpdate 157 Info: game update msgRecv.En: 0.
2019/05/21 14:57:06.839200 git.huoys.com/qp/cells/vendor/git.huoys.com/qp/common/hall_message_s.GameUpdate 157 Info: game update msgRecv.En: 0.
2019/05/21 14:57:11.839200 git.huoys.com/qp/cells/vendor/git.huoys.com/qp/common/hall_message_s.GameUpdate 157 Info: game update msgRecv.En: 0.
2019/05/21 14:57:16.839200 git.huoys.com/qp/cells/vendor/git.huoys.com/qp/common/hall_message_s.GameUpdate 157 Info: game update msgRecv.En: 0.
2019/05/21 14:57:21.840200 git.huoys.com/qp/cells/vendor/git.huoys.com/qp/common/hall_message_s.GameUpdate 157 Info: game update msgRecv.En: 0.
2019/05/21 14:57:26.840200 git.huoys.com/qp/cells/vendor/git.huoys.com/qp/common/hall_message_s.GameUpdate 157 Info: game update msgRecv.En: 0.
2019/05/21 14:57:31.842200 git.huoys.com/qp/cells/vendor/git.huoys.com/qp/common/hall_message_s.GameUpdate 157 Info: game update msgRecv.En: 0.
2019/05/21 14:57:36.842200 git.huoys.com/qp/cells/vendor/git.huoys.com/qp/common/hall_message_s.GameUpdate 157 Info: game update msgRecv.En: 0.
2019/05/21 14:57:41.844200 git.huoys.com/qp/cells/vendor/git.huoys.com/qp/common/hall_message_s.GameUpdate 157 Info: game update msgRecv.En: 0.
2019/05/21 14:57:46.842200 git.huoys.com/qp/cells/vendor/git.huoys.com/qp/common/hall_message_s.GameUpdate 157 Info: game update msgRecv.En: 0.
2019/05/21 14:57:51.843200 git.huoys.com/qp/cells/vendor/git.huoys.com/qp/common/hall_message_s.GameUpdate 157 Info: game update msgRecv.En: 0.
2019/05/21 14:57:56.842200 git.huoys.com/qp/cells/vendor/git.huoys.com/qp/common/hall_message_s.GameUpdate 157 Info: game update msgRecv.En: 0.
2019/05/21 14:58:01.843200 git.huoys.com/qp/cells/vendor/git.huoys.com/qp/common/hall_message_s.GameUpdate 157 Info: game update msgRecv.En: 0.
2019/05/21 14:58:06.842200 git.huoys.com/qp/cells/vendor/git.huoys.com/qp/common/hall_message_s.GameUpdate 157 Info: game update msgRecv.En: 0.
2019/05/21 14:58:11.842200 git.huoys.com/qp/cells/vendor/git.huoys.com/qp/common/hall_message_s.GameUpdate 157 Info: game update msgRecv.En: 0.
2019/05/21 14:58:16.844200 git.huoys.com/qp/cells/vendor/git.huoys.com/qp/common/hall_message_s.GameUpdate 157 Info: game update msgRecv.En: 0.
2019/05/21 14:58:21.844200 git.huoys.com/qp/cells/vendor/git.huoys.com/qp/common/hall_message_s.GameUpdate 157 Info: game update msgRecv.En: 0.
2019/05/21 14:58:26.836200 git.huoys.com/qp/cells/vendor/git.huoys.com/qp/common/hall_message_s.GameUpdate 157 Info: game update msgRecv.En: 0.
2019/05/21 14:58:31.843200 git.huoys.com/qp/cells/vendor/git.huoys.com/qp/common/hall_message_s.GameUpdate 157 Info: game update msgRecv.En: 0.
2019/05/21 14:58:36.842200 git.huoys.com/qp/cells/vendor/git.huoys.com/qp/common/hall_message_s.GameUpdate 157 Info: game update msgRecv.En: 0.
2019/05/21 14:58:41.844200 git.huoys.com/qp/cells/vendor/git.huoys.com/qp/common/hall_message_s.GameUpdate 157 Info: game update msgRecv.En: 0.
2019/05/21 14:58:46.845200 git.huoys.com/qp/cells/vendor/git.huoys.com/qp/common/hall_message_s.GameUpdate 157 Info: game update msgRecv.En: 0.
2019/05/21 14:58:51.842200 git.huoys.com/qp/cells/vendor/git.huoys.com/qp/common/hall_message_s.GameUpdate 157 Info: game update msgRecv.En: 0.
2019/05/21 14:58:56.844200 git.huoys.com/qp/cells/vendor/git.huoys.com/qp/common/hall_message_s.GameUpdate 157 Info: game update msgRecv.En: 0.
2019/05/21 14:59:01.842200 git.huoys.com/qp/cells/vendor/git.huoys.com/qp/common/hall_message_s.GameUpdate 157 Info: game update msgRecv.En: 0.
2019/05/21 14:59:06.837200 git.huoys.com/qp/cells/vendor/git.huoys.com/qp/common/hall_message_s.GameUpdate 157 Info: game update msgRecv.En: 0.
2019/05/21 14:59:11.843200 git.huoys.com/qp/cells/vendor/git.huoys.com/qp/common/hall_message_s.GameUpdate 157 Info: game update msgRecv.En: 0.
2019/05/21 14:59:16.846200 git.huoys.com/qp/cells/vendor/git.huoys.com/qp/common/hall_message_s.GameUpdate 157 Info: game update msgRecv.En: 0.
2019/05/21 14:59:21.843200 git.huoys.com/qp/cells/vendor/git.huoys.com/qp/common/hall_message_s.GameUpdate 157 Info: game update msgRecv.En: 0.
2019/05/21 14:59:26.837200 git.huoys.com/qp/cells/vendor/git.huoys.com/qp/common/hall_message_s.GameUpdate 157 Info: game update msgRecv.En: 0.
2019/05/21 14:59:31.839200 git.huoys.com/qp/cells/vendor/git.huoys.com/qp/common/hall_message_s.GameUpdate 157 Info: game update msgRecv.En: 0.
2019/05/21 14:59:36.838200 git.huoys.com/qp/cells/vendor/git.huoys.com/qp/common/hall_message_s.GameUpdate 157 Info: game update msgRecv.En: 0.
2019/05/21 14:59:41.840200 git.huoys.com/qp/cells/vendor/git.huoys.com/qp/common/hall_message_s.GameUpdate 157 Info: game update msgRecv.En: 0.
2019/05/21 14:59:46.845200 git.huoys.com/qp/cells/vendor/git.huoys.com/qp/common/hall_message_s.GameUpdate 157 Info: game update msgRecv.En: 0.
2019/05/21 14:59:51.839200 git.huoys.com/qp/cells/vendor/git.huoys.com/qp/common/hall_message_s.GameUpdate 157 Info: game update msgRecv.En: 0.
2019/05/21 14:59:56.837200 git.huoys.com/qp/cells/vendor/git.huoys.com/qp/common/hall_message_s.GameUpdate 157 Info: game update msgRecv.En: 0.
2019/05/21 15:00:01.838200 git.huoys.com/qp/cells/vendor/git.huoys.com/qp/common/hall_message_s.GameUpdate 157 Info: game update msgRecv.En: 0.
2019/05/21 15:00:06.841200 git.huoys.com/qp/cells/vendor/git.huoys.com/qp/common/hall_message_s.GameUpdate 157 Info: game update msgRecv.En: 0.
2019/05/21 15:00:11.843200 git.huoys.com/qp/cells/vendor/git.huoys.com/qp/common/hall_message_s.GameUpdate 157 Info: game update msgRecv.En: 0.
2019/05/21 15:00:16.844200 git.huoys.com/qp/cells/vendor/git.huoys.com/qp/common/hall_message_s.GameUpdate 157 Info: game update msgRecv.En: 0.
2019/05/21 15:00:21.842200 git.huoys.com/qp/cells/vendor/git.huoys.com/qp/common/hall_message_s.GameUpdate 157 Info: game update msgRecv.En: 0.
2019/05/21 15:00:26.845200 git.huoys.com/qp/cells/vendor/git.huoys.com/qp/common/hall_message_s.GameUpdate 157 Info: game update msgRecv.En: 0.
2019/05/21 15:00:31.844200 git.huoys.com/qp/cells/vendor/git.huoys.com/qp/common/hall_message_s.GameUpdate 157 Info: game update msgRecv.En: 0.
2019/05/21 15:00:36.845200 git.huoys.com/qp/cells/vendor/git.huoys.com/qp/common/hall_message_s.GameUpdate 157 Info: game update msgRecv.En: 0.
2019/05/21 15:00:41.846200 git.huoys.com/qp/cells/vendor/git.huoys.com/qp/common/hall_message_s.GameUpdate 157 Info: game update msgRecv.En: 0.
2019/05/21 15:00:46.846200 git.huoys.com/qp/cells/vendor/git.huoys.com/qp/common/hall_message_s.GameUpdate 157 Info: game update msgRecv.En: 0.
2019/05/21 15:00:51.842200 git.huoys.com/qp/cells/vendor/git.huoys.com/qp/common/hall_message_s.GameUpdate 157 Info: game update msgRecv.En: 0.
2019/05/21 15:00:56.845200 git.huoys.com/qp/cells/vendor/git.huoys.com/qp/common/hall_message_s.GameUpdate 157 Info: game update msgRecv.En: 0.
2019/05/21 15:01:01.843200 git.huoys.com/qp/cells/vendor/git.huoys.com/qp/common/hall_message_s.GameUpdate 157 Info: game update msgRecv.En: 0.
2019/05/21 15:01:06.843200 git.huoys.com/qp/cells/vendor/git.huoys.com/qp/common/hall_message_s.GameUpdate 157 Info: game update msgRecv.En: 0.
2019/05/21 15:01:11.849200 git.huoys.com/qp/cells/vendor/git.huoys.com/qp/common/hall_message_s.GameUpdate 157 Info: game update msgRecv.En: 0.
2019/05/21 15:01:16.843200 git.huoys.com/qp/cells/vendor/git.huoys.com/qp/common/hall_message_s.GameUpdate 157 Info: game update msgRecv.En: 0.
2019/05/21 15:01:21.845200 git.huoys.com/qp/cells/vendor/git.huoys.com/qp/common/hall_message_s.GameUpdate 157 Info: game update msgRecv.En: 0.
2019/05/21 15:01:26.846200 git.huoys.com/qp/cells/vendor/git.huoys.com/qp/common/hall_message_s.GameUpdate 157 Info: game update msgRecv.En: 0.
2019/05/21 15:01:31.845200 git.huoys.com/qp/cells/vendor/git.huoys.com/qp/common/hall_message_s.GameUpdate 157 Info: game update msgRecv.En: 0.
2019/05/21 15:01:36.843200 git.huoys.com/qp/cells/vendor/git.huoys.com/qp/common/hall_message_s.GameUpdate 157 Info: game update msgRecv.En: 0.
2019/05/21 15:01:41.846200 git.huoys.com/qp/cells/vendor/git.huoys.com/qp/common/hall_message_s.GameUpdate 157 Info: game update msgRecv.En: 0.
2019/05/21 15:01:46.840200 git.huoys.com/qp/cells/vendor/git.huoys.com/qp/common/hall_message_s.GameUpdate 157 Info: game update msgRecv.En: 0.
2019/05/21 15:01:51.845200 git.huoys.com/qp/cells/vendor/git.huoys.com/qp/common/hall_message_s.GameUpdate 157 Info: game update msgRecv.En: 0.
2019/05/21 15:01:56.843200 git.huoys.com/qp/cells/vendor/git.huoys.com/qp/common/hall_message_s.GameUpdate 157 Info: game update msgRecv.En: 0.
2019/05/21 15:02:01.844200 git.huoys.com/qp/cells/vendor/git.huoys.com/qp/common/hall_message_s.GameUpdate 157 Info: game update msgRecv.En: 0.
2019/05/21 15:02:06.847200 git.huoys.com/qp/cells/vendor/git.huoys.com/qp/common/hall_message_s.GameUpdate 157 Info: game update msgRecv.En: 0.
2019/05/21 15:02:11.846200 git.huoys.com/qp/cells/vendor/git.huoys.com/qp/common/hall_message_s.GameUpdate 157 Info: game update msgRecv.En: 0.
2019/05/21 15:02:16.843200 git.huoys.com/qp/cells/vendor/git.huoys.com/qp/common/hall_message_s.GameUpdate 157 Info: game update msgRecv.En: 0.
2019/05/21 15:02:21.845200 git.huoys.com/qp/cells/vendor/git.huoys.com/qp/common/hall_message_s.GameUpdate 157 Info: game update msgRecv.En: 0.
2019/05/21 15:02:26.845200 git.huoys.com/qp/cells/vendor/git.huoys.com/qp/common/hall_message_s.GameUpdate 157 Info: game update msgRecv.En: 0.
2019/05/21 15:02:31.845200 git.huoys.com/qp/cells/vendor/git.huoys.com/qp/common/hall_message_s.GameUpdate 157 Info: game update msgRecv.En: 0.
2019/05/21 15:02:36.843200 git.huoys.com/qp/cells/vendor/git.huoys.com/qp/common/hall_message_s.GameUpdate 157 Info: game update msgRecv.En: 0.
2019/05/21 15:02:41.847200 git.huoys.com/qp/cells/vendor/git.huoys.com/qp/common/hall_message_s.GameUpdate 157 Info: game update msgRecv.En: 0.
2019/05/21 15:02:46.845200 git.huoys.com/qp/cells/vendor/git.huoys.com/qp/common/hall_message_s.GameUpdate 157 Info: game update msgRecv.En: 0.
2019/05/21 15:02:51.845200 git.huoys.com/qp/cells/vendor/git.huoys.com/qp/common/hall_message_s.GameUpdate 157 Info: game update msgRecv.En: 0.
2019/05/21 15:02:56.843200 git.huoys.com/qp/cells/vendor/git.huoys.com/qp/common/hall_message_s.GameUpdate 157 Info: game update msgRecv.En: 0.
2019/05/21 15:03:01.846200 git.huoys.com/qp/cells/vendor/git.huoys.com/qp/common/hall_message_s.GameUpdate 157 Info: game update msgRecv.En: 0.
2019/05/21 15:03:06.845200 git.huoys.com/qp/cells/vendor/git.huoys.com/qp/common/hall_message_s.GameUpdate 157 Info: game update msgRecv.En: 0.
2019/05/21 15:03:11.845200 git.huoys.com/qp/cells/vendor/git.huoys.com/qp/common/hall_message_s.GameUpdate 157 Info: game update msgRecv.En: 0.
2019/05/21 15:03:16.843200 git.huoys.com/qp/cells/vendor/git.huoys.com/qp/common/hall_message_s.GameUpdate 157 Info: game update msgRecv.En: 0.
2019/05/21 15:03:21.845200 git.huoys.com/qp/cells/vendor/git.huoys.com/qp/common/hall_message_s.GameUpdate 157 Info: game update msgRecv.En: 0.
2019/05/21 15:03:26.843200 git.huoys.com/qp/cells/vendor/git.huoys.com/qp/common/hall_message_s.GameUpdate 157 Info: game update msgRecv.En: 0.
2019/05/21 15:03:31.845200 git.huoys.com/qp/cells/vendor/git.huoys.com/qp/common/hall_message_s.GameUpdate 157 Info: game update msgRecv.En: 0.
2019/05/21 15:03:36.842200 git.huoys.com/qp/cells/vendor/git.huoys.com/qp/common/hall_message_s.GameUpdate 157 Info: game update msgRecv.En: 0.
2019/05/21 15:03:41.845200 git.huoys.com/qp/cells/vendor/git.huoys.com/qp/common/hall_message_s.GameUpdate 157 Info: game update msgRecv.En: 0.
2019/05/21 15:03:46.843200 git.huoys.com/qp/cells/vendor/git.huoys.com/qp/common/hall_message_s.GameUpdate 157 Info: game update msgRecv.En: 0.
2019/05/21 15:03:51.845200 git.huoys.com/qp/cells/vendor/git.huoys.com/qp/common/hall_message_s.GameUpdate 157 Info: game update msgRecv.En: 0.
2019/05/21 15:03:56.844200 git.huoys.com/qp/cells/vendor/git.huoys.com/qp/common/hall_message_s.GameUpdate 157 Info: game update msgRecv.En: 0.
2019/05/21 15:04:01.845200 git.huoys.com/qp/cells/vendor/git.huoys.com/qp/common/hall_message_s.GameUpdate 157 Info: game update msgRecv.En: 0.
2019/05/21 15:04:06.843200 git.huoys.com/qp/cells/vendor/git.huoys.com/qp/common/hall_message_s.GameUpdate 157 Info: game update msgRecv.En: 0.
2019/05/21 15:04:11.846200 git.huoys.com/qp/cells/vendor/git.huoys.com/qp/common/hall_message_s.GameUpdate 157 Info: game update msgRecv.En: 0.
2019/05/21 15:04:16.843200 git.huoys.com/qp/cells/vendor/git.huoys.com/qp/common/hall_message_s.GameUpdate 157 Info: game update msgRecv.En: 0.
2019/05/21 15:04:21.845200 git.huoys.com/qp/cells/vendor/git.huoys.com/qp/common/hall_message_s.GameUpdate 157 Info: game update msgRecv.En: 0.
2019/05/21 15:04:26.845200 git.huoys.com/qp/cells/vendor/git.huoys.com/qp/common/hall_message_s.GameUpdate 157 Info: game update msgRecv.En: 0.
2019/05/21 15:04:31.844200 git.huoys.com/qp/cells/vendor/git.huoys.com/qp/common/hall_message_s.GameUpdate 157 Info: game update msgRecv.En: 0.
2019/05/21 15:04:36.842200 git.huoys.com/qp/cells/vendor/git.huoys.com/qp/common/hall_message_s.GameUpdate 157 Info: game update msgRecv.En: 0.
2019/05/21 15:04:41.847200 git.huoys.com/qp/cells/vendor/git.huoys.com/qp/common/hall_message_s.GameUpdate 157 Info: game update msgRecv.En: 0.
2019/05/21 15:04:46.846200 git.huoys.com/qp/cells/vendor/git.huoys.com/qp/common/hall_message_s.GameUpdate 157 Info: game update msgRecv.En: 0.
2019/05/21 15:04:51.841200 git.huoys.com/qp/cells/vendor/git.huoys.com/qp/common/hall_message_s.GameUpdate 157 Info: game update msgRecv.En: 0.
2019/05/21 15:04:56.846200 git.huoys.com/qp/cells/vendor/git.huoys.com/qp/common/hall_message_s.GameUpdate 157 Info: game update msgRecv.En: 0.
2019/05/21 15:05:01.849200 git.huoys.com/qp/cells/vendor/git.huoys.com/qp/common/hall_message_s.GameUpdate 157 Info: game update msgRecv.En: 0.
2019/05/21 15:05:06.845200 git.huoys.com/qp/cells/vendor/git.huoys.com/qp/common/hall_message_s.GameUpdate 157 Info: game update msgRecv.En: 0.
2019/05/21 15:05:11.845200 git.huoys.com/qp/cells/vendor/git.huoys.com/qp/common/hall_message_s.GameUpdate 157 Info: game update msgRecv.En: 0.
2019/05/21 15:05:16.846200 git.huoys.com/qp/cells/vendor/git.huoys.com/qp/common/hall_message_s.GameUpdate 157 Info: game update msgRecv.En: 0.
2019/05/21 15:05:21.845200 git.huoys.com/qp/cells/vendor/git.huoys.com/qp/common/hall_message_s.GameUpdate 157 Info: game update msgRecv.En: 0.
2019/05/21 15:05:26.846200 git.huoys.com/qp/cells/vendor/git.huoys.com/qp/common/hall_message_s.GameUpdate 157 Info: game update msgRecv.En: 0.
2019/05/21 15:05:31.845200 git.huoys.com/qp/cells/vendor/git.huoys.com/qp/common/hall_message_s.GameUpdate 157 Info: game update msgRecv.En: 0.
2019/05/21 15:05:36.844200 git.huoys.com/qp/cells/vendor/git.huoys.com/qp/common/hall_message_s.GameUpdate 157 Info: game update msgRecv.En: 0.
2019/05/21 15:05:41.844200 git.huoys.com/qp/cells/vendor/git.huoys.com/qp/common/hall_message_s.GameUpdate 157 Info: game update msgRecv.En: 0.
2019/05/21 15:05:46.846200 git.huoys.com/qp/cells/vendor/git.huoys.com/qp/common/hall_message_s.GameUpdate 157 Info: game update msgRecv.En: 0.
2019/05/21 15:05:51.844200 git.huoys.com/qp/cells/vendor/git.huoys.com/qp/common/hall_message_s.GameUpdate 157 Info: game update msgRecv.En: 0.
2019/05/21 15:05:56.844200 git.huoys.com/qp/cells/vendor/git.huoys.com/qp/common/hall_message_s.GameUpdate 157 Info: game update msgRecv.En: 0.
2019/05/21 15:06:01.845200 git.huoys.com/qp/cells/vendor/git.huoys.com/qp/common/hall_message_s.GameUpdate 157 Info: game update msgRecv.En: 0.
2019/05/21 15:06:06.845200 git.huoys.com/qp/cells/vendor/git.huoys.com/qp/common/hall_message_s.GameUpdate 157 Info: game update msgRecv.En: 0.
2019/05/21 15:06:11.843200 git.huoys.com/qp/cells/vendor/git.huoys.com/qp/common/hall_message_s.GameUpdate 157 Info: game update msgRecv.En: 0.
2019/05/21 15:06:16.846200 git.huoys.com/qp/cells/vendor/git.huoys.com/qp/common/hall_message_s.GameUpdate 157 Info: game update msgRecv.En: 0.
2019/05/21 15:06:21.844200 git.huoys.com/qp/cells/vendor/git.huoys.com/qp/common/hall_message_s.GameUpdate 157 Info: game update msgRecv.En: 0.
2019/05/21 15:06:26.846200 git.huoys.com/qp/cells/vendor/git.huoys.com/qp/common/hall_message_s.GameUpdate 157 Info: game update msgRecv.En: 0.
2019/05/21 15:06:31.842200 git.huoys.com/qp/cells/vendor/git.huoys.com/qp/common/hall_message_s.GameUpdate 157 Info: game update msgRecv.En: 0.
2019/05/21 15:06:36.846200 git.huoys.com/qp/cells/vendor/git.huoys.com/qp/common/hall_message_s.GameUpdate 157 Info: game update msgRecv.En: 0.
2019/05/21 15:06:41.846200 git.huoys.com/qp/cells/vendor/git.huoys.com/qp/common/hall_message_s.GameUpdate 157 Info: game update msgRecv.En: 0.
2019/05/21 15:06:46.847200 git.huoys.com/qp/cells/vendor/git.huoys.com/qp/common/hall_message_s.GameUpdate 157 Info: game update msgRecv.En: 0.
2019/05/21 15:06:51.842200 git.huoys.com/qp/cells/vendor/git.huoys.com/qp/common/hall_message_s.GameUpdate 157 Info: game update msgRecv.En: 0.
2019/05/21 15:06:56.845200 git.huoys.com/qp/cells/vendor/git.huoys.com/qp/common/hall_message_s.GameUpdate 157 Info: game update msgRecv.En: 0.
2019/05/21 15:07:01.844200 git.huoys.com/qp/cells/vendor/git.huoys.com/qp/common/hall_message_s.GameUpdate 157 Info: game update msgRecv.En: 0.
2019/05/21 15:07:06.847200 git.huoys.com/qp/cells/vendor/git.huoys.com/qp/common/hall_message_s.GameUpdate 157 Info: game update msgRecv.En: 0.
2019/05/21 15:07:11.843200 git.huoys.com/qp/cells/vendor/git.huoys.com/qp/common/hall_message_s.GameUpdate 157 Info: game update msgRecv.En: 0.
2019/05/21 15:07:16.846200 git.huoys.com/qp/cells/vendor/git.huoys.com/qp/common/hall_message_s.GameUpdate 157 Info: game update msgRecv.En: 0.
2019/05/21 15:07:21.843200 git.huoys.com/qp/cells/vendor/git.huoys.com/qp/common/hall_message_s.GameUpdate 157 Info: game update msgRecv.En: 0.
2019/05/21 15:07:26.846200 git.huoys.com/qp/cells/vendor/git.huoys.com/qp/common/hall_message_s.GameUpdate 157 Info: game update msgRecv.En: 0.
2019/05/21 15:07:31.844200 git.huoys.com/qp/cells/vendor/git.huoys.com/qp/common/hall_message_s.GameUpdate 157 Info: game update msgRecv.En: 0.
2019/05/21 15:07:36.846200 git.huoys.com/qp/cells/vendor/git.huoys.com/qp/common/hall_message_s.GameUpdate 157 Info: game update msgRecv.En: 0.
2019/05/21 15:07:41.843200 git.huoys.com/qp/cells/vendor/git.huoys.com/qp/common/hall_message_s.GameUpdate 157 Info: game update msgRecv.En: 0.
2019/05/21 15:07:46.845200 git.huoys.com/qp/cells/vendor/git.huoys.com/qp/common/hall_message_s.GameUpdate 157 Info: game update msgRecv.En: 0.
2019/05/21 15:07:51.845200 git.huoys.com/qp/cells/vendor/git.huoys.com/qp/common/hall_message_s.GameUpdate 157 Info: game update msgRecv.En: 0.
2019/05/21 15:07:56.845200 git.huoys.com/qp/cells/vendor/git.huoys.com/qp/common/hall_message_s.GameUpdate 157 Info: game update msgRecv.En: 0.
2019/05/21 15:08:01.838200 git.huoys.com/qp/cells/vendor/git.huoys.com/qp/common/hall_message_s.GameUpdate 157 Info: game update msgRecv.En: 0.
2019/05/21 15:08:06.846200 git.huoys.com/qp/cells/vendor/git.huoys.com/qp/common/hall_message_s.GameUpdate 157 Info: game update msgRecv.En: 0.
2019/05/21 15:08:11.845200 git.huoys.com/qp/cells/vendor/git.huoys.com/qp/common/hall_message_s.GameUpdate 157 Info: game update msgRecv.En: 0.
2019/05/21 15:08:16.846200 git.huoys.com/qp/cells/vendor/git.huoys.com/qp/common/hall_message_s.GameUpdate 157 Info: game update msgRecv.En: 0.
2019/05/21 15:08:21.844200 git.huoys.com/qp/cells/vendor/git.huoys.com/qp/common/hall_message_s.GameUpdate 157 Info: game update msgRecv.En: 0.
2019/05/21 15:08:26.845200 git.huoys.com/qp/cells/vendor/git.huoys.com/qp/common/hall_message_s.GameUpdate 157 Info: game update msgRecv.En: 0.
2019/05/21 15:08:31.844200 git.huoys.com/qp/cells/vendor/git.huoys.com/qp/common/hall_message_s.GameUpdate 157 Info: game update msgRecv.En: 0.
2019/05/21 15:08:36.846200 git.huoys.com/qp/cells/vendor/git.huoys.com/qp/common/hall_message_s.GameUpdate 157 Info: game update msgRecv.En: 0.
2019/05/21 15:08:41.846200 git.huoys.com/qp/cells/vendor/git.huoys.com/qp/common/hall_message_s.GameUpdate 157 Info: game update msgRecv.En: 0.
2019/05/21 15:08:46.844200 git.huoys.com/qp/cells/vendor/git.huoys.com/qp/common/hall_message_s.GameUpdate 157 Info: game update msgRecv.En: 0.
2019/05/21 15:08:51.844200 git.huoys.com/qp/cells/vendor/git.huoys.com/qp/common/hall_message_s.GameUpdate 157 Info: game update msgRecv.En: 0.
2019/05/21 15:08:56.846200 git.huoys.com/qp/cells/vendor/git.huoys.com/qp/common/hall_message_s.GameUpdate 157 Info: game update msgRecv.En: 0.
2019/05/21 15:09:01.844200 git.huoys.com/qp/cells/vendor/git.huoys.com/qp/common/hall_message_s.GameUpdate 157 Info: game update msgRecv.En: 0.
2019/05/21 15:09:06.840200 git.huoys.com/qp/cells/vendor/git.huoys.com/qp/common/hall_message_s.GameUpdate 157 Info: game update msgRecv.En: 0.
2019/05/21 15:09:11.846200 git.huoys.com/qp/cells/vendor/git.huoys.com/qp/common/hall_message_s.GameUpdate 157 Info: game update msgRecv.En: 0.
2019/05/21 15:09:16.844200 git.huoys.com/qp/cells/vendor/git.huoys.com/qp/common/hall_message_s.GameUpdate 157 Info: game update msgRecv.En: 0.
2019/05/21 15:09:21.844200 git.huoys.com/qp/cells/vendor/git.huoys.com/qp/common/hall_message_s.GameUpdate 157 Info: game update msgRecv.En: 0.
2019/05/21 15:09:26.845200 git.huoys.com/qp/cells/vendor/git.huoys.com/qp/common/hall_message_s.GameUpdate 157 Info: game update msgRecv.En: 0.
2019/05/21 15:09:31.845200 git.huoys.com/qp/cells/vendor/git.huoys.com/qp/common/hall_message_s.GameUpdate 157 Info: game update msgRecv.En: 0.
2019/05/21 15:09:36.846200 git.huoys.com/qp/cells/vendor/git.huoys.com/qp/common/hall_message_s.GameUpdate 157 Info: game update msgRecv.En: 0.
2019/05/21 15:09:41.846200 git.huoys.com/qp/cells/vendor/git.huoys.com/qp/common/hall_message_s.GameUpdate 157 Info: game update msgRecv.En: 0.
2019/05/21 15:09:46.847200 git.huoys.com/qp/cells/vendor/git.huoys.com/qp/common/hall_message_s.GameUpdate 157 Info: game update msgRecv.En: 0.
2019/05/21 15:09:51.846200 git.huoys.com/qp/cells/vendor/git.huoys.com/qp/common/hall_message_s.GameUpdate 157 Info: game update msgRecv.En: 0.
2019/05/21 15:09:56.846200 git.huoys.com/qp/cells/vendor/git.huoys.com/qp/common/hall_message_s.GameUpdate 157 Info: game update msgRecv.En: 0.
2019/05/21 15:10:01.847200 git.huoys.com/qp/cells/vendor/git.huoys.com/qp/common/hall_message_s.GameUpdate 157 Info: game update msgRecv.En: 0.
2019/05/21 15:10:06.845200 git.huoys.com/qp/cells/vendor/git.huoys.com/qp/common/hall_message_s.GameUpdate 157 Info: game update msgRecv.En: 0.
2019/05/21 15:10:11.846200 git.huoys.com/qp/cells/vendor/git.huoys.com/qp/common/hall_message_s.GameUpdate 157 Info: game update msgRecv.En: 0.
2019/05/21 15:10:16.844200 git.huoys.com/qp/cells/vendor/git.huoys.com/qp/common/hall_message_s.GameUpdate 157 Info: game update msgRecv.En: 0.
2019/05/21 15:10:21.844200 git.huoys.com/qp/cells/vendor/git.huoys.com/qp/common/hall_message_s.GameUpdate 157 Info: game update msgRecv.En: 0.
2019/05/21 15:10:26.845200 git.huoys.com/qp/cells/vendor/git.huoys.com/qp/common/hall_message_s.GameUpdate 157 Info: game update msgRecv.En: 0.
2019/05/21 15:10:31.841200 git.huoys.com/qp/cells/vendor/git.huoys.com/qp/common/hall_message_s.GameUpdate 157 Info: game update msgRecv.En: 0.
2019/05/21 15:10:36.840200 git.huoys.com/qp/cells/vendor/git.huoys.com/qp/common/hall_message_s.GameUpdate 157 Info: game update msgRecv.En: 0.
2019/05/21 15:10:41.845200 git.huoys.com/qp/cells/vendor/git.huoys.com/qp/common/hall_message_s.GameUpdate 157 Info: game update msgRecv.En: 0.
2019/05/21 15:10:46.842200 git.huoys.com/qp/cells/vendor/git.huoys.com/qp/common/hall_message_s.GameUpdate 157 Info: game update msgRecv.En: 0.
2019/05/21 15:10:51.845200 git.huoys.com/qp/cells/vendor/git.huoys.com/qp/common/hall_message_s.GameUpdate 157 Info: game update msgRecv.En: 0.
2019/05/21 15:10:56.844200 git.huoys.com/qp/cells/vendor/git.huoys.com/qp/common/hall_message_s.GameUpdate 157 Info: game update msgRecv.En: 0.
2019/05/21 15:11:01.848200 git.huoys.com/qp/cells/vendor/git.huoys.com/qp/common/hall_message_s.GameUpdate 157 Info: game update msgRecv.En: 0.
2019/05/21 15:11:06.848200 git.huoys.com/qp/cells/vendor/git.huoys.com/qp/common/hall_message_s.GameUpdate 157 Info: game update msgRecv.En: 0.
2019/05/21 15:11:11.847200 git.huoys.com/qp/cells/vendor/git.huoys.com/qp/common/hall_message_s.GameUpdate 157 Info: game update msgRecv.En: 0.
2019/05/21 15:11:16.844200 git.huoys.com/qp/cells/vendor/git.huoys.com/qp/common/hall_message_s.GameUpdate 157 Info: game update msgRecv.En: 0.
