2019/05/22 16:44:09.901000 git.huoys.com/qp/gs/vendor/git.huoys.com/game/common/config.PrintfGlst 211 Info: url.json config:1
 
 - GameId(10095),len(1)
 GroupId(1)
 ServerId(1) RoomId(9) NginxTcp(127.0.0.1:10211) 
 ServerId(2) RoomId(10) NginxTcp(127.0.0.1:10212) 
 ServerId(3) RoomId(11) NginxTcp(127.0.0.1:10213) 
 ServerId(4) RoomId(12) NginxTcp(127.0.0.1:10214) 
2019/05/22 16:44:09.901000 main.main 90 Info: GS start now ....
2019/05/22 16:44:09.901000 git.huoys.com/qp/gs/vendor/git.huoys.com/qp/common/mssql.ConnectGameDB 93 Info: connectionString:sqlserver://sa:hy7961pl.NET@172.13.0.58:39000?database=game_qp_cells&connection+timeout=30&log=63&encrypt=disable.
2019/05/22 16:44:09.901000 git.huoys.com/qp/gs/vendor/git.huoys.com/qp/common/mssql.ConnectGameDB 100 Info: connectionString:sqlserver://sa:hy7961pl.NET@172.13.0.58:39000?database=game_qp_cells&connection+timeout=30&log=63&encrypt=disable.
2019/05/22 16:44:09.913000 git.huoys.com/qp/gs/vendor/git.huoys.com/qp/common/mssql.ConnectGameDB 108 Info: DB game_qp_cells (172.13.0.58:39000) connected.
2019/05/22 16:44:09.914000 main.main 97 Warning: start gs sucess !
2019/05/22 16:44:09.915000 git.huoys.com/qp/gs/http.Startup 44 Warning: http url:0.0.0.0:9210.
2019/05/22 16:44:09.918000 git.huoys.com/qp/gs/vendor/git.huoys.com/qp/common/http_message.acceptHTTPRequest 118 Info: Http server listen at:0.0.0.0:9210
2019/05/22 16:44:13.107000 git.huoys.com/qp/gs/vendor/git.huoys.com/qp/common/http_message.(*httpHandler).ServeHTTP 135 Info: requestPath:/.
2019/05/22 16:44:13.109000 git.huoys.com/qp/gs/http.OnGameRegister 147 Info: OnGameRegister ------------------ game register gid:1, sid:2
2019/05/22 16:44:13.272000 git.huoys.com/qp/gs/vendor/git.huoys.com/qp/common/http_message.(*httpHandler).ServeHTTP 135 Info: requestPath:/.
2019/05/22 16:44:13.273000 git.huoys.com/qp/gs/http.OnGameRegister 147 Info: OnGameRegister ------------------ game register gid:1, sid:3
2019/05/22 16:44:13.275000 git.huoys.com/qp/gs/vendor/git.huoys.com/qp/common/http_message.(*httpHandler).ServeHTTP 135 Info: requestPath:/.
2019/05/22 16:44:13.277000 git.huoys.com/qp/gs/http.OnGameRegister 147 Info: OnGameRegister ------------------ game register gid:1, sid:1
2019/05/22 16:44:13.280000 git.huoys.com/qp/gs/vendor/git.huoys.com/qp/common/http_message.(*httpHandler).ServeHTTP 135 Info: requestPath:/.
2019/05/22 16:44:13.281000 git.huoys.com/qp/gs/http.OnGameRegister 147 Info: OnGameRegister ------------------ game register gid:1, sid:4
2019/05/22 16:44:19.109000 git.huoys.com/qp/gs/vendor/git.huoys.com/qp/common/http_message.(*httpHandler).ServeHTTP 135 Info: requestPath:/.
2019/05/22 16:44:19.109000 git.huoys.com/qp/gs/schedule.(*GroupMgr).Update 57 Info: Update groupId(1), serviceId(2), cnt(0).
2019/05/22 16:44:19.110000 git.huoys.com/qp/gs/schedule.(*Service).Update 53 Info: s.Update s.groupId(1), s.serviceId(2), s.cnt(0).
2019/05/22 16:44:19.199000 git.huoys.com/qp/gs/vendor/git.huoys.com/qp/common/http_message.(*httpHandler).ServeHTTP 135 Info: requestPath:/.
2019/05/22 16:44:19.201000 git.huoys.com/qp/gs/schedule.(*GroupMgr).Update 57 Info: Update groupId(1), serviceId(1), cnt(0).
2019/05/22 16:44:19.203000 git.huoys.com/qp/gs/schedule.(*Service).Update 53 Info: s.Update s.groupId(1), s.serviceId(1), s.cnt(0).
2019/05/22 16:44:19.210000 git.huoys.com/qp/gs/vendor/git.huoys.com/qp/common/http_message.(*httpHandler).ServeHTTP 135 Info: requestPath:/.
2019/05/22 16:44:19.213000 git.huoys.com/qp/gs/schedule.(*GroupMgr).Update 57 Info: Update groupId(1), serviceId(3), cnt(0).
2019/05/22 16:44:19.214000 git.huoys.com/qp/gs/schedule.(*Service).Update 53 Info: s.Update s.groupId(1), s.serviceId(3), s.cnt(0).
2019/05/22 16:44:19.258000 git.huoys.com/qp/gs/vendor/git.huoys.com/qp/common/http_message.(*httpHandler).ServeHTTP 135 Info: requestPath:/.
2019/05/22 16:44:19.259000 git.huoys.com/qp/gs/schedule.(*GroupMgr).Update 57 Info: Update groupId(1), serviceId(4), cnt(0).
2019/05/22 16:44:19.260000 git.huoys.com/qp/gs/schedule.(*Service).Update 53 Info: s.Update s.groupId(1), s.serviceId(4), s.cnt(0).
2019/05/22 16:44:24.102000 git.huoys.com/qp/gs/vendor/git.huoys.com/qp/common/http_message.(*httpHandler).ServeHTTP 135 Info: requestPath:/.
2019/05/22 16:44:24.104000 git.huoys.com/qp/gs/schedule.(*GroupMgr).Update 57 Info: Update groupId(1), serviceId(2), cnt(0).
2019/05/22 16:44:24.105000 git.huoys.com/qp/gs/schedule.(*Service).Update 53 Info: s.Update s.groupId(1), s.serviceId(2), s.cnt(0).
2019/05/22 16:44:24.205000 git.huoys.com/qp/gs/vendor/git.huoys.com/qp/common/http_message.(*httpHandler).ServeHTTP 135 Info: requestPath:/.
2019/05/22 16:44:24.208000 git.huoys.com/qp/gs/schedule.(*GroupMgr).Update 57 Info: Update groupId(1), serviceId(3), cnt(0).
2019/05/22 16:44:24.210000 git.huoys.com/qp/gs/vendor/git.huoys.com/qp/common/http_message.(*httpHandler).ServeHTTP 135 Info: requestPath:/.
2019/05/22 16:44:24.214000 git.huoys.com/qp/gs/schedule.(*GroupMgr).Update 57 Info: Update groupId(1), serviceId(1), cnt(0).
2019/05/22 16:44:24.215000 git.huoys.com/qp/gs/schedule.(*Service).Update 53 Info: s.Update s.groupId(1), s.serviceId(3), s.cnt(0).
2019/05/22 16:44:24.216000 git.huoys.com/qp/gs/schedule.(*Service).Update 53 Info: s.Update s.groupId(1), s.serviceId(1), s.cnt(0).
2019/05/22 16:44:24.260000 git.huoys.com/qp/gs/vendor/git.huoys.com/qp/common/http_message.(*httpHandler).ServeHTTP 135 Info: requestPath:/.
2019/05/22 16:44:24.261000 git.huoys.com/qp/gs/schedule.(*GroupMgr).Update 57 Info: Update groupId(1), serviceId(4), cnt(0).
2019/05/22 16:44:24.261000 git.huoys.com/qp/gs/schedule.(*Service).Update 53 Info: s.Update s.groupId(1), s.serviceId(4), s.cnt(0).
2019/05/22 16:44:29.102000 git.huoys.com/qp/gs/vendor/git.huoys.com/qp/common/http_message.(*httpHandler).ServeHTTP 135 Info: requestPath:/.
2019/05/22 16:44:29.104000 git.huoys.com/qp/gs/schedule.(*GroupMgr).Update 57 Info: Update groupId(1), serviceId(2), cnt(0).
2019/05/22 16:44:29.105000 git.huoys.com/qp/gs/schedule.(*Service).Update 53 Info: s.Update s.groupId(1), s.serviceId(2), s.cnt(0).
2019/05/22 16:44:29.200000 git.huoys.com/qp/gs/vendor/git.huoys.com/qp/common/http_message.(*httpHandler).ServeHTTP 135 Info: requestPath:/.
2019/05/22 16:44:29.200000 git.huoys.com/qp/gs/schedule.(*GroupMgr).Update 57 Info: Update groupId(1), serviceId(1), cnt(0).
2019/05/22 16:44:29.201000 git.huoys.com/qp/gs/schedule.(*Service).Update 53 Info: s.Update s.groupId(1), s.serviceId(1), s.cnt(0).
2019/05/22 16:44:29.205000 git.huoys.com/qp/gs/vendor/git.huoys.com/qp/common/http_message.(*httpHandler).ServeHTTP 135 Info: requestPath:/.
2019/05/22 16:44:29.206000 git.huoys.com/qp/gs/schedule.(*GroupMgr).Update 57 Info: Update groupId(1), serviceId(3), cnt(0).
2019/05/22 16:44:29.206000 git.huoys.com/qp/gs/schedule.(*Service).Update 53 Info: s.Update s.groupId(1), s.serviceId(3), s.cnt(0).
2019/05/22 16:44:29.251000 git.huoys.com/qp/gs/vendor/git.huoys.com/qp/common/http_message.(*httpHandler).ServeHTTP 135 Info: requestPath:/.
2019/05/22 16:44:29.252000 git.huoys.com/qp/gs/schedule.(*GroupMgr).Update 57 Info: Update groupId(1), serviceId(4), cnt(0).
2019/05/22 16:44:29.252000 git.huoys.com/qp/gs/schedule.(*Service).Update 53 Info: s.Update s.groupId(1), s.serviceId(4), s.cnt(0).
2019/05/22 16:44:34.098000 git.huoys.com/qp/gs/vendor/git.huoys.com/qp/common/http_message.(*httpHandler).ServeHTTP 135 Info: requestPath:/.
2019/05/22 16:44:34.100000 git.huoys.com/qp/gs/schedule.(*GroupMgr).Update 57 Info: Update groupId(1), serviceId(2), cnt(0).
2019/05/22 16:44:34.101000 git.huoys.com/qp/gs/schedule.(*Service).Update 53 Info: s.Update s.groupId(1), s.serviceId(2), s.cnt(0).
2019/05/22 16:44:34.196000 git.huoys.com/qp/gs/vendor/git.huoys.com/qp/common/http_message.(*httpHandler).ServeHTTP 135 Info: requestPath:/.
2019/05/22 16:44:34.197000 git.huoys.com/qp/gs/schedule.(*GroupMgr).Update 57 Info: Update groupId(1), serviceId(1), cnt(0).
2019/05/22 16:44:34.197000 git.huoys.com/qp/gs/schedule.(*Service).Update 53 Info: s.Update s.groupId(1), s.serviceId(1), s.cnt(0).
2019/05/22 16:44:34.198000 git.huoys.com/qp/gs/vendor/git.huoys.com/qp/common/http_message.(*httpHandler).ServeHTTP 135 Info: requestPath:/.
2019/05/22 16:44:34.198000 git.huoys.com/qp/gs/schedule.(*GroupMgr).Update 57 Info: Update groupId(1), serviceId(3), cnt(0).
2019/05/22 16:44:34.198000 git.huoys.com/qp/gs/schedule.(*Service).Update 53 Info: s.Update s.groupId(1), s.serviceId(3), s.cnt(0).
2019/05/22 16:44:34.261000 git.huoys.com/qp/gs/vendor/git.huoys.com/qp/common/http_message.(*httpHandler).ServeHTTP 135 Info: requestPath:/.
2019/05/22 16:44:34.262000 git.huoys.com/qp/gs/schedule.(*GroupMgr).Update 57 Info: Update groupId(1), serviceId(4), cnt(0).
2019/05/22 16:44:34.263000 git.huoys.com/qp/gs/schedule.(*Service).Update 53 Info: s.Update s.groupId(1), s.serviceId(4), s.cnt(0).
2019/05/22 16:44:39.105000 git.huoys.com/qp/gs/vendor/git.huoys.com/qp/common/http_message.(*httpHandler).ServeHTTP 135 Info: requestPath:/.
2019/05/22 16:44:39.105000 git.huoys.com/qp/gs/schedule.(*GroupMgr).Update 57 Info: Update groupId(1), serviceId(2), cnt(0).
2019/05/22 16:44:39.106000 git.huoys.com/qp/gs/schedule.(*Service).Update 53 Info: s.Update s.groupId(1), s.serviceId(2), s.cnt(0).
2019/05/22 16:44:39.187000 git.huoys.com/qp/gs/vendor/git.huoys.com/qp/common/http_message.(*httpHandler).ServeHTTP 135 Info: requestPath:/.
2019/05/22 16:44:39.188000 git.huoys.com/qp/gs/schedule.(*GroupMgr).Update 57 Info: Update groupId(1), serviceId(1), cnt(0).
2019/05/22 16:44:39.188000 git.huoys.com/qp/gs/schedule.(*Service).Update 53 Info: s.Update s.groupId(1), s.serviceId(1), s.cnt(0).
2019/05/22 16:44:39.194000 git.huoys.com/qp/gs/vendor/git.huoys.com/qp/common/http_message.(*httpHandler).ServeHTTP 135 Info: requestPath:/.
2019/05/22 16:44:39.195000 git.huoys.com/qp/gs/schedule.(*GroupMgr).Update 57 Info: Update groupId(1), serviceId(3), cnt(0).
2019/05/22 16:44:39.195000 git.huoys.com/qp/gs/schedule.(*Service).Update 53 Info: s.Update s.groupId(1), s.serviceId(3), s.cnt(0).
2019/05/22 16:44:39.247000 git.huoys.com/qp/gs/vendor/git.huoys.com/qp/common/http_message.(*httpHandler).ServeHTTP 135 Info: requestPath:/.
2019/05/22 16:44:39.247000 git.huoys.com/qp/gs/schedule.(*GroupMgr).Update 57 Info: Update groupId(1), serviceId(4), cnt(0).
2019/05/22 16:44:39.247000 git.huoys.com/qp/gs/schedule.(*Service).Update 53 Info: s.Update s.groupId(1), s.serviceId(4), s.cnt(0).
2019/05/22 16:44:44.103000 git.huoys.com/qp/gs/vendor/git.huoys.com/qp/common/http_message.(*httpHandler).ServeHTTP 135 Info: requestPath:/.
2019/05/22 16:44:44.103000 git.huoys.com/qp/gs/schedule.(*GroupMgr).Update 57 Info: Update groupId(1), serviceId(2), cnt(0).
2019/05/22 16:44:44.104000 git.huoys.com/qp/gs/schedule.(*Service).Update 53 Info: s.Update s.groupId(1), s.serviceId(2), s.cnt(0).
2019/05/22 16:44:44.205000 git.huoys.com/qp/gs/vendor/git.huoys.com/qp/common/http_message.(*httpHandler).ServeHTTP 135 Info: requestPath:/.
2019/05/22 16:44:44.208000 git.huoys.com/qp/gs/schedule.(*GroupMgr).Update 57 Info: Update groupId(1), serviceId(1), cnt(0).
2019/05/22 16:44:44.217000 git.huoys.com/qp/gs/schedule.(*Service).Update 53 Info: s.Update s.groupId(1), s.serviceId(1), s.cnt(0).
2019/05/22 16:44:44.219000 git.huoys.com/qp/gs/vendor/git.huoys.com/qp/common/http_message.(*httpHandler).ServeHTTP 135 Info: requestPath:/.
2019/05/22 16:44:44.221000 git.huoys.com/qp/gs/schedule.(*GroupMgr).Update 57 Info: Update groupId(1), serviceId(3), cnt(0).
2019/05/22 16:44:44.222000 git.huoys.com/qp/gs/schedule.(*Service).Update 53 Info: s.Update s.groupId(1), s.serviceId(3), s.cnt(0).
2019/05/22 16:44:44.265000 git.huoys.com/qp/gs/vendor/git.huoys.com/qp/common/http_message.(*httpHandler).ServeHTTP 135 Info: requestPath:/.
2019/05/22 16:44:44.266000 git.huoys.com/qp/gs/schedule.(*GroupMgr).Update 57 Info: Update groupId(1), serviceId(4), cnt(0).
2019/05/22 16:44:44.267000 git.huoys.com/qp/gs/schedule.(*Service).Update 53 Info: s.Update s.groupId(1), s.serviceId(4), s.cnt(0).
2019/05/22 16:44:49.120000 git.huoys.com/qp/gs/vendor/git.huoys.com/qp/common/http_message.(*httpHandler).ServeHTTP 135 Info: requestPath:/.
2019/05/22 16:44:49.121000 git.huoys.com/qp/gs/schedule.(*GroupMgr).Update 57 Info: Update groupId(1), serviceId(2), cnt(0).
2019/05/22 16:44:49.122000 git.huoys.com/qp/gs/schedule.(*Service).Update 53 Info: s.Update s.groupId(1), s.serviceId(2), s.cnt(0).
2019/05/22 16:44:49.211000 git.huoys.com/qp/gs/vendor/git.huoys.com/qp/common/http_message.(*httpHandler).ServeHTTP 135 Info: requestPath:/.
2019/05/22 16:44:49.214000 git.huoys.com/qp/gs/schedule.(*GroupMgr).Update 57 Info: Update groupId(1), serviceId(1), cnt(0).
2019/05/22 16:44:49.216000 git.huoys.com/qp/gs/vendor/git.huoys.com/qp/common/http_message.(*httpHandler).ServeHTTP 135 Info: requestPath:/.
2019/05/22 16:44:49.218000 git.huoys.com/qp/gs/schedule.(*GroupMgr).Update 57 Info: Update groupId(1), serviceId(3), cnt(0).
2019/05/22 16:44:49.220000 git.huoys.com/qp/gs/schedule.(*Service).Update 53 Info: s.Update s.groupId(1), s.serviceId(1), s.cnt(0).
2019/05/22 16:44:49.227000 git.huoys.com/qp/gs/schedule.(*Service).Update 53 Info: s.Update s.groupId(1), s.serviceId(3), s.cnt(0).
2019/05/22 16:44:49.257000 git.huoys.com/qp/gs/vendor/git.huoys.com/qp/common/http_message.(*httpHandler).ServeHTTP 135 Info: requestPath:/.
2019/05/22 16:44:49.259000 git.huoys.com/qp/gs/schedule.(*GroupMgr).Update 57 Info: Update groupId(1), serviceId(4), cnt(0).
2019/05/22 16:44:49.261000 git.huoys.com/qp/gs/schedule.(*Service).Update 53 Info: s.Update s.groupId(1), s.serviceId(4), s.cnt(0).
2019/05/22 16:44:54.112000 git.huoys.com/qp/gs/vendor/git.huoys.com/qp/common/http_message.(*httpHandler).ServeHTTP 135 Info: requestPath:/.
2019/05/22 16:44:54.115000 git.huoys.com/qp/gs/schedule.(*GroupMgr).Update 57 Info: Update groupId(1), serviceId(2), cnt(0).
2019/05/22 16:44:54.119000 git.huoys.com/qp/gs/schedule.(*Service).Update 53 Info: s.Update s.groupId(1), s.serviceId(2), s.cnt(0).
2019/05/22 16:44:54.207000 git.huoys.com/qp/gs/vendor/git.huoys.com/qp/common/http_message.(*httpHandler).ServeHTTP 135 Info: requestPath:/.
2019/05/22 16:44:54.214000 git.huoys.com/qp/gs/schedule.(*GroupMgr).Update 57 Info: Update groupId(1), serviceId(1), cnt(0).
2019/05/22 16:44:54.216000 git.huoys.com/qp/gs/vendor/git.huoys.com/qp/common/http_message.(*httpHandler).ServeHTTP 135 Info: requestPath:/.
2019/05/22 16:44:54.217000 git.huoys.com/qp/gs/schedule.(*Service).Update 53 Info: s.Update s.groupId(1), s.serviceId(1), s.cnt(0).
2019/05/22 16:44:54.217000 git.huoys.com/qp/gs/schedule.(*GroupMgr).Update 57 Info: Update groupId(1), serviceId(3), cnt(0).
2019/05/22 16:44:54.219000 git.huoys.com/qp/gs/schedule.(*Service).Update 53 Info: s.Update s.groupId(1), s.serviceId(3), s.cnt(0).
2019/05/22 16:44:54.254000 git.huoys.com/qp/gs/vendor/git.huoys.com/qp/common/http_message.(*httpHandler).ServeHTTP 135 Info: requestPath:/.
2019/05/22 16:44:54.255000 git.huoys.com/qp/gs/schedule.(*GroupMgr).Update 57 Info: Update groupId(1), serviceId(4), cnt(0).
2019/05/22 16:44:54.258000 git.huoys.com/qp/gs/schedule.(*Service).Update 53 Info: s.Update s.groupId(1), s.serviceId(4), s.cnt(0).
2019/05/22 16:44:59.101000 git.huoys.com/qp/gs/vendor/git.huoys.com/qp/common/http_message.(*httpHandler).ServeHTTP 135 Info: requestPath:/.
2019/05/22 16:44:59.101000 git.huoys.com/qp/gs/schedule.(*GroupMgr).Update 57 Info: Update groupId(1), serviceId(2), cnt(0).
2019/05/22 16:44:59.102000 git.huoys.com/qp/gs/schedule.(*Service).Update 53 Info: s.Update s.groupId(1), s.serviceId(2), s.cnt(0).
2019/05/22 16:44:59.205000 git.huoys.com/qp/gs/vendor/git.huoys.com/qp/common/http_message.(*httpHandler).ServeHTTP 135 Info: requestPath:/.
2019/05/22 16:44:59.206000 git.huoys.com/qp/gs/schedule.(*GroupMgr).Update 57 Info: Update groupId(1), serviceId(1), cnt(0).
2019/05/22 16:44:59.207000 git.huoys.com/qp/gs/schedule.(*Service).Update 53 Info: s.Update s.groupId(1), s.serviceId(1), s.cnt(0).
2019/05/22 16:44:59.210000 git.huoys.com/qp/gs/vendor/git.huoys.com/qp/common/http_message.(*httpHandler).ServeHTTP 135 Info: requestPath:/.
2019/05/22 16:44:59.211000 git.huoys.com/qp/gs/schedule.(*GroupMgr).Update 57 Info: Update groupId(1), serviceId(3), cnt(0).
2019/05/22 16:44:59.212000 git.huoys.com/qp/gs/schedule.(*Service).Update 53 Info: s.Update s.groupId(1), s.serviceId(3), s.cnt(0).
2019/05/22 16:44:59.255000 git.huoys.com/qp/gs/vendor/git.huoys.com/qp/common/http_message.(*httpHandler).ServeHTTP 135 Info: requestPath:/.
2019/05/22 16:44:59.256000 git.huoys.com/qp/gs/schedule.(*GroupMgr).Update 57 Info: Update groupId(1), serviceId(4), cnt(0).
2019/05/22 16:44:59.257000 git.huoys.com/qp/gs/schedule.(*Service).Update 53 Info: s.Update s.groupId(1), s.serviceId(4), s.cnt(0).
2019/05/22 16:45:04.109000 git.huoys.com/qp/gs/vendor/git.huoys.com/qp/common/http_message.(*httpHandler).ServeHTTP 135 Info: requestPath:/.
2019/05/22 16:45:04.113000 git.huoys.com/qp/gs/schedule.(*GroupMgr).Update 57 Info: Update groupId(1), serviceId(2), cnt(0).
2019/05/22 16:45:04.114000 git.huoys.com/qp/gs/schedule.(*Service).Update 53 Info: s.Update s.groupId(1), s.serviceId(2), s.cnt(0).
2019/05/22 16:45:04.219000 git.huoys.com/qp/gs/vendor/git.huoys.com/qp/common/http_message.(*httpHandler).ServeHTTP 135 Info: requestPath:/.
2019/05/22 16:45:04.231000 git.huoys.com/qp/gs/schedule.(*GroupMgr).Update 57 Info: Update groupId(1), serviceId(1), cnt(0).
2019/05/22 16:45:04.234000 git.huoys.com/qp/gs/vendor/git.huoys.com/qp/common/http_message.(*httpHandler).ServeHTTP 135 Info: requestPath:/.
2019/05/22 16:45:04.235000 git.huoys.com/qp/gs/schedule.(*Service).Update 53 Info: s.Update s.groupId(1), s.serviceId(1), s.cnt(0).
2019/05/22 16:45:04.236000 git.huoys.com/qp/gs/schedule.(*GroupMgr).Update 57 Info: Update groupId(1), serviceId(3), cnt(0).
2019/05/22 16:45:04.238000 git.huoys.com/qp/gs/schedule.(*Service).Update 53 Info: s.Update s.groupId(1), s.serviceId(3), s.cnt(0).
2019/05/22 16:45:04.254000 git.huoys.com/qp/gs/vendor/git.huoys.com/qp/common/http_message.(*httpHandler).ServeHTTP 135 Info: requestPath:/.
2019/05/22 16:45:04.256000 git.huoys.com/qp/gs/schedule.(*GroupMgr).Update 57 Info: Update groupId(1), serviceId(4), cnt(0).
2019/05/22 16:45:04.257000 git.huoys.com/qp/gs/schedule.(*Service).Update 53 Info: s.Update s.groupId(1), s.serviceId(4), s.cnt(0).
2019/05/22 16:45:09.104000 git.huoys.com/qp/gs/vendor/git.huoys.com/qp/common/http_message.(*httpHandler).ServeHTTP 135 Info: requestPath:/.
2019/05/22 16:45:09.106000 git.huoys.com/qp/gs/schedule.(*GroupMgr).Update 57 Info: Update groupId(1), serviceId(2), cnt(0).
2019/05/22 16:45:09.106000 git.huoys.com/qp/gs/schedule.(*Service).Update 53 Info: s.Update s.groupId(1), s.serviceId(2), s.cnt(0).
2019/05/22 16:45:09.206000 git.huoys.com/qp/gs/vendor/git.huoys.com/qp/common/http_message.(*httpHandler).ServeHTTP 135 Info: requestPath:/.
2019/05/22 16:45:09.209000 git.huoys.com/qp/gs/schedule.(*GroupMgr).Update 57 Info: Update groupId(1), serviceId(3), cnt(0).
2019/05/22 16:45:09.209000 git.huoys.com/qp/gs/vendor/git.huoys.com/qp/common/http_message.(*httpHandler).ServeHTTP 135 Info: requestPath:/.
2019/05/22 16:45:09.211000 git.huoys.com/qp/gs/schedule.(*Service).Update 53 Info: s.Update s.groupId(1), s.serviceId(3), s.cnt(0).
2019/05/22 16:45:09.213000 git.huoys.com/qp/gs/schedule.(*GroupMgr).Update 57 Info: Update groupId(1), serviceId(1), cnt(0).
2019/05/22 16:45:09.214000 git.huoys.com/qp/gs/schedule.(*Service).Update 53 Info: s.Update s.groupId(1), s.serviceId(1), s.cnt(0).
2019/05/22 16:45:09.258000 git.huoys.com/qp/gs/vendor/git.huoys.com/qp/common/http_message.(*httpHandler).ServeHTTP 135 Info: requestPath:/.
2019/05/22 16:45:09.259000 git.huoys.com/qp/gs/schedule.(*GroupMgr).Update 57 Info: Update groupId(1), serviceId(4), cnt(0).
2019/05/22 16:45:09.260000 git.huoys.com/qp/gs/schedule.(*Service).Update 53 Info: s.Update s.groupId(1), s.serviceId(4), s.cnt(0).
2019/05/22 16:45:14.106000 git.huoys.com/qp/gs/vendor/git.huoys.com/qp/common/http_message.(*httpHandler).ServeHTTP 135 Info: requestPath:/.
2019/05/22 16:45:14.107000 git.huoys.com/qp/gs/schedule.(*GroupMgr).Update 57 Info: Update groupId(1), serviceId(2), cnt(0).
2019/05/22 16:45:14.108000 git.huoys.com/qp/gs/schedule.(*Service).Update 53 Info: s.Update s.groupId(1), s.serviceId(2), s.cnt(0).
2019/05/22 16:45:14.208000 git.huoys.com/qp/gs/vendor/git.huoys.com/qp/common/http_message.(*httpHandler).ServeHTTP 135 Info: requestPath:/.
2019/05/22 16:45:14.209000 git.huoys.com/qp/gs/schedule.(*GroupMgr).Update 57 Info: Update groupId(1), serviceId(3), cnt(0).
2019/05/22 16:45:14.212000 git.huoys.com/qp/gs/schedule.(*Service).Update 53 Info: s.Update s.groupId(1), s.serviceId(3), s.cnt(0).
2019/05/22 16:45:14.217000 git.huoys.com/qp/gs/vendor/git.huoys.com/qp/common/http_message.(*httpHandler).ServeHTTP 135 Info: requestPath:/.
2019/05/22 16:45:14.218000 git.huoys.com/qp/gs/schedule.(*GroupMgr).Update 57 Info: Update groupId(1), serviceId(1), cnt(0).
2019/05/22 16:45:14.220000 git.huoys.com/qp/gs/schedule.(*Service).Update 53 Info: s.Update s.groupId(1), s.serviceId(1), s.cnt(0).
2019/05/22 16:45:14.260000 git.huoys.com/qp/gs/vendor/git.huoys.com/qp/common/http_message.(*httpHandler).ServeHTTP 135 Info: requestPath:/.
2019/05/22 16:45:14.260000 git.huoys.com/qp/gs/schedule.(*GroupMgr).Update 57 Info: Update groupId(1), serviceId(4), cnt(0).
2019/05/22 16:45:14.261000 git.huoys.com/qp/gs/schedule.(*Service).Update 53 Info: s.Update s.groupId(1), s.serviceId(4), s.cnt(0).
2019/05/22 16:45:19.114000 git.huoys.com/qp/gs/vendor/git.huoys.com/qp/common/http_message.(*httpHandler).ServeHTTP 135 Info: requestPath:/.
2019/05/22 16:45:19.115000 git.huoys.com/qp/gs/schedule.(*GroupMgr).Update 57 Info: Update groupId(1), serviceId(2), cnt(0).
2019/05/22 16:45:19.116000 git.huoys.com/qp/gs/schedule.(*Service).Update 53 Info: s.Update s.groupId(1), s.serviceId(2), s.cnt(0).
2019/05/22 16:45:19.209000 git.huoys.com/qp/gs/vendor/git.huoys.com/qp/common/http_message.(*httpHandler).ServeHTTP 135 Info: requestPath:/.
2019/05/22 16:45:19.212000 git.huoys.com/qp/gs/vendor/git.huoys.com/qp/common/http_message.(*httpHandler).ServeHTTP 135 Info: requestPath:/.
2019/05/22 16:45:19.213000 git.huoys.com/qp/gs/schedule.(*GroupMgr).Update 57 Info: Update groupId(1), serviceId(3), cnt(0).
2019/05/22 16:45:19.214000 git.huoys.com/qp/gs/schedule.(*Service).Update 53 Info: s.Update s.groupId(1), s.serviceId(3), s.cnt(0).
2019/05/22 16:45:19.215000 git.huoys.com/qp/gs/schedule.(*GroupMgr).Update 57 Info: Update groupId(1), serviceId(1), cnt(0).
2019/05/22 16:45:19.218000 git.huoys.com/qp/gs/schedule.(*Service).Update 53 Info: s.Update s.groupId(1), s.serviceId(1), s.cnt(0).
2019/05/22 16:45:19.256000 git.huoys.com/qp/gs/vendor/git.huoys.com/qp/common/http_message.(*httpHandler).ServeHTTP 135 Info: requestPath:/.
2019/05/22 16:45:19.258000 git.huoys.com/qp/gs/schedule.(*GroupMgr).Update 57 Info: Update groupId(1), serviceId(4), cnt(0).
2019/05/22 16:45:19.260000 git.huoys.com/qp/gs/schedule.(*Service).Update 53 Info: s.Update s.groupId(1), s.serviceId(4), s.cnt(0).
2019/05/22 16:45:24.101000 git.huoys.com/qp/gs/vendor/git.huoys.com/qp/common/http_message.(*httpHandler).ServeHTTP 135 Info: requestPath:/.
2019/05/22 16:45:24.106000 git.huoys.com/qp/gs/schedule.(*GroupMgr).Update 57 Info: Update groupId(1), serviceId(2), cnt(0).
2019/05/22 16:45:24.108000 git.huoys.com/qp/gs/schedule.(*Service).Update 53 Info: s.Update s.groupId(1), s.serviceId(2), s.cnt(0).
2019/05/22 16:45:24.203000 git.huoys.com/qp/gs/vendor/git.huoys.com/qp/common/http_message.(*httpHandler).ServeHTTP 135 Info: requestPath:/.
2019/05/22 16:45:24.204000 git.huoys.com/qp/gs/schedule.(*GroupMgr).Update 57 Info: Update groupId(1), serviceId(3), cnt(0).
2019/05/22 16:45:24.205000 git.huoys.com/qp/gs/schedule.(*Service).Update 53 Info: s.Update s.groupId(1), s.serviceId(3), s.cnt(0).
2019/05/22 16:45:24.224000 git.huoys.com/qp/gs/vendor/git.huoys.com/qp/common/http_message.(*httpHandler).ServeHTTP 135 Info: requestPath:/.
2019/05/22 16:45:24.225000 git.huoys.com/qp/gs/schedule.(*GroupMgr).Update 57 Info: Update groupId(1), serviceId(1), cnt(0).
2019/05/22 16:45:24.232000 git.huoys.com/qp/gs/schedule.(*Service).Update 53 Info: s.Update s.groupId(1), s.serviceId(1), s.cnt(0).
2019/05/22 16:45:24.259000 git.huoys.com/qp/gs/vendor/git.huoys.com/qp/common/http_message.(*httpHandler).ServeHTTP 135 Info: requestPath:/.
2019/05/22 16:45:24.260000 git.huoys.com/qp/gs/schedule.(*GroupMgr).Update 57 Info: Update groupId(1), serviceId(4), cnt(0).
2019/05/22 16:45:24.261000 git.huoys.com/qp/gs/schedule.(*Service).Update 53 Info: s.Update s.groupId(1), s.serviceId(4), s.cnt(0).
2019/05/22 16:45:29.108000 git.huoys.com/qp/gs/vendor/git.huoys.com/qp/common/http_message.(*httpHandler).ServeHTTP 135 Info: requestPath:/.
2019/05/22 16:45:29.112000 git.huoys.com/qp/gs/schedule.(*GroupMgr).Update 57 Info: Update groupId(1), serviceId(2), cnt(0).
2019/05/22 16:45:29.114000 git.huoys.com/qp/gs/schedule.(*Service).Update 53 Info: s.Update s.groupId(1), s.serviceId(2), s.cnt(0).
2019/05/22 16:45:29.205000 git.huoys.com/qp/gs/vendor/git.huoys.com/qp/common/http_message.(*httpHandler).ServeHTTP 135 Info: requestPath:/.
2019/05/22 16:45:29.206000 git.huoys.com/qp/gs/vendor/git.huoys.com/qp/common/http_message.(*httpHandler).ServeHTTP 135 Info: requestPath:/.
2019/05/22 16:45:29.208000 git.huoys.com/qp/gs/schedule.(*GroupMgr).Update 57 Info: Update groupId(1), serviceId(1), cnt(0).
2019/05/22 16:45:29.209000 git.huoys.com/qp/gs/schedule.(*Service).Update 53 Info: s.Update s.groupId(1), s.serviceId(1), s.cnt(0).
2019/05/22 16:45:29.210000 git.huoys.com/qp/gs/schedule.(*GroupMgr).Update 57 Info: Update groupId(1), serviceId(3), cnt(0).
2019/05/22 16:45:29.212000 git.huoys.com/qp/gs/schedule.(*Service).Update 53 Info: s.Update s.groupId(1), s.serviceId(3), s.cnt(0).
2019/05/22 16:45:29.268000 git.huoys.com/qp/gs/vendor/git.huoys.com/qp/common/http_message.(*httpHandler).ServeHTTP 135 Info: requestPath:/.
2019/05/22 16:45:29.272000 git.huoys.com/qp/gs/schedule.(*GroupMgr).Update 57 Info: Update groupId(1), serviceId(4), cnt(0).
2019/05/22 16:45:29.274000 git.huoys.com/qp/gs/schedule.(*Service).Update 53 Info: s.Update s.groupId(1), s.serviceId(4), s.cnt(0).
2019/05/22 16:45:34.099000 git.huoys.com/qp/gs/vendor/git.huoys.com/qp/common/http_message.(*httpHandler).ServeHTTP 135 Info: requestPath:/.
2019/05/22 16:45:34.100000 git.huoys.com/qp/gs/schedule.(*GroupMgr).Update 57 Info: Update groupId(1), serviceId(2), cnt(0).
2019/05/22 16:45:34.106000 git.huoys.com/qp/gs/schedule.(*Service).Update 53 Info: s.Update s.groupId(1), s.serviceId(2), s.cnt(0).
2019/05/22 16:45:34.203000 git.huoys.com/qp/gs/vendor/git.huoys.com/qp/common/http_message.(*httpHandler).ServeHTTP 135 Info: requestPath:/.
2019/05/22 16:45:34.206000 git.huoys.com/qp/gs/schedule.(*GroupMgr).Update 57 Info: Update groupId(1), serviceId(3), cnt(0).
2019/05/22 16:45:34.207000 git.huoys.com/qp/gs/schedule.(*Service).Update 53 Info: s.Update s.groupId(1), s.serviceId(3), s.cnt(0).
2019/05/22 16:45:34.212000 git.huoys.com/qp/gs/vendor/git.huoys.com/qp/common/http_message.(*httpHandler).ServeHTTP 135 Info: requestPath:/.
2019/05/22 16:45:34.213000 git.huoys.com/qp/gs/schedule.(*GroupMgr).Update 57 Info: Update groupId(1), serviceId(1), cnt(0).
2019/05/22 16:45:34.213000 git.huoys.com/qp/gs/schedule.(*Service).Update 53 Info: s.Update s.groupId(1), s.serviceId(1), s.cnt(0).
2019/05/22 16:45:34.258000 git.huoys.com/qp/gs/vendor/git.huoys.com/qp/common/http_message.(*httpHandler).ServeHTTP 135 Info: requestPath:/.
2019/05/22 16:45:34.260000 git.huoys.com/qp/gs/schedule.(*GroupMgr).Update 57 Info: Update groupId(1), serviceId(4), cnt(0).
2019/05/22 16:45:34.262000 git.huoys.com/qp/gs/schedule.(*Service).Update 53 Info: s.Update s.groupId(1), s.serviceId(4), s.cnt(0).
2019/05/22 16:45:39.114000 git.huoys.com/qp/gs/vendor/git.huoys.com/qp/common/http_message.(*httpHandler).ServeHTTP 135 Info: requestPath:/.
2019/05/22 16:45:39.115000 git.huoys.com/qp/gs/schedule.(*GroupMgr).Update 57 Info: Update groupId(1), serviceId(2), cnt(0).
2019/05/22 16:45:39.116000 git.huoys.com/qp/gs/schedule.(*Service).Update 53 Info: s.Update s.groupId(1), s.serviceId(2), s.cnt(0).
2019/05/22 16:45:39.195000 git.huoys.com/qp/gs/vendor/git.huoys.com/qp/common/http_message.(*httpHandler).ServeHTTP 135 Info: requestPath:/.
2019/05/22 16:45:39.196000 git.huoys.com/qp/gs/schedule.(*GroupMgr).Update 57 Info: Update groupId(1), serviceId(1), cnt(0).
2019/05/22 16:45:39.197000 git.huoys.com/qp/gs/schedule.(*Service).Update 53 Info: s.Update s.groupId(1), s.serviceId(1), s.cnt(0).
2019/05/22 16:45:39.201000 git.huoys.com/qp/gs/vendor/git.huoys.com/qp/common/http_message.(*httpHandler).ServeHTTP 135 Info: requestPath:/.
2019/05/22 16:45:39.203000 git.huoys.com/qp/gs/schedule.(*GroupMgr).Update 57 Info: Update groupId(1), serviceId(3), cnt(0).
2019/05/22 16:45:39.206000 git.huoys.com/qp/gs/schedule.(*Service).Update 53 Info: s.Update s.groupId(1), s.serviceId(3), s.cnt(0).
2019/05/22 16:45:39.257000 git.huoys.com/qp/gs/vendor/git.huoys.com/qp/common/http_message.(*httpHandler).ServeHTTP 135 Info: requestPath:/.
2019/05/22 16:45:39.257000 git.huoys.com/qp/gs/schedule.(*GroupMgr).Update 57 Info: Update groupId(1), serviceId(4), cnt(0).
2019/05/22 16:45:39.258000 git.huoys.com/qp/gs/schedule.(*Service).Update 53 Info: s.Update s.groupId(1), s.serviceId(4), s.cnt(0).
2019/05/22 16:45:44.102000 git.huoys.com/qp/gs/vendor/git.huoys.com/qp/common/http_message.(*httpHandler).ServeHTTP 135 Info: requestPath:/.
2019/05/22 16:45:44.103000 git.huoys.com/qp/gs/schedule.(*GroupMgr).Update 57 Info: Update groupId(1), serviceId(2), cnt(0).
2019/05/22 16:45:44.104000 git.huoys.com/qp/gs/schedule.(*Service).Update 53 Info: s.Update s.groupId(1), s.serviceId(2), s.cnt(0).
2019/05/22 16:45:44.199000 git.huoys.com/qp/gs/vendor/git.huoys.com/qp/common/http_message.(*httpHandler).ServeHTTP 135 Info: requestPath:/.
2019/05/22 16:45:44.199000 git.huoys.com/qp/gs/schedule.(*GroupMgr).Update 57 Info: Update groupId(1), serviceId(3), cnt(0).
2019/05/22 16:45:44.200000 git.huoys.com/qp/gs/schedule.(*Service).Update 53 Info: s.Update s.groupId(1), s.serviceId(3), s.cnt(0).
2019/05/22 16:45:44.202000 git.huoys.com/qp/gs/vendor/git.huoys.com/qp/common/http_message.(*httpHandler).ServeHTTP 135 Info: requestPath:/.
2019/05/22 16:45:44.203000 git.huoys.com/qp/gs/schedule.(*GroupMgr).Update 57 Info: Update groupId(1), serviceId(1), cnt(0).
2019/05/22 16:45:44.204000 git.huoys.com/qp/gs/schedule.(*Service).Update 53 Info: s.Update s.groupId(1), s.serviceId(1), s.cnt(0).
2019/05/22 16:45:44.248000 git.huoys.com/qp/gs/vendor/git.huoys.com/qp/common/http_message.(*httpHandler).ServeHTTP 135 Info: requestPath:/.
2019/05/22 16:45:44.248000 git.huoys.com/qp/gs/schedule.(*GroupMgr).Update 57 Info: Update groupId(1), serviceId(4), cnt(0).
2019/05/22 16:45:44.249000 git.huoys.com/qp/gs/schedule.(*Service).Update 53 Info: s.Update s.groupId(1), s.serviceId(4), s.cnt(0).
2019/05/22 16:45:49.112000 git.huoys.com/qp/gs/vendor/git.huoys.com/qp/common/http_message.(*httpHandler).ServeHTTP 135 Info: requestPath:/.
2019/05/22 16:45:49.113000 git.huoys.com/qp/gs/schedule.(*GroupMgr).Update 57 Info: Update groupId(1), serviceId(2), cnt(0).
2019/05/22 16:45:49.113000 git.huoys.com/qp/gs/schedule.(*Service).Update 53 Info: s.Update s.groupId(1), s.serviceId(2), s.cnt(0).
2019/05/22 16:45:49.203000 git.huoys.com/qp/gs/vendor/git.huoys.com/qp/common/http_message.(*httpHandler).ServeHTTP 135 Info: requestPath:/.
2019/05/22 16:45:49.204000 git.huoys.com/qp/gs/schedule.(*GroupMgr).Update 57 Info: Update groupId(1), serviceId(1), cnt(0).
2019/05/22 16:45:49.206000 git.huoys.com/qp/gs/schedule.(*Service).Update 53 Info: s.Update s.groupId(1), s.serviceId(1), s.cnt(0).
2019/05/22 16:45:49.208000 git.huoys.com/qp/gs/vendor/git.huoys.com/qp/common/http_message.(*httpHandler).ServeHTTP 135 Info: requestPath:/.
2019/05/22 16:45:49.209000 git.huoys.com/qp/gs/schedule.(*GroupMgr).Update 57 Info: Update groupId(1), serviceId(3), cnt(0).
2019/05/22 16:45:49.209000 git.huoys.com/qp/gs/schedule.(*Service).Update 53 Info: s.Update s.groupId(1), s.serviceId(3), s.cnt(0).
2019/05/22 16:45:49.258000 git.huoys.com/qp/gs/vendor/git.huoys.com/qp/common/http_message.(*httpHandler).ServeHTTP 135 Info: requestPath:/.
2019/05/22 16:45:49.259000 git.huoys.com/qp/gs/schedule.(*GroupMgr).Update 57 Info: Update groupId(1), serviceId(4), cnt(0).
2019/05/22 16:45:49.259000 git.huoys.com/qp/gs/schedule.(*Service).Update 53 Info: s.Update s.groupId(1), s.serviceId(4), s.cnt(0).
2019/05/22 16:45:54.099000 git.huoys.com/qp/gs/vendor/git.huoys.com/qp/common/http_message.(*httpHandler).ServeHTTP 135 Info: requestPath:/.
2019/05/22 16:45:54.100000 git.huoys.com/qp/gs/schedule.(*GroupMgr).Update 57 Info: Update groupId(1), serviceId(2), cnt(0).
2019/05/22 16:45:54.100000 git.huoys.com/qp/gs/schedule.(*Service).Update 53 Info: s.Update s.groupId(1), s.serviceId(2), s.cnt(0).
2019/05/22 16:45:54.195000 git.huoys.com/qp/gs/vendor/git.huoys.com/qp/common/http_message.(*httpHandler).ServeHTTP 135 Info: requestPath:/.
2019/05/22 16:45:54.196000 git.huoys.com/qp/gs/schedule.(*GroupMgr).Update 57 Info: Update groupId(1), serviceId(1), cnt(0).
2019/05/22 16:45:54.196000 git.huoys.com/qp/gs/schedule.(*Service).Update 53 Info: s.Update s.groupId(1), s.serviceId(1), s.cnt(0).
2019/05/22 16:45:54.198000 git.huoys.com/qp/gs/vendor/git.huoys.com/qp/common/http_message.(*httpHandler).ServeHTTP 135 Info: requestPath:/.
2019/05/22 16:45:54.198000 git.huoys.com/qp/gs/schedule.(*GroupMgr).Update 57 Info: Update groupId(1), serviceId(3), cnt(0).
2019/05/22 16:45:54.199000 git.huoys.com/qp/gs/schedule.(*Service).Update 53 Info: s.Update s.groupId(1), s.serviceId(3), s.cnt(0).
2019/05/22 16:45:54.247000 git.huoys.com/qp/gs/vendor/git.huoys.com/qp/common/http_message.(*httpHandler).ServeHTTP 135 Info: requestPath:/.
2019/05/22 16:45:54.247000 git.huoys.com/qp/gs/schedule.(*GroupMgr).Update 57 Info: Update groupId(1), serviceId(4), cnt(0).
2019/05/22 16:45:54.247000 git.huoys.com/qp/gs/schedule.(*Service).Update 53 Info: s.Update s.groupId(1), s.serviceId(4), s.cnt(0).
2019/05/22 16:45:59.128000 git.huoys.com/qp/gs/vendor/git.huoys.com/qp/common/http_message.(*httpHandler).ServeHTTP 135 Info: requestPath:/.
2019/05/22 16:45:59.128000 git.huoys.com/qp/gs/schedule.(*GroupMgr).Update 57 Info: Update groupId(1), serviceId(2), cnt(0).
2019/05/22 16:45:59.129000 git.huoys.com/qp/gs/schedule.(*Service).Update 53 Info: s.Update s.groupId(1), s.serviceId(2), s.cnt(0).
2019/05/22 16:45:59.199000 git.huoys.com/qp/gs/vendor/git.huoys.com/qp/common/http_message.(*httpHandler).ServeHTTP 135 Info: requestPath:/.
2019/05/22 16:45:59.200000 git.huoys.com/qp/gs/schedule.(*GroupMgr).Update 57 Info: Update groupId(1), serviceId(1), cnt(0).
2019/05/22 16:45:59.200000 git.huoys.com/qp/gs/schedule.(*Service).Update 53 Info: s.Update s.groupId(1), s.serviceId(1), s.cnt(0).
2019/05/22 16:45:59.204000 git.huoys.com/qp/gs/vendor/git.huoys.com/qp/common/http_message.(*httpHandler).ServeHTTP 135 Info: requestPath:/.
2019/05/22 16:45:59.205000 git.huoys.com/qp/gs/schedule.(*GroupMgr).Update 57 Info: Update groupId(1), serviceId(3), cnt(0).
2019/05/22 16:45:59.205000 git.huoys.com/qp/gs/schedule.(*Service).Update 53 Info: s.Update s.groupId(1), s.serviceId(3), s.cnt(0).
2019/05/22 16:45:59.244000 git.huoys.com/qp/gs/vendor/git.huoys.com/qp/common/http_message.(*httpHandler).ServeHTTP 135 Info: requestPath:/.
2019/05/22 16:45:59.245000 git.huoys.com/qp/gs/schedule.(*GroupMgr).Update 57 Info: Update groupId(1), serviceId(4), cnt(0).
2019/05/22 16:45:59.245000 git.huoys.com/qp/gs/schedule.(*Service).Update 53 Info: s.Update s.groupId(1), s.serviceId(4), s.cnt(0).
2019/05/22 16:46:04.123000 git.huoys.com/qp/gs/vendor/git.huoys.com/qp/common/http_message.(*httpHandler).ServeHTTP 135 Info: requestPath:/.
2019/05/22 16:46:04.124000 git.huoys.com/qp/gs/schedule.(*GroupMgr).Update 57 Info: Update groupId(1), serviceId(2), cnt(0).
2019/05/22 16:46:04.124000 git.huoys.com/qp/gs/schedule.(*Service).Update 53 Info: s.Update s.groupId(1), s.serviceId(2), s.cnt(0).
2019/05/22 16:46:04.197000 git.huoys.com/qp/gs/vendor/git.huoys.com/qp/common/http_message.(*httpHandler).ServeHTTP 135 Info: requestPath:/.
2019/05/22 16:46:04.197000 git.huoys.com/qp/gs/schedule.(*GroupMgr).Update 57 Info: Update groupId(1), serviceId(1), cnt(0).
2019/05/22 16:46:04.198000 git.huoys.com/qp/gs/schedule.(*Service).Update 53 Info: s.Update s.groupId(1), s.serviceId(1), s.cnt(0).
2019/05/22 16:46:04.206000 git.huoys.com/qp/gs/vendor/git.huoys.com/qp/common/http_message.(*httpHandler).ServeHTTP 135 Info: requestPath:/.
2019/05/22 16:46:04.207000 git.huoys.com/qp/gs/schedule.(*GroupMgr).Update 57 Info: Update groupId(1), serviceId(3), cnt(0).
2019/05/22 16:46:04.208000 git.huoys.com/qp/gs/schedule.(*Service).Update 53 Info: s.Update s.groupId(1), s.serviceId(3), s.cnt(0).
2019/05/22 16:46:04.245000 git.huoys.com/qp/gs/vendor/git.huoys.com/qp/common/http_message.(*httpHandler).ServeHTTP 135 Info: requestPath:/.
2019/05/22 16:46:04.245000 git.huoys.com/qp/gs/schedule.(*GroupMgr).Update 57 Info: Update groupId(1), serviceId(4), cnt(0).
2019/05/22 16:46:04.245000 git.huoys.com/qp/gs/schedule.(*Service).Update 53 Info: s.Update s.groupId(1), s.serviceId(4), s.cnt(0).
2019/05/22 16:46:09.125000 git.huoys.com/qp/gs/vendor/git.huoys.com/qp/common/http_message.(*httpHandler).ServeHTTP 135 Info: requestPath:/.
2019/05/22 16:46:09.125000 git.huoys.com/qp/gs/schedule.(*GroupMgr).Update 57 Info: Update groupId(1), serviceId(2), cnt(0).
2019/05/22 16:46:09.125000 git.huoys.com/qp/gs/schedule.(*Service).Update 53 Info: s.Update s.groupId(1), s.serviceId(2), s.cnt(0).
2019/05/22 16:46:09.200000 git.huoys.com/qp/gs/vendor/git.huoys.com/qp/common/http_message.(*httpHandler).ServeHTTP 135 Info: requestPath:/.
2019/05/22 16:46:09.203000 git.huoys.com/qp/gs/schedule.(*GroupMgr).Update 57 Info: Update groupId(1), serviceId(1), cnt(0).
2019/05/22 16:46:09.208000 git.huoys.com/qp/gs/schedule.(*Service).Update 53 Info: s.Update s.groupId(1), s.serviceId(1), s.cnt(0).
2019/05/22 16:46:09.212000 git.huoys.com/qp/gs/vendor/git.huoys.com/qp/common/http_message.(*httpHandler).ServeHTTP 135 Info: requestPath:/.
2019/05/22 16:46:09.213000 git.huoys.com/qp/gs/schedule.(*GroupMgr).Update 57 Info: Update groupId(1), serviceId(3), cnt(0).
2019/05/22 16:46:09.214000 git.huoys.com/qp/gs/schedule.(*Service).Update 53 Info: s.Update s.groupId(1), s.serviceId(3), s.cnt(0).
2019/05/22 16:46:09.255000 git.huoys.com/qp/gs/vendor/git.huoys.com/qp/common/http_message.(*httpHandler).ServeHTTP 135 Info: requestPath:/.
2019/05/22 16:46:09.256000 git.huoys.com/qp/gs/schedule.(*GroupMgr).Update 57 Info: Update groupId(1), serviceId(4), cnt(0).
2019/05/22 16:46:09.258000 git.huoys.com/qp/gs/schedule.(*Service).Update 53 Info: s.Update s.groupId(1), s.serviceId(4), s.cnt(0).
2019/05/22 16:46:14.132000 git.huoys.com/qp/gs/vendor/git.huoys.com/qp/common/http_message.(*httpHandler).ServeHTTP 135 Info: requestPath:/.
2019/05/22 16:46:14.133000 git.huoys.com/qp/gs/schedule.(*GroupMgr).Update 57 Info: Update groupId(1), serviceId(2), cnt(0).
2019/05/22 16:46:14.133000 git.huoys.com/qp/gs/schedule.(*Service).Update 53 Info: s.Update s.groupId(1), s.serviceId(2), s.cnt(0).
2019/05/22 16:46:14.196000 git.huoys.com/qp/gs/vendor/git.huoys.com/qp/common/http_message.(*httpHandler).ServeHTTP 135 Info: requestPath:/.
2019/05/22 16:46:14.196000 git.huoys.com/qp/gs/schedule.(*GroupMgr).Update 57 Info: Update groupId(1), serviceId(1), cnt(0).
2019/05/22 16:46:14.196000 git.huoys.com/qp/gs/schedule.(*Service).Update 53 Info: s.Update s.groupId(1), s.serviceId(1), s.cnt(0).
2019/05/22 16:46:14.208000 git.huoys.com/qp/gs/vendor/git.huoys.com/qp/common/http_message.(*httpHandler).ServeHTTP 135 Info: requestPath:/.
2019/05/22 16:46:14.209000 git.huoys.com/qp/gs/schedule.(*GroupMgr).Update 57 Info: Update groupId(1), serviceId(3), cnt(0).
2019/05/22 16:46:14.209000 git.huoys.com/qp/gs/schedule.(*Service).Update 53 Info: s.Update s.groupId(1), s.serviceId(3), s.cnt(0).
2019/05/22 16:46:14.251000 git.huoys.com/qp/gs/vendor/git.huoys.com/qp/common/http_message.(*httpHandler).ServeHTTP 135 Info: requestPath:/.
2019/05/22 16:46:14.251000 git.huoys.com/qp/gs/schedule.(*GroupMgr).Update 57 Info: Update groupId(1), serviceId(4), cnt(0).
2019/05/22 16:46:14.252000 git.huoys.com/qp/gs/schedule.(*Service).Update 53 Info: s.Update s.groupId(1), s.serviceId(4), s.cnt(0).
2019/05/22 16:46:19.128000 git.huoys.com/qp/gs/vendor/git.huoys.com/qp/common/http_message.(*httpHandler).ServeHTTP 135 Info: requestPath:/.
2019/05/22 16:46:19.129000 git.huoys.com/qp/gs/schedule.(*GroupMgr).Update 57 Info: Update groupId(1), serviceId(2), cnt(0).
2019/05/22 16:46:19.130000 git.huoys.com/qp/gs/schedule.(*Service).Update 53 Info: s.Update s.groupId(1), s.serviceId(2), s.cnt(0).
2019/05/22 16:46:19.200000 git.huoys.com/qp/gs/vendor/git.huoys.com/qp/common/http_message.(*httpHandler).ServeHTTP 135 Info: requestPath:/.
2019/05/22 16:46:19.200000 git.huoys.com/qp/gs/schedule.(*GroupMgr).Update 57 Info: Update groupId(1), serviceId(1), cnt(0).
2019/05/22 16:46:19.201000 git.huoys.com/qp/gs/schedule.(*Service).Update 53 Info: s.Update s.groupId(1), s.serviceId(1), s.cnt(0).
2019/05/22 16:46:19.212000 git.huoys.com/qp/gs/vendor/git.huoys.com/qp/common/http_message.(*httpHandler).ServeHTTP 135 Info: requestPath:/.
2019/05/22 16:46:19.213000 git.huoys.com/qp/gs/schedule.(*GroupMgr).Update 57 Info: Update groupId(1), serviceId(3), cnt(0).
2019/05/22 16:46:19.214000 git.huoys.com/qp/gs/schedule.(*Service).Update 53 Info: s.Update s.groupId(1), s.serviceId(3), s.cnt(0).
2019/05/22 16:46:19.251000 git.huoys.com/qp/gs/vendor/git.huoys.com/qp/common/http_message.(*httpHandler).ServeHTTP 135 Info: requestPath:/.
2019/05/22 16:46:19.251000 git.huoys.com/qp/gs/schedule.(*GroupMgr).Update 57 Info: Update groupId(1), serviceId(4), cnt(0).
2019/05/22 16:46:19.252000 git.huoys.com/qp/gs/schedule.(*Service).Update 53 Info: s.Update s.groupId(1), s.serviceId(4), s.cnt(0).
2019/05/22 16:46:24.134000 git.huoys.com/qp/gs/vendor/git.huoys.com/qp/common/http_message.(*httpHandler).ServeHTTP 135 Info: requestPath:/.
2019/05/22 16:46:24.135000 git.huoys.com/qp/gs/schedule.(*GroupMgr).Update 57 Info: Update groupId(1), serviceId(2), cnt(0).
2019/05/22 16:46:24.135000 git.huoys.com/qp/gs/schedule.(*Service).Update 53 Info: s.Update s.groupId(1), s.serviceId(2), s.cnt(0).
2019/05/22 16:46:24.204000 git.huoys.com/qp/gs/vendor/git.huoys.com/qp/common/http_message.(*httpHandler).ServeHTTP 135 Info: requestPath:/.
2019/05/22 16:46:24.205000 git.huoys.com/qp/gs/schedule.(*GroupMgr).Update 57 Info: Update groupId(1), serviceId(1), cnt(0).
2019/05/22 16:46:24.206000 git.huoys.com/qp/gs/schedule.(*Service).Update 53 Info: s.Update s.groupId(1), s.serviceId(1), s.cnt(0).
2019/05/22 16:46:24.232000 git.huoys.com/qp/gs/vendor/git.huoys.com/qp/common/http_message.(*httpHandler).ServeHTTP 135 Info: requestPath:/.
2019/05/22 16:46:24.233000 git.huoys.com/qp/gs/schedule.(*GroupMgr).Update 57 Info: Update groupId(1), serviceId(3), cnt(0).
2019/05/22 16:46:24.233000 git.huoys.com/qp/gs/schedule.(*Service).Update 53 Info: s.Update s.groupId(1), s.serviceId(3), s.cnt(0).
2019/05/22 16:46:24.255000 git.huoys.com/qp/gs/vendor/git.huoys.com/qp/common/http_message.(*httpHandler).ServeHTTP 135 Info: requestPath:/.
2019/05/22 16:46:24.256000 git.huoys.com/qp/gs/schedule.(*GroupMgr).Update 57 Info: Update groupId(1), serviceId(4), cnt(0).
2019/05/22 16:46:24.257000 git.huoys.com/qp/gs/schedule.(*Service).Update 53 Info: s.Update s.groupId(1), s.serviceId(4), s.cnt(0).
2019/05/22 16:46:29.126000 git.huoys.com/qp/gs/vendor/git.huoys.com/qp/common/http_message.(*httpHandler).ServeHTTP 135 Info: requestPath:/.
2019/05/22 16:46:29.127000 git.huoys.com/qp/gs/schedule.(*GroupMgr).Update 57 Info: Update groupId(1), serviceId(2), cnt(0).
2019/05/22 16:46:29.127000 git.huoys.com/qp/gs/schedule.(*Service).Update 53 Info: s.Update s.groupId(1), s.serviceId(2), s.cnt(0).
2019/05/22 16:46:29.201000 git.huoys.com/qp/gs/vendor/git.huoys.com/qp/common/http_message.(*httpHandler).ServeHTTP 135 Info: requestPath:/.
2019/05/22 16:46:29.202000 git.huoys.com/qp/gs/schedule.(*GroupMgr).Update 57 Info: Update groupId(1), serviceId(1), cnt(0).
2019/05/22 16:46:29.202000 git.huoys.com/qp/gs/schedule.(*Service).Update 53 Info: s.Update s.groupId(1), s.serviceId(1), s.cnt(0).
2019/05/22 16:46:29.242000 git.huoys.com/qp/gs/vendor/git.huoys.com/qp/common/http_message.(*httpHandler).ServeHTTP 135 Info: requestPath:/.
2019/05/22 16:46:29.242000 git.huoys.com/qp/gs/schedule.(*GroupMgr).Update 57 Info: Update groupId(1), serviceId(3), cnt(0).
2019/05/22 16:46:29.242000 git.huoys.com/qp/gs/schedule.(*Service).Update 53 Info: s.Update s.groupId(1), s.serviceId(3), s.cnt(0).
2019/05/22 16:46:29.252000 git.huoys.com/qp/gs/vendor/git.huoys.com/qp/common/http_message.(*httpHandler).ServeHTTP 135 Info: requestPath:/.
2019/05/22 16:46:29.252000 git.huoys.com/qp/gs/schedule.(*GroupMgr).Update 57 Info: Update groupId(1), serviceId(4), cnt(0).
2019/05/22 16:46:29.252000 git.huoys.com/qp/gs/schedule.(*Service).Update 53 Info: s.Update s.groupId(1), s.serviceId(4), s.cnt(0).
2019/05/22 16:46:34.128000 git.huoys.com/qp/gs/vendor/git.huoys.com/qp/common/http_message.(*httpHandler).ServeHTTP 135 Info: requestPath:/.
2019/05/22 16:46:34.128000 git.huoys.com/qp/gs/schedule.(*GroupMgr).Update 57 Info: Update groupId(1), serviceId(2), cnt(0).
2019/05/22 16:46:34.128000 git.huoys.com/qp/gs/schedule.(*Service).Update 53 Info: s.Update s.groupId(1), s.serviceId(2), s.cnt(0).
2019/05/22 16:46:34.201000 git.huoys.com/qp/gs/vendor/git.huoys.com/qp/common/http_message.(*httpHandler).ServeHTTP 135 Info: requestPath:/.
2019/05/22 16:46:34.202000 git.huoys.com/qp/gs/schedule.(*GroupMgr).Update 57 Info: Update groupId(1), serviceId(1), cnt(0).
2019/05/22 16:46:34.203000 git.huoys.com/qp/gs/schedule.(*Service).Update 53 Info: s.Update s.groupId(1), s.serviceId(1), s.cnt(0).
2019/05/22 16:46:34.227000 git.huoys.com/qp/gs/vendor/git.huoys.com/qp/common/http_message.(*httpHandler).ServeHTTP 135 Info: requestPath:/.
2019/05/22 16:46:34.227000 git.huoys.com/qp/gs/schedule.(*GroupMgr).Update 57 Info: Update groupId(1), serviceId(3), cnt(0).
2019/05/22 16:46:34.228000 git.huoys.com/qp/gs/schedule.(*Service).Update 53 Info: s.Update s.groupId(1), s.serviceId(3), s.cnt(0).
2019/05/22 16:46:34.255000 git.huoys.com/qp/gs/vendor/git.huoys.com/qp/common/http_message.(*httpHandler).ServeHTTP 135 Info: requestPath:/.
2019/05/22 16:46:34.255000 git.huoys.com/qp/gs/schedule.(*GroupMgr).Update 57 Info: Update groupId(1), serviceId(4), cnt(0).
2019/05/22 16:46:34.256000 git.huoys.com/qp/gs/schedule.(*Service).Update 53 Info: s.Update s.groupId(1), s.serviceId(4), s.cnt(0).
2019/05/22 16:46:39.128000 git.huoys.com/qp/gs/vendor/git.huoys.com/qp/common/http_message.(*httpHandler).ServeHTTP 135 Info: requestPath:/.
2019/05/22 16:46:39.128000 git.huoys.com/qp/gs/schedule.(*GroupMgr).Update 57 Info: Update groupId(1), serviceId(2), cnt(0).
2019/05/22 16:46:39.128000 git.huoys.com/qp/gs/schedule.(*Service).Update 53 Info: s.Update s.groupId(1), s.serviceId(2), s.cnt(0).
2019/05/22 16:46:39.196000 git.huoys.com/qp/gs/vendor/git.huoys.com/qp/common/http_message.(*httpHandler).ServeHTTP 135 Info: requestPath:/.
2019/05/22 16:46:39.196000 git.huoys.com/qp/gs/schedule.(*GroupMgr).Update 57 Info: Update groupId(1), serviceId(1), cnt(0).
2019/05/22 16:46:39.197000 git.huoys.com/qp/gs/schedule.(*Service).Update 53 Info: s.Update s.groupId(1), s.serviceId(1), s.cnt(0).
2019/05/22 16:46:39.228000 git.huoys.com/qp/gs/vendor/git.huoys.com/qp/common/http_message.(*httpHandler).ServeHTTP 135 Info: requestPath:/.
2019/05/22 16:46:39.228000 git.huoys.com/qp/gs/schedule.(*GroupMgr).Update 57 Info: Update groupId(1), serviceId(3), cnt(0).
2019/05/22 16:46:39.228000 git.huoys.com/qp/gs/schedule.(*Service).Update 53 Info: s.Update s.groupId(1), s.serviceId(3), s.cnt(0).
2019/05/22 16:46:39.257000 git.huoys.com/qp/gs/vendor/git.huoys.com/qp/common/http_message.(*httpHandler).ServeHTTP 135 Info: requestPath:/.
2019/05/22 16:46:39.257000 git.huoys.com/qp/gs/schedule.(*GroupMgr).Update 57 Info: Update groupId(1), serviceId(4), cnt(0).
2019/05/22 16:46:39.257000 git.huoys.com/qp/gs/schedule.(*Service).Update 53 Info: s.Update s.groupId(1), s.serviceId(4), s.cnt(0).
2019/05/22 16:46:44.127000 git.huoys.com/qp/gs/vendor/git.huoys.com/qp/common/http_message.(*httpHandler).ServeHTTP 135 Info: requestPath:/.
2019/05/22 16:46:44.130000 git.huoys.com/qp/gs/schedule.(*GroupMgr).Update 57 Info: Update groupId(1), serviceId(2), cnt(0).
2019/05/22 16:46:44.130000 git.huoys.com/qp/gs/schedule.(*Service).Update 53 Info: s.Update s.groupId(1), s.serviceId(2), s.cnt(0).
2019/05/22 16:46:44.202000 git.huoys.com/qp/gs/vendor/git.huoys.com/qp/common/http_message.(*httpHandler).ServeHTTP 135 Info: requestPath:/.
2019/05/22 16:46:44.203000 git.huoys.com/qp/gs/schedule.(*GroupMgr).Update 57 Info: Update groupId(1), serviceId(1), cnt(0).
2019/05/22 16:46:44.203000 git.huoys.com/qp/gs/schedule.(*Service).Update 53 Info: s.Update s.groupId(1), s.serviceId(1), s.cnt(0).
2019/05/22 16:46:44.231000 git.huoys.com/qp/gs/vendor/git.huoys.com/qp/common/http_message.(*httpHandler).ServeHTTP 135 Info: requestPath:/.
2019/05/22 16:46:44.231000 git.huoys.com/qp/gs/schedule.(*GroupMgr).Update 57 Info: Update groupId(1), serviceId(3), cnt(0).
2019/05/22 16:46:44.231000 git.huoys.com/qp/gs/schedule.(*Service).Update 53 Info: s.Update s.groupId(1), s.serviceId(3), s.cnt(0).
2019/05/22 16:46:44.257000 git.huoys.com/qp/gs/vendor/git.huoys.com/qp/common/http_message.(*httpHandler).ServeHTTP 135 Info: requestPath:/.
2019/05/22 16:46:44.257000 git.huoys.com/qp/gs/schedule.(*GroupMgr).Update 57 Info: Update groupId(1), serviceId(4), cnt(0).
2019/05/22 16:46:44.258000 git.huoys.com/qp/gs/schedule.(*Service).Update 53 Info: s.Update s.groupId(1), s.serviceId(4), s.cnt(0).
2019/05/22 16:46:49.129000 git.huoys.com/qp/gs/vendor/git.huoys.com/qp/common/http_message.(*httpHandler).ServeHTTP 135 Info: requestPath:/.
2019/05/22 16:46:49.129000 git.huoys.com/qp/gs/schedule.(*GroupMgr).Update 57 Info: Update groupId(1), serviceId(2), cnt(0).
2019/05/22 16:46:49.130000 git.huoys.com/qp/gs/schedule.(*Service).Update 53 Info: s.Update s.groupId(1), s.serviceId(2), s.cnt(0).
2019/05/22 16:46:49.204000 git.huoys.com/qp/gs/vendor/git.huoys.com/qp/common/http_message.(*httpHandler).ServeHTTP 135 Info: requestPath:/.
2019/05/22 16:46:49.205000 git.huoys.com/qp/gs/schedule.(*GroupMgr).Update 57 Info: Update groupId(1), serviceId(1), cnt(0).
2019/05/22 16:46:49.205000 git.huoys.com/qp/gs/schedule.(*Service).Update 53 Info: s.Update s.groupId(1), s.serviceId(1), s.cnt(0).
2019/05/22 16:46:49.235000 git.huoys.com/qp/gs/vendor/git.huoys.com/qp/common/http_message.(*httpHandler).ServeHTTP 135 Info: requestPath:/.
2019/05/22 16:46:49.236000 git.huoys.com/qp/gs/schedule.(*GroupMgr).Update 57 Info: Update groupId(1), serviceId(3), cnt(0).
2019/05/22 16:46:49.237000 git.huoys.com/qp/gs/schedule.(*Service).Update 53 Info: s.Update s.groupId(1), s.serviceId(3), s.cnt(0).
2019/05/22 16:46:49.257000 git.huoys.com/qp/gs/vendor/git.huoys.com/qp/common/http_message.(*httpHandler).ServeHTTP 135 Info: requestPath:/.
2019/05/22 16:46:49.258000 git.huoys.com/qp/gs/schedule.(*GroupMgr).Update 57 Info: Update groupId(1), serviceId(4), cnt(0).
2019/05/22 16:46:49.258000 git.huoys.com/qp/gs/schedule.(*Service).Update 53 Info: s.Update s.groupId(1), s.serviceId(4), s.cnt(0).
2019/05/22 16:46:54.133000 git.huoys.com/qp/gs/vendor/git.huoys.com/qp/common/http_message.(*httpHandler).ServeHTTP 135 Info: requestPath:/.
2019/05/22 16:46:54.133000 git.huoys.com/qp/gs/schedule.(*GroupMgr).Update 57 Info: Update groupId(1), serviceId(2), cnt(0).
2019/05/22 16:46:54.133000 git.huoys.com/qp/gs/schedule.(*Service).Update 53 Info: s.Update s.groupId(1), s.serviceId(2), s.cnt(0).
2019/05/22 16:46:54.202000 git.huoys.com/qp/gs/vendor/git.huoys.com/qp/common/http_message.(*httpHandler).ServeHTTP 135 Info: requestPath:/.
2019/05/22 16:46:54.202000 git.huoys.com/qp/gs/schedule.(*GroupMgr).Update 57 Info: Update groupId(1), serviceId(1), cnt(0).
2019/05/22 16:46:54.202000 git.huoys.com/qp/gs/schedule.(*Service).Update 53 Info: s.Update s.groupId(1), s.serviceId(1), s.cnt(0).
2019/05/22 16:46:54.235000 git.huoys.com/qp/gs/vendor/git.huoys.com/qp/common/http_message.(*httpHandler).ServeHTTP 135 Info: requestPath:/.
2019/05/22 16:46:54.238000 git.huoys.com/qp/gs/schedule.(*GroupMgr).Update 57 Info: Update groupId(1), serviceId(3), cnt(0).
2019/05/22 16:46:54.241000 git.huoys.com/qp/gs/schedule.(*Service).Update 53 Info: s.Update s.groupId(1), s.serviceId(3), s.cnt(0).
2019/05/22 16:46:54.254000 git.huoys.com/qp/gs/vendor/git.huoys.com/qp/common/http_message.(*httpHandler).ServeHTTP 135 Info: requestPath:/.
2019/05/22 16:46:54.255000 git.huoys.com/qp/gs/schedule.(*GroupMgr).Update 57 Info: Update groupId(1), serviceId(4), cnt(0).
2019/05/22 16:46:54.255000 git.huoys.com/qp/gs/schedule.(*Service).Update 53 Info: s.Update s.groupId(1), s.serviceId(4), s.cnt(0).
2019/05/22 16:46:59.139000 git.huoys.com/qp/gs/vendor/git.huoys.com/qp/common/http_message.(*httpHandler).ServeHTTP 135 Info: requestPath:/.
2019/05/22 16:46:59.140000 git.huoys.com/qp/gs/schedule.(*GroupMgr).Update 57 Info: Update groupId(1), serviceId(2), cnt(0).
2019/05/22 16:46:59.140000 git.huoys.com/qp/gs/schedule.(*Service).Update 53 Info: s.Update s.groupId(1), s.serviceId(2), s.cnt(0).
2019/05/22 16:46:59.200000 git.huoys.com/qp/gs/vendor/git.huoys.com/qp/common/http_message.(*httpHandler).ServeHTTP 135 Info: requestPath:/.
2019/05/22 16:46:59.200000 git.huoys.com/qp/gs/schedule.(*GroupMgr).Update 57 Info: Update groupId(1), serviceId(1), cnt(0).
2019/05/22 16:46:59.201000 git.huoys.com/qp/gs/schedule.(*Service).Update 53 Info: s.Update s.groupId(1), s.serviceId(1), s.cnt(0).
2019/05/22 16:46:59.228000 git.huoys.com/qp/gs/vendor/git.huoys.com/qp/common/http_message.(*httpHandler).ServeHTTP 135 Info: requestPath:/.
2019/05/22 16:46:59.229000 git.huoys.com/qp/gs/schedule.(*GroupMgr).Update 57 Info: Update groupId(1), serviceId(3), cnt(0).
2019/05/22 16:46:59.229000 git.huoys.com/qp/gs/schedule.(*Service).Update 53 Info: s.Update s.groupId(1), s.serviceId(3), s.cnt(0).
2019/05/22 16:46:59.252000 git.huoys.com/qp/gs/vendor/git.huoys.com/qp/common/http_message.(*httpHandler).ServeHTTP 135 Info: requestPath:/.
2019/05/22 16:46:59.252000 git.huoys.com/qp/gs/schedule.(*GroupMgr).Update 57 Info: Update groupId(1), serviceId(4), cnt(0).
2019/05/22 16:46:59.253000 git.huoys.com/qp/gs/schedule.(*Service).Update 53 Info: s.Update s.groupId(1), s.serviceId(4), s.cnt(0).
2019/05/22 16:47:04.132000 git.huoys.com/qp/gs/vendor/git.huoys.com/qp/common/http_message.(*httpHandler).ServeHTTP 135 Info: requestPath:/.
2019/05/22 16:47:04.132000 git.huoys.com/qp/gs/schedule.(*GroupMgr).Update 57 Info: Update groupId(1), serviceId(2), cnt(0).
2019/05/22 16:47:04.132000 git.huoys.com/qp/gs/schedule.(*Service).Update 53 Info: s.Update s.groupId(1), s.serviceId(2), s.cnt(0).
2019/05/22 16:47:04.199000 git.huoys.com/qp/gs/vendor/git.huoys.com/qp/common/http_message.(*httpHandler).ServeHTTP 135 Info: requestPath:/.
2019/05/22 16:47:04.199000 git.huoys.com/qp/gs/schedule.(*GroupMgr).Update 57 Info: Update groupId(1), serviceId(1), cnt(0).
2019/05/22 16:47:04.199000 git.huoys.com/qp/gs/schedule.(*Service).Update 53 Info: s.Update s.groupId(1), s.serviceId(1), s.cnt(0).
2019/05/22 16:47:04.235000 git.huoys.com/qp/gs/vendor/git.huoys.com/qp/common/http_message.(*httpHandler).ServeHTTP 135 Info: requestPath:/.
2019/05/22 16:47:04.237000 git.huoys.com/qp/gs/schedule.(*GroupMgr).Update 57 Info: Update groupId(1), serviceId(3), cnt(0).
2019/05/22 16:47:04.238000 git.huoys.com/qp/gs/schedule.(*Service).Update 53 Info: s.Update s.groupId(1), s.serviceId(3), s.cnt(0).
2019/05/22 16:47:04.250000 git.huoys.com/qp/gs/vendor/git.huoys.com/qp/common/http_message.(*httpHandler).ServeHTTP 135 Info: requestPath:/.
2019/05/22 16:47:04.253000 git.huoys.com/qp/gs/schedule.(*GroupMgr).Update 57 Info: Update groupId(1), serviceId(4), cnt(0).
2019/05/22 16:47:04.254000 git.huoys.com/qp/gs/schedule.(*Service).Update 53 Info: s.Update s.groupId(1), s.serviceId(4), s.cnt(0).
2019/05/22 16:47:09.129000 git.huoys.com/qp/gs/vendor/git.huoys.com/qp/common/http_message.(*httpHandler).ServeHTTP 135 Info: requestPath:/.
2019/05/22 16:47:09.130000 git.huoys.com/qp/gs/schedule.(*GroupMgr).Update 57 Info: Update groupId(1), serviceId(2), cnt(0).
2019/05/22 16:47:09.131000 git.huoys.com/qp/gs/schedule.(*Service).Update 53 Info: s.Update s.groupId(1), s.serviceId(2), s.cnt(0).
2019/05/22 16:47:09.199000 git.huoys.com/qp/gs/vendor/git.huoys.com/qp/common/http_message.(*httpHandler).ServeHTTP 135 Info: requestPath:/.
2019/05/22 16:47:09.199000 git.huoys.com/qp/gs/schedule.(*GroupMgr).Update 57 Info: Update groupId(1), serviceId(1), cnt(0).
2019/05/22 16:47:09.199000 git.huoys.com/qp/gs/schedule.(*Service).Update 53 Info: s.Update s.groupId(1), s.serviceId(1), s.cnt(0).
2019/05/22 16:47:09.228000 git.huoys.com/qp/gs/vendor/git.huoys.com/qp/common/http_message.(*httpHandler).ServeHTTP 135 Info: requestPath:/.
2019/05/22 16:47:09.228000 git.huoys.com/qp/gs/schedule.(*GroupMgr).Update 57 Info: Update groupId(1), serviceId(3), cnt(0).
2019/05/22 16:47:09.228000 git.huoys.com/qp/gs/schedule.(*Service).Update 53 Info: s.Update s.groupId(1), s.serviceId(3), s.cnt(0).
2019/05/22 16:47:09.250000 git.huoys.com/qp/gs/vendor/git.huoys.com/qp/common/http_message.(*httpHandler).ServeHTTP 135 Info: requestPath:/.
2019/05/22 16:47:09.250000 git.huoys.com/qp/gs/schedule.(*GroupMgr).Update 57 Info: Update groupId(1), serviceId(4), cnt(0).
2019/05/22 16:47:09.250000 git.huoys.com/qp/gs/schedule.(*Service).Update 53 Info: s.Update s.groupId(1), s.serviceId(4), s.cnt(0).
2019/05/22 16:47:14.138000 git.huoys.com/qp/gs/vendor/git.huoys.com/qp/common/http_message.(*httpHandler).ServeHTTP 135 Info: requestPath:/.
2019/05/22 16:47:14.139000 git.huoys.com/qp/gs/schedule.(*GroupMgr).Update 57 Info: Update groupId(1), serviceId(2), cnt(0).
2019/05/22 16:47:14.140000 git.huoys.com/qp/gs/schedule.(*Service).Update 53 Info: s.Update s.groupId(1), s.serviceId(2), s.cnt(0).
2019/05/22 16:47:14.200000 git.huoys.com/qp/gs/vendor/git.huoys.com/qp/common/http_message.(*httpHandler).ServeHTTP 135 Info: requestPath:/.
2019/05/22 16:47:14.200000 git.huoys.com/qp/gs/schedule.(*GroupMgr).Update 57 Info: Update groupId(1), serviceId(1), cnt(0).
2019/05/22 16:47:14.200000 git.huoys.com/qp/gs/schedule.(*Service).Update 53 Info: s.Update s.groupId(1), s.serviceId(1), s.cnt(0).
2019/05/22 16:47:14.237000 git.huoys.com/qp/gs/vendor/git.huoys.com/qp/common/http_message.(*httpHandler).ServeHTTP 135 Info: requestPath:/.
2019/05/22 16:47:14.238000 git.huoys.com/qp/gs/schedule.(*GroupMgr).Update 57 Info: Update groupId(1), serviceId(3), cnt(0).
2019/05/22 16:47:14.239000 git.huoys.com/qp/gs/schedule.(*Service).Update 53 Info: s.Update s.groupId(1), s.serviceId(3), s.cnt(0).
2019/05/22 16:47:14.250000 git.huoys.com/qp/gs/vendor/git.huoys.com/qp/common/http_message.(*httpHandler).ServeHTTP 135 Info: requestPath:/.
2019/05/22 16:47:14.251000 git.huoys.com/qp/gs/schedule.(*GroupMgr).Update 57 Info: Update groupId(1), serviceId(4), cnt(0).
2019/05/22 16:47:14.252000 git.huoys.com/qp/gs/schedule.(*Service).Update 53 Info: s.Update s.groupId(1), s.serviceId(4), s.cnt(0).
2019/05/22 16:47:19.125000 git.huoys.com/qp/gs/vendor/git.huoys.com/qp/common/http_message.(*httpHandler).ServeHTTP 135 Info: requestPath:/.
2019/05/22 16:47:19.126000 git.huoys.com/qp/gs/schedule.(*GroupMgr).Update 57 Info: Update groupId(1), serviceId(2), cnt(0).
2019/05/22 16:47:19.126000 git.huoys.com/qp/gs/schedule.(*Service).Update 53 Info: s.Update s.groupId(1), s.serviceId(2), s.cnt(0).
2019/05/22 16:47:19.188000 git.huoys.com/qp/gs/vendor/git.huoys.com/qp/common/http_message.(*httpHandler).ServeHTTP 135 Info: requestPath:/.
2019/05/22 16:47:19.188000 git.huoys.com/qp/gs/schedule.(*GroupMgr).Update 57 Info: Update groupId(1), serviceId(1), cnt(0).
2019/05/22 16:47:19.188000 git.huoys.com/qp/gs/schedule.(*Service).Update 53 Info: s.Update s.groupId(1), s.serviceId(1), s.cnt(0).
2019/05/22 16:47:19.230000 git.huoys.com/qp/gs/vendor/git.huoys.com/qp/common/http_message.(*httpHandler).ServeHTTP 135 Info: requestPath:/.
2019/05/22 16:47:19.230000 git.huoys.com/qp/gs/schedule.(*GroupMgr).Update 57 Info: Update groupId(1), serviceId(3), cnt(0).
2019/05/22 16:47:19.230000 git.huoys.com/qp/gs/schedule.(*Service).Update 53 Info: s.Update s.groupId(1), s.serviceId(3), s.cnt(0).
2019/05/22 16:47:19.255000 git.huoys.com/qp/gs/vendor/git.huoys.com/qp/common/http_message.(*httpHandler).ServeHTTP 135 Info: requestPath:/.
2019/05/22 16:47:19.256000 git.huoys.com/qp/gs/schedule.(*GroupMgr).Update 57 Info: Update groupId(1), serviceId(4), cnt(0).
2019/05/22 16:47:19.256000 git.huoys.com/qp/gs/schedule.(*Service).Update 53 Info: s.Update s.groupId(1), s.serviceId(4), s.cnt(0).
2019/05/22 16:47:24.127000 git.huoys.com/qp/gs/vendor/git.huoys.com/qp/common/http_message.(*httpHandler).ServeHTTP 135 Info: requestPath:/.
2019/05/22 16:47:24.128000 git.huoys.com/qp/gs/schedule.(*GroupMgr).Update 57 Info: Update groupId(1), serviceId(2), cnt(0).
2019/05/22 16:47:24.128000 git.huoys.com/qp/gs/schedule.(*Service).Update 53 Info: s.Update s.groupId(1), s.serviceId(2), s.cnt(0).
2019/05/22 16:47:24.200000 git.huoys.com/qp/gs/vendor/git.huoys.com/qp/common/http_message.(*httpHandler).ServeHTTP 135 Info: requestPath:/.
2019/05/22 16:47:24.200000 git.huoys.com/qp/gs/schedule.(*GroupMgr).Update 57 Info: Update groupId(1), serviceId(1), cnt(0).
2019/05/22 16:47:24.200000 git.huoys.com/qp/gs/schedule.(*Service).Update 53 Info: s.Update s.groupId(1), s.serviceId(1), s.cnt(0).
2019/05/22 16:47:24.230000 git.huoys.com/qp/gs/vendor/git.huoys.com/qp/common/http_message.(*httpHandler).ServeHTTP 135 Info: requestPath:/.
2019/05/22 16:47:24.230000 git.huoys.com/qp/gs/schedule.(*GroupMgr).Update 57 Info: Update groupId(1), serviceId(3), cnt(0).
2019/05/22 16:47:24.230000 git.huoys.com/qp/gs/schedule.(*Service).Update 53 Info: s.Update s.groupId(1), s.serviceId(3), s.cnt(0).
2019/05/22 16:47:24.250000 git.huoys.com/qp/gs/vendor/git.huoys.com/qp/common/http_message.(*httpHandler).ServeHTTP 135 Info: requestPath:/.
2019/05/22 16:47:24.250000 git.huoys.com/qp/gs/schedule.(*GroupMgr).Update 57 Info: Update groupId(1), serviceId(4), cnt(0).
2019/05/22 16:47:24.251000 git.huoys.com/qp/gs/schedule.(*Service).Update 53 Info: s.Update s.groupId(1), s.serviceId(4), s.cnt(0).
2019/05/22 16:47:29.136000 git.huoys.com/qp/gs/vendor/git.huoys.com/qp/common/http_message.(*httpHandler).ServeHTTP 135 Info: requestPath:/.
2019/05/22 16:47:29.136000 git.huoys.com/qp/gs/schedule.(*GroupMgr).Update 57 Info: Update groupId(1), serviceId(2), cnt(0).
2019/05/22 16:47:29.137000 git.huoys.com/qp/gs/schedule.(*Service).Update 53 Info: s.Update s.groupId(1), s.serviceId(2), s.cnt(0).
2019/05/22 16:47:29.204000 git.huoys.com/qp/gs/vendor/git.huoys.com/qp/common/http_message.(*httpHandler).ServeHTTP 135 Info: requestPath:/.
2019/05/22 16:47:29.204000 git.huoys.com/qp/gs/schedule.(*GroupMgr).Update 57 Info: Update groupId(1), serviceId(1), cnt(0).
2019/05/22 16:47:29.205000 git.huoys.com/qp/gs/schedule.(*Service).Update 53 Info: s.Update s.groupId(1), s.serviceId(1), s.cnt(0).
2019/05/22 16:47:29.238000 git.huoys.com/qp/gs/vendor/git.huoys.com/qp/common/http_message.(*httpHandler).ServeHTTP 135 Info: requestPath:/.
2019/05/22 16:47:29.238000 git.huoys.com/qp/gs/schedule.(*GroupMgr).Update 57 Info: Update groupId(1), serviceId(3), cnt(0).
2019/05/22 16:47:29.239000 git.huoys.com/qp/gs/schedule.(*Service).Update 53 Info: s.Update s.groupId(1), s.serviceId(3), s.cnt(0).
2019/05/22 16:47:29.259000 git.huoys.com/qp/gs/vendor/git.huoys.com/qp/common/http_message.(*httpHandler).ServeHTTP 135 Info: requestPath:/.
2019/05/22 16:47:29.260000 git.huoys.com/qp/gs/schedule.(*GroupMgr).Update 57 Info: Update groupId(1), serviceId(4), cnt(0).
2019/05/22 16:47:29.261000 git.huoys.com/qp/gs/schedule.(*Service).Update 53 Info: s.Update s.groupId(1), s.serviceId(4), s.cnt(0).
2019/05/22 16:47:34.126000 git.huoys.com/qp/gs/vendor/git.huoys.com/qp/common/http_message.(*httpHandler).ServeHTTP 135 Info: requestPath:/.
2019/05/22 16:47:34.127000 git.huoys.com/qp/gs/schedule.(*GroupMgr).Update 57 Info: Update groupId(1), serviceId(2), cnt(0).
2019/05/22 16:47:34.127000 git.huoys.com/qp/gs/schedule.(*Service).Update 53 Info: s.Update s.groupId(1), s.serviceId(2), s.cnt(0).
2019/05/22 16:47:34.198000 git.huoys.com/qp/gs/vendor/git.huoys.com/qp/common/http_message.(*httpHandler).ServeHTTP 135 Info: requestPath:/.
2019/05/22 16:47:34.199000 git.huoys.com/qp/gs/schedule.(*GroupMgr).Update 57 Info: Update groupId(1), serviceId(1), cnt(0).
2019/05/22 16:47:34.200000 git.huoys.com/qp/gs/schedule.(*Service).Update 53 Info: s.Update s.groupId(1), s.serviceId(1), s.cnt(0).
2019/05/22 16:47:34.237000 git.huoys.com/qp/gs/vendor/git.huoys.com/qp/common/http_message.(*httpHandler).ServeHTTP 135 Info: requestPath:/.
2019/05/22 16:47:34.238000 git.huoys.com/qp/gs/schedule.(*GroupMgr).Update 57 Info: Update groupId(1), serviceId(3), cnt(0).
2019/05/22 16:47:34.238000 git.huoys.com/qp/gs/schedule.(*Service).Update 53 Info: s.Update s.groupId(1), s.serviceId(3), s.cnt(0).
2019/05/22 16:47:34.257000 git.huoys.com/qp/gs/vendor/git.huoys.com/qp/common/http_message.(*httpHandler).ServeHTTP 135 Info: requestPath:/.
2019/05/22 16:47:34.257000 git.huoys.com/qp/gs/schedule.(*GroupMgr).Update 57 Info: Update groupId(1), serviceId(4), cnt(0).
2019/05/22 16:47:34.257000 git.huoys.com/qp/gs/schedule.(*Service).Update 53 Info: s.Update s.groupId(1), s.serviceId(4), s.cnt(0).
2019/05/22 16:47:39.123000 git.huoys.com/qp/gs/vendor/git.huoys.com/qp/common/http_message.(*httpHandler).ServeHTTP 135 Info: requestPath:/.
2019/05/22 16:47:39.123000 git.huoys.com/qp/gs/schedule.(*GroupMgr).Update 57 Info: Update groupId(1), serviceId(2), cnt(0).
2019/05/22 16:47:39.124000 git.huoys.com/qp/gs/schedule.(*Service).Update 53 Info: s.Update s.groupId(1), s.serviceId(2), s.cnt(0).
2019/05/22 16:47:39.208000 git.huoys.com/qp/gs/vendor/git.huoys.com/qp/common/http_message.(*httpHandler).ServeHTTP 135 Info: requestPath:/.
2019/05/22 16:47:39.209000 git.huoys.com/qp/gs/schedule.(*GroupMgr).Update 57 Info: Update groupId(1), serviceId(1), cnt(0).
2019/05/22 16:47:39.209000 git.huoys.com/qp/gs/schedule.(*Service).Update 53 Info: s.Update s.groupId(1), s.serviceId(1), s.cnt(0).
2019/05/22 16:47:39.238000 git.huoys.com/qp/gs/vendor/git.huoys.com/qp/common/http_message.(*httpHandler).ServeHTTP 135 Info: requestPath:/.
2019/05/22 16:47:39.239000 git.huoys.com/qp/gs/schedule.(*GroupMgr).Update 57 Info: Update groupId(1), serviceId(3), cnt(0).
2019/05/22 16:47:39.239000 git.huoys.com/qp/gs/schedule.(*Service).Update 53 Info: s.Update s.groupId(1), s.serviceId(3), s.cnt(0).
2019/05/22 16:47:39.260000 git.huoys.com/qp/gs/vendor/git.huoys.com/qp/common/http_message.(*httpHandler).ServeHTTP 135 Info: requestPath:/.
2019/05/22 16:47:39.261000 git.huoys.com/qp/gs/schedule.(*GroupMgr).Update 57 Info: Update groupId(1), serviceId(4), cnt(0).
2019/05/22 16:47:39.261000 git.huoys.com/qp/gs/schedule.(*Service).Update 53 Info: s.Update s.groupId(1), s.serviceId(4), s.cnt(0).
2019/05/22 16:47:44.137000 git.huoys.com/qp/gs/vendor/git.huoys.com/qp/common/http_message.(*httpHandler).ServeHTTP 135 Info: requestPath:/.
2019/05/22 16:47:44.137000 git.huoys.com/qp/gs/schedule.(*GroupMgr).Update 57 Info: Update groupId(1), serviceId(2), cnt(0).
2019/05/22 16:47:44.138000 git.huoys.com/qp/gs/schedule.(*Service).Update 53 Info: s.Update s.groupId(1), s.serviceId(2), s.cnt(0).
2019/05/22 16:47:44.198000 git.huoys.com/qp/gs/vendor/git.huoys.com/qp/common/http_message.(*httpHandler).ServeHTTP 135 Info: requestPath:/.
2019/05/22 16:47:44.199000 git.huoys.com/qp/gs/schedule.(*GroupMgr).Update 57 Info: Update groupId(1), serviceId(1), cnt(0).
2019/05/22 16:47:44.199000 git.huoys.com/qp/gs/schedule.(*Service).Update 53 Info: s.Update s.groupId(1), s.serviceId(1), s.cnt(0).
2019/05/22 16:47:44.224000 git.huoys.com/qp/gs/vendor/git.huoys.com/qp/common/http_message.(*httpHandler).ServeHTTP 135 Info: requestPath:/.
2019/05/22 16:47:44.225000 git.huoys.com/qp/gs/schedule.(*GroupMgr).Update 57 Info: Update groupId(1), serviceId(3), cnt(0).
2019/05/22 16:47:44.225000 git.huoys.com/qp/gs/schedule.(*Service).Update 53 Info: s.Update s.groupId(1), s.serviceId(3), s.cnt(0).
2019/05/22 16:47:44.259000 git.huoys.com/qp/gs/vendor/git.huoys.com/qp/common/http_message.(*httpHandler).ServeHTTP 135 Info: requestPath:/.
2019/05/22 16:47:44.260000 git.huoys.com/qp/gs/schedule.(*GroupMgr).Update 57 Info: Update groupId(1), serviceId(4), cnt(0).
2019/05/22 16:47:44.260000 git.huoys.com/qp/gs/schedule.(*Service).Update 53 Info: s.Update s.groupId(1), s.serviceId(4), s.cnt(0).
2019/05/22 16:47:49.122000 git.huoys.com/qp/gs/vendor/git.huoys.com/qp/common/http_message.(*httpHandler).ServeHTTP 135 Info: requestPath:/.
2019/05/22 16:47:49.122000 git.huoys.com/qp/gs/schedule.(*GroupMgr).Update 57 Info: Update groupId(1), serviceId(2), cnt(0).
2019/05/22 16:47:49.122000 git.huoys.com/qp/gs/schedule.(*Service).Update 53 Info: s.Update s.groupId(1), s.serviceId(2), s.cnt(0).
2019/05/22 16:47:49.196000 git.huoys.com/qp/gs/vendor/git.huoys.com/qp/common/http_message.(*httpHandler).ServeHTTP 135 Info: requestPath:/.
2019/05/22 16:47:49.196000 git.huoys.com/qp/gs/schedule.(*GroupMgr).Update 57 Info: Update groupId(1), serviceId(1), cnt(0).
2019/05/22 16:47:49.197000 git.huoys.com/qp/gs/schedule.(*Service).Update 53 Info: s.Update s.groupId(1), s.serviceId(1), s.cnt(0).
2019/05/22 16:47:49.235000 git.huoys.com/qp/gs/vendor/git.huoys.com/qp/common/http_message.(*httpHandler).ServeHTTP 135 Info: requestPath:/.
2019/05/22 16:47:49.235000 git.huoys.com/qp/gs/schedule.(*GroupMgr).Update 57 Info: Update groupId(1), serviceId(3), cnt(0).
2019/05/22 16:47:49.235000 git.huoys.com/qp/gs/schedule.(*Service).Update 53 Info: s.Update s.groupId(1), s.serviceId(3), s.cnt(0).
2019/05/22 16:47:49.255000 git.huoys.com/qp/gs/vendor/git.huoys.com/qp/common/http_message.(*httpHandler).ServeHTTP 135 Info: requestPath:/.
2019/05/22 16:47:49.256000 git.huoys.com/qp/gs/schedule.(*GroupMgr).Update 57 Info: Update groupId(1), serviceId(4), cnt(0).
2019/05/22 16:47:49.256000 git.huoys.com/qp/gs/schedule.(*Service).Update 53 Info: s.Update s.groupId(1), s.serviceId(4), s.cnt(0).
2019/05/22 16:47:54.130000 git.huoys.com/qp/gs/vendor/git.huoys.com/qp/common/http_message.(*httpHandler).ServeHTTP 135 Info: requestPath:/.
2019/05/22 16:47:54.130000 git.huoys.com/qp/gs/schedule.(*GroupMgr).Update 57 Info: Update groupId(1), serviceId(2), cnt(0).
2019/05/22 16:47:54.130000 git.huoys.com/qp/gs/schedule.(*Service).Update 53 Info: s.Update s.groupId(1), s.serviceId(2), s.cnt(0).
2019/05/22 16:47:54.199000 git.huoys.com/qp/gs/vendor/git.huoys.com/qp/common/http_message.(*httpHandler).ServeHTTP 135 Info: requestPath:/.
2019/05/22 16:47:54.200000 git.huoys.com/qp/gs/schedule.(*GroupMgr).Update 57 Info: Update groupId(1), serviceId(1), cnt(0).
2019/05/22 16:47:54.200000 git.huoys.com/qp/gs/schedule.(*Service).Update 53 Info: s.Update s.groupId(1), s.serviceId(1), s.cnt(0).
2019/05/22 16:47:54.230000 git.huoys.com/qp/gs/vendor/git.huoys.com/qp/common/http_message.(*httpHandler).ServeHTTP 135 Info: requestPath:/.
2019/05/22 16:47:54.231000 git.huoys.com/qp/gs/schedule.(*GroupMgr).Update 57 Info: Update groupId(1), serviceId(3), cnt(0).
2019/05/22 16:47:54.231000 git.huoys.com/qp/gs/schedule.(*Service).Update 53 Info: s.Update s.groupId(1), s.serviceId(3), s.cnt(0).
2019/05/22 16:47:54.242000 git.huoys.com/qp/gs/vendor/git.huoys.com/qp/common/http_message.(*httpHandler).ServeHTTP 135 Info: requestPath:/.
2019/05/22 16:47:54.243000 git.huoys.com/qp/gs/schedule.(*GroupMgr).Update 57 Info: Update groupId(1), serviceId(4), cnt(0).
2019/05/22 16:47:54.243000 git.huoys.com/qp/gs/schedule.(*Service).Update 53 Info: s.Update s.groupId(1), s.serviceId(4), s.cnt(0).
2019/05/22 16:47:59.127000 git.huoys.com/qp/gs/vendor/git.huoys.com/qp/common/http_message.(*httpHandler).ServeHTTP 135 Info: requestPath:/.
2019/05/22 16:47:59.128000 git.huoys.com/qp/gs/schedule.(*GroupMgr).Update 57 Info: Update groupId(1), serviceId(2), cnt(0).
2019/05/22 16:47:59.128000 git.huoys.com/qp/gs/schedule.(*Service).Update 53 Info: s.Update s.groupId(1), s.serviceId(2), s.cnt(0).
2019/05/22 16:47:59.200000 git.huoys.com/qp/gs/vendor/git.huoys.com/qp/common/http_message.(*httpHandler).ServeHTTP 135 Info: requestPath:/.
2019/05/22 16:47:59.201000 git.huoys.com/qp/gs/schedule.(*GroupMgr).Update 57 Info: Update groupId(1), serviceId(1), cnt(0).
2019/05/22 16:47:59.201000 git.huoys.com/qp/gs/schedule.(*Service).Update 53 Info: s.Update s.groupId(1), s.serviceId(1), s.cnt(0).
2019/05/22 16:47:59.232000 git.huoys.com/qp/gs/vendor/git.huoys.com/qp/common/http_message.(*httpHandler).ServeHTTP 135 Info: requestPath:/.
2019/05/22 16:47:59.233000 git.huoys.com/qp/gs/schedule.(*GroupMgr).Update 57 Info: Update groupId(1), serviceId(3), cnt(0).
2019/05/22 16:47:59.233000 git.huoys.com/qp/gs/schedule.(*Service).Update 53 Info: s.Update s.groupId(1), s.serviceId(3), s.cnt(0).
2019/05/22 16:47:59.260000 git.huoys.com/qp/gs/vendor/git.huoys.com/qp/common/http_message.(*httpHandler).ServeHTTP 135 Info: requestPath:/.
2019/05/22 16:47:59.261000 git.huoys.com/qp/gs/schedule.(*GroupMgr).Update 57 Info: Update groupId(1), serviceId(4), cnt(0).
2019/05/22 16:47:59.261000 git.huoys.com/qp/gs/schedule.(*Service).Update 53 Info: s.Update s.groupId(1), s.serviceId(4), s.cnt(0).
2019/05/22 16:48:04.127000 git.huoys.com/qp/gs/vendor/git.huoys.com/qp/common/http_message.(*httpHandler).ServeHTTP 135 Info: requestPath:/.
2019/05/22 16:48:04.127000 git.huoys.com/qp/gs/schedule.(*GroupMgr).Update 57 Info: Update groupId(1), serviceId(2), cnt(0).
2019/05/22 16:48:04.127000 git.huoys.com/qp/gs/schedule.(*Service).Update 53 Info: s.Update s.groupId(1), s.serviceId(2), s.cnt(0).
2019/05/22 16:48:04.199000 git.huoys.com/qp/gs/vendor/git.huoys.com/qp/common/http_message.(*httpHandler).ServeHTTP 135 Info: requestPath:/.
2019/05/22 16:48:04.200000 git.huoys.com/qp/gs/schedule.(*GroupMgr).Update 57 Info: Update groupId(1), serviceId(1), cnt(0).
2019/05/22 16:48:04.200000 git.huoys.com/qp/gs/schedule.(*Service).Update 53 Info: s.Update s.groupId(1), s.serviceId(1), s.cnt(0).
2019/05/22 16:48:04.226000 git.huoys.com/qp/gs/vendor/git.huoys.com/qp/common/http_message.(*httpHandler).ServeHTTP 135 Info: requestPath:/.
2019/05/22 16:48:04.226000 git.huoys.com/qp/gs/schedule.(*GroupMgr).Update 57 Info: Update groupId(1), serviceId(3), cnt(0).
2019/05/22 16:48:04.226000 git.huoys.com/qp/gs/schedule.(*Service).Update 53 Info: s.Update s.groupId(1), s.serviceId(3), s.cnt(0).
2019/05/22 16:48:04.249000 git.huoys.com/qp/gs/vendor/git.huoys.com/qp/common/http_message.(*httpHandler).ServeHTTP 135 Info: requestPath:/.
2019/05/22 16:48:04.250000 git.huoys.com/qp/gs/schedule.(*GroupMgr).Update 57 Info: Update groupId(1), serviceId(4), cnt(0).
2019/05/22 16:48:04.250000 git.huoys.com/qp/gs/schedule.(*Service).Update 53 Info: s.Update s.groupId(1), s.serviceId(4), s.cnt(0).
2019/05/22 16:48:09.126000 git.huoys.com/qp/gs/vendor/git.huoys.com/qp/common/http_message.(*httpHandler).ServeHTTP 135 Info: requestPath:/.
2019/05/22 16:48:09.127000 git.huoys.com/qp/gs/schedule.(*GroupMgr).Update 57 Info: Update groupId(1), serviceId(2), cnt(0).
2019/05/22 16:48:09.127000 git.huoys.com/qp/gs/schedule.(*Service).Update 53 Info: s.Update s.groupId(1), s.serviceId(2), s.cnt(0).
2019/05/22 16:48:09.198000 git.huoys.com/qp/gs/vendor/git.huoys.com/qp/common/http_message.(*httpHandler).ServeHTTP 135 Info: requestPath:/.
2019/05/22 16:48:09.199000 git.huoys.com/qp/gs/schedule.(*GroupMgr).Update 57 Info: Update groupId(1), serviceId(1), cnt(0).
2019/05/22 16:48:09.199000 git.huoys.com/qp/gs/schedule.(*Service).Update 53 Info: s.Update s.groupId(1), s.serviceId(1), s.cnt(0).
2019/05/22 16:48:09.228000 git.huoys.com/qp/gs/vendor/git.huoys.com/qp/common/http_message.(*httpHandler).ServeHTTP 135 Info: requestPath:/.
2019/05/22 16:48:09.228000 git.huoys.com/qp/gs/schedule.(*GroupMgr).Update 57 Info: Update groupId(1), serviceId(3), cnt(0).
2019/05/22 16:48:09.228000 git.huoys.com/qp/gs/schedule.(*Service).Update 53 Info: s.Update s.groupId(1), s.serviceId(3), s.cnt(0).
2019/05/22 16:48:09.259000 git.huoys.com/qp/gs/vendor/git.huoys.com/qp/common/http_message.(*httpHandler).ServeHTTP 135 Info: requestPath:/.
2019/05/22 16:48:09.259000 git.huoys.com/qp/gs/schedule.(*GroupMgr).Update 57 Info: Update groupId(1), serviceId(4), cnt(0).
2019/05/22 16:48:09.260000 git.huoys.com/qp/gs/schedule.(*Service).Update 53 Info: s.Update s.groupId(1), s.serviceId(4), s.cnt(0).
2019/05/22 16:48:14.131000 git.huoys.com/qp/gs/vendor/git.huoys.com/qp/common/http_message.(*httpHandler).ServeHTTP 135 Info: requestPath:/.
2019/05/22 16:48:14.132000 git.huoys.com/qp/gs/schedule.(*GroupMgr).Update 57 Info: Update groupId(1), serviceId(2), cnt(0).
2019/05/22 16:48:14.132000 git.huoys.com/qp/gs/schedule.(*Service).Update 53 Info: s.Update s.groupId(1), s.serviceId(2), s.cnt(0).
2019/05/22 16:48:14.197000 git.huoys.com/qp/gs/vendor/git.huoys.com/qp/common/http_message.(*httpHandler).ServeHTTP 135 Info: requestPath:/.
2019/05/22 16:48:14.220000 git.huoys.com/qp/gs/schedule.(*GroupMgr).Update 57 Info: Update groupId(1), serviceId(1), cnt(0).
2019/05/22 16:48:14.221000 git.huoys.com/qp/gs/schedule.(*Service).Update 53 Info: s.Update s.groupId(1), s.serviceId(1), s.cnt(0).
2019/05/22 16:48:14.227000 git.huoys.com/qp/gs/vendor/git.huoys.com/qp/common/http_message.(*httpHandler).ServeHTTP 135 Info: requestPath:/.
2019/05/22 16:48:14.227000 git.huoys.com/qp/gs/schedule.(*GroupMgr).Update 57 Info: Update groupId(1), serviceId(3), cnt(0).
2019/05/22 16:48:14.227000 git.huoys.com/qp/gs/schedule.(*Service).Update 53 Info: s.Update s.groupId(1), s.serviceId(3), s.cnt(0).
2019/05/22 16:48:14.240000 git.huoys.com/qp/gs/vendor/git.huoys.com/qp/common/http_message.(*httpHandler).ServeHTTP 135 Info: requestPath:/.
2019/05/22 16:48:14.240000 git.huoys.com/qp/gs/schedule.(*GroupMgr).Update 57 Info: Update groupId(1), serviceId(4), cnt(0).
2019/05/22 16:48:14.240000 git.huoys.com/qp/gs/schedule.(*Service).Update 53 Info: s.Update s.groupId(1), s.serviceId(4), s.cnt(0).
2019/05/22 16:48:19.127000 git.huoys.com/qp/gs/vendor/git.huoys.com/qp/common/http_message.(*httpHandler).ServeHTTP 135 Info: requestPath:/.
2019/05/22 16:48:19.128000 git.huoys.com/qp/gs/schedule.(*GroupMgr).Update 57 Info: Update groupId(1), serviceId(2), cnt(0).
2019/05/22 16:48:19.128000 git.huoys.com/qp/gs/schedule.(*Service).Update 53 Info: s.Update s.groupId(1), s.serviceId(2), s.cnt(0).
2019/05/22 16:48:19.199000 git.huoys.com/qp/gs/vendor/git.huoys.com/qp/common/http_message.(*httpHandler).ServeHTTP 135 Info: requestPath:/.
2019/05/22 16:48:19.199000 git.huoys.com/qp/gs/schedule.(*GroupMgr).Update 57 Info: Update groupId(1), serviceId(1), cnt(0).
2019/05/22 16:48:19.201000 git.huoys.com/qp/gs/schedule.(*Service).Update 53 Info: s.Update s.groupId(1), s.serviceId(1), s.cnt(0).
2019/05/22 16:48:19.229000 git.huoys.com/qp/gs/vendor/git.huoys.com/qp/common/http_message.(*httpHandler).ServeHTTP 135 Info: requestPath:/.
2019/05/22 16:48:19.230000 git.huoys.com/qp/gs/schedule.(*GroupMgr).Update 57 Info: Update groupId(1), serviceId(3), cnt(0).
2019/05/22 16:48:19.230000 git.huoys.com/qp/gs/schedule.(*Service).Update 53 Info: s.Update s.groupId(1), s.serviceId(3), s.cnt(0).
2019/05/22 16:48:19.251000 git.huoys.com/qp/gs/vendor/git.huoys.com/qp/common/http_message.(*httpHandler).ServeHTTP 135 Info: requestPath:/.
2019/05/22 16:48:19.251000 git.huoys.com/qp/gs/schedule.(*GroupMgr).Update 57 Info: Update groupId(1), serviceId(4), cnt(0).
2019/05/22 16:48:19.251000 git.huoys.com/qp/gs/schedule.(*Service).Update 53 Info: s.Update s.groupId(1), s.serviceId(4), s.cnt(0).
2019/05/22 16:48:24.132000 git.huoys.com/qp/gs/vendor/git.huoys.com/qp/common/http_message.(*httpHandler).ServeHTTP 135 Info: requestPath:/.
2019/05/22 16:48:24.133000 git.huoys.com/qp/gs/schedule.(*GroupMgr).Update 57 Info: Update groupId(1), serviceId(2), cnt(0).
2019/05/22 16:48:24.133000 git.huoys.com/qp/gs/schedule.(*Service).Update 53 Info: s.Update s.groupId(1), s.serviceId(2), s.cnt(0).
2019/05/22 16:48:24.206000 git.huoys.com/qp/gs/vendor/git.huoys.com/qp/common/http_message.(*httpHandler).ServeHTTP 135 Info: requestPath:/.
2019/05/22 16:48:24.208000 git.huoys.com/qp/gs/schedule.(*GroupMgr).Update 57 Info: Update groupId(1), serviceId(1), cnt(0).
2019/05/22 16:48:24.209000 git.huoys.com/qp/gs/schedule.(*Service).Update 53 Info: s.Update s.groupId(1), s.serviceId(1), s.cnt(0).
2019/05/22 16:48:24.225000 git.huoys.com/qp/gs/vendor/git.huoys.com/qp/common/http_message.(*httpHandler).ServeHTTP 135 Info: requestPath:/.
2019/05/22 16:48:24.225000 git.huoys.com/qp/gs/schedule.(*GroupMgr).Update 57 Info: Update groupId(1), serviceId(3), cnt(0).
2019/05/22 16:48:24.225000 git.huoys.com/qp/gs/schedule.(*Service).Update 53 Info: s.Update s.groupId(1), s.serviceId(3), s.cnt(0).
2019/05/22 16:48:24.246000 git.huoys.com/qp/gs/vendor/git.huoys.com/qp/common/http_message.(*httpHandler).ServeHTTP 135 Info: requestPath:/.
2019/05/22 16:48:24.246000 git.huoys.com/qp/gs/schedule.(*GroupMgr).Update 57 Info: Update groupId(1), serviceId(4), cnt(0).
2019/05/22 16:48:24.247000 git.huoys.com/qp/gs/schedule.(*Service).Update 53 Info: s.Update s.groupId(1), s.serviceId(4), s.cnt(0).
2019/05/22 16:48:29.128000 git.huoys.com/qp/gs/vendor/git.huoys.com/qp/common/http_message.(*httpHandler).ServeHTTP 135 Info: requestPath:/.
2019/05/22 16:48:29.128000 git.huoys.com/qp/gs/schedule.(*GroupMgr).Update 57 Info: Update groupId(1), serviceId(2), cnt(0).
2019/05/22 16:48:29.128000 git.huoys.com/qp/gs/schedule.(*Service).Update 53 Info: s.Update s.groupId(1), s.serviceId(2), s.cnt(0).
2019/05/22 16:48:29.199000 git.huoys.com/qp/gs/vendor/git.huoys.com/qp/common/http_message.(*httpHandler).ServeHTTP 135 Info: requestPath:/.
2019/05/22 16:48:29.199000 git.huoys.com/qp/gs/schedule.(*GroupMgr).Update 57 Info: Update groupId(1), serviceId(1), cnt(0).
2019/05/22 16:48:29.200000 git.huoys.com/qp/gs/schedule.(*Service).Update 53 Info: s.Update s.groupId(1), s.serviceId(1), s.cnt(0).
2019/05/22 16:48:29.229000 git.huoys.com/qp/gs/vendor/git.huoys.com/qp/common/http_message.(*httpHandler).ServeHTTP 135 Info: requestPath:/.
2019/05/22 16:48:29.229000 git.huoys.com/qp/gs/schedule.(*GroupMgr).Update 57 Info: Update groupId(1), serviceId(3), cnt(0).
2019/05/22 16:48:29.229000 git.huoys.com/qp/gs/schedule.(*Service).Update 53 Info: s.Update s.groupId(1), s.serviceId(3), s.cnt(0).
2019/05/22 16:48:29.247000 git.huoys.com/qp/gs/vendor/git.huoys.com/qp/common/http_message.(*httpHandler).ServeHTTP 135 Info: requestPath:/.
2019/05/22 16:48:29.248000 git.huoys.com/qp/gs/schedule.(*GroupMgr).Update 57 Info: Update groupId(1), serviceId(4), cnt(0).
2019/05/22 16:48:29.248000 git.huoys.com/qp/gs/schedule.(*Service).Update 53 Info: s.Update s.groupId(1), s.serviceId(4), s.cnt(0).
2019/05/22 16:48:34.132000 git.huoys.com/qp/gs/vendor/git.huoys.com/qp/common/http_message.(*httpHandler).ServeHTTP 135 Info: requestPath:/.
2019/05/22 16:48:34.132000 git.huoys.com/qp/gs/schedule.(*GroupMgr).Update 57 Info: Update groupId(1), serviceId(2), cnt(0).
2019/05/22 16:48:34.132000 git.huoys.com/qp/gs/schedule.(*Service).Update 53 Info: s.Update s.groupId(1), s.serviceId(2), s.cnt(0).
2019/05/22 16:48:34.195000 git.huoys.com/qp/gs/vendor/git.huoys.com/qp/common/http_message.(*httpHandler).ServeHTTP 135 Info: requestPath:/.
2019/05/22 16:48:34.195000 git.huoys.com/qp/gs/schedule.(*GroupMgr).Update 57 Info: Update groupId(1), serviceId(1), cnt(0).
2019/05/22 16:48:34.196000 git.huoys.com/qp/gs/schedule.(*Service).Update 53 Info: s.Update s.groupId(1), s.serviceId(1), s.cnt(0).
2019/05/22 16:48:34.226000 git.huoys.com/qp/gs/vendor/git.huoys.com/qp/common/http_message.(*httpHandler).ServeHTTP 135 Info: requestPath:/.
2019/05/22 16:48:34.227000 git.huoys.com/qp/gs/schedule.(*GroupMgr).Update 57 Info: Update groupId(1), serviceId(3), cnt(0).
2019/05/22 16:48:34.227000 git.huoys.com/qp/gs/schedule.(*Service).Update 53 Info: s.Update s.groupId(1), s.serviceId(3), s.cnt(0).
2019/05/22 16:48:34.248000 git.huoys.com/qp/gs/vendor/git.huoys.com/qp/common/http_message.(*httpHandler).ServeHTTP 135 Info: requestPath:/.
2019/05/22 16:48:34.249000 git.huoys.com/qp/gs/schedule.(*GroupMgr).Update 57 Info: Update groupId(1), serviceId(4), cnt(0).
2019/05/22 16:48:34.249000 git.huoys.com/qp/gs/schedule.(*Service).Update 53 Info: s.Update s.groupId(1), s.serviceId(4), s.cnt(0).
2019/05/22 16:48:39.135000 git.huoys.com/qp/gs/vendor/git.huoys.com/qp/common/http_message.(*httpHandler).ServeHTTP 135 Info: requestPath:/.
2019/05/22 16:48:39.136000 git.huoys.com/qp/gs/schedule.(*GroupMgr).Update 57 Info: Update groupId(1), serviceId(2), cnt(0).
2019/05/22 16:48:39.137000 git.huoys.com/qp/gs/schedule.(*Service).Update 53 Info: s.Update s.groupId(1), s.serviceId(2), s.cnt(0).
2019/05/22 16:48:39.197000 git.huoys.com/qp/gs/vendor/git.huoys.com/qp/common/http_message.(*httpHandler).ServeHTTP 135 Info: requestPath:/.
2019/05/22 16:48:39.198000 git.huoys.com/qp/gs/schedule.(*GroupMgr).Update 57 Info: Update groupId(1), serviceId(1), cnt(0).
2019/05/22 16:48:39.199000 git.huoys.com/qp/gs/schedule.(*Service).Update 53 Info: s.Update s.groupId(1), s.serviceId(1), s.cnt(0).
2019/05/22 16:48:39.228000 git.huoys.com/qp/gs/vendor/git.huoys.com/qp/common/http_message.(*httpHandler).ServeHTTP 135 Info: requestPath:/.
2019/05/22 16:48:39.229000 git.huoys.com/qp/gs/schedule.(*GroupMgr).Update 57 Info: Update groupId(1), serviceId(3), cnt(0).
2019/05/22 16:48:39.229000 git.huoys.com/qp/gs/schedule.(*Service).Update 53 Info: s.Update s.groupId(1), s.serviceId(3), s.cnt(0).
2019/05/22 16:48:39.247000 git.huoys.com/qp/gs/vendor/git.huoys.com/qp/common/http_message.(*httpHandler).ServeHTTP 135 Info: requestPath:/.
2019/05/22 16:48:39.248000 git.huoys.com/qp/gs/schedule.(*GroupMgr).Update 57 Info: Update groupId(1), serviceId(4), cnt(0).
2019/05/22 16:48:39.248000 git.huoys.com/qp/gs/schedule.(*Service).Update 53 Info: s.Update s.groupId(1), s.serviceId(4), s.cnt(0).
2019/05/22 16:48:44.132000 git.huoys.com/qp/gs/vendor/git.huoys.com/qp/common/http_message.(*httpHandler).ServeHTTP 135 Info: requestPath:/.
2019/05/22 16:48:44.132000 git.huoys.com/qp/gs/schedule.(*GroupMgr).Update 57 Info: Update groupId(1), serviceId(2), cnt(0).
2019/05/22 16:48:44.132000 git.huoys.com/qp/gs/schedule.(*Service).Update 53 Info: s.Update s.groupId(1), s.serviceId(2), s.cnt(0).
2019/05/22 16:48:44.196000 git.huoys.com/qp/gs/vendor/git.huoys.com/qp/common/http_message.(*httpHandler).ServeHTTP 135 Info: requestPath:/.
2019/05/22 16:48:44.197000 git.huoys.com/qp/gs/schedule.(*GroupMgr).Update 57 Info: Update groupId(1), serviceId(1), cnt(0).
2019/05/22 16:48:44.197000 git.huoys.com/qp/gs/schedule.(*Service).Update 53 Info: s.Update s.groupId(1), s.serviceId(1), s.cnt(0).
2019/05/22 16:48:44.227000 git.huoys.com/qp/gs/vendor/git.huoys.com/qp/common/http_message.(*httpHandler).ServeHTTP 135 Info: requestPath:/.
2019/05/22 16:48:44.228000 git.huoys.com/qp/gs/schedule.(*GroupMgr).Update 57 Info: Update groupId(1), serviceId(3), cnt(0).
2019/05/22 16:48:44.229000 git.huoys.com/qp/gs/schedule.(*Service).Update 53 Info: s.Update s.groupId(1), s.serviceId(3), s.cnt(0).
2019/05/22 16:48:44.246000 git.huoys.com/qp/gs/vendor/git.huoys.com/qp/common/http_message.(*httpHandler).ServeHTTP 135 Info: requestPath:/.
2019/05/22 16:48:44.246000 git.huoys.com/qp/gs/schedule.(*GroupMgr).Update 57 Info: Update groupId(1), serviceId(4), cnt(0).
2019/05/22 16:48:44.247000 git.huoys.com/qp/gs/schedule.(*Service).Update 53 Info: s.Update s.groupId(1), s.serviceId(4), s.cnt(0).
2019/05/22 16:48:49.131000 git.huoys.com/qp/gs/vendor/git.huoys.com/qp/common/http_message.(*httpHandler).ServeHTTP 135 Info: requestPath:/.
2019/05/22 16:48:49.135000 git.huoys.com/qp/gs/schedule.(*GroupMgr).Update 57 Info: Update groupId(1), serviceId(2), cnt(0).
2019/05/22 16:48:49.138000 git.huoys.com/qp/gs/schedule.(*Service).Update 53 Info: s.Update s.groupId(1), s.serviceId(2), s.cnt(0).
2019/05/22 16:48:49.202000 git.huoys.com/qp/gs/vendor/git.huoys.com/qp/common/http_message.(*httpHandler).ServeHTTP 135 Info: requestPath:/.
2019/05/22 16:48:49.202000 git.huoys.com/qp/gs/schedule.(*GroupMgr).Update 57 Info: Update groupId(1), serviceId(1), cnt(0).
2019/05/22 16:48:49.202000 git.huoys.com/qp/gs/schedule.(*Service).Update 53 Info: s.Update s.groupId(1), s.serviceId(1), s.cnt(0).
2019/05/22 16:48:49.227000 git.huoys.com/qp/gs/vendor/git.huoys.com/qp/common/http_message.(*httpHandler).ServeHTTP 135 Info: requestPath:/.
2019/05/22 16:48:49.227000 git.huoys.com/qp/gs/schedule.(*GroupMgr).Update 57 Info: Update groupId(1), serviceId(3), cnt(0).
2019/05/22 16:48:49.227000 git.huoys.com/qp/gs/schedule.(*Service).Update 53 Info: s.Update s.groupId(1), s.serviceId(3), s.cnt(0).
2019/05/22 16:48:49.253000 git.huoys.com/qp/gs/vendor/git.huoys.com/qp/common/http_message.(*httpHandler).ServeHTTP 135 Info: requestPath:/.
2019/05/22 16:48:49.254000 git.huoys.com/qp/gs/schedule.(*GroupMgr).Update 57 Info: Update groupId(1), serviceId(4), cnt(0).
2019/05/22 16:48:49.254000 git.huoys.com/qp/gs/schedule.(*Service).Update 53 Info: s.Update s.groupId(1), s.serviceId(4), s.cnt(0).
2019/05/22 16:48:54.129000 git.huoys.com/qp/gs/vendor/git.huoys.com/qp/common/http_message.(*httpHandler).ServeHTTP 135 Info: requestPath:/.
2019/05/22 16:48:54.130000 git.huoys.com/qp/gs/schedule.(*GroupMgr).Update 57 Info: Update groupId(1), serviceId(2), cnt(0).
2019/05/22 16:48:54.131000 git.huoys.com/qp/gs/schedule.(*Service).Update 53 Info: s.Update s.groupId(1), s.serviceId(2), s.cnt(0).
2019/05/22 16:48:54.206000 git.huoys.com/qp/gs/vendor/git.huoys.com/qp/common/http_message.(*httpHandler).ServeHTTP 135 Info: requestPath:/.
2019/05/22 16:48:54.208000 git.huoys.com/qp/gs/schedule.(*GroupMgr).Update 57 Info: Update groupId(1), serviceId(1), cnt(0).
2019/05/22 16:48:54.209000 git.huoys.com/qp/gs/schedule.(*Service).Update 53 Info: s.Update s.groupId(1), s.serviceId(1), s.cnt(0).
2019/05/22 16:48:54.236000 git.huoys.com/qp/gs/vendor/git.huoys.com/qp/common/http_message.(*httpHandler).ServeHTTP 135 Info: requestPath:/.
2019/05/22 16:48:54.237000 git.huoys.com/qp/gs/schedule.(*GroupMgr).Update 57 Info: Update groupId(1), serviceId(3), cnt(0).
2019/05/22 16:48:54.238000 git.huoys.com/qp/gs/schedule.(*Service).Update 53 Info: s.Update s.groupId(1), s.serviceId(3), s.cnt(0).
2019/05/22 16:48:54.253000 git.huoys.com/qp/gs/vendor/git.huoys.com/qp/common/http_message.(*httpHandler).ServeHTTP 135 Info: requestPath:/.
2019/05/22 16:48:54.254000 git.huoys.com/qp/gs/schedule.(*GroupMgr).Update 57 Info: Update groupId(1), serviceId(4), cnt(0).
2019/05/22 16:48:54.255000 git.huoys.com/qp/gs/schedule.(*Service).Update 53 Info: s.Update s.groupId(1), s.serviceId(4), s.cnt(0).
2019/05/22 16:48:59.128000 git.huoys.com/qp/gs/vendor/git.huoys.com/qp/common/http_message.(*httpHandler).ServeHTTP 135 Info: requestPath:/.
2019/05/22 16:48:59.129000 git.huoys.com/qp/gs/schedule.(*GroupMgr).Update 57 Info: Update groupId(1), serviceId(2), cnt(0).
2019/05/22 16:48:59.129000 git.huoys.com/qp/gs/schedule.(*Service).Update 53 Info: s.Update s.groupId(1), s.serviceId(2), s.cnt(0).
2019/05/22 16:48:59.199000 git.huoys.com/qp/gs/vendor/git.huoys.com/qp/common/http_message.(*httpHandler).ServeHTTP 135 Info: requestPath:/.
2019/05/22 16:48:59.201000 git.huoys.com/qp/gs/schedule.(*GroupMgr).Update 57 Info: Update groupId(1), serviceId(1), cnt(0).
2019/05/22 16:48:59.201000 git.huoys.com/qp/gs/schedule.(*Service).Update 53 Info: s.Update s.groupId(1), s.serviceId(1), s.cnt(0).
2019/05/22 16:48:59.229000 git.huoys.com/qp/gs/vendor/git.huoys.com/qp/common/http_message.(*httpHandler).ServeHTTP 135 Info: requestPath:/.
2019/05/22 16:48:59.229000 git.huoys.com/qp/gs/schedule.(*GroupMgr).Update 57 Info: Update groupId(1), serviceId(3), cnt(0).
2019/05/22 16:48:59.230000 git.huoys.com/qp/gs/schedule.(*Service).Update 53 Info: s.Update s.groupId(1), s.serviceId(3), s.cnt(0).
2019/05/22 16:48:59.249000 git.huoys.com/qp/gs/vendor/git.huoys.com/qp/common/http_message.(*httpHandler).ServeHTTP 135 Info: requestPath:/.
2019/05/22 16:48:59.249000 git.huoys.com/qp/gs/schedule.(*GroupMgr).Update 57 Info: Update groupId(1), serviceId(4), cnt(0).
2019/05/22 16:48:59.249000 git.huoys.com/qp/gs/schedule.(*Service).Update 53 Info: s.Update s.groupId(1), s.serviceId(4), s.cnt(0).
2019/05/22 16:49:04.126000 git.huoys.com/qp/gs/vendor/git.huoys.com/qp/common/http_message.(*httpHandler).ServeHTTP 135 Info: requestPath:/.
2019/05/22 16:49:04.126000 git.huoys.com/qp/gs/schedule.(*GroupMgr).Update 57 Info: Update groupId(1), serviceId(2), cnt(0).
2019/05/22 16:49:04.127000 git.huoys.com/qp/gs/schedule.(*Service).Update 53 Info: s.Update s.groupId(1), s.serviceId(2), s.cnt(0).
2019/05/22 16:49:04.205000 git.huoys.com/qp/gs/vendor/git.huoys.com/qp/common/http_message.(*httpHandler).ServeHTTP 135 Info: requestPath:/.
2019/05/22 16:49:04.205000 git.huoys.com/qp/gs/schedule.(*GroupMgr).Update 57 Info: Update groupId(1), serviceId(1), cnt(0).
2019/05/22 16:49:04.206000 git.huoys.com/qp/gs/schedule.(*Service).Update 53 Info: s.Update s.groupId(1), s.serviceId(1), s.cnt(0).
2019/05/22 16:49:04.228000 git.huoys.com/qp/gs/vendor/git.huoys.com/qp/common/http_message.(*httpHandler).ServeHTTP 135 Info: requestPath:/.
2019/05/22 16:49:04.229000 git.huoys.com/qp/gs/schedule.(*GroupMgr).Update 57 Info: Update groupId(1), serviceId(3), cnt(0).
2019/05/22 16:49:04.229000 git.huoys.com/qp/gs/schedule.(*Service).Update 53 Info: s.Update s.groupId(1), s.serviceId(3), s.cnt(0).
2019/05/22 16:49:04.252000 git.huoys.com/qp/gs/vendor/git.huoys.com/qp/common/http_message.(*httpHandler).ServeHTTP 135 Info: requestPath:/.
2019/05/22 16:49:04.252000 git.huoys.com/qp/gs/schedule.(*GroupMgr).Update 57 Info: Update groupId(1), serviceId(4), cnt(0).
2019/05/22 16:49:04.252000 git.huoys.com/qp/gs/schedule.(*Service).Update 53 Info: s.Update s.groupId(1), s.serviceId(4), s.cnt(0).
2019/05/22 16:49:09.129000 git.huoys.com/qp/gs/vendor/git.huoys.com/qp/common/http_message.(*httpHandler).ServeHTTP 135 Info: requestPath:/.
2019/05/22 16:49:09.129000 git.huoys.com/qp/gs/schedule.(*GroupMgr).Update 57 Info: Update groupId(1), serviceId(2), cnt(0).
2019/05/22 16:49:09.129000 git.huoys.com/qp/gs/schedule.(*Service).Update 53 Info: s.Update s.groupId(1), s.serviceId(2), s.cnt(0).
2019/05/22 16:49:09.197000 git.huoys.com/qp/gs/vendor/git.huoys.com/qp/common/http_message.(*httpHandler).ServeHTTP 135 Info: requestPath:/.
2019/05/22 16:49:09.198000 git.huoys.com/qp/gs/schedule.(*GroupMgr).Update 57 Info: Update groupId(1), serviceId(1), cnt(0).
2019/05/22 16:49:09.198000 git.huoys.com/qp/gs/schedule.(*Service).Update 53 Info: s.Update s.groupId(1), s.serviceId(1), s.cnt(0).
2019/05/22 16:49:09.228000 git.huoys.com/qp/gs/vendor/git.huoys.com/qp/common/http_message.(*httpHandler).ServeHTTP 135 Info: requestPath:/.
2019/05/22 16:49:09.228000 git.huoys.com/qp/gs/schedule.(*GroupMgr).Update 57 Info: Update groupId(1), serviceId(3), cnt(0).
2019/05/22 16:49:09.229000 git.huoys.com/qp/gs/schedule.(*Service).Update 53 Info: s.Update s.groupId(1), s.serviceId(3), s.cnt(0).
2019/05/22 16:49:09.249000 git.huoys.com/qp/gs/vendor/git.huoys.com/qp/common/http_message.(*httpHandler).ServeHTTP 135 Info: requestPath:/.
2019/05/22 16:49:09.249000 git.huoys.com/qp/gs/schedule.(*GroupMgr).Update 57 Info: Update groupId(1), serviceId(4), cnt(0).
2019/05/22 16:49:09.249000 git.huoys.com/qp/gs/schedule.(*Service).Update 53 Info: s.Update s.groupId(1), s.serviceId(4), s.cnt(0).
