2019/05/24 00:10:41.178000 git.huoys.com/qp/hall/vendor/git.huoys.com/qp/common/config.loadConfig 50 Error: failed to open config file:%!(EXTRA string=)
2019/05/24 00:20:41.186000 git.huoys.com/qp/hall/vendor/git.huoys.com/qp/common/config.loadConfig 50 Error: failed to open config file:%!(EXTRA string=)
2019/05/24 00:30:41.191000 git.huoys.com/qp/hall/vendor/git.huoys.com/qp/common/config.loadConfig 50 Error: failed to open config file:%!(EXTRA string=)
2019/05/24 00:40:41.194000 git.huoys.com/qp/hall/vendor/git.huoys.com/qp/common/config.loadConfig 50 Error: failed to open config file:%!(EXTRA string=)
2019/05/24 00:50:41.194000 git.huoys.com/qp/hall/vendor/git.huoys.com/qp/common/config.loadConfig 50 Error: failed to open config file:%!(EXTRA string=)
2019/05/24 01:00:41.198000 git.huoys.com/qp/hall/vendor/git.huoys.com/qp/common/config.loadConfig 50 Error: failed to open config file:%!(EXTRA string=)
2019/05/24 01:10:41.201000 git.huoys.com/qp/hall/vendor/git.huoys.com/qp/common/config.loadConfig 50 Error: failed to open config file:%!(EXTRA string=)
2019/05/24 01:20:41.204000 git.huoys.com/qp/hall/vendor/git.huoys.com/qp/common/config.loadConfig 50 Error: failed to open config file:%!(EXTRA string=)
2019/05/24 01:30:41.204000 git.huoys.com/qp/hall/vendor/git.huoys.com/qp/common/config.loadConfig 50 Error: failed to open config file:%!(EXTRA string=)
2019/05/24 01:40:41.213000 git.huoys.com/qp/hall/vendor/git.huoys.com/qp/common/config.loadConfig 50 Error: failed to open config file:%!(EXTRA string=)
2019/05/24 01:50:41.211000 git.huoys.com/qp/hall/vendor/git.huoys.com/qp/common/config.loadConfig 50 Error: failed to open config file:%!(EXTRA string=)
2019/05/24 02:00:41.212000 git.huoys.com/qp/hall/vendor/git.huoys.com/qp/common/config.loadConfig 50 Error: failed to open config file:%!(EXTRA string=)
2019/05/24 02:10:41.216000 git.huoys.com/qp/hall/vendor/git.huoys.com/qp/common/config.loadConfig 50 Error: failed to open config file:%!(EXTRA string=)
2019/05/24 02:20:41.225000 git.huoys.com/qp/hall/vendor/git.huoys.com/qp/common/config.loadConfig 50 Error: failed to open config file:%!(EXTRA string=)
2019/05/24 02:30:41.225000 git.huoys.com/qp/hall/vendor/git.huoys.com/qp/common/config.loadConfig 50 Error: failed to open config file:%!(EXTRA string=)
2019/05/24 02:40:41.224000 git.huoys.com/qp/hall/vendor/git.huoys.com/qp/common/config.loadConfig 50 Error: failed to open config file:%!(EXTRA string=)
2019/05/24 02:50:41.245000 git.huoys.com/qp/hall/vendor/git.huoys.com/qp/common/config.loadConfig 50 Error: failed to open config file:%!(EXTRA string=)
2019/05/24 03:00:41.257000 git.huoys.com/qp/hall/vendor/git.huoys.com/qp/common/config.loadConfig 50 Error: failed to open config file:%!(EXTRA string=)
2019/05/24 03:10:41.257000 git.huoys.com/qp/hall/vendor/git.huoys.com/qp/common/config.loadConfig 50 Error: failed to open config file:%!(EXTRA string=)
2019/05/24 03:20:41.260000 git.huoys.com/qp/hall/vendor/git.huoys.com/qp/common/config.loadConfig 50 Error: failed to open config file:%!(EXTRA string=)
2019/05/24 03:30:41.264000 git.huoys.com/qp/hall/vendor/git.huoys.com/qp/common/config.loadConfig 50 Error: failed to open config file:%!(EXTRA string=)
2019/05/24 03:40:41.266000 git.huoys.com/qp/hall/vendor/git.huoys.com/qp/common/config.loadConfig 50 Error: failed to open config file:%!(EXTRA string=)
2019/05/24 03:50:41.284000 git.huoys.com/qp/hall/vendor/git.huoys.com/qp/common/config.loadConfig 50 Error: failed to open config file:%!(EXTRA string=)
2019/05/24 04:00:41.278000 git.huoys.com/qp/hall/vendor/git.huoys.com/qp/common/config.loadConfig 50 Error: failed to open config file:%!(EXTRA string=)
2019/05/24 04:10:41.279000 git.huoys.com/qp/hall/vendor/git.huoys.com/qp/common/config.loadConfig 50 Error: failed to open config file:%!(EXTRA string=)
2019/05/24 04:20:41.308000 git.huoys.com/qp/hall/vendor/git.huoys.com/qp/common/config.loadConfig 50 Error: failed to open config file:%!(EXTRA string=)
2019/05/24 04:30:41.316000 git.huoys.com/qp/hall/vendor/git.huoys.com/qp/common/config.loadConfig 50 Error: failed to open config file:%!(EXTRA string=)
2019/05/24 04:40:41.319000 git.huoys.com/qp/hall/vendor/git.huoys.com/qp/common/config.loadConfig 50 Error: failed to open config file:%!(EXTRA string=)
2019/05/24 04:50:41.323000 git.huoys.com/qp/hall/vendor/git.huoys.com/qp/common/config.loadConfig 50 Error: failed to open config file:%!(EXTRA string=)
2019/05/24 05:00:41.338000 git.huoys.com/qp/hall/vendor/git.huoys.com/qp/common/config.loadConfig 50 Error: failed to open config file:%!(EXTRA string=)
2019/05/24 05:10:41.344000 git.huoys.com/qp/hall/vendor/git.huoys.com/qp/common/config.loadConfig 50 Error: failed to open config file:%!(EXTRA string=)
2019/05/24 05:20:41.352000 git.huoys.com/qp/hall/vendor/git.huoys.com/qp/common/config.loadConfig 50 Error: failed to open config file:%!(EXTRA string=)
2019/05/24 05:30:41.358000 git.huoys.com/qp/hall/vendor/git.huoys.com/qp/common/config.loadConfig 50 Error: failed to open config file:%!(EXTRA string=)
2019/05/24 05:40:41.365000 git.huoys.com/qp/hall/vendor/git.huoys.com/qp/common/config.loadConfig 50 Error: failed to open config file:%!(EXTRA string=)
2019/05/24 05:50:41.373000 git.huoys.com/qp/hall/vendor/git.huoys.com/qp/common/config.loadConfig 50 Error: failed to open config file:%!(EXTRA string=)
2019/05/24 06:00:41.379000 git.huoys.com/qp/hall/vendor/git.huoys.com/qp/common/config.loadConfig 50 Error: failed to open config file:%!(EXTRA string=)
2019/05/24 06:10:41.387000 git.huoys.com/qp/hall/vendor/git.huoys.com/qp/common/config.loadConfig 50 Error: failed to open config file:%!(EXTRA string=)
2019/05/24 06:20:41.396000 git.huoys.com/qp/hall/vendor/git.huoys.com/qp/common/config.loadConfig 50 Error: failed to open config file:%!(EXTRA string=)
2019/05/24 06:30:41.402000 git.huoys.com/qp/hall/vendor/git.huoys.com/qp/common/config.loadConfig 50 Error: failed to open config file:%!(EXTRA string=)
2019/05/24 06:40:41.421000 git.huoys.com/qp/hall/vendor/git.huoys.com/qp/common/config.loadConfig 50 Error: failed to open config file:%!(EXTRA string=)
2019/05/24 06:50:41.439000 git.huoys.com/qp/hall/vendor/git.huoys.com/qp/common/config.loadConfig 50 Error: failed to open config file:%!(EXTRA string=)
2019/05/24 07:00:41.442000 git.huoys.com/qp/hall/vendor/git.huoys.com/qp/common/config.loadConfig 50 Error: failed to open config file:%!(EXTRA string=)
2019/05/24 07:10:41.440000 git.huoys.com/qp/hall/vendor/git.huoys.com/qp/common/config.loadConfig 50 Error: failed to open config file:%!(EXTRA string=)
2019/05/24 07:20:41.448000 git.huoys.com/qp/hall/vendor/git.huoys.com/qp/common/config.loadConfig 50 Error: failed to open config file:%!(EXTRA string=)
2019/05/24 07:30:41.447000 git.huoys.com/qp/hall/vendor/git.huoys.com/qp/common/config.loadConfig 50 Error: failed to open config file:%!(EXTRA string=)
2019/05/24 07:40:41.447000 git.huoys.com/qp/hall/vendor/git.huoys.com/qp/common/config.loadConfig 50 Error: failed to open config file:%!(EXTRA string=)
2019/05/24 07:50:41.450000 git.huoys.com/qp/hall/vendor/git.huoys.com/qp/common/config.loadConfig 50 Error: failed to open config file:%!(EXTRA string=)
2019/05/24 08:00:41.450000 git.huoys.com/qp/hall/vendor/git.huoys.com/qp/common/config.loadConfig 50 Error: failed to open config file:%!(EXTRA string=)
2019/05/24 08:10:41.452000 git.huoys.com/qp/hall/vendor/git.huoys.com/qp/common/config.loadConfig 50 Error: failed to open config file:%!(EXTRA string=)
2019/05/24 08:20:41.451000 git.huoys.com/qp/hall/vendor/git.huoys.com/qp/common/config.loadConfig 50 Error: failed to open config file:%!(EXTRA string=)
2019/05/24 08:30:41.454000 git.huoys.com/qp/hall/vendor/git.huoys.com/qp/common/config.loadConfig 50 Error: failed to open config file:%!(EXTRA string=)
2019/05/24 08:40:41.458000 git.huoys.com/qp/hall/vendor/git.huoys.com/qp/common/config.loadConfig 50 Error: failed to open config file:%!(EXTRA string=)
2019/05/24 08:50:41.470000 git.huoys.com/qp/hall/vendor/git.huoys.com/qp/common/config.loadConfig 50 Error: failed to open config file:%!(EXTRA string=)
2019/05/24 09:00:41.482000 git.huoys.com/qp/hall/vendor/git.huoys.com/qp/common/config.loadConfig 50 Error: failed to open config file:%!(EXTRA string=)
2019/05/24 09:10:41.486000 git.huoys.com/qp/hall/vendor/git.huoys.com/qp/common/config.loadConfig 50 Error: failed to open config file:%!(EXTRA string=)
2019/05/24 09:20:41.493000 git.huoys.com/qp/hall/vendor/git.huoys.com/qp/common/config.loadConfig 50 Error: failed to open config file:%!(EXTRA string=)
2019/05/24 09:30:41.496000 git.huoys.com/qp/hall/vendor/git.huoys.com/qp/common/config.loadConfig 50 Error: failed to open config file:%!(EXTRA string=)
2019/05/24 09:40:41.533000 git.huoys.com/qp/hall/vendor/git.huoys.com/qp/common/config.loadConfig 50 Error: failed to open config file:%!(EXTRA string=)
2019/05/24 09:50:41.546000 git.huoys.com/qp/hall/vendor/git.huoys.com/qp/common/config.loadConfig 50 Error: failed to open config file:%!(EXTRA string=)
2019/05/24 10:00:41.551000 git.huoys.com/qp/hall/vendor/git.huoys.com/qp/common/config.loadConfig 50 Error: failed to open config file:%!(EXTRA string=)
2019/05/24 10:10:41.595000 git.huoys.com/qp/hall/vendor/git.huoys.com/qp/common/config.loadConfig 50 Error: failed to open config file:%!(EXTRA string=)
2019/05/24 10:20:41.657000 git.huoys.com/qp/hall/vendor/git.huoys.com/qp/common/config.loadConfig 50 Error: failed to open config file:%!(EXTRA string=)
2019/05/24 10:30:41.674000 git.huoys.com/qp/hall/vendor/git.huoys.com/qp/common/config.loadConfig 50 Error: failed to open config file:%!(EXTRA string=)
2019/05/24 10:40:41.684000 git.huoys.com/qp/hall/vendor/git.huoys.com/qp/common/config.loadConfig 50 Error: failed to open config file:%!(EXTRA string=)
2019/05/24 10:50:41.695000 git.huoys.com/qp/hall/vendor/git.huoys.com/qp/common/config.loadConfig 50 Error: failed to open config file:%!(EXTRA string=)
2019/05/24 11:00:41.703000 git.huoys.com/qp/hall/vendor/git.huoys.com/qp/common/config.loadConfig 50 Error: failed to open config file:%!(EXTRA string=)
2019/05/24 11:10:41.703000 git.huoys.com/qp/hall/vendor/git.huoys.com/qp/common/config.loadConfig 50 Error: failed to open config file:%!(EXTRA string=)
2019/05/24 11:20:41.721000 git.huoys.com/qp/hall/vendor/git.huoys.com/qp/common/config.loadConfig 50 Error: failed to open config file:%!(EXTRA string=)
2019/05/24 11:30:41.725000 git.huoys.com/qp/hall/vendor/git.huoys.com/qp/common/config.loadConfig 50 Error: failed to open config file:%!(EXTRA string=)
2019/05/24 11:40:41.750000 git.huoys.com/qp/hall/vendor/git.huoys.com/qp/common/config.loadConfig 50 Error: failed to open config file:%!(EXTRA string=)
2019/05/24 11:50:41.756000 git.huoys.com/qp/hall/vendor/git.huoys.com/qp/common/config.loadConfig 50 Error: failed to open config file:%!(EXTRA string=)
2019/05/24 12:00:22.076000 git.huoys.com/qp/hall/vendor/git.huoys.com/qp/common/http_message.(*httpHandler).ServeHTTP 97 Info: requestPath:getaccountid.
2019/05/24 12:00:22.077000 git.huoys.com/qp/hall/sql.GetPassportID 167 Info: 
	declare @chvProcPassword VARCHAR(32);
	declare @IV_sLoginName	VARCHAR(32);
	declare @IV_sPassword CHAR(32);
	declare @OV_sResult INT;

	declare @OV_biPassPortID BIGINT;
	declare @OV_sReturnMsg VARCHAR(128);
	declare @OV_iRegType INT;

	set @chvProcPassword='!43$a#@28Foi000C';
	set @IV_sLoginName='sjb1';
	set @IV_sPassword='58bc55137ad85422546b70033e27b8d2';

	set @OV_biPassPortID=0;
	set @OV_sReturnMsg='';
	set @OV_sResult=-1;

	exec @OV_sResult = dbo.PrPub_UserInfo_CheckLogin
	 @chvProcPassword,
	 @IV_sLoginName,
	 @IV_sPassword,
	 @OV_biPassPortID out,
	 @OV_sReturnMsg out,
	 @OV_iRegType out;

	 select @OV_sResult, @OV_biPassPortID, @OV_sReturnMsg;
	
2019/05/24 12:00:39.538000 git.huoys.com/qp/hall/vendor/git.huoys.com/qp/common/http_message.(*httpHandler).ServeHTTP 97 Info: requestPath:getaccountid.
2019/05/24 12:00:39.538000 git.huoys.com/qp/hall/sql.GetPassportID 167 Info: 
	declare @chvProcPassword VARCHAR(32);
	declare @IV_sLoginName	VARCHAR(32);
	declare @IV_sPassword CHAR(32);
	declare @OV_sResult INT;

	declare @OV_biPassPortID BIGINT;
	declare @OV_sReturnMsg VARCHAR(128);
	declare @OV_iRegType INT;

	set @chvProcPassword='!43$a#@28Foi000C';
	set @IV_sLoginName='sjb1';
	set @IV_sPassword='58bc55137ad85422546b70033e27b8d2';

	set @OV_biPassPortID=0;
	set @OV_sReturnMsg='';
	set @OV_sResult=-1;

	exec @OV_sResult = dbo.PrPub_UserInfo_CheckLogin
	 @chvProcPassword,
	 @IV_sLoginName,
	 @IV_sPassword,
	 @OV_biPassPortID out,
	 @OV_sReturnMsg out,
	 @OV_iRegType out;

	 select @OV_sResult, @OV_biPassPortID, @OV_sReturnMsg;
	
2019/05/24 12:00:41.853000 git.huoys.com/qp/hall/vendor/git.huoys.com/qp/common/config.loadConfig 50 Error: failed to open config file:%!(EXTRA string=)
