2019/05/23 14:20:39.449000 main.main 70 Info: Hall start now ....
2019/05/23 14:20:39.450000 git.huoys.com/qp/hall/vendor/git.huoys.com/qp/common/config.loadConfig 50 Error: failed to open config file:%!(EXTRA string=)
2019/05/23 14:20:39.451000 git.huoys.com/qp/hall/vendor/git.huoys.com/qp/common/config.loadConfig 50 Error: failed to open config file:%!(EXTRA string=)
2019/05/23 14:20:39.457000 git.huoys.com/qp/hall/vendor/git.huoys.com/qp/common/mssql.ConnectGameDB 93 Info: connectionString:sqlserver://sa:hy7961pl.NET@172.13.0.58:39000?database=game_qp_bpl&connection+timeout=30&log=63&encrypt=disable.
2019/05/23 14:20:39.457000 git.huoys.com/qp/hall/vendor/git.huoys.com/qp/common/mssql.ConnectGameDB 100 Info: connectionString:sqlserver://sa:hy7961pl.NET@172.13.0.58:39000?database=game_qp_bpl&connection+timeout=30&log=63&encrypt=disable.
2019/05/23 14:20:39.465000 git.huoys.com/qp/hall/vendor/git.huoys.com/qp/common/mssql.ConnectGameDB 108 Info: DB game_qp_bpl (172.13.0.58:39000) connected.
2019/05/23 14:20:39.465000 git.huoys.com/qp/hall/vendor/git.huoys.com/qp/common/mssql.ConnectGameDB 93 Info: connectionString:sqlserver://sa:hy7961pl.NET@172.13.0.58:39000?database=game_qp_dds&connection+timeout=30&log=63&encrypt=disable.
2019/05/23 14:20:39.466000 git.huoys.com/qp/hall/vendor/git.huoys.com/qp/common/mssql.ConnectGameDB 100 Info: connectionString:sqlserver://sa:hy7961pl.NET@172.13.0.58:39000?database=game_qp_dds&connection+timeout=30&log=63&encrypt=disable.
2019/05/23 14:20:39.473000 git.huoys.com/qp/hall/vendor/git.huoys.com/qp/common/mssql.ConnectGameDB 108 Info: DB game_qp_dds (172.13.0.58:39000) connected.
2019/05/23 14:20:39.474000 git.huoys.com/qp/hall/vendor/git.huoys.com/qp/common/mssql.ConnectGameDB 93 Info: connectionString:sqlserver://sa:hy7961pl.NET@172.13.0.58:39000?database=game_qp_config&connection+timeout=30&log=63&encrypt=disable.
2019/05/23 14:20:39.474000 git.huoys.com/qp/hall/vendor/git.huoys.com/qp/common/mssql.ConnectGameDB 100 Info: connectionString:sqlserver://sa:hy7961pl.NET@172.13.0.58:39000?database=game_qp_config&connection+timeout=30&log=63&encrypt=disable.
2019/05/23 14:20:39.481000 git.huoys.com/qp/hall/vendor/git.huoys.com/qp/common/mssql.ConnectGameDB 108 Info: DB game_qp_config (172.13.0.58:39000) connected.
2019/05/23 14:20:39.483000 git.huoys.com/qp/hall/sql.ConnectDB 106 Info: connectionString:sqlserver://SYGameServer:QP%21&%2532456%40@113.106.164.43:32960?connection+timeout=60&database=Passport.
2019/05/23 14:20:39.533000 git.huoys.com/qp/hall/sql.ConnectDB 120 Info: DB Passport (113.106.164.43:32960) connected.
2019/05/23 14:20:39.534000 git.huoys.com/qp/hall/sql.ConnectDB 106 Info: connectionString:sqlserver://SYGameServer:QP%21&%2532456%40@113.106.164.43:32960?connection+timeout=60&database=SY_Money.
2019/05/23 14:20:39.559000 git.huoys.com/qp/hall/sql.ConnectDB 120 Info: DB SY_Money (113.106.164.43:32960) connected.
2019/05/23 14:20:39.560000 git.huoys.com/qp/hall/sql.ConnectDB 106 Info: connectionString:sqlserver://SYGameServer:QP%21&%2532456%40@113.106.164.43:32960?connection+timeout=60&database=CYMoney.
2019/05/23 14:20:39.621000 git.huoys.com/qp/hall/sql.ConnectDB 120 Info: DB CYMoney (113.106.164.43:32960) connected.
2019/05/23 14:20:39.622000 git.huoys.com/qp/hall/sql.ConnectDB 106 Info: connectionString:sqlserver://SYGameServer:QP%21&%2532456%40@113.106.164.43:32960?connection+timeout=60&database=SY_GameCenter.
2019/05/23 14:20:39.650000 git.huoys.com/qp/hall/sql.ConnectDB 120 Info: DB SY_GameCenter (113.106.164.43:32960) connected.
2019/05/23 14:20:39.655000 main.main 87 Warning: start Hall sucess !
2019/05/23 14:20:39.656000 git.huoys.com/qp/hall/http.Startup 41 Warning: http url:0.0.0.0:8000.
2019/05/23 14:20:39.660000 git.huoys.com/qp/hall/vendor/git.huoys.com/qp/common/http_message.acceptHTTPRequest 80 Info: Http server listen at:0.0.0.0:8000
2019/05/23 14:21:58.772000 git.huoys.com/qp/hall/vendor/git.huoys.com/qp/common/http_message.(*httpHandler).ServeHTTP 97 Info: requestPath:getaccountid.
2019/05/23 14:21:58.774000 git.huoys.com/qp/hall/sql.GetPassportID 167 Info: 
	declare @chvProcPassword VARCHAR(32);
	declare @IV_sLoginName	VARCHAR(32);
	declare @IV_sPassword CHAR(32);
	declare @OV_sResult INT;

	declare @OV_biPassPortID BIGINT;
	declare @OV_sReturnMsg VARCHAR(128);
	declare @OV_iRegType INT;

	set @chvProcPassword='!43$a#@28Foi000C';
	set @IV_sLoginName='sjb1';
	set @IV_sPassword='58bc55137ad85422546b70033e27b8d2';

	set @OV_biPassPortID=0;
	set @OV_sReturnMsg='';
	set @OV_sResult=-1;

	exec @OV_sResult = dbo.PrPub_UserInfo_CheckLogin
	 @chvProcPassword,
	 @IV_sLoginName,
	 @IV_sPassword,
	 @OV_biPassPortID out,
	 @OV_sReturnMsg out,
	 @OV_iRegType out;

	 select @OV_sResult, @OV_biPassPortID, @OV_sReturnMsg;
	
2019/05/23 14:30:40.587000 git.huoys.com/qp/hall/vendor/git.huoys.com/qp/common/config.loadConfig 50 Error: failed to open config file:%!(EXTRA string=)
2019/05/23 14:40:40.592000 git.huoys.com/qp/hall/vendor/git.huoys.com/qp/common/config.loadConfig 50 Error: failed to open config file:%!(EXTRA string=)
2019/05/23 14:50:40.592000 git.huoys.com/qp/hall/vendor/git.huoys.com/qp/common/config.loadConfig 50 Error: failed to open config file:%!(EXTRA string=)
2019/05/23 14:54:32.423000 git.huoys.com/qp/hall/vendor/git.huoys.com/qp/common/http_message.(*httpHandler).ServeHTTP 97 Info: requestPath:getaccountid.
2019/05/23 14:54:32.426000 git.huoys.com/qp/hall/sql.GetPassportID 167 Info: 
	declare @chvProcPassword VARCHAR(32);
	declare @IV_sLoginName	VARCHAR(32);
	declare @IV_sPassword CHAR(32);
	declare @OV_sResult INT;

	declare @OV_biPassPortID BIGINT;
	declare @OV_sReturnMsg VARCHAR(128);
	declare @OV_iRegType INT;

	set @chvProcPassword='!43$a#@28Foi000C';
	set @IV_sLoginName='sjb1';
	set @IV_sPassword='58bc55137ad85422546b70033e27b8d2';

	set @OV_biPassPortID=0;
	set @OV_sReturnMsg='';
	set @OV_sResult=-1;

	exec @OV_sResult = dbo.PrPub_UserInfo_CheckLogin
	 @chvProcPassword,
	 @IV_sLoginName,
	 @IV_sPassword,
	 @OV_biPassPortID out,
	 @OV_sReturnMsg out,
	 @OV_iRegType out;

	 select @OV_sResult, @OV_biPassPortID, @OV_sReturnMsg;
	
2019/05/23 15:00:40.622000 git.huoys.com/qp/hall/vendor/git.huoys.com/qp/common/config.loadConfig 50 Error: failed to open config file:%!(EXTRA string=)
2019/05/23 15:01:51.276000 git.huoys.com/qp/hall/vendor/git.huoys.com/qp/common/http_message.(*httpHandler).ServeHTTP 97 Info: requestPath:getaccountid.
2019/05/23 15:01:51.278000 git.huoys.com/qp/hall/sql.GetPassportID 167 Info: 
	declare @chvProcPassword VARCHAR(32);
	declare @IV_sLoginName	VARCHAR(32);
	declare @IV_sPassword CHAR(32);
	declare @OV_sResult INT;

	declare @OV_biPassPortID BIGINT;
	declare @OV_sReturnMsg VARCHAR(128);
	declare @OV_iRegType INT;

	set @chvProcPassword='!43$a#@28Foi000C';
	set @IV_sLoginName='sjb1';
	set @IV_sPassword='58bc55137ad85422546b70033e27b8d2';

	set @OV_biPassPortID=0;
	set @OV_sReturnMsg='';
	set @OV_sResult=-1;

	exec @OV_sResult = dbo.PrPub_UserInfo_CheckLogin
	 @chvProcPassword,
	 @IV_sLoginName,
	 @IV_sPassword,
	 @OV_biPassPortID out,
	 @OV_sReturnMsg out,
	 @OV_iRegType out;

	 select @OV_sResult, @OV_biPassPortID, @OV_sReturnMsg;
	
2019/05/23 15:10:40.630000 git.huoys.com/qp/hall/vendor/git.huoys.com/qp/common/config.loadConfig 50 Error: failed to open config file:%!(EXTRA string=)
2019/05/23 15:20:40.800000 git.huoys.com/qp/hall/vendor/git.huoys.com/qp/common/config.loadConfig 50 Error: failed to open config file:%!(EXTRA string=)
2019/05/23 15:30:40.865000 git.huoys.com/qp/hall/vendor/git.huoys.com/qp/common/config.loadConfig 50 Error: failed to open config file:%!(EXTRA string=)
2019/05/23 15:40:40.868000 git.huoys.com/qp/hall/vendor/git.huoys.com/qp/common/config.loadConfig 50 Error: failed to open config file:%!(EXTRA string=)
2019/05/23 15:50:40.891000 git.huoys.com/qp/hall/vendor/git.huoys.com/qp/common/config.loadConfig 50 Error: failed to open config file:%!(EXTRA string=)
2019/05/23 16:00:40.900000 git.huoys.com/qp/hall/vendor/git.huoys.com/qp/common/config.loadConfig 50 Error: failed to open config file:%!(EXTRA string=)
2019/05/23 16:10:40.898000 git.huoys.com/qp/hall/vendor/git.huoys.com/qp/common/config.loadConfig 50 Error: failed to open config file:%!(EXTRA string=)
2019/05/23 16:20:40.898000 git.huoys.com/qp/hall/vendor/git.huoys.com/qp/common/config.loadConfig 50 Error: failed to open config file:%!(EXTRA string=)
2019/05/23 16:30:40.896000 git.huoys.com/qp/hall/vendor/git.huoys.com/qp/common/config.loadConfig 50 Error: failed to open config file:%!(EXTRA string=)
2019/05/23 16:40:40.899000 git.huoys.com/qp/hall/vendor/git.huoys.com/qp/common/config.loadConfig 50 Error: failed to open config file:%!(EXTRA string=)
2019/05/23 16:50:40.903000 git.huoys.com/qp/hall/vendor/git.huoys.com/qp/common/config.loadConfig 50 Error: failed to open config file:%!(EXTRA string=)
2019/05/23 17:00:40.909000 git.huoys.com/qp/hall/vendor/git.huoys.com/qp/common/config.loadConfig 50 Error: failed to open config file:%!(EXTRA string=)
2019/05/23 17:10:40.915000 git.huoys.com/qp/hall/vendor/git.huoys.com/qp/common/config.loadConfig 50 Error: failed to open config file:%!(EXTRA string=)
2019/05/23 17:20:40.917000 git.huoys.com/qp/hall/vendor/git.huoys.com/qp/common/config.loadConfig 50 Error: failed to open config file:%!(EXTRA string=)
2019/05/23 17:30:40.927000 git.huoys.com/qp/hall/vendor/git.huoys.com/qp/common/config.loadConfig 50 Error: failed to open config file:%!(EXTRA string=)
2019/05/23 17:40:40.936000 git.huoys.com/qp/hall/vendor/git.huoys.com/qp/common/config.loadConfig 50 Error: failed to open config file:%!(EXTRA string=)
2019/05/23 17:50:40.945000 git.huoys.com/qp/hall/vendor/git.huoys.com/qp/common/config.loadConfig 50 Error: failed to open config file:%!(EXTRA string=)
2019/05/23 18:00:40.967000 git.huoys.com/qp/hall/vendor/git.huoys.com/qp/common/config.loadConfig 50 Error: failed to open config file:%!(EXTRA string=)
2019/05/23 18:10:40.975000 git.huoys.com/qp/hall/vendor/git.huoys.com/qp/common/config.loadConfig 50 Error: failed to open config file:%!(EXTRA string=)
2019/05/23 18:20:40.977000 git.huoys.com/qp/hall/vendor/git.huoys.com/qp/common/config.loadConfig 50 Error: failed to open config file:%!(EXTRA string=)
2019/05/23 18:30:40.976000 git.huoys.com/qp/hall/vendor/git.huoys.com/qp/common/config.loadConfig 50 Error: failed to open config file:%!(EXTRA string=)
2019/05/23 18:40:40.981000 git.huoys.com/qp/hall/vendor/git.huoys.com/qp/common/config.loadConfig 50 Error: failed to open config file:%!(EXTRA string=)
2019/05/23 18:50:40.986000 git.huoys.com/qp/hall/vendor/git.huoys.com/qp/common/config.loadConfig 50 Error: failed to open config file:%!(EXTRA string=)
2019/05/23 19:00:40.991000 git.huoys.com/qp/hall/vendor/git.huoys.com/qp/common/config.loadConfig 50 Error: failed to open config file:%!(EXTRA string=)
2019/05/23 19:10:40.995000 git.huoys.com/qp/hall/vendor/git.huoys.com/qp/common/config.loadConfig 50 Error: failed to open config file:%!(EXTRA string=)
2019/05/23 19:20:40.995000 git.huoys.com/qp/hall/vendor/git.huoys.com/qp/common/config.loadConfig 50 Error: failed to open config file:%!(EXTRA string=)
2019/05/23 19:30:41.001000 git.huoys.com/qp/hall/vendor/git.huoys.com/qp/common/config.loadConfig 50 Error: failed to open config file:%!(EXTRA string=)
2019/05/23 19:40:41.004000 git.huoys.com/qp/hall/vendor/git.huoys.com/qp/common/config.loadConfig 50 Error: failed to open config file:%!(EXTRA string=)
2019/05/23 19:50:41.003000 git.huoys.com/qp/hall/vendor/git.huoys.com/qp/common/config.loadConfig 50 Error: failed to open config file:%!(EXTRA string=)
2019/05/23 20:00:41.015000 git.huoys.com/qp/hall/vendor/git.huoys.com/qp/common/config.loadConfig 50 Error: failed to open config file:%!(EXTRA string=)
2019/05/23 20:10:41.022000 git.huoys.com/qp/hall/vendor/git.huoys.com/qp/common/config.loadConfig 50 Error: failed to open config file:%!(EXTRA string=)
2019/05/23 20:20:41.030000 git.huoys.com/qp/hall/vendor/git.huoys.com/qp/common/config.loadConfig 50 Error: failed to open config file:%!(EXTRA string=)
2019/05/23 20:30:41.036000 git.huoys.com/qp/hall/vendor/git.huoys.com/qp/common/config.loadConfig 50 Error: failed to open config file:%!(EXTRA string=)
2019/05/23 20:40:41.037000 git.huoys.com/qp/hall/vendor/git.huoys.com/qp/common/config.loadConfig 50 Error: failed to open config file:%!(EXTRA string=)
2019/05/23 20:50:41.041000 git.huoys.com/qp/hall/vendor/git.huoys.com/qp/common/config.loadConfig 50 Error: failed to open config file:%!(EXTRA string=)
2019/05/23 21:00:41.044000 git.huoys.com/qp/hall/vendor/git.huoys.com/qp/common/config.loadConfig 50 Error: failed to open config file:%!(EXTRA string=)
2019/05/23 21:10:41.048000 git.huoys.com/qp/hall/vendor/git.huoys.com/qp/common/config.loadConfig 50 Error: failed to open config file:%!(EXTRA string=)
2019/05/23 21:20:41.056000 git.huoys.com/qp/hall/vendor/git.huoys.com/qp/common/config.loadConfig 50 Error: failed to open config file:%!(EXTRA string=)
2019/05/23 21:30:41.069000 git.huoys.com/qp/hall/vendor/git.huoys.com/qp/common/config.loadConfig 50 Error: failed to open config file:%!(EXTRA string=)
2019/05/23 21:40:41.076000 git.huoys.com/qp/hall/vendor/git.huoys.com/qp/common/config.loadConfig 50 Error: failed to open config file:%!(EXTRA string=)
2019/05/23 21:50:41.091000 git.huoys.com/qp/hall/vendor/git.huoys.com/qp/common/config.loadConfig 50 Error: failed to open config file:%!(EXTRA string=)
2019/05/23 22:00:41.096000 git.huoys.com/qp/hall/vendor/git.huoys.com/qp/common/config.loadConfig 50 Error: failed to open config file:%!(EXTRA string=)
2019/05/23 22:10:41.103000 git.huoys.com/qp/hall/vendor/git.huoys.com/qp/common/config.loadConfig 50 Error: failed to open config file:%!(EXTRA string=)
2019/05/23 22:20:41.110000 git.huoys.com/qp/hall/vendor/git.huoys.com/qp/common/config.loadConfig 50 Error: failed to open config file:%!(EXTRA string=)
2019/05/23 22:30:41.112000 git.huoys.com/qp/hall/vendor/git.huoys.com/qp/common/config.loadConfig 50 Error: failed to open config file:%!(EXTRA string=)
2019/05/23 22:40:41.125000 git.huoys.com/qp/hall/vendor/git.huoys.com/qp/common/config.loadConfig 50 Error: failed to open config file:%!(EXTRA string=)
2019/05/23 22:50:41.138000 git.huoys.com/qp/hall/vendor/git.huoys.com/qp/common/config.loadConfig 50 Error: failed to open config file:%!(EXTRA string=)
2019/05/23 23:00:41.140000 git.huoys.com/qp/hall/vendor/git.huoys.com/qp/common/config.loadConfig 50 Error: failed to open config file:%!(EXTRA string=)
2019/05/23 23:10:41.139000 git.huoys.com/qp/hall/vendor/git.huoys.com/qp/common/config.loadConfig 50 Error: failed to open config file:%!(EXTRA string=)
2019/05/23 23:20:41.146000 git.huoys.com/qp/hall/vendor/git.huoys.com/qp/common/config.loadConfig 50 Error: failed to open config file:%!(EXTRA string=)
2019/05/23 23:30:41.158000 git.huoys.com/qp/hall/vendor/git.huoys.com/qp/common/config.loadConfig 50 Error: failed to open config file:%!(EXTRA string=)
2019/05/23 23:40:41.167000 git.huoys.com/qp/hall/vendor/git.huoys.com/qp/common/config.loadConfig 50 Error: failed to open config file:%!(EXTRA string=)
2019/05/23 23:50:41.172000 git.huoys.com/qp/hall/vendor/git.huoys.com/qp/common/config.loadConfig 50 Error: failed to open config file:%!(EXTRA string=)
2019/05/24 00:00:41.175000 git.huoys.com/qp/hall/vendor/git.huoys.com/qp/common/config.loadConfig 50 Error: failed to open config file:%!(EXTRA string=)
