2019/05/14 09:36:15.717200 main.main 68 Info: Hall start now ....
2019/05/14 09:36:15.727200 git.huoys.com/qp/hall/sql.ConnectDB 106 Info: connectionString:sqlserver://SYGameServer:QP%21&%2532456%40@113.106.164.43:32960?connection+timeout=60&database=Passport.
2019/05/14 09:36:15.760200 git.huoys.com/qp/hall/sql.ConnectDB 120 Info: DB Passport (113.106.164.43:32960) connected.
2019/05/14 09:36:15.761200 git.huoys.com/qp/hall/sql.ConnectDB 106 Info: connectionString:sqlserver://SYGameServer:QP%21&%2532456%40@113.106.164.43:32960?connection+timeout=60&database=SY_Money.
2019/05/14 09:36:15.826200 git.huoys.com/qp/hall/sql.ConnectDB 120 Info: DB SY_Money (113.106.164.43:32960) connected.
2019/05/14 09:36:15.826200 git.huoys.com/qp/hall/sql.ConnectDB 106 Info: connectionString:sqlserver://SYGameServer:QP%21&%2532456%40@113.106.164.43:32960?connection+timeout=60&database=CYMoney.
2019/05/14 09:36:15.897200 git.huoys.com/qp/hall/sql.ConnectDB 120 Info: DB CYMoney (113.106.164.43:32960) connected.
2019/05/14 09:36:15.901200 git.huoys.com/qp/hall/sql.ConnectDB 106 Info: connectionString:sqlserver://SYGameServer:QP%21&%2532456%40@113.106.164.43:32960?connection+timeout=60&database=SY_GameCenter.
2019/05/14 09:36:15.922200 git.huoys.com/qp/hall/sql.ConnectDB 120 Info: DB SY_GameCenter (113.106.164.43:32960) connected.
2019/05/14 09:36:15.922200 main.main 82 Warning: start Hall sucess !
2019/05/14 09:36:15.923200 git.huoys.com/qp/hall/http.Startup 41 Warning: http url:0.0.0.0:8000.
2019/05/14 09:36:15.923200 git.huoys.com/qp/hall/vendor/git.huoys.com/qp/common/http_message.acceptHTTPRequest 80 Info: Http server listen at:0.0.0.0:8000
2019/05/14 09:45:58.205200 git.huoys.com/qp/hall/vendor/git.huoys.com/qp/common/http_message.(*httpHandler).ServeHTTP 97 Info: requestPath:getaccountid.
2019/05/14 09:45:58.206200 git.huoys.com/qp/hall/sql.GetPassportID 167 Info: 
	declare @chvProcPassword VARCHAR(32);
	declare @IV_sLoginName	VARCHAR(32);
	declare @IV_sPassword CHAR(32);
	declare @OV_sResult INT;

	declare @OV_biPassPortID BIGINT;
	declare @OV_sReturnMsg VARCHAR(128);
	declare @OV_iRegType INT;

	set @chvProcPassword='!43$a#@28Foi000C';
	set @IV_sLoginName='sjb1';
	set @IV_sPassword='58bc55137ad85422546b70033e27b8d2';

	set @OV_biPassPortID=0;
	set @OV_sReturnMsg='';
	set @OV_sResult=-1;

	exec @OV_sResult = dbo.PrPub_UserInfo_CheckLogin
	 @chvProcPassword,
	 @IV_sLoginName,
	 @IV_sPassword,
	 @OV_biPassPortID out,
	 @OV_sReturnMsg out,
	 @OV_iRegType out;

	 select @OV_sResult, @OV_biPassPortID, @OV_sReturnMsg;
	
2019/05/14 09:57:38.925200 git.huoys.com/qp/hall/vendor/git.huoys.com/qp/common/http_message.(*httpHandler).ServeHTTP 97 Info: requestPath:getaccountid.
2019/05/14 09:57:38.926200 git.huoys.com/qp/hall/sql.GetPassportID 167 Info: 
	declare @chvProcPassword VARCHAR(32);
	declare @IV_sLoginName	VARCHAR(32);
	declare @IV_sPassword CHAR(32);
	declare @OV_sResult INT;

	declare @OV_biPassPortID BIGINT;
	declare @OV_sReturnMsg VARCHAR(128);
	declare @OV_iRegType INT;

	set @chvProcPassword='!43$a#@28Foi000C';
	set @IV_sLoginName='sjb1';
	set @IV_sPassword='58bc55137ad85422546b70033e27b8d2';

	set @OV_biPassPortID=0;
	set @OV_sReturnMsg='';
	set @OV_sResult=-1;

	exec @OV_sResult = dbo.PrPub_UserInfo_CheckLogin
	 @chvProcPassword,
	 @IV_sLoginName,
	 @IV_sPassword,
	 @OV_biPassPortID out,
	 @OV_sReturnMsg out,
	 @OV_iRegType out;

	 select @OV_sResult, @OV_biPassPortID, @OV_sReturnMsg;
	
2019/05/14 09:58:36.635200 git.huoys.com/qp/hall/vendor/git.huoys.com/qp/common/http_message.(*httpHandler).ServeHTTP 97 Info: requestPath:getaccountid.
2019/05/14 09:58:36.636200 git.huoys.com/qp/hall/sql.GetPassportID 167 Info: 
	declare @chvProcPassword VARCHAR(32);
	declare @IV_sLoginName	VARCHAR(32);
	declare @IV_sPassword CHAR(32);
	declare @OV_sResult INT;

	declare @OV_biPassPortID BIGINT;
	declare @OV_sReturnMsg VARCHAR(128);
	declare @OV_iRegType INT;

	set @chvProcPassword='!43$a#@28Foi000C';
	set @IV_sLoginName='sjb1';
	set @IV_sPassword='58bc55137ad85422546b70033e27b8d2';

	set @OV_biPassPortID=0;
	set @OV_sReturnMsg='';
	set @OV_sResult=-1;

	exec @OV_sResult = dbo.PrPub_UserInfo_CheckLogin
	 @chvProcPassword,
	 @IV_sLoginName,
	 @IV_sPassword,
	 @OV_biPassPortID out,
	 @OV_sReturnMsg out,
	 @OV_iRegType out;

	 select @OV_sResult, @OV_biPassPortID, @OV_sReturnMsg;
	
2019/05/14 10:02:42.939200 git.huoys.com/qp/hall/vendor/git.huoys.com/qp/common/http_message.(*httpHandler).ServeHTTP 97 Info: requestPath:getaccountid.
2019/05/14 10:02:42.948200 git.huoys.com/qp/hall/sql.GetPassportID 167 Info: 
	declare @chvProcPassword VARCHAR(32);
	declare @IV_sLoginName	VARCHAR(32);
	declare @IV_sPassword CHAR(32);
	declare @OV_sResult INT;

	declare @OV_biPassPortID BIGINT;
	declare @OV_sReturnMsg VARCHAR(128);
	declare @OV_iRegType INT;

	set @chvProcPassword='!43$a#@28Foi000C';
	set @IV_sLoginName='sjb1';
	set @IV_sPassword='58bc55137ad85422546b70033e27b8d2';

	set @OV_biPassPortID=0;
	set @OV_sReturnMsg='';
	set @OV_sResult=-1;

	exec @OV_sResult = dbo.PrPub_UserInfo_CheckLogin
	 @chvProcPassword,
	 @IV_sLoginName,
	 @IV_sPassword,
	 @OV_biPassPortID out,
	 @OV_sReturnMsg out,
	 @OV_iRegType out;

	 select @OV_sResult, @OV_biPassPortID, @OV_sReturnMsg;
	
2019/05/14 10:05:32.562200 git.huoys.com/qp/hall/vendor/git.huoys.com/qp/common/http_message.(*httpHandler).ServeHTTP 97 Info: requestPath:getaccountid.
2019/05/14 10:05:32.578200 git.huoys.com/qp/hall/sql.GetPassportID 167 Info: 
	declare @chvProcPassword VARCHAR(32);
	declare @IV_sLoginName	VARCHAR(32);
	declare @IV_sPassword CHAR(32);
	declare @OV_sResult INT;

	declare @OV_biPassPortID BIGINT;
	declare @OV_sReturnMsg VARCHAR(128);
	declare @OV_iRegType INT;

	set @chvProcPassword='!43$a#@28Foi000C';
	set @IV_sLoginName='sjb1';
	set @IV_sPassword='58bc55137ad85422546b70033e27b8d2';

	set @OV_biPassPortID=0;
	set @OV_sReturnMsg='';
	set @OV_sResult=-1;

	exec @OV_sResult = dbo.PrPub_UserInfo_CheckLogin
	 @chvProcPassword,
	 @IV_sLoginName,
	 @IV_sPassword,
	 @OV_biPassPortID out,
	 @OV_sReturnMsg out,
	 @OV_iRegType out;

	 select @OV_sResult, @OV_biPassPortID, @OV_sReturnMsg;
	
2019/05/14 10:10:12.324200 git.huoys.com/qp/hall/vendor/git.huoys.com/qp/common/http_message.(*httpHandler).ServeHTTP 97 Info: requestPath:getaccountid.
2019/05/14 10:10:12.337200 git.huoys.com/qp/hall/sql.GetPassportID 167 Info: 
	declare @chvProcPassword VARCHAR(32);
	declare @IV_sLoginName	VARCHAR(32);
	declare @IV_sPassword CHAR(32);
	declare @OV_sResult INT;

	declare @OV_biPassPortID BIGINT;
	declare @OV_sReturnMsg VARCHAR(128);
	declare @OV_iRegType INT;

	set @chvProcPassword='!43$a#@28Foi000C';
	set @IV_sLoginName='sjb1';
	set @IV_sPassword='58bc55137ad85422546b70033e27b8d2';

	set @OV_biPassPortID=0;
	set @OV_sReturnMsg='';
	set @OV_sResult=-1;

	exec @OV_sResult = dbo.PrPub_UserInfo_CheckLogin
	 @chvProcPassword,
	 @IV_sLoginName,
	 @IV_sPassword,
	 @OV_biPassPortID out,
	 @OV_sReturnMsg out,
	 @OV_iRegType out;

	 select @OV_sResult, @OV_biPassPortID, @OV_sReturnMsg;
	
2019/05/14 10:12:49.624200 git.huoys.com/qp/hall/vendor/git.huoys.com/qp/common/http_message.(*httpHandler).ServeHTTP 97 Info: requestPath:getaccountid.
2019/05/14 10:12:49.625200 git.huoys.com/qp/hall/sql.GetPassportID 167 Info: 
	declare @chvProcPassword VARCHAR(32);
	declare @IV_sLoginName	VARCHAR(32);
	declare @IV_sPassword CHAR(32);
	declare @OV_sResult INT;

	declare @OV_biPassPortID BIGINT;
	declare @OV_sReturnMsg VARCHAR(128);
	declare @OV_iRegType INT;

	set @chvProcPassword='!43$a#@28Foi000C';
	set @IV_sLoginName='sjb1';
	set @IV_sPassword='58bc55137ad85422546b70033e27b8d2';

	set @OV_biPassPortID=0;
	set @OV_sReturnMsg='';
	set @OV_sResult=-1;

	exec @OV_sResult = dbo.PrPub_UserInfo_CheckLogin
	 @chvProcPassword,
	 @IV_sLoginName,
	 @IV_sPassword,
	 @OV_biPassPortID out,
	 @OV_sReturnMsg out,
	 @OV_iRegType out;

	 select @OV_sResult, @OV_biPassPortID, @OV_sReturnMsg;
	
2019/05/14 10:18:39.915200 git.huoys.com/qp/hall/vendor/git.huoys.com/qp/common/http_message.(*httpHandler).ServeHTTP 97 Info: requestPath:getaccountid.
2019/05/14 10:18:39.917200 git.huoys.com/qp/hall/sql.GetPassportID 167 Info: 
	declare @chvProcPassword VARCHAR(32);
	declare @IV_sLoginName	VARCHAR(32);
	declare @IV_sPassword CHAR(32);
	declare @OV_sResult INT;

	declare @OV_biPassPortID BIGINT;
	declare @OV_sReturnMsg VARCHAR(128);
	declare @OV_iRegType INT;

	set @chvProcPassword='!43$a#@28Foi000C';
	set @IV_sLoginName='sjb1';
	set @IV_sPassword='58bc55137ad85422546b70033e27b8d2';

	set @OV_biPassPortID=0;
	set @OV_sReturnMsg='';
	set @OV_sResult=-1;

	exec @OV_sResult = dbo.PrPub_UserInfo_CheckLogin
	 @chvProcPassword,
	 @IV_sLoginName,
	 @IV_sPassword,
	 @OV_biPassPortID out,
	 @OV_sReturnMsg out,
	 @OV_iRegType out;

	 select @OV_sResult, @OV_biPassPortID, @OV_sReturnMsg;
	
2019/05/14 10:19:33.672200 git.huoys.com/qp/hall/vendor/git.huoys.com/qp/common/http_message.(*httpHandler).ServeHTTP 97 Info: requestPath:getaccountid.
2019/05/14 10:19:33.672200 git.huoys.com/qp/hall/sql.GetPassportID 167 Info: 
	declare @chvProcPassword VARCHAR(32);
	declare @IV_sLoginName	VARCHAR(32);
	declare @IV_sPassword CHAR(32);
	declare @OV_sResult INT;

	declare @OV_biPassPortID BIGINT;
	declare @OV_sReturnMsg VARCHAR(128);
	declare @OV_iRegType INT;

	set @chvProcPassword='!43$a#@28Foi000C';
	set @IV_sLoginName='sjb1';
	set @IV_sPassword='58bc55137ad85422546b70033e27b8d2';

	set @OV_biPassPortID=0;
	set @OV_sReturnMsg='';
	set @OV_sResult=-1;

	exec @OV_sResult = dbo.PrPub_UserInfo_CheckLogin
	 @chvProcPassword,
	 @IV_sLoginName,
	 @IV_sPassword,
	 @OV_biPassPortID out,
	 @OV_sReturnMsg out,
	 @OV_iRegType out;

	 select @OV_sResult, @OV_biPassPortID, @OV_sReturnMsg;
	
2019/05/14 10:20:19.336200 git.huoys.com/qp/hall/vendor/git.huoys.com/qp/common/http_message.(*httpHandler).ServeHTTP 97 Info: requestPath:getaccountid.
2019/05/14 10:20:19.338200 git.huoys.com/qp/hall/sql.GetPassportID 167 Info: 
	declare @chvProcPassword VARCHAR(32);
	declare @IV_sLoginName	VARCHAR(32);
	declare @IV_sPassword CHAR(32);
	declare @OV_sResult INT;

	declare @OV_biPassPortID BIGINT;
	declare @OV_sReturnMsg VARCHAR(128);
	declare @OV_iRegType INT;

	set @chvProcPassword='!43$a#@28Foi000C';
	set @IV_sLoginName='sjb1';
	set @IV_sPassword='58bc55137ad85422546b70033e27b8d2';

	set @OV_biPassPortID=0;
	set @OV_sReturnMsg='';
	set @OV_sResult=-1;

	exec @OV_sResult = dbo.PrPub_UserInfo_CheckLogin
	 @chvProcPassword,
	 @IV_sLoginName,
	 @IV_sPassword,
	 @OV_biPassPortID out,
	 @OV_sReturnMsg out,
	 @OV_iRegType out;

	 select @OV_sResult, @OV_biPassPortID, @OV_sReturnMsg;
	
2019/05/14 10:21:56.249200 git.huoys.com/qp/hall/vendor/git.huoys.com/qp/common/http_message.(*httpHandler).ServeHTTP 97 Info: requestPath:getaccountid.
2019/05/14 10:21:56.250200 git.huoys.com/qp/hall/sql.GetPassportID 167 Info: 
	declare @chvProcPassword VARCHAR(32);
	declare @IV_sLoginName	VARCHAR(32);
	declare @IV_sPassword CHAR(32);
	declare @OV_sResult INT;

	declare @OV_biPassPortID BIGINT;
	declare @OV_sReturnMsg VARCHAR(128);
	declare @OV_iRegType INT;

	set @chvProcPassword='!43$a#@28Foi000C';
	set @IV_sLoginName='sjb1';
	set @IV_sPassword='58bc55137ad85422546b70033e27b8d2';

	set @OV_biPassPortID=0;
	set @OV_sReturnMsg='';
	set @OV_sResult=-1;

	exec @OV_sResult = dbo.PrPub_UserInfo_CheckLogin
	 @chvProcPassword,
	 @IV_sLoginName,
	 @IV_sPassword,
	 @OV_biPassPortID out,
	 @OV_sReturnMsg out,
	 @OV_iRegType out;

	 select @OV_sResult, @OV_biPassPortID, @OV_sReturnMsg;
	
2019/05/14 10:25:03.682200 git.huoys.com/qp/hall/vendor/git.huoys.com/qp/common/http_message.(*httpHandler).ServeHTTP 97 Info: requestPath:getaccountid.
2019/05/14 10:25:03.683200 git.huoys.com/qp/hall/sql.GetPassportID 167 Info: 
	declare @chvProcPassword VARCHAR(32);
	declare @IV_sLoginName	VARCHAR(32);
	declare @IV_sPassword CHAR(32);
	declare @OV_sResult INT;

	declare @OV_biPassPortID BIGINT;
	declare @OV_sReturnMsg VARCHAR(128);
	declare @OV_iRegType INT;

	set @chvProcPassword='!43$a#@28Foi000C';
	set @IV_sLoginName='sjb1';
	set @IV_sPassword='58bc55137ad85422546b70033e27b8d2';

	set @OV_biPassPortID=0;
	set @OV_sReturnMsg='';
	set @OV_sResult=-1;

	exec @OV_sResult = dbo.PrPub_UserInfo_CheckLogin
	 @chvProcPassword,
	 @IV_sLoginName,
	 @IV_sPassword,
	 @OV_biPassPortID out,
	 @OV_sReturnMsg out,
	 @OV_iRegType out;

	 select @OV_sResult, @OV_biPassPortID, @OV_sReturnMsg;
	
2019/05/14 10:27:01.583200 git.huoys.com/qp/hall/vendor/git.huoys.com/qp/common/http_message.(*httpHandler).ServeHTTP 97 Info: requestPath:getaccountid.
2019/05/14 10:27:01.588200 git.huoys.com/qp/hall/sql.GetPassportID 167 Info: 
	declare @chvProcPassword VARCHAR(32);
	declare @IV_sLoginName	VARCHAR(32);
	declare @IV_sPassword CHAR(32);
	declare @OV_sResult INT;

	declare @OV_biPassPortID BIGINT;
	declare @OV_sReturnMsg VARCHAR(128);
	declare @OV_iRegType INT;

	set @chvProcPassword='!43$a#@28Foi000C';
	set @IV_sLoginName='sjb1';
	set @IV_sPassword='58bc55137ad85422546b70033e27b8d2';

	set @OV_biPassPortID=0;
	set @OV_sReturnMsg='';
	set @OV_sResult=-1;

	exec @OV_sResult = dbo.PrPub_UserInfo_CheckLogin
	 @chvProcPassword,
	 @IV_sLoginName,
	 @IV_sPassword,
	 @OV_biPassPortID out,
	 @OV_sReturnMsg out,
	 @OV_iRegType out;

	 select @OV_sResult, @OV_biPassPortID, @OV_sReturnMsg;
	
2019/05/14 10:31:09.472200 git.huoys.com/qp/hall/vendor/git.huoys.com/qp/common/http_message.(*httpHandler).ServeHTTP 97 Info: requestPath:getaccountid.
2019/05/14 10:31:09.473200 git.huoys.com/qp/hall/sql.GetPassportID 167 Info: 
	declare @chvProcPassword VARCHAR(32);
	declare @IV_sLoginName	VARCHAR(32);
	declare @IV_sPassword CHAR(32);
	declare @OV_sResult INT;

	declare @OV_biPassPortID BIGINT;
	declare @OV_sReturnMsg VARCHAR(128);
	declare @OV_iRegType INT;

	set @chvProcPassword='!43$a#@28Foi000C';
	set @IV_sLoginName='sjb1';
	set @IV_sPassword='58bc55137ad85422546b70033e27b8d2';

	set @OV_biPassPortID=0;
	set @OV_sReturnMsg='';
	set @OV_sResult=-1;

	exec @OV_sResult = dbo.PrPub_UserInfo_CheckLogin
	 @chvProcPassword,
	 @IV_sLoginName,
	 @IV_sPassword,
	 @OV_biPassPortID out,
	 @OV_sReturnMsg out,
	 @OV_iRegType out;

	 select @OV_sResult, @OV_biPassPortID, @OV_sReturnMsg;
	
2019/05/14 10:44:50.406200 git.huoys.com/qp/hall/vendor/git.huoys.com/qp/common/http_message.(*httpHandler).ServeHTTP 97 Info: requestPath:getaccountid.
2019/05/14 10:44:50.407200 git.huoys.com/qp/hall/sql.GetPassportID 167 Info: 
	declare @chvProcPassword VARCHAR(32);
	declare @IV_sLoginName	VARCHAR(32);
	declare @IV_sPassword CHAR(32);
	declare @OV_sResult INT;

	declare @OV_biPassPortID BIGINT;
	declare @OV_sReturnMsg VARCHAR(128);
	declare @OV_iRegType INT;

	set @chvProcPassword='!43$a#@28Foi000C';
	set @IV_sLoginName='sjb1';
	set @IV_sPassword='58bc55137ad85422546b70033e27b8d2';

	set @OV_biPassPortID=0;
	set @OV_sReturnMsg='';
	set @OV_sResult=-1;

	exec @OV_sResult = dbo.PrPub_UserInfo_CheckLogin
	 @chvProcPassword,
	 @IV_sLoginName,
	 @IV_sPassword,
	 @OV_biPassPortID out,
	 @OV_sReturnMsg out,
	 @OV_iRegType out;

	 select @OV_sResult, @OV_biPassPortID, @OV_sReturnMsg;
	
2019/05/14 10:49:08.420200 git.huoys.com/qp/hall/vendor/git.huoys.com/qp/common/http_message.(*httpHandler).ServeHTTP 97 Info: requestPath:getaccountid.
2019/05/14 10:49:08.424200 git.huoys.com/qp/hall/sql.GetPassportID 167 Info: 
	declare @chvProcPassword VARCHAR(32);
	declare @IV_sLoginName	VARCHAR(32);
	declare @IV_sPassword CHAR(32);
	declare @OV_sResult INT;

	declare @OV_biPassPortID BIGINT;
	declare @OV_sReturnMsg VARCHAR(128);
	declare @OV_iRegType INT;

	set @chvProcPassword='!43$a#@28Foi000C';
	set @IV_sLoginName='sjb4';
	set @IV_sPassword='58bc55137ad85422546b70033e27b8d2';

	set @OV_biPassPortID=0;
	set @OV_sReturnMsg='';
	set @OV_sResult=-1;

	exec @OV_sResult = dbo.PrPub_UserInfo_CheckLogin
	 @chvProcPassword,
	 @IV_sLoginName,
	 @IV_sPassword,
	 @OV_biPassPortID out,
	 @OV_sReturnMsg out,
	 @OV_iRegType out;

	 select @OV_sResult, @OV_biPassPortID, @OV_sReturnMsg;
	
2019/05/14 10:52:18.442200 git.huoys.com/qp/hall/vendor/git.huoys.com/qp/common/http_message.(*httpHandler).ServeHTTP 97 Info: requestPath:getaccountid.
2019/05/14 10:52:18.443200 git.huoys.com/qp/hall/sql.GetPassportID 167 Info: 
	declare @chvProcPassword VARCHAR(32);
	declare @IV_sLoginName	VARCHAR(32);
	declare @IV_sPassword CHAR(32);
	declare @OV_sResult INT;

	declare @OV_biPassPortID BIGINT;
	declare @OV_sReturnMsg VARCHAR(128);
	declare @OV_iRegType INT;

	set @chvProcPassword='!43$a#@28Foi000C';
	set @IV_sLoginName='sjb2';
	set @IV_sPassword='58bc55137ad85422546b70033e27b8d2';

	set @OV_biPassPortID=0;
	set @OV_sReturnMsg='';
	set @OV_sResult=-1;

	exec @OV_sResult = dbo.PrPub_UserInfo_CheckLogin
	 @chvProcPassword,
	 @IV_sLoginName,
	 @IV_sPassword,
	 @OV_biPassPortID out,
	 @OV_sReturnMsg out,
	 @OV_iRegType out;

	 select @OV_sResult, @OV_biPassPortID, @OV_sReturnMsg;
	
