2019/05/20 17:21:11.283000 main.main 70 Info: Hall start now ....
2019/05/20 17:21:11.284000 git.huoys.com/qp/hall/vendor/git.huoys.com/qp/common/config.loadConfig 50 Error: failed to open config file:%!(EXTRA string=)
2019/05/20 17:21:11.284000 git.huoys.com/qp/hall/vendor/git.huoys.com/qp/common/config.loadConfig 50 Error: failed to open config file:%!(EXTRA string=)
2019/05/20 17:21:11.289000 git.huoys.com/qp/hall/vendor/git.huoys.com/qp/common/mssql.ConnectGameDB 93 Info: connectionString:sqlserver://sa:hy7961pl.NET@172.13.0.58:39000?database=game_qp_bpl&connection+timeout=30&log=63&encrypt=disable.
2019/05/20 17:21:11.289000 git.huoys.com/qp/hall/vendor/git.huoys.com/qp/common/mssql.ConnectGameDB 100 Info: connectionString:sqlserver://sa:hy7961pl.NET@172.13.0.58:39000?database=game_qp_bpl&connection+timeout=30&log=63&encrypt=disable.
2019/05/20 17:21:11.295000 git.huoys.com/qp/hall/vendor/git.huoys.com/qp/common/mssql.ConnectGameDB 108 Info: DB game_qp_bpl (172.13.0.58:39000) connected.
2019/05/20 17:21:11.295000 git.huoys.com/qp/hall/vendor/git.huoys.com/qp/common/mssql.ConnectGameDB 93 Info: connectionString:sqlserver://sa:hy7961pl.NET@172.13.0.58:39000?database=game_qp_dds&connection+timeout=30&log=63&encrypt=disable.
2019/05/20 17:21:11.298000 git.huoys.com/qp/hall/vendor/git.huoys.com/qp/common/mssql.ConnectGameDB 100 Info: connectionString:sqlserver://sa:hy7961pl.NET@172.13.0.58:39000?database=game_qp_dds&connection+timeout=30&log=63&encrypt=disable.
2019/05/20 17:21:11.303000 git.huoys.com/qp/hall/vendor/git.huoys.com/qp/common/mssql.ConnectGameDB 108 Info: DB game_qp_dds (172.13.0.58:39000) connected.
2019/05/20 17:21:11.303000 git.huoys.com/qp/hall/vendor/git.huoys.com/qp/common/mssql.ConnectGameDB 93 Info: connectionString:sqlserver://sa:hy7961pl.NET@172.13.0.58:39000?database=game_qp_aby&connection+timeout=30&log=63&encrypt=disable.
2019/05/20 17:21:11.304000 git.huoys.com/qp/hall/vendor/git.huoys.com/qp/common/mssql.ConnectGameDB 100 Info: connectionString:sqlserver://sa:hy7961pl.NET@172.13.0.58:39000?database=game_qp_aby&connection+timeout=30&log=63&encrypt=disable.
2019/05/20 17:21:11.309000 git.huoys.com/qp/hall/vendor/git.huoys.com/qp/common/mssql.ConnectGameDB 108 Info: DB game_qp_aby (172.13.0.58:39000) connected.
2019/05/20 17:21:11.310000 git.huoys.com/qp/hall/sql.ConnectDB 106 Info: connectionString:sqlserver://SYGameServer:QP%21&%2532456%40@113.106.164.43:32960?connection+timeout=60&database=Passport.
2019/05/20 17:21:11.342000 git.huoys.com/qp/hall/sql.ConnectDB 120 Info: DB Passport (113.106.164.43:32960) connected.
2019/05/20 17:21:11.343000 git.huoys.com/qp/hall/sql.ConnectDB 106 Info: connectionString:sqlserver://SYGameServer:QP%21&%2532456%40@113.106.164.43:32960?connection+timeout=60&database=SY_Money.
2019/05/20 17:21:11.375000 git.huoys.com/qp/hall/sql.ConnectDB 120 Info: DB SY_Money (113.106.164.43:32960) connected.
2019/05/20 17:21:11.382000 git.huoys.com/qp/hall/sql.ConnectDB 106 Info: connectionString:sqlserver://SYGameServer:QP%21&%2532456%40@113.106.164.43:32960?connection+timeout=60&database=CYMoney.
2019/05/20 17:21:11.410000 git.huoys.com/qp/hall/sql.ConnectDB 120 Info: DB CYMoney (113.106.164.43:32960) connected.
2019/05/20 17:21:11.411000 git.huoys.com/qp/hall/sql.ConnectDB 106 Info: connectionString:sqlserver://SYGameServer:QP%21&%2532456%40@113.106.164.43:32960?connection+timeout=60&database=SY_GameCenter.
2019/05/20 17:21:11.443000 git.huoys.com/qp/hall/sql.ConnectDB 120 Info: DB SY_GameCenter (113.106.164.43:32960) connected.
2019/05/20 17:21:11.443000 main.main 87 Warning: start Hall sucess !
2019/05/20 17:21:11.444000 git.huoys.com/qp/hall/http.Startup 41 Warning: http url:0.0.0.0:8000.
2019/05/20 17:21:11.444000 git.huoys.com/qp/hall/vendor/git.huoys.com/qp/common/http_message.acceptHTTPRequest 80 Info: Http server listen at:0.0.0.0:8000
2019/05/20 17:21:34.676000 git.huoys.com/qp/hall/vendor/git.huoys.com/qp/common/http_message.(*httpHandler).ServeHTTP 97 Info: requestPath:getaccountid.
2019/05/20 17:21:34.679000 git.huoys.com/qp/hall/sql.GetPassportID 167 Info: 
	declare @chvProcPassword VARCHAR(32);
	declare @IV_sLoginName	VARCHAR(32);
	declare @IV_sPassword CHAR(32);
	declare @OV_sResult INT;

	declare @OV_biPassPortID BIGINT;
	declare @OV_sReturnMsg VARCHAR(128);
	declare @OV_iRegType INT;

	set @chvProcPassword='!43$a#@28Foi000C';
	set @IV_sLoginName='sjb1';
	set @IV_sPassword='58bc55137ad85422546b70033e27b8d2';

	set @OV_biPassPortID=0;
	set @OV_sReturnMsg='';
	set @OV_sResult=-1;

	exec @OV_sResult = dbo.PrPub_UserInfo_CheckLogin
	 @chvProcPassword,
	 @IV_sLoginName,
	 @IV_sPassword,
	 @OV_biPassPortID out,
	 @OV_sReturnMsg out,
	 @OV_iRegType out;

	 select @OV_sResult, @OV_biPassPortID, @OV_sReturnMsg;
	
2019/05/20 17:21:50.073000 git.huoys.com/qp/hall/vendor/git.huoys.com/qp/common/http_message.(*httpHandler).ServeHTTP 97 Info: requestPath:getaccountid.
2019/05/20 17:21:50.075000 git.huoys.com/qp/hall/sql.GetPassportID 167 Info: 
	declare @chvProcPassword VARCHAR(32);
	declare @IV_sLoginName	VARCHAR(32);
	declare @IV_sPassword CHAR(32);
	declare @OV_sResult INT;

	declare @OV_biPassPortID BIGINT;
	declare @OV_sReturnMsg VARCHAR(128);
	declare @OV_iRegType INT;

	set @chvProcPassword='!43$a#@28Foi000C';
	set @IV_sLoginName='sjb1';
	set @IV_sPassword='58bc55137ad85422546b70033e27b8d2';

	set @OV_biPassPortID=0;
	set @OV_sReturnMsg='';
	set @OV_sResult=-1;

	exec @OV_sResult = dbo.PrPub_UserInfo_CheckLogin
	 @chvProcPassword,
	 @IV_sLoginName,
	 @IV_sPassword,
	 @OV_biPassPortID out,
	 @OV_sReturnMsg out,
	 @OV_iRegType out;

	 select @OV_sResult, @OV_biPassPortID, @OV_sReturnMsg;
	
2019/05/20 17:31:12.299000 git.huoys.com/qp/hall/vendor/git.huoys.com/qp/common/config.loadConfig 50 Error: failed to open config file:%!(EXTRA string=)
2019/05/20 17:40:03.475000 git.huoys.com/qp/hall/vendor/git.huoys.com/qp/common/http_message.(*httpHandler).ServeHTTP 97 Info: requestPath:getaccountid.
2019/05/20 17:40:03.482000 git.huoys.com/qp/hall/sql.GetPassportID 167 Info: 
	declare @chvProcPassword VARCHAR(32);
	declare @IV_sLoginName	VARCHAR(32);
	declare @IV_sPassword CHAR(32);
	declare @OV_sResult INT;

	declare @OV_biPassPortID BIGINT;
	declare @OV_sReturnMsg VARCHAR(128);
	declare @OV_iRegType INT;

	set @chvProcPassword='!43$a#@28Foi000C';
	set @IV_sLoginName='sjb1';
	set @IV_sPassword='58bc55137ad85422546b70033e27b8d2';

	set @OV_biPassPortID=0;
	set @OV_sReturnMsg='';
	set @OV_sResult=-1;

	exec @OV_sResult = dbo.PrPub_UserInfo_CheckLogin
	 @chvProcPassword,
	 @IV_sLoginName,
	 @IV_sPassword,
	 @OV_biPassPortID out,
	 @OV_sReturnMsg out,
	 @OV_iRegType out;

	 select @OV_sResult, @OV_biPassPortID, @OV_sReturnMsg;
	
2019/05/20 17:40:46.993000 git.huoys.com/qp/hall/vendor/git.huoys.com/qp/common/http_message.(*httpHandler).ServeHTTP 97 Info: requestPath:getaccountid.
2019/05/20 17:40:46.995000 git.huoys.com/qp/hall/sql.GetPassportID 167 Info: 
	declare @chvProcPassword VARCHAR(32);
	declare @IV_sLoginName	VARCHAR(32);
	declare @IV_sPassword CHAR(32);
	declare @OV_sResult INT;

	declare @OV_biPassPortID BIGINT;
	declare @OV_sReturnMsg VARCHAR(128);
	declare @OV_iRegType INT;

	set @chvProcPassword='!43$a#@28Foi000C';
	set @IV_sLoginName='sjb1';
	set @IV_sPassword='58bc55137ad85422546b70033e27b8d2';

	set @OV_biPassPortID=0;
	set @OV_sReturnMsg='';
	set @OV_sResult=-1;

	exec @OV_sResult = dbo.PrPub_UserInfo_CheckLogin
	 @chvProcPassword,
	 @IV_sLoginName,
	 @IV_sPassword,
	 @OV_biPassPortID out,
	 @OV_sReturnMsg out,
	 @OV_iRegType out;

	 select @OV_sResult, @OV_biPassPortID, @OV_sReturnMsg;
	
2019/05/20 17:41:12.349000 git.huoys.com/qp/hall/vendor/git.huoys.com/qp/common/config.loadConfig 50 Error: failed to open config file:%!(EXTRA string=)
2019/05/20 17:42:24.059000 git.huoys.com/qp/hall/vendor/git.huoys.com/qp/common/http_message.(*httpHandler).ServeHTTP 97 Info: requestPath:getaccountid.
2019/05/20 17:42:24.061000 git.huoys.com/qp/hall/sql.GetPassportID 167 Info: 
	declare @chvProcPassword VARCHAR(32);
	declare @IV_sLoginName	VARCHAR(32);
	declare @IV_sPassword CHAR(32);
	declare @OV_sResult INT;

	declare @OV_biPassPortID BIGINT;
	declare @OV_sReturnMsg VARCHAR(128);
	declare @OV_iRegType INT;

	set @chvProcPassword='!43$a#@28Foi000C';
	set @IV_sLoginName='sjb1';
	set @IV_sPassword='58bc55137ad85422546b70033e27b8d2';

	set @OV_biPassPortID=0;
	set @OV_sReturnMsg='';
	set @OV_sResult=-1;

	exec @OV_sResult = dbo.PrPub_UserInfo_CheckLogin
	 @chvProcPassword,
	 @IV_sLoginName,
	 @IV_sPassword,
	 @OV_biPassPortID out,
	 @OV_sReturnMsg out,
	 @OV_iRegType out;

	 select @OV_sResult, @OV_biPassPortID, @OV_sReturnMsg;
	
2019/05/20 17:42:53.673000 git.huoys.com/qp/hall/vendor/git.huoys.com/qp/common/http_message.(*httpHandler).ServeHTTP 97 Info: requestPath:getaccountid.
2019/05/20 17:42:53.676000 git.huoys.com/qp/hall/sql.GetPassportID 167 Info: 
	declare @chvProcPassword VARCHAR(32);
	declare @IV_sLoginName	VARCHAR(32);
	declare @IV_sPassword CHAR(32);
	declare @OV_sResult INT;

	declare @OV_biPassPortID BIGINT;
	declare @OV_sReturnMsg VARCHAR(128);
	declare @OV_iRegType INT;

	set @chvProcPassword='!43$a#@28Foi000C';
	set @IV_sLoginName='sjb1';
	set @IV_sPassword='58bc55137ad85422546b70033e27b8d2';

	set @OV_biPassPortID=0;
	set @OV_sReturnMsg='';
	set @OV_sResult=-1;

	exec @OV_sResult = dbo.PrPub_UserInfo_CheckLogin
	 @chvProcPassword,
	 @IV_sLoginName,
	 @IV_sPassword,
	 @OV_biPassPortID out,
	 @OV_sReturnMsg out,
	 @OV_iRegType out;

	 select @OV_sResult, @OV_biPassPortID, @OV_sReturnMsg;
	
2019/05/20 17:44:26.059000 git.huoys.com/qp/hall/vendor/git.huoys.com/qp/common/http_message.(*httpHandler).ServeHTTP 97 Info: requestPath:getaccountid.
2019/05/20 17:44:26.062000 git.huoys.com/qp/hall/sql.GetPassportID 167 Info: 
	declare @chvProcPassword VARCHAR(32);
	declare @IV_sLoginName	VARCHAR(32);
	declare @IV_sPassword CHAR(32);
	declare @OV_sResult INT;

	declare @OV_biPassPortID BIGINT;
	declare @OV_sReturnMsg VARCHAR(128);
	declare @OV_iRegType INT;

	set @chvProcPassword='!43$a#@28Foi000C';
	set @IV_sLoginName='sjb1';
	set @IV_sPassword='58bc55137ad85422546b70033e27b8d2';

	set @OV_biPassPortID=0;
	set @OV_sReturnMsg='';
	set @OV_sResult=-1;

	exec @OV_sResult = dbo.PrPub_UserInfo_CheckLogin
	 @chvProcPassword,
	 @IV_sLoginName,
	 @IV_sPassword,
	 @OV_biPassPortID out,
	 @OV_sReturnMsg out,
	 @OV_iRegType out;

	 select @OV_sResult, @OV_biPassPortID, @OV_sReturnMsg;
	
2019/05/20 17:46:35.837000 git.huoys.com/qp/hall/vendor/git.huoys.com/qp/common/http_message.(*httpHandler).ServeHTTP 97 Info: requestPath:getaccountid.
2019/05/20 17:46:35.839000 git.huoys.com/qp/hall/sql.GetPassportID 167 Info: 
	declare @chvProcPassword VARCHAR(32);
	declare @IV_sLoginName	VARCHAR(32);
	declare @IV_sPassword CHAR(32);
	declare @OV_sResult INT;

	declare @OV_biPassPortID BIGINT;
	declare @OV_sReturnMsg VARCHAR(128);
	declare @OV_iRegType INT;

	set @chvProcPassword='!43$a#@28Foi000C';
	set @IV_sLoginName='sjb1';
	set @IV_sPassword='58bc55137ad85422546b70033e27b8d2';

	set @OV_biPassPortID=0;
	set @OV_sReturnMsg='';
	set @OV_sResult=-1;

	exec @OV_sResult = dbo.PrPub_UserInfo_CheckLogin
	 @chvProcPassword,
	 @IV_sLoginName,
	 @IV_sPassword,
	 @OV_biPassPortID out,
	 @OV_sReturnMsg out,
	 @OV_iRegType out;

	 select @OV_sResult, @OV_biPassPortID, @OV_sReturnMsg;
	
2019/05/20 17:47:41.946000 git.huoys.com/qp/hall/vendor/git.huoys.com/qp/common/http_message.(*httpHandler).ServeHTTP 97 Info: requestPath:getaccountid.
2019/05/20 17:47:41.953000 git.huoys.com/qp/hall/sql.GetPassportID 167 Info: 
	declare @chvProcPassword VARCHAR(32);
	declare @IV_sLoginName	VARCHAR(32);
	declare @IV_sPassword CHAR(32);
	declare @OV_sResult INT;

	declare @OV_biPassPortID BIGINT;
	declare @OV_sReturnMsg VARCHAR(128);
	declare @OV_iRegType INT;

	set @chvProcPassword='!43$a#@28Foi000C';
	set @IV_sLoginName='sjb1';
	set @IV_sPassword='58bc55137ad85422546b70033e27b8d2';

	set @OV_biPassPortID=0;
	set @OV_sReturnMsg='';
	set @OV_sResult=-1;

	exec @OV_sResult = dbo.PrPub_UserInfo_CheckLogin
	 @chvProcPassword,
	 @IV_sLoginName,
	 @IV_sPassword,
	 @OV_biPassPortID out,
	 @OV_sReturnMsg out,
	 @OV_iRegType out;

	 select @OV_sResult, @OV_biPassPortID, @OV_sReturnMsg;
	
2019/05/20 17:49:10.764000 git.huoys.com/qp/hall/vendor/git.huoys.com/qp/common/http_message.(*httpHandler).ServeHTTP 97 Info: requestPath:getaccountid.
2019/05/20 17:49:10.765000 git.huoys.com/qp/hall/sql.GetPassportID 167 Info: 
	declare @chvProcPassword VARCHAR(32);
	declare @IV_sLoginName	VARCHAR(32);
	declare @IV_sPassword CHAR(32);
	declare @OV_sResult INT;

	declare @OV_biPassPortID BIGINT;
	declare @OV_sReturnMsg VARCHAR(128);
	declare @OV_iRegType INT;

	set @chvProcPassword='!43$a#@28Foi000C';
	set @IV_sLoginName='sjb1';
	set @IV_sPassword='58bc55137ad85422546b70033e27b8d2';

	set @OV_biPassPortID=0;
	set @OV_sReturnMsg='';
	set @OV_sResult=-1;

	exec @OV_sResult = dbo.PrPub_UserInfo_CheckLogin
	 @chvProcPassword,
	 @IV_sLoginName,
	 @IV_sPassword,
	 @OV_biPassPortID out,
	 @OV_sReturnMsg out,
	 @OV_iRegType out;

	 select @OV_sResult, @OV_biPassPortID, @OV_sReturnMsg;
	
2019/05/20 17:50:53.412000 git.huoys.com/qp/hall/vendor/git.huoys.com/qp/common/http_message.(*httpHandler).ServeHTTP 97 Info: requestPath:getaccountid.
2019/05/20 17:50:53.418000 git.huoys.com/qp/hall/sql.GetPassportID 167 Info: 
	declare @chvProcPassword VARCHAR(32);
	declare @IV_sLoginName	VARCHAR(32);
	declare @IV_sPassword CHAR(32);
	declare @OV_sResult INT;

	declare @OV_biPassPortID BIGINT;
	declare @OV_sReturnMsg VARCHAR(128);
	declare @OV_iRegType INT;

	set @chvProcPassword='!43$a#@28Foi000C';
	set @IV_sLoginName='sjb1';
	set @IV_sPassword='58bc55137ad85422546b70033e27b8d2';

	set @OV_biPassPortID=0;
	set @OV_sReturnMsg='';
	set @OV_sResult=-1;

	exec @OV_sResult = dbo.PrPub_UserInfo_CheckLogin
	 @chvProcPassword,
	 @IV_sLoginName,
	 @IV_sPassword,
	 @OV_biPassPortID out,
	 @OV_sReturnMsg out,
	 @OV_iRegType out;

	 select @OV_sResult, @OV_biPassPortID, @OV_sReturnMsg;
	
2019/05/20 17:51:12.594000 git.huoys.com/qp/hall/vendor/git.huoys.com/qp/common/config.loadConfig 50 Error: failed to open config file:%!(EXTRA string=)
2019/05/20 17:53:43.309000 git.huoys.com/qp/hall/vendor/git.huoys.com/qp/common/http_message.(*httpHandler).ServeHTTP 97 Info: requestPath:getaccountid.
2019/05/20 17:53:43.313000 git.huoys.com/qp/hall/sql.GetPassportID 167 Info: 
	declare @chvProcPassword VARCHAR(32);
	declare @IV_sLoginName	VARCHAR(32);
	declare @IV_sPassword CHAR(32);
	declare @OV_sResult INT;

	declare @OV_biPassPortID BIGINT;
	declare @OV_sReturnMsg VARCHAR(128);
	declare @OV_iRegType INT;

	set @chvProcPassword='!43$a#@28Foi000C';
	set @IV_sLoginName='sjb1';
	set @IV_sPassword='58bc55137ad85422546b70033e27b8d2';

	set @OV_biPassPortID=0;
	set @OV_sReturnMsg='';
	set @OV_sResult=-1;

	exec @OV_sResult = dbo.PrPub_UserInfo_CheckLogin
	 @chvProcPassword,
	 @IV_sLoginName,
	 @IV_sPassword,
	 @OV_biPassPortID out,
	 @OV_sReturnMsg out,
	 @OV_iRegType out;

	 select @OV_sResult, @OV_biPassPortID, @OV_sReturnMsg;
	
2019/05/20 17:56:43.694000 git.huoys.com/qp/hall/vendor/git.huoys.com/qp/common/http_message.(*httpHandler).ServeHTTP 97 Info: requestPath:getaccountid.
2019/05/20 17:56:43.699000 git.huoys.com/qp/hall/sql.GetPassportID 167 Info: 
	declare @chvProcPassword VARCHAR(32);
	declare @IV_sLoginName	VARCHAR(32);
	declare @IV_sPassword CHAR(32);
	declare @OV_sResult INT;

	declare @OV_biPassPortID BIGINT;
	declare @OV_sReturnMsg VARCHAR(128);
	declare @OV_iRegType INT;

	set @chvProcPassword='!43$a#@28Foi000C';
	set @IV_sLoginName='sjb1';
	set @IV_sPassword='58bc55137ad85422546b70033e27b8d2';

	set @OV_biPassPortID=0;
	set @OV_sReturnMsg='';
	set @OV_sResult=-1;

	exec @OV_sResult = dbo.PrPub_UserInfo_CheckLogin
	 @chvProcPassword,
	 @IV_sLoginName,
	 @IV_sPassword,
	 @OV_biPassPortID out,
	 @OV_sReturnMsg out,
	 @OV_iRegType out;

	 select @OV_sResult, @OV_biPassPortID, @OV_sReturnMsg;
	
2019/05/20 17:58:31.347000 git.huoys.com/qp/hall/vendor/git.huoys.com/qp/common/http_message.(*httpHandler).ServeHTTP 97 Info: requestPath:getaccountid.
2019/05/20 17:58:31.351000 git.huoys.com/qp/hall/sql.GetPassportID 167 Info: 
	declare @chvProcPassword VARCHAR(32);
	declare @IV_sLoginName	VARCHAR(32);
	declare @IV_sPassword CHAR(32);
	declare @OV_sResult INT;

	declare @OV_biPassPortID BIGINT;
	declare @OV_sReturnMsg VARCHAR(128);
	declare @OV_iRegType INT;

	set @chvProcPassword='!43$a#@28Foi000C';
	set @IV_sLoginName='sjb1';
	set @IV_sPassword='58bc55137ad85422546b70033e27b8d2';

	set @OV_biPassPortID=0;
	set @OV_sReturnMsg='';
	set @OV_sResult=-1;

	exec @OV_sResult = dbo.PrPub_UserInfo_CheckLogin
	 @chvProcPassword,
	 @IV_sLoginName,
	 @IV_sPassword,
	 @OV_biPassPortID out,
	 @OV_sReturnMsg out,
	 @OV_iRegType out;

	 select @OV_sResult, @OV_biPassPortID, @OV_sReturnMsg;
	
2019/05/20 18:00:45.794000 git.huoys.com/qp/hall/vendor/git.huoys.com/qp/common/http_message.(*httpHandler).ServeHTTP 97 Info: requestPath:getaccountid.
2019/05/20 18:00:45.795000 git.huoys.com/qp/hall/sql.GetPassportID 167 Info: 
	declare @chvProcPassword VARCHAR(32);
	declare @IV_sLoginName	VARCHAR(32);
	declare @IV_sPassword CHAR(32);
	declare @OV_sResult INT;

	declare @OV_biPassPortID BIGINT;
	declare @OV_sReturnMsg VARCHAR(128);
	declare @OV_iRegType INT;

	set @chvProcPassword='!43$a#@28Foi000C';
	set @IV_sLoginName='sjb1';
	set @IV_sPassword='58bc55137ad85422546b70033e27b8d2';

	set @OV_biPassPortID=0;
	set @OV_sReturnMsg='';
	set @OV_sResult=-1;

	exec @OV_sResult = dbo.PrPub_UserInfo_CheckLogin
	 @chvProcPassword,
	 @IV_sLoginName,
	 @IV_sPassword,
	 @OV_biPassPortID out,
	 @OV_sReturnMsg out,
	 @OV_iRegType out;

	 select @OV_sResult, @OV_biPassPortID, @OV_sReturnMsg;
	
2019/05/20 18:01:12.871000 git.huoys.com/qp/hall/vendor/git.huoys.com/qp/common/config.loadConfig 50 Error: failed to open config file:%!(EXTRA string=)
2019/05/20 18:01:36.556000 git.huoys.com/qp/hall/vendor/git.huoys.com/qp/common/http_message.(*httpHandler).ServeHTTP 97 Info: requestPath:getaccountid.
2019/05/20 18:01:36.557000 git.huoys.com/qp/hall/sql.GetPassportID 167 Info: 
	declare @chvProcPassword VARCHAR(32);
	declare @IV_sLoginName	VARCHAR(32);
	declare @IV_sPassword CHAR(32);
	declare @OV_sResult INT;

	declare @OV_biPassPortID BIGINT;
	declare @OV_sReturnMsg VARCHAR(128);
	declare @OV_iRegType INT;

	set @chvProcPassword='!43$a#@28Foi000C';
	set @IV_sLoginName='sjb2';
	set @IV_sPassword='58bc55137ad85422546b70033e27b8d2';

	set @OV_biPassPortID=0;
	set @OV_sReturnMsg='';
	set @OV_sResult=-1;

	exec @OV_sResult = dbo.PrPub_UserInfo_CheckLogin
	 @chvProcPassword,
	 @IV_sLoginName,
	 @IV_sPassword,
	 @OV_biPassPortID out,
	 @OV_sReturnMsg out,
	 @OV_iRegType out;

	 select @OV_sResult, @OV_biPassPortID, @OV_sReturnMsg;
	
2019/05/20 18:02:33.977000 git.huoys.com/qp/hall/vendor/git.huoys.com/qp/common/http_message.(*httpHandler).ServeHTTP 97 Info: requestPath:getaccountid.
2019/05/20 18:02:33.978000 git.huoys.com/qp/hall/sql.GetPassportID 167 Info: 
	declare @chvProcPassword VARCHAR(32);
	declare @IV_sLoginName	VARCHAR(32);
	declare @IV_sPassword CHAR(32);
	declare @OV_sResult INT;

	declare @OV_biPassPortID BIGINT;
	declare @OV_sReturnMsg VARCHAR(128);
	declare @OV_iRegType INT;

	set @chvProcPassword='!43$a#@28Foi000C';
	set @IV_sLoginName='sjb2';
	set @IV_sPassword='58bc55137ad85422546b70033e27b8d2';

	set @OV_biPassPortID=0;
	set @OV_sReturnMsg='';
	set @OV_sResult=-1;

	exec @OV_sResult = dbo.PrPub_UserInfo_CheckLogin
	 @chvProcPassword,
	 @IV_sLoginName,
	 @IV_sPassword,
	 @OV_biPassPortID out,
	 @OV_sReturnMsg out,
	 @OV_iRegType out;

	 select @OV_sResult, @OV_biPassPortID, @OV_sReturnMsg;
	
