2019/05/28 15:51:27.945800 main.main 70 Info: Hall start now ....
2019/05/28 15:51:27.963800 git.huoys.com/qp/hall/vendor/git.huoys.com/qp/common/config.loadConfig 50 Error: failed to open config file:%!(EXTRA string=)
2019/05/28 15:51:27.963800 git.huoys.com/qp/hall/vendor/git.huoys.com/qp/common/config.loadConfig 50 Error: failed to open config file:%!(EXTRA string=)
2019/05/28 15:51:27.972800 git.huoys.com/qp/hall/vendor/git.huoys.com/qp/common/mssql.ConnectGameDB 93 Info: connectionString:sqlserver://sa:hy7961pl.NET@172.13.0.58:39000?database=game_qp_bpl&connection+timeout=30&log=63&encrypt=disable.
2019/05/28 15:51:27.972800 git.huoys.com/qp/hall/vendor/git.huoys.com/qp/common/mssql.ConnectGameDB 100 Info: connectionString:sqlserver://sa:hy7961pl.NET@172.13.0.58:39000?database=game_qp_bpl&connection+timeout=30&log=63&encrypt=disable.
2019/05/28 15:51:27.977800 git.huoys.com/qp/hall/vendor/git.huoys.com/qp/common/mssql.ConnectGameDB 108 Info: DB game_qp_bpl (172.13.0.58:39000) connected.
2019/05/28 15:51:27.978800 git.huoys.com/qp/hall/vendor/git.huoys.com/qp/common/mssql.ConnectGameDB 93 Info: connectionString:sqlserver://sa:hy7961pl.NET@172.13.0.58:39000?database=game_qp_dds&connection+timeout=30&log=63&encrypt=disable.
2019/05/28 15:51:27.979800 git.huoys.com/qp/hall/vendor/git.huoys.com/qp/common/mssql.ConnectGameDB 100 Info: connectionString:sqlserver://sa:hy7961pl.NET@172.13.0.58:39000?database=game_qp_dds&connection+timeout=30&log=63&encrypt=disable.
2019/05/28 15:51:27.984800 git.huoys.com/qp/hall/vendor/git.huoys.com/qp/common/mssql.ConnectGameDB 108 Info: DB game_qp_dds (172.13.0.58:39000) connected.
2019/05/28 15:51:27.984800 git.huoys.com/qp/hall/vendor/git.huoys.com/qp/common/mssql.ConnectGameDB 93 Info: connectionString:sqlserver://sa:hy7961pl.NET@172.13.0.58:39000?database=game_qp_config&connection+timeout=30&log=63&encrypt=disable.
2019/05/28 15:51:27.985800 git.huoys.com/qp/hall/vendor/git.huoys.com/qp/common/mssql.ConnectGameDB 100 Info: connectionString:sqlserver://sa:hy7961pl.NET@172.13.0.58:39000?database=game_qp_config&connection+timeout=30&log=63&encrypt=disable.
2019/05/28 15:51:27.990800 git.huoys.com/qp/hall/vendor/git.huoys.com/qp/common/mssql.ConnectGameDB 108 Info: DB game_qp_config (172.13.0.58:39000) connected.
2019/05/28 15:51:27.990800 git.huoys.com/qp/hall/sql.ConnectDB 106 Info: connectionString:sqlserver://SYGameServer:QP%21&%2532456%40@113.106.164.43:32960?connection+timeout=60&database=Passport.
2019/05/28 15:51:28.085800 git.huoys.com/qp/hall/sql.ConnectDB 120 Info: DB Passport (113.106.164.43:32960) connected.
2019/05/28 15:51:28.086800 git.huoys.com/qp/hall/sql.ConnectDB 106 Info: connectionString:sqlserver://SYGameServer:QP%21&%2532456%40@113.106.164.43:32960?connection+timeout=60&database=SY_Money.
2019/05/28 15:51:28.242800 git.huoys.com/qp/hall/sql.ConnectDB 120 Info: DB SY_Money (113.106.164.43:32960) connected.
2019/05/28 15:51:28.244800 git.huoys.com/qp/hall/sql.ConnectDB 106 Info: connectionString:sqlserver://SYGameServer:QP%21&%2532456%40@113.106.164.43:32960?connection+timeout=60&database=CYMoney.
2019/05/28 15:51:28.264800 git.huoys.com/qp/hall/sql.ConnectDB 120 Info: DB CYMoney (113.106.164.43:32960) connected.
2019/05/28 15:51:28.265800 git.huoys.com/qp/hall/sql.ConnectDB 106 Info: connectionString:sqlserver://SYGameServer:QP%21&%2532456%40@113.106.164.43:32960?connection+timeout=60&database=SY_GameCenter.
2019/05/28 15:51:28.289800 git.huoys.com/qp/hall/sql.ConnectDB 120 Info: DB SY_GameCenter (113.106.164.43:32960) connected.
2019/05/28 15:51:28.289800 main.main 87 Warning: start Hall sucess !
2019/05/28 15:51:28.290800 git.huoys.com/qp/hall/http.Startup 41 Warning: http url:0.0.0.0:8000.
2019/05/28 15:51:28.290800 git.huoys.com/qp/hall/vendor/git.huoys.com/qp/common/http_message.acceptHTTPRequest 80 Info: Http server listen at:0.0.0.0:8000
2019/05/28 16:01:31.288000 git.huoys.com/qp/hall/vendor/git.huoys.com/qp/common/config.loadConfig 50 Error: failed to open config file:%!(EXTRA string=)
2019/05/28 16:11:31.287000 git.huoys.com/qp/hall/vendor/git.huoys.com/qp/common/config.loadConfig 50 Error: failed to open config file:%!(EXTRA string=)
2019/05/28 16:19:35.270000 git.huoys.com/qp/hall/vendor/git.huoys.com/qp/common/http_message.(*httpHandler).ServeHTTP 97 Info: requestPath:getaccountid.
2019/05/28 16:19:35.272000 git.huoys.com/qp/hall/sql.GetPassportID 167 Info: 
	declare @chvProcPassword VARCHAR(32);
	declare @IV_sLoginName	VARCHAR(32);
	declare @IV_sPassword CHAR(32);
	declare @OV_sResult INT;

	declare @OV_biPassPortID BIGINT;
	declare @OV_sReturnMsg VARCHAR(128);
	declare @OV_iRegType INT;

	set @chvProcPassword='!43$a#@28Foi000C';
	set @IV_sLoginName='sjb2';
	set @IV_sPassword='58bc55137ad85422546b70033e27b8d2';

	set @OV_biPassPortID=0;
	set @OV_sReturnMsg='';
	set @OV_sResult=-1;

	exec @OV_sResult = dbo.PrPub_UserInfo_CheckLogin
	 @chvProcPassword,
	 @IV_sLoginName,
	 @IV_sPassword,
	 @OV_biPassPortID out,
	 @OV_sReturnMsg out,
	 @OV_iRegType out;

	 select @OV_sResult, @OV_biPassPortID, @OV_sReturnMsg;
	
2019/05/28 16:21:31.298000 git.huoys.com/qp/hall/vendor/git.huoys.com/qp/common/config.loadConfig 50 Error: failed to open config file:%!(EXTRA string=)
2019/05/28 16:31:31.301000 git.huoys.com/qp/hall/vendor/git.huoys.com/qp/common/config.loadConfig 50 Error: failed to open config file:%!(EXTRA string=)
2019/05/28 16:41:31.307000 git.huoys.com/qp/hall/vendor/git.huoys.com/qp/common/config.loadConfig 50 Error: failed to open config file:%!(EXTRA string=)
2019/05/28 16:51:31.336000 git.huoys.com/qp/hall/vendor/git.huoys.com/qp/common/config.loadConfig 50 Error: failed to open config file:%!(EXTRA string=)
2019/05/28 17:01:31.335000 git.huoys.com/qp/hall/vendor/git.huoys.com/qp/common/config.loadConfig 50 Error: failed to open config file:%!(EXTRA string=)
2019/05/28 17:11:31.335000 git.huoys.com/qp/hall/vendor/git.huoys.com/qp/common/config.loadConfig 50 Error: failed to open config file:%!(EXTRA string=)
2019/05/28 17:19:04.682000 git.huoys.com/qp/hall/vendor/git.huoys.com/qp/common/http_message.(*httpHandler).ServeHTTP 97 Info: requestPath:getaccountid.
2019/05/28 17:19:04.683000 git.huoys.com/qp/hall/sql.GetPassportID 167 Info: 
	declare @chvProcPassword VARCHAR(32);
	declare @IV_sLoginName	VARCHAR(32);
	declare @IV_sPassword CHAR(32);
	declare @OV_sResult INT;

	declare @OV_biPassPortID BIGINT;
	declare @OV_sReturnMsg VARCHAR(128);
	declare @OV_iRegType INT;

	set @chvProcPassword='!43$a#@28Foi000C';
	set @IV_sLoginName='sjb2';
	set @IV_sPassword='58bc55137ad85422546b70033e27b8d2';

	set @OV_biPassPortID=0;
	set @OV_sReturnMsg='';
	set @OV_sResult=-1;

	exec @OV_sResult = dbo.PrPub_UserInfo_CheckLogin
	 @chvProcPassword,
	 @IV_sLoginName,
	 @IV_sPassword,
	 @OV_biPassPortID out,
	 @OV_sReturnMsg out,
	 @OV_iRegType out;

	 select @OV_sResult, @OV_biPassPortID, @OV_sReturnMsg;
	
2019/05/28 17:21:31.336000 git.huoys.com/qp/hall/vendor/git.huoys.com/qp/common/config.loadConfig 50 Error: failed to open config file:%!(EXTRA string=)
2019/05/28 17:31:31.337000 git.huoys.com/qp/hall/vendor/git.huoys.com/qp/common/config.loadConfig 50 Error: failed to open config file:%!(EXTRA string=)
2019/05/28 17:41:31.336000 git.huoys.com/qp/hall/vendor/git.huoys.com/qp/common/config.loadConfig 50 Error: failed to open config file:%!(EXTRA string=)
2019/05/28 17:51:31.337000 git.huoys.com/qp/hall/vendor/git.huoys.com/qp/common/config.loadConfig 50 Error: failed to open config file:%!(EXTRA string=)
2019/05/28 18:01:31.336000 git.huoys.com/qp/hall/vendor/git.huoys.com/qp/common/config.loadConfig 50 Error: failed to open config file:%!(EXTRA string=)
2019/05/28 18:11:31.339000 git.huoys.com/qp/hall/vendor/git.huoys.com/qp/common/config.loadConfig 50 Error: failed to open config file:%!(EXTRA string=)
2019/05/28 18:21:31.339000 git.huoys.com/qp/hall/vendor/git.huoys.com/qp/common/config.loadConfig 50 Error: failed to open config file:%!(EXTRA string=)
2019/05/28 18:31:31.341000 git.huoys.com/qp/hall/vendor/git.huoys.com/qp/common/config.loadConfig 50 Error: failed to open config file:%!(EXTRA string=)
2019/05/28 18:41:31.342000 git.huoys.com/qp/hall/vendor/git.huoys.com/qp/common/config.loadConfig 50 Error: failed to open config file:%!(EXTRA string=)
2019/05/28 18:51:31.340000 git.huoys.com/qp/hall/vendor/git.huoys.com/qp/common/config.loadConfig 50 Error: failed to open config file:%!(EXTRA string=)
2019/05/28 19:01:31.341000 git.huoys.com/qp/hall/vendor/git.huoys.com/qp/common/config.loadConfig 50 Error: failed to open config file:%!(EXTRA string=)
2019/05/28 19:11:31.341000 git.huoys.com/qp/hall/vendor/git.huoys.com/qp/common/config.loadConfig 50 Error: failed to open config file:%!(EXTRA string=)
2019/05/28 19:21:31.341000 git.huoys.com/qp/hall/vendor/git.huoys.com/qp/common/config.loadConfig 50 Error: failed to open config file:%!(EXTRA string=)
2019/05/28 19:31:31.341000 git.huoys.com/qp/hall/vendor/git.huoys.com/qp/common/config.loadConfig 50 Error: failed to open config file:%!(EXTRA string=)
2019/05/28 19:41:31.341000 git.huoys.com/qp/hall/vendor/git.huoys.com/qp/common/config.loadConfig 50 Error: failed to open config file:%!(EXTRA string=)
2019/05/28 19:51:31.342000 git.huoys.com/qp/hall/vendor/git.huoys.com/qp/common/config.loadConfig 50 Error: failed to open config file:%!(EXTRA string=)
2019/05/28 20:01:31.343000 git.huoys.com/qp/hall/vendor/git.huoys.com/qp/common/config.loadConfig 50 Error: failed to open config file:%!(EXTRA string=)
2019/05/28 20:11:31.347000 git.huoys.com/qp/hall/vendor/git.huoys.com/qp/common/config.loadConfig 50 Error: failed to open config file:%!(EXTRA string=)
2019/05/28 20:21:31.347000 git.huoys.com/qp/hall/vendor/git.huoys.com/qp/common/config.loadConfig 50 Error: failed to open config file:%!(EXTRA string=)
2019/05/28 20:31:31.347000 git.huoys.com/qp/hall/vendor/git.huoys.com/qp/common/config.loadConfig 50 Error: failed to open config file:%!(EXTRA string=)
2019/05/28 20:41:31.347000 git.huoys.com/qp/hall/vendor/git.huoys.com/qp/common/config.loadConfig 50 Error: failed to open config file:%!(EXTRA string=)
2019/05/28 20:51:31.356000 git.huoys.com/qp/hall/vendor/git.huoys.com/qp/common/config.loadConfig 50 Error: failed to open config file:%!(EXTRA string=)
2019/05/28 21:01:31.353000 git.huoys.com/qp/hall/vendor/git.huoys.com/qp/common/config.loadConfig 50 Error: failed to open config file:%!(EXTRA string=)
2019/05/28 21:11:31.353000 git.huoys.com/qp/hall/vendor/git.huoys.com/qp/common/config.loadConfig 50 Error: failed to open config file:%!(EXTRA string=)
2019/05/28 21:21:31.355000 git.huoys.com/qp/hall/vendor/git.huoys.com/qp/common/config.loadConfig 50 Error: failed to open config file:%!(EXTRA string=)
2019/05/28 21:31:31.353000 git.huoys.com/qp/hall/vendor/git.huoys.com/qp/common/config.loadConfig 50 Error: failed to open config file:%!(EXTRA string=)
2019/05/28 21:41:31.352000 git.huoys.com/qp/hall/vendor/git.huoys.com/qp/common/config.loadConfig 50 Error: failed to open config file:%!(EXTRA string=)
2019/05/28 21:51:31.354000 git.huoys.com/qp/hall/vendor/git.huoys.com/qp/common/config.loadConfig 50 Error: failed to open config file:%!(EXTRA string=)
2019/05/28 22:01:31.354000 git.huoys.com/qp/hall/vendor/git.huoys.com/qp/common/config.loadConfig 50 Error: failed to open config file:%!(EXTRA string=)
2019/05/28 22:11:31.354000 git.huoys.com/qp/hall/vendor/git.huoys.com/qp/common/config.loadConfig 50 Error: failed to open config file:%!(EXTRA string=)
2019/05/28 22:21:31.354000 git.huoys.com/qp/hall/vendor/git.huoys.com/qp/common/config.loadConfig 50 Error: failed to open config file:%!(EXTRA string=)
2019/05/28 22:31:31.355000 git.huoys.com/qp/hall/vendor/git.huoys.com/qp/common/config.loadConfig 50 Error: failed to open config file:%!(EXTRA string=)
2019/05/28 22:41:31.354000 git.huoys.com/qp/hall/vendor/git.huoys.com/qp/common/config.loadConfig 50 Error: failed to open config file:%!(EXTRA string=)
2019/05/28 22:51:31.354000 git.huoys.com/qp/hall/vendor/git.huoys.com/qp/common/config.loadConfig 50 Error: failed to open config file:%!(EXTRA string=)
2019/05/28 23:01:31.357000 git.huoys.com/qp/hall/vendor/git.huoys.com/qp/common/config.loadConfig 50 Error: failed to open config file:%!(EXTRA string=)
2019/05/28 23:11:31.358000 git.huoys.com/qp/hall/vendor/git.huoys.com/qp/common/config.loadConfig 50 Error: failed to open config file:%!(EXTRA string=)
2019/05/28 23:21:31.355000 git.huoys.com/qp/hall/vendor/git.huoys.com/qp/common/config.loadConfig 50 Error: failed to open config file:%!(EXTRA string=)
2019/05/28 23:31:31.358000 git.huoys.com/qp/hall/vendor/git.huoys.com/qp/common/config.loadConfig 50 Error: failed to open config file:%!(EXTRA string=)
2019/05/28 23:41:31.358000 git.huoys.com/qp/hall/vendor/git.huoys.com/qp/common/config.loadConfig 50 Error: failed to open config file:%!(EXTRA string=)
2019/05/28 23:51:31.359000 git.huoys.com/qp/hall/vendor/git.huoys.com/qp/common/config.loadConfig 50 Error: failed to open config file:%!(EXTRA string=)
2019/05/29 00:01:31.359000 git.huoys.com/qp/hall/vendor/git.huoys.com/qp/common/config.loadConfig 50 Error: failed to open config file:%!(EXTRA string=)
