2019/05/17 00:18:26.957200 git.huoys.com/qp/cells/game_trace.polling 557 Info: log money polling....
	全局统计 翻牌统计: 攻击次数:0,击杀次数:0,免伤次数:0,空卡次数:0,宝箱次数:0,普通怪次数:0,Boss怪次数:0,消耗:0 收益:0 返回率:0.000000;
	全局统计 BOXID:100	攻击次数:0,击杀次数:0,免伤次数:0,消耗:0,收益:0,单次最大盈利:0 单次时间:2019-05-17 00:18:26;
	全局统计 BOXID:101	攻击次数:0,击杀次数:0,免伤次数:0,消耗:0,收益:0,单次最大盈利:0 单次时间:2019-05-17 00:18:26;
	全局统计 BOXID:102	攻击次数:0,击杀次数:0,免伤次数:0,消耗:0,收益:0,单次最大盈利:0 单次时间:2019-05-17 00:18:26;
	全局统计 MONSTERID:300	攻击次数:0,免伤次数:0,击杀次数:0,消耗:0,收益:0,单次最大盈利:0 单次时间:2019-05-17 00:18:26;
	全局统计 MONSTERID:301	攻击次数:0,免伤次数:0,击杀次数:0,消耗:0,收益:0,单次最大盈利:0 单次时间:2019-05-17 00:18:26;
	全局统计 MONSTERID:302	攻击次数:0,免伤次数:0,击杀次数:0,消耗:0,收益:0,单次最大盈利:0 单次时间:2019-05-17 00:18:26;
	全局统计 MONSTERID:303	攻击次数:0,免伤次数:0,击杀次数:0,消耗:0,收益:0,单次最大盈利:0 单次时间:2019-05-17 00:18:26;
	全局统计 MONSTERID:304	攻击次数:0,免伤次数:0,击杀次数:0,消耗:0,收益:0,单次最大盈利:0 单次时间:2019-05-17 00:18:26;
	全局统计 MONSTERID:305	攻击次数:0,免伤次数:0,击杀次数:0,消耗:0,收益:0,单次最大盈利:0 单次时间:2019-05-17 00:18:26;
	全局统计 MONSTERID:306	攻击次数:0,免伤次数:0,击杀次数:0,消耗:0,收益:0,单次最大盈利:0 单次时间:2019-05-17 00:18:26;
	全局统计 MONSTERID:307	攻击次数:0,免伤次数:0,击杀次数:0,消耗:0,收益:0,单次最大盈利:0 单次时间:2019-05-17 00:18:26;
	全局统计 MONSTERID:311	攻击次数:0,免伤次数:0,击杀次数:0,消耗:0,收益:0,单次最大盈利:0 单次时间:2019-05-17 00:18:26;
	全局统计 MONSTERID:312	攻击次数:0,免伤次数:0,击杀次数:0,消耗:0,收益:0,单次最大盈利:0 单次时间:2019-05-17 00:18:26;
	全局统计 MONSTERID:313	攻击次数:0,免伤次数:0,击杀次数:0,消耗:0,收益:0,单次最大盈利:0 单次时间:2019-05-17 00:18:26;
	全局统计 MONSTERID:314	攻击次数:0,免伤次数:0,击杀次数:0,消耗:0,收益:0,单次最大盈利:0 单次时间:2019-05-17 00:18:26;
	全局统计 ALLMONSTERID 消耗:0,收益:0,返回率:0.000000;
	全局统计 过敏源剧情 消耗:0,收益:0,返回率:0.000000;
	全局统计 总输赢:0 总消耗:-0 总收益:+0 总免伤次数:0 总免伤:0 返回率:0.000000 时间:2019-05-17_00_18_26
2019/05/17 00:48:26.967200 git.huoys.com/qp/cells/game_trace.polling 557 Info: log money polling....
	全局统计 翻牌统计: 攻击次数:0,击杀次数:0,免伤次数:0,空卡次数:0,宝箱次数:0,普通怪次数:0,Boss怪次数:0,消耗:0 收益:0 返回率:0.000000;
	全局统计 BOXID:100	攻击次数:0,击杀次数:0,免伤次数:0,消耗:0,收益:0,单次最大盈利:0 单次时间:2019-05-17 00:48:26;
	全局统计 BOXID:101	攻击次数:0,击杀次数:0,免伤次数:0,消耗:0,收益:0,单次最大盈利:0 单次时间:2019-05-17 00:48:26;
	全局统计 BOXID:102	攻击次数:0,击杀次数:0,免伤次数:0,消耗:0,收益:0,单次最大盈利:0 单次时间:2019-05-17 00:48:26;
	全局统计 MONSTERID:300	攻击次数:0,免伤次数:0,击杀次数:0,消耗:0,收益:0,单次最大盈利:0 单次时间:2019-05-17 00:48:26;
	全局统计 MONSTERID:301	攻击次数:0,免伤次数:0,击杀次数:0,消耗:0,收益:0,单次最大盈利:0 单次时间:2019-05-17 00:48:26;
	全局统计 MONSTERID:302	攻击次数:0,免伤次数:0,击杀次数:0,消耗:0,收益:0,单次最大盈利:0 单次时间:2019-05-17 00:48:26;
	全局统计 MONSTERID:303	攻击次数:0,免伤次数:0,击杀次数:0,消耗:0,收益:0,单次最大盈利:0 单次时间:2019-05-17 00:48:26;
	全局统计 MONSTERID:304	攻击次数:0,免伤次数:0,击杀次数:0,消耗:0,收益:0,单次最大盈利:0 单次时间:2019-05-17 00:48:26;
	全局统计 MONSTERID:305	攻击次数:0,免伤次数:0,击杀次数:0,消耗:0,收益:0,单次最大盈利:0 单次时间:2019-05-17 00:48:26;
	全局统计 MONSTERID:306	攻击次数:0,免伤次数:0,击杀次数:0,消耗:0,收益:0,单次最大盈利:0 单次时间:2019-05-17 00:48:26;
	全局统计 MONSTERID:307	攻击次数:0,免伤次数:0,击杀次数:0,消耗:0,收益:0,单次最大盈利:0 单次时间:2019-05-17 00:48:26;
	全局统计 MONSTERID:311	攻击次数:0,免伤次数:0,击杀次数:0,消耗:0,收益:0,单次最大盈利:0 单次时间:2019-05-17 00:48:26;
	全局统计 MONSTERID:312	攻击次数:0,免伤次数:0,击杀次数:0,消耗:0,收益:0,单次最大盈利:0 单次时间:2019-05-17 00:48:26;
	全局统计 MONSTERID:313	攻击次数:0,免伤次数:0,击杀次数:0,消耗:0,收益:0,单次最大盈利:0 单次时间:2019-05-17 00:48:26;
	全局统计 MONSTERID:314	攻击次数:0,免伤次数:0,击杀次数:0,消耗:0,收益:0,单次最大盈利:0 单次时间:2019-05-17 00:48:26;
	全局统计 ALLMONSTERID 消耗:0,收益:0,返回率:0.000000;
	全局统计 过敏源剧情 消耗:0,收益:0,返回率:0.000000;
	全局统计 总输赢:0 总消耗:-0 总收益:+0 总免伤次数:0 总免伤:0 返回率:0.000000 时间:2019-05-17_00_48_26
2019/05/17 01:18:26.996200 git.huoys.com/qp/cells/game_trace.polling 557 Info: log money polling....
	全局统计 翻牌统计: 攻击次数:0,击杀次数:0,免伤次数:0,空卡次数:0,宝箱次数:0,普通怪次数:0,Boss怪次数:0,消耗:0 收益:0 返回率:0.000000;
	全局统计 BOXID:100	攻击次数:0,击杀次数:0,免伤次数:0,消耗:0,收益:0,单次最大盈利:0 单次时间:2019-05-17 01:18:26;
	全局统计 BOXID:101	攻击次数:0,击杀次数:0,免伤次数:0,消耗:0,收益:0,单次最大盈利:0 单次时间:2019-05-17 01:18:26;
	全局统计 BOXID:102	攻击次数:0,击杀次数:0,免伤次数:0,消耗:0,收益:0,单次最大盈利:0 单次时间:2019-05-17 01:18:26;
	全局统计 MONSTERID:300	攻击次数:0,免伤次数:0,击杀次数:0,消耗:0,收益:0,单次最大盈利:0 单次时间:2019-05-17 01:18:26;
	全局统计 MONSTERID:301	攻击次数:0,免伤次数:0,击杀次数:0,消耗:0,收益:0,单次最大盈利:0 单次时间:2019-05-17 01:18:26;
	全局统计 MONSTERID:302	攻击次数:0,免伤次数:0,击杀次数:0,消耗:0,收益:0,单次最大盈利:0 单次时间:2019-05-17 01:18:26;
	全局统计 MONSTERID:303	攻击次数:0,免伤次数:0,击杀次数:0,消耗:0,收益:0,单次最大盈利:0 单次时间:2019-05-17 01:18:26;
	全局统计 MONSTERID:304	攻击次数:0,免伤次数:0,击杀次数:0,消耗:0,收益:0,单次最大盈利:0 单次时间:2019-05-17 01:18:26;
	全局统计 MONSTERID:305	攻击次数:0,免伤次数:0,击杀次数:0,消耗:0,收益:0,单次最大盈利:0 单次时间:2019-05-17 01:18:26;
	全局统计 MONSTERID:306	攻击次数:0,免伤次数:0,击杀次数:0,消耗:0,收益:0,单次最大盈利:0 单次时间:2019-05-17 01:18:26;
	全局统计 MONSTERID:307	攻击次数:0,免伤次数:0,击杀次数:0,消耗:0,收益:0,单次最大盈利:0 单次时间:2019-05-17 01:18:26;
	全局统计 MONSTERID:311	攻击次数:0,免伤次数:0,击杀次数:0,消耗:0,收益:0,单次最大盈利:0 单次时间:2019-05-17 01:18:26;
	全局统计 MONSTERID:312	攻击次数:0,免伤次数:0,击杀次数:0,消耗:0,收益:0,单次最大盈利:0 单次时间:2019-05-17 01:18:26;
	全局统计 MONSTERID:313	攻击次数:0,免伤次数:0,击杀次数:0,消耗:0,收益:0,单次最大盈利:0 单次时间:2019-05-17 01:18:26;
	全局统计 MONSTERID:314	攻击次数:0,免伤次数:0,击杀次数:0,消耗:0,收益:0,单次最大盈利:0 单次时间:2019-05-17 01:18:26;
	全局统计 ALLMONSTERID 消耗:0,收益:0,返回率:0.000000;
	全局统计 过敏源剧情 消耗:0,收益:0,返回率:0.000000;
	全局统计 总输赢:0 总消耗:-0 总收益:+0 总免伤次数:0 总免伤:0 返回率:0.000000 时间:2019-05-17_01_18_26
2019/05/17 01:48:27.027200 git.huoys.com/qp/cells/game_trace.polling 557 Info: log money polling....
	全局统计 翻牌统计: 攻击次数:0,击杀次数:0,免伤次数:0,空卡次数:0,宝箱次数:0,普通怪次数:0,Boss怪次数:0,消耗:0 收益:0 返回率:0.000000;
	全局统计 BOXID:100	攻击次数:0,击杀次数:0,免伤次数:0,消耗:0,收益:0,单次最大盈利:0 单次时间:2019-05-17 01:48:27;
	全局统计 BOXID:101	攻击次数:0,击杀次数:0,免伤次数:0,消耗:0,收益:0,单次最大盈利:0 单次时间:2019-05-17 01:48:27;
	全局统计 BOXID:102	攻击次数:0,击杀次数:0,免伤次数:0,消耗:0,收益:0,单次最大盈利:0 单次时间:2019-05-17 01:48:27;
	全局统计 MONSTERID:300	攻击次数:0,免伤次数:0,击杀次数:0,消耗:0,收益:0,单次最大盈利:0 单次时间:2019-05-17 01:48:27;
	全局统计 MONSTERID:301	攻击次数:0,免伤次数:0,击杀次数:0,消耗:0,收益:0,单次最大盈利:0 单次时间:2019-05-17 01:48:27;
	全局统计 MONSTERID:302	攻击次数:0,免伤次数:0,击杀次数:0,消耗:0,收益:0,单次最大盈利:0 单次时间:2019-05-17 01:48:27;
	全局统计 MONSTERID:303	攻击次数:0,免伤次数:0,击杀次数:0,消耗:0,收益:0,单次最大盈利:0 单次时间:2019-05-17 01:48:27;
	全局统计 MONSTERID:304	攻击次数:0,免伤次数:0,击杀次数:0,消耗:0,收益:0,单次最大盈利:0 单次时间:2019-05-17 01:48:27;
	全局统计 MONSTERID:305	攻击次数:0,免伤次数:0,击杀次数:0,消耗:0,收益:0,单次最大盈利:0 单次时间:2019-05-17 01:48:27;
	全局统计 MONSTERID:306	攻击次数:0,免伤次数:0,击杀次数:0,消耗:0,收益:0,单次最大盈利:0 单次时间:2019-05-17 01:48:27;
	全局统计 MONSTERID:307	攻击次数:0,免伤次数:0,击杀次数:0,消耗:0,收益:0,单次最大盈利:0 单次时间:2019-05-17 01:48:27;
	全局统计 MONSTERID:311	攻击次数:0,免伤次数:0,击杀次数:0,消耗:0,收益:0,单次最大盈利:0 单次时间:2019-05-17 01:48:27;
	全局统计 MONSTERID:312	攻击次数:0,免伤次数:0,击杀次数:0,消耗:0,收益:0,单次最大盈利:0 单次时间:2019-05-17 01:48:27;
	全局统计 MONSTERID:313	攻击次数:0,免伤次数:0,击杀次数:0,消耗:0,收益:0,单次最大盈利:0 单次时间:2019-05-17 01:48:27;
	全局统计 MONSTERID:314	攻击次数:0,免伤次数:0,击杀次数:0,消耗:0,收益:0,单次最大盈利:0 单次时间:2019-05-17 01:48:27;
	全局统计 ALLMONSTERID 消耗:0,收益:0,返回率:0.000000;
	全局统计 过敏源剧情 消耗:0,收益:0,返回率:0.000000;
	全局统计 总输赢:0 总消耗:-0 总收益:+0 总免伤次数:0 总免伤:0 返回率:0.000000 时间:2019-05-17_01_48_27
2019/05/17 02:18:27.043200 git.huoys.com/qp/cells/game_trace.polling 557 Info: log money polling....
	全局统计 翻牌统计: 攻击次数:0,击杀次数:0,免伤次数:0,空卡次数:0,宝箱次数:0,普通怪次数:0,Boss怪次数:0,消耗:0 收益:0 返回率:0.000000;
	全局统计 BOXID:100	攻击次数:0,击杀次数:0,免伤次数:0,消耗:0,收益:0,单次最大盈利:0 单次时间:2019-05-17 02:18:27;
	全局统计 BOXID:101	攻击次数:0,击杀次数:0,免伤次数:0,消耗:0,收益:0,单次最大盈利:0 单次时间:2019-05-17 02:18:27;
	全局统计 BOXID:102	攻击次数:0,击杀次数:0,免伤次数:0,消耗:0,收益:0,单次最大盈利:0 单次时间:2019-05-17 02:18:27;
	全局统计 MONSTERID:300	攻击次数:0,免伤次数:0,击杀次数:0,消耗:0,收益:0,单次最大盈利:0 单次时间:2019-05-17 02:18:27;
	全局统计 MONSTERID:301	攻击次数:0,免伤次数:0,击杀次数:0,消耗:0,收益:0,单次最大盈利:0 单次时间:2019-05-17 02:18:27;
	全局统计 MONSTERID:302	攻击次数:0,免伤次数:0,击杀次数:0,消耗:0,收益:0,单次最大盈利:0 单次时间:2019-05-17 02:18:27;
	全局统计 MONSTERID:303	攻击次数:0,免伤次数:0,击杀次数:0,消耗:0,收益:0,单次最大盈利:0 单次时间:2019-05-17 02:18:27;
	全局统计 MONSTERID:304	攻击次数:0,免伤次数:0,击杀次数:0,消耗:0,收益:0,单次最大盈利:0 单次时间:2019-05-17 02:18:27;
	全局统计 MONSTERID:305	攻击次数:0,免伤次数:0,击杀次数:0,消耗:0,收益:0,单次最大盈利:0 单次时间:2019-05-17 02:18:27;
	全局统计 MONSTERID:306	攻击次数:0,免伤次数:0,击杀次数:0,消耗:0,收益:0,单次最大盈利:0 单次时间:2019-05-17 02:18:27;
	全局统计 MONSTERID:307	攻击次数:0,免伤次数:0,击杀次数:0,消耗:0,收益:0,单次最大盈利:0 单次时间:2019-05-17 02:18:27;
	全局统计 MONSTERID:311	攻击次数:0,免伤次数:0,击杀次数:0,消耗:0,收益:0,单次最大盈利:0 单次时间:2019-05-17 02:18:27;
	全局统计 MONSTERID:312	攻击次数:0,免伤次数:0,击杀次数:0,消耗:0,收益:0,单次最大盈利:0 单次时间:2019-05-17 02:18:27;
	全局统计 MONSTERID:313	攻击次数:0,免伤次数:0,击杀次数:0,消耗:0,收益:0,单次最大盈利:0 单次时间:2019-05-17 02:18:27;
	全局统计 MONSTERID:314	攻击次数:0,免伤次数:0,击杀次数:0,消耗:0,收益:0,单次最大盈利:0 单次时间:2019-05-17 02:18:27;
	全局统计 ALLMONSTERID 消耗:0,收益:0,返回率:0.000000;
	全局统计 过敏源剧情 消耗:0,收益:0,返回率:0.000000;
	全局统计 总输赢:0 总消耗:-0 总收益:+0 总免伤次数:0 总免伤:0 返回率:0.000000 时间:2019-05-17_02_18_27
2019/05/17 02:48:27.052200 git.huoys.com/qp/cells/game_trace.polling 557 Info: log money polling....
	全局统计 翻牌统计: 攻击次数:0,击杀次数:0,免伤次数:0,空卡次数:0,宝箱次数:0,普通怪次数:0,Boss怪次数:0,消耗:0 收益:0 返回率:0.000000;
	全局统计 BOXID:100	攻击次数:0,击杀次数:0,免伤次数:0,消耗:0,收益:0,单次最大盈利:0 单次时间:2019-05-17 02:48:27;
	全局统计 BOXID:101	攻击次数:0,击杀次数:0,免伤次数:0,消耗:0,收益:0,单次最大盈利:0 单次时间:2019-05-17 02:48:27;
	全局统计 BOXID:102	攻击次数:0,击杀次数:0,免伤次数:0,消耗:0,收益:0,单次最大盈利:0 单次时间:2019-05-17 02:48:27;
	全局统计 MONSTERID:300	攻击次数:0,免伤次数:0,击杀次数:0,消耗:0,收益:0,单次最大盈利:0 单次时间:2019-05-17 02:48:27;
	全局统计 MONSTERID:301	攻击次数:0,免伤次数:0,击杀次数:0,消耗:0,收益:0,单次最大盈利:0 单次时间:2019-05-17 02:48:27;
	全局统计 MONSTERID:302	攻击次数:0,免伤次数:0,击杀次数:0,消耗:0,收益:0,单次最大盈利:0 单次时间:2019-05-17 02:48:27;
	全局统计 MONSTERID:303	攻击次数:0,免伤次数:0,击杀次数:0,消耗:0,收益:0,单次最大盈利:0 单次时间:2019-05-17 02:48:27;
	全局统计 MONSTERID:304	攻击次数:0,免伤次数:0,击杀次数:0,消耗:0,收益:0,单次最大盈利:0 单次时间:2019-05-17 02:48:27;
	全局统计 MONSTERID:305	攻击次数:0,免伤次数:0,击杀次数:0,消耗:0,收益:0,单次最大盈利:0 单次时间:2019-05-17 02:48:27;
	全局统计 MONSTERID:306	攻击次数:0,免伤次数:0,击杀次数:0,消耗:0,收益:0,单次最大盈利:0 单次时间:2019-05-17 02:48:27;
	全局统计 MONSTERID:307	攻击次数:0,免伤次数:0,击杀次数:0,消耗:0,收益:0,单次最大盈利:0 单次时间:2019-05-17 02:48:27;
	全局统计 MONSTERID:311	攻击次数:0,免伤次数:0,击杀次数:0,消耗:0,收益:0,单次最大盈利:0 单次时间:2019-05-17 02:48:27;
	全局统计 MONSTERID:312	攻击次数:0,免伤次数:0,击杀次数:0,消耗:0,收益:0,单次最大盈利:0 单次时间:2019-05-17 02:48:27;
	全局统计 MONSTERID:313	攻击次数:0,免伤次数:0,击杀次数:0,消耗:0,收益:0,单次最大盈利:0 单次时间:2019-05-17 02:48:27;
	全局统计 MONSTERID:314	攻击次数:0,免伤次数:0,击杀次数:0,消耗:0,收益:0,单次最大盈利:0 单次时间:2019-05-17 02:48:27;
	全局统计 ALLMONSTERID 消耗:0,收益:0,返回率:0.000000;
	全局统计 过敏源剧情 消耗:0,收益:0,返回率:0.000000;
	全局统计 总输赢:0 总消耗:-0 总收益:+0 总免伤次数:0 总免伤:0 返回率:0.000000 时间:2019-05-17_02_48_27
2019/05/17 03:18:27.073200 git.huoys.com/qp/cells/game_trace.polling 557 Info: log money polling....
	全局统计 翻牌统计: 攻击次数:0,击杀次数:0,免伤次数:0,空卡次数:0,宝箱次数:0,普通怪次数:0,Boss怪次数:0,消耗:0 收益:0 返回率:0.000000;
	全局统计 BOXID:100	攻击次数:0,击杀次数:0,免伤次数:0,消耗:0,收益:0,单次最大盈利:0 单次时间:2019-05-17 03:18:27;
	全局统计 BOXID:101	攻击次数:0,击杀次数:0,免伤次数:0,消耗:0,收益:0,单次最大盈利:0 单次时间:2019-05-17 03:18:27;
	全局统计 BOXID:102	攻击次数:0,击杀次数:0,免伤次数:0,消耗:0,收益:0,单次最大盈利:0 单次时间:2019-05-17 03:18:27;
	全局统计 MONSTERID:300	攻击次数:0,免伤次数:0,击杀次数:0,消耗:0,收益:0,单次最大盈利:0 单次时间:2019-05-17 03:18:27;
	全局统计 MONSTERID:301	攻击次数:0,免伤次数:0,击杀次数:0,消耗:0,收益:0,单次最大盈利:0 单次时间:2019-05-17 03:18:27;
	全局统计 MONSTERID:302	攻击次数:0,免伤次数:0,击杀次数:0,消耗:0,收益:0,单次最大盈利:0 单次时间:2019-05-17 03:18:27;
	全局统计 MONSTERID:303	攻击次数:0,免伤次数:0,击杀次数:0,消耗:0,收益:0,单次最大盈利:0 单次时间:2019-05-17 03:18:27;
	全局统计 MONSTERID:304	攻击次数:0,免伤次数:0,击杀次数:0,消耗:0,收益:0,单次最大盈利:0 单次时间:2019-05-17 03:18:27;
	全局统计 MONSTERID:305	攻击次数:0,免伤次数:0,击杀次数:0,消耗:0,收益:0,单次最大盈利:0 单次时间:2019-05-17 03:18:27;
	全局统计 MONSTERID:306	攻击次数:0,免伤次数:0,击杀次数:0,消耗:0,收益:0,单次最大盈利:0 单次时间:2019-05-17 03:18:27;
	全局统计 MONSTERID:307	攻击次数:0,免伤次数:0,击杀次数:0,消耗:0,收益:0,单次最大盈利:0 单次时间:2019-05-17 03:18:27;
	全局统计 MONSTERID:311	攻击次数:0,免伤次数:0,击杀次数:0,消耗:0,收益:0,单次最大盈利:0 单次时间:2019-05-17 03:18:27;
	全局统计 MONSTERID:312	攻击次数:0,免伤次数:0,击杀次数:0,消耗:0,收益:0,单次最大盈利:0 单次时间:2019-05-17 03:18:27;
	全局统计 MONSTERID:313	攻击次数:0,免伤次数:0,击杀次数:0,消耗:0,收益:0,单次最大盈利:0 单次时间:2019-05-17 03:18:27;
	全局统计 MONSTERID:314	攻击次数:0,免伤次数:0,击杀次数:0,消耗:0,收益:0,单次最大盈利:0 单次时间:2019-05-17 03:18:27;
	全局统计 ALLMONSTERID 消耗:0,收益:0,返回率:0.000000;
	全局统计 过敏源剧情 消耗:0,收益:0,返回率:0.000000;
	全局统计 总输赢:0 总消耗:-0 总收益:+0 总免伤次数:0 总免伤:0 返回率:0.000000 时间:2019-05-17_03_18_27
2019/05/17 03:48:27.106200 git.huoys.com/qp/cells/game_trace.polling 557 Info: log money polling....
	全局统计 翻牌统计: 攻击次数:0,击杀次数:0,免伤次数:0,空卡次数:0,宝箱次数:0,普通怪次数:0,Boss怪次数:0,消耗:0 收益:0 返回率:0.000000;
	全局统计 BOXID:100	攻击次数:0,击杀次数:0,免伤次数:0,消耗:0,收益:0,单次最大盈利:0 单次时间:2019-05-17 03:48:27;
	全局统计 BOXID:101	攻击次数:0,击杀次数:0,免伤次数:0,消耗:0,收益:0,单次最大盈利:0 单次时间:2019-05-17 03:48:27;
	全局统计 BOXID:102	攻击次数:0,击杀次数:0,免伤次数:0,消耗:0,收益:0,单次最大盈利:0 单次时间:2019-05-17 03:48:27;
	全局统计 MONSTERID:300	攻击次数:0,免伤次数:0,击杀次数:0,消耗:0,收益:0,单次最大盈利:0 单次时间:2019-05-17 03:48:27;
	全局统计 MONSTERID:301	攻击次数:0,免伤次数:0,击杀次数:0,消耗:0,收益:0,单次最大盈利:0 单次时间:2019-05-17 03:48:27;
	全局统计 MONSTERID:302	攻击次数:0,免伤次数:0,击杀次数:0,消耗:0,收益:0,单次最大盈利:0 单次时间:2019-05-17 03:48:27;
	全局统计 MONSTERID:303	攻击次数:0,免伤次数:0,击杀次数:0,消耗:0,收益:0,单次最大盈利:0 单次时间:2019-05-17 03:48:27;
	全局统计 MONSTERID:304	攻击次数:0,免伤次数:0,击杀次数:0,消耗:0,收益:0,单次最大盈利:0 单次时间:2019-05-17 03:48:27;
	全局统计 MONSTERID:305	攻击次数:0,免伤次数:0,击杀次数:0,消耗:0,收益:0,单次最大盈利:0 单次时间:2019-05-17 03:48:27;
	全局统计 MONSTERID:306	攻击次数:0,免伤次数:0,击杀次数:0,消耗:0,收益:0,单次最大盈利:0 单次时间:2019-05-17 03:48:27;
	全局统计 MONSTERID:307	攻击次数:0,免伤次数:0,击杀次数:0,消耗:0,收益:0,单次最大盈利:0 单次时间:2019-05-17 03:48:27;
	全局统计 MONSTERID:311	攻击次数:0,免伤次数:0,击杀次数:0,消耗:0,收益:0,单次最大盈利:0 单次时间:2019-05-17 03:48:27;
	全局统计 MONSTERID:312	攻击次数:0,免伤次数:0,击杀次数:0,消耗:0,收益:0,单次最大盈利:0 单次时间:2019-05-17 03:48:27;
	全局统计 MONSTERID:313	攻击次数:0,免伤次数:0,击杀次数:0,消耗:0,收益:0,单次最大盈利:0 单次时间:2019-05-17 03:48:27;
	全局统计 MONSTERID:314	攻击次数:0,免伤次数:0,击杀次数:0,消耗:0,收益:0,单次最大盈利:0 单次时间:2019-05-17 03:48:27;
	全局统计 ALLMONSTERID 消耗:0,收益:0,返回率:0.000000;
	全局统计 过敏源剧情 消耗:0,收益:0,返回率:0.000000;
	全局统计 总输赢:0 总消耗:-0 总收益:+0 总免伤次数:0 总免伤:0 返回率:0.000000 时间:2019-05-17_03_48_27
2019/05/17 04:18:27.148200 git.huoys.com/qp/cells/game_trace.polling 557 Info: log money polling....
	全局统计 翻牌统计: 攻击次数:0,击杀次数:0,免伤次数:0,空卡次数:0,宝箱次数:0,普通怪次数:0,Boss怪次数:0,消耗:0 收益:0 返回率:0.000000;
	全局统计 BOXID:100	攻击次数:0,击杀次数:0,免伤次数:0,消耗:0,收益:0,单次最大盈利:0 单次时间:2019-05-17 04:18:27;
	全局统计 BOXID:101	攻击次数:0,击杀次数:0,免伤次数:0,消耗:0,收益:0,单次最大盈利:0 单次时间:2019-05-17 04:18:27;
	全局统计 BOXID:102	攻击次数:0,击杀次数:0,免伤次数:0,消耗:0,收益:0,单次最大盈利:0 单次时间:2019-05-17 04:18:27;
	全局统计 MONSTERID:300	攻击次数:0,免伤次数:0,击杀次数:0,消耗:0,收益:0,单次最大盈利:0 单次时间:2019-05-17 04:18:27;
	全局统计 MONSTERID:301	攻击次数:0,免伤次数:0,击杀次数:0,消耗:0,收益:0,单次最大盈利:0 单次时间:2019-05-17 04:18:27;
	全局统计 MONSTERID:302	攻击次数:0,免伤次数:0,击杀次数:0,消耗:0,收益:0,单次最大盈利:0 单次时间:2019-05-17 04:18:27;
	全局统计 MONSTERID:303	攻击次数:0,免伤次数:0,击杀次数:0,消耗:0,收益:0,单次最大盈利:0 单次时间:2019-05-17 04:18:27;
	全局统计 MONSTERID:304	攻击次数:0,免伤次数:0,击杀次数:0,消耗:0,收益:0,单次最大盈利:0 单次时间:2019-05-17 04:18:27;
	全局统计 MONSTERID:305	攻击次数:0,免伤次数:0,击杀次数:0,消耗:0,收益:0,单次最大盈利:0 单次时间:2019-05-17 04:18:27;
	全局统计 MONSTERID:306	攻击次数:0,免伤次数:0,击杀次数:0,消耗:0,收益:0,单次最大盈利:0 单次时间:2019-05-17 04:18:27;
	全局统计 MONSTERID:307	攻击次数:0,免伤次数:0,击杀次数:0,消耗:0,收益:0,单次最大盈利:0 单次时间:2019-05-17 04:18:27;
	全局统计 MONSTERID:311	攻击次数:0,免伤次数:0,击杀次数:0,消耗:0,收益:0,单次最大盈利:0 单次时间:2019-05-17 04:18:27;
	全局统计 MONSTERID:312	攻击次数:0,免伤次数:0,击杀次数:0,消耗:0,收益:0,单次最大盈利:0 单次时间:2019-05-17 04:18:27;
	全局统计 MONSTERID:313	攻击次数:0,免伤次数:0,击杀次数:0,消耗:0,收益:0,单次最大盈利:0 单次时间:2019-05-17 04:18:27;
	全局统计 MONSTERID:314	攻击次数:0,免伤次数:0,击杀次数:0,消耗:0,收益:0,单次最大盈利:0 单次时间:2019-05-17 04:18:27;
	全局统计 ALLMONSTERID 消耗:0,收益:0,返回率:0.000000;
	全局统计 过敏源剧情 消耗:0,收益:0,返回率:0.000000;
	全局统计 总输赢:0 总消耗:-0 总收益:+0 总免伤次数:0 总免伤:0 返回率:0.000000 时间:2019-05-17_04_18_27
2019/05/17 04:48:27.139200 git.huoys.com/qp/cells/game_trace.polling 557 Info: log money polling....
	全局统计 翻牌统计: 攻击次数:0,击杀次数:0,免伤次数:0,空卡次数:0,宝箱次数:0,普通怪次数:0,Boss怪次数:0,消耗:0 收益:0 返回率:0.000000;
	全局统计 BOXID:100	攻击次数:0,击杀次数:0,免伤次数:0,消耗:0,收益:0,单次最大盈利:0 单次时间:2019-05-17 04:48:27;
	全局统计 BOXID:101	攻击次数:0,击杀次数:0,免伤次数:0,消耗:0,收益:0,单次最大盈利:0 单次时间:2019-05-17 04:48:27;
	全局统计 BOXID:102	攻击次数:0,击杀次数:0,免伤次数:0,消耗:0,收益:0,单次最大盈利:0 单次时间:2019-05-17 04:48:27;
	全局统计 MONSTERID:300	攻击次数:0,免伤次数:0,击杀次数:0,消耗:0,收益:0,单次最大盈利:0 单次时间:2019-05-17 04:48:27;
	全局统计 MONSTERID:301	攻击次数:0,免伤次数:0,击杀次数:0,消耗:0,收益:0,单次最大盈利:0 单次时间:2019-05-17 04:48:27;
	全局统计 MONSTERID:302	攻击次数:0,免伤次数:0,击杀次数:0,消耗:0,收益:0,单次最大盈利:0 单次时间:2019-05-17 04:48:27;
	全局统计 MONSTERID:303	攻击次数:0,免伤次数:0,击杀次数:0,消耗:0,收益:0,单次最大盈利:0 单次时间:2019-05-17 04:48:27;
	全局统计 MONSTERID:304	攻击次数:0,免伤次数:0,击杀次数:0,消耗:0,收益:0,单次最大盈利:0 单次时间:2019-05-17 04:48:27;
	全局统计 MONSTERID:305	攻击次数:0,免伤次数:0,击杀次数:0,消耗:0,收益:0,单次最大盈利:0 单次时间:2019-05-17 04:48:27;
	全局统计 MONSTERID:306	攻击次数:0,免伤次数:0,击杀次数:0,消耗:0,收益:0,单次最大盈利:0 单次时间:2019-05-17 04:48:27;
	全局统计 MONSTERID:307	攻击次数:0,免伤次数:0,击杀次数:0,消耗:0,收益:0,单次最大盈利:0 单次时间:2019-05-17 04:48:27;
	全局统计 MONSTERID:311	攻击次数:0,免伤次数:0,击杀次数:0,消耗:0,收益:0,单次最大盈利:0 单次时间:2019-05-17 04:48:27;
	全局统计 MONSTERID:312	攻击次数:0,免伤次数:0,击杀次数:0,消耗:0,收益:0,单次最大盈利:0 单次时间:2019-05-17 04:48:27;
	全局统计 MONSTERID:313	攻击次数:0,免伤次数:0,击杀次数:0,消耗:0,收益:0,单次最大盈利:0 单次时间:2019-05-17 04:48:27;
	全局统计 MONSTERID:314	攻击次数:0,免伤次数:0,击杀次数:0,消耗:0,收益:0,单次最大盈利:0 单次时间:2019-05-17 04:48:27;
	全局统计 ALLMONSTERID 消耗:0,收益:0,返回率:0.000000;
	全局统计 过敏源剧情 消耗:0,收益:0,返回率:0.000000;
	全局统计 总输赢:0 总消耗:-0 总收益:+0 总免伤次数:0 总免伤:0 返回率:0.000000 时间:2019-05-17_04_48_27
2019/05/17 05:18:27.165200 git.huoys.com/qp/cells/game_trace.polling 557 Info: log money polling....
	全局统计 翻牌统计: 攻击次数:0,击杀次数:0,免伤次数:0,空卡次数:0,宝箱次数:0,普通怪次数:0,Boss怪次数:0,消耗:0 收益:0 返回率:0.000000;
	全局统计 BOXID:100	攻击次数:0,击杀次数:0,免伤次数:0,消耗:0,收益:0,单次最大盈利:0 单次时间:2019-05-17 05:18:27;
	全局统计 BOXID:101	攻击次数:0,击杀次数:0,免伤次数:0,消耗:0,收益:0,单次最大盈利:0 单次时间:2019-05-17 05:18:27;
	全局统计 BOXID:102	攻击次数:0,击杀次数:0,免伤次数:0,消耗:0,收益:0,单次最大盈利:0 单次时间:2019-05-17 05:18:27;
	全局统计 MONSTERID:300	攻击次数:0,免伤次数:0,击杀次数:0,消耗:0,收益:0,单次最大盈利:0 单次时间:2019-05-17 05:18:27;
	全局统计 MONSTERID:301	攻击次数:0,免伤次数:0,击杀次数:0,消耗:0,收益:0,单次最大盈利:0 单次时间:2019-05-17 05:18:27;
	全局统计 MONSTERID:302	攻击次数:0,免伤次数:0,击杀次数:0,消耗:0,收益:0,单次最大盈利:0 单次时间:2019-05-17 05:18:27;
	全局统计 MONSTERID:303	攻击次数:0,免伤次数:0,击杀次数:0,消耗:0,收益:0,单次最大盈利:0 单次时间:2019-05-17 05:18:27;
	全局统计 MONSTERID:304	攻击次数:0,免伤次数:0,击杀次数:0,消耗:0,收益:0,单次最大盈利:0 单次时间:2019-05-17 05:18:27;
	全局统计 MONSTERID:305	攻击次数:0,免伤次数:0,击杀次数:0,消耗:0,收益:0,单次最大盈利:0 单次时间:2019-05-17 05:18:27;
	全局统计 MONSTERID:306	攻击次数:0,免伤次数:0,击杀次数:0,消耗:0,收益:0,单次最大盈利:0 单次时间:2019-05-17 05:18:27;
	全局统计 MONSTERID:307	攻击次数:0,免伤次数:0,击杀次数:0,消耗:0,收益:0,单次最大盈利:0 单次时间:2019-05-17 05:18:27;
	全局统计 MONSTERID:311	攻击次数:0,免伤次数:0,击杀次数:0,消耗:0,收益:0,单次最大盈利:0 单次时间:2019-05-17 05:18:27;
	全局统计 MONSTERID:312	攻击次数:0,免伤次数:0,击杀次数:0,消耗:0,收益:0,单次最大盈利:0 单次时间:2019-05-17 05:18:27;
	全局统计 MONSTERID:313	攻击次数:0,免伤次数:0,击杀次数:0,消耗:0,收益:0,单次最大盈利:0 单次时间:2019-05-17 05:18:27;
	全局统计 MONSTERID:314	攻击次数:0,免伤次数:0,击杀次数:0,消耗:0,收益:0,单次最大盈利:0 单次时间:2019-05-17 05:18:27;
	全局统计 ALLMONSTERID 消耗:0,收益:0,返回率:0.000000;
	全局统计 过敏源剧情 消耗:0,收益:0,返回率:0.000000;
	全局统计 总输赢:0 总消耗:-0 总收益:+0 总免伤次数:0 总免伤:0 返回率:0.000000 时间:2019-05-17_05_18_27
2019/05/17 05:48:27.177200 git.huoys.com/qp/cells/game_trace.polling 557 Info: log money polling....
	全局统计 翻牌统计: 攻击次数:0,击杀次数:0,免伤次数:0,空卡次数:0,宝箱次数:0,普通怪次数:0,Boss怪次数:0,消耗:0 收益:0 返回率:0.000000;
	全局统计 BOXID:100	攻击次数:0,击杀次数:0,免伤次数:0,消耗:0,收益:0,单次最大盈利:0 单次时间:2019-05-17 05:48:27;
	全局统计 BOXID:101	攻击次数:0,击杀次数:0,免伤次数:0,消耗:0,收益:0,单次最大盈利:0 单次时间:2019-05-17 05:48:27;
	全局统计 BOXID:102	攻击次数:0,击杀次数:0,免伤次数:0,消耗:0,收益:0,单次最大盈利:0 单次时间:2019-05-17 05:48:27;
	全局统计 MONSTERID:300	攻击次数:0,免伤次数:0,击杀次数:0,消耗:0,收益:0,单次最大盈利:0 单次时间:2019-05-17 05:48:27;
	全局统计 MONSTERID:301	攻击次数:0,免伤次数:0,击杀次数:0,消耗:0,收益:0,单次最大盈利:0 单次时间:2019-05-17 05:48:27;
	全局统计 MONSTERID:302	攻击次数:0,免伤次数:0,击杀次数:0,消耗:0,收益:0,单次最大盈利:0 单次时间:2019-05-17 05:48:27;
	全局统计 MONSTERID:303	攻击次数:0,免伤次数:0,击杀次数:0,消耗:0,收益:0,单次最大盈利:0 单次时间:2019-05-17 05:48:27;
	全局统计 MONSTERID:304	攻击次数:0,免伤次数:0,击杀次数:0,消耗:0,收益:0,单次最大盈利:0 单次时间:2019-05-17 05:48:27;
	全局统计 MONSTERID:305	攻击次数:0,免伤次数:0,击杀次数:0,消耗:0,收益:0,单次最大盈利:0 单次时间:2019-05-17 05:48:27;
	全局统计 MONSTERID:306	攻击次数:0,免伤次数:0,击杀次数:0,消耗:0,收益:0,单次最大盈利:0 单次时间:2019-05-17 05:48:27;
	全局统计 MONSTERID:307	攻击次数:0,免伤次数:0,击杀次数:0,消耗:0,收益:0,单次最大盈利:0 单次时间:2019-05-17 05:48:27;
	全局统计 MONSTERID:311	攻击次数:0,免伤次数:0,击杀次数:0,消耗:0,收益:0,单次最大盈利:0 单次时间:2019-05-17 05:48:27;
	全局统计 MONSTERID:312	攻击次数:0,免伤次数:0,击杀次数:0,消耗:0,收益:0,单次最大盈利:0 单次时间:2019-05-17 05:48:27;
	全局统计 MONSTERID:313	攻击次数:0,免伤次数:0,击杀次数:0,消耗:0,收益:0,单次最大盈利:0 单次时间:2019-05-17 05:48:27;
	全局统计 MONSTERID:314	攻击次数:0,免伤次数:0,击杀次数:0,消耗:0,收益:0,单次最大盈利:0 单次时间:2019-05-17 05:48:27;
	全局统计 ALLMONSTERID 消耗:0,收益:0,返回率:0.000000;
	全局统计 过敏源剧情 消耗:0,收益:0,返回率:0.000000;
	全局统计 总输赢:0 总消耗:-0 总收益:+0 总免伤次数:0 总免伤:0 返回率:0.000000 时间:2019-05-17_05_48_27
2019/05/17 06:18:27.199200 git.huoys.com/qp/cells/game_trace.polling 557 Info: log money polling....
	全局统计 翻牌统计: 攻击次数:0,击杀次数:0,免伤次数:0,空卡次数:0,宝箱次数:0,普通怪次数:0,Boss怪次数:0,消耗:0 收益:0 返回率:0.000000;
	全局统计 BOXID:100	攻击次数:0,击杀次数:0,免伤次数:0,消耗:0,收益:0,单次最大盈利:0 单次时间:2019-05-17 06:18:27;
	全局统计 BOXID:101	攻击次数:0,击杀次数:0,免伤次数:0,消耗:0,收益:0,单次最大盈利:0 单次时间:2019-05-17 06:18:27;
	全局统计 BOXID:102	攻击次数:0,击杀次数:0,免伤次数:0,消耗:0,收益:0,单次最大盈利:0 单次时间:2019-05-17 06:18:27;
	全局统计 MONSTERID:300	攻击次数:0,免伤次数:0,击杀次数:0,消耗:0,收益:0,单次最大盈利:0 单次时间:2019-05-17 06:18:27;
	全局统计 MONSTERID:301	攻击次数:0,免伤次数:0,击杀次数:0,消耗:0,收益:0,单次最大盈利:0 单次时间:2019-05-17 06:18:27;
	全局统计 MONSTERID:302	攻击次数:0,免伤次数:0,击杀次数:0,消耗:0,收益:0,单次最大盈利:0 单次时间:2019-05-17 06:18:27;
	全局统计 MONSTERID:303	攻击次数:0,免伤次数:0,击杀次数:0,消耗:0,收益:0,单次最大盈利:0 单次时间:2019-05-17 06:18:27;
	全局统计 MONSTERID:304	攻击次数:0,免伤次数:0,击杀次数:0,消耗:0,收益:0,单次最大盈利:0 单次时间:2019-05-17 06:18:27;
	全局统计 MONSTERID:305	攻击次数:0,免伤次数:0,击杀次数:0,消耗:0,收益:0,单次最大盈利:0 单次时间:2019-05-17 06:18:27;
	全局统计 MONSTERID:306	攻击次数:0,免伤次数:0,击杀次数:0,消耗:0,收益:0,单次最大盈利:0 单次时间:2019-05-17 06:18:27;
	全局统计 MONSTERID:307	攻击次数:0,免伤次数:0,击杀次数:0,消耗:0,收益:0,单次最大盈利:0 单次时间:2019-05-17 06:18:27;
	全局统计 MONSTERID:311	攻击次数:0,免伤次数:0,击杀次数:0,消耗:0,收益:0,单次最大盈利:0 单次时间:2019-05-17 06:18:27;
	全局统计 MONSTERID:312	攻击次数:0,免伤次数:0,击杀次数:0,消耗:0,收益:0,单次最大盈利:0 单次时间:2019-05-17 06:18:27;
	全局统计 MONSTERID:313	攻击次数:0,免伤次数:0,击杀次数:0,消耗:0,收益:0,单次最大盈利:0 单次时间:2019-05-17 06:18:27;
	全局统计 MONSTERID:314	攻击次数:0,免伤次数:0,击杀次数:0,消耗:0,收益:0,单次最大盈利:0 单次时间:2019-05-17 06:18:27;
	全局统计 ALLMONSTERID 消耗:0,收益:0,返回率:0.000000;
	全局统计 过敏源剧情 消耗:0,收益:0,返回率:0.000000;
	全局统计 总输赢:0 总消耗:-0 总收益:+0 总免伤次数:0 总免伤:0 返回率:0.000000 时间:2019-05-17_06_18_27
2019/05/17 06:48:27.210200 git.huoys.com/qp/cells/game_trace.polling 557 Info: log money polling....
	全局统计 翻牌统计: 攻击次数:0,击杀次数:0,免伤次数:0,空卡次数:0,宝箱次数:0,普通怪次数:0,Boss怪次数:0,消耗:0 收益:0 返回率:0.000000;
	全局统计 BOXID:100	攻击次数:0,击杀次数:0,免伤次数:0,消耗:0,收益:0,单次最大盈利:0 单次时间:2019-05-17 06:48:27;
	全局统计 BOXID:101	攻击次数:0,击杀次数:0,免伤次数:0,消耗:0,收益:0,单次最大盈利:0 单次时间:2019-05-17 06:48:27;
	全局统计 BOXID:102	攻击次数:0,击杀次数:0,免伤次数:0,消耗:0,收益:0,单次最大盈利:0 单次时间:2019-05-17 06:48:27;
	全局统计 MONSTERID:300	攻击次数:0,免伤次数:0,击杀次数:0,消耗:0,收益:0,单次最大盈利:0 单次时间:2019-05-17 06:48:27;
	全局统计 MONSTERID:301	攻击次数:0,免伤次数:0,击杀次数:0,消耗:0,收益:0,单次最大盈利:0 单次时间:2019-05-17 06:48:27;
	全局统计 MONSTERID:302	攻击次数:0,免伤次数:0,击杀次数:0,消耗:0,收益:0,单次最大盈利:0 单次时间:2019-05-17 06:48:27;
	全局统计 MONSTERID:303	攻击次数:0,免伤次数:0,击杀次数:0,消耗:0,收益:0,单次最大盈利:0 单次时间:2019-05-17 06:48:27;
	全局统计 MONSTERID:304	攻击次数:0,免伤次数:0,击杀次数:0,消耗:0,收益:0,单次最大盈利:0 单次时间:2019-05-17 06:48:27;
	全局统计 MONSTERID:305	攻击次数:0,免伤次数:0,击杀次数:0,消耗:0,收益:0,单次最大盈利:0 单次时间:2019-05-17 06:48:27;
	全局统计 MONSTERID:306	攻击次数:0,免伤次数:0,击杀次数:0,消耗:0,收益:0,单次最大盈利:0 单次时间:2019-05-17 06:48:27;
	全局统计 MONSTERID:307	攻击次数:0,免伤次数:0,击杀次数:0,消耗:0,收益:0,单次最大盈利:0 单次时间:2019-05-17 06:48:27;
	全局统计 MONSTERID:311	攻击次数:0,免伤次数:0,击杀次数:0,消耗:0,收益:0,单次最大盈利:0 单次时间:2019-05-17 06:48:27;
	全局统计 MONSTERID:312	攻击次数:0,免伤次数:0,击杀次数:0,消耗:0,收益:0,单次最大盈利:0 单次时间:2019-05-17 06:48:27;
	全局统计 MONSTERID:313	攻击次数:0,免伤次数:0,击杀次数:0,消耗:0,收益:0,单次最大盈利:0 单次时间:2019-05-17 06:48:27;
	全局统计 MONSTERID:314	攻击次数:0,免伤次数:0,击杀次数:0,消耗:0,收益:0,单次最大盈利:0 单次时间:2019-05-17 06:48:27;
	全局统计 ALLMONSTERID 消耗:0,收益:0,返回率:0.000000;
	全局统计 过敏源剧情 消耗:0,收益:0,返回率:0.000000;
	全局统计 总输赢:0 总消耗:-0 总收益:+0 总免伤次数:0 总免伤:0 返回率:0.000000 时间:2019-05-17_06_48_27
2019/05/17 07:18:27.226200 git.huoys.com/qp/cells/game_trace.polling 557 Info: log money polling....
	全局统计 翻牌统计: 攻击次数:0,击杀次数:0,免伤次数:0,空卡次数:0,宝箱次数:0,普通怪次数:0,Boss怪次数:0,消耗:0 收益:0 返回率:0.000000;
	全局统计 BOXID:100	攻击次数:0,击杀次数:0,免伤次数:0,消耗:0,收益:0,单次最大盈利:0 单次时间:2019-05-17 07:18:27;
	全局统计 BOXID:101	攻击次数:0,击杀次数:0,免伤次数:0,消耗:0,收益:0,单次最大盈利:0 单次时间:2019-05-17 07:18:27;
	全局统计 BOXID:102	攻击次数:0,击杀次数:0,免伤次数:0,消耗:0,收益:0,单次最大盈利:0 单次时间:2019-05-17 07:18:27;
	全局统计 MONSTERID:300	攻击次数:0,免伤次数:0,击杀次数:0,消耗:0,收益:0,单次最大盈利:0 单次时间:2019-05-17 07:18:27;
	全局统计 MONSTERID:301	攻击次数:0,免伤次数:0,击杀次数:0,消耗:0,收益:0,单次最大盈利:0 单次时间:2019-05-17 07:18:27;
	全局统计 MONSTERID:302	攻击次数:0,免伤次数:0,击杀次数:0,消耗:0,收益:0,单次最大盈利:0 单次时间:2019-05-17 07:18:27;
	全局统计 MONSTERID:303	攻击次数:0,免伤次数:0,击杀次数:0,消耗:0,收益:0,单次最大盈利:0 单次时间:2019-05-17 07:18:27;
	全局统计 MONSTERID:304	攻击次数:0,免伤次数:0,击杀次数:0,消耗:0,收益:0,单次最大盈利:0 单次时间:2019-05-17 07:18:27;
	全局统计 MONSTERID:305	攻击次数:0,免伤次数:0,击杀次数:0,消耗:0,收益:0,单次最大盈利:0 单次时间:2019-05-17 07:18:27;
	全局统计 MONSTERID:306	攻击次数:0,免伤次数:0,击杀次数:0,消耗:0,收益:0,单次最大盈利:0 单次时间:2019-05-17 07:18:27;
	全局统计 MONSTERID:307	攻击次数:0,免伤次数:0,击杀次数:0,消耗:0,收益:0,单次最大盈利:0 单次时间:2019-05-17 07:18:27;
	全局统计 MONSTERID:311	攻击次数:0,免伤次数:0,击杀次数:0,消耗:0,收益:0,单次最大盈利:0 单次时间:2019-05-17 07:18:27;
	全局统计 MONSTERID:312	攻击次数:0,免伤次数:0,击杀次数:0,消耗:0,收益:0,单次最大盈利:0 单次时间:2019-05-17 07:18:27;
	全局统计 MONSTERID:313	攻击次数:0,免伤次数:0,击杀次数:0,消耗:0,收益:0,单次最大盈利:0 单次时间:2019-05-17 07:18:27;
	全局统计 MONSTERID:314	攻击次数:0,免伤次数:0,击杀次数:0,消耗:0,收益:0,单次最大盈利:0 单次时间:2019-05-17 07:18:27;
	全局统计 ALLMONSTERID 消耗:0,收益:0,返回率:0.000000;
	全局统计 过敏源剧情 消耗:0,收益:0,返回率:0.000000;
	全局统计 总输赢:0 总消耗:-0 总收益:+0 总免伤次数:0 总免伤:0 返回率:0.000000 时间:2019-05-17_07_18_27
2019/05/17 07:48:27.239200 git.huoys.com/qp/cells/game_trace.polling 557 Info: log money polling....
	全局统计 翻牌统计: 攻击次数:0,击杀次数:0,免伤次数:0,空卡次数:0,宝箱次数:0,普通怪次数:0,Boss怪次数:0,消耗:0 收益:0 返回率:0.000000;
	全局统计 BOXID:100	攻击次数:0,击杀次数:0,免伤次数:0,消耗:0,收益:0,单次最大盈利:0 单次时间:2019-05-17 07:48:27;
	全局统计 BOXID:101	攻击次数:0,击杀次数:0,免伤次数:0,消耗:0,收益:0,单次最大盈利:0 单次时间:2019-05-17 07:48:27;
	全局统计 BOXID:102	攻击次数:0,击杀次数:0,免伤次数:0,消耗:0,收益:0,单次最大盈利:0 单次时间:2019-05-17 07:48:27;
	全局统计 MONSTERID:300	攻击次数:0,免伤次数:0,击杀次数:0,消耗:0,收益:0,单次最大盈利:0 单次时间:2019-05-17 07:48:27;
	全局统计 MONSTERID:301	攻击次数:0,免伤次数:0,击杀次数:0,消耗:0,收益:0,单次最大盈利:0 单次时间:2019-05-17 07:48:27;
	全局统计 MONSTERID:302	攻击次数:0,免伤次数:0,击杀次数:0,消耗:0,收益:0,单次最大盈利:0 单次时间:2019-05-17 07:48:27;
	全局统计 MONSTERID:303	攻击次数:0,免伤次数:0,击杀次数:0,消耗:0,收益:0,单次最大盈利:0 单次时间:2019-05-17 07:48:27;
	全局统计 MONSTERID:304	攻击次数:0,免伤次数:0,击杀次数:0,消耗:0,收益:0,单次最大盈利:0 单次时间:2019-05-17 07:48:27;
	全局统计 MONSTERID:305	攻击次数:0,免伤次数:0,击杀次数:0,消耗:0,收益:0,单次最大盈利:0 单次时间:2019-05-17 07:48:27;
	全局统计 MONSTERID:306	攻击次数:0,免伤次数:0,击杀次数:0,消耗:0,收益:0,单次最大盈利:0 单次时间:2019-05-17 07:48:27;
	全局统计 MONSTERID:307	攻击次数:0,免伤次数:0,击杀次数:0,消耗:0,收益:0,单次最大盈利:0 单次时间:2019-05-17 07:48:27;
	全局统计 MONSTERID:311	攻击次数:0,免伤次数:0,击杀次数:0,消耗:0,收益:0,单次最大盈利:0 单次时间:2019-05-17 07:48:27;
	全局统计 MONSTERID:312	攻击次数:0,免伤次数:0,击杀次数:0,消耗:0,收益:0,单次最大盈利:0 单次时间:2019-05-17 07:48:27;
	全局统计 MONSTERID:313	攻击次数:0,免伤次数:0,击杀次数:0,消耗:0,收益:0,单次最大盈利:0 单次时间:2019-05-17 07:48:27;
	全局统计 MONSTERID:314	攻击次数:0,免伤次数:0,击杀次数:0,消耗:0,收益:0,单次最大盈利:0 单次时间:2019-05-17 07:48:27;
	全局统计 ALLMONSTERID 消耗:0,收益:0,返回率:0.000000;
	全局统计 过敏源剧情 消耗:0,收益:0,返回率:0.000000;
	全局统计 总输赢:0 总消耗:-0 总收益:+0 总免伤次数:0 总免伤:0 返回率:0.000000 时间:2019-05-17_07_48_27
2019/05/17 08:18:27.254200 git.huoys.com/qp/cells/game_trace.polling 557 Info: log money polling....
	全局统计 翻牌统计: 攻击次数:0,击杀次数:0,免伤次数:0,空卡次数:0,宝箱次数:0,普通怪次数:0,Boss怪次数:0,消耗:0 收益:0 返回率:0.000000;
	全局统计 BOXID:100	攻击次数:0,击杀次数:0,免伤次数:0,消耗:0,收益:0,单次最大盈利:0 单次时间:2019-05-17 08:18:27;
	全局统计 BOXID:101	攻击次数:0,击杀次数:0,免伤次数:0,消耗:0,收益:0,单次最大盈利:0 单次时间:2019-05-17 08:18:27;
	全局统计 BOXID:102	攻击次数:0,击杀次数:0,免伤次数:0,消耗:0,收益:0,单次最大盈利:0 单次时间:2019-05-17 08:18:27;
	全局统计 MONSTERID:300	攻击次数:0,免伤次数:0,击杀次数:0,消耗:0,收益:0,单次最大盈利:0 单次时间:2019-05-17 08:18:27;
	全局统计 MONSTERID:301	攻击次数:0,免伤次数:0,击杀次数:0,消耗:0,收益:0,单次最大盈利:0 单次时间:2019-05-17 08:18:27;
	全局统计 MONSTERID:302	攻击次数:0,免伤次数:0,击杀次数:0,消耗:0,收益:0,单次最大盈利:0 单次时间:2019-05-17 08:18:27;
	全局统计 MONSTERID:303	攻击次数:0,免伤次数:0,击杀次数:0,消耗:0,收益:0,单次最大盈利:0 单次时间:2019-05-17 08:18:27;
	全局统计 MONSTERID:304	攻击次数:0,免伤次数:0,击杀次数:0,消耗:0,收益:0,单次最大盈利:0 单次时间:2019-05-17 08:18:27;
	全局统计 MONSTERID:305	攻击次数:0,免伤次数:0,击杀次数:0,消耗:0,收益:0,单次最大盈利:0 单次时间:2019-05-17 08:18:27;
	全局统计 MONSTERID:306	攻击次数:0,免伤次数:0,击杀次数:0,消耗:0,收益:0,单次最大盈利:0 单次时间:2019-05-17 08:18:27;
	全局统计 MONSTERID:307	攻击次数:0,免伤次数:0,击杀次数:0,消耗:0,收益:0,单次最大盈利:0 单次时间:2019-05-17 08:18:27;
	全局统计 MONSTERID:311	攻击次数:0,免伤次数:0,击杀次数:0,消耗:0,收益:0,单次最大盈利:0 单次时间:2019-05-17 08:18:27;
	全局统计 MONSTERID:312	攻击次数:0,免伤次数:0,击杀次数:0,消耗:0,收益:0,单次最大盈利:0 单次时间:2019-05-17 08:18:27;
	全局统计 MONSTERID:313	攻击次数:0,免伤次数:0,击杀次数:0,消耗:0,收益:0,单次最大盈利:0 单次时间:2019-05-17 08:18:27;
	全局统计 MONSTERID:314	攻击次数:0,免伤次数:0,击杀次数:0,消耗:0,收益:0,单次最大盈利:0 单次时间:2019-05-17 08:18:27;
	全局统计 ALLMONSTERID 消耗:0,收益:0,返回率:0.000000;
	全局统计 过敏源剧情 消耗:0,收益:0,返回率:0.000000;
	全局统计 总输赢:0 总消耗:-0 总收益:+0 总免伤次数:0 总免伤:0 返回率:0.000000 时间:2019-05-17_08_18_27
2019/05/17 08:48:27.279200 git.huoys.com/qp/cells/game_trace.polling 557 Info: log money polling....
	全局统计 翻牌统计: 攻击次数:0,击杀次数:0,免伤次数:0,空卡次数:0,宝箱次数:0,普通怪次数:0,Boss怪次数:0,消耗:0 收益:0 返回率:0.000000;
	全局统计 BOXID:100	攻击次数:0,击杀次数:0,免伤次数:0,消耗:0,收益:0,单次最大盈利:0 单次时间:2019-05-17 08:48:27;
	全局统计 BOXID:101	攻击次数:0,击杀次数:0,免伤次数:0,消耗:0,收益:0,单次最大盈利:0 单次时间:2019-05-17 08:48:27;
	全局统计 BOXID:102	攻击次数:0,击杀次数:0,免伤次数:0,消耗:0,收益:0,单次最大盈利:0 单次时间:2019-05-17 08:48:27;
	全局统计 MONSTERID:300	攻击次数:0,免伤次数:0,击杀次数:0,消耗:0,收益:0,单次最大盈利:0 单次时间:2019-05-17 08:48:27;
	全局统计 MONSTERID:301	攻击次数:0,免伤次数:0,击杀次数:0,消耗:0,收益:0,单次最大盈利:0 单次时间:2019-05-17 08:48:27;
	全局统计 MONSTERID:302	攻击次数:0,免伤次数:0,击杀次数:0,消耗:0,收益:0,单次最大盈利:0 单次时间:2019-05-17 08:48:27;
	全局统计 MONSTERID:303	攻击次数:0,免伤次数:0,击杀次数:0,消耗:0,收益:0,单次最大盈利:0 单次时间:2019-05-17 08:48:27;
	全局统计 MONSTERID:304	攻击次数:0,免伤次数:0,击杀次数:0,消耗:0,收益:0,单次最大盈利:0 单次时间:2019-05-17 08:48:27;
	全局统计 MONSTERID:305	攻击次数:0,免伤次数:0,击杀次数:0,消耗:0,收益:0,单次最大盈利:0 单次时间:2019-05-17 08:48:27;
	全局统计 MONSTERID:306	攻击次数:0,免伤次数:0,击杀次数:0,消耗:0,收益:0,单次最大盈利:0 单次时间:2019-05-17 08:48:27;
	全局统计 MONSTERID:307	攻击次数:0,免伤次数:0,击杀次数:0,消耗:0,收益:0,单次最大盈利:0 单次时间:2019-05-17 08:48:27;
	全局统计 MONSTERID:311	攻击次数:0,免伤次数:0,击杀次数:0,消耗:0,收益:0,单次最大盈利:0 单次时间:2019-05-17 08:48:27;
	全局统计 MONSTERID:312	攻击次数:0,免伤次数:0,击杀次数:0,消耗:0,收益:0,单次最大盈利:0 单次时间:2019-05-17 08:48:27;
	全局统计 MONSTERID:313	攻击次数:0,免伤次数:0,击杀次数:0,消耗:0,收益:0,单次最大盈利:0 单次时间:2019-05-17 08:48:27;
	全局统计 MONSTERID:314	攻击次数:0,免伤次数:0,击杀次数:0,消耗:0,收益:0,单次最大盈利:0 单次时间:2019-05-17 08:48:27;
	全局统计 ALLMONSTERID 消耗:0,收益:0,返回率:0.000000;
	全局统计 过敏源剧情 消耗:0,收益:0,返回率:0.000000;
	全局统计 总输赢:0 总消耗:-0 总收益:+0 总免伤次数:0 总免伤:0 返回率:0.000000 时间:2019-05-17_08_48_27
2019/05/17 09:18:27.309200 git.huoys.com/qp/cells/game_trace.polling 557 Info: log money polling....
	全局统计 翻牌统计: 攻击次数:0,击杀次数:0,免伤次数:0,空卡次数:0,宝箱次数:0,普通怪次数:0,Boss怪次数:0,消耗:0 收益:0 返回率:0.000000;
	全局统计 BOXID:100	攻击次数:0,击杀次数:0,免伤次数:0,消耗:0,收益:0,单次最大盈利:0 单次时间:2019-05-17 09:18:27;
	全局统计 BOXID:101	攻击次数:0,击杀次数:0,免伤次数:0,消耗:0,收益:0,单次最大盈利:0 单次时间:2019-05-17 09:18:27;
	全局统计 BOXID:102	攻击次数:0,击杀次数:0,免伤次数:0,消耗:0,收益:0,单次最大盈利:0 单次时间:2019-05-17 09:18:27;
	全局统计 MONSTERID:300	攻击次数:0,免伤次数:0,击杀次数:0,消耗:0,收益:0,单次最大盈利:0 单次时间:2019-05-17 09:18:27;
	全局统计 MONSTERID:301	攻击次数:0,免伤次数:0,击杀次数:0,消耗:0,收益:0,单次最大盈利:0 单次时间:2019-05-17 09:18:27;
	全局统计 MONSTERID:302	攻击次数:0,免伤次数:0,击杀次数:0,消耗:0,收益:0,单次最大盈利:0 单次时间:2019-05-17 09:18:27;
	全局统计 MONSTERID:303	攻击次数:0,免伤次数:0,击杀次数:0,消耗:0,收益:0,单次最大盈利:0 单次时间:2019-05-17 09:18:27;
	全局统计 MONSTERID:304	攻击次数:0,免伤次数:0,击杀次数:0,消耗:0,收益:0,单次最大盈利:0 单次时间:2019-05-17 09:18:27;
	全局统计 MONSTERID:305	攻击次数:0,免伤次数:0,击杀次数:0,消耗:0,收益:0,单次最大盈利:0 单次时间:2019-05-17 09:18:27;
	全局统计 MONSTERID:306	攻击次数:0,免伤次数:0,击杀次数:0,消耗:0,收益:0,单次最大盈利:0 单次时间:2019-05-17 09:18:27;
	全局统计 MONSTERID:307	攻击次数:0,免伤次数:0,击杀次数:0,消耗:0,收益:0,单次最大盈利:0 单次时间:2019-05-17 09:18:27;
	全局统计 MONSTERID:311	攻击次数:0,免伤次数:0,击杀次数:0,消耗:0,收益:0,单次最大盈利:0 单次时间:2019-05-17 09:18:27;
	全局统计 MONSTERID:312	攻击次数:0,免伤次数:0,击杀次数:0,消耗:0,收益:0,单次最大盈利:0 单次时间:2019-05-17 09:18:27;
	全局统计 MONSTERID:313	攻击次数:0,免伤次数:0,击杀次数:0,消耗:0,收益:0,单次最大盈利:0 单次时间:2019-05-17 09:18:27;
	全局统计 MONSTERID:314	攻击次数:0,免伤次数:0,击杀次数:0,消耗:0,收益:0,单次最大盈利:0 单次时间:2019-05-17 09:18:27;
	全局统计 ALLMONSTERID 消耗:0,收益:0,返回率:0.000000;
	全局统计 过敏源剧情 消耗:0,收益:0,返回率:0.000000;
	全局统计 总输赢:0 总消耗:-0 总收益:+0 总免伤次数:0 总免伤:0 返回率:0.000000 时间:2019-05-17_09_18_27
2019/05/17 09:36:03.584200 git.huoys.com/qp/cells/game_trace.LogSettle 473 Info: 	 单局结算 uid:150016 剩余金币:97297030 消耗:0 收益:0 写分增量:0 阵容变化: 
2019/05/17 09:36:03.667200 git.huoys.com/qp/cells/game_trace.LeaveGame 458 Info: 
Enter=>ID:150016 Money:97297030 '2019-05-17 09:35:41'
Match=>ID :150016 玩家消耗金额:-0 玩家赢取金额:+0 返还率:0.000000 单个最高的结算金额:0 从进入到退出之间的最大余额:97297030
Leave=>ID:150016 Money:97297030 '2019-05-17 09:36:03'
	ID:150016 翻牌统计: 攻击次数:0,击杀次数:0,免伤次数:0,空卡次数:0,宝箱次数:0,普通怪次数:0,Boss怪次数:0,消耗:0 收益:0 返回率:0.000000;
	ID:150016 ALLMONSTERID 消耗:0,收益:0,返回率:0.000000;
	ID:150016 过敏源剧情 消耗:0,收益:0,返回率:0.000000;
2019/05/17 09:48:27.354200 git.huoys.com/qp/cells/game_trace.polling 557 Info: log money polling....
	全局统计 翻牌统计: 攻击次数:0,击杀次数:0,免伤次数:0,空卡次数:0,宝箱次数:0,普通怪次数:0,Boss怪次数:0,消耗:0 收益:0 返回率:0.000000;
	全局统计 BOXID:100	攻击次数:0,击杀次数:0,免伤次数:0,消耗:0,收益:0,单次最大盈利:0 单次时间:2019-05-17 09:48:27;
	全局统计 BOXID:101	攻击次数:0,击杀次数:0,免伤次数:0,消耗:0,收益:0,单次最大盈利:0 单次时间:2019-05-17 09:48:27;
	全局统计 BOXID:102	攻击次数:0,击杀次数:0,免伤次数:0,消耗:0,收益:0,单次最大盈利:0 单次时间:2019-05-17 09:48:27;
	全局统计 MONSTERID:300	攻击次数:0,免伤次数:0,击杀次数:0,消耗:0,收益:0,单次最大盈利:0 单次时间:2019-05-17 09:48:27;
	全局统计 MONSTERID:301	攻击次数:0,免伤次数:0,击杀次数:0,消耗:0,收益:0,单次最大盈利:0 单次时间:2019-05-17 09:48:27;
	全局统计 MONSTERID:302	攻击次数:0,免伤次数:0,击杀次数:0,消耗:0,收益:0,单次最大盈利:0 单次时间:2019-05-17 09:48:27;
	全局统计 MONSTERID:303	攻击次数:0,免伤次数:0,击杀次数:0,消耗:0,收益:0,单次最大盈利:0 单次时间:2019-05-17 09:48:27;
	全局统计 MONSTERID:304	攻击次数:0,免伤次数:0,击杀次数:0,消耗:0,收益:0,单次最大盈利:0 单次时间:2019-05-17 09:48:27;
	全局统计 MONSTERID:305	攻击次数:0,免伤次数:0,击杀次数:0,消耗:0,收益:0,单次最大盈利:0 单次时间:2019-05-17 09:48:27;
	全局统计 MONSTERID:306	攻击次数:0,免伤次数:0,击杀次数:0,消耗:0,收益:0,单次最大盈利:0 单次时间:2019-05-17 09:48:27;
	全局统计 MONSTERID:307	攻击次数:0,免伤次数:0,击杀次数:0,消耗:0,收益:0,单次最大盈利:0 单次时间:2019-05-17 09:48:27;
	全局统计 MONSTERID:311	攻击次数:0,免伤次数:0,击杀次数:0,消耗:0,收益:0,单次最大盈利:0 单次时间:2019-05-17 09:48:27;
	全局统计 MONSTERID:312	攻击次数:0,免伤次数:0,击杀次数:0,消耗:0,收益:0,单次最大盈利:0 单次时间:2019-05-17 09:48:27;
	全局统计 MONSTERID:313	攻击次数:0,免伤次数:0,击杀次数:0,消耗:0,收益:0,单次最大盈利:0 单次时间:2019-05-17 09:48:27;
	全局统计 MONSTERID:314	攻击次数:0,免伤次数:0,击杀次数:0,消耗:0,收益:0,单次最大盈利:0 单次时间:2019-05-17 09:48:27;
	全局统计 ALLMONSTERID 消耗:0,收益:0,返回率:0.000000;
	全局统计 过敏源剧情 消耗:0,收益:0,返回率:0.000000;
	全局统计 总输赢:0 总消耗:-0 总收益:+0 总免伤次数:0 总免伤:0 返回率:0.000000 时间:2019-05-17_09_48_27
