2019/05/22 11:52:36.492000 git.huoys.com/qp/cells/game_trace.polling 557 Info: log money polling....
	全局统计 翻牌统计: 攻击次数:0,击杀次数:0,免伤次数:0,空卡次数:0,宝箱次数:0,普通怪次数:0,Boss怪次数:0,消耗:0 收益:0 返回率:0.000000;
	全局统计 ALLMONSTERID 消耗:0,收益:0,返回率:0.000000;
	全局统计 过敏源剧情 消耗:0,收益:0,返回率:0.000000;
	全局统计 总输赢:0 总消耗:-0 总收益:+0 总免伤次数:0 总免伤:0 返回率:0.000000 时间:2019-05-22_11_52_36
2019/05/22 12:01:06.038000 git.huoys.com/qp/cells/game_trace.LogSettle 473 Info: 	 单局结算 uid:309162161 剩余金币:0 消耗:0 收益:0 写分增量:0 阵容变化:[201,], 
2019/05/22 12:01:07.103000 git.huoys.com/qp/cells/game_trace.LeaveGame 458 Info: 
Enter=>ID:309162161 Money:0 '2019-05-22 12:00:55'
Match=>ID :309162161 玩家消耗金额:-0 玩家赢取金额:+0 返还率:0.000000 单个最高的结算金额:0 从进入到退出之间的最大余额:0
Leave=>ID:309162161 Money:0 '2019-05-22 12:01:07'
	ID:309162161 翻牌统计: 攻击次数:0,击杀次数:0,免伤次数:0,空卡次数:0,宝箱次数:0,普通怪次数:0,Boss怪次数:0,消耗:0 收益:0 返回率:0.000000;
	ID:309162161 ALLMONSTERID 消耗:0,收益:0,返回率:0.000000;
	ID:309162161 过敏源剧情 消耗:0,收益:0,返回率:0.000000;
2019/05/22 12:01:18.840000 git.huoys.com/qp/cells/game_trace.LogSettle 473 Info: 	 单局结算 uid:309162161 剩余金币:0 消耗:0 收益:0 写分增量:0 阵容变化:[201,], 
2019/05/22 12:01:19.859000 git.huoys.com/qp/cells/game_trace.LeaveGame 458 Info: 
Enter=>ID:309162161 Money:0 '2019-05-22 12:01:15'
Match=>ID :309162161 玩家消耗金额:-0 玩家赢取金额:+0 返还率:0.000000 单个最高的结算金额:0 从进入到退出之间的最大余额:0
Leave=>ID:309162161 Money:0 '2019-05-22 12:01:19'
	ID:309162161 翻牌统计: 攻击次数:0,击杀次数:0,免伤次数:0,空卡次数:0,宝箱次数:0,普通怪次数:0,Boss怪次数:0,消耗:0 收益:0 返回率:0.000000;
	ID:309162161 ALLMONSTERID 消耗:0,收益:0,返回率:0.000000;
	ID:309162161 过敏源剧情 消耗:0,收益:0,返回率:0.000000;
2019/05/22 12:02:18.950000 git.huoys.com/qp/cells/game_trace.LogSettle 473 Info: 	 单局结算 uid:472680 剩余金币:9999990 消耗:0 收益:0 写分增量:0 阵容变化:[201,], 
2019/05/22 12:02:19.968000 git.huoys.com/qp/cells/game_trace.LeaveGame 458 Info: 
Enter=>ID:472680 Money:9999990 '2019-05-22 12:01:58'
Match=>ID :472680 玩家消耗金额:-0 玩家赢取金额:+0 返还率:0.000000 单个最高的结算金额:0 从进入到退出之间的最大余额:9999990
Leave=>ID:472680 Money:9999990 '2019-05-22 12:02:19'
	ID:472680 翻牌统计: 攻击次数:0,击杀次数:0,免伤次数:0,空卡次数:0,宝箱次数:0,普通怪次数:0,Boss怪次数:0,消耗:0 收益:0 返回率:0.000000;
	ID:472680 ALLMONSTERID 消耗:0,收益:0,返回率:0.000000;
	ID:472680 过敏源剧情 消耗:0,收益:0,返回率:0.000000;
2019/05/22 12:02:48.435000 git.huoys.com/qp/cells/game_trace.LogSettle 473 Info: 	 单局结算 uid:309162161 剩余金币:0 消耗:0 收益:0 写分增量:0 阵容变化:[201,], 
2019/05/22 12:02:49.455000 git.huoys.com/qp/cells/game_trace.LeaveGame 458 Info: 
Enter=>ID:309162161 Money:0 '2019-05-22 12:02:44'
Match=>ID :309162161 玩家消耗金额:-0 玩家赢取金额:+0 返还率:0.000000 单个最高的结算金额:0 从进入到退出之间的最大余额:0
Leave=>ID:309162161 Money:0 '2019-05-22 12:02:49'
	ID:309162161 翻牌统计: 攻击次数:0,击杀次数:0,免伤次数:0,空卡次数:0,宝箱次数:0,普通怪次数:0,Boss怪次数:0,消耗:0 收益:0 返回率:0.000000;
	ID:309162161 ALLMONSTERID 消耗:0,收益:0,返回率:0.000000;
	ID:309162161 过敏源剧情 消耗:0,收益:0,返回率:0.000000;
2019/05/22 12:06:03.694000 git.huoys.com/qp/cells/game_trace.LogSettle 473 Info: 	 单局结算 uid:309162161 剩余金币:0 消耗:0 收益:0 写分增量:0 阵容变化:[201,], 
2019/05/22 12:06:04.739000 git.huoys.com/qp/cells/game_trace.LeaveGame 458 Info: 
Enter=>ID:309162161 Money:0 '2019-05-22 12:05:02'
Match=>ID :309162161 玩家消耗金额:-0 玩家赢取金额:+0 返还率:0.000000 单个最高的结算金额:0 从进入到退出之间的最大余额:0
Leave=>ID:309162161 Money:0 '2019-05-22 12:06:04'
	ID:309162161 翻牌统计: 攻击次数:0,击杀次数:0,免伤次数:0,空卡次数:0,宝箱次数:0,普通怪次数:0,Boss怪次数:0,消耗:0 收益:0 返回率:0.000000;
	ID:309162161 ALLMONSTERID 消耗:0,收益:0,返回率:0.000000;
	ID:309162161 过敏源剧情 消耗:0,收益:0,返回率:0.000000;
