2019/05/27 00:02:07.355000 git.huoys.com/qp/cells/game_trace.polling 557 Info: log money polling....
	全局统计 翻牌统计: 攻击次数:0,击杀次数:0,免伤次数:0,空卡次数:0,宝箱次数:0,普通怪次数:0,Boss怪次数:0,消耗:0 收益:0 返回率:0.000000;
	全局统计 BOXID:100	攻击次数:0,击杀次数:0,免伤次数:0,消耗:0,收益:0,单次最大盈利:0 单次时间:2019-05-27 00:02:07;
	全局统计 BOXID:101	攻击次数:0,击杀次数:0,免伤次数:0,消耗:0,收益:0,单次最大盈利:0 单次时间:2019-05-27 00:02:07;
	全局统计 ALLMONSTERID 消耗:0,收益:0,返回率:0.000000;
	全局统计 过敏源剧情 消耗:0,收益:0,返回率:0.000000;
	全局统计 总输赢:0 总消耗:-0 总收益:+0 总免伤次数:0 总免伤:0 返回率:0.000000 时间:2019-05-27_00_02_07
2019/05/27 00:32:07.393000 git.huoys.com/qp/cells/game_trace.polling 557 Info: log money polling....
	全局统计 翻牌统计: 攻击次数:0,击杀次数:0,免伤次数:0,空卡次数:0,宝箱次数:0,普通怪次数:0,Boss怪次数:0,消耗:0 收益:0 返回率:0.000000;
	全局统计 BOXID:100	攻击次数:0,击杀次数:0,免伤次数:0,消耗:0,收益:0,单次最大盈利:0 单次时间:2019-05-27 00:32:07;
	全局统计 BOXID:101	攻击次数:0,击杀次数:0,免伤次数:0,消耗:0,收益:0,单次最大盈利:0 单次时间:2019-05-27 00:32:07;
	全局统计 ALLMONSTERID 消耗:0,收益:0,返回率:0.000000;
	全局统计 过敏源剧情 消耗:0,收益:0,返回率:0.000000;
	全局统计 总输赢:0 总消耗:-0 总收益:+0 总免伤次数:0 总免伤:0 返回率:0.000000 时间:2019-05-27_00_32_07
2019/05/27 01:02:06.425000 git.huoys.com/qp/cells/game_trace.polling 557 Info: log money polling....
	全局统计 翻牌统计: 攻击次数:0,击杀次数:0,免伤次数:0,空卡次数:0,宝箱次数:0,普通怪次数:0,Boss怪次数:0,消耗:0 收益:0 返回率:0.000000;
	全局统计 BOXID:100	攻击次数:0,击杀次数:0,免伤次数:0,消耗:0,收益:0,单次最大盈利:0 单次时间:2019-05-27 01:02:06;
	全局统计 BOXID:101	攻击次数:0,击杀次数:0,免伤次数:0,消耗:0,收益:0,单次最大盈利:0 单次时间:2019-05-27 01:02:06;
	全局统计 ALLMONSTERID 消耗:0,收益:0,返回率:0.000000;
	全局统计 过敏源剧情 消耗:0,收益:0,返回率:0.000000;
	全局统计 总输赢:0 总消耗:-0 总收益:+0 总免伤次数:0 总免伤:0 返回率:0.000000 时间:2019-05-27_01_02_06
2019/05/27 01:32:06.434000 git.huoys.com/qp/cells/game_trace.polling 557 Info: log money polling....
	全局统计 翻牌统计: 攻击次数:0,击杀次数:0,免伤次数:0,空卡次数:0,宝箱次数:0,普通怪次数:0,Boss怪次数:0,消耗:0 收益:0 返回率:0.000000;
	全局统计 BOXID:100	攻击次数:0,击杀次数:0,免伤次数:0,消耗:0,收益:0,单次最大盈利:0 单次时间:2019-05-27 01:32:06;
	全局统计 BOXID:101	攻击次数:0,击杀次数:0,免伤次数:0,消耗:0,收益:0,单次最大盈利:0 单次时间:2019-05-27 01:32:06;
	全局统计 ALLMONSTERID 消耗:0,收益:0,返回率:0.000000;
	全局统计 过敏源剧情 消耗:0,收益:0,返回率:0.000000;
	全局统计 总输赢:0 总消耗:-0 总收益:+0 总免伤次数:0 总免伤:0 返回率:0.000000 时间:2019-05-27_01_32_06
2019/05/27 02:02:06.484000 git.huoys.com/qp/cells/game_trace.polling 557 Info: log money polling....
	全局统计 翻牌统计: 攻击次数:0,击杀次数:0,免伤次数:0,空卡次数:0,宝箱次数:0,普通怪次数:0,Boss怪次数:0,消耗:0 收益:0 返回率:0.000000;
	全局统计 BOXID:100	攻击次数:0,击杀次数:0,免伤次数:0,消耗:0,收益:0,单次最大盈利:0 单次时间:2019-05-27 02:02:06;
	全局统计 BOXID:101	攻击次数:0,击杀次数:0,免伤次数:0,消耗:0,收益:0,单次最大盈利:0 单次时间:2019-05-27 02:02:06;
	全局统计 ALLMONSTERID 消耗:0,收益:0,返回率:0.000000;
	全局统计 过敏源剧情 消耗:0,收益:0,返回率:0.000000;
	全局统计 总输赢:0 总消耗:-0 总收益:+0 总免伤次数:0 总免伤:0 返回率:0.000000 时间:2019-05-27_02_02_06
2019/05/27 02:32:05.528000 git.huoys.com/qp/cells/game_trace.polling 557 Info: log money polling....
	全局统计 翻牌统计: 攻击次数:0,击杀次数:0,免伤次数:0,空卡次数:0,宝箱次数:0,普通怪次数:0,Boss怪次数:0,消耗:0 收益:0 返回率:0.000000;
	全局统计 BOXID:100	攻击次数:0,击杀次数:0,免伤次数:0,消耗:0,收益:0,单次最大盈利:0 单次时间:2019-05-27 02:32:05;
	全局统计 BOXID:101	攻击次数:0,击杀次数:0,免伤次数:0,消耗:0,收益:0,单次最大盈利:0 单次时间:2019-05-27 02:32:05;
	全局统计 ALLMONSTERID 消耗:0,收益:0,返回率:0.000000;
	全局统计 过敏源剧情 消耗:0,收益:0,返回率:0.000000;
	全局统计 总输赢:0 总消耗:-0 总收益:+0 总免伤次数:0 总免伤:0 返回率:0.000000 时间:2019-05-27_02_32_05
2019/05/27 03:02:05.555000 git.huoys.com/qp/cells/game_trace.polling 557 Info: log money polling....
	全局统计 翻牌统计: 攻击次数:0,击杀次数:0,免伤次数:0,空卡次数:0,宝箱次数:0,普通怪次数:0,Boss怪次数:0,消耗:0 收益:0 返回率:0.000000;
	全局统计 BOXID:100	攻击次数:0,击杀次数:0,免伤次数:0,消耗:0,收益:0,单次最大盈利:0 单次时间:2019-05-27 03:02:05;
	全局统计 BOXID:101	攻击次数:0,击杀次数:0,免伤次数:0,消耗:0,收益:0,单次最大盈利:0 单次时间:2019-05-27 03:02:05;
	全局统计 ALLMONSTERID 消耗:0,收益:0,返回率:0.000000;
	全局统计 过敏源剧情 消耗:0,收益:0,返回率:0.000000;
	全局统计 总输赢:0 总消耗:-0 总收益:+0 总免伤次数:0 总免伤:0 返回率:0.000000 时间:2019-05-27_03_02_05
2019/05/27 03:32:05.619000 git.huoys.com/qp/cells/game_trace.polling 557 Info: log money polling....
	全局统计 翻牌统计: 攻击次数:0,击杀次数:0,免伤次数:0,空卡次数:0,宝箱次数:0,普通怪次数:0,Boss怪次数:0,消耗:0 收益:0 返回率:0.000000;
	全局统计 BOXID:100	攻击次数:0,击杀次数:0,免伤次数:0,消耗:0,收益:0,单次最大盈利:0 单次时间:2019-05-27 03:32:05;
	全局统计 BOXID:101	攻击次数:0,击杀次数:0,免伤次数:0,消耗:0,收益:0,单次最大盈利:0 单次时间:2019-05-27 03:32:05;
	全局统计 ALLMONSTERID 消耗:0,收益:0,返回率:0.000000;
	全局统计 过敏源剧情 消耗:0,收益:0,返回率:0.000000;
	全局统计 总输赢:0 总消耗:-0 总收益:+0 总免伤次数:0 总免伤:0 返回率:0.000000 时间:2019-05-27_03_32_05
2019/05/27 04:02:05.630000 git.huoys.com/qp/cells/game_trace.polling 557 Info: log money polling....
	全局统计 翻牌统计: 攻击次数:0,击杀次数:0,免伤次数:0,空卡次数:0,宝箱次数:0,普通怪次数:0,Boss怪次数:0,消耗:0 收益:0 返回率:0.000000;
	全局统计 BOXID:100	攻击次数:0,击杀次数:0,免伤次数:0,消耗:0,收益:0,单次最大盈利:0 单次时间:2019-05-27 04:02:05;
	全局统计 BOXID:101	攻击次数:0,击杀次数:0,免伤次数:0,消耗:0,收益:0,单次最大盈利:0 单次时间:2019-05-27 04:02:05;
	全局统计 ALLMONSTERID 消耗:0,收益:0,返回率:0.000000;
	全局统计 过敏源剧情 消耗:0,收益:0,返回率:0.000000;
	全局统计 总输赢:0 总消耗:-0 总收益:+0 总免伤次数:0 总免伤:0 返回率:0.000000 时间:2019-05-27_04_02_05
2019/05/27 04:32:06.673000 git.huoys.com/qp/cells/game_trace.polling 557 Info: log money polling....
	全局统计 翻牌统计: 攻击次数:0,击杀次数:0,免伤次数:0,空卡次数:0,宝箱次数:0,普通怪次数:0,Boss怪次数:0,消耗:0 收益:0 返回率:0.000000;
	全局统计 BOXID:100	攻击次数:0,击杀次数:0,免伤次数:0,消耗:0,收益:0,单次最大盈利:0 单次时间:2019-05-27 04:32:06;
	全局统计 BOXID:101	攻击次数:0,击杀次数:0,免伤次数:0,消耗:0,收益:0,单次最大盈利:0 单次时间:2019-05-27 04:32:06;
	全局统计 ALLMONSTERID 消耗:0,收益:0,返回率:0.000000;
	全局统计 过敏源剧情 消耗:0,收益:0,返回率:0.000000;
	全局统计 总输赢:0 总消耗:-0 总收益:+0 总免伤次数:0 总免伤:0 返回率:0.000000 时间:2019-05-27_04_32_06
2019/05/27 05:02:05.690000 git.huoys.com/qp/cells/game_trace.polling 557 Info: log money polling....
	全局统计 翻牌统计: 攻击次数:0,击杀次数:0,免伤次数:0,空卡次数:0,宝箱次数:0,普通怪次数:0,Boss怪次数:0,消耗:0 收益:0 返回率:0.000000;
	全局统计 BOXID:100	攻击次数:0,击杀次数:0,免伤次数:0,消耗:0,收益:0,单次最大盈利:0 单次时间:2019-05-27 05:02:05;
	全局统计 BOXID:101	攻击次数:0,击杀次数:0,免伤次数:0,消耗:0,收益:0,单次最大盈利:0 单次时间:2019-05-27 05:02:05;
	全局统计 ALLMONSTERID 消耗:0,收益:0,返回率:0.000000;
	全局统计 过敏源剧情 消耗:0,收益:0,返回率:0.000000;
	全局统计 总输赢:0 总消耗:-0 总收益:+0 总免伤次数:0 总免伤:0 返回率:0.000000 时间:2019-05-27_05_02_05
2019/05/27 05:32:06.864000 git.huoys.com/qp/cells/game_trace.polling 557 Info: log money polling....
	全局统计 翻牌统计: 攻击次数:0,击杀次数:0,免伤次数:0,空卡次数:0,宝箱次数:0,普通怪次数:0,Boss怪次数:0,消耗:0 收益:0 返回率:0.000000;
	全局统计 BOXID:100	攻击次数:0,击杀次数:0,免伤次数:0,消耗:0,收益:0,单次最大盈利:0 单次时间:2019-05-27 05:32:06;
	全局统计 BOXID:101	攻击次数:0,击杀次数:0,免伤次数:0,消耗:0,收益:0,单次最大盈利:0 单次时间:2019-05-27 05:32:06;
	全局统计 ALLMONSTERID 消耗:0,收益:0,返回率:0.000000;
	全局统计 过敏源剧情 消耗:0,收益:0,返回率:0.000000;
	全局统计 总输赢:0 总消耗:-0 总收益:+0 总免伤次数:0 总免伤:0 返回率:0.000000 时间:2019-05-27_05_32_06
2019/05/27 06:02:05.899000 git.huoys.com/qp/cells/game_trace.polling 557 Info: log money polling....
	全局统计 翻牌统计: 攻击次数:0,击杀次数:0,免伤次数:0,空卡次数:0,宝箱次数:0,普通怪次数:0,Boss怪次数:0,消耗:0 收益:0 返回率:0.000000;
	全局统计 BOXID:100	攻击次数:0,击杀次数:0,免伤次数:0,消耗:0,收益:0,单次最大盈利:0 单次时间:2019-05-27 06:02:05;
	全局统计 BOXID:101	攻击次数:0,击杀次数:0,免伤次数:0,消耗:0,收益:0,单次最大盈利:0 单次时间:2019-05-27 06:02:05;
	全局统计 ALLMONSTERID 消耗:0,收益:0,返回率:0.000000;
	全局统计 过敏源剧情 消耗:0,收益:0,返回率:0.000000;
	全局统计 总输赢:0 总消耗:-0 总收益:+0 总免伤次数:0 总免伤:0 返回率:0.000000 时间:2019-05-27_06_02_05
2019/05/27 06:32:05.921000 git.huoys.com/qp/cells/game_trace.polling 557 Info: log money polling....
	全局统计 翻牌统计: 攻击次数:0,击杀次数:0,免伤次数:0,空卡次数:0,宝箱次数:0,普通怪次数:0,Boss怪次数:0,消耗:0 收益:0 返回率:0.000000;
	全局统计 BOXID:100	攻击次数:0,击杀次数:0,免伤次数:0,消耗:0,收益:0,单次最大盈利:0 单次时间:2019-05-27 06:32:05;
	全局统计 BOXID:101	攻击次数:0,击杀次数:0,免伤次数:0,消耗:0,收益:0,单次最大盈利:0 单次时间:2019-05-27 06:32:05;
	全局统计 ALLMONSTERID 消耗:0,收益:0,返回率:0.000000;
	全局统计 过敏源剧情 消耗:0,收益:0,返回率:0.000000;
	全局统计 总输赢:0 总消耗:-0 总收益:+0 总免伤次数:0 总免伤:0 返回率:0.000000 时间:2019-05-27_06_32_05
2019/05/27 07:02:05.943000 git.huoys.com/qp/cells/game_trace.polling 557 Info: log money polling....
	全局统计 翻牌统计: 攻击次数:0,击杀次数:0,免伤次数:0,空卡次数:0,宝箱次数:0,普通怪次数:0,Boss怪次数:0,消耗:0 收益:0 返回率:0.000000;
	全局统计 BOXID:100	攻击次数:0,击杀次数:0,免伤次数:0,消耗:0,收益:0,单次最大盈利:0 单次时间:2019-05-27 07:02:05;
	全局统计 BOXID:101	攻击次数:0,击杀次数:0,免伤次数:0,消耗:0,收益:0,单次最大盈利:0 单次时间:2019-05-27 07:02:05;
	全局统计 ALLMONSTERID 消耗:0,收益:0,返回率:0.000000;
	全局统计 过敏源剧情 消耗:0,收益:0,返回率:0.000000;
	全局统计 总输赢:0 总消耗:-0 总收益:+0 总免伤次数:0 总免伤:0 返回率:0.000000 时间:2019-05-27_07_02_05
2019/05/27 07:32:05.973000 git.huoys.com/qp/cells/game_trace.polling 557 Info: log money polling....
	全局统计 翻牌统计: 攻击次数:0,击杀次数:0,免伤次数:0,空卡次数:0,宝箱次数:0,普通怪次数:0,Boss怪次数:0,消耗:0 收益:0 返回率:0.000000;
	全局统计 BOXID:100	攻击次数:0,击杀次数:0,免伤次数:0,消耗:0,收益:0,单次最大盈利:0 单次时间:2019-05-27 07:32:05;
	全局统计 BOXID:101	攻击次数:0,击杀次数:0,免伤次数:0,消耗:0,收益:0,单次最大盈利:0 单次时间:2019-05-27 07:32:05;
	全局统计 ALLMONSTERID 消耗:0,收益:0,返回率:0.000000;
	全局统计 过敏源剧情 消耗:0,收益:0,返回率:0.000000;
	全局统计 总输赢:0 总消耗:-0 总收益:+0 总免伤次数:0 总免伤:0 返回率:0.000000 时间:2019-05-27_07_32_05
2019/05/27 08:02:05.995000 git.huoys.com/qp/cells/game_trace.polling 557 Info: log money polling....
	全局统计 翻牌统计: 攻击次数:0,击杀次数:0,免伤次数:0,空卡次数:0,宝箱次数:0,普通怪次数:0,Boss怪次数:0,消耗:0 收益:0 返回率:0.000000;
	全局统计 BOXID:100	攻击次数:0,击杀次数:0,免伤次数:0,消耗:0,收益:0,单次最大盈利:0 单次时间:2019-05-27 08:02:05;
	全局统计 BOXID:101	攻击次数:0,击杀次数:0,免伤次数:0,消耗:0,收益:0,单次最大盈利:0 单次时间:2019-05-27 08:02:05;
	全局统计 ALLMONSTERID 消耗:0,收益:0,返回率:0.000000;
	全局统计 过敏源剧情 消耗:0,收益:0,返回率:0.000000;
	全局统计 总输赢:0 总消耗:-0 总收益:+0 总免伤次数:0 总免伤:0 返回率:0.000000 时间:2019-05-27_08_02_05
2019/05/27 08:32:07.016000 git.huoys.com/qp/cells/game_trace.polling 557 Info: log money polling....
	全局统计 翻牌统计: 攻击次数:0,击杀次数:0,免伤次数:0,空卡次数:0,宝箱次数:0,普通怪次数:0,Boss怪次数:0,消耗:0 收益:0 返回率:0.000000;
	全局统计 BOXID:100	攻击次数:0,击杀次数:0,免伤次数:0,消耗:0,收益:0,单次最大盈利:0 单次时间:2019-05-27 08:32:07;
	全局统计 BOXID:101	攻击次数:0,击杀次数:0,免伤次数:0,消耗:0,收益:0,单次最大盈利:0 单次时间:2019-05-27 08:32:07;
	全局统计 ALLMONSTERID 消耗:0,收益:0,返回率:0.000000;
	全局统计 过敏源剧情 消耗:0,收益:0,返回率:0.000000;
	全局统计 总输赢:0 总消耗:-0 总收益:+0 总免伤次数:0 总免伤:0 返回率:0.000000 时间:2019-05-27_08_32_07
2019/05/27 09:02:07.053000 git.huoys.com/qp/cells/game_trace.polling 557 Info: log money polling....
	全局统计 翻牌统计: 攻击次数:0,击杀次数:0,免伤次数:0,空卡次数:0,宝箱次数:0,普通怪次数:0,Boss怪次数:0,消耗:0 收益:0 返回率:0.000000;
	全局统计 BOXID:100	攻击次数:0,击杀次数:0,免伤次数:0,消耗:0,收益:0,单次最大盈利:0 单次时间:2019-05-27 09:02:07;
	全局统计 BOXID:101	攻击次数:0,击杀次数:0,免伤次数:0,消耗:0,收益:0,单次最大盈利:0 单次时间:2019-05-27 09:02:07;
	全局统计 ALLMONSTERID 消耗:0,收益:0,返回率:0.000000;
	全局统计 过敏源剧情 消耗:0,收益:0,返回率:0.000000;
	全局统计 总输赢:0 总消耗:-0 总收益:+0 总免伤次数:0 总免伤:0 返回率:0.000000 时间:2019-05-27_09_02_07
2019/05/27 09:29:00.138000 git.huoys.com/qp/cells/game_trace.LogSettle 473 Info: 	 单局结算 uid:150016 剩余金币:103117000 消耗:0 收益:0 写分增量:0 阵容变化:[201,], 
2019/05/27 09:29:01.273000 git.huoys.com/qp/cells/game_trace.LeaveGame 458 Info: 
Enter=>ID:150016 Money:103117000 '2019-05-27 09:28:29'
Match=>ID :150016 玩家消耗金额:-0 玩家赢取金额:+0 返还率:0.000000 单个最高的结算金额:0 从进入到退出之间的最大余额:103117000
Leave=>ID:150016 Money:103117000 '2019-05-27 09:29:01'
	ID:150016 翻牌统计: 攻击次数:0,击杀次数:0,免伤次数:0,空卡次数:0,宝箱次数:0,普通怪次数:0,Boss怪次数:0,消耗:0 收益:0 返回率:0.000000;
	ID:150016 ALLMONSTERID 消耗:0,收益:0,返回率:0.000000;
	ID:150016 过敏源剧情 消耗:0,收益:0,返回率:0.000000;
2019/05/27 09:32:06.098000 git.huoys.com/qp/cells/game_trace.polling 557 Info: log money polling....
	全局统计 翻牌统计: 攻击次数:0,击杀次数:0,免伤次数:0,空卡次数:0,宝箱次数:0,普通怪次数:0,Boss怪次数:0,消耗:0 收益:0 返回率:0.000000;
	全局统计 BOXID:100	攻击次数:0,击杀次数:0,免伤次数:0,消耗:0,收益:0,单次最大盈利:0 单次时间:2019-05-27 09:32:06;
	全局统计 BOXID:101	攻击次数:0,击杀次数:0,免伤次数:0,消耗:0,收益:0,单次最大盈利:0 单次时间:2019-05-27 09:32:06;
	全局统计 ALLMONSTERID 消耗:0,收益:0,返回率:0.000000;
	全局统计 过敏源剧情 消耗:0,收益:0,返回率:0.000000;
	全局统计 总输赢:0 总消耗:-0 总收益:+0 总免伤次数:0 总免伤:0 返回率:0.000000 时间:2019-05-27_09_32_06
2019/05/27 09:41:41.528000 git.huoys.com/qp/cells/game_trace.LogSettle 473 Info: 	 单局结算 uid:150016 剩余金币:103117000 消耗:0 收益:0 写分增量:0 阵容变化:[201,], 
2019/05/27 09:41:42.720000 git.huoys.com/qp/cells/game_trace.LeaveGame 458 Info: 
Enter=>ID:150016 Money:103117000 '2019-05-27 09:41:05'
Match=>ID :150016 玩家消耗金额:-0 玩家赢取金额:+0 返还率:0.000000 单个最高的结算金额:0 从进入到退出之间的最大余额:103117000
Leave=>ID:150016 Money:103117000 '2019-05-27 09:41:42'
	ID:150016 翻牌统计: 攻击次数:0,击杀次数:0,免伤次数:0,空卡次数:0,宝箱次数:0,普通怪次数:0,Boss怪次数:0,消耗:0 收益:0 返回率:0.000000;
	ID:150016 ALLMONSTERID 消耗:0,收益:0,返回率:0.000000;
	ID:150016 过敏源剧情 消耗:0,收益:0,返回率:0.000000;
2019/05/27 09:42:20.481000 git.huoys.com/qp/cells/game_trace.LogSettle 473 Info: 	 单局结算 uid:150016 剩余金币:103117000 消耗:0 收益:0 写分增量:0 阵容变化:[201,], 
2019/05/27 09:42:21.530000 git.huoys.com/qp/cells/game_trace.LeaveGame 458 Info: 
Enter=>ID:150016 Money:103117000 '2019-05-27 09:41:50'
Match=>ID :150016 玩家消耗金额:-0 玩家赢取金额:+0 返还率:0.000000 单个最高的结算金额:0 从进入到退出之间的最大余额:103117000
Leave=>ID:150016 Money:103117000 '2019-05-27 09:42:21'
	ID:150016 翻牌统计: 攻击次数:0,击杀次数:0,免伤次数:0,空卡次数:0,宝箱次数:0,普通怪次数:0,Boss怪次数:0,消耗:0 收益:0 返回率:0.000000;
	ID:150016 ALLMONSTERID 消耗:0,收益:0,返回率:0.000000;
	ID:150016 过敏源剧情 消耗:0,收益:0,返回率:0.000000;
2019/05/27 09:43:04.714000 git.huoys.com/qp/cells/game_trace.LogSettle 473 Info: 	 单局结算 uid:150016 剩余金币:103117000 消耗:0 收益:0 写分增量:0 阵容变化:[201,], 
2019/05/27 09:43:05.747000 git.huoys.com/qp/cells/game_trace.LeaveGame 458 Info: 
Enter=>ID:150016 Money:103117000 '2019-05-27 09:42:29'
Match=>ID :150016 玩家消耗金额:-0 玩家赢取金额:+0 返还率:0.000000 单个最高的结算金额:0 从进入到退出之间的最大余额:103117000
Leave=>ID:150016 Money:103117000 '2019-05-27 09:43:05'
	ID:150016 翻牌统计: 攻击次数:0,击杀次数:0,免伤次数:0,空卡次数:0,宝箱次数:0,普通怪次数:0,Boss怪次数:0,消耗:0 收益:0 返回率:0.000000;
	ID:150016 ALLMONSTERID 消耗:0,收益:0,返回率:0.000000;
	ID:150016 过敏源剧情 消耗:0,收益:0,返回率:0.000000;
2019/05/27 09:45:11.194000 git.huoys.com/qp/cells/game_trace.LogSettle 473 Info: 	 单局结算 uid:150016 剩余金币:103117000 消耗:0 收益:0 写分增量:0 阵容变化:[201,], 
2019/05/27 09:45:12.264000 git.huoys.com/qp/cells/game_trace.LeaveGame 458 Info: 
Enter=>ID:150016 Money:103117000 '2019-05-27 09:44:49'
Match=>ID :150016 玩家消耗金额:-0 玩家赢取金额:+0 返还率:0.000000 单个最高的结算金额:0 从进入到退出之间的最大余额:103117000
Leave=>ID:150016 Money:103117000 '2019-05-27 09:45:12'
	ID:150016 翻牌统计: 攻击次数:0,击杀次数:0,免伤次数:0,空卡次数:0,宝箱次数:0,普通怪次数:0,Boss怪次数:0,消耗:0 收益:0 返回率:0.000000;
	ID:150016 ALLMONSTERID 消耗:0,收益:0,返回率:0.000000;
	ID:150016 过敏源剧情 消耗:0,收益:0,返回率:0.000000;
2019/05/27 09:47:43.175000 git.huoys.com/qp/cells/game_trace.LogSettle 473 Info: 	 单局结算 uid:150016 剩余金币:103117000 消耗:0 收益:0 写分增量:0 阵容变化:[201,], 
2019/05/27 09:47:44.337000 git.huoys.com/qp/cells/game_trace.LogSettle 473 Info: 	 单局结算 uid:150016 剩余金币:103117000 消耗:0 收益:0 写分增量:0 阵容变化:[201,], 
2019/05/27 09:47:45.453000 git.huoys.com/qp/cells/game_trace.LeaveGame 458 Info: 
Enter=>ID:150016 Money:103117000 '2019-05-27 09:45:40'
Match=>ID :150016 玩家消耗金额:-0 玩家赢取金额:+0 返还率:0.000000 单个最高的结算金额:0 从进入到退出之间的最大余额:103117000
Leave=>ID:150016 Money:103117000 '2019-05-27 09:47:45'
	ID:150016 翻牌统计: 攻击次数:0,击杀次数:0,免伤次数:0,空卡次数:0,宝箱次数:0,普通怪次数:0,Boss怪次数:0,消耗:0 收益:0 返回率:0.000000;
	ID:150016 ALLMONSTERID 消耗:0,收益:0,返回率:0.000000;
	ID:150016 过敏源剧情 消耗:0,收益:0,返回率:0.000000;
2019/05/27 09:48:06.846000 git.huoys.com/qp/cells/game_trace.LogSettle 473 Info: 	 单局结算 uid:150016 剩余金币:103117000 消耗:0 收益:0 写分增量:0 阵容变化:[201,], 
2019/05/27 09:48:07.905000 git.huoys.com/qp/cells/game_trace.LeaveGame 458 Info: 
Enter=>ID:150016 Money:103117000 '2019-05-27 09:47:53'
Match=>ID :150016 玩家消耗金额:-0 玩家赢取金额:+0 返还率:0.000000 单个最高的结算金额:0 从进入到退出之间的最大余额:103117000
Leave=>ID:150016 Money:103117000 '2019-05-27 09:48:07'
	ID:150016 翻牌统计: 攻击次数:0,击杀次数:0,免伤次数:0,空卡次数:0,宝箱次数:0,普通怪次数:0,Boss怪次数:0,消耗:0 收益:0 返回率:0.000000;
	ID:150016 ALLMONSTERID 消耗:0,收益:0,返回率:0.000000;
	ID:150016 过敏源剧情 消耗:0,收益:0,返回率:0.000000;
2019/05/27 09:49:16.492000 git.huoys.com/qp/cells/game_trace.LogSettle 473 Info: 	 单局结算 uid:150016 剩余金币:103117000 消耗:0 收益:0 写分增量:0 阵容变化:[201,], 
2019/05/27 09:49:17.523000 git.huoys.com/qp/cells/game_trace.LeaveGame 458 Info: 
Enter=>ID:150016 Money:103117000 '2019-05-27 09:48:16'
Match=>ID :150016 玩家消耗金额:-0 玩家赢取金额:+0 返还率:0.000000 单个最高的结算金额:0 从进入到退出之间的最大余额:103117000
Leave=>ID:150016 Money:103117000 '2019-05-27 09:49:17'
	ID:150016 翻牌统计: 攻击次数:0,击杀次数:0,免伤次数:0,空卡次数:0,宝箱次数:0,普通怪次数:0,Boss怪次数:0,消耗:0 收益:0 返回率:0.000000;
	ID:150016 ALLMONSTERID 消耗:0,收益:0,返回率:0.000000;
	ID:150016 过敏源剧情 消耗:0,收益:0,返回率:0.000000;
2019/05/27 10:02:06.313000 git.huoys.com/qp/cells/game_trace.polling 557 Info: log money polling....
	全局统计 翻牌统计: 攻击次数:0,击杀次数:0,免伤次数:0,空卡次数:0,宝箱次数:0,普通怪次数:0,Boss怪次数:0,消耗:0 收益:0 返回率:0.000000;
	全局统计 BOXID:100	攻击次数:0,击杀次数:0,免伤次数:0,消耗:0,收益:0,单次最大盈利:0 单次时间:2019-05-27 10:02:06;
	全局统计 BOXID:101	攻击次数:0,击杀次数:0,免伤次数:0,消耗:0,收益:0,单次最大盈利:0 单次时间:2019-05-27 10:02:06;
	全局统计 ALLMONSTERID 消耗:0,收益:0,返回率:0.000000;
	全局统计 过敏源剧情 消耗:0,收益:0,返回率:0.000000;
	全局统计 总输赢:0 总消耗:-0 总收益:+0 总免伤次数:0 总免伤:0 返回率:0.000000 时间:2019-05-27_10_02_06
2019/05/27 10:06:53.300000 git.huoys.com/qp/cells/game_trace.LogSettle 473 Info: 	 单局结算 uid:150016 剩余金币:103117000 消耗:0 收益:0 写分增量:0 阵容变化:[201,], 
2019/05/27 10:06:54.326000 git.huoys.com/qp/cells/game_trace.LeaveGame 458 Info: 
Enter=>ID:150016 Money:103117000 '2019-05-27 10:06:39'
Match=>ID :150016 玩家消耗金额:-0 玩家赢取金额:+0 返还率:0.000000 单个最高的结算金额:0 从进入到退出之间的最大余额:103117000
Leave=>ID:150016 Money:103117000 '2019-05-27 10:06:54'
	ID:150016 翻牌统计: 攻击次数:0,击杀次数:0,免伤次数:0,空卡次数:0,宝箱次数:0,普通怪次数:0,Boss怪次数:0,消耗:0 收益:0 返回率:0.000000;
	ID:150016 ALLMONSTERID 消耗:0,收益:0,返回率:0.000000;
	ID:150016 过敏源剧情 消耗:0,收益:0,返回率:0.000000;
2019/05/27 10:10:20.028000 git.huoys.com/qp/cells/game_trace.LogSettle 473 Info: 	 单局结算 uid:150016 剩余金币:103117000 消耗:0 收益:0 写分增量:0 阵容变化:[201,], 
2019/05/27 10:10:21.058000 git.huoys.com/qp/cells/game_trace.LeaveGame 458 Info: 
Enter=>ID:150016 Money:103117000 '2019-05-27 10:09:55'
Match=>ID :150016 玩家消耗金额:-0 玩家赢取金额:+0 返还率:0.000000 单个最高的结算金额:0 从进入到退出之间的最大余额:103117000
Leave=>ID:150016 Money:103117000 '2019-05-27 10:10:21'
	ID:150016 翻牌统计: 攻击次数:0,击杀次数:0,免伤次数:0,空卡次数:0,宝箱次数:0,普通怪次数:0,Boss怪次数:0,消耗:0 收益:0 返回率:0.000000;
	ID:150016 ALLMONSTERID 消耗:0,收益:0,返回率:0.000000;
	ID:150016 过敏源剧情 消耗:0,收益:0,返回率:0.000000;
2019/05/27 10:11:52.363000 git.huoys.com/qp/cells/game_trace.LogSettle 473 Info: 	 单局结算 uid:150016 剩余金币:103117000 消耗:0 收益:0 写分增量:0 阵容变化:[201,], 
2019/05/27 10:11:53.423000 git.huoys.com/qp/cells/game_trace.LeaveGame 458 Info: 
Enter=>ID:150016 Money:103117000 '2019-05-27 10:11:20'
Match=>ID :150016 玩家消耗金额:-0 玩家赢取金额:+0 返还率:0.000000 单个最高的结算金额:0 从进入到退出之间的最大余额:103117000
Leave=>ID:150016 Money:103117000 '2019-05-27 10:11:53'
	ID:150016 翻牌统计: 攻击次数:0,击杀次数:0,免伤次数:0,空卡次数:0,宝箱次数:0,普通怪次数:0,Boss怪次数:0,消耗:0 收益:0 返回率:0.000000;
	ID:150016 ALLMONSTERID 消耗:0,收益:0,返回率:0.000000;
	ID:150016 过敏源剧情 消耗:0,收益:0,返回率:0.000000;
2019/05/27 10:13:28.343000 git.huoys.com/qp/cells/game_trace.LogSettle 473 Info: 	 单局结算 uid:150016 剩余金币:103117000 消耗:0 收益:0 写分增量:0 阵容变化:[201,], 
2019/05/27 10:13:29.409000 git.huoys.com/qp/cells/game_trace.LeaveGame 458 Info: 
Enter=>ID:150016 Money:103117000 '2019-05-27 10:12:33'
Match=>ID :150016 玩家消耗金额:-0 玩家赢取金额:+0 返还率:0.000000 单个最高的结算金额:0 从进入到退出之间的最大余额:103117000
Leave=>ID:150016 Money:103117000 '2019-05-27 10:13:29'
	ID:150016 翻牌统计: 攻击次数:0,击杀次数:0,免伤次数:0,空卡次数:0,宝箱次数:0,普通怪次数:0,Boss怪次数:0,消耗:0 收益:0 返回率:0.000000;
	ID:150016 ALLMONSTERID 消耗:0,收益:0,返回率:0.000000;
	ID:150016 过敏源剧情 消耗:0,收益:0,返回率:0.000000;
2019/05/27 10:13:52.200000 git.huoys.com/qp/cells/game_trace.LogSettle 473 Info: 	 单局结算 uid:150016 剩余金币:103117000 消耗:0 收益:0 写分增量:0 阵容变化:[201,], 
2019/05/27 10:13:53.251000 git.huoys.com/qp/cells/game_trace.LeaveGame 458 Info: 
Enter=>ID:150016 Money:103117000 '2019-05-27 10:13:36'
Match=>ID :150016 玩家消耗金额:-0 玩家赢取金额:+0 返还率:0.000000 单个最高的结算金额:0 从进入到退出之间的最大余额:103117000
Leave=>ID:150016 Money:103117000 '2019-05-27 10:13:53'
	ID:150016 翻牌统计: 攻击次数:0,击杀次数:0,免伤次数:0,空卡次数:0,宝箱次数:0,普通怪次数:0,Boss怪次数:0,消耗:0 收益:0 返回率:0.000000;
	ID:150016 ALLMONSTERID 消耗:0,收益:0,返回率:0.000000;
	ID:150016 过敏源剧情 消耗:0,收益:0,返回率:0.000000;
2019/05/27 10:14:14.733000 git.huoys.com/qp/cells/game_trace.LogSettle 473 Info: 	 单局结算 uid:150016 剩余金币:103117000 消耗:0 收益:0 写分增量:0 阵容变化:[201,], 
2019/05/27 10:14:15.835000 git.huoys.com/qp/cells/game_trace.LeaveGame 458 Info: 
Enter=>ID:150016 Money:103117000 '2019-05-27 10:14:00'
Match=>ID :150016 玩家消耗金额:-0 玩家赢取金额:+0 返还率:0.000000 单个最高的结算金额:0 从进入到退出之间的最大余额:103117000
Leave=>ID:150016 Money:103117000 '2019-05-27 10:14:15'
	ID:150016 翻牌统计: 攻击次数:0,击杀次数:0,免伤次数:0,空卡次数:0,宝箱次数:0,普通怪次数:0,Boss怪次数:0,消耗:0 收益:0 返回率:0.000000;
	ID:150016 ALLMONSTERID 消耗:0,收益:0,返回率:0.000000;
	ID:150016 过敏源剧情 消耗:0,收益:0,返回率:0.000000;
2019/05/27 10:16:26.417000 git.huoys.com/qp/cells/game_trace.LogSettle 473 Info: 	 单局结算 uid:150016 剩余金币:103117000 消耗:0 收益:0 写分增量:0 阵容变化:[201,], 
2019/05/27 10:18:28.465000 git.huoys.com/qp/cells/game_trace.LogSettle 473 Info: 	 单局结算 uid:150016 剩余金币:103117000 消耗:0 收益:0 写分增量:0 阵容变化:[201,], 
2019/05/27 10:20:06.410000 git.huoys.com/qp/cells/game_trace.LogSettle 473 Info: 	 单局结算 uid:150016 剩余金币:103117000 消耗:0 收益:0 写分增量:0 阵容变化:[201,], 
2019/05/27 10:20:07.433000 git.huoys.com/qp/cells/game_trace.LeaveGame 458 Info: 
Enter=>ID:150016 Money:103117000 '2019-05-27 10:14:23'
Match=>ID :150016 玩家消耗金额:-0 玩家赢取金额:+0 返还率:0.000000 单个最高的结算金额:0 从进入到退出之间的最大余额:103117000
Leave=>ID:150016 Money:103117000 '2019-05-27 10:20:07'
	ID:150016 翻牌统计: 攻击次数:0,击杀次数:0,免伤次数:0,空卡次数:0,宝箱次数:0,普通怪次数:0,Boss怪次数:0,消耗:0 收益:0 返回率:0.000000;
	ID:150016 ALLMONSTERID 消耗:0,收益:0,返回率:0.000000;
	ID:150016 过敏源剧情 消耗:0,收益:0,返回率:0.000000;
2019/05/27 10:32:06.418000 git.huoys.com/qp/cells/game_trace.polling 557 Info: log money polling....
	全局统计 翻牌统计: 攻击次数:0,击杀次数:0,免伤次数:0,空卡次数:0,宝箱次数:0,普通怪次数:0,Boss怪次数:0,消耗:0 收益:0 返回率:0.000000;
	全局统计 BOXID:100	攻击次数:0,击杀次数:0,免伤次数:0,消耗:0,收益:0,单次最大盈利:0 单次时间:2019-05-27 10:32:06;
	全局统计 BOXID:101	攻击次数:0,击杀次数:0,免伤次数:0,消耗:0,收益:0,单次最大盈利:0 单次时间:2019-05-27 10:32:06;
	全局统计 ALLMONSTERID 消耗:0,收益:0,返回率:0.000000;
	全局统计 过敏源剧情 消耗:0,收益:0,返回率:0.000000;
	全局统计 总输赢:0 总消耗:-0 总收益:+0 总免伤次数:0 总免伤:0 返回率:0.000000 时间:2019-05-27_10_32_06
2019/05/27 10:36:18.425000 git.huoys.com/qp/cells/game_trace.LogSettle 473 Info: 	 单局结算 uid:150016 剩余金币:103117000 消耗:0 收益:0 写分增量:0 阵容变化:[201,], 
2019/05/27 10:36:19.457000 git.huoys.com/qp/cells/game_trace.LeaveGame 458 Info: 
Enter=>ID:150016 Money:103117000 '2019-05-27 10:35:31'
Match=>ID :150016 玩家消耗金额:-0 玩家赢取金额:+0 返还率:0.000000 单个最高的结算金额:0 从进入到退出之间的最大余额:103117000
Leave=>ID:150016 Money:103117000 '2019-05-27 10:36:19'
	ID:150016 翻牌统计: 攻击次数:0,击杀次数:0,免伤次数:0,空卡次数:0,宝箱次数:0,普通怪次数:0,Boss怪次数:0,消耗:0 收益:0 返回率:0.000000;
	ID:150016 ALLMONSTERID 消耗:0,收益:0,返回率:0.000000;
	ID:150016 过敏源剧情 消耗:0,收益:0,返回率:0.000000;
2019/05/27 11:02:06.464000 git.huoys.com/qp/cells/game_trace.polling 557 Info: log money polling....
	全局统计 翻牌统计: 攻击次数:0,击杀次数:0,免伤次数:0,空卡次数:0,宝箱次数:0,普通怪次数:0,Boss怪次数:0,消耗:0 收益:0 返回率:0.000000;
	全局统计 BOXID:100	攻击次数:0,击杀次数:0,免伤次数:0,消耗:0,收益:0,单次最大盈利:0 单次时间:2019-05-27 11:02:06;
	全局统计 BOXID:101	攻击次数:0,击杀次数:0,免伤次数:0,消耗:0,收益:0,单次最大盈利:0 单次时间:2019-05-27 11:02:06;
	全局统计 ALLMONSTERID 消耗:0,收益:0,返回率:0.000000;
	全局统计 过敏源剧情 消耗:0,收益:0,返回率:0.000000;
	全局统计 总输赢:0 总消耗:-0 总收益:+0 总免伤次数:0 总免伤:0 返回率:0.000000 时间:2019-05-27_11_02_06
2019/05/27 11:32:07.512000 git.huoys.com/qp/cells/game_trace.polling 557 Info: log money polling....
	全局统计 翻牌统计: 攻击次数:0,击杀次数:0,免伤次数:0,空卡次数:0,宝箱次数:0,普通怪次数:0,Boss怪次数:0,消耗:0 收益:0 返回率:0.000000;
	全局统计 BOXID:100	攻击次数:0,击杀次数:0,免伤次数:0,消耗:0,收益:0,单次最大盈利:0 单次时间:2019-05-27 11:32:07;
	全局统计 BOXID:101	攻击次数:0,击杀次数:0,免伤次数:0,消耗:0,收益:0,单次最大盈利:0 单次时间:2019-05-27 11:32:07;
	全局统计 ALLMONSTERID 消耗:0,收益:0,返回率:0.000000;
	全局统计 过敏源剧情 消耗:0,收益:0,返回率:0.000000;
	全局统计 总输赢:0 总消耗:-0 总收益:+0 总免伤次数:0 总免伤:0 返回率:0.000000 时间:2019-05-27_11_32_07
2019/05/27 12:02:07.535000 git.huoys.com/qp/cells/game_trace.polling 557 Info: log money polling....
	全局统计 翻牌统计: 攻击次数:0,击杀次数:0,免伤次数:0,空卡次数:0,宝箱次数:0,普通怪次数:0,Boss怪次数:0,消耗:0 收益:0 返回率:0.000000;
	全局统计 BOXID:100	攻击次数:0,击杀次数:0,免伤次数:0,消耗:0,收益:0,单次最大盈利:0 单次时间:2019-05-27 12:02:07;
	全局统计 BOXID:101	攻击次数:0,击杀次数:0,免伤次数:0,消耗:0,收益:0,单次最大盈利:0 单次时间:2019-05-27 12:02:07;
	全局统计 ALLMONSTERID 消耗:0,收益:0,返回率:0.000000;
	全局统计 过敏源剧情 消耗:0,收益:0,返回率:0.000000;
	全局统计 总输赢:0 总消耗:-0 总收益:+0 总免伤次数:0 总免伤:0 返回率:0.000000 时间:2019-05-27_12_02_07
2019/05/27 12:32:07.628000 git.huoys.com/qp/cells/game_trace.polling 557 Info: log money polling....
	全局统计 翻牌统计: 攻击次数:0,击杀次数:0,免伤次数:0,空卡次数:0,宝箱次数:0,普通怪次数:0,Boss怪次数:0,消耗:0 收益:0 返回率:0.000000;
	全局统计 BOXID:100	攻击次数:0,击杀次数:0,免伤次数:0,消耗:0,收益:0,单次最大盈利:0 单次时间:2019-05-27 12:32:07;
	全局统计 BOXID:101	攻击次数:0,击杀次数:0,免伤次数:0,消耗:0,收益:0,单次最大盈利:0 单次时间:2019-05-27 12:32:07;
	全局统计 ALLMONSTERID 消耗:0,收益:0,返回率:0.000000;
	全局统计 过敏源剧情 消耗:0,收益:0,返回率:0.000000;
	全局统计 总输赢:0 总消耗:-0 总收益:+0 总免伤次数:0 总免伤:0 返回率:0.000000 时间:2019-05-27_12_32_07
2019/05/27 13:02:06.642000 git.huoys.com/qp/cells/game_trace.polling 557 Info: log money polling....
	全局统计 翻牌统计: 攻击次数:0,击杀次数:0,免伤次数:0,空卡次数:0,宝箱次数:0,普通怪次数:0,Boss怪次数:0,消耗:0 收益:0 返回率:0.000000;
	全局统计 BOXID:100	攻击次数:0,击杀次数:0,免伤次数:0,消耗:0,收益:0,单次最大盈利:0 单次时间:2019-05-27 13:02:06;
	全局统计 BOXID:101	攻击次数:0,击杀次数:0,免伤次数:0,消耗:0,收益:0,单次最大盈利:0 单次时间:2019-05-27 13:02:06;
	全局统计 ALLMONSTERID 消耗:0,收益:0,返回率:0.000000;
	全局统计 过敏源剧情 消耗:0,收益:0,返回率:0.000000;
	全局统计 总输赢:0 总消耗:-0 总收益:+0 总免伤次数:0 总免伤:0 返回率:0.000000 时间:2019-05-27_13_02_06
2019/05/27 13:32:06.701000 git.huoys.com/qp/cells/game_trace.polling 557 Info: log money polling....
	全局统计 翻牌统计: 攻击次数:0,击杀次数:0,免伤次数:0,空卡次数:0,宝箱次数:0,普通怪次数:0,Boss怪次数:0,消耗:0 收益:0 返回率:0.000000;
	全局统计 BOXID:100	攻击次数:0,击杀次数:0,免伤次数:0,消耗:0,收益:0,单次最大盈利:0 单次时间:2019-05-27 13:32:06;
	全局统计 BOXID:101	攻击次数:0,击杀次数:0,免伤次数:0,消耗:0,收益:0,单次最大盈利:0 单次时间:2019-05-27 13:32:06;
	全局统计 ALLMONSTERID 消耗:0,收益:0,返回率:0.000000;
	全局统计 过敏源剧情 消耗:0,收益:0,返回率:0.000000;
	全局统计 总输赢:0 总消耗:-0 总收益:+0 总免伤次数:0 总免伤:0 返回率:0.000000 时间:2019-05-27_13_32_06
2019/05/27 14:02:06.722000 git.huoys.com/qp/cells/game_trace.polling 557 Info: log money polling....
	全局统计 翻牌统计: 攻击次数:0,击杀次数:0,免伤次数:0,空卡次数:0,宝箱次数:0,普通怪次数:0,Boss怪次数:0,消耗:0 收益:0 返回率:0.000000;
	全局统计 BOXID:100	攻击次数:0,击杀次数:0,免伤次数:0,消耗:0,收益:0,单次最大盈利:0 单次时间:2019-05-27 14:02:06;
	全局统计 BOXID:101	攻击次数:0,击杀次数:0,免伤次数:0,消耗:0,收益:0,单次最大盈利:0 单次时间:2019-05-27 14:02:06;
	全局统计 ALLMONSTERID 消耗:0,收益:0,返回率:0.000000;
	全局统计 过敏源剧情 消耗:0,收益:0,返回率:0.000000;
	全局统计 总输赢:0 总消耗:-0 总收益:+0 总免伤次数:0 总免伤:0 返回率:0.000000 时间:2019-05-27_14_02_06
2019/05/27 14:32:06.758000 git.huoys.com/qp/cells/game_trace.polling 557 Info: log money polling....
	全局统计 翻牌统计: 攻击次数:0,击杀次数:0,免伤次数:0,空卡次数:0,宝箱次数:0,普通怪次数:0,Boss怪次数:0,消耗:0 收益:0 返回率:0.000000;
	全局统计 BOXID:100	攻击次数:0,击杀次数:0,免伤次数:0,消耗:0,收益:0,单次最大盈利:0 单次时间:2019-05-27 14:32:06;
	全局统计 BOXID:101	攻击次数:0,击杀次数:0,免伤次数:0,消耗:0,收益:0,单次最大盈利:0 单次时间:2019-05-27 14:32:06;
	全局统计 ALLMONSTERID 消耗:0,收益:0,返回率:0.000000;
	全局统计 过敏源剧情 消耗:0,收益:0,返回率:0.000000;
	全局统计 总输赢:0 总消耗:-0 总收益:+0 总免伤次数:0 总免伤:0 返回率:0.000000 时间:2019-05-27_14_32_06
2019/05/27 15:02:06.820000 git.huoys.com/qp/cells/game_trace.polling 557 Info: log money polling....
	全局统计 翻牌统计: 攻击次数:0,击杀次数:0,免伤次数:0,空卡次数:0,宝箱次数:0,普通怪次数:0,Boss怪次数:0,消耗:0 收益:0 返回率:0.000000;
	全局统计 BOXID:100	攻击次数:0,击杀次数:0,免伤次数:0,消耗:0,收益:0,单次最大盈利:0 单次时间:2019-05-27 15:02:06;
	全局统计 BOXID:101	攻击次数:0,击杀次数:0,免伤次数:0,消耗:0,收益:0,单次最大盈利:0 单次时间:2019-05-27 15:02:06;
	全局统计 ALLMONSTERID 消耗:0,收益:0,返回率:0.000000;
	全局统计 过敏源剧情 消耗:0,收益:0,返回率:0.000000;
	全局统计 总输赢:0 总消耗:-0 总收益:+0 总免伤次数:0 总免伤:0 返回率:0.000000 时间:2019-05-27_15_02_06
2019/05/27 15:32:06.867000 git.huoys.com/qp/cells/game_trace.polling 557 Info: log money polling....
	全局统计 翻牌统计: 攻击次数:0,击杀次数:0,免伤次数:0,空卡次数:0,宝箱次数:0,普通怪次数:0,Boss怪次数:0,消耗:0 收益:0 返回率:0.000000;
	全局统计 BOXID:100	攻击次数:0,击杀次数:0,免伤次数:0,消耗:0,收益:0,单次最大盈利:0 单次时间:2019-05-27 15:32:06;
	全局统计 BOXID:101	攻击次数:0,击杀次数:0,免伤次数:0,消耗:0,收益:0,单次最大盈利:0 单次时间:2019-05-27 15:32:06;
	全局统计 ALLMONSTERID 消耗:0,收益:0,返回率:0.000000;
	全局统计 过敏源剧情 消耗:0,收益:0,返回率:0.000000;
	全局统计 总输赢:0 总消耗:-0 总收益:+0 总免伤次数:0 总免伤:0 返回率:0.000000 时间:2019-05-27_15_32_06
2019/05/27 15:40:14.851000 git.huoys.com/qp/cells/game_trace.LogSettle 473 Info: 	 单局结算 uid:150016 剩余金币:103117000 消耗:0 收益:0 写分增量:0 阵容变化:[201,], 
2019/05/27 15:40:15.899000 git.huoys.com/qp/cells/game_trace.LeaveGame 458 Info: 
Enter=>ID:150016 Money:103117000 '2019-05-27 15:39:58'
Match=>ID :150016 玩家消耗金额:-0 玩家赢取金额:+0 返还率:0.000000 单个最高的结算金额:0 从进入到退出之间的最大余额:103117000
Leave=>ID:150016 Money:103117000 '2019-05-27 15:40:15'
	ID:150016 翻牌统计: 攻击次数:0,击杀次数:0,免伤次数:0,空卡次数:0,宝箱次数:0,普通怪次数:0,Boss怪次数:0,消耗:0 收益:0 返回率:0.000000;
	ID:150016 ALLMONSTERID 消耗:0,收益:0,返回率:0.000000;
	ID:150016 过敏源剧情 消耗:0,收益:0,返回率:0.000000;
2019/05/27 15:40:40.075000 git.huoys.com/qp/cells/game_trace.LogSettle 473 Info: 	 单局结算 uid:150015 剩余金币:67263190 消耗:0 收益:0 写分增量:0 阵容变化:[201,202,200,],[201,202,200,],[201,202,200,], 
2019/05/27 15:40:41.143000 git.huoys.com/qp/cells/game_trace.LeaveGame 458 Info: 
Enter=>ID:150015 Money:67263190 '2019-05-27 15:40:35'
Match=>ID :150015 玩家消耗金额:-0 玩家赢取金额:+0 返还率:0.000000 单个最高的结算金额:0 从进入到退出之间的最大余额:67263190
Leave=>ID:150015 Money:67263190 '2019-05-27 15:40:41'
	ID:150015 翻牌统计: 攻击次数:0,击杀次数:0,免伤次数:0,空卡次数:0,宝箱次数:0,普通怪次数:0,Boss怪次数:0,消耗:0 收益:0 返回率:0.000000;
	ID:150015 ALLMONSTERID 消耗:0,收益:0,返回率:0.000000;
	ID:150015 过敏源剧情 消耗:0,收益:0,返回率:0.000000;
