2019/05/15 14:48:23.431200 git.huoys.com/qp/cells/game_trace.polling 557 Info: log money polling....
	全局统计 翻牌统计: 攻击次数:0,击杀次数:0,免伤次数:0,空卡次数:0,宝箱次数:0,普通怪次数:0,Boss怪次数:0,消耗:0 收益:0 返回率:0.000000;
	全局统计 ALLMONSTERID 消耗:0,收益:0,返回率:0.000000;
	全局统计 过敏源剧情 消耗:0,收益:0,返回率:0.000000;
	全局统计 总输赢:0 总消耗:-0 总收益:+0 总免伤次数:0 总免伤:0 返回率:0.000000 时间:2019-05-15_14_48_23
2019/05/15 14:49:12.429200 git.huoys.com/qp/cells/module/room/logic/storysys.(*Allergen).CalcSettle 322 Info: Allergen Settle uid:150015 entermoney:107201300 2019-05-15_14_48_47 lockratio:10 totaltimes:110 consume:20 groupindex:19 group:{Weight:20 Detail:[1 0 0 1 1] RewardTimes:110} attack: reward:1100 levemoney:107202400 2019-05-15_14_49_12
2019/05/15 14:49:12.431200 git.huoys.com/qp/cells/game_trace.LogSettle 473 Info: 	 单局结算 uid:150015 剩余金币:107202400 消耗:480 收益:1100 写分增量:620 阵容变化:[201,200,202,],[201,200,202,],[201,200,202,], 
2019/05/15 14:49:12.493200 git.huoys.com/qp/cells/game_trace.LeaveGame 458 Info: 
Enter=>ID:150015 Money:107201780 '2019-05-15 14:48:33'
Match=>ID :150015 玩家消耗金额:-480 玩家赢取金额:+1100 返还率:2.291667 单个最高的结算金额:1100 从进入到退出之间的最大余额:107202400
Leave=>ID:150015 Money:107202400 '2019-05-15 14:49:12'
	ID:150015 翻牌统计: 攻击次数:0,击杀次数:0,免伤次数:0,空卡次数:0,宝箱次数:0,普通怪次数:0,Boss怪次数:0,消耗:0 收益:0 返回率:0.000000;
	ID:150015 ALLMONSTERID 消耗:0,收益:0,返回率:0.000000;
	ID:150015 过敏源剧情 消耗:480,收益:1100,返回率:2.291667;
2019/05/15 14:49:47.442200 git.huoys.com/qp/cells/game_trace.LogSettle 473 Info: 	 单局结算 uid:150015 剩余金币:107201440 消耗:1100 收益:140 写分增量:-960 阵容变化:[201,200,202,],[201,200,202,],[201,200,202,], 
2019/05/15 14:49:47.532200 git.huoys.com/qp/cells/game_trace.LeaveGame 458 Info: 
Enter=>ID:150015 Money:107202400 '2019-05-15 14:49:23'
Match=>ID :150015 玩家消耗金额:-1100 玩家赢取金额:+140 返还率:0.127273 单个最高的结算金额:140 从进入到退出之间的最大余额:107202480
Leave=>ID:150015 Money:107201440 '2019-05-15 14:49:47'
	ID:150015 翻牌统计: 攻击次数:4,击杀次数:0,免伤次数:0,空卡次数:0,宝箱次数:1,普通怪次数:3,Boss怪次数:0,消耗:80 收益:140 返回率:1.750000;
	ID:150015 BOXID:100	攻击次数:3,击杀次数:1,免伤次数:0,消耗:60,收益:140,单次最大盈利:140 单次时间:2019-05-15 14:49:27;
	ID:150015 BOXID:101	攻击次数:1,击杀次数:0,免伤次数:0,消耗:20,收益:0,单次最大盈利:0 单次时间:1970-01-01 08:00:00;
	ID:150015 MONSTERID:306	攻击次数:1,免伤次数:0,击杀次数:0,消耗:20,收益:0,单次最大盈利:0 单次时间:1970-01-01 08:00:00;
	ID:150015 ALLMONSTERID 消耗:20,收益:0,返回率:0.000000;
	ID:150015 过敏源剧情 消耗:1000,收益:0,返回率:0.000000;
2019/05/15 14:53:02.428200 git.huoys.com/qp/cells/module/room/logic/storysys.(*Allergen).CalcSettle 322 Info: Allergen Settle uid:150015 entermoney:107200840 2019-05-15_14_52_38 lockratio:10 totaltimes:170 consume:20 groupindex:26 group:{Weight:30 Detail:[1 0 1 1 1] RewardTimes:170} attack: reward:1700 levemoney:107202540 2019-05-15_14_53_02
2019/05/15 14:53:02.430200 git.huoys.com/qp/cells/game_trace.LogSettle 473 Info: 	 单局结算 uid:150015 剩余金币:107202540 消耗:600 收益:1700 写分增量:1100 阵容变化:[201,200,202,],[201,200,202,],[201,200,202,], 
2019/05/15 14:53:02.472200 git.huoys.com/qp/cells/game_trace.LeaveGame 458 Info: 
Enter=>ID:150015 Money:107201440 '2019-05-15 14:52:22'
Match=>ID :150015 玩家消耗金额:-600 玩家赢取金额:+1700 返还率:2.833333 单个最高的结算金额:1700 从进入到退出之间的最大余额:107202540
Leave=>ID:150015 Money:107202540 '2019-05-15 14:53:02'
	ID:150015 翻牌统计: 攻击次数:0,击杀次数:0,免伤次数:0,空卡次数:0,宝箱次数:0,普通怪次数:0,Boss怪次数:0,消耗:0 收益:0 返回率:0.000000;
	ID:150015 ALLMONSTERID 消耗:0,收益:0,返回率:0.000000;
	ID:150015 过敏源剧情 消耗:600,收益:1700,返回率:2.833333;
2019/05/15 14:53:46.216200 git.huoys.com/qp/cells/game_trace.LogSettle 473 Info: 	 单局结算 uid:150015 剩余金币:107202540 消耗:0 收益:0 写分增量:0 阵容变化:[201,200,202,],[201,200,202,],[201,200,202,], 
2019/05/15 14:53:46.313200 git.huoys.com/qp/cells/game_trace.LeaveGame 458 Info: 
Enter=>ID:150015 Money:107202540 '2019-05-15 14:53:12'
Match=>ID :150015 玩家消耗金额:-0 玩家赢取金额:+0 返还率:0.000000 单个最高的结算金额:0 从进入到退出之间的最大余额:107202540
Leave=>ID:150015 Money:107202540 '2019-05-15 14:53:46'
	ID:150015 翻牌统计: 攻击次数:0,击杀次数:0,免伤次数:0,空卡次数:0,宝箱次数:0,普通怪次数:0,Boss怪次数:0,消耗:0 收益:0 返回率:0.000000;
	ID:150015 ALLMONSTERID 消耗:0,收益:0,返回率:0.000000;
	ID:150015 过敏源剧情 消耗:0,收益:0,返回率:0.000000;
2019/05/15 14:54:57.440200 git.huoys.com/qp/cells/module/room/logic/storysys.(*Allergen).CalcSettle 322 Info: Allergen Settle uid:150015 entermoney:107202160 2019-05-15_14_54_31 lockratio:10 totaltimes:90 consume:20 groupindex:20 group:{Weight:20 Detail:[0 1 0 1 1] RewardTimes:90} attack: reward:900 levemoney:107203060 2019-05-15_14_54_57
2019/05/15 14:54:57.443200 git.huoys.com/qp/cells/game_trace.LogSettle 473 Info: 	 单局结算 uid:150015 剩余金币:107203060 消耗:380 收益:900 写分增量:520 阵容变化:[201,200,202,],[201,200,202,],[201,200,202,], 
2019/05/15 14:54:57.489200 git.huoys.com/qp/cells/game_trace.LeaveGame 458 Info: 
Enter=>ID:150015 Money:107202540 '2019-05-15 14:54:17'
Match=>ID :150015 玩家消耗金额:-380 玩家赢取金额:+900 返还率:2.368421 单个最高的结算金额:900 从进入到退出之间的最大余额:107203060
Leave=>ID:150015 Money:107203060 '2019-05-15 14:54:57'
	ID:150015 翻牌统计: 攻击次数:0,击杀次数:0,免伤次数:0,空卡次数:0,宝箱次数:0,普通怪次数:0,Boss怪次数:0,消耗:0 收益:0 返回率:0.000000;
	ID:150015 ALLMONSTERID 消耗:0,收益:0,返回率:0.000000;
	ID:150015 过敏源剧情 消耗:380,收益:900,返回率:2.368421;
2019/05/15 14:55:51.200200 git.huoys.com/qp/cells/module/room/logic/storysys.(*Allergen).CalcSettle 322 Info: Allergen Settle uid:150015 entermoney:107202880 2019-05-15_14_55_35 lockratio:10 totaltimes:70 consume:20 groupindex:21 group:{Weight:20 Detail:[0 0 0 1 1] RewardTimes:70} attack:0-0,1-0,2-0,3-200,4-500, reward:700 levemoney:107203580 2019-05-15_14_55_51
2019/05/15 14:56:41.444200 git.huoys.com/qp/cells/game_trace.LogSettle 473 Info: 	 单局结算 uid:150015 剩余金币:107203580 消耗:180 收益:700 写分增量:520 阵容变化:[201,200,202,],[201,200,202,],[201,200,202,],[201,200,202,],[201,200,202,],[201,200,202,],[201,200,202,],[201,200,202,],[201,200,202,], 
2019/05/15 14:56:41.511200 git.huoys.com/qp/cells/game_trace.LeaveGame 458 Info: 
Enter=>ID:150015 Money:107203060 '2019-05-15 14:55:15'
Match=>ID :150015 玩家消耗金额:-180 玩家赢取金额:+700 返还率:3.888889 单个最高的结算金额:500 从进入到退出之间的最大余额:107203580
Leave=>ID:150015 Money:107203580 '2019-05-15 14:56:41'
	ID:150015 翻牌统计: 攻击次数:0,击杀次数:0,免伤次数:0,空卡次数:0,宝箱次数:0,普通怪次数:0,Boss怪次数:0,消耗:0 收益:0 返回率:0.000000;
	ID:150015 ALLMONSTERID 消耗:0,收益:0,返回率:0.000000;
	ID:150015 过敏源剧情 消耗:180,收益:700,返回率:3.888889;
2019/05/15 14:57:15.439200 git.huoys.com/qp/cells/game_trace.LogSettle 473 Info: 	 单局结算 uid:150015 剩余金币:107203580 消耗:0 收益:0 写分增量:0 阵容变化:[201,200,202,],[201,200,202,],[201,200,202,], 
2019/05/15 14:57:15.473200 git.huoys.com/qp/cells/game_trace.LeaveGame 458 Info: 
Enter=>ID:150015 Money:107203580 '2019-05-15 14:57:00'
Match=>ID :150015 玩家消耗金额:-0 玩家赢取金额:+0 返还率:0.000000 单个最高的结算金额:0 从进入到退出之间的最大余额:107203580
Leave=>ID:150015 Money:107203580 '2019-05-15 14:57:15'
	ID:150015 翻牌统计: 攻击次数:0,击杀次数:0,免伤次数:0,空卡次数:0,宝箱次数:0,普通怪次数:0,Boss怪次数:0,消耗:0 收益:0 返回率:0.000000;
	ID:150015 ALLMONSTERID 消耗:0,收益:0,返回率:0.000000;
	ID:150015 过敏源剧情 消耗:0,收益:0,返回率:0.000000;
2019/05/15 14:59:55.752200 git.huoys.com/qp/cells/game_trace.LogSettle 473 Info: 	 单局结算 uid:150015 剩余金币:107203220 消耗:360 收益:0 写分增量:-360 阵容变化:[201,200,202,],[201,200,202,],[201,200,202,],[201,200,202,],[201,200,202,],[201,200,202,], 
2019/05/15 14:59:55.803200 git.huoys.com/qp/cells/game_trace.LeaveGame 458 Info: 
Enter=>ID:150015 Money:107203580 '2019-05-15 14:57:57'
Match=>ID :150015 玩家消耗金额:-360 玩家赢取金额:+0 返还率:0.000000 单个最高的结算金额:0 从进入到退出之间的最大余额:107203580
Leave=>ID:150015 Money:107203220 '2019-05-15 14:59:55'
	ID:150015 翻牌统计: 攻击次数:0,击杀次数:0,免伤次数:0,空卡次数:0,宝箱次数:0,普通怪次数:0,Boss怪次数:0,消耗:0 收益:0 返回率:0.000000;
	ID:150015 ALLMONSTERID 消耗:0,收益:0,返回率:0.000000;
	ID:150015 过敏源剧情 消耗:360,收益:0,返回率:0.000000;
2019/05/15 15:00:52.216200 git.huoys.com/qp/cells/module/room/logic/storysys.(*Allergen).CalcSettle 322 Info: Allergen Settle uid:150015 entermoney:107201720 2019-05-15_15_00_37 lockratio:10 totaltimes:110 consume:20 groupindex:19 group:{Weight:20 Detail:[1 0 0 1 1] RewardTimes:110} attack: reward:1100 levemoney:107202820 2019-05-15_15_00_52
2019/05/15 15:00:52.218200 git.huoys.com/qp/cells/game_trace.LogSettle 473 Info: 	 单局结算 uid:150015 剩余金币:107202820 消耗:1500 收益:1100 写分增量:-400 阵容变化:[201,200,202,],[201,200,202,],[201,200,202,], 
2019/05/15 15:00:52.306200 git.huoys.com/qp/cells/game_trace.LeaveGame 458 Info: 
Enter=>ID:150015 Money:107203220 '2019-05-15 15:00:03'
Match=>ID :150015 玩家消耗金额:-1500 玩家赢取金额:+1100 返还率:0.733333 单个最高的结算金额:1100 从进入到退出之间的最大余额:107203220
Leave=>ID:150015 Money:107202820 '2019-05-15 15:00:52'
	ID:150015 翻牌统计: 攻击次数:0,击杀次数:0,免伤次数:0,空卡次数:0,宝箱次数:0,普通怪次数:0,Boss怪次数:0,消耗:0 收益:0 返回率:0.000000;
	ID:150015 ALLMONSTERID 消耗:0,收益:0,返回率:0.000000;
	ID:150015 过敏源剧情 消耗:1500,收益:1100,返回率:0.733333;
2019/05/15 15:01:43.655200 git.huoys.com/qp/cells/module/room/logic/storysys.(*Allergen).CalcSettle 322 Info: Allergen Settle uid:150015 entermoney:107201160 2019-05-15_15_01_29 lockratio:10 totaltimes:160 consume:20 groupindex:22 group:{Weight:20 Detail:[1 1 0 1 1] RewardTimes:160} attack:0-400,1-500,2-0,3-200,4-500, reward:1600 levemoney:107202760 2019-05-15_15_01_43
2019/05/15 15:02:09.495200 git.huoys.com/qp/cells/game_trace.LogSettle 473 Info: 	 单局结算 uid:150015 剩余金币:107202200 消耗:2820 收益:2200 写分增量:-620 阵容变化:[201,200,202,],[201,200,202,],[201,200,202,],[201,200,202,],[201,200,202,],[201,200,202,], 
2019/05/15 15:02:09.531200 git.huoys.com/qp/cells/game_trace.LeaveGame 458 Info: 
Enter=>ID:150015 Money:107202820 '2019-05-15 15:00:58'
Match=>ID :150015 玩家消耗金额:-2820 玩家赢取金额:+2200 返还率:0.780142 单个最高的结算金额:500 从进入到退出之间的最大余额:107202940
Leave=>ID:150015 Money:107202200 '2019-05-15 15:02:09'
	ID:150015 翻牌统计: 攻击次数:26,击杀次数:0,免伤次数:0,空卡次数:5,宝箱次数:1,普通怪次数:20,Boss怪次数:0,消耗:520 收益:190 返回率:0.365385;
	ID:150015 BOXID:100	攻击次数:12,击杀次数:1,免伤次数:0,消耗:240,收益:190,单次最大盈利:190 单次时间:2019-05-15 15:01:07;
	ID:150015 BOXID:101	攻击次数:10,击杀次数:0,免伤次数:0,消耗:200,收益:0,单次最大盈利:0 单次时间:1970-01-01 08:00:00;
	ID:150015 BOXID:102	攻击次数:4,击杀次数:0,免伤次数:0,消耗:80,收益:0,单次最大盈利:0 单次时间:1970-01-01 08:00:00;
	ID:150015 MONSTERID:300	攻击次数:1,免伤次数:0,击杀次数:1,消耗:20,收益:30,单次最大盈利:30 单次时间:2019-05-15 15:01:07;
	ID:150015 MONSTERID:301	攻击次数:3,免伤次数:0,击杀次数:2,消耗:60,收益:40,单次最大盈利:20 单次时间:2019-05-15 15:01:04;
	ID:150015 MONSTERID:302	攻击次数:1,免伤次数:0,击杀次数:1,消耗:20,收益:60,单次最大盈利:60 单次时间:2019-05-15 15:01:05;
	ID:150015 MONSTERID:303	攻击次数:2,免伤次数:0,击杀次数:2,消耗:40,收益:120,单次最大盈利:80 单次时间:2019-05-15 15:01:03;
	ID:150015 MONSTERID:306	攻击次数:1,免伤次数:0,击杀次数:1,消耗:20,收益:160,单次最大盈利:160 单次时间:2019-05-15 15:01:04;
	ID:150015 MONSTERID:307	攻击次数:7,免伤次数:0,击杀次数:0,消耗:140,收益:0,单次最大盈利:0 单次时间:1970-01-01 08:00:00;
	ID:150015 ALLMONSTERID 消耗:300,收益:410,返回率:1.366667;
	ID:150015 过敏源剧情 消耗:2000,收益:1600,返回率:0.800000;
2019/05/15 15:03:50.127200 git.huoys.com/qp/cells/module/room/logic/storysys.(*Allergen).CalcSettle 322 Info: Allergen Settle uid:150015 entermoney:107200120 2019-05-15_15_03_10 lockratio:10 totaltimes:130 consume:20 groupindex:27 group:{Weight:30 Detail:[0 0 1 1 1] RewardTimes:130} attack:0-0,1-0,2-200,3-500,4-600, reward:1300 levemoney:107201420 2019-05-15_15_03_50
2019/05/15 15:04:19.503200 git.huoys.com/qp/cells/game_trace.LogSettle 473 Info: 	 单局结算 uid:150015 剩余金币:107201280 消耗:2220 收益:1300 写分增量:-920 阵容变化:[201,200,202,],[201,200,202,],[201,200,202,],[201,200,202,],[201,200,202,],[201,200,202,],[201,200,202,],[201,200,202,],[201,200,202,], 
2019/05/15 15:04:19.607200 git.huoys.com/qp/cells/game_trace.LeaveGame 458 Info: 
Enter=>ID:150015 Money:107202200 '2019-05-15 15:02:21'
Match=>ID :150015 玩家消耗金额:-2220 玩家赢取金额:+1300 返还率:0.585586 单个最高的结算金额:600 从进入到退出之间的最大余额:107202200
Leave=>ID:150015 Money:107201280 '2019-05-15 15:04:19'
	ID:150015 翻牌统计: 攻击次数:5,击杀次数:0,免伤次数:0,空卡次数:1,宝箱次数:0,普通怪次数:4,Boss怪次数:0,消耗:100 收益:0 返回率:0.000000;
	ID:150015 BOXID:100	攻击次数:3,击杀次数:0,免伤次数:0,消耗:60,收益:0,单次最大盈利:0 单次时间:1970-01-01 08:00:00;
	ID:150015 BOXID:101	攻击次数:2,击杀次数:0,免伤次数:0,消耗:40,收益:0,单次最大盈利:0 单次时间:1970-01-01 08:00:00;
	ID:150015 MONSTERID:307	攻击次数:2,免伤次数:0,击杀次数:0,消耗:40,收益:0,单次最大盈利:0 单次时间:1970-01-01 08:00:00;
	ID:150015 ALLMONSTERID 消耗:40,收益:0,返回率:0.000000;
	ID:150015 过敏源剧情 消耗:2080,收益:1300,返回率:0.625000;
2019/05/15 15:04:34.187200 git.huoys.com/qp/cells/game_trace.LogSettle 473 Info: 	 单局结算 uid:150015 剩余金币:107201280 消耗:0 收益:0 写分增量:0 阵容变化:[201,200,202,],[201,200,202,],[201,200,202,], 
2019/05/15 15:04:34.281200 git.huoys.com/qp/cells/game_trace.LeaveGame 458 Info: 
Enter=>ID:150015 Money:107201280 '2019-05-15 15:04:30'
Match=>ID :150015 玩家消耗金额:-0 玩家赢取金额:+0 返还率:0.000000 单个最高的结算金额:0 从进入到退出之间的最大余额:107201280
Leave=>ID:150015 Money:107201280 '2019-05-15 15:04:34'
	ID:150015 翻牌统计: 攻击次数:0,击杀次数:0,免伤次数:0,空卡次数:0,宝箱次数:0,普通怪次数:0,Boss怪次数:0,消耗:0 收益:0 返回率:0.000000;
	ID:150015 ALLMONSTERID 消耗:0,收益:0,返回率:0.000000;
	ID:150015 过敏源剧情 消耗:0,收益:0,返回率:0.000000;
2019/05/15 15:14:49.503200 git.huoys.com/qp/cells/module/room/logic/storysys.(*Allergen).CalcSettle 322 Info: Allergen Settle uid:150015 entermoney:107201120 2019-05-15_15_14_30 lockratio:10 totaltimes:20 consume:20 groupindex:1 group:{Weight:1 Detail:[0 1 0 0 0] RewardTimes:20} attack:0-0,1-200,2-0,3-0,4-0, reward:200 levemoney:107201320 2019-05-15_15_14_49
2019/05/15 15:15:24.519200 git.huoys.com/qp/cells/module/room/logic/storysys.(*Allergen).CalcSettle 322 Info: Allergen Settle uid:150015 entermoney:107201520 2019-05-15_15_15_07 lockratio:10 totaltimes:110 consume:20 groupindex:17 group:{Weight:20 Detail:[1 0 1 1 0] RewardTimes:110} attack:0-400,1-0,2-200,3-500,4-0, reward:1100 levemoney:107202620 2019-05-15_15_15_24
2019/05/15 15:16:25.570200 git.huoys.com/qp/cells/game_trace.LogSettle 473 Info: 	 单局结算 uid:150015 剩余金币:107200430 消耗:3280 收益:2430 写分增量:-850 阵容变化:[201,200,202,],[201,200,202,],[201,200,202,],[201,200,202,],[201,200,202,],[201,200,202,],[201,200,202,],[201,200,202,],[201,200,202,], 
2019/05/15 15:16:39.513200 git.huoys.com/qp/cells/module/room/logic/storysys.(*Allergen).CalcSettle 322 Info: Allergen Settle uid:150015 entermoney:107200430 2019-05-15_15_16_10 lockratio:10 totaltimes:90 consume:20 groupindex:12 group:{Weight:20 Detail:[1 1 0 0 0] RewardTimes:90} attack: reward:900 levemoney:107201330 2019-05-15_15_16_39
2019/05/15 15:16:39.520200 git.huoys.com/qp/cells/game_trace.LogSettle 473 Info: 	 单局结算 uid:150015 剩余金币:107201330 消耗:0 收益:900 写分增量:900 阵容变化:[201,200,202,], 
2019/05/15 15:16:39.589200 git.huoys.com/qp/cells/game_trace.LeaveGame 458 Info: 
Enter=>ID:150015 Money:107201280 '2019-05-15 15:14:24'
Match=>ID :150015 玩家消耗金额:-3280 玩家赢取金额:+3330 返还率:1.015244 单个最高的结算金额:900 从进入到退出之间的最大余额:107202620
Leave=>ID:150015 Money:107201330 '2019-05-15 15:16:39'
	ID:150015 翻牌统计: 攻击次数:24,击杀次数:0,免伤次数:0,空卡次数:2,宝箱次数:2,普通怪次数:19,Boss怪次数:1,消耗:480 收益:400 返回率:0.833333;
	ID:150015 BOXID:100	攻击次数:9,击杀次数:1,免伤次数:0,消耗:180,收益:150,单次最大盈利:150 单次时间:2019-05-15 15:15:01;
	ID:150015 BOXID:101	攻击次数:8,击杀次数:1,免伤次数:0,消耗:160,收益:250,单次最大盈利:250 单次时间:2019-05-15 15:15:00;
	ID:150015 BOXID:102	攻击次数:7,击杀次数:0,免伤次数:0,消耗:140,收益:0,单次最大盈利:0 单次时间:1970-01-01 08:00:00;
	ID:150015 MONSTERID:300	攻击次数:4,免伤次数:0,击杀次数:3,消耗:80,收益:80,单次最大盈利:30 单次时间:2019-05-15 15:15:38;
	ID:150015 MONSTERID:301	攻击次数:5,免伤次数:0,击杀次数:2,消耗:100,收益:60,单次最大盈利:40 单次时间:2019-05-15 15:15:37;
	ID:150015 MONSTERID:302	攻击次数:1,免伤次数:0,击杀次数:1,消耗:20,收益:20,单次最大盈利:20 单次时间:2019-05-15 15:15:03;
	ID:150015 MONSTERID:305	攻击次数:1,免伤次数:0,击杀次数:1,消耗:20,收益:110,单次最大盈利:110 单次时间:2019-05-15 15:15:37;
	ID:150015 MONSTERID:311	攻击次数:6,免伤次数:0,击杀次数:1,消耗:120,收益:460,单次最大盈利:460 单次时间:2019-05-15 15:15:04;
	ID:150015 ALLMONSTERID 消耗:340,收益:730,返回率:2.147059;
	ID:150015 过敏源剧情 消耗:2460,收益:2200,返回率:0.894309;
2019/05/15 15:18:24.522200 git.huoys.com/qp/cells/game_trace.polling 557 Info: log money polling....
	全局统计 翻牌统计: 攻击次数:59,击杀次数:0,免伤次数:0,空卡次数:8,宝箱次数:4,普通怪次数:46,Boss怪次数:1,消耗:1180 收益:730 返回率:0.618644;
	全局统计 BOXID:100	攻击次数:27,击杀次数:3,免伤次数:0,消耗:540,收益:480,单次最大盈利:190 单次时间:2019-05-15 15:18:24;
	全局统计 BOXID:101	攻击次数:21,击杀次数:1,免伤次数:0,消耗:420,收益:250,单次最大盈利:250 单次时间:2019-05-15 15:18:24;
	全局统计 BOXID:102	攻击次数:11,击杀次数:0,免伤次数:0,消耗:220,收益:0,单次最大盈利:0 单次时间:2019-05-15 15:18:24;
	全局统计 MONSTERID:300	攻击次数:5,免伤次数:0,击杀次数:4,消耗:100,收益:110,单次最大盈利:30 单次时间:2019-05-15 15:18:24;
	全局统计 MONSTERID:301	攻击次数:8,免伤次数:0,击杀次数:4,消耗:160,收益:100,单次最大盈利:40 单次时间:2019-05-15 15:18:24;
	全局统计 MONSTERID:302	攻击次数:2,免伤次数:0,击杀次数:2,消耗:40,收益:80,单次最大盈利:60 单次时间:2019-05-15 15:18:24;
	全局统计 MONSTERID:303	攻击次数:2,免伤次数:0,击杀次数:2,消耗:40,收益:120,单次最大盈利:80 单次时间:2019-05-15 15:18:24;
	全局统计 MONSTERID:305	攻击次数:1,免伤次数:0,击杀次数:1,消耗:20,收益:110,单次最大盈利:110 单次时间:2019-05-15 15:18:24;
	全局统计 MONSTERID:306	攻击次数:2,免伤次数:0,击杀次数:1,消耗:40,收益:160,单次最大盈利:160 单次时间:2019-05-15 15:18:24;
	全局统计 MONSTERID:307	攻击次数:9,免伤次数:0,击杀次数:0,消耗:180,收益:0,单次最大盈利:0 单次时间:2019-05-15 15:18:24;
	全局统计 MONSTERID:311	攻击次数:6,免伤次数:0,击杀次数:1,消耗:120,收益:460,单次最大盈利:460 单次时间:2019-05-15 15:18:24;
	全局统计 ALLMONSTERID 消耗:700,收益:1140,返回率:1.628571;
	全局统计 过敏源剧情 消耗:14820,收益:10600,返回率:0.715250;
	全局统计 总输赢:-4230 总消耗:-16700 总收益:+12470 总免伤次数:0 总免伤:0 返回率:0.746707 时间:2019-05-15_15_18_24
2019/05/15 15:18:52.588200 git.huoys.com/qp/cells/game_trace.LogSettle 473 Info: 	 单局结算 uid:150015 剩余金币:107198850 消耗:3780 收益:1300 写分增量:-2480 阵容变化:[201,200,202,],[201,200,202,],[201,200,202,], 
2019/05/15 15:18:57.578200 git.huoys.com/qp/cells/module/room/logic/storysys.(*Allergen).CalcSettle 322 Info: Allergen Settle uid:150015 entermoney:107197550 2019-05-15_15_18_14 lockratio:10 totaltimes:130 consume:20 groupindex:25 group:{Weight:30 Detail:[0 1 1 1 0] RewardTimes:130} attack:0-0,1-200,2-500,3-600,4-0, reward:1300 levemoney:107198850 2019-05-15_15_18_57
2019/05/15 15:19:09.513200 git.huoys.com/qp/cells/game_trace.LogSettle 473 Info: 	 单局结算 uid:150015 剩余金币:107198850 消耗:0 收益:0 写分增量:0 阵容变化:[201,200,202,], 
2019/05/15 15:19:09.548200 git.huoys.com/qp/cells/game_trace.LeaveGame 458 Info: 
Enter=>ID:150015 Money:107201330 '2019-05-15 15:16:51'
Match=>ID :150015 玩家消耗金额:-3780 玩家赢取金额:+1300 返还率:0.343915 单个最高的结算金额:600 从进入到退出之间的最大余额:107201330
Leave=>ID:150015 Money:107198850 '2019-05-15 15:19:09'
	ID:150015 翻牌统计: 攻击次数:0,击杀次数:0,免伤次数:0,空卡次数:0,宝箱次数:0,普通怪次数:0,Boss怪次数:0,消耗:0 收益:0 返回率:0.000000;
	ID:150015 ALLMONSTERID 消耗:0,收益:0,返回率:0.000000;
	ID:150015 过敏源剧情 消耗:3780,收益:1300,返回率:0.343915;
2019/05/15 15:19:50.323200 git.huoys.com/qp/cells/module/room/logic/storysys.(*Allergen).CalcSettle 322 Info: Allergen Settle uid:150015 entermoney:107198570 2019-05-15_15_19_22 lockratio:10 totaltimes:110 consume:20 groupindex:19 group:{Weight:20 Detail:[1 0 0 1 1] RewardTimes:110} attack: reward:1100 levemoney:107199670 2019-05-15_15_19_50
2019/05/15 15:19:50.327200 git.huoys.com/qp/cells/game_trace.LogSettle 473 Info: 	 单局结算 uid:150015 剩余金币:107199670 消耗:280 收益:1100 写分增量:820 阵容变化:[201,200,202,],[201,200,202,],[201,200,202,], 
2019/05/15 15:19:50.354200 git.huoys.com/qp/cells/game_trace.LeaveGame 458 Info: 
Enter=>ID:150015 Money:107198850 '2019-05-15 15:19:12'
Match=>ID :150015 玩家消耗金额:-280 玩家赢取金额:+1100 返还率:3.928571 单个最高的结算金额:1100 从进入到退出之间的最大余额:107199670
Leave=>ID:150015 Money:107199670 '2019-05-15 15:19:50'
	ID:150015 翻牌统计: 攻击次数:0,击杀次数:0,免伤次数:0,空卡次数:0,宝箱次数:0,普通怪次数:0,Boss怪次数:0,消耗:0 收益:0 返回率:0.000000;
	ID:150015 ALLMONSTERID 消耗:0,收益:0,返回率:0.000000;
	ID:150015 过敏源剧情 消耗:280,收益:1100,返回率:3.928571;
2019/05/15 15:30:47.097200 git.huoys.com/qp/cells/module/room/logic/storysys.(*Allergen).CalcSettle 322 Info: Allergen Settle uid:150015 entermoney:107199130 2019-05-15_15_30_23 lockratio:10 totaltimes:20 consume:20 groupindex:3 group:{Weight:1 Detail:[0 0 0 1 0] RewardTimes:20} attack:0-0,1-0,2-0,3-200,4-0, reward:200 levemoney:107199330 2019-05-15_15_30_47
2019/05/15 15:31:32.607200 git.huoys.com/qp/cells/module/room/logic/storysys.(*Allergen).CalcSettle 322 Info: Allergen Settle uid:150015 entermoney:107198060 2019-05-15_15_31_14 lockratio:10 totaltimes:300 consume:20 groupindex:30 group:{Weight:50 Detail:[1 1 1 1 1] RewardTimes:300} attack:0-400,1-500,2-600,3-700,4-800, reward:3000 levemoney:107201060 2019-05-15_15_31_32
2019/05/15 15:32:07.701200 git.huoys.com/qp/cells/game_trace.LogSettle 473 Info: 	 单局结算 uid:150015 剩余金币:107200090 消耗:3220 收益:3640 写分增量:420 阵容变化:[201,200,202,],[201,200,202,],[201,200,202,],[201,200,202,],[201,200,202,],[201,200,202,],[201,200,202,],[201,200,202,],[201,200,202,], 
2019/05/15 15:32:52.212200 git.huoys.com/qp/cells/module/room/logic/storysys.(*Allergen).CalcSettle 322 Info: Allergen Settle uid:150015 entermoney:107200090 2019-05-15_15_31_53 lockratio:10 totaltimes:70 consume:20 groupindex:18 group:{Weight:20 Detail:[0 0 1 1 0] RewardTimes:70} attack:0-0,1-0,2-200,3-500,4-0, reward:700 levemoney:107200790 2019-05-15_15_32_52
2019/05/15 15:34:08.656200 git.huoys.com/qp/cells/game_trace.LogSettle 473 Info: 	 单局结算 uid:150015 剩余金币:107198720 消耗:2280 收益:910 写分增量:-1370 阵容变化:[201,200,202,],[201,200,202,],[201,200,202,],[201,200,202,], 
2019/05/15 15:34:23.328200 git.huoys.com/qp/cells/module/room/logic/storysys.(*Allergen).CalcSettle 322 Info: Allergen Settle uid:150015 entermoney:107198720 2019-05-15_15_33_29 lockratio:10 totaltimes:200 consume:20 groupindex:29 group:{Weight:40 Detail:[0 1 1 1 1] RewardTimes:200} attack:0-0,1-200,2-500,3-600,4-700, reward:2000 levemoney:107200720 2019-05-15_15_34_23
2019/05/15 15:35:37.963200 git.huoys.com/qp/cells/module/room/logic/storysys.(*Allergen).CalcSettle 322 Info: Allergen Settle uid:150015 entermoney:107198670 2019-05-15_15_34_54 lockratio:10 totaltimes:150 consume:20 groupindex:23 group:{Weight:30 Detail:[1 1 1 0 0] RewardTimes:150} attack:0-400,1-500,2-600,3-0,4-0, reward:1500 levemoney:107200170 2019-05-15_15_35_37
2019/05/15 15:35:58.582200 git.huoys.com/qp/cells/game_trace.LogSettle 473 Info: 	 单局结算 uid:150015 剩余金币:107200170 消耗:2420 收益:3870 写分增量:1450 阵容变化:[201,200,202,],[201,200,202,],[201,200,202,],[201,200,202,], 
2019/05/15 15:35:58.674200 git.huoys.com/qp/cells/game_trace.LeaveGame 458 Info: 
Enter=>ID:150015 Money:107199670 '2019-05-15 15:30:06'
Match=>ID :150015 玩家消耗金额:-7920 玩家赢取金额:+8420 返还率:1.063131 单个最高的结算金额:800 从进入到退出之间的最大余额:107201060
Leave=>ID:150015 Money:107200170 '2019-05-15 15:35:58'
	ID:150015 翻牌统计: 攻击次数:49,击杀次数:0,免伤次数:0,空卡次数:9,宝箱次数:1,普通怪次数:37,Boss怪次数:2,消耗:980 收益:200 返回率:0.204082;
	ID:150015 BOXID:100	攻击次数:25,击杀次数:1,免伤次数:0,消耗:500,收益:200,单次最大盈利:200 单次时间:2019-05-15 15:30:58;
	ID:150015 BOXID:101	攻击次数:17,击杀次数:0,免伤次数:0,消耗:340,收益:0,单次最大盈利:0 单次时间:1970-01-01 08:00:00;
	ID:150015 BOXID:102	攻击次数:7,击杀次数:0,免伤次数:0,消耗:140,收益:0,单次最大盈利:0 单次时间:1970-01-01 08:00:00;
	ID:150015 MONSTERID:300	攻击次数:3,免伤次数:0,击杀次数:3,消耗:60,收益:110,单次最大盈利:40 单次时间:2019-05-15 15:31:00;
	ID:150015 MONSTERID:301	攻击次数:1,免伤次数:0,击杀次数:1,消耗:20,收益:30,单次最大盈利:30 单次时间:2019-05-15 15:31:46;
	ID:150015 MONSTERID:302	攻击次数:7,免伤次数:0,击杀次数:4,消耗:140,收益:130,单次最大盈利:50 单次时间:2019-05-15 15:31:44;
	ID:150015 MONSTERID:303	攻击次数:5,免伤次数:0,击杀次数:2,消耗:100,收益:130,单次最大盈利:70 单次时间:2019-05-15 15:31:01;
	ID:150015 MONSTERID:304	攻击次数:6,免伤次数:0,击杀次数:1,消耗:120,收益:50,单次最大盈利:50 单次时间:2019-05-15 15:33:05;
	ID:150015 MONSTERID:305	攻击次数:3,免伤次数:0,击杀次数:1,消耗:60,收益:70,单次最大盈利:70 单次时间:2019-05-15 15:34:38;
	ID:150015 MONSTERID:306	攻击次数:6,免伤次数:0,击杀次数:1,消耗:120,收益:130,单次最大盈利:130 单次时间:2019-05-15 15:33:07;
	ID:150015 MONSTERID:307	攻击次数:1,免伤次数:0,击杀次数:1,消耗:20,收益:170,单次最大盈利:170 单次时间:2019-05-15 15:34:36;
	ID:150015 ALLMONSTERID 消耗:640,收益:820,返回率:1.281250;
	ID:150015 过敏源剧情 消耗:6300,收益:7400,返回率:1.174603;
2019/05/15 15:37:40.679200 git.huoys.com/qp/cells/module/room/logic/storysys.(*Allergen).CalcSettle 322 Info: Allergen Settle uid:150015 entermoney:107198130 2019-05-15_15_36_56 lockratio:10 totaltimes:130 consume:20 groupindex:27 group:{Weight:30 Detail:[0 0 1 1 1] RewardTimes:130} attack:0-0,1-0,2-200,3-500,4-600, reward:1300 levemoney:107199430 2019-05-15_15_37_40
2019/05/15 15:38:11.660200 git.huoys.com/qp/cells/game_trace.LogSettle 473 Info: 	 单局结算 uid:150015 剩余金币:107198410 消耗:3640 收益:1880 写分增量:-1760 阵容变化:[201,200,202,],[201,200,202,],[201,200,202,],[201,200,202,],[201,200,202,],[201,200,202,], 
2019/05/15 15:39:14.587200 git.huoys.com/qp/cells/module/room/logic/storysys.(*Allergen).CalcSettle 322 Info: Allergen Settle uid:150016 entermoney:100000110 2019-05-15_15_38_51 lockratio:10 totaltimes:110 consume:20 groupindex:19 group:{Weight:20 Detail:[1 0 0 1 1] RewardTimes:110} attack: reward:1100 levemoney:100001210 2019-05-15_15_39_14
2019/05/15 15:39:14.590200 git.huoys.com/qp/cells/game_trace.LogSettle 473 Info: 	 单局结算 uid:150016 剩余金币:100001210 消耗:840 收益:1100 写分增量:260 阵容变化:[201,200,],[201,200,], 
2019/05/15 15:39:14.705200 git.huoys.com/qp/cells/game_trace.LeaveGame 458 Info: 
Enter=>ID:150016 Money:100000950 '2019-05-15 15:38:27'
Match=>ID :150016 玩家消耗金额:-840 玩家赢取金额:+1100 返还率:1.309524 单个最高的结算金额:1100 从进入到退出之间的最大余额:100001210
Leave=>ID:150016 Money:100001210 '2019-05-15 15:39:14'
	ID:150016 翻牌统计: 攻击次数:0,击杀次数:0,免伤次数:0,空卡次数:0,宝箱次数:0,普通怪次数:0,Boss怪次数:0,消耗:0 收益:0 返回率:0.000000;
	ID:150016 ALLMONSTERID 消耗:0,收益:0,返回率:0.000000;
	ID:150016 过敏源剧情 消耗:840,收益:1100,返回率:1.309524;
2019/05/15 15:39:51.584200 git.huoys.com/qp/cells/module/room/logic/storysys.(*Allergen).CalcSettle 322 Info: Allergen Settle uid:150015 entermoney:107194750 2019-05-15_15_39_29 lockratio:10 totaltimes:110 consume:20 groupindex:17 group:{Weight:20 Detail:[1 0 1 1 0] RewardTimes:110} attack: reward:1100 levemoney:107195850 2019-05-15_15_39_51
2019/05/15 15:39:51.585200 git.huoys.com/qp/cells/game_trace.LogSettle 473 Info: 	 单局结算 uid:150015 剩余金币:107195850 消耗:3660 收益:1100 写分增量:-2560 阵容变化:[201,200,202,], 
2019/05/15 15:39:51.611200 git.huoys.com/qp/cells/game_trace.LeaveGame 458 Info: 
Enter=>ID:150015 Money:107200170 '2019-05-15 15:36:10'
Match=>ID :150015 玩家消耗金额:-7300 玩家赢取金额:+2980 返还率:0.408219 单个最高的结算金额:1100 从进入到退出之间的最大余额:107200170
Leave=>ID:150015 Money:107195850 '2019-05-15 15:39:51'
	ID:150015 翻牌统计: 攻击次数:12,击杀次数:0,免伤次数:0,空卡次数:1,宝箱次数:2,普通怪次数:9,Boss怪次数:0,消耗:240 收益:410 返回率:1.708333;
	ID:150015 BOXID:100	攻击次数:5,击杀次数:1,免伤次数:0,消耗:100,收益:170,单次最大盈利:170 单次时间:2019-05-15 15:37:55;
	ID:150015 BOXID:101	攻击次数:5,击杀次数:1,免伤次数:0,消耗:100,收益:240,单次最大盈利:240 单次时间:2019-05-15 15:37:51;
	ID:150015 BOXID:102	攻击次数:2,击杀次数:0,免伤次数:0,消耗:40,收益:0,单次最大盈利:0 单次时间:1970-01-01 08:00:00;
	ID:150015 MONSTERID:300	攻击次数:1,免伤次数:0,击杀次数:1,消耗:20,收益:20,单次最大盈利:20 单次时间:2019-05-15 15:37:52;
	ID:150015 MONSTERID:306	攻击次数:7,免伤次数:0,击杀次数:1,消耗:140,收益:150,单次最大盈利:150 单次时间:2019-05-15 15:37:55;
	ID:150015 ALLMONSTERID 消耗:160,收益:170,返回率:1.062500;
	ID:150015 过敏源剧情 消耗:6900,收益:2400,返回率:0.347826;
2019/05/15 15:40:07.585200 git.huoys.com/qp/cells/module/room/logic/storysys.(*Allergen).CalcSettle 322 Info: Allergen Settle uid:150016 entermoney:100000940 2019-05-15_15_39_41 lockratio:10 totaltimes:90 consume:20 groupindex:12 group:{Weight:20 Detail:[1 1 0 0 0] RewardTimes:90} attack: reward:900 levemoney:100001840 2019-05-15_15_40_07
2019/05/15 15:40:07.585200 git.huoys.com/qp/cells/game_trace.LogSettle 473 Info: 	 单局结算 uid:150016 剩余金币:100001840 消耗:1300 收益:1930 写分增量:630 阵容变化:[201,200,],[201,200,], 
2019/05/15 15:40:07.607200 git.huoys.com/qp/cells/game_trace.LeaveGame 458 Info: 
Enter=>ID:150016 Money:100001210 '2019-05-15 15:39:21'
Match=>ID :150016 玩家消耗金额:-1300 玩家赢取金额:+1930 返还率:1.484615 单个最高的结算金额:900 从进入到退出之间的最大余额:100002030
Leave=>ID:150016 Money:100001840 '2019-05-15 15:40:07'
	ID:150016 翻牌统计: 攻击次数:10,击杀次数:0,免伤次数:0,空卡次数:4,宝箱次数:2,普通怪次数:4,Boss怪次数:0,消耗:200 收益:960 返回率:4.800000;
	ID:150016 BOXID:100	攻击次数:3,击杀次数:0,免伤次数:0,消耗:60,收益:0,单次最大盈利:0 单次时间:1970-01-01 08:00:00;
	ID:150016 BOXID:101	攻击次数:4,击杀次数:0,免伤次数:0,消耗:80,收益:0,单次最大盈利:0 单次时间:1970-01-01 08:00:00;
	ID:150016 BOXID:102	攻击次数:3,击杀次数:2,免伤次数:0,消耗:60,收益:960,单次最大盈利:540 单次时间:2019-05-15 15:39:25;
	ID:150016 MONSTERID:300	攻击次数:2,免伤次数:0,击杀次数:1,消耗:40,收益:20,单次最大盈利:20 单次时间:2019-05-15 15:39:26;
	ID:150016 MONSTERID:302	攻击次数:2,免伤次数:0,击杀次数:1,消耗:40,收益:50,单次最大盈利:50 单次时间:2019-05-15 15:39:28;
	ID:150016 MONSTERID:305	攻击次数:3,免伤次数:0,击杀次数:0,消耗:60,收益:0,单次最大盈利:0 单次时间:1970-01-01 08:00:00;
	ID:150016 ALLMONSTERID 消耗:140,收益:70,返回率:0.500000;
	ID:150016 过敏源剧情 消耗:960,收益:900,返回率:0.937500;
2019/05/15 15:40:49.478200 git.huoys.com/qp/cells/module/room/logic/storysys.(*Allergen).CalcSettle 322 Info: Allergen Settle uid:150015 entermoney:107195250 2019-05-15_15_40_11 lockratio:10 totaltimes:110 consume:20 groupindex:17 group:{Weight:20 Detail:[1 0 1 1 0] RewardTimes:110} attack:0-400,1-0,2-200,3-500,4-0, reward:1100 levemoney:107196350 2019-05-15_15_40_49
2019/05/15 15:41:35.679200 git.huoys.com/qp/cells/module/room/logic/storysys.(*Allergen).CalcSettle 322 Info: Allergen Settle uid:150016 entermoney:100001040 2019-05-15_15_40_51 lockratio:10 totaltimes:70 consume:20 groupindex:18 group:{Weight:20 Detail:[0 0 1 1 0] RewardTimes:70} attack:0-0,1-0,2-200,3-500,4-0, reward:700 levemoney:100001740 2019-05-15_15_41_35
2019/05/15 15:41:59.061200 git.huoys.com/qp/cells/module/room/logic/storysys.(*Allergen).CalcSettle 322 Info: Allergen Settle uid:150015 entermoney:107195340 2019-05-15_15_41_13 lockratio:10 totaltimes:70 consume:20 groupindex:15 group:{Weight:20 Detail:[0 1 1 0 0] RewardTimes:70} attack:0-0,1-200,2-500,3-0,4-0, reward:700 levemoney:107196040 2019-05-15_15_41_59
2019/05/15 15:42:04.639200 git.huoys.com/qp/cells/game_trace.LogSettle 473 Info: 	 单局结算 uid:150015 剩余金币:107196040 消耗:2220 收益:2410 写分增量:190 阵容变化:[201,200,202,],[201,200,202,],[201,200,202,],[201,200,202,],[201,200,202,],[201,200,202,], 
2019/05/15 15:42:18.629200 git.huoys.com/qp/cells/game_trace.LogSettle 473 Info: 	 单局结算 uid:150016 剩余金币:100000020 消耗:2720 收益:900 写分增量:-1820 阵容变化:[201,200,],[201,200,],[201,200,],[201,200,], 
2019/05/15 15:43:07.928200 git.huoys.com/qp/cells/module/room/logic/storysys.(*Allergen).CalcSettle 322 Info: Allergen Settle uid:150015 entermoney:107194630 2019-05-15_15_42_26 lockratio:10 totaltimes:110 consume:20 groupindex:19 group:{Weight:20 Detail:[1 0 0 1 1] RewardTimes:110} attack:0-400,1-0,2-0,3-200,4-500, reward:1100 levemoney:107195730 2019-05-15_15_43_07
2019/05/15 15:43:20.729200 git.huoys.com/qp/cells/module/room/logic/storysys.(*Allergen).CalcSettle 322 Info: Allergen Settle uid:150016 entermoney:99999360 2019-05-15_15_42_34 lockratio:10 totaltimes:220 consume:20 groupindex:28 group:{Weight:40 Detail:[1 1 1 1 0] RewardTimes:220} attack:0-400,1-500,2-600,3-700,4-0, reward:2200 levemoney:100001560 2019-05-15_15_43_20
2019/05/15 15:44:05.616200 git.huoys.com/qp/cells/game_trace.LogSettle 473 Info: 	 单局结算 uid:150015 剩余金币:107192790 消耗:4900 收益:1650 写分增量:-3250 阵容变化:[201,200,202,],[201,200,202,],[201,200,202,],[201,200,202,],[201,200,202,],[201,200,202,],[201,200,202,], 
2019/05/15 15:44:19.653200 git.huoys.com/qp/cells/game_trace.LogSettle 473 Info: 	 单局结算 uid:150016 剩余金币:100001040 消耗:1380 收益:2400 写分增量:1020 阵容变化:[201,200,],[201,200,],[201,200,], 
2019/05/15 15:44:26.828200 git.huoys.com/qp/cells/module/room/logic/storysys.(*Allergen).CalcSettle 322 Info: Allergen Settle uid:150016 entermoney:100000840 2019-05-15_15_43_39 lockratio:10 totaltimes:70 consume:20 groupindex:15 group:{Weight:20 Detail:[0 1 1 0 0] RewardTimes:70} attack:0-0,1-200,2-500,3-0,4-0, reward:700 levemoney:100001540 2019-05-15_15_44_26
2019/05/15 15:44:38.448200 git.huoys.com/qp/cells/module/room/logic/storysys.(*Allergen).CalcSettle 322 Info: Allergen Settle uid:150015 entermoney:107192790 2019-05-15_15_43_56 lockratio:10 totaltimes:60 consume:20 groupindex:6 group:{Weight:2 Detail:[1 0 0 1 0] RewardTimes:60} attack:0-400,1-0,2-0,3-200,4-0, reward:600 levemoney:107193390 2019-05-15_15_44_38
2019/05/15 15:45:47.312200 git.huoys.com/qp/cells/module/room/logic/storysys.(*Allergen).CalcSettle 322 Info: Allergen Settle uid:150015 entermoney:107193520 2019-05-15_15_44_55 lockratio:10 totaltimes:300 consume:20 groupindex:30 group:{Weight:50 Detail:[1 1 1 1 1] RewardTimes:300} attack:0-400,1-500,2-600,3-700,4-800, reward:3000 levemoney:107196520 2019-05-15_15_45_47
2019/05/15 15:46:03.695200 git.huoys.com/qp/cells/module/room/logic/storysys.(*Allergen).CalcSettle 322 Info: Allergen Settle uid:150016 entermoney:99999470 2019-05-15_15_45_15 lockratio:10 totaltimes:110 consume:20 groupindex:19 group:{Weight:20 Detail:[1 0 0 1 1] RewardTimes:110} attack:0-400,1-0,2-0,3-200,4-500, reward:1100 levemoney:100000570 2019-05-15_15_46_03
2019/05/15 15:46:06.617200 git.huoys.com/qp/cells/game_trace.LogSettle 473 Info: 	 单局结算 uid:150015 剩余金币:107196260 消耗:1400 收益:4870 写分增量:3470 阵容变化:[201,200,202,],[201,200,202,],[201,200,202,],[201,200,202,],[201,200,202,],[201,200,202,],[201,200,202,], 
2019/05/15 15:46:20.660200 git.huoys.com/qp/cells/game_trace.LogSettle 473 Info: 	 单局结算 uid:150016 剩余金币:100000540 消耗:2680 收益:2180 写分增量:-500 阵容变化:[201,200,],[201,200,],[201,200,],[201,200,],[201,200,], 
2019/05/15 15:46:59.929200 git.huoys.com/qp/cells/module/room/logic/storysys.(*Allergen).CalcSettle 322 Info: Allergen Settle uid:150015 entermoney:107195020 2019-05-15_15_46_24 lockratio:10 totaltimes:150 consume:20 groupindex:23 group:{Weight:30 Detail:[1 1 1 0 0] RewardTimes:150} attack:0-400,1-500,2-600,3-0,4-0, reward:1500 levemoney:107196520 2019-05-15_15_46_59
2019/05/15 15:47:20.462200 git.huoys.com/qp/cells/module/room/logic/storysys.(*Allergen).CalcSettle 322 Info: Allergen Settle uid:150016 entermoney:99999760 2019-05-15_15_46_28 lockratio:10 totaltimes:130 consume:20 groupindex:27 group:{Weight:30 Detail:[0 0 1 1 1] RewardTimes:130} attack:0-0,1-0,2-200,3-500,4-600, reward:1300 levemoney:100001060 2019-05-15_15_47_20
2019/05/15 15:48:07.619200 git.huoys.com/qp/cells/game_trace.LogSettle 473 Info: 	 单局结算 uid:150015 剩余金币:107195280 消耗:2480 收益:1500 写分增量:-980 阵容变化:[201,200,202,],[201,200,202,],[201,200,202,],[201,200,202,], 
2019/05/15 15:48:20.345200 git.huoys.com/qp/cells/module/room/logic/storysys.(*Allergen).CalcSettle 322 Info: Allergen Settle uid:150015 entermoney:107195280 2019-05-15_15_47_20 lockratio:10 totaltimes:40 consume:20 groupindex:9 group:{Weight:1 Detail:[0 1 0 0 1] RewardTimes:40} attack:0-0,1-200,2-0,3-0,4-200, reward:400 levemoney:107195680 2019-05-15_15_48_20
2019/05/15 15:48:21.623200 git.huoys.com/qp/cells/game_trace.LogSettle 473 Info: 	 单局结算 uid:150016 剩余金币:99999150 消耗:3320 收益:1930 写分增量:-1390 阵容变化:[201,200,],[201,200,],[201,200,], 
2019/05/15 15:48:24.590200 git.huoys.com/qp/cells/game_trace.polling 557 Info: log money polling....
	全局统计 翻牌统计: 攻击次数:191,击杀次数:0,免伤次数:0,空卡次数:45,宝箱次数:18,普通怪次数:123,Boss怪次数:5,消耗:3820 收益:4370 返回率:1.143979;
	全局统计 BOXID:100	攻击次数:81,击杀次数:10,免伤次数:0,消耗:1620,收益:1600,单次最大盈利:200 单次时间:2019-05-15 15:48:24;
	全局统计 BOXID:101	攻击次数:77,击杀次数:5,免伤次数:0,消耗:1540,收益:1260,单次最大盈利:290 单次时间:2019-05-15 15:48:24;
	全局统计 BOXID:102	攻击次数:33,击杀次数:3,免伤次数:0,消耗:660,收益:1510,单次最大盈利:550 单次时间:2019-05-15 15:48:24;
	全局统计 MONSTERID:300	攻击次数:13,免伤次数:0,击杀次数:10,消耗:260,收益:310,单次最大盈利:40 单次时间:2019-05-15 15:48:24;
	全局统计 MONSTERID:301	攻击次数:12,免伤次数:0,击杀次数:9,消耗:240,收益:270,单次最大盈利:40 单次时间:2019-05-15 15:48:24;
	全局统计 MONSTERID:302	攻击次数:13,免伤次数:0,击杀次数:6,消耗:260,收益:210,单次最大盈利:50 单次时间:2019-05-15 15:48:24;
	全局统计 MONSTERID:303	攻击次数:20,免伤次数:0,击杀次数:6,消耗:400,收益:290,单次最大盈利:70 单次时间:2019-05-15 15:48:24;
	全局统计 MONSTERID:304	攻击次数:16,免伤次数:0,击杀次数:5,消耗:320,收益:330,单次最大盈利:90 单次时间:2019-05-15 15:48:24;
	全局统计 MONSTERID:305	攻击次数:18,免伤次数:0,击杀次数:1,消耗:360,收益:70,单次最大盈利:70 单次时间:2019-05-15 15:48:24;
	全局统计 MONSTERID:306	攻击次数:30,免伤次数:0,击杀次数:2,消耗:600,收益:280,单次最大盈利:150 单次时间:2019-05-15 15:48:24;
	全局统计 MONSTERID:307	攻击次数:3,免伤次数:0,击杀次数:2,消耗:60,收益:340,单次最大盈利:170 单次时间:2019-05-15 15:48:24;
	全局统计 MONSTERID:311	攻击次数:0,免伤次数:0,击杀次数:0,消耗:0,收益:0,单次最大盈利:0 单次时间:2019-05-15 15:48:24;
	全局统计 MONSTERID:314	攻击次数:13,免伤次数:0,击杀次数:0,消耗:260,收益:0,单次最大盈利:0 单次时间:2019-05-15 15:48:24;
	全局统计 ALLMONSTERID 消耗:2760,收益:2100,返回率:0.760870;
	全局统计 过敏源剧情 消耗:32280,收益:28600,返回率:0.885998;
	全局统计 总输赢:-3790 总消耗:-38860 总收益:+35070 总免伤次数:0 总免伤:0 返回率:0.902470 时间:2019-05-15_15_48_24
2019/05/15 15:49:17.679200 git.huoys.com/qp/cells/module/room/logic/storysys.(*Allergen).CalcSettle 322 Info: Allergen Settle uid:150015 entermoney:107195140 2019-05-15_15_48_37 lockratio:10 totaltimes:90 consume:20 groupindex:20 group:{Weight:20 Detail:[0 1 0 1 1] RewardTimes:90} attack:0-0,1-200,2-0,3-200,4-500, reward:900 levemoney:107196040 2019-05-15_15_49_17
2019/05/15 15:49:40.513200 git.huoys.com/qp/cells/module/room/logic/storysys.(*Allergen).CalcSettle 322 Info: Allergen Settle uid:150016 entermoney:99998230 2019-05-15_15_48_44 lockratio:10 totaltimes:130 consume:20 groupindex:27 group:{Weight:30 Detail:[0 0 1 1 1] RewardTimes:130} attack:0-0,1-0,2-200,3-500,4-600, reward:1300 levemoney:99999530 2019-05-15_15_49_40
2019/05/15 15:50:08.657200 git.huoys.com/qp/cells/game_trace.LogSettle 473 Info: 	 单局结算 uid:150015 剩余金币:107194930 消耗:2460 收益:2110 写分增量:-350 阵容变化:[201,200,202,],[201,200,202,],[201,200,202,],[201,200,202,],[201,200,202,],[201,200,202,],[201,200,202,], 
2019/05/15 15:50:22.636200 git.huoys.com/qp/cells/game_trace.LogSettle 473 Info: 	 单局结算 uid:150016 剩余金币:99998250 消耗:2600 收益:1700 写分增量:-900 阵容变化:[201,200,],[201,200,],[201,200,], 
2019/05/15 15:50:34.563200 git.huoys.com/qp/cells/module/room/logic/storysys.(*Allergen).CalcSettle 322 Info: Allergen Settle uid:150015 entermoney:107194930 2019-05-15_15_49_42 lockratio:10 totaltimes:300 consume:20 groupindex:30 group:{Weight:50 Detail:[1 1 1 1 1] RewardTimes:300} attack:0-400,1-500,2-600,3-700,4-800, reward:3000 levemoney:107197930 2019-05-15_15_50_34
2019/05/15 15:50:47.559200 git.huoys.com/qp/cells/game_trace.LogSettle 473 Info: 	 单局结算 uid:150015 剩余金币:107198010 消耗:220 收益:3300 写分增量:3080 阵容变化:[201,200,202,],[201,200,202,],[201,200,202,],[201,200,202,], 
2019/05/15 15:50:47.693200 git.huoys.com/qp/cells/game_trace.LeaveGame 458 Info: 
Enter=>ID:150015 Money:107195850 '2019-05-15 15:40:03'
Match=>ID :150015 玩家消耗金额:-13680 玩家赢取金额:+15840 返还率:1.157895 单个最高的结算金额:800 从进入到退出之间的最大余额:107198090
Leave=>ID:150015 Money:107198010 '2019-05-15 15:50:47'
	ID:150015 翻牌统计: 攻击次数:105,击杀次数:0,免伤次数:0,空卡次数:25,宝箱次数:11,普通怪次数:66,Boss怪次数:3,消耗:2100 收益:2610 返回率:1.242857;
	ID:150015 BOXID:100	攻击次数:54,击杀次数:6,免伤次数:0,消耗:1080,收益:940,单次最大盈利:200 单次时间:2019-05-15 15:41:01;
	ID:150015 BOXID:101	攻击次数:35,击杀次数:4,免伤次数:0,消耗:700,收益:1120,单次最大盈利:300 单次时间:2019-05-15 15:50:46;
	ID:150015 BOXID:102	攻击次数:16,击杀次数:1,免伤次数:0,消耗:320,收益:550,单次最大盈利:550 单次时间:2019-05-15 15:44:49;
	ID:150015 MONSTERID:300	攻击次数:2,免伤次数:0,击杀次数:1,消耗:40,收益:20,单次最大盈利:20 单次时间:2019-05-15 15:43:21;
	ID:150015 MONSTERID:301	攻击次数:10,免伤次数:0,击杀次数:7,消耗:200,收益:210,单次最大盈利:40 单次时间:2019-05-15 15:44:53;
	ID:150015 MONSTERID:302	攻击次数:3,免伤次数:0,击杀次数:1,消耗:60,收益:50,单次最大盈利:50 单次时间:2019-05-15 15:48:35;
	ID:150015 MONSTERID:303	攻击次数:9,免伤次数:0,击杀次数:3,消耗:180,收益:90,单次最大盈利:40 单次时间:2019-05-15 15:44:51;
	ID:150015 MONSTERID:304	攻击次数:11,免伤次数:0,击杀次数:3,消耗:220,收益:210,单次最大盈利:90 单次时间:2019-05-15 15:46:00;
	ID:150015 MONSTERID:305	攻击次数:7,免伤次数:0,击杀次数:0,消耗:140,收益:0,单次最大盈利:0 单次时间:1970-01-01 08:00:00;
	ID:150015 MONSTERID:306	攻击次数:23,免伤次数:0,击杀次数:1,消耗:460,收益:150,单次最大盈利:150 单次时间:2019-05-15 15:48:34;
	ID:150015 MONSTERID:307	攻击次数:3,免伤次数:0,击杀次数:1,消耗:60,收益:200,单次最大盈利:200 单次时间:2019-05-15 15:49:31;
	ID:150015 MONSTERID:314	攻击次数:13,免伤次数:0,击杀次数:0,消耗:260,收益:0,单次最大盈利:0 单次时间:1970-01-01 08:00:00;
	ID:150015 ALLMONSTERID 消耗:1620,收益:930,返回率:0.574074;
	ID:150015 过敏源剧情 消耗:9960,收益:12300,返回率:1.234940;
2019/05/15 15:50:47.908200 git.huoys.com/qp/cells/module/room/logic/storysys.(*Allergen).CalcSettle 322 Info: Allergen Settle uid:150016 entermoney:99997470 2019-05-15_15_50_42 lockratio:10 totaltimes:40 consume:20 groupindex:0 group:{Weight:1 Detail:[1 0 0 0 0] RewardTimes:40} attack: reward:400 levemoney:99997870 2019-05-15_15_50_47
2019/05/15 15:50:47.919200 git.huoys.com/qp/cells/game_trace.LogSettle 473 Info: 	 单局结算 uid:150016 剩余金币:99997870 消耗:780 收益:400 写分增量:-380 阵容变化:[201,200,], 
2019/05/15 15:50:48.019200 git.huoys.com/qp/cells/game_trace.LeaveGame 458 Info: 
Enter=>ID:150016 Money:100001840 '2019-05-15 15:40:17'
Match=>ID :150016 玩家消耗金额:-13480 玩家赢取金额:+9510 返还率:0.705490 单个最高的结算金额:700 从进入到退出之间的最大余额:100001840
Leave=>ID:150016 Money:99997870 '2019-05-15 15:50:48'
	ID:150016 翻牌统计: 攻击次数:56,击杀次数:0,免伤次数:0,空卡次数:14,宝箱次数:6,普通怪次数:35,Boss怪次数:1,消耗:1120 收益:1050 返回率:0.937500;
	ID:150016 BOXID:100	攻击次数:19,击杀次数:4,免伤次数:0,消耗:380,收益:590,单次最大盈利:180 单次时间:2019-05-15 15:49:51;
	ID:150016 BOXID:101	攻击次数:27,击杀次数:2,免伤次数:0,消耗:540,收益:460,单次最大盈利:240 单次时间:2019-05-15 15:47:35;
	ID:150016 BOXID:102	攻击次数:10,击杀次数:0,免伤次数:0,消耗:200,收益:0,单次最大盈利:0 单次时间:1970-01-01 08:00:00;
	ID:150016 MONSTERID:300	攻击次数:5,免伤次数:0,击杀次数:4,消耗:100,收益:140,单次最大盈利:40 单次时间:2019-05-15 15:44:39;
	ID:150016 MONSTERID:301	攻击次数:1,免伤次数:0,击杀次数:1,消耗:20,收益:30,单次最大盈利:30 单次时间:2019-05-15 15:47:32;
	ID:150016 MONSTERID:302	攻击次数:4,免伤次数:0,击杀次数:1,消耗:80,收益:30,单次最大盈利:30 单次时间:2019-05-15 15:46:18;
	ID:150016 MONSTERID:303	攻击次数:9,免伤次数:0,击杀次数:2,消耗:180,收益:100,单次最大盈利:70 单次时间:2019-05-15 15:44:40;
	ID:150016 MONSTERID:304	攻击次数:4,免伤次数:0,击杀次数:2,消耗:80,收益:160,单次最大盈利:90 单次时间:2019-05-15 15:49:55;
	ID:150016 MONSTERID:305	攻击次数:10,免伤次数:0,击杀次数:0,消耗:200,收益:0,单次最大盈利:0 单次时间:1970-01-01 08:00:00;
	ID:150016 MONSTERID:306	攻击次数:7,免伤次数:0,击杀次数:1,消耗:140,收益:130,单次最大盈利:130 单次时间:2019-05-15 15:49:54;
	ID:150016 MONSTERID:307	攻击次数:2,免伤次数:0,击杀次数:1,消耗:40,收益:170,单次最大盈利:170 单次时间:2019-05-15 15:41:48;
	ID:150016 ALLMONSTERID 消耗:840,收益:760,返回率:0.904762;
	ID:150016 过敏源剧情 消耗:11520,收益:7700,返回率:0.668403;
2019/05/15 15:51:01.963200 git.huoys.com/qp/cells/game_trace.LogSettle 473 Info: 	 单局结算 uid:150016 剩余金币:99997550 消耗:320 收益:0 写分增量:-320 阵容变化:[201,200,],[201,200,], 
2019/05/15 15:51:02.038200 git.huoys.com/qp/cells/game_trace.LeaveGame 458 Info: 
Enter=>ID:150016 Money:99997870 '2019-05-15 15:50:53'
Match=>ID :150016 玩家消耗金额:-320 玩家赢取金额:+0 返还率:0.000000 单个最高的结算金额:0 从进入到退出之间的最大余额:99997870
Leave=>ID:150016 Money:99997550 '2019-05-15 15:51:02'
	ID:150016 翻牌统计: 攻击次数:10,击杀次数:0,免伤次数:0,空卡次数:3,宝箱次数:0,普通怪次数:6,Boss怪次数:1,消耗:200 收益:0 返回率:0.000000;
	ID:150016 BOXID:100	攻击次数:5,击杀次数:0,免伤次数:0,消耗:100,收益:0,单次最大盈利:0 单次时间:1970-01-01 08:00:00;
	ID:150016 BOXID:101	攻击次数:5,击杀次数:0,免伤次数:0,消耗:100,收益:0,单次最大盈利:0 单次时间:1970-01-01 08:00:00;
	ID:150016 MONSTERID:306	攻击次数:6,免伤次数:0,击杀次数:0,消耗:120,收益:0,单次最大盈利:0 单次时间:1970-01-01 08:00:00;
	ID:150016 ALLMONSTERID 消耗:120,收益:0,返回率:0.000000;
	ID:150016 过敏源剧情 消耗:0,收益:0,返回率:0.000000;
2019/05/15 15:51:05.731200 git.huoys.com/qp/cells/game_trace.LogSettle 473 Info: 	 单局结算 uid:150016 剩余金币:99997550 消耗:0 收益:0 写分增量:0 阵容变化:[201,200,],[201,200,], 
2019/05/15 15:51:05.763200 git.huoys.com/qp/cells/game_trace.LeaveGame 458 Info: 
Enter=>ID:150016 Money:99997550 '2019-05-15 15:51:02'
Match=>ID :150016 玩家消耗金额:-0 玩家赢取金额:+0 返还率:0.000000 单个最高的结算金额:0 从进入到退出之间的最大余额:99997550
Leave=>ID:150016 Money:99997550 '2019-05-15 15:51:05'
	ID:150016 翻牌统计: 攻击次数:0,击杀次数:0,免伤次数:0,空卡次数:0,宝箱次数:0,普通怪次数:0,Boss怪次数:0,消耗:0 收益:0 返回率:0.000000;
	ID:150016 ALLMONSTERID 消耗:0,收益:0,返回率:0.000000;
	ID:150016 过敏源剧情 消耗:0,收益:0,返回率:0.000000;
2019/05/15 15:52:24.540200 git.huoys.com/qp/cells/module/room/logic/storysys.(*Allergen).CalcSettle 322 Info: Allergen Settle uid:150015 entermoney:107196010 2019-05-15_15_51_57 lockratio:10 totaltimes:130 consume:20 groupindex:27 group:{Weight:30 Detail:[0 0 1 1 1] RewardTimes:130} attack: reward:1300 levemoney:107197310 2019-05-15_15_52_24
2019/05/15 15:52:24.540200 git.huoys.com/qp/cells/game_trace.LogSettle 473 Info: 	 单局结算 uid:150015 剩余金币:107197310 消耗:2000 收益:1300 写分增量:-700 阵容变化:[201,200,202,],[201,200,202,],[201,200,202,], 
2019/05/15 15:52:24.582200 git.huoys.com/qp/cells/game_trace.LeaveGame 458 Info: 
Enter=>ID:150015 Money:107198010 '2019-05-15 15:51:13'
Match=>ID :150015 玩家消耗金额:-2000 玩家赢取金额:+1300 返还率:0.650000 单个最高的结算金额:1300 从进入到退出之间的最大余额:107198010
Leave=>ID:150015 Money:107197310 '2019-05-15 15:52:24'
	ID:150015 翻牌统计: 攻击次数:0,击杀次数:0,免伤次数:0,空卡次数:0,宝箱次数:0,普通怪次数:0,Boss怪次数:0,消耗:0 收益:0 返回率:0.000000;
	ID:150015 ALLMONSTERID 消耗:0,收益:0,返回率:0.000000;
	ID:150015 过敏源剧情 消耗:2000,收益:1300,返回率:0.650000;
2019/05/15 15:52:25.455200 git.huoys.com/qp/cells/module/room/logic/storysys.(*Allergen).CalcSettle 322 Info: Allergen Settle uid:150016 entermoney:99996130 2019-05-15_15_51_46 lockratio:10 totaltimes:90 consume:20 groupindex:12 group:{Weight:20 Detail:[1 1 0 0 0] RewardTimes:90} attack:0-400, reward:900 levemoney:99997030 2019-05-15_15_52_25
2019/05/15 15:52:25.457200 git.huoys.com/qp/cells/game_trace.LogSettle 473 Info: 	 单局结算 uid:150016 剩余金币:99997030 消耗:1420 收益:900 写分增量:-520 阵容变化:[201,200,],[201,200,], 
2019/05/15 15:52:25.502200 git.huoys.com/qp/cells/game_trace.LeaveGame 458 Info: 
Enter=>ID:150016 Money:99997550 '2019-05-15 15:51:05'
Match=>ID :150016 玩家消耗金额:-1420 玩家赢取金额:+900 返还率:0.633803 单个最高的结算金额:500 从进入到退出之间的最大余额:99997550
Leave=>ID:150016 Money:99997030 '2019-05-15 15:52:25'
	ID:150016 翻牌统计: 攻击次数:0,击杀次数:0,免伤次数:0,空卡次数:0,宝箱次数:0,普通怪次数:0,Boss怪次数:0,消耗:0 收益:0 返回率:0.000000;
	ID:150016 ALLMONSTERID 消耗:0,收益:0,返回率:0.000000;
	ID:150016 过敏源剧情 消耗:1420,收益:900,返回率:0.633803;
2019/05/15 15:55:07.277200 git.huoys.com/qp/cells/game_trace.LogSettle 473 Info: 	 单局结算 uid:150015 剩余金币:107197090 消耗:220 收益:0 写分增量:-220 阵容变化:[201,200,202,],[201,200,202,],[201,200,202,], 
2019/05/15 15:55:07.414200 git.huoys.com/qp/cells/game_trace.LeaveGame 458 Info: 
Enter=>ID:150015 Money:107197310 '2019-05-15 15:55:00'
Match=>ID :150015 玩家消耗金额:-220 玩家赢取金额:+0 返还率:0.000000 单个最高的结算金额:0 从进入到退出之间的最大余额:107197310
Leave=>ID:150015 Money:107197090 '2019-05-15 15:55:07'
	ID:150015 翻牌统计: 攻击次数:0,击杀次数:0,免伤次数:0,空卡次数:0,宝箱次数:0,普通怪次数:0,Boss怪次数:0,消耗:0 收益:0 返回率:0.000000;
	ID:150015 ALLMONSTERID 消耗:0,收益:0,返回率:0.000000;
	ID:150015 过敏源剧情 消耗:220,收益:0,返回率:0.000000;
2019/05/15 16:09:55.966200 git.huoys.com/qp/cells/module/room/logic/storysys.(*Allergen).CalcSettle 322 Info: Allergen Settle uid:150015 entermoney:107196290 2019-05-15_16_09_11 lockratio:10 totaltimes:20 consume:20 groupindex:3 group:{Weight:1 Detail:[0 0 0 1 0] RewardTimes:20} attack:0-0,1-0,2-0,3-200,4-0, reward:200 levemoney:107196490 2019-05-15_16_09_55
2019/05/15 16:10:03.727200 git.huoys.com/qp/cells/game_trace.LogSettle 473 Info: 	 单局结算 uid:150015 剩余金币:107196490 消耗:800 收益:200 写分增量:-600 阵容变化:[201,200,202,],[201,200,202,],[201,200,202,], 
2019/05/15 16:10:03.793200 git.huoys.com/qp/cells/game_trace.LeaveGame 458 Info: 
Enter=>ID:150015 Money:107197090 '2019-05-15 16:08:52'
Match=>ID :150015 玩家消耗金额:-800 玩家赢取金额:+200 返还率:0.250000 单个最高的结算金额:200 从进入到退出之间的最大余额:107197090
Leave=>ID:150015 Money:107196490 '2019-05-15 16:10:03'
	ID:150015 翻牌统计: 攻击次数:0,击杀次数:0,免伤次数:0,空卡次数:0,宝箱次数:0,普通怪次数:0,Boss怪次数:0,消耗:0 收益:0 返回率:0.000000;
	ID:150015 ALLMONSTERID 消耗:0,收益:0,返回率:0.000000;
	ID:150015 过敏源剧情 消耗:800,收益:200,返回率:0.250000;
2019/05/15 16:11:23.307200 git.huoys.com/qp/cells/game_trace.LogSettle 473 Info: 	 单局结算 uid:150015 剩余金币:107193130 消耗:3360 收益:0 写分增量:-3360 阵容变化:[201,200,202,],[201,200,202,],[201,200,202,], 
2019/05/15 16:11:23.350200 git.huoys.com/qp/cells/game_trace.LeaveGame 458 Info: 
Enter=>ID:150015 Money:107196490 '2019-05-15 16:10:09'
Match=>ID :150015 玩家消耗金额:-3360 玩家赢取金额:+0 返还率:0.000000 单个最高的结算金额:0 从进入到退出之间的最大余额:107196490
Leave=>ID:150015 Money:107193130 '2019-05-15 16:11:23'
	ID:150015 翻牌统计: 攻击次数:0,击杀次数:0,免伤次数:0,空卡次数:0,宝箱次数:0,普通怪次数:0,Boss怪次数:0,消耗:0 收益:0 返回率:0.000000;
	ID:150015 ALLMONSTERID 消耗:0,收益:0,返回率:0.000000;
	ID:150015 过敏源剧情 消耗:3360,收益:0,返回率:0.000000;
2019/05/15 16:13:30.813200 git.huoys.com/qp/cells/game_trace.LogSettle 473 Info: 	 单局结算 uid:150015 剩余金币:107188650 消耗:4480 收益:0 写分增量:-4480 阵容变化:[201,200,202,],[201,200,202,],[201,200,202,], 
2019/05/15 16:13:44.049200 git.huoys.com/qp/cells/module/room/logic/storysys.(*Allergen).CalcSettle 322 Info: Allergen Settle uid:150015 entermoney:107188650 2019-05-15_16_13_06 lockratio:10 totaltimes:110 consume:20 groupindex:19 group:{Weight:20 Detail:[1 0 0 1 1] RewardTimes:110} attack:0-400,1-0,2-0,3-200,4-500, reward:1100 levemoney:107189750 2019-05-15_16_13_44
2019/05/15 16:14:11.289200 git.huoys.com/qp/cells/module/room/logic/storysys.(*Allergen).CalcSettle 322 Info: Allergen Settle uid:150015 entermoney:107188440 2019-05-15_16_14_10 lockratio:10 totaltimes:90 consume:20 groupindex:12 group:{Weight:20 Detail:[1 1 0 0 0] RewardTimes:90} attack: reward:900 levemoney:107189340 2019-05-15_16_14_11
2019/05/15 16:14:11.290200 git.huoys.com/qp/cells/game_trace.LogSettle 473 Info: 	 单局结算 uid:150015 剩余金币:107189340 消耗:1760 收益:2450 写分增量:690 阵容变化:[201,200,202,],[201,200,202,],[201,200,202,],[201,200,202,], 
2019/05/15 16:14:11.360200 git.huoys.com/qp/cells/game_trace.LeaveGame 458 Info: 
Enter=>ID:150015 Money:107193130 '2019-05-15 16:11:29'
Match=>ID :150015 玩家消耗金额:-6240 玩家赢取金额:+2450 返还率:0.392628 单个最高的结算金额:900 从进入到退出之间的最大余额:107193130
Leave=>ID:150015 Money:107189340 '2019-05-15 16:14:11'
	ID:150015 翻牌统计: 攻击次数:13,击杀次数:0,免伤次数:0,空卡次数:3,宝箱次数:0,普通怪次数:9,Boss怪次数:1,消耗:260 收益:0 返回率:0.000000;
	ID:150015 BOXID:100	攻击次数:4,击杀次数:0,免伤次数:0,消耗:80,收益:0,单次最大盈利:0 单次时间:1970-01-01 08:00:00;
	ID:150015 BOXID:101	攻击次数:6,击杀次数:0,免伤次数:0,消耗:120,收益:0,单次最大盈利:0 单次时间:1970-01-01 08:00:00;
	ID:150015 BOXID:102	攻击次数:3,击杀次数:0,免伤次数:0,消耗:60,收益:0,单次最大盈利:0 单次时间:1970-01-01 08:00:00;
	ID:150015 MONSTERID:303	攻击次数:2,免伤次数:0,击杀次数:1,消耗:40,收益:80,单次最大盈利:80 单次时间:2019-05-15 16:13:59;
	ID:150015 MONSTERID:306	攻击次数:8,免伤次数:0,击杀次数:2,消耗:160,收益:370,单次最大盈利:200 单次时间:2019-05-15 16:13:57;
	ID:150015 ALLMONSTERID 消耗:200,收益:450,返回率:2.250000;
	ID:150015 过敏源剧情 消耗:5780,收益:2000,返回率:0.346021;
2019/05/15 16:16:15.675200 git.huoys.com/qp/cells/module/room/logic/storysys.(*Allergen).CalcSettle 322 Info: Allergen Settle uid:150015 entermoney:107188700 2019-05-15_16_15_43 lockratio:10 totaltimes:40 consume:20 groupindex:9 group:{Weight:1 Detail:[0 1 0 0 1] RewardTimes:40} attack: reward:400 levemoney:107189100 2019-05-15_16_16_15
2019/05/15 16:16:15.675200 git.huoys.com/qp/cells/game_trace.LogSettle 473 Info: 	 单局结算 uid:150015 剩余金币:107189100 消耗:640 收益:400 写分增量:-240 阵容变化:[201,200,202,],[201,200,202,],[201,200,202,], 
2019/05/15 16:16:15.725200 git.huoys.com/qp/cells/game_trace.LeaveGame 458 Info: 
Enter=>ID:150015 Money:107189340 '2019-05-15 16:14:17'
Match=>ID :150015 玩家消耗金额:-640 玩家赢取金额:+400 返还率:0.625000 单个最高的结算金额:400 从进入到退出之间的最大余额:107189340
Leave=>ID:150015 Money:107189100 '2019-05-15 16:16:15'
	ID:150015 翻牌统计: 攻击次数:0,击杀次数:0,免伤次数:0,空卡次数:0,宝箱次数:0,普通怪次数:0,Boss怪次数:0,消耗:0 收益:0 返回率:0.000000;
	ID:150015 ALLMONSTERID 消耗:0,收益:0,返回率:0.000000;
	ID:150015 过敏源剧情 消耗:640,收益:400,返回率:0.625000;
2019/05/15 16:17:19.787200 git.huoys.com/qp/cells/module/room/logic/storysys.(*Allergen).CalcSettle 322 Info: Allergen Settle uid:150015 entermoney:107188420 2019-05-15_16_16_50 lockratio:10 totaltimes:110 consume:20 groupindex:13 group:{Weight:20 Detail:[1 1 0 1 0] RewardTimes:110} attack: reward:1100 levemoney:107189520 2019-05-15_16_17_19
2019/05/15 16:17:19.789200 git.huoys.com/qp/cells/game_trace.LogSettle 473 Info: 	 单局结算 uid:150015 剩余金币:107189520 消耗:680 收益:1100 写分增量:420 阵容变化:[201,200,202,],[201,200,202,],[201,200,202,], 
2019/05/15 16:17:19.859200 git.huoys.com/qp/cells/game_trace.LeaveGame 458 Info: 
Enter=>ID:150015 Money:107189100 '2019-05-15 16:16:32'
Match=>ID :150015 玩家消耗金额:-680 玩家赢取金额:+1100 返还率:1.617647 单个最高的结算金额:1100 从进入到退出之间的最大余额:107189520
Leave=>ID:150015 Money:107189520 '2019-05-15 16:17:19'
	ID:150015 翻牌统计: 攻击次数:0,击杀次数:0,免伤次数:0,空卡次数:0,宝箱次数:0,普通怪次数:0,Boss怪次数:0,消耗:0 收益:0 返回率:0.000000;
	ID:150015 ALLMONSTERID 消耗:0,收益:0,返回率:0.000000;
	ID:150015 过敏源剧情 消耗:680,收益:1100,返回率:1.617647;
2019/05/15 16:18:24.790200 git.huoys.com/qp/cells/game_trace.polling 557 Info: log money polling....
	全局统计 翻牌统计: 攻击次数:64,击杀次数:0,免伤次数:0,空卡次数:14,宝箱次数:4,普通怪次数:43,Boss怪次数:3,消耗:1280 收益:860 返回率:0.671875;
	全局统计 BOXID:100	攻击次数:34,击杀次数:2,免伤次数:0,消耗:680,收益:300,单次最大盈利:180 单次时间:2019-05-15 16:18:24;
	全局统计 BOXID:101	攻击次数:22,击杀次数:2,免伤次数:0,消耗:440,收益:560,单次最大盈利:300 单次时间:2019-05-15 16:18:24;
	全局统计 BOXID:102	攻击次数:8,击杀次数:0,免伤次数:0,消耗:160,收益:0,单次最大盈利:0 单次时间:2019-05-15 16:18:24;
	全局统计 MONSTERID:300	攻击次数:0,免伤次数:0,击杀次数:0,消耗:0,收益:0,单次最大盈利:0 单次时间:2019-05-15 16:18:24;
	全局统计 MONSTERID:301	攻击次数:0,免伤次数:0,击杀次数:0,消耗:0,收益:0,单次最大盈利:0 单次时间:2019-05-15 16:18:24;
	全局统计 MONSTERID:302	攻击次数:3,免伤次数:0,击杀次数:1,消耗:60,收益:50,单次最大盈利:50 单次时间:2019-05-15 16:18:24;
	全局统计 MONSTERID:303	攻击次数:5,免伤次数:0,击杀次数:2,消耗:100,收益:110,单次最大盈利:80 单次时间:2019-05-15 16:18:24;
	全局统计 MONSTERID:304	攻击次数:5,免伤次数:0,击杀次数:1,消耗:100,收益:90,单次最大盈利:90 单次时间:2019-05-15 16:18:24;
	全局统计 MONSTERID:305	攻击次数:5,免伤次数:0,击杀次数:0,消耗:100,收益:0,单次最大盈利:0 单次时间:2019-05-15 16:18:24;
	全局统计 MONSTERID:306	攻击次数:27,免伤次数:0,击杀次数:4,消耗:540,收益:650,单次最大盈利:200 单次时间:2019-05-15 16:18:24;
	全局统计 MONSTERID:307	攻击次数:3,免伤次数:0,击杀次数:1,消耗:60,收益:200,单次最大盈利:200 单次时间:2019-05-15 16:18:24;
	全局统计 MONSTERID:311	攻击次数:0,免伤次数:0,击杀次数:0,消耗:0,收益:0,单次最大盈利:0 单次时间:2019-05-15 16:18:24;
	全局统计 MONSTERID:314	攻击次数:0,免伤次数:0,击杀次数:0,消耗:0,收益:0,单次最大盈利:0 单次时间:2019-05-15 16:18:24;
	全局统计 ALLMONSTERID 消耗:960,收益:1100,返回率:1.145833;
	全局统计 过敏源剧情 消耗:19380,收益:11500,返回率:0.593395;
	全局统计 总输赢:-8160 总消耗:-21620 总收益:+13460 总免伤次数:0 总免伤:0 返回率:0.622572 时间:2019-05-15_16_18_24
2019/05/15 16:19:50.809200 git.huoys.com/qp/cells/module/room/logic/storysys.(*Allergen).CalcSettle 322 Info: Allergen Settle uid:150015 entermoney:107188940 2019-05-15_16_18_53 lockratio:10 totaltimes:130 consume:20 groupindex:25 group:{Weight:30 Detail:[0 1 1 1 0] RewardTimes:130} attack: reward:1300 levemoney:107190240 2019-05-15_16_19_50
2019/05/15 16:19:50.809200 git.huoys.com/qp/cells/game_trace.LogSettle 473 Info: 	 单局结算 uid:150015 剩余金币:107190240 消耗:580 收益:1300 写分增量:720 阵容变化:[201,200,202,],[201,200,202,],[201,200,202,], 
2019/05/15 16:19:50.863200 git.huoys.com/qp/cells/game_trace.LeaveGame 458 Info: 
Enter=>ID:150015 Money:107189520 '2019-05-15 16:18:39'
Match=>ID :150015 玩家消耗金额:-580 玩家赢取金额:+1300 返还率:2.241379 单个最高的结算金额:1300 从进入到退出之间的最大余额:107190240
Leave=>ID:150015 Money:107190240 '2019-05-15 16:19:50'
	ID:150015 翻牌统计: 攻击次数:0,击杀次数:0,免伤次数:0,空卡次数:0,宝箱次数:0,普通怪次数:0,Boss怪次数:0,消耗:0 收益:0 返回率:0.000000;
	ID:150015 ALLMONSTERID 消耗:0,收益:0,返回率:0.000000;
	ID:150015 过敏源剧情 消耗:580,收益:1300,返回率:2.241379;
2019/05/15 16:26:39.784200 git.huoys.com/qp/cells/module/room/logic/storysys.(*Allergen).CalcSettle 322 Info: Allergen Settle uid:150015 entermoney:107188400 2019-05-15_16_26_21 lockratio:10 totaltimes:130 consume:20 groupindex:25 group:{Weight:30 Detail:[0 1 1 1 0] RewardTimes:130} attack:0-0, reward:1300 levemoney:107189700 2019-05-15_16_26_39
2019/05/15 16:26:39.786200 git.huoys.com/qp/cells/game_trace.LogSettle 473 Info: 	 单局结算 uid:150015 剩余金币:107189700 消耗:1840 收益:1300 写分增量:-540 阵容变化:[201,200,202,],[201,200,202,],[201,200,202,], 
2019/05/15 16:26:39.839200 git.huoys.com/qp/cells/game_trace.LeaveGame 458 Info: 
Enter=>ID:150015 Money:107190240 '2019-05-15 16:25:38'
Match=>ID :150015 玩家消耗金额:-1840 玩家赢取金额:+1300 返还率:0.706522 单个最高的结算金额:1300 从进入到退出之间的最大余额:107190240
Leave=>ID:150015 Money:107189700 '2019-05-15 16:26:39'
	ID:150015 翻牌统计: 攻击次数:0,击杀次数:0,免伤次数:0,空卡次数:0,宝箱次数:0,普通怪次数:0,Boss怪次数:0,消耗:0 收益:0 返回率:0.000000;
	ID:150015 ALLMONSTERID 消耗:0,收益:0,返回率:0.000000;
	ID:150015 过敏源剧情 消耗:1840,收益:1300,返回率:0.706522;
2019/05/15 16:36:48.854200 git.huoys.com/qp/cells/module/room/logic/storysys.(*Allergen).CalcSettle 322 Info: Allergen Settle uid:150015 entermoney:107188680 2019-05-15_16_36_17 lockratio:10 totaltimes:170 consume:20 groupindex:26 group:{Weight:30 Detail:[1 0 1 1 1] RewardTimes:170} attack: reward:1700 levemoney:107190380 2019-05-15_16_36_48
2019/05/15 16:36:48.854200 git.huoys.com/qp/cells/game_trace.LogSettle 473 Info: 	 单局结算 uid:150015 剩余金币:107190380 消耗:1020 收益:1700 写分增量:680 阵容变化:[201,200,202,],[201,200,202,],[201,200,202,], 
2019/05/15 16:36:48.901200 git.huoys.com/qp/cells/game_trace.LeaveGame 458 Info: 
Enter=>ID:150015 Money:107189700 '2019-05-15 16:35:52'
Match=>ID :150015 玩家消耗金额:-1020 玩家赢取金额:+1700 返还率:1.666667 单个最高的结算金额:1700 从进入到退出之间的最大余额:107190380
Leave=>ID:150015 Money:107190380 '2019-05-15 16:36:48'
	ID:150015 翻牌统计: 攻击次数:0,击杀次数:0,免伤次数:0,空卡次数:0,宝箱次数:0,普通怪次数:0,Boss怪次数:0,消耗:0 收益:0 返回率:0.000000;
	ID:150015 ALLMONSTERID 消耗:0,收益:0,返回率:0.000000;
	ID:150015 过敏源剧情 消耗:1020,收益:1700,返回率:1.666667;
2019/05/15 16:39:28.857200 git.huoys.com/qp/cells/module/room/logic/storysys.(*Allergen).CalcSettle 322 Info: Allergen Settle uid:150015 entermoney:107189000 2019-05-15_16_38_34 lockratio:10 totaltimes:220 consume:20 groupindex:28 group:{Weight:40 Detail:[1 1 1 1 0] RewardTimes:220} attack:0-400, reward:2200 levemoney:107191200 2019-05-15_16_39_28
2019/05/15 16:39:28.857200 git.huoys.com/qp/cells/game_trace.LogSettle 473 Info: 	 单局结算 uid:150015 剩余金币:107191200 消耗:1380 收益:2200 写分增量:820 阵容变化:[201,200,202,],[201,200,202,],[201,200,202,], 
2019/05/15 16:39:28.892200 git.huoys.com/qp/cells/game_trace.LeaveGame 458 Info: 
Enter=>ID:150015 Money:107190380 '2019-05-15 16:38:00'
Match=>ID :150015 玩家消耗金额:-1380 玩家赢取金额:+2200 返还率:1.594203 单个最高的结算金额:1800 从进入到退出之间的最大余额:107191200
Leave=>ID:150015 Money:107191200 '2019-05-15 16:39:28'
	ID:150015 翻牌统计: 攻击次数:0,击杀次数:0,免伤次数:0,空卡次数:0,宝箱次数:0,普通怪次数:0,Boss怪次数:0,消耗:0 收益:0 返回率:0.000000;
	ID:150015 ALLMONSTERID 消耗:0,收益:0,返回率:0.000000;
	ID:150015 过敏源剧情 消耗:1380,收益:2200,返回率:1.594203;
2019/05/15 16:41:34.171200 git.huoys.com/qp/cells/module/room/logic/storysys.(*Allergen).CalcSettle 322 Info: Allergen Settle uid:150015 entermoney:107189420 2019-05-15_16_41_05 lockratio:10 totaltimes:70 consume:20 groupindex:15 group:{Weight:20 Detail:[0 1 1 0 0] RewardTimes:70} attack:0-0,1-200,2-500,3-0,4-0, reward:700 levemoney:107190120 2019-05-15_16_41_34
2019/05/15 16:42:21.563200 git.huoys.com/qp/cells/module/room/logic/storysys.(*Allergen).CalcSettle 322 Info: Allergen Settle uid:150015 entermoney:107188210 2019-05-15_16_42_03 lockratio:10 totaltimes:130 consume:20 groupindex:27 group:{Weight:30 Detail:[0 0 1 1 1] RewardTimes:130} attack: reward:1300 levemoney:107189510 2019-05-15_16_42_21
2019/05/15 16:42:21.567200 git.huoys.com/qp/cells/game_trace.LogSettle 473 Info: 	 单局结算 uid:150015 剩余金币:107189510 消耗:3960 收益:2270 写分增量:-1690 阵容变化:[201,200,202,],[201,200,202,],[201,200,202,],[201,200,202,],[201,200,202,],[201,200,202,], 
2019/05/15 16:42:21.622200 git.huoys.com/qp/cells/game_trace.LeaveGame 458 Info: 
Enter=>ID:150015 Money:107191200 '2019-05-15 16:40:25'
Match=>ID :150015 玩家消耗金额:-3960 玩家赢取金额:+2270 返还率:0.573232 单个最高的结算金额:1300 从进入到退出之间的最大余额:107191200
Leave=>ID:150015 Money:107189510 '2019-05-15 16:42:21'
	ID:150015 翻牌统计: 攻击次数:13,击杀次数:0,免伤次数:0,空卡次数:3,宝箱次数:1,普通怪次数:8,Boss怪次数:1,消耗:260 收益:140 返回率:0.538462;
	ID:150015 BOXID:100	攻击次数:3,击杀次数:1,免伤次数:0,消耗:60,收益:140,单次最大盈利:140 单次时间:2019-05-15 16:41:46;
	ID:150015 BOXID:101	攻击次数:10,击杀次数:0,免伤次数:0,消耗:200,收益:0,单次最大盈利:0 单次时间:1970-01-01 08:00:00;
	ID:150015 MONSTERID:302	攻击次数:2,免伤次数:0,击杀次数:1,消耗:40,收益:30,单次最大盈利:30 单次时间:2019-05-15 16:41:46;
	ID:150015 MONSTERID:306	攻击次数:3,免伤次数:0,击杀次数:1,消耗:60,收益:100,单次最大盈利:100 单次时间:2019-05-15 16:41:47;
	ID:150015 MONSTERID:307	攻击次数:6,免伤次数:0,击杀次数:0,消耗:120,收益:0,单次最大盈利:0 单次时间:1970-01-01 08:00:00;
	ID:150015 ALLMONSTERID 消耗:220,收益:130,返回率:0.590909;
	ID:150015 过敏源剧情 消耗:3480,收益:2000,返回率:0.574713;
2019/05/15 16:42:54.667200 git.huoys.com/qp/cells/module/room/logic/storysys.(*Allergen).CalcSettle 322 Info: Allergen Settle uid:150015 entermoney:107189260 2019-05-15_16_42_38 lockratio:10 totaltimes:170 consume:20 groupindex:24 group:{Weight:30 Detail:[1 1 1 0 1] RewardTimes:170} attack: reward:1700 levemoney:107190960 2019-05-15_16_42_54
2019/05/15 16:42:54.672200 git.huoys.com/qp/cells/game_trace.LogSettle 473 Info: 	 单局结算 uid:150015 剩余金币:107190960 消耗:560 收益:2010 写分增量:1450 阵容变化:[201,200,202,],[201,200,202,],[201,200,202,], 
2019/05/15 16:42:54.762200 git.huoys.com/qp/cells/game_trace.LeaveGame 458 Info: 
Enter=>ID:150015 Money:107189510 '2019-05-15 16:42:28'
Match=>ID :150015 玩家消耗金额:-560 玩家赢取金额:+2010 返还率:3.589286 单个最高的结算金额:1700 从进入到退出之间的最大余额:107190960
Leave=>ID:150015 Money:107190960 '2019-05-15 16:42:54'
	ID:150015 翻牌统计: 攻击次数:13,击杀次数:0,免伤次数:1,空卡次数:1,宝箱次数:1,普通怪次数:9,Boss怪次数:1,消耗:260 收益:160 返回率:0.615385;
	ID:150015 BOXID:100	攻击次数:5,击杀次数:1,免伤次数:1,消耗:100,收益:160,单次最大盈利:160 单次时间:2019-05-15 16:42:36;
	ID:150015 BOXID:101	攻击次数:6,击杀次数:0,免伤次数:1,消耗:120,收益:0,单次最大盈利:0 单次时间:1970-01-01 08:00:00;
	ID:150015 BOXID:102	攻击次数:1,击杀次数:0,免伤次数:1,消耗:20,收益:0,单次最大盈利:0 单次时间:1970-01-01 08:00:00;
	ID:150015 MONSTERID:301	攻击次数:2,免伤次数:0,击杀次数:1,消耗:40,收益:40,单次最大盈利:40 单次时间:2019-05-15 16:42:35;
	ID:150015 MONSTERID:302	攻击次数:1,免伤次数:0,击杀次数:1,消耗:20,收益:60,单次最大盈利:60 单次时间:2019-05-15 16:42:34;
	ID:150015 MONSTERID:303	攻击次数:1,免伤次数:0,击杀次数:1,消耗:20,收益:50,单次最大盈利:50 单次时间:2019-05-15 16:42:33;
	ID:150015 MONSTERID:313	攻击次数:4,免伤次数:0,击杀次数:0,消耗:80,收益:0,单次最大盈利:0 单次时间:1970-01-01 08:00:00;
	ID:150015 ALLMONSTERID 消耗:160,收益:150,返回率:0.937500;
	ID:150015 过敏源剧情 消耗:140,收益:1700,返回率:12.142857;
2019/05/15 16:48:24.866200 git.huoys.com/qp/cells/game_trace.polling 557 Info: log money polling....
	全局统计 翻牌统计: 攻击次数:26,击杀次数:0,免伤次数:1,空卡次数:4,宝箱次数:2,普通怪次数:17,Boss怪次数:2,消耗:520 收益:300 返回率:0.576923;
	全局统计 BOXID:100	攻击次数:8,击杀次数:2,免伤次数:1,消耗:160,收益:300,单次最大盈利:160 单次时间:2019-05-15 16:48:24;
	全局统计 BOXID:101	攻击次数:16,击杀次数:0,免伤次数:1,消耗:320,收益:0,单次最大盈利:0 单次时间:2019-05-15 16:48:24;
	全局统计 BOXID:102	攻击次数:1,击杀次数:0,免伤次数:1,消耗:20,收益:0,单次最大盈利:0 单次时间:2019-05-15 16:48:24;
	全局统计 MONSTERID:300	攻击次数:0,免伤次数:0,击杀次数:0,消耗:0,收益:0,单次最大盈利:0 单次时间:2019-05-15 16:48:24;
	全局统计 MONSTERID:301	攻击次数:2,免伤次数:0,击杀次数:1,消耗:40,收益:40,单次最大盈利:40 单次时间:2019-05-15 16:48:24;
	全局统计 MONSTERID:302	攻击次数:3,免伤次数:0,击杀次数:2,消耗:60,收益:90,单次最大盈利:60 单次时间:2019-05-15 16:48:24;
	全局统计 MONSTERID:303	攻击次数:1,免伤次数:0,击杀次数:1,消耗:20,收益:50,单次最大盈利:50 单次时间:2019-05-15 16:48:24;
	全局统计 MONSTERID:304	攻击次数:0,免伤次数:0,击杀次数:0,消耗:0,收益:0,单次最大盈利:0 单次时间:2019-05-15 16:48:24;
	全局统计 MONSTERID:305	攻击次数:0,免伤次数:0,击杀次数:0,消耗:0,收益:0,单次最大盈利:0 单次时间:2019-05-15 16:48:24;
	全局统计 MONSTERID:306	攻击次数:3,免伤次数:0,击杀次数:1,消耗:60,收益:100,单次最大盈利:100 单次时间:2019-05-15 16:48:24;
	全局统计 MONSTERID:307	攻击次数:6,免伤次数:0,击杀次数:0,消耗:120,收益:0,单次最大盈利:0 单次时间:2019-05-15 16:48:24;
	全局统计 MONSTERID:311	攻击次数:0,免伤次数:0,击杀次数:0,消耗:0,收益:0,单次最大盈利:0 单次时间:2019-05-15 16:48:24;
	全局统计 MONSTERID:313	攻击次数:4,免伤次数:0,击杀次数:0,消耗:80,收益:0,单次最大盈利:0 单次时间:2019-05-15 16:48:24;
	全局统计 MONSTERID:314	攻击次数:0,免伤次数:0,击杀次数:0,消耗:0,收益:0,单次最大盈利:0 单次时间:2019-05-15 16:48:24;
	全局统计 ALLMONSTERID 消耗:380,收益:280,返回率:0.736842;
	全局统计 过敏源剧情 消耗:8440,收益:10200,返回率:1.208531;
	全局统计 总输赢:1440 总消耗:-9340 总收益:+10780 总免伤次数:1 总免伤:20 返回率:1.154176 时间:2019-05-15_16_48_24
2019/05/15 16:56:41.842200 git.huoys.com/qp/cells/module/room/logic/storysys.(*Allergen).CalcSettle 322 Info: Allergen Settle uid:150015 entermoney:107190840 2019-05-15_16_56_20 lockratio:10 totaltimes:130 consume:20 groupindex:25 group:{Weight:30 Detail:[0 1 1 1 0] RewardTimes:130} attack:0-0,1-200,2-500,3-600,4-0, reward:1300 levemoney:107192140 2019-05-15_16_56_41
2019/05/15 16:57:36.375200 git.huoys.com/qp/cells/module/room/logic/storysys.(*Allergen).CalcSettle 322 Info: Allergen Settle uid:150015 entermoney:107191080 2019-05-15_16_57_12 lockratio:10 totaltimes:60 consume:20 groupindex:5 group:{Weight:2 Detail:[1 0 1 0 0] RewardTimes:60} attack:0-400,1-0,2-200,3-0,4-0, reward:600 levemoney:107191680 2019-05-15_16_57_36
2019/05/15 16:58:15.913200 git.huoys.com/qp/cells/game_trace.LogSettle 473 Info: 	 单局结算 uid:150015 剩余金币:107190470 消耗:3280 收益:2790 写分增量:-490 阵容变化:[201,200,202,],[201,200,202,],[201,200,202,],[201,200,202,],[201,200,202,],[201,200,202,],[201,200,202,],[201,200,202,],[201,200,202,], 
2019/05/15 16:58:30.894200 git.huoys.com/qp/cells/module/room/logic/storysys.(*Allergen).CalcSettle 322 Info: Allergen Settle uid:150015 entermoney:107190470 2019-05-15_16_57_59 lockratio:10 totaltimes:160 consume:20 groupindex:22 group:{Weight:20 Detail:[1 1 0 1 1] RewardTimes:160} attack:0-400,1-500,2-0,3-200,4-500, reward:1600 levemoney:107192070 2019-05-15_16_58_30
2019/05/15 16:58:57.291200 git.huoys.com/qp/cells/module/room/logic/storysys.(*Allergen).CalcSettle 322 Info: Allergen Settle uid:150015 entermoney:107192310 2019-05-15_16_58_46 lockratio:10 totaltimes:110 consume:20 groupindex:14 group:{Weight:20 Detail:[1 1 0 0 1] RewardTimes:110} attack: reward:1100 levemoney:107193410 2019-05-15_16_58_57
2019/05/15 16:58:57.291200 git.huoys.com/qp/cells/game_trace.LogSettle 473 Info: 	 单局结算 uid:150015 剩余金币:107193410 消耗:340 收益:3280 写分增量:2940 阵容变化:[201,200,202,],[201,200,202,],[201,200,202,],[201,200,202,], 
2019/05/15 16:58:57.381200 git.huoys.com/qp/cells/game_trace.LeaveGame 458 Info: 
Enter=>ID:150015 Money:107190960 '2019-05-15 16:56:14'
Match=>ID :150015 玩家消耗金额:-3620 玩家赢取金额:+6070 返还率:1.676796 单个最高的结算金额:1100 从进入到退出之间的最大余额:107193410
Leave=>ID:150015 Money:107193410 '2019-05-15 16:58:57'
	ID:150015 翻牌统计: 攻击次数:34,击杀次数:0,免伤次数:1,空卡次数:9,宝箱次数:3,普通怪次数:20,Boss怪次数:1,消耗:680 收益:1110 返回率:1.632353;
	ID:150015 BOXID:100	攻击次数:7,击杀次数:0,免伤次数:1,消耗:140,收益:0,单次最大盈利:0 单次时间:1970-01-01 08:00:00;
	ID:150015 BOXID:101	攻击次数:20,击杀次数:1,免伤次数:1,消耗:400,收益:200,单次最大盈利:200 单次时间:2019-05-15 16:56:53;
	ID:150015 BOXID:102	攻击次数:6,击杀次数:2,免伤次数:1,消耗:120,收益:910,单次最大盈利:480 单次时间:2019-05-15 16:56:56;
	ID:150015 MONSTERID:301	攻击次数:3,免伤次数:0,击杀次数:2,消耗:60,收益:50,单次最大盈利:30 单次时间:2019-05-15 16:57:50;
	ID:150015 MONSTERID:302	攻击次数:1,免伤次数:0,击杀次数:1,消耗:20,收益:50,单次最大盈利:50 单次时间:2019-05-15 16:58:44;
	ID:150015 MONSTERID:303	攻击次数:2,免伤次数:0,击杀次数:1,消耗:40,收益:60,单次最大盈利:60 单次时间:2019-05-15 16:57:51;
	ID:150015 MONSTERID:304	攻击次数:3,免伤次数:0,击杀次数:3,消耗:60,收益:200,单次最大盈利:100 单次时间:2019-05-15 16:56:54;
	ID:150015 MONSTERID:306	攻击次数:7,免伤次数:0,击杀次数:0,消耗:140,收益:0,单次最大盈利:0 单次时间:1970-01-01 08:00:00;
	ID:150015 ALLMONSTERID 消耗:320,收益:360,返回率:1.125000;
	ID:150015 过敏源剧情 消耗:2620,收益:4600,返回率:1.755725;
2019/05/15 17:18:24.901200 git.huoys.com/qp/cells/game_trace.polling 557 Info: log money polling....
	全局统计 翻牌统计: 攻击次数:34,击杀次数:0,免伤次数:1,空卡次数:9,宝箱次数:3,普通怪次数:20,Boss怪次数:1,消耗:680 收益:1110 返回率:1.632353;
	全局统计 BOXID:100	攻击次数:7,击杀次数:0,免伤次数:1,消耗:140,收益:0,单次最大盈利:0 单次时间:2019-05-15 17:18:24;
	全局统计 BOXID:101	攻击次数:20,击杀次数:1,免伤次数:1,消耗:400,收益:200,单次最大盈利:200 单次时间:2019-05-15 17:18:24;
	全局统计 BOXID:102	攻击次数:6,击杀次数:2,免伤次数:1,消耗:120,收益:910,单次最大盈利:480 单次时间:2019-05-15 17:18:24;
	全局统计 MONSTERID:300	攻击次数:0,免伤次数:0,击杀次数:0,消耗:0,收益:0,单次最大盈利:0 单次时间:2019-05-15 17:18:24;
	全局统计 MONSTERID:301	攻击次数:3,免伤次数:0,击杀次数:2,消耗:60,收益:50,单次最大盈利:30 单次时间:2019-05-15 17:18:24;
	全局统计 MONSTERID:302	攻击次数:1,免伤次数:0,击杀次数:1,消耗:20,收益:50,单次最大盈利:50 单次时间:2019-05-15 17:18:24;
	全局统计 MONSTERID:303	攻击次数:2,免伤次数:0,击杀次数:1,消耗:40,收益:60,单次最大盈利:60 单次时间:2019-05-15 17:18:24;
	全局统计 MONSTERID:304	攻击次数:3,免伤次数:0,击杀次数:3,消耗:60,收益:200,单次最大盈利:100 单次时间:2019-05-15 17:18:24;
	全局统计 MONSTERID:305	攻击次数:0,免伤次数:0,击杀次数:0,消耗:0,收益:0,单次最大盈利:0 单次时间:2019-05-15 17:18:24;
	全局统计 MONSTERID:306	攻击次数:7,免伤次数:0,击杀次数:0,消耗:140,收益:0,单次最大盈利:0 单次时间:2019-05-15 17:18:24;
	全局统计 MONSTERID:307	攻击次数:0,免伤次数:0,击杀次数:0,消耗:0,收益:0,单次最大盈利:0 单次时间:2019-05-15 17:18:24;
	全局统计 MONSTERID:311	攻击次数:0,免伤次数:0,击杀次数:0,消耗:0,收益:0,单次最大盈利:0 单次时间:2019-05-15 17:18:24;
	全局统计 MONSTERID:313	攻击次数:0,免伤次数:0,击杀次数:0,消耗:0,收益:0,单次最大盈利:0 单次时间:2019-05-15 17:18:24;
	全局统计 MONSTERID:314	攻击次数:0,免伤次数:0,击杀次数:0,消耗:0,收益:0,单次最大盈利:0 单次时间:2019-05-15 17:18:24;
	全局统计 ALLMONSTERID 消耗:320,收益:360,返回率:1.125000;
	全局统计 过敏源剧情 消耗:2620,收益:4600,返回率:1.755725;
	全局统计 总输赢:2450 总消耗:-3620 总收益:+6070 总免伤次数:1 总免伤:20 返回率:1.676796 时间:2019-05-15_17_18_24
2019/05/15 17:48:24.902200 git.huoys.com/qp/cells/game_trace.polling 557 Info: log money polling....
	全局统计 翻牌统计: 攻击次数:0,击杀次数:0,免伤次数:0,空卡次数:0,宝箱次数:0,普通怪次数:0,Boss怪次数:0,消耗:0 收益:0 返回率:0.000000;
	全局统计 BOXID:100	攻击次数:0,击杀次数:0,免伤次数:0,消耗:0,收益:0,单次最大盈利:0 单次时间:2019-05-15 17:48:24;
	全局统计 BOXID:101	攻击次数:0,击杀次数:0,免伤次数:0,消耗:0,收益:0,单次最大盈利:0 单次时间:2019-05-15 17:48:24;
	全局统计 BOXID:102	攻击次数:0,击杀次数:0,免伤次数:0,消耗:0,收益:0,单次最大盈利:0 单次时间:2019-05-15 17:48:24;
	全局统计 MONSTERID:300	攻击次数:0,免伤次数:0,击杀次数:0,消耗:0,收益:0,单次最大盈利:0 单次时间:2019-05-15 17:48:24;
	全局统计 MONSTERID:301	攻击次数:0,免伤次数:0,击杀次数:0,消耗:0,收益:0,单次最大盈利:0 单次时间:2019-05-15 17:48:24;
	全局统计 MONSTERID:302	攻击次数:0,免伤次数:0,击杀次数:0,消耗:0,收益:0,单次最大盈利:0 单次时间:2019-05-15 17:48:24;
	全局统计 MONSTERID:303	攻击次数:0,免伤次数:0,击杀次数:0,消耗:0,收益:0,单次最大盈利:0 单次时间:2019-05-15 17:48:24;
	全局统计 MONSTERID:304	攻击次数:0,免伤次数:0,击杀次数:0,消耗:0,收益:0,单次最大盈利:0 单次时间:2019-05-15 17:48:24;
	全局统计 MONSTERID:305	攻击次数:0,免伤次数:0,击杀次数:0,消耗:0,收益:0,单次最大盈利:0 单次时间:2019-05-15 17:48:24;
	全局统计 MONSTERID:306	攻击次数:0,免伤次数:0,击杀次数:0,消耗:0,收益:0,单次最大盈利:0 单次时间:2019-05-15 17:48:24;
	全局统计 MONSTERID:307	攻击次数:0,免伤次数:0,击杀次数:0,消耗:0,收益:0,单次最大盈利:0 单次时间:2019-05-15 17:48:24;
	全局统计 MONSTERID:311	攻击次数:0,免伤次数:0,击杀次数:0,消耗:0,收益:0,单次最大盈利:0 单次时间:2019-05-15 17:48:24;
	全局统计 MONSTERID:313	攻击次数:0,免伤次数:0,击杀次数:0,消耗:0,收益:0,单次最大盈利:0 单次时间:2019-05-15 17:48:24;
	全局统计 MONSTERID:314	攻击次数:0,免伤次数:0,击杀次数:0,消耗:0,收益:0,单次最大盈利:0 单次时间:2019-05-15 17:48:24;
	全局统计 ALLMONSTERID 消耗:0,收益:0,返回率:0.000000;
	全局统计 过敏源剧情 消耗:0,收益:0,返回率:0.000000;
	全局统计 总输赢:0 总消耗:-0 总收益:+0 总免伤次数:0 总免伤:0 返回率:0.000000 时间:2019-05-15_17_48_24
2019/05/15 18:18:24.939200 git.huoys.com/qp/cells/game_trace.polling 557 Info: log money polling....
	全局统计 翻牌统计: 攻击次数:0,击杀次数:0,免伤次数:0,空卡次数:0,宝箱次数:0,普通怪次数:0,Boss怪次数:0,消耗:0 收益:0 返回率:0.000000;
	全局统计 BOXID:100	攻击次数:0,击杀次数:0,免伤次数:0,消耗:0,收益:0,单次最大盈利:0 单次时间:2019-05-15 18:18:24;
	全局统计 BOXID:101	攻击次数:0,击杀次数:0,免伤次数:0,消耗:0,收益:0,单次最大盈利:0 单次时间:2019-05-15 18:18:24;
	全局统计 BOXID:102	攻击次数:0,击杀次数:0,免伤次数:0,消耗:0,收益:0,单次最大盈利:0 单次时间:2019-05-15 18:18:24;
	全局统计 MONSTERID:300	攻击次数:0,免伤次数:0,击杀次数:0,消耗:0,收益:0,单次最大盈利:0 单次时间:2019-05-15 18:18:24;
	全局统计 MONSTERID:301	攻击次数:0,免伤次数:0,击杀次数:0,消耗:0,收益:0,单次最大盈利:0 单次时间:2019-05-15 18:18:24;
	全局统计 MONSTERID:302	攻击次数:0,免伤次数:0,击杀次数:0,消耗:0,收益:0,单次最大盈利:0 单次时间:2019-05-15 18:18:24;
	全局统计 MONSTERID:303	攻击次数:0,免伤次数:0,击杀次数:0,消耗:0,收益:0,单次最大盈利:0 单次时间:2019-05-15 18:18:24;
	全局统计 MONSTERID:304	攻击次数:0,免伤次数:0,击杀次数:0,消耗:0,收益:0,单次最大盈利:0 单次时间:2019-05-15 18:18:24;
	全局统计 MONSTERID:305	攻击次数:0,免伤次数:0,击杀次数:0,消耗:0,收益:0,单次最大盈利:0 单次时间:2019-05-15 18:18:24;
	全局统计 MONSTERID:306	攻击次数:0,免伤次数:0,击杀次数:0,消耗:0,收益:0,单次最大盈利:0 单次时间:2019-05-15 18:18:24;
	全局统计 MONSTERID:307	攻击次数:0,免伤次数:0,击杀次数:0,消耗:0,收益:0,单次最大盈利:0 单次时间:2019-05-15 18:18:24;
	全局统计 MONSTERID:311	攻击次数:0,免伤次数:0,击杀次数:0,消耗:0,收益:0,单次最大盈利:0 单次时间:2019-05-15 18:18:24;
	全局统计 MONSTERID:313	攻击次数:0,免伤次数:0,击杀次数:0,消耗:0,收益:0,单次最大盈利:0 单次时间:2019-05-15 18:18:24;
	全局统计 MONSTERID:314	攻击次数:0,免伤次数:0,击杀次数:0,消耗:0,收益:0,单次最大盈利:0 单次时间:2019-05-15 18:18:24;
	全局统计 ALLMONSTERID 消耗:0,收益:0,返回率:0.000000;
	全局统计 过敏源剧情 消耗:0,收益:0,返回率:0.000000;
	全局统计 总输赢:0 总消耗:-0 总收益:+0 总免伤次数:0 总免伤:0 返回率:0.000000 时间:2019-05-15_18_18_24
2019/05/15 18:48:24.963200 git.huoys.com/qp/cells/game_trace.polling 557 Info: log money polling....
	全局统计 翻牌统计: 攻击次数:0,击杀次数:0,免伤次数:0,空卡次数:0,宝箱次数:0,普通怪次数:0,Boss怪次数:0,消耗:0 收益:0 返回率:0.000000;
	全局统计 BOXID:100	攻击次数:0,击杀次数:0,免伤次数:0,消耗:0,收益:0,单次最大盈利:0 单次时间:2019-05-15 18:48:24;
	全局统计 BOXID:101	攻击次数:0,击杀次数:0,免伤次数:0,消耗:0,收益:0,单次最大盈利:0 单次时间:2019-05-15 18:48:24;
	全局统计 BOXID:102	攻击次数:0,击杀次数:0,免伤次数:0,消耗:0,收益:0,单次最大盈利:0 单次时间:2019-05-15 18:48:24;
	全局统计 MONSTERID:300	攻击次数:0,免伤次数:0,击杀次数:0,消耗:0,收益:0,单次最大盈利:0 单次时间:2019-05-15 18:48:24;
	全局统计 MONSTERID:301	攻击次数:0,免伤次数:0,击杀次数:0,消耗:0,收益:0,单次最大盈利:0 单次时间:2019-05-15 18:48:24;
	全局统计 MONSTERID:302	攻击次数:0,免伤次数:0,击杀次数:0,消耗:0,收益:0,单次最大盈利:0 单次时间:2019-05-15 18:48:24;
	全局统计 MONSTERID:303	攻击次数:0,免伤次数:0,击杀次数:0,消耗:0,收益:0,单次最大盈利:0 单次时间:2019-05-15 18:48:24;
	全局统计 MONSTERID:304	攻击次数:0,免伤次数:0,击杀次数:0,消耗:0,收益:0,单次最大盈利:0 单次时间:2019-05-15 18:48:24;
	全局统计 MONSTERID:305	攻击次数:0,免伤次数:0,击杀次数:0,消耗:0,收益:0,单次最大盈利:0 单次时间:2019-05-15 18:48:24;
	全局统计 MONSTERID:306	攻击次数:0,免伤次数:0,击杀次数:0,消耗:0,收益:0,单次最大盈利:0 单次时间:2019-05-15 18:48:24;
	全局统计 MONSTERID:307	攻击次数:0,免伤次数:0,击杀次数:0,消耗:0,收益:0,单次最大盈利:0 单次时间:2019-05-15 18:48:24;
	全局统计 MONSTERID:311	攻击次数:0,免伤次数:0,击杀次数:0,消耗:0,收益:0,单次最大盈利:0 单次时间:2019-05-15 18:48:24;
	全局统计 MONSTERID:313	攻击次数:0,免伤次数:0,击杀次数:0,消耗:0,收益:0,单次最大盈利:0 单次时间:2019-05-15 18:48:24;
	全局统计 MONSTERID:314	攻击次数:0,免伤次数:0,击杀次数:0,消耗:0,收益:0,单次最大盈利:0 单次时间:2019-05-15 18:48:24;
	全局统计 ALLMONSTERID 消耗:0,收益:0,返回率:0.000000;
	全局统计 过敏源剧情 消耗:0,收益:0,返回率:0.000000;
	全局统计 总输赢:0 总消耗:-0 总收益:+0 总免伤次数:0 总免伤:0 返回率:0.000000 时间:2019-05-15_18_48_24
2019/05/15 19:18:24.968200 git.huoys.com/qp/cells/game_trace.polling 557 Info: log money polling....
	全局统计 翻牌统计: 攻击次数:0,击杀次数:0,免伤次数:0,空卡次数:0,宝箱次数:0,普通怪次数:0,Boss怪次数:0,消耗:0 收益:0 返回率:0.000000;
	全局统计 BOXID:100	攻击次数:0,击杀次数:0,免伤次数:0,消耗:0,收益:0,单次最大盈利:0 单次时间:2019-05-15 19:18:24;
	全局统计 BOXID:101	攻击次数:0,击杀次数:0,免伤次数:0,消耗:0,收益:0,单次最大盈利:0 单次时间:2019-05-15 19:18:24;
	全局统计 BOXID:102	攻击次数:0,击杀次数:0,免伤次数:0,消耗:0,收益:0,单次最大盈利:0 单次时间:2019-05-15 19:18:24;
	全局统计 MONSTERID:300	攻击次数:0,免伤次数:0,击杀次数:0,消耗:0,收益:0,单次最大盈利:0 单次时间:2019-05-15 19:18:24;
	全局统计 MONSTERID:301	攻击次数:0,免伤次数:0,击杀次数:0,消耗:0,收益:0,单次最大盈利:0 单次时间:2019-05-15 19:18:24;
	全局统计 MONSTERID:302	攻击次数:0,免伤次数:0,击杀次数:0,消耗:0,收益:0,单次最大盈利:0 单次时间:2019-05-15 19:18:24;
	全局统计 MONSTERID:303	攻击次数:0,免伤次数:0,击杀次数:0,消耗:0,收益:0,单次最大盈利:0 单次时间:2019-05-15 19:18:24;
	全局统计 MONSTERID:304	攻击次数:0,免伤次数:0,击杀次数:0,消耗:0,收益:0,单次最大盈利:0 单次时间:2019-05-15 19:18:24;
	全局统计 MONSTERID:305	攻击次数:0,免伤次数:0,击杀次数:0,消耗:0,收益:0,单次最大盈利:0 单次时间:2019-05-15 19:18:24;
	全局统计 MONSTERID:306	攻击次数:0,免伤次数:0,击杀次数:0,消耗:0,收益:0,单次最大盈利:0 单次时间:2019-05-15 19:18:24;
	全局统计 MONSTERID:307	攻击次数:0,免伤次数:0,击杀次数:0,消耗:0,收益:0,单次最大盈利:0 单次时间:2019-05-15 19:18:24;
	全局统计 MONSTERID:311	攻击次数:0,免伤次数:0,击杀次数:0,消耗:0,收益:0,单次最大盈利:0 单次时间:2019-05-15 19:18:24;
	全局统计 MONSTERID:313	攻击次数:0,免伤次数:0,击杀次数:0,消耗:0,收益:0,单次最大盈利:0 单次时间:2019-05-15 19:18:24;
	全局统计 MONSTERID:314	攻击次数:0,免伤次数:0,击杀次数:0,消耗:0,收益:0,单次最大盈利:0 单次时间:2019-05-15 19:18:24;
	全局统计 ALLMONSTERID 消耗:0,收益:0,返回率:0.000000;
	全局统计 过敏源剧情 消耗:0,收益:0,返回率:0.000000;
	全局统计 总输赢:0 总消耗:-0 总收益:+0 总免伤次数:0 总免伤:0 返回率:0.000000 时间:2019-05-15_19_18_24
2019/05/15 19:48:24.979200 git.huoys.com/qp/cells/game_trace.polling 557 Info: log money polling....
	全局统计 翻牌统计: 攻击次数:0,击杀次数:0,免伤次数:0,空卡次数:0,宝箱次数:0,普通怪次数:0,Boss怪次数:0,消耗:0 收益:0 返回率:0.000000;
	全局统计 BOXID:100	攻击次数:0,击杀次数:0,免伤次数:0,消耗:0,收益:0,单次最大盈利:0 单次时间:2019-05-15 19:48:24;
	全局统计 BOXID:101	攻击次数:0,击杀次数:0,免伤次数:0,消耗:0,收益:0,单次最大盈利:0 单次时间:2019-05-15 19:48:24;
	全局统计 BOXID:102	攻击次数:0,击杀次数:0,免伤次数:0,消耗:0,收益:0,单次最大盈利:0 单次时间:2019-05-15 19:48:24;
	全局统计 MONSTERID:300	攻击次数:0,免伤次数:0,击杀次数:0,消耗:0,收益:0,单次最大盈利:0 单次时间:2019-05-15 19:48:24;
	全局统计 MONSTERID:301	攻击次数:0,免伤次数:0,击杀次数:0,消耗:0,收益:0,单次最大盈利:0 单次时间:2019-05-15 19:48:24;
	全局统计 MONSTERID:302	攻击次数:0,免伤次数:0,击杀次数:0,消耗:0,收益:0,单次最大盈利:0 单次时间:2019-05-15 19:48:24;
	全局统计 MONSTERID:303	攻击次数:0,免伤次数:0,击杀次数:0,消耗:0,收益:0,单次最大盈利:0 单次时间:2019-05-15 19:48:24;
	全局统计 MONSTERID:304	攻击次数:0,免伤次数:0,击杀次数:0,消耗:0,收益:0,单次最大盈利:0 单次时间:2019-05-15 19:48:24;
	全局统计 MONSTERID:305	攻击次数:0,免伤次数:0,击杀次数:0,消耗:0,收益:0,单次最大盈利:0 单次时间:2019-05-15 19:48:24;
	全局统计 MONSTERID:306	攻击次数:0,免伤次数:0,击杀次数:0,消耗:0,收益:0,单次最大盈利:0 单次时间:2019-05-15 19:48:24;
	全局统计 MONSTERID:307	攻击次数:0,免伤次数:0,击杀次数:0,消耗:0,收益:0,单次最大盈利:0 单次时间:2019-05-15 19:48:24;
	全局统计 MONSTERID:311	攻击次数:0,免伤次数:0,击杀次数:0,消耗:0,收益:0,单次最大盈利:0 单次时间:2019-05-15 19:48:24;
	全局统计 MONSTERID:313	攻击次数:0,免伤次数:0,击杀次数:0,消耗:0,收益:0,单次最大盈利:0 单次时间:2019-05-15 19:48:24;
	全局统计 MONSTERID:314	攻击次数:0,免伤次数:0,击杀次数:0,消耗:0,收益:0,单次最大盈利:0 单次时间:2019-05-15 19:48:24;
	全局统计 ALLMONSTERID 消耗:0,收益:0,返回率:0.000000;
	全局统计 过敏源剧情 消耗:0,收益:0,返回率:0.000000;
	全局统计 总输赢:0 总消耗:-0 总收益:+0 总免伤次数:0 总免伤:0 返回率:0.000000 时间:2019-05-15_19_48_24
2019/05/15 20:18:24.994200 git.huoys.com/qp/cells/game_trace.polling 557 Info: log money polling....
	全局统计 翻牌统计: 攻击次数:0,击杀次数:0,免伤次数:0,空卡次数:0,宝箱次数:0,普通怪次数:0,Boss怪次数:0,消耗:0 收益:0 返回率:0.000000;
	全局统计 BOXID:100	攻击次数:0,击杀次数:0,免伤次数:0,消耗:0,收益:0,单次最大盈利:0 单次时间:2019-05-15 20:18:24;
	全局统计 BOXID:101	攻击次数:0,击杀次数:0,免伤次数:0,消耗:0,收益:0,单次最大盈利:0 单次时间:2019-05-15 20:18:24;
	全局统计 BOXID:102	攻击次数:0,击杀次数:0,免伤次数:0,消耗:0,收益:0,单次最大盈利:0 单次时间:2019-05-15 20:18:24;
	全局统计 MONSTERID:300	攻击次数:0,免伤次数:0,击杀次数:0,消耗:0,收益:0,单次最大盈利:0 单次时间:2019-05-15 20:18:24;
	全局统计 MONSTERID:301	攻击次数:0,免伤次数:0,击杀次数:0,消耗:0,收益:0,单次最大盈利:0 单次时间:2019-05-15 20:18:24;
	全局统计 MONSTERID:302	攻击次数:0,免伤次数:0,击杀次数:0,消耗:0,收益:0,单次最大盈利:0 单次时间:2019-05-15 20:18:24;
	全局统计 MONSTERID:303	攻击次数:0,免伤次数:0,击杀次数:0,消耗:0,收益:0,单次最大盈利:0 单次时间:2019-05-15 20:18:24;
	全局统计 MONSTERID:304	攻击次数:0,免伤次数:0,击杀次数:0,消耗:0,收益:0,单次最大盈利:0 单次时间:2019-05-15 20:18:24;
	全局统计 MONSTERID:305	攻击次数:0,免伤次数:0,击杀次数:0,消耗:0,收益:0,单次最大盈利:0 单次时间:2019-05-15 20:18:24;
	全局统计 MONSTERID:306	攻击次数:0,免伤次数:0,击杀次数:0,消耗:0,收益:0,单次最大盈利:0 单次时间:2019-05-15 20:18:24;
	全局统计 MONSTERID:307	攻击次数:0,免伤次数:0,击杀次数:0,消耗:0,收益:0,单次最大盈利:0 单次时间:2019-05-15 20:18:24;
	全局统计 MONSTERID:311	攻击次数:0,免伤次数:0,击杀次数:0,消耗:0,收益:0,单次最大盈利:0 单次时间:2019-05-15 20:18:24;
	全局统计 MONSTERID:313	攻击次数:0,免伤次数:0,击杀次数:0,消耗:0,收益:0,单次最大盈利:0 单次时间:2019-05-15 20:18:24;
	全局统计 MONSTERID:314	攻击次数:0,免伤次数:0,击杀次数:0,消耗:0,收益:0,单次最大盈利:0 单次时间:2019-05-15 20:18:24;
	全局统计 ALLMONSTERID 消耗:0,收益:0,返回率:0.000000;
	全局统计 过敏源剧情 消耗:0,收益:0,返回率:0.000000;
	全局统计 总输赢:0 总消耗:-0 总收益:+0 总免伤次数:0 总免伤:0 返回率:0.000000 时间:2019-05-15_20_18_24
2019/05/15 20:48:25.002200 git.huoys.com/qp/cells/game_trace.polling 557 Info: log money polling....
	全局统计 翻牌统计: 攻击次数:0,击杀次数:0,免伤次数:0,空卡次数:0,宝箱次数:0,普通怪次数:0,Boss怪次数:0,消耗:0 收益:0 返回率:0.000000;
	全局统计 BOXID:100	攻击次数:0,击杀次数:0,免伤次数:0,消耗:0,收益:0,单次最大盈利:0 单次时间:2019-05-15 20:48:25;
	全局统计 BOXID:101	攻击次数:0,击杀次数:0,免伤次数:0,消耗:0,收益:0,单次最大盈利:0 单次时间:2019-05-15 20:48:25;
	全局统计 BOXID:102	攻击次数:0,击杀次数:0,免伤次数:0,消耗:0,收益:0,单次最大盈利:0 单次时间:2019-05-15 20:48:25;
	全局统计 MONSTERID:300	攻击次数:0,免伤次数:0,击杀次数:0,消耗:0,收益:0,单次最大盈利:0 单次时间:2019-05-15 20:48:25;
	全局统计 MONSTERID:301	攻击次数:0,免伤次数:0,击杀次数:0,消耗:0,收益:0,单次最大盈利:0 单次时间:2019-05-15 20:48:25;
	全局统计 MONSTERID:302	攻击次数:0,免伤次数:0,击杀次数:0,消耗:0,收益:0,单次最大盈利:0 单次时间:2019-05-15 20:48:25;
	全局统计 MONSTERID:303	攻击次数:0,免伤次数:0,击杀次数:0,消耗:0,收益:0,单次最大盈利:0 单次时间:2019-05-15 20:48:25;
	全局统计 MONSTERID:304	攻击次数:0,免伤次数:0,击杀次数:0,消耗:0,收益:0,单次最大盈利:0 单次时间:2019-05-15 20:48:25;
	全局统计 MONSTERID:305	攻击次数:0,免伤次数:0,击杀次数:0,消耗:0,收益:0,单次最大盈利:0 单次时间:2019-05-15 20:48:25;
	全局统计 MONSTERID:306	攻击次数:0,免伤次数:0,击杀次数:0,消耗:0,收益:0,单次最大盈利:0 单次时间:2019-05-15 20:48:25;
	全局统计 MONSTERID:307	攻击次数:0,免伤次数:0,击杀次数:0,消耗:0,收益:0,单次最大盈利:0 单次时间:2019-05-15 20:48:25;
	全局统计 MONSTERID:311	攻击次数:0,免伤次数:0,击杀次数:0,消耗:0,收益:0,单次最大盈利:0 单次时间:2019-05-15 20:48:25;
	全局统计 MONSTERID:313	攻击次数:0,免伤次数:0,击杀次数:0,消耗:0,收益:0,单次最大盈利:0 单次时间:2019-05-15 20:48:25;
	全局统计 MONSTERID:314	攻击次数:0,免伤次数:0,击杀次数:0,消耗:0,收益:0,单次最大盈利:0 单次时间:2019-05-15 20:48:25;
	全局统计 ALLMONSTERID 消耗:0,收益:0,返回率:0.000000;
	全局统计 过敏源剧情 消耗:0,收益:0,返回率:0.000000;
	全局统计 总输赢:0 总消耗:-0 总收益:+0 总免伤次数:0 总免伤:0 返回率:0.000000 时间:2019-05-15_20_48_25
2019/05/15 21:18:25.005200 git.huoys.com/qp/cells/game_trace.polling 557 Info: log money polling....
	全局统计 翻牌统计: 攻击次数:0,击杀次数:0,免伤次数:0,空卡次数:0,宝箱次数:0,普通怪次数:0,Boss怪次数:0,消耗:0 收益:0 返回率:0.000000;
	全局统计 BOXID:100	攻击次数:0,击杀次数:0,免伤次数:0,消耗:0,收益:0,单次最大盈利:0 单次时间:2019-05-15 21:18:25;
	全局统计 BOXID:101	攻击次数:0,击杀次数:0,免伤次数:0,消耗:0,收益:0,单次最大盈利:0 单次时间:2019-05-15 21:18:25;
	全局统计 BOXID:102	攻击次数:0,击杀次数:0,免伤次数:0,消耗:0,收益:0,单次最大盈利:0 单次时间:2019-05-15 21:18:25;
	全局统计 MONSTERID:300	攻击次数:0,免伤次数:0,击杀次数:0,消耗:0,收益:0,单次最大盈利:0 单次时间:2019-05-15 21:18:25;
	全局统计 MONSTERID:301	攻击次数:0,免伤次数:0,击杀次数:0,消耗:0,收益:0,单次最大盈利:0 单次时间:2019-05-15 21:18:25;
	全局统计 MONSTERID:302	攻击次数:0,免伤次数:0,击杀次数:0,消耗:0,收益:0,单次最大盈利:0 单次时间:2019-05-15 21:18:25;
	全局统计 MONSTERID:303	攻击次数:0,免伤次数:0,击杀次数:0,消耗:0,收益:0,单次最大盈利:0 单次时间:2019-05-15 21:18:25;
	全局统计 MONSTERID:304	攻击次数:0,免伤次数:0,击杀次数:0,消耗:0,收益:0,单次最大盈利:0 单次时间:2019-05-15 21:18:25;
	全局统计 MONSTERID:305	攻击次数:0,免伤次数:0,击杀次数:0,消耗:0,收益:0,单次最大盈利:0 单次时间:2019-05-15 21:18:25;
	全局统计 MONSTERID:306	攻击次数:0,免伤次数:0,击杀次数:0,消耗:0,收益:0,单次最大盈利:0 单次时间:2019-05-15 21:18:25;
	全局统计 MONSTERID:307	攻击次数:0,免伤次数:0,击杀次数:0,消耗:0,收益:0,单次最大盈利:0 单次时间:2019-05-15 21:18:25;
	全局统计 MONSTERID:311	攻击次数:0,免伤次数:0,击杀次数:0,消耗:0,收益:0,单次最大盈利:0 单次时间:2019-05-15 21:18:25;
	全局统计 MONSTERID:313	攻击次数:0,免伤次数:0,击杀次数:0,消耗:0,收益:0,单次最大盈利:0 单次时间:2019-05-15 21:18:25;
	全局统计 MONSTERID:314	攻击次数:0,免伤次数:0,击杀次数:0,消耗:0,收益:0,单次最大盈利:0 单次时间:2019-05-15 21:18:25;
	全局统计 ALLMONSTERID 消耗:0,收益:0,返回率:0.000000;
	全局统计 过敏源剧情 消耗:0,收益:0,返回率:0.000000;
	全局统计 总输赢:0 总消耗:-0 总收益:+0 总免伤次数:0 总免伤:0 返回率:0.000000 时间:2019-05-15_21_18_25
2019/05/15 21:48:25.035200 git.huoys.com/qp/cells/game_trace.polling 557 Info: log money polling....
	全局统计 翻牌统计: 攻击次数:0,击杀次数:0,免伤次数:0,空卡次数:0,宝箱次数:0,普通怪次数:0,Boss怪次数:0,消耗:0 收益:0 返回率:0.000000;
	全局统计 BOXID:100	攻击次数:0,击杀次数:0,免伤次数:0,消耗:0,收益:0,单次最大盈利:0 单次时间:2019-05-15 21:48:25;
	全局统计 BOXID:101	攻击次数:0,击杀次数:0,免伤次数:0,消耗:0,收益:0,单次最大盈利:0 单次时间:2019-05-15 21:48:25;
	全局统计 BOXID:102	攻击次数:0,击杀次数:0,免伤次数:0,消耗:0,收益:0,单次最大盈利:0 单次时间:2019-05-15 21:48:25;
	全局统计 MONSTERID:300	攻击次数:0,免伤次数:0,击杀次数:0,消耗:0,收益:0,单次最大盈利:0 单次时间:2019-05-15 21:48:25;
	全局统计 MONSTERID:301	攻击次数:0,免伤次数:0,击杀次数:0,消耗:0,收益:0,单次最大盈利:0 单次时间:2019-05-15 21:48:25;
	全局统计 MONSTERID:302	攻击次数:0,免伤次数:0,击杀次数:0,消耗:0,收益:0,单次最大盈利:0 单次时间:2019-05-15 21:48:25;
	全局统计 MONSTERID:303	攻击次数:0,免伤次数:0,击杀次数:0,消耗:0,收益:0,单次最大盈利:0 单次时间:2019-05-15 21:48:25;
	全局统计 MONSTERID:304	攻击次数:0,免伤次数:0,击杀次数:0,消耗:0,收益:0,单次最大盈利:0 单次时间:2019-05-15 21:48:25;
	全局统计 MONSTERID:305	攻击次数:0,免伤次数:0,击杀次数:0,消耗:0,收益:0,单次最大盈利:0 单次时间:2019-05-15 21:48:25;
	全局统计 MONSTERID:306	攻击次数:0,免伤次数:0,击杀次数:0,消耗:0,收益:0,单次最大盈利:0 单次时间:2019-05-15 21:48:25;
	全局统计 MONSTERID:307	攻击次数:0,免伤次数:0,击杀次数:0,消耗:0,收益:0,单次最大盈利:0 单次时间:2019-05-15 21:48:25;
	全局统计 MONSTERID:311	攻击次数:0,免伤次数:0,击杀次数:0,消耗:0,收益:0,单次最大盈利:0 单次时间:2019-05-15 21:48:25;
	全局统计 MONSTERID:313	攻击次数:0,免伤次数:0,击杀次数:0,消耗:0,收益:0,单次最大盈利:0 单次时间:2019-05-15 21:48:25;
	全局统计 MONSTERID:314	攻击次数:0,免伤次数:0,击杀次数:0,消耗:0,收益:0,单次最大盈利:0 单次时间:2019-05-15 21:48:25;
	全局统计 ALLMONSTERID 消耗:0,收益:0,返回率:0.000000;
	全局统计 过敏源剧情 消耗:0,收益:0,返回率:0.000000;
	全局统计 总输赢:0 总消耗:-0 总收益:+0 总免伤次数:0 总免伤:0 返回率:0.000000 时间:2019-05-15_21_48_25
2019/05/15 22:18:25.044200 git.huoys.com/qp/cells/game_trace.polling 557 Info: log money polling....
	全局统计 翻牌统计: 攻击次数:0,击杀次数:0,免伤次数:0,空卡次数:0,宝箱次数:0,普通怪次数:0,Boss怪次数:0,消耗:0 收益:0 返回率:0.000000;
	全局统计 BOXID:100	攻击次数:0,击杀次数:0,免伤次数:0,消耗:0,收益:0,单次最大盈利:0 单次时间:2019-05-15 22:18:25;
	全局统计 BOXID:101	攻击次数:0,击杀次数:0,免伤次数:0,消耗:0,收益:0,单次最大盈利:0 单次时间:2019-05-15 22:18:25;
	全局统计 BOXID:102	攻击次数:0,击杀次数:0,免伤次数:0,消耗:0,收益:0,单次最大盈利:0 单次时间:2019-05-15 22:18:25;
	全局统计 MONSTERID:300	攻击次数:0,免伤次数:0,击杀次数:0,消耗:0,收益:0,单次最大盈利:0 单次时间:2019-05-15 22:18:25;
	全局统计 MONSTERID:301	攻击次数:0,免伤次数:0,击杀次数:0,消耗:0,收益:0,单次最大盈利:0 单次时间:2019-05-15 22:18:25;
	全局统计 MONSTERID:302	攻击次数:0,免伤次数:0,击杀次数:0,消耗:0,收益:0,单次最大盈利:0 单次时间:2019-05-15 22:18:25;
	全局统计 MONSTERID:303	攻击次数:0,免伤次数:0,击杀次数:0,消耗:0,收益:0,单次最大盈利:0 单次时间:2019-05-15 22:18:25;
	全局统计 MONSTERID:304	攻击次数:0,免伤次数:0,击杀次数:0,消耗:0,收益:0,单次最大盈利:0 单次时间:2019-05-15 22:18:25;
	全局统计 MONSTERID:305	攻击次数:0,免伤次数:0,击杀次数:0,消耗:0,收益:0,单次最大盈利:0 单次时间:2019-05-15 22:18:25;
	全局统计 MONSTERID:306	攻击次数:0,免伤次数:0,击杀次数:0,消耗:0,收益:0,单次最大盈利:0 单次时间:2019-05-15 22:18:25;
	全局统计 MONSTERID:307	攻击次数:0,免伤次数:0,击杀次数:0,消耗:0,收益:0,单次最大盈利:0 单次时间:2019-05-15 22:18:25;
	全局统计 MONSTERID:311	攻击次数:0,免伤次数:0,击杀次数:0,消耗:0,收益:0,单次最大盈利:0 单次时间:2019-05-15 22:18:25;
	全局统计 MONSTERID:313	攻击次数:0,免伤次数:0,击杀次数:0,消耗:0,收益:0,单次最大盈利:0 单次时间:2019-05-15 22:18:25;
	全局统计 MONSTERID:314	攻击次数:0,免伤次数:0,击杀次数:0,消耗:0,收益:0,单次最大盈利:0 单次时间:2019-05-15 22:18:25;
	全局统计 ALLMONSTERID 消耗:0,收益:0,返回率:0.000000;
	全局统计 过敏源剧情 消耗:0,收益:0,返回率:0.000000;
	全局统计 总输赢:0 总消耗:-0 总收益:+0 总免伤次数:0 总免伤:0 返回率:0.000000 时间:2019-05-15_22_18_25
2019/05/15 22:48:25.061200 git.huoys.com/qp/cells/game_trace.polling 557 Info: log money polling....
	全局统计 翻牌统计: 攻击次数:0,击杀次数:0,免伤次数:0,空卡次数:0,宝箱次数:0,普通怪次数:0,Boss怪次数:0,消耗:0 收益:0 返回率:0.000000;
	全局统计 BOXID:100	攻击次数:0,击杀次数:0,免伤次数:0,消耗:0,收益:0,单次最大盈利:0 单次时间:2019-05-15 22:48:25;
	全局统计 BOXID:101	攻击次数:0,击杀次数:0,免伤次数:0,消耗:0,收益:0,单次最大盈利:0 单次时间:2019-05-15 22:48:25;
	全局统计 BOXID:102	攻击次数:0,击杀次数:0,免伤次数:0,消耗:0,收益:0,单次最大盈利:0 单次时间:2019-05-15 22:48:25;
	全局统计 MONSTERID:300	攻击次数:0,免伤次数:0,击杀次数:0,消耗:0,收益:0,单次最大盈利:0 单次时间:2019-05-15 22:48:25;
	全局统计 MONSTERID:301	攻击次数:0,免伤次数:0,击杀次数:0,消耗:0,收益:0,单次最大盈利:0 单次时间:2019-05-15 22:48:25;
	全局统计 MONSTERID:302	攻击次数:0,免伤次数:0,击杀次数:0,消耗:0,收益:0,单次最大盈利:0 单次时间:2019-05-15 22:48:25;
	全局统计 MONSTERID:303	攻击次数:0,免伤次数:0,击杀次数:0,消耗:0,收益:0,单次最大盈利:0 单次时间:2019-05-15 22:48:25;
	全局统计 MONSTERID:304	攻击次数:0,免伤次数:0,击杀次数:0,消耗:0,收益:0,单次最大盈利:0 单次时间:2019-05-15 22:48:25;
	全局统计 MONSTERID:305	攻击次数:0,免伤次数:0,击杀次数:0,消耗:0,收益:0,单次最大盈利:0 单次时间:2019-05-15 22:48:25;
	全局统计 MONSTERID:306	攻击次数:0,免伤次数:0,击杀次数:0,消耗:0,收益:0,单次最大盈利:0 单次时间:2019-05-15 22:48:25;
	全局统计 MONSTERID:307	攻击次数:0,免伤次数:0,击杀次数:0,消耗:0,收益:0,单次最大盈利:0 单次时间:2019-05-15 22:48:25;
	全局统计 MONSTERID:311	攻击次数:0,免伤次数:0,击杀次数:0,消耗:0,收益:0,单次最大盈利:0 单次时间:2019-05-15 22:48:25;
	全局统计 MONSTERID:313	攻击次数:0,免伤次数:0,击杀次数:0,消耗:0,收益:0,单次最大盈利:0 单次时间:2019-05-15 22:48:25;
	全局统计 MONSTERID:314	攻击次数:0,免伤次数:0,击杀次数:0,消耗:0,收益:0,单次最大盈利:0 单次时间:2019-05-15 22:48:25;
	全局统计 ALLMONSTERID 消耗:0,收益:0,返回率:0.000000;
	全局统计 过敏源剧情 消耗:0,收益:0,返回率:0.000000;
	全局统计 总输赢:0 总消耗:-0 总收益:+0 总免伤次数:0 总免伤:0 返回率:0.000000 时间:2019-05-15_22_48_25
2019/05/15 23:18:25.072200 git.huoys.com/qp/cells/game_trace.polling 557 Info: log money polling....
	全局统计 翻牌统计: 攻击次数:0,击杀次数:0,免伤次数:0,空卡次数:0,宝箱次数:0,普通怪次数:0,Boss怪次数:0,消耗:0 收益:0 返回率:0.000000;
	全局统计 BOXID:100	攻击次数:0,击杀次数:0,免伤次数:0,消耗:0,收益:0,单次最大盈利:0 单次时间:2019-05-15 23:18:25;
	全局统计 BOXID:101	攻击次数:0,击杀次数:0,免伤次数:0,消耗:0,收益:0,单次最大盈利:0 单次时间:2019-05-15 23:18:25;
	全局统计 BOXID:102	攻击次数:0,击杀次数:0,免伤次数:0,消耗:0,收益:0,单次最大盈利:0 单次时间:2019-05-15 23:18:25;
	全局统计 MONSTERID:300	攻击次数:0,免伤次数:0,击杀次数:0,消耗:0,收益:0,单次最大盈利:0 单次时间:2019-05-15 23:18:25;
	全局统计 MONSTERID:301	攻击次数:0,免伤次数:0,击杀次数:0,消耗:0,收益:0,单次最大盈利:0 单次时间:2019-05-15 23:18:25;
	全局统计 MONSTERID:302	攻击次数:0,免伤次数:0,击杀次数:0,消耗:0,收益:0,单次最大盈利:0 单次时间:2019-05-15 23:18:25;
	全局统计 MONSTERID:303	攻击次数:0,免伤次数:0,击杀次数:0,消耗:0,收益:0,单次最大盈利:0 单次时间:2019-05-15 23:18:25;
	全局统计 MONSTERID:304	攻击次数:0,免伤次数:0,击杀次数:0,消耗:0,收益:0,单次最大盈利:0 单次时间:2019-05-15 23:18:25;
	全局统计 MONSTERID:305	攻击次数:0,免伤次数:0,击杀次数:0,消耗:0,收益:0,单次最大盈利:0 单次时间:2019-05-15 23:18:25;
	全局统计 MONSTERID:306	攻击次数:0,免伤次数:0,击杀次数:0,消耗:0,收益:0,单次最大盈利:0 单次时间:2019-05-15 23:18:25;
	全局统计 MONSTERID:307	攻击次数:0,免伤次数:0,击杀次数:0,消耗:0,收益:0,单次最大盈利:0 单次时间:2019-05-15 23:18:25;
	全局统计 MONSTERID:311	攻击次数:0,免伤次数:0,击杀次数:0,消耗:0,收益:0,单次最大盈利:0 单次时间:2019-05-15 23:18:25;
	全局统计 MONSTERID:313	攻击次数:0,免伤次数:0,击杀次数:0,消耗:0,收益:0,单次最大盈利:0 单次时间:2019-05-15 23:18:25;
	全局统计 MONSTERID:314	攻击次数:0,免伤次数:0,击杀次数:0,消耗:0,收益:0,单次最大盈利:0 单次时间:2019-05-15 23:18:25;
	全局统计 ALLMONSTERID 消耗:0,收益:0,返回率:0.000000;
	全局统计 过敏源剧情 消耗:0,收益:0,返回率:0.000000;
	全局统计 总输赢:0 总消耗:-0 总收益:+0 总免伤次数:0 总免伤:0 返回率:0.000000 时间:2019-05-15_23_18_25
2019/05/15 23:48:25.089200 git.huoys.com/qp/cells/game_trace.polling 557 Info: log money polling....
	全局统计 翻牌统计: 攻击次数:0,击杀次数:0,免伤次数:0,空卡次数:0,宝箱次数:0,普通怪次数:0,Boss怪次数:0,消耗:0 收益:0 返回率:0.000000;
	全局统计 BOXID:100	攻击次数:0,击杀次数:0,免伤次数:0,消耗:0,收益:0,单次最大盈利:0 单次时间:2019-05-15 23:48:25;
	全局统计 BOXID:101	攻击次数:0,击杀次数:0,免伤次数:0,消耗:0,收益:0,单次最大盈利:0 单次时间:2019-05-15 23:48:25;
	全局统计 BOXID:102	攻击次数:0,击杀次数:0,免伤次数:0,消耗:0,收益:0,单次最大盈利:0 单次时间:2019-05-15 23:48:25;
	全局统计 MONSTERID:300	攻击次数:0,免伤次数:0,击杀次数:0,消耗:0,收益:0,单次最大盈利:0 单次时间:2019-05-15 23:48:25;
	全局统计 MONSTERID:301	攻击次数:0,免伤次数:0,击杀次数:0,消耗:0,收益:0,单次最大盈利:0 单次时间:2019-05-15 23:48:25;
	全局统计 MONSTERID:302	攻击次数:0,免伤次数:0,击杀次数:0,消耗:0,收益:0,单次最大盈利:0 单次时间:2019-05-15 23:48:25;
	全局统计 MONSTERID:303	攻击次数:0,免伤次数:0,击杀次数:0,消耗:0,收益:0,单次最大盈利:0 单次时间:2019-05-15 23:48:25;
	全局统计 MONSTERID:304	攻击次数:0,免伤次数:0,击杀次数:0,消耗:0,收益:0,单次最大盈利:0 单次时间:2019-05-15 23:48:25;
	全局统计 MONSTERID:305	攻击次数:0,免伤次数:0,击杀次数:0,消耗:0,收益:0,单次最大盈利:0 单次时间:2019-05-15 23:48:25;
	全局统计 MONSTERID:306	攻击次数:0,免伤次数:0,击杀次数:0,消耗:0,收益:0,单次最大盈利:0 单次时间:2019-05-15 23:48:25;
	全局统计 MONSTERID:307	攻击次数:0,免伤次数:0,击杀次数:0,消耗:0,收益:0,单次最大盈利:0 单次时间:2019-05-15 23:48:25;
	全局统计 MONSTERID:311	攻击次数:0,免伤次数:0,击杀次数:0,消耗:0,收益:0,单次最大盈利:0 单次时间:2019-05-15 23:48:25;
	全局统计 MONSTERID:313	攻击次数:0,免伤次数:0,击杀次数:0,消耗:0,收益:0,单次最大盈利:0 单次时间:2019-05-15 23:48:25;
	全局统计 MONSTERID:314	攻击次数:0,免伤次数:0,击杀次数:0,消耗:0,收益:0,单次最大盈利:0 单次时间:2019-05-15 23:48:25;
	全局统计 ALLMONSTERID 消耗:0,收益:0,返回率:0.000000;
	全局统计 过敏源剧情 消耗:0,收益:0,返回率:0.000000;
	全局统计 总输赢:0 总消耗:-0 总收益:+0 总免伤次数:0 总免伤:0 返回率:0.000000 时间:2019-05-15_23_48_25
