2019/05/21 14:16:06.196200 git.huoys.com/qp/cells/game_trace.polling 557 Info: log money polling....
	全局统计 翻牌统计: 攻击次数:0,击杀次数:0,免伤次数:0,空卡次数:0,宝箱次数:0,普通怪次数:0,Boss怪次数:0,消耗:0 收益:0 返回率:0.000000;
	全局统计 ALLMONSTERID 消耗:0,收益:0,返回率:0.000000;
	全局统计 过敏源剧情 消耗:0,收益:0,返回率:0.000000;
	全局统计 总输赢:0 总消耗:-0 总收益:+0 总免伤次数:0 总免伤:0 返回率:0.000000 时间:2019-05-21_14_16_06
2019/05/21 14:17:36.553200 git.huoys.com/qp/cells/module/room/logic/storysys.(*Allergen).CalcSettle 322 Info: Allergen Settle uid:150016 entermoney:103627030 2019-05-21_14_17_30 lockratio:30000 totaltimes:80 consume:60000 groupindex:11 group:{Weight:3 Detail:[1 0 1 0 1] RewardTimes:80} attack: reward:2400000 levemoney:106027030 2019-05-21_14_17_36
2019/05/21 14:17:36.557200 git.huoys.com/qp/cells/game_trace.LogSettle 473 Info: 	 单局结算 uid:150016 剩余金币:106027030 消耗:9960000 收益:2400000 写分增量:-7560000 阵容变化:[201,200,202,],[201,200,202,],[201,200,202,], 
2019/05/21 14:17:36.637200 git.huoys.com/qp/cells/game_trace.LeaveGame 458 Info: 
Enter=>ID:150016 Money:113587030 '2019-05-21 14:16:16'
Match=>ID :150016 玩家消耗金额:-9960000 玩家赢取金额:+2400000 返还率:0.240964 单个最高的结算金额:2400000 从进入到退出之间的最大余额:113587030
Leave=>ID:150016 Money:106027030 '2019-05-21 14:17:36'
	ID:150016 翻牌统计: 攻击次数:0,击杀次数:0,免伤次数:0,空卡次数:0,宝箱次数:0,普通怪次数:0,Boss怪次数:0,消耗:0 收益:0 返回率:0.000000;
	ID:150016 ALLMONSTERID 消耗:0,收益:0,返回率:0.000000;
	ID:150016 过敏源剧情 消耗:9960000,收益:2400000,返回率:0.240964;
2019/05/21 14:20:39.227200 git.huoys.com/qp/cells/game_trace.LogSettle 473 Info: 	 单局结算 uid:150016 剩余金币:100987030 消耗:5040000 收益:0 写分增量:-5040000 阵容变化:[201,200,202,],[201,200,202,],[201,200,202,], 
2019/05/21 14:21:21.215200 git.huoys.com/qp/cells/module/room/logic/storysys.(*Allergen).CalcSettle 322 Info: Allergen Settle uid:150016 entermoney:97447030 2019-05-21_14_21_07 lockratio:30000 totaltimes:110 consume:60000 groupindex:17 group:{Weight:20 Detail:[1 0 1 1 0] RewardTimes:110} attack: reward:3300000 levemoney:100747030 2019-05-21_14_21_21
2019/05/21 14:21:21.221200 git.huoys.com/qp/cells/game_trace.LogSettle 473 Info: 	 单局结算 uid:150016 剩余金币:100747030 消耗:3540000 收益:3300000 写分增量:-240000 阵容变化:[201,200,202,], 
2019/05/21 14:21:21.268200 git.huoys.com/qp/cells/game_trace.LeaveGame 458 Info: 
Enter=>ID:150016 Money:106027030 '2019-05-21 14:18:38'
Match=>ID :150016 玩家消耗金额:-8580000 玩家赢取金额:+3300000 返还率:0.384615 单个最高的结算金额:3300000 从进入到退出之间的最大余额:106027030
Leave=>ID:150016 Money:100747030 '2019-05-21 14:21:21'
	ID:150016 翻牌统计: 攻击次数:0,击杀次数:0,免伤次数:0,空卡次数:0,宝箱次数:0,普通怪次数:0,Boss怪次数:0,消耗:0 收益:0 返回率:0.000000;
	ID:150016 ALLMONSTERID 消耗:0,收益:0,返回率:0.000000;
	ID:150016 过敏源剧情 消耗:8580000,收益:3300000,返回率:0.384615;
2019/05/21 14:24:56.160200 git.huoys.com/qp/cells/game_trace.LogSettle 473 Info: 	 单局结算 uid:150016 剩余金币:100747030 消耗:0 收益:0 写分增量:0 阵容变化:[201,200,202,],[201,200,202,],[201,200,202,], 
2019/05/21 14:24:56.185200 git.huoys.com/qp/cells/game_trace.LeaveGame 458 Info: 
Enter=>ID:150016 Money:100747030 '2019-05-21 14:24:07'
Match=>ID :150016 玩家消耗金额:-0 玩家赢取金额:+0 返还率:0.000000 单个最高的结算金额:0 从进入到退出之间的最大余额:100747030
Leave=>ID:150016 Money:100747030 '2019-05-21 14:24:56'
	ID:150016 翻牌统计: 攻击次数:0,击杀次数:0,免伤次数:0,空卡次数:0,宝箱次数:0,普通怪次数:0,Boss怪次数:0,消耗:0 收益:0 返回率:0.000000;
	ID:150016 ALLMONSTERID 消耗:0,收益:0,返回率:0.000000;
	ID:150016 过敏源剧情 消耗:0,收益:0,返回率:0.000000;
2019/05/21 14:25:43.694200 git.huoys.com/qp/cells/game_trace.LogSettle 473 Info: 	 单局结算 uid:150016 剩余金币:100747030 消耗:0 收益:0 写分增量:0 阵容变化:[201,200,202,],[201,200,202,],[201,200,202,], 
2019/05/21 14:25:43.734200 git.huoys.com/qp/cells/game_trace.LeaveGame 458 Info: 
Enter=>ID:150016 Money:100747030 '2019-05-21 14:25:02'
Match=>ID :150016 玩家消耗金额:-0 玩家赢取金额:+0 返还率:0.000000 单个最高的结算金额:0 从进入到退出之间的最大余额:100747030
Leave=>ID:150016 Money:100747030 '2019-05-21 14:25:43'
	ID:150016 翻牌统计: 攻击次数:0,击杀次数:0,免伤次数:0,空卡次数:0,宝箱次数:0,普通怪次数:0,Boss怪次数:0,消耗:0 收益:0 返回率:0.000000;
	ID:150016 ALLMONSTERID 消耗:0,收益:0,返回率:0.000000;
	ID:150016 过敏源剧情 消耗:0,收益:0,返回率:0.000000;
2019/05/21 14:27:55.214200 git.huoys.com/qp/cells/module/room/logic/storysys.(*Allergen).CalcSettle 322 Info: Allergen Settle uid:150016 entermoney:87547030 2019-05-21_14_27_44 lockratio:30000 totaltimes:130 consume:60000 groupindex:25 group:{Weight:30 Detail:[0 1 1 1 0] RewardTimes:130} attack: reward:3900000 levemoney:91447030 2019-05-21_14_27_55
2019/05/21 14:27:55.217200 git.huoys.com/qp/cells/game_trace.LogSettle 473 Info: 	 单局结算 uid:150016 剩余金币:91447030 消耗:13200000 收益:3900000 写分增量:-9300000 阵容变化:[201,200,202,],[201,200,202,],[201,200,202,], 
2019/05/21 14:27:55.235200 git.huoys.com/qp/cells/game_trace.LeaveGame 458 Info: 
Enter=>ID:150016 Money:100747030 '2019-05-21 14:25:56'
Match=>ID :150016 玩家消耗金额:-13200000 玩家赢取金额:+3900000 返还率:0.295455 单个最高的结算金额:3900000 从进入到退出之间的最大余额:100747030
Leave=>ID:150016 Money:91447030 '2019-05-21 14:27:55'
	ID:150016 翻牌统计: 攻击次数:0,击杀次数:0,免伤次数:0,空卡次数:0,宝箱次数:0,普通怪次数:0,Boss怪次数:0,消耗:0 收益:0 返回率:0.000000;
	ID:150016 ALLMONSTERID 消耗:0,收益:0,返回率:0.000000;
	ID:150016 过敏源剧情 消耗:13200000,收益:3900000,返回率:0.295455;
2019/05/21 14:31:05.263200 git.huoys.com/qp/cells/game_trace.LogSettle 473 Info: 	 单局结算 uid:150016 剩余金币:91447030 消耗:0 收益:0 写分增量:0 阵容变化:[201,200,202,],[201,200,202,],[201,200,202,], 
2019/05/21 14:33:06.236200 git.huoys.com/qp/cells/game_trace.LogSettle 473 Info: 	 单局结算 uid:150016 剩余金币:91447030 消耗:0 收益:0 写分增量:0 阵容变化:[201,200,202,], 
2019/05/21 14:34:36.232200 git.huoys.com/qp/cells/game_trace.LogSettle 473 Info: 	 单局结算 uid:150016 剩余金币:91447030 消耗:0 收益:0 写分增量:0 阵容变化:[201,200,202,], 
2019/05/21 14:34:36.250200 git.huoys.com/qp/cells/game_trace.LeaveGame 458 Info: 
Enter=>ID:150016 Money:91447030 '2019-05-21 14:29:04'
Match=>ID :150016 玩家消耗金额:-0 玩家赢取金额:+0 返还率:0.000000 单个最高的结算金额:0 从进入到退出之间的最大余额:91447030
Leave=>ID:150016 Money:91447030 '2019-05-21 14:34:36'
	ID:150016 翻牌统计: 攻击次数:0,击杀次数:0,免伤次数:0,空卡次数:0,宝箱次数:0,普通怪次数:0,Boss怪次数:0,消耗:0 收益:0 返回率:0.000000;
	ID:150016 ALLMONSTERID 消耗:0,收益:0,返回率:0.000000;
	ID:150016 过敏源剧情 消耗:0,收益:0,返回率:0.000000;
2019/05/21 14:36:24.290200 git.huoys.com/qp/cells/module/room/logic/storysys.(*Allergen).CalcSettle 322 Info: Allergen Settle uid:150016 entermoney:91027030 2019-05-21_14_36_18 lockratio:30000 totaltimes:110 consume:60000 groupindex:14 group:{Weight:20 Detail:[1 1 0 0 1] RewardTimes:110} attack: reward:3300000 levemoney:94327030 2019-05-21_14_36_24
2019/05/21 14:36:24.292200 git.huoys.com/qp/cells/game_trace.LogSettle 473 Info: 	 单局结算 uid:150016 剩余金币:94327030 消耗:420000 收益:3300000 写分增量:2880000 阵容变化:[201,200,202,],[201,200,202,],[201,200,202,], 
2019/05/21 14:36:24.901200 git.huoys.com/qp/cells/game_trace.LeaveGame 458 Info: 
Enter=>ID:150016 Money:91447030 '2019-05-21 14:36:12'
Match=>ID :150016 玩家消耗金额:-420000 玩家赢取金额:+3300000 返还率:7.857143 单个最高的结算金额:3300000 从进入到退出之间的最大余额:94327030
Leave=>ID:150016 Money:94327030 '2019-05-21 14:36:24'
	ID:150016 翻牌统计: 攻击次数:0,击杀次数:0,免伤次数:0,空卡次数:0,宝箱次数:0,普通怪次数:0,Boss怪次数:0,消耗:0 收益:0 返回率:0.000000;
	ID:150016 ALLMONSTERID 消耗:0,收益:0,返回率:0.000000;
	ID:150016 过敏源剧情 消耗:420000,收益:3300000,返回率:7.857143;
2019/05/21 14:36:53.229200 git.huoys.com/qp/cells/module/room/logic/storysys.(*Allergen).CalcSettle 322 Info: Allergen Settle uid:150016 entermoney:93127030 2019-05-21_14_36_41 lockratio:30000 totaltimes:40 consume:60000 groupindex:10 group:{Weight:1 Detail:[0 0 1 0 1] RewardTimes:40} attack: reward:1200000 levemoney:94327030 2019-05-21_14_36_53
2019/05/21 14:36:53.232200 git.huoys.com/qp/cells/game_trace.LogSettle 473 Info: 	 单局结算 uid:150016 剩余金币:94327030 消耗:1500000 收益:1500000 写分增量:0 阵容变化:[201,200,202,],[201,200,202,],[201,200,202,], 
2019/05/21 14:36:53.257200 git.huoys.com/qp/cells/game_trace.LeaveGame 458 Info: 
Enter=>ID:150016 Money:94327030 '2019-05-21 14:36:30'
Match=>ID :150016 玩家消耗金额:-1500000 玩家赢取金额:+1500000 返还率:1.000000 单个最高的结算金额:1200000 从进入到退出之间的最大余额:94327030
Leave=>ID:150016 Money:94327030 '2019-05-21 14:36:53'
	ID:150016 翻牌统计: 攻击次数:11,击杀次数:0,免伤次数:0,空卡次数:5,宝箱次数:0,普通怪次数:6,Boss怪次数:0,消耗:660000 收益:0 返回率:0.000000;
	ID:150016 BOXID:100	攻击次数:7,击杀次数:0,免伤次数:0,消耗:420000,收益:0,单次最大盈利:0 单次时间:1970-01-01 08:00:00;
	ID:150016 BOXID:101	攻击次数:4,击杀次数:0,免伤次数:0,消耗:240000,收益:0,单次最大盈利:0 单次时间:1970-01-01 08:00:00;
	ID:150016 MONSTERID:301	攻击次数:1,免伤次数:0,击杀次数:1,消耗:60000,收益:90000,单次最大盈利:90000 单次时间:2019-05-21 14:36:38;
	ID:150016 MONSTERID:304	攻击次数:6,免伤次数:0,击杀次数:1,消耗:360000,收益:210000,单次最大盈利:210000 单次时间:2019-05-21 14:36:37;
	ID:150016 ALLMONSTERID 消耗:420000,收益:300000,返回率:0.714286;
	ID:150016 过敏源剧情 消耗:420000,收益:1200000,返回率:2.857143;
2019/05/21 14:37:26.239200 git.huoys.com/qp/cells/game_trace.LogSettle 473 Info: 	 单局结算 uid:150016 剩余金币:94327030 消耗:0 收益:0 写分增量:0 阵容变化:[201,200,202,],[201,200,202,],[201,200,202,], 
2019/05/21 14:37:26.257200 git.huoys.com/qp/cells/game_trace.LeaveGame 458 Info: 
Enter=>ID:150016 Money:94327030 '2019-05-21 14:36:56'
Match=>ID :150016 玩家消耗金额:-0 玩家赢取金额:+0 返还率:0.000000 单个最高的结算金额:0 从进入到退出之间的最大余额:94327030
Leave=>ID:150016 Money:94327030 '2019-05-21 14:37:26'
	ID:150016 翻牌统计: 攻击次数:0,击杀次数:0,免伤次数:0,空卡次数:0,宝箱次数:0,普通怪次数:0,Boss怪次数:0,消耗:0 收益:0 返回率:0.000000;
	ID:150016 ALLMONSTERID 消耗:0,收益:0,返回率:0.000000;
	ID:150016 过敏源剧情 消耗:0,收益:0,返回率:0.000000;
2019/05/21 14:38:12.181200 git.huoys.com/qp/cells/game_trace.LogSettle 473 Info: 	 单局结算 uid:150016 剩余金币:94327030 消耗:0 收益:0 写分增量:0 阵容变化:[201,200,202,],[201,200,202,],[201,200,202,], 
2019/05/21 14:38:12.235200 git.huoys.com/qp/cells/game_trace.LeaveGame 458 Info: 
Enter=>ID:150016 Money:94327030 '2019-05-21 14:37:35'
Match=>ID :150016 玩家消耗金额:-0 玩家赢取金额:+0 返还率:0.000000 单个最高的结算金额:0 从进入到退出之间的最大余额:94327030
Leave=>ID:150016 Money:94327030 '2019-05-21 14:38:12'
	ID:150016 翻牌统计: 攻击次数:0,击杀次数:0,免伤次数:0,空卡次数:0,宝箱次数:0,普通怪次数:0,Boss怪次数:0,消耗:0 收益:0 返回率:0.000000;
	ID:150016 ALLMONSTERID 消耗:0,收益:0,返回率:0.000000;
	ID:150016 过敏源剧情 消耗:0,收益:0,返回率:0.000000;
2019/05/21 14:38:57.245200 git.huoys.com/qp/cells/module/room/logic/storysys.(*Allergen).CalcSettle 322 Info: Allergen Settle uid:150016 entermoney:91927030 2019-05-21_14_38_42 lockratio:30000 totaltimes:220 consume:60000 groupindex:28 group:{Weight:40 Detail:[1 1 1 1 0] RewardTimes:220} attack: reward:6600000 levemoney:98527030 2019-05-21_14_38_57
2019/05/21 14:38:57.249200 git.huoys.com/qp/cells/game_trace.LogSettle 473 Info: 	 单局结算 uid:150016 剩余金币:98527030 消耗:2400000 收益:6600000 写分增量:4200000 阵容变化:[201,200,202,],[201,200,202,],[201,200,202,], 
2019/05/21 14:38:57.277200 git.huoys.com/qp/cells/game_trace.LeaveGame 458 Info: 
Enter=>ID:150016 Money:94327030 '2019-05-21 14:38:18'
Match=>ID :150016 玩家消耗金额:-2400000 玩家赢取金额:+6600000 返还率:2.750000 单个最高的结算金额:6600000 从进入到退出之间的最大余额:98527030
Leave=>ID:150016 Money:98527030 '2019-05-21 14:38:57'
	ID:150016 翻牌统计: 攻击次数:0,击杀次数:0,免伤次数:0,空卡次数:0,宝箱次数:0,普通怪次数:0,Boss怪次数:0,消耗:0 收益:0 返回率:0.000000;
	ID:150016 ALLMONSTERID 消耗:0,收益:0,返回率:0.000000;
	ID:150016 过敏源剧情 消耗:2400000,收益:6600000,返回率:2.750000;
2019/05/21 14:39:52.198200 git.huoys.com/qp/cells/module/room/logic/storysys.(*Allergen).CalcSettle 322 Info: Allergen Settle uid:150016 entermoney:96787030 2019-05-21_14_39_48 lockratio:30000 totaltimes:220 consume:60000 groupindex:28 group:{Weight:40 Detail:[1 1 1 1 0] RewardTimes:220} attack: reward:6600000 levemoney:103387030 2019-05-21_14_39_52
2019/05/21 14:39:52.199200 git.huoys.com/qp/cells/game_trace.LogSettle 473 Info: 	 单局结算 uid:150016 剩余金币:103387030 消耗:1740000 收益:6600000 写分增量:4860000 阵容变化:[201,200,202,],[201,200,202,],[201,200,202,], 
2019/05/21 14:39:52.228200 git.huoys.com/qp/cells/game_trace.LeaveGame 458 Info: 
Enter=>ID:150016 Money:98527030 '2019-05-21 14:39:32'
Match=>ID :150016 玩家消耗金额:-1740000 玩家赢取金额:+6600000 返还率:3.793103 单个最高的结算金额:6600000 从进入到退出之间的最大余额:103387030
Leave=>ID:150016 Money:103387030 '2019-05-21 14:39:52'
	ID:150016 翻牌统计: 攻击次数:0,击杀次数:0,免伤次数:0,空卡次数:0,宝箱次数:0,普通怪次数:0,Boss怪次数:0,消耗:0 收益:0 返回率:0.000000;
	ID:150016 ALLMONSTERID 消耗:0,收益:0,返回率:0.000000;
	ID:150016 过敏源剧情 消耗:1740000,收益:6600000,返回率:3.793103;
2019/05/21 14:40:21.258200 git.huoys.com/qp/cells/module/room/logic/storysys.(*Allergen).CalcSettle 322 Info: Allergen Settle uid:150016 entermoney:102607030 2019-05-21_14_40_10 lockratio:30000 totaltimes:170 consume:60000 groupindex:24 group:{Weight:30 Detail:[1 1 1 0 1] RewardTimes:170} attack: reward:5100000 levemoney:107707030 2019-05-21_14_40_21
2019/05/21 14:40:21.263200 git.huoys.com/qp/cells/game_trace.LogSettle 473 Info: 	 单局结算 uid:150016 剩余金币:107707030 消耗:2400000 收益:6720000 写分增量:4320000 阵容变化:[201,200,202,],[201,200,202,],[201,200,202,], 
2019/05/21 14:40:21.293200 git.huoys.com/qp/cells/game_trace.LeaveGame 458 Info: 
Enter=>ID:150016 Money:103387030 '2019-05-21 14:39:58'
Match=>ID :150016 玩家消耗金额:-2400000 玩家赢取金额:+6720000 返还率:2.800000 单个最高的结算金额:5100000 从进入到退出之间的最大余额:107707030
Leave=>ID:150016 Money:107707030 '2019-05-21 14:40:21'
	ID:150016 翻牌统计: 攻击次数:14,击杀次数:0,免伤次数:0,空卡次数:1,宝箱次数:2,普通怪次数:10,Boss怪次数:1,消耗:840000 收益:1230000 返回率:1.464286;
	ID:150016 BOXID:100	攻击次数:7,击杀次数:1,免伤次数:0,消耗:420000,收益:420000,单次最大盈利:420000 单次时间:2019-05-21 14:40:05;
	ID:150016 BOXID:101	攻击次数:5,击杀次数:1,免伤次数:0,消耗:300000,收益:810000,单次最大盈利:810000 单次时间:2019-05-21 14:40:07;
	ID:150016 BOXID:102	攻击次数:2,击杀次数:0,免伤次数:0,消耗:120000,收益:0,单次最大盈利:0 单次时间:1970-01-01 08:00:00;
	ID:150016 MONSTERID:300	攻击次数:1,免伤次数:0,击杀次数:1,消耗:60000,收益:120000,单次最大盈利:120000 单次时间:2019-05-21 14:40:03;
	ID:150016 MONSTERID:301	攻击次数:1,免伤次数:0,击杀次数:1,消耗:60000,收益:120000,单次最大盈利:120000 单次时间:2019-05-21 14:40:06;
	ID:150016 MONSTERID:304	攻击次数:4,免伤次数:0,击杀次数:0,消耗:240000,收益:0,单次最大盈利:0 单次时间:1970-01-01 08:00:00;
	ID:150016 MONSTERID:305	攻击次数:6,免伤次数:0,击杀次数:1,消耗:360000,收益:150000,单次最大盈利:150000 单次时间:2019-05-21 14:40:05;
	ID:150016 ALLMONSTERID 消耗:720000,收益:390000,返回率:0.541667;
	ID:150016 过敏源剧情 消耗:840000,收益:5100000,返回率:6.071429;
2019/05/21 14:42:56.295200 git.huoys.com/qp/cells/game_trace.LogSettle 473 Info: 	 单局结算 uid:150016 剩余金币:107707030 消耗:0 收益:0 写分增量:0 阵容变化:[201,200,202,],[201,200,202,],[201,200,202,], 
2019/05/21 14:44:57.296200 git.huoys.com/qp/cells/game_trace.LogSettle 473 Info: 	 单局结算 uid:150016 剩余金币:107707030 消耗:0 收益:0 写分增量:0 阵容变化:[201,200,202,], 
2019/05/21 14:46:07.279200 git.huoys.com/qp/cells/game_trace.polling 557 Info: log money polling....
	全局统计 翻牌统计: 攻击次数:25,击杀次数:0,免伤次数:0,空卡次数:6,宝箱次数:2,普通怪次数:16,Boss怪次数:1,消耗:1500000 收益:1230000 返回率:0.820000;
	全局统计 BOXID:100	攻击次数:14,击杀次数:1,免伤次数:0,消耗:840000,收益:420000,单次最大盈利:420000 单次时间:2019-05-21 14:46:07;
	全局统计 BOXID:101	攻击次数:9,击杀次数:1,免伤次数:0,消耗:540000,收益:810000,单次最大盈利:810000 单次时间:2019-05-21 14:46:07;
	全局统计 BOXID:102	攻击次数:2,击杀次数:0,免伤次数:0,消耗:120000,收益:0,单次最大盈利:0 单次时间:2019-05-21 14:46:07;
	全局统计 MONSTERID:300	攻击次数:1,免伤次数:0,击杀次数:1,消耗:60000,收益:120000,单次最大盈利:120000 单次时间:2019-05-21 14:46:07;
	全局统计 MONSTERID:301	攻击次数:2,免伤次数:0,击杀次数:2,消耗:120000,收益:210000,单次最大盈利:120000 单次时间:2019-05-21 14:46:07;
	全局统计 MONSTERID:304	攻击次数:10,免伤次数:0,击杀次数:1,消耗:600000,收益:210000,单次最大盈利:210000 单次时间:2019-05-21 14:46:07;
	全局统计 MONSTERID:305	攻击次数:6,免伤次数:0,击杀次数:1,消耗:360000,收益:150000,单次最大盈利:150000 单次时间:2019-05-21 14:46:07;
	全局统计 ALLMONSTERID 消耗:1140000,收益:690000,返回率:0.605263;
	全局统计 过敏源剧情 消耗:37560000,收益:32400000,返回率:0.862620;
	全局统计 总输赢:-5880000 总消耗:-40200000 总收益:+34320000 总免伤次数:0 总免伤:0 返回率:0.853731 时间:2019-05-21_14_46_07
2019/05/21 14:46:58.270200 git.huoys.com/qp/cells/game_trace.LogSettle 473 Info: 	 单局结算 uid:150016 剩余金币:107707030 消耗:0 收益:0 写分增量:0 阵容变化:[201,200,202,], 
2019/05/21 14:48:59.271200 git.huoys.com/qp/cells/game_trace.LogSettle 473 Info: 	 单局结算 uid:150016 剩余金币:107707030 消耗:0 收益:0 写分增量:0 阵容变化:[201,200,202,], 
2019/05/21 14:49:17.260200 git.huoys.com/qp/cells/game_trace.LogSettle 473 Info: 	 单局结算 uid:150016 剩余金币:107707030 消耗:0 收益:0 写分增量:0 阵容变化:[201,200,202,], 
2019/05/21 14:49:17.280200 git.huoys.com/qp/cells/game_trace.LeaveGame 458 Info: 
Enter=>ID:150016 Money:107707030 '2019-05-21 14:40:55'
Match=>ID :150016 玩家消耗金额:-0 玩家赢取金额:+0 返还率:0.000000 单个最高的结算金额:0 从进入到退出之间的最大余额:107707030
Leave=>ID:150016 Money:107707030 '2019-05-21 14:49:17'
	ID:150016 翻牌统计: 攻击次数:0,击杀次数:0,免伤次数:0,空卡次数:0,宝箱次数:0,普通怪次数:0,Boss怪次数:0,消耗:0 收益:0 返回率:0.000000;
	ID:150016 ALLMONSTERID 消耗:0,收益:0,返回率:0.000000;
	ID:150016 过敏源剧情 消耗:0,收益:0,返回率:0.000000;
2019/05/21 14:53:16.530200 git.huoys.com/qp/cells/game_trace.LogSettle 473 Info: 	 单局结算 uid:150016 剩余金币:107707030 消耗:0 收益:0 写分增量:0 阵容变化:[201,200,202,],[201,200,202,],[201,200,202,], 
2019/05/21 14:53:16.547200 git.huoys.com/qp/cells/game_trace.LeaveGame 458 Info: 
Enter=>ID:150016 Money:107707030 '2019-05-21 14:53:13'
Match=>ID :150016 玩家消耗金额:-0 玩家赢取金额:+0 返还率:0.000000 单个最高的结算金额:0 从进入到退出之间的最大余额:107707030
Leave=>ID:150016 Money:107707030 '2019-05-21 14:53:16'
	ID:150016 翻牌统计: 攻击次数:0,击杀次数:0,免伤次数:0,空卡次数:0,宝箱次数:0,普通怪次数:0,Boss怪次数:0,消耗:0 收益:0 返回率:0.000000;
	ID:150016 ALLMONSTERID 消耗:0,收益:0,返回率:0.000000;
	ID:150016 过敏源剧情 消耗:0,收益:0,返回率:0.000000;
