2019/05/14 16:45:00.242200 git.huoys.com/qp/cells/game_trace.polling 557 Info: log money polling....
	全局统计 翻牌统计: 攻击次数:0,击杀次数:0,免伤次数:0,空卡次数:0,宝箱次数:0,普通怪次数:0,Boss怪次数:0,消耗:0 收益:0 返回率:0.000000;
	全局统计 ALLMONSTERID 消耗:0,收益:0,返回率:0.000000;
	全局统计 过敏源剧情 消耗:0,收益:0,返回率:0.000000;
	全局统计 总输赢:0 总消耗:-0 总收益:+0 总免伤次数:0 总免伤:0 返回率:0.000000 时间:2019-05-14_16_45_00
2019/05/14 16:47:09.315200 git.huoys.com/qp/cells/game_trace.LogSettle 473 Info: 	 单局结算 uid:150015 剩余金币:107210570 消耗:2320 收益:0 写分增量:-2320 阵容变化:[201,], 
2019/05/14 16:47:44.718200 git.huoys.com/qp/cells/module/room/logic/storysys.(*Allergen).CalcSettle 322 Info: Allergen Settle uid:150015 entermoney:107210200 2019-05-14_16_47_28 lockratio:10 totaltimes:130 consume:10 groupindex:27 group:{Weight:30 Detail:[0 0 1 1 1] RewardTimes:130} attack: reward:1300 levemoney:107211500 2019-05-14_16_47_44
2019/05/14 16:47:44.727200 git.huoys.com/qp/cells/game_trace.LogSettle 473 Info: 	 单局结算 uid:150015 剩余金币:107211500 消耗:370 收益:1300 写分增量:930 阵容变化:[201,], 
2019/05/14 16:47:44.783200 git.huoys.com/qp/cells/game_trace.LeaveGame 458 Info: 
Enter=>ID:150015 Money:107212890 '2019-05-14 16:45:08'
Match=>ID :150015 玩家消耗金额:-2690 玩家赢取金额:+1300 返还率:0.483271 单个最高的结算金额:1300 从进入到退出之间的最大余额:107212890
Leave=>ID:150015 Money:107211500 '2019-05-14 16:47:44'
	ID:150015 翻牌统计: 攻击次数:0,击杀次数:0,免伤次数:0,空卡次数:0,宝箱次数:0,普通怪次数:0,Boss怪次数:0,消耗:0 收益:0 返回率:0.000000;
	ID:150015 ALLMONSTERID 消耗:0,收益:0,返回率:0.000000;
	ID:150015 过敏源剧情 消耗:2690,收益:1300,返回率:0.483271;
2019/05/14 16:49:00.032200 git.huoys.com/qp/cells/module/room/logic/storysys.(*Allergen).CalcSettle 322 Info: Allergen Settle uid:150015 entermoney:107211120 2019-05-14_16_48_48 lockratio:10 totaltimes:130 consume:10 groupindex:25 group:{Weight:30 Detail:[0 1 1 1 0] RewardTimes:130} attack: reward:1300 levemoney:107212420 2019-05-14_16_49_00
2019/05/14 16:49:00.046200 git.huoys.com/qp/cells/game_trace.LogSettle 473 Info: 	 单局结算 uid:150015 剩余金币:107212420 消耗:380 收益:1300 写分增量:920 阵容变化:[201,], 
2019/05/14 16:49:00.118200 git.huoys.com/qp/cells/game_trace.LeaveGame 458 Info: 
Enter=>ID:150015 Money:107211500 '2019-05-14 16:48:27'
Match=>ID :150015 玩家消耗金额:-380 玩家赢取金额:+1300 返还率:3.421053 单个最高的结算金额:1300 从进入到退出之间的最大余额:107212420
Leave=>ID:150015 Money:107212420 '2019-05-14 16:49:00'
	ID:150015 翻牌统计: 攻击次数:0,击杀次数:0,免伤次数:0,空卡次数:0,宝箱次数:0,普通怪次数:0,Boss怪次数:0,消耗:0 收益:0 返回率:0.000000;
	ID:150015 ALLMONSTERID 消耗:0,收益:0,返回率:0.000000;
	ID:150015 过敏源剧情 消耗:380,收益:1300,返回率:3.421053;
2019/05/14 16:54:08.542200 git.huoys.com/qp/cells/module/room/logic/storysys.(*Allergen).CalcSettle 322 Info: Allergen Settle uid:150015 entermoney:107211790 2019-05-14_16_53_41 lockratio:10 totaltimes:60 consume:10 groupindex:6 group:{Weight:2 Detail:[1 0 0 1 0] RewardTimes:60} attack:0-400,1-0,2-0,3-200,4-0, reward:600 levemoney:107212390 2019-05-14_16_54_08
2019/05/14 16:54:26.660200 git.huoys.com/qp/cells/game_trace.LogSettle 473 Info: 	 单局结算 uid:150015 剩余金币:107212250 消耗:770 收益:600 写分增量:-170 阵容变化:[201,],[201,], 
2019/05/14 16:54:26.745200 git.huoys.com/qp/cells/game_trace.LeaveGame 458 Info: 
Enter=>ID:150015 Money:107212420 '2019-05-14 16:53:05'
Match=>ID :150015 玩家消耗金额:-770 玩家赢取金额:+600 返还率:0.779221 单个最高的结算金额:400 从进入到退出之间的最大余额:107212420
Leave=>ID:150015 Money:107212250 '2019-05-14 16:54:26'
	ID:150015 翻牌统计: 攻击次数:0,击杀次数:0,免伤次数:0,空卡次数:0,宝箱次数:0,普通怪次数:0,Boss怪次数:0,消耗:0 收益:0 返回率:0.000000;
	ID:150015 ALLMONSTERID 消耗:0,收益:0,返回率:0.000000;
	ID:150015 过敏源剧情 消耗:770,收益:600,返回率:0.779221;
2019/05/14 16:56:32.319200 git.huoys.com/qp/cells/game_trace.LogSettle 473 Info: 	 单局结算 uid:150015 剩余金币:107210120 消耗:2130 收益:0 写分增量:-2130 阵容变化:[201,], 
2019/05/14 16:56:49.025200 git.huoys.com/qp/cells/module/room/logic/storysys.(*Allergen).CalcSettle 322 Info: Allergen Settle uid:150015 entermoney:107210120 2019-05-14_16_56_23 lockratio:10 totaltimes:90 consume:10 groupindex:12 group:{Weight:20 Detail:[1 1 0 0 0] RewardTimes:90} attack:0-400,1-500,2-0,3-0,4-0, reward:900 levemoney:107211020 2019-05-14_16_56_49
2019/05/14 16:56:52.166200 git.huoys.com/qp/cells/game_trace.LogSettle 473 Info: 	 单局结算 uid:150015 剩余金币:107211020 消耗:0 收益:900 写分增量:900 阵容变化:[201,], 
2019/05/14 16:56:52.285200 git.huoys.com/qp/cells/game_trace.LeaveGame 458 Info: 
Enter=>ID:150015 Money:107212250 '2019-05-14 16:54:31'
Match=>ID :150015 玩家消耗金额:-2130 玩家赢取金额:+900 返还率:0.422535 单个最高的结算金额:500 从进入到退出之间的最大余额:107212250
Leave=>ID:150015 Money:107211020 '2019-05-14 16:56:52'
	ID:150015 翻牌统计: 攻击次数:0,击杀次数:0,免伤次数:0,空卡次数:0,宝箱次数:0,普通怪次数:0,Boss怪次数:0,消耗:0 收益:0 返回率:0.000000;
	ID:150015 ALLMONSTERID 消耗:0,收益:0,返回率:0.000000;
	ID:150015 过敏源剧情 消耗:2130,收益:900,返回率:0.422535;
2019/05/14 17:12:56.262200 git.huoys.com/qp/cells/module/room/logic/storysys.(*Allergen).CalcSettle 322 Info: Allergen Settle uid:150015 entermoney:107209940 2019-05-14_17_12_28 lockratio:10 totaltimes:170 consume:10 groupindex:24 group:{Weight:30 Detail:[1 1 1 0 1] RewardTimes:170} attack:0-400,1-500,2-600,3-0,4-200, reward:1700 levemoney:107211640 2019-05-14_17_12_56
2019/05/14 17:12:59.350200 git.huoys.com/qp/cells/game_trace.LogSettle 473 Info: 	 单局结算 uid:150015 剩余金币:107211640 消耗:1080 收益:1700 写分增量:620 阵容变化:[201,], 
2019/05/14 17:12:59.450200 git.huoys.com/qp/cells/game_trace.LeaveGame 458 Info: 
Enter=>ID:150015 Money:107211020 '2019-05-14 17:11:30'
Match=>ID :150015 玩家消耗金额:-1080 玩家赢取金额:+1700 返还率:1.574074 单个最高的结算金额:600 从进入到退出之间的最大余额:107211640
Leave=>ID:150015 Money:107211640 '2019-05-14 17:12:59'
	ID:150015 翻牌统计: 攻击次数:0,击杀次数:0,免伤次数:0,空卡次数:0,宝箱次数:0,普通怪次数:0,Boss怪次数:0,消耗:0 收益:0 返回率:0.000000;
	ID:150015 ALLMONSTERID 消耗:0,收益:0,返回率:0.000000;
	ID:150015 过敏源剧情 消耗:1080,收益:1700,返回率:1.574074;
2019/05/14 17:15:01.526200 git.huoys.com/qp/cells/game_trace.polling 557 Info: log money polling....
	全局统计 翻牌统计: 攻击次数:0,击杀次数:0,免伤次数:0,空卡次数:0,宝箱次数:0,普通怪次数:0,Boss怪次数:0,消耗:0 收益:0 返回率:0.000000;
	全局统计 ALLMONSTERID 消耗:0,收益:0,返回率:0.000000;
	全局统计 过敏源剧情 消耗:7210,收益:5800,返回率:0.804438;
	全局统计 总输赢:-1410 总消耗:-7210 总收益:+5800 总免伤次数:0 总免伤:0 返回率:0.804438 时间:2019-05-14_17_15_01
2019/05/14 17:16:30.689200 git.huoys.com/qp/cells/module/room/logic/storysys.(*Allergen).CalcSettle 322 Info: Allergen Settle uid:150015 entermoney:107210130 2019-05-14_17_16_10 lockratio:10 totaltimes:130 consume:10 groupindex:25 group:{Weight:30 Detail:[0 1 1 1 0] RewardTimes:130} attack:0-0,1-200,2-500,3-600,4-0, reward:1300 levemoney:107211430 2019-05-14_17_16_30
2019/05/14 17:16:35.171200 git.huoys.com/qp/cells/game_trace.LogSettle 473 Info: 	 单局结算 uid:150015 剩余金币:107211430 消耗:1510 收益:1300 写分增量:-210 阵容变化:[201,], 
2019/05/14 17:16:35.280200 git.huoys.com/qp/cells/game_trace.LeaveGame 458 Info: 
Enter=>ID:150015 Money:107211640 '2019-05-14 17:14:47'
Match=>ID :150015 玩家消耗金额:-1510 玩家赢取金额:+1300 返还率:0.860927 单个最高的结算金额:600 从进入到退出之间的最大余额:107211640
Leave=>ID:150015 Money:107211430 '2019-05-14 17:16:35'
	ID:150015 翻牌统计: 攻击次数:0,击杀次数:0,免伤次数:0,空卡次数:0,宝箱次数:0,普通怪次数:0,Boss怪次数:0,消耗:0 收益:0 返回率:0.000000;
	ID:150015 ALLMONSTERID 消耗:0,收益:0,返回率:0.000000;
	ID:150015 过敏源剧情 消耗:1510,收益:1300,返回率:0.860927;
2019/05/14 17:21:55.383200 git.huoys.com/qp/cells/module/room/logic/storysys.(*Allergen).CalcSettle 322 Info: Allergen Settle uid:150015 entermoney:107210810 2019-05-14_17_21_33 lockratio:10 totaltimes:70 consume:10 groupindex:18 group:{Weight:20 Detail:[0 0 1 1 0] RewardTimes:70} attack:0-0,1-0,2-200,3-500,4-0, reward:700 levemoney:107211510 2019-05-14_17_21_55
2019/05/14 17:22:59.723200 git.huoys.com/qp/cells/game_trace.LogSettle 473 Info: 	 单局结算 uid:150015 剩余金币:107210920 消耗:1210 收益:700 写分增量:-510 阵容变化:[201,],[201,], 
2019/05/14 17:23:22.861200 git.huoys.com/qp/cells/module/room/logic/storysys.(*Allergen).CalcSettle 322 Info: Allergen Settle uid:150015 entermoney:107210920 2019-05-14_17_22_35 lockratio:10 totaltimes:130 consume:10 groupindex:27 group:{Weight:30 Detail:[0 0 1 1 1] RewardTimes:130} attack:0-0,1-0,2-200,3-500, reward:1300 levemoney:107212220 2019-05-14_17_23_22
2019/05/14 17:23:22.874200 git.huoys.com/qp/cells/game_trace.LogSettle 473 Info: 	 单局结算 uid:150015 剩余金币:107212220 消耗:0 收益:1300 写分增量:1300 阵容变化:[201,], 
2019/05/14 17:23:22.963200 git.huoys.com/qp/cells/game_trace.LeaveGame 458 Info: 
Enter=>ID:150015 Money:107211430 '2019-05-14 17:20:58'
Match=>ID :150015 玩家消耗金额:-1210 玩家赢取金额:+2000 返还率:1.652893 单个最高的结算金额:600 从进入到退出之间的最大余额:107212220
Leave=>ID:150015 Money:107212220 '2019-05-14 17:23:22'
	ID:150015 翻牌统计: 攻击次数:0,击杀次数:0,免伤次数:0,空卡次数:0,宝箱次数:0,普通怪次数:0,Boss怪次数:0,消耗:0 收益:0 返回率:0.000000;
	ID:150015 ALLMONSTERID 消耗:0,收益:0,返回率:0.000000;
	ID:150015 过敏源剧情 消耗:1210,收益:2000,返回率:1.652893;
2019/05/14 17:45:01.685200 git.huoys.com/qp/cells/game_trace.polling 557 Info: log money polling....
	全局统计 翻牌统计: 攻击次数:0,击杀次数:0,免伤次数:0,空卡次数:0,宝箱次数:0,普通怪次数:0,Boss怪次数:0,消耗:0 收益:0 返回率:0.000000;
	全局统计 ALLMONSTERID 消耗:0,收益:0,返回率:0.000000;
	全局统计 过敏源剧情 消耗:2560,收益:3300,返回率:1.289062;
	全局统计 总输赢:740 总消耗:-2560 总收益:+3300 总免伤次数:0 总免伤:0 返回率:1.289062 时间:2019-05-14_17_45_01
2019/05/14 17:47:10.002200 git.huoys.com/qp/cells/module/room/logic/storysys.(*Allergen).CalcSettle 322 Info: Allergen Settle uid:150015 entermoney:107212170 2019-05-14_17_46_53 lockratio:10 totaltimes:90 consume:10 groupindex:20 group:{Weight:20 Detail:[0 1 0 1 1] RewardTimes:90} attack:0-0,1-200,2-0,3-200,4-500, reward:900 levemoney:107213070 2019-05-14_17_47_09
2019/05/14 17:47:12.667200 git.huoys.com/qp/cells/game_trace.LogSettle 473 Info: 	 单局结算 uid:150015 剩余金币:107213070 消耗:50 收益:900 写分增量:850 阵容变化:[201,], 
2019/05/14 17:47:12.701200 git.huoys.com/qp/cells/game_trace.LeaveGame 458 Info: 
Enter=>ID:150015 Money:107212220 '2019-05-14 17:46:25'
Match=>ID :150015 玩家消耗金额:-50 玩家赢取金额:+900 返还率:18.000000 单个最高的结算金额:500 从进入到退出之间的最大余额:107213070
Leave=>ID:150015 Money:107213070 '2019-05-14 17:47:12'
	ID:150015 翻牌统计: 攻击次数:0,击杀次数:0,免伤次数:0,空卡次数:0,宝箱次数:0,普通怪次数:0,Boss怪次数:0,消耗:0 收益:0 返回率:0.000000;
	ID:150015 ALLMONSTERID 消耗:0,收益:0,返回率:0.000000;
	ID:150015 过敏源剧情 消耗:50,收益:900,返回率:18.000000;
2019/05/14 18:04:37.464200 git.huoys.com/qp/cells/module/room/logic/storysys.(*Allergen).CalcSettle 322 Info: Allergen Settle uid:150015 entermoney:107212980 2019-05-14_18_04_18 lockratio:10 totaltimes:40 consume:10 groupindex:8 group:{Weight:1 Detail:[0 1 0 1 0] RewardTimes:40} attack:0-0,1-200,2-0,3-200,4-0, reward:400 levemoney:107213380 2019-05-14_18_04_37
2019/05/14 18:05:56.805200 git.huoys.com/qp/cells/game_trace.LogSettle 473 Info: 	 单局结算 uid:150015 剩余金币:107212360 消耗:1110 收益:400 写分增量:-710 阵容变化:[201,],[201,], 
2019/05/14 18:06:15.910200 git.huoys.com/qp/cells/module/room/logic/storysys.(*Allergen).CalcSettle 322 Info: Allergen Settle uid:150015 entermoney:107212360 2019-05-14_18_05_40 lockratio:10 totaltimes:110 consume:10 groupindex:14 group:{Weight:20 Detail:[1 1 0 0 1] RewardTimes:110} attack:0-400,1-500,2-0,3-0,4-200, reward:1100 levemoney:107213460 2019-05-14_18_06_15
2019/05/14 18:06:41.596200 git.huoys.com/qp/cells/module/room/logic/storysys.(*Allergen).CalcSettle 322 Info: Allergen Settle uid:150015 entermoney:107213320 2019-05-14_18_06_33 lockratio:10 totaltimes:130 consume:10 groupindex:25 group:{Weight:30 Detail:[0 1 1 1 0] RewardTimes:130} attack: reward:1300 levemoney:107214620 2019-05-14_18_06_41
2019/05/14 18:06:41.597200 git.huoys.com/qp/cells/game_trace.LogSettle 473 Info: 	 单局结算 uid:150015 剩余金币:107214620 消耗:140 收益:2400 写分增量:2260 阵容变化:[201,],[201,], 
2019/05/14 18:06:41.742200 git.huoys.com/qp/cells/game_trace.LeaveGame 458 Info: 
Enter=>ID:150015 Money:107213070 '2019-05-14 18:03:55'
Match=>ID :150015 玩家消耗金额:-1250 玩家赢取金额:+2800 返还率:2.240000 单个最高的结算金额:1300 从进入到退出之间的最大余额:107214620
Leave=>ID:150015 Money:107214620 '2019-05-14 18:06:41'
	ID:150015 翻牌统计: 攻击次数:0,击杀次数:0,免伤次数:0,空卡次数:0,宝箱次数:0,普通怪次数:0,Boss怪次数:0,消耗:0 收益:0 返回率:0.000000;
	ID:150015 ALLMONSTERID 消耗:0,收益:0,返回率:0.000000;
	ID:150015 过敏源剧情 消耗:1250,收益:2800,返回率:2.240000;
2019/05/14 18:15:01.902200 git.huoys.com/qp/cells/game_trace.polling 557 Info: log money polling....
	全局统计 翻牌统计: 攻击次数:0,击杀次数:0,免伤次数:0,空卡次数:0,宝箱次数:0,普通怪次数:0,Boss怪次数:0,消耗:0 收益:0 返回率:0.000000;
	全局统计 ALLMONSTERID 消耗:0,收益:0,返回率:0.000000;
	全局统计 过敏源剧情 消耗:1300,收益:3700,返回率:2.846154;
	全局统计 总输赢:2400 总消耗:-1300 总收益:+3700 总免伤次数:0 总免伤:0 返回率:2.846154 时间:2019-05-14_18_15_01
2019/05/14 18:45:01.956200 git.huoys.com/qp/cells/game_trace.polling 557 Info: log money polling....
	全局统计 翻牌统计: 攻击次数:0,击杀次数:0,免伤次数:0,空卡次数:0,宝箱次数:0,普通怪次数:0,Boss怪次数:0,消耗:0 收益:0 返回率:0.000000;
	全局统计 ALLMONSTERID 消耗:0,收益:0,返回率:0.000000;
	全局统计 过敏源剧情 消耗:0,收益:0,返回率:0.000000;
	全局统计 总输赢:0 总消耗:-0 总收益:+0 总免伤次数:0 总免伤:0 返回率:0.000000 时间:2019-05-14_18_45_01
2019/05/14 19:06:24.100200 git.huoys.com/qp/cells/game_trace.LogSettle 473 Info: 	 单局结算 uid:150015 剩余金币:107212320 消耗:2300 收益:0 写分增量:-2300 阵容变化:[201,], 
2019/05/14 19:08:03.583200 git.huoys.com/qp/cells/module/room/logic/storysys.(*Allergen).CalcSettle 322 Info: Allergen Settle uid:150015 entermoney:107210160 2019-05-14_19_07_31 lockratio:10 totaltimes:110 consume:20 groupindex:17 group:{Weight:20 Detail:[1 0 1 1 0] RewardTimes:110} attack:0-400,1-0,2-200,3-500,4-0, reward:1100 levemoney:107211260 2019-05-14_19_08_03
2019/05/14 19:08:10.912200 git.huoys.com/qp/cells/game_trace.LogSettle 473 Info: 	 单局结算 uid:150015 剩余金币:107211260 消耗:2160 收益:1100 写分增量:-1060 阵容变化:[201,],[201,200,],[201,200,202,], 
2019/05/14 19:08:10.962200 git.huoys.com/qp/cells/game_trace.LeaveGame 458 Info: 
Enter=>ID:150015 Money:107214620 '2019-05-14 19:04:23'
Match=>ID :150015 玩家消耗金额:-4460 玩家赢取金额:+1100 返还率:0.246637 单个最高的结算金额:500 从进入到退出之间的最大余额:107214620
Leave=>ID:150015 Money:107211260 '2019-05-14 19:08:10'
	ID:150015 翻牌统计: 攻击次数:0,击杀次数:0,免伤次数:0,空卡次数:0,宝箱次数:0,普通怪次数:0,Boss怪次数:0,消耗:0 收益:0 返回率:0.000000;
	ID:150015 ALLMONSTERID 消耗:0,收益:0,返回率:0.000000;
	ID:150015 过敏源剧情 消耗:4460,收益:1100,返回率:0.246637;
2019/05/14 19:11:20.416200 git.huoys.com/qp/cells/module/room/logic/storysys.(*Allergen).CalcSettle 322 Info: Allergen Settle uid:150015 entermoney:107210860 2019-05-14_19_10_38 lockratio:10 totaltimes:130 consume:20 groupindex:25 group:{Weight:30 Detail:[0 1 1 1 0] RewardTimes:130} attack:0-0,1-200,2-500,3-600,4-0, reward:1300 levemoney:107212160 2019-05-14_19_11_20
2019/05/14 19:12:27.453200 git.huoys.com/qp/cells/module/room/logic/storysys.(*Allergen).CalcSettle 322 Info: Allergen Settle uid:150015 entermoney:107211120 2019-05-14_19_11_51 lockratio:10 totaltimes:80 consume:20 groupindex:11 group:{Weight:3 Detail:[1 0 1 0 1] RewardTimes:80} attack: reward:800 levemoney:107211920 2019-05-14_19_12_27
2019/05/14 19:12:27.458200 git.huoys.com/qp/cells/game_trace.LogSettle 473 Info: 	 单局结算 uid:150015 剩余金币:107211920 消耗:1440 收益:2100 写分增量:660 阵容变化:[201,200,202,],[201,200,202,],[201,200,202,],[201,200,202,],[201,200,202,],[201,200,202,], 
2019/05/14 19:12:27.493200 git.huoys.com/qp/cells/game_trace.LeaveGame 458 Info: 
Enter=>ID:150015 Money:107211260 '2019-05-14 19:10:27'
Match=>ID :150015 玩家消耗金额:-1440 玩家赢取金额:+2100 返还率:1.458333 单个最高的结算金额:800 从进入到退出之间的最大余额:107212160
Leave=>ID:150015 Money:107211920 '2019-05-14 19:12:27'
	ID:150015 翻牌统计: 攻击次数:0,击杀次数:0,免伤次数:0,空卡次数:0,宝箱次数:0,普通怪次数:0,Boss怪次数:0,消耗:0 收益:0 返回率:0.000000;
	ID:150015 ALLMONSTERID 消耗:0,收益:0,返回率:0.000000;
	ID:150015 过敏源剧情 消耗:1440,收益:2100,返回率:1.458333;
2019/05/14 19:15:02.058200 git.huoys.com/qp/cells/game_trace.polling 557 Info: log money polling....
	全局统计 翻牌统计: 攻击次数:0,击杀次数:0,免伤次数:0,空卡次数:0,宝箱次数:0,普通怪次数:0,Boss怪次数:0,消耗:0 收益:0 返回率:0.000000;
	全局统计 ALLMONSTERID 消耗:0,收益:0,返回率:0.000000;
	全局统计 过敏源剧情 消耗:5900,收益:3200,返回率:0.542373;
	全局统计 总输赢:-2700 总消耗:-5900 总收益:+3200 总免伤次数:0 总免伤:0 返回率:0.542373 时间:2019-05-14_19_15_02
2019/05/14 19:19:36.958200 git.huoys.com/qp/cells/game_trace.LogSettle 473 Info: 	 单局结算 uid:150015 剩余金币:107212480 消耗:40 收益:600 写分增量:560 阵容变化:[201,200,202,],[201,200,202,],[201,200,202,], 
2019/05/14 19:19:37.014200 git.huoys.com/qp/cells/game_trace.LeaveGame 458 Info: 
Enter=>ID:150015 Money:107211920 '2019-05-14 19:18:05'
Match=>ID :150015 玩家消耗金额:-40 玩家赢取金额:+600 返还率:15.000000 单个最高的结算金额:400 从进入到退出之间的最大余额:107212480
Leave=>ID:150015 Money:107212480 '2019-05-14 19:19:37'
	ID:150015 翻牌统计: 攻击次数:0,击杀次数:0,免伤次数:0,空卡次数:0,宝箱次数:0,普通怪次数:0,Boss怪次数:0,消耗:0 收益:0 返回率:0.000000;
	ID:150015 ALLMONSTERID 消耗:0,收益:0,返回率:0.000000;
	ID:150015 过敏源剧情 消耗:40,收益:600,返回率:15.000000;
2019/05/14 19:21:15.097200 git.huoys.com/qp/cells/module/room/logic/storysys.(*Allergen).CalcSettle 322 Info: Allergen Settle uid:150015 entermoney:107211680 2019-05-14_19_20_19 lockratio:10 totaltimes:130 consume:20 groupindex:27 group:{Weight:30 Detail:[0 0 1 1 1] RewardTimes:130} attack: reward:1300 levemoney:107212980 2019-05-14_19_21_15
2019/05/14 19:21:15.100200 git.huoys.com/qp/cells/game_trace.LogSettle 473 Info: 	 单局结算 uid:150015 剩余金币:107212980 消耗:800 收益:1300 写分增量:500 阵容变化:[201,200,202,],[201,200,202,],[201,200,202,], 
2019/05/14 19:21:15.183200 git.huoys.com/qp/cells/game_trace.LeaveGame 458 Info: 
Enter=>ID:150015 Money:107212480 '2019-05-14 19:19:55'
Match=>ID :150015 玩家消耗金额:-800 玩家赢取金额:+1300 返还率:1.625000 单个最高的结算金额:1300 从进入到退出之间的最大余额:107212980
Leave=>ID:150015 Money:107212980 '2019-05-14 19:21:15'
	ID:150015 翻牌统计: 攻击次数:0,击杀次数:0,免伤次数:0,空卡次数:0,宝箱次数:0,普通怪次数:0,Boss怪次数:0,消耗:0 收益:0 返回率:0.000000;
	ID:150015 ALLMONSTERID 消耗:0,收益:0,返回率:0.000000;
	ID:150015 过敏源剧情 消耗:800,收益:1300,返回率:1.625000;
2019/05/14 19:37:01.805200 git.huoys.com/qp/cells/game_trace.LogSettle 473 Info: 	 单局结算 uid:150015 剩余金币:107212960 消耗:20 收益:0 写分增量:-20 阵容变化:[201,200,202,],[201,200,202,],[201,200,202,], 
2019/05/14 19:37:01.855200 git.huoys.com/qp/cells/game_trace.LeaveGame 458 Info: 
Enter=>ID:150015 Money:107212980 '2019-05-14 19:36:59'
Match=>ID :150015 玩家消耗金额:-20 玩家赢取金额:+0 返还率:0.000000 单个最高的结算金额:0 从进入到退出之间的最大余额:107212980
Leave=>ID:150015 Money:107212960 '2019-05-14 19:37:01'
	ID:150015 翻牌统计: 攻击次数:0,击杀次数:0,免伤次数:0,空卡次数:0,宝箱次数:0,普通怪次数:0,Boss怪次数:0,消耗:0 收益:0 返回率:0.000000;
	ID:150015 ALLMONSTERID 消耗:0,收益:0,返回率:0.000000;
	ID:150015 过敏源剧情 消耗:20,收益:0,返回率:0.000000;
2019/05/14 19:38:01.817200 git.huoys.com/qp/cells/module/room/logic/storysys.(*Allergen).CalcSettle 322 Info: Allergen Settle uid:150015 entermoney:107212320 2019-05-14_19_37_24 lockratio:10 totaltimes:170 consume:20 groupindex:26 group:{Weight:30 Detail:[1 0 1 1 1] RewardTimes:170} attack:0-400,1-0,2-200,3-500,4-600, reward:1700 levemoney:107214020 2019-05-14_19_38_01
2019/05/14 19:39:09.209200 git.huoys.com/qp/cells/game_trace.LogSettle 473 Info: 	 单局结算 uid:150015 剩余金币:107212620 消耗:2040 收益:1700 写分增量:-340 阵容变化:[201,200,202,],[201,200,202,],[201,200,202,],[201,200,202,],[201,200,202,],[201,200,202,], 
2019/05/14 19:39:26.666200 git.huoys.com/qp/cells/module/room/logic/storysys.(*Allergen).CalcSettle 322 Info: Allergen Settle uid:150015 entermoney:107212620 2019-05-14_19_38_40 lockratio:10 totaltimes:70 consume:20 groupindex:15 group:{Weight:20 Detail:[0 1 1 0 0] RewardTimes:70} attack:0-0,1-200,2-500,3-0,4-0, reward:700 levemoney:107213320 2019-05-14_19_39_26
2019/05/14 19:41:09.334200 git.huoys.com/qp/cells/module/room/logic/storysys.(*Allergen).CalcSettle 322 Info: Allergen Settle uid:150015 entermoney:107211060 2019-05-14_19_40_23 lockratio:10 totaltimes:70 consume:20 groupindex:18 group:{Weight:20 Detail:[0 0 1 1 0] RewardTimes:70} attack:0-0,1-0,2-200,3-500,4-0, reward:700 levemoney:107211760 2019-05-14_19_41_09
2019/05/14 19:41:10.144200 git.huoys.com/qp/cells/game_trace.LogSettle 473 Info: 	 单局结算 uid:150015 剩余金币:107211760 消耗:2260 收益:1400 写分增量:-860 阵容变化:[201,200,202,],[201,200,202,],[201,200,202,],[201,200,202,], 
2019/05/14 19:41:32.122200 git.huoys.com/qp/cells/module/room/logic/storysys.(*Allergen).CalcSettle 322 Info: Allergen Settle uid:150015 entermoney:107211660 2019-05-14_19_41_21 lockratio:10 totaltimes:70 consume:20 groupindex:15 group:{Weight:20 Detail:[0 1 1 0 0] RewardTimes:70} attack: reward:700 levemoney:107212360 2019-05-14_19_41_32
2019/05/14 19:41:32.123200 git.huoys.com/qp/cells/game_trace.LogSettle 473 Info: 	 单局结算 uid:150015 剩余金币:107212360 消耗:100 收益:700 写分增量:600 阵容变化:[201,200,202,],[201,200,202,],[201,200,202,],[201,200,202,], 
2019/05/14 19:41:32.156200 git.huoys.com/qp/cells/game_trace.LeaveGame 458 Info: 
Enter=>ID:150015 Money:107212960 '2019-05-14 19:37:08'
Match=>ID :150015 玩家消耗金额:-4400 玩家赢取金额:+3800 返还率:0.863636 单个最高的结算金额:700 从进入到退出之间的最大余额:107214020
Leave=>ID:150015 Money:107212360 '2019-05-14 19:41:32'
	ID:150015 翻牌统计: 攻击次数:1,击杀次数:0,免伤次数:0,空卡次数:0,宝箱次数:0,普通怪次数:1,Boss怪次数:0,消耗:20 收益:0 返回率:0.000000;
	ID:150015 BOXID:100	攻击次数:1,击杀次数:0,免伤次数:0,消耗:20,收益:0,单次最大盈利:0 单次时间:1970-01-01 08:00:00;
	ID:150015 ALLMONSTERID 消耗:0,收益:0,返回率:0.000000;
	ID:150015 过敏源剧情 消耗:4380,收益:3800,返回率:0.867580;
2019/05/14 19:45:02.133200 git.huoys.com/qp/cells/game_trace.polling 557 Info: log money polling....
	全局统计 翻牌统计: 攻击次数:1,击杀次数:0,免伤次数:0,空卡次数:0,宝箱次数:0,普通怪次数:1,Boss怪次数:0,消耗:20 收益:0 返回率:0.000000;
	全局统计 BOXID:100	攻击次数:1,击杀次数:0,免伤次数:0,消耗:20,收益:0,单次最大盈利:0 单次时间:2019-05-14 19:45:02;
	全局统计 ALLMONSTERID 消耗:0,收益:0,返回率:0.000000;
	全局统计 过敏源剧情 消耗:5240,收益:5700,返回率:1.087786;
	全局统计 总输赢:440 总消耗:-5260 总收益:+5700 总免伤次数:0 总免伤:0 返回率:1.083650 时间:2019-05-14_19_45_02
2019/05/14 19:46:00.218200 git.huoys.com/qp/cells/module/room/logic/storysys.(*Allergen).CalcSettle 322 Info: Allergen Settle uid:150015 entermoney:107211920 2019-05-14_19_45_48 lockratio:10 totaltimes:20 consume:20 groupindex:2 group:{Weight:1 Detail:[0 0 1 0 0] RewardTimes:20} attack: reward:200 levemoney:107212120 2019-05-14_19_46_00
2019/05/14 19:46:00.227200 git.huoys.com/qp/cells/game_trace.LogSettle 473 Info: 	 单局结算 uid:150015 剩余金币:107212120 消耗:440 收益:200 写分增量:-240 阵容变化:[201,200,202,],[201,200,202,],[201,200,202,], 
2019/05/14 19:46:00.339200 git.huoys.com/qp/cells/game_trace.LeaveGame 458 Info: 
Enter=>ID:150015 Money:107212360 '2019-05-14 19:45:36'
Match=>ID :150015 玩家消耗金额:-440 玩家赢取金额:+200 返还率:0.454545 单个最高的结算金额:200 从进入到退出之间的最大余额:107212360
Leave=>ID:150015 Money:107212120 '2019-05-14 19:46:00'
	ID:150015 翻牌统计: 攻击次数:0,击杀次数:0,免伤次数:0,空卡次数:0,宝箱次数:0,普通怪次数:0,Boss怪次数:0,消耗:0 收益:0 返回率:0.000000;
	ID:150015 ALLMONSTERID 消耗:0,收益:0,返回率:0.000000;
	ID:150015 过敏源剧情 消耗:440,收益:200,返回率:0.454545;
2019/05/14 19:47:45.486200 git.huoys.com/qp/cells/module/room/logic/storysys.(*Allergen).CalcSettle 322 Info: Allergen Settle uid:150015 entermoney:107210260 2019-05-14_19_47_24 lockratio:10 totaltimes:110 consume:20 groupindex:19 group:{Weight:20 Detail:[1 0 0 1 1] RewardTimes:110} attack: reward:1100 levemoney:107211360 2019-05-14_19_47_45
2019/05/14 19:47:45.498200 git.huoys.com/qp/cells/game_trace.LogSettle 473 Info: 	 单局结算 uid:150015 剩余金币:107211360 消耗:1860 收益:1100 写分增量:-760 阵容变化:[201,200,202,],[201,200,202,],[201,200,202,], 
2019/05/14 19:47:45.539200 git.huoys.com/qp/cells/game_trace.LeaveGame 458 Info: 
Enter=>ID:150015 Money:107212120 '2019-05-14 19:46:40'
Match=>ID :150015 玩家消耗金额:-1860 玩家赢取金额:+1100 返还率:0.591398 单个最高的结算金额:1100 从进入到退出之间的最大余额:107212120
Leave=>ID:150015 Money:107211360 '2019-05-14 19:47:45'
	ID:150015 翻牌统计: 攻击次数:0,击杀次数:0,免伤次数:0,空卡次数:0,宝箱次数:0,普通怪次数:0,Boss怪次数:0,消耗:0 收益:0 返回率:0.000000;
	ID:150015 ALLMONSTERID 消耗:0,收益:0,返回率:0.000000;
	ID:150015 过敏源剧情 消耗:1860,收益:1100,返回率:0.591398;
2019/05/14 19:48:21.802200 git.huoys.com/qp/cells/game_trace.LogSettle 473 Info: 	 单局结算 uid:150015 剩余金币:107211360 消耗:0 收益:0 写分增量:0 阵容变化:[201,200,202,],[201,200,202,],[201,200,202,], 
2019/05/14 19:48:21.878200 git.huoys.com/qp/cells/game_trace.LeaveGame 458 Info: 
Enter=>ID:150015 Money:107211360 '2019-05-14 19:48:18'
Match=>ID :150015 玩家消耗金额:-0 玩家赢取金额:+0 返还率:0.000000 单个最高的结算金额:0 从进入到退出之间的最大余额:107211360
Leave=>ID:150015 Money:107211360 '2019-05-14 19:48:21'
	ID:150015 翻牌统计: 攻击次数:0,击杀次数:0,免伤次数:0,空卡次数:0,宝箱次数:0,普通怪次数:0,Boss怪次数:0,消耗:0 收益:0 返回率:0.000000;
	ID:150015 ALLMONSTERID 消耗:0,收益:0,返回率:0.000000;
	ID:150015 过敏源剧情 消耗:0,收益:0,返回率:0.000000;
2019/05/14 19:48:43.144200 git.huoys.com/qp/cells/module/room/logic/storysys.(*Allergen).CalcSettle 322 Info: Allergen Settle uid:150015 entermoney:107211200 2019-05-14_19_48_32 lockratio:10 totaltimes:110 consume:20 groupindex:14 group:{Weight:20 Detail:[1 1 0 0 1] RewardTimes:110} attack: reward:1100 levemoney:107212300 2019-05-14_19_48_43
2019/05/14 19:48:43.163200 git.huoys.com/qp/cells/game_trace.LogSettle 473 Info: 	 单局结算 uid:150015 剩余金币:107212300 消耗:160 收益:1100 写分增量:940 阵容变化:[201,200,202,],[201,200,202,],[201,200,202,], 
2019/05/14 19:48:43.231200 git.huoys.com/qp/cells/game_trace.LeaveGame 458 Info: 
Enter=>ID:150015 Money:107211360 '2019-05-14 19:48:25'
Match=>ID :150015 玩家消耗金额:-160 玩家赢取金额:+1100 返还率:6.875000 单个最高的结算金额:1100 从进入到退出之间的最大余额:107212300
Leave=>ID:150015 Money:107212300 '2019-05-14 19:48:43'
	ID:150015 翻牌统计: 攻击次数:0,击杀次数:0,免伤次数:0,空卡次数:0,宝箱次数:0,普通怪次数:0,Boss怪次数:0,消耗:0 收益:0 返回率:0.000000;
	ID:150015 ALLMONSTERID 消耗:0,收益:0,返回率:0.000000;
	ID:150015 过敏源剧情 消耗:160,收益:1100,返回率:6.875000;
2019/05/14 19:50:43.142200 git.huoys.com/qp/cells/module/room/logic/storysys.(*Allergen).CalcSettle 322 Info: Allergen Settle uid:150015 entermoney:107211300 2019-05-14_19_50_20 lockratio:10 totaltimes:20 consume:20 groupindex:4 group:{Weight:1 Detail:[0 0 0 0 1] RewardTimes:20} attack:0-0,1-0,2-0,3-0,4-200, reward:200 levemoney:107211500 2019-05-14_19_50_43
2019/05/14 19:50:51.910200 git.huoys.com/qp/cells/game_trace.LogSettle 473 Info: 	 单局结算 uid:150015 剩余金币:107211500 消耗:1000 收益:200 写分增量:-800 阵容变化:[201,200,202,],[201,200,202,],[201,200,202,],[201,200,202,],[201,200,202,],[201,200,202,], 
2019/05/14 19:50:52.036200 git.huoys.com/qp/cells/game_trace.LeaveGame 458 Info: 
Enter=>ID:150015 Money:107212300 '2019-05-14 19:49:57'
Match=>ID :150015 玩家消耗金额:-1000 玩家赢取金额:+200 返还率:0.200000 单个最高的结算金额:200 从进入到退出之间的最大余额:107212300
Leave=>ID:150015 Money:107211500 '2019-05-14 19:50:52'
	ID:150015 翻牌统计: 攻击次数:0,击杀次数:0,免伤次数:0,空卡次数:0,宝箱次数:0,普通怪次数:0,Boss怪次数:0,消耗:0 收益:0 返回率:0.000000;
	ID:150015 ALLMONSTERID 消耗:0,收益:0,返回率:0.000000;
	ID:150015 过敏源剧情 消耗:1000,收益:200,返回率:0.200000;
2019/05/14 19:53:17.900200 git.huoys.com/qp/cells/module/room/logic/storysys.(*Allergen).CalcSettle 322 Info: Allergen Settle uid:150015 entermoney:107209480 2019-05-14_19_52_25 lockratio:10 totaltimes:170 consume:20 groupindex:24 group:{Weight:30 Detail:[1 1 1 0 1] RewardTimes:170} attack:0-400,1-500,2-600,3-0,4-200, reward:1700 levemoney:107211180 2019-05-14_19_53_17
2019/05/14 19:53:33.224200 git.huoys.com/qp/cells/game_trace.LogSettle 473 Info: 	 单局结算 uid:150015 剩余金币:107210980 消耗:2220 收益:1700 写分增量:-520 阵容变化:[201,200,202,],[201,200,202,],[201,200,202,],[201,200,202,],[201,200,202,],[201,200,202,], 
2019/05/14 19:54:29.415200 git.huoys.com/qp/cells/module/room/logic/storysys.(*Allergen).CalcSettle 322 Info: Allergen Settle uid:150015 entermoney:107208480 2019-05-14_19_54_24 lockratio:10 totaltimes:170 consume:20 groupindex:24 group:{Weight:30 Detail:[1 1 1 0 1] RewardTimes:170} attack: reward:1700 levemoney:107210180 2019-05-14_19_54_29
2019/05/14 19:54:29.419200 git.huoys.com/qp/cells/game_trace.LogSettle 473 Info: 	 单局结算 uid:150015 剩余金币:107210180 消耗:2500 收益:1700 写分增量:-800 阵容变化:[201,200,202,], 
2019/05/14 19:54:29.495200 git.huoys.com/qp/cells/game_trace.LeaveGame 458 Info: 
Enter=>ID:150015 Money:107211500 '2019-05-14 19:51:32'
Match=>ID :150015 玩家消耗金额:-4720 玩家赢取金额:+3400 返还率:0.720339 单个最高的结算金额:1700 从进入到退出之间的最大余额:107211500
Leave=>ID:150015 Money:107210180 '2019-05-14 19:54:29'
	ID:150015 翻牌统计: 攻击次数:0,击杀次数:0,免伤次数:0,空卡次数:0,宝箱次数:0,普通怪次数:0,Boss怪次数:0,消耗:0 收益:0 返回率:0.000000;
	ID:150015 ALLMONSTERID 消耗:0,收益:0,返回率:0.000000;
	ID:150015 过敏源剧情 消耗:4720,收益:3400,返回率:0.720339;
2019/05/14 19:55:46.021200 git.huoys.com/qp/cells/module/room/logic/storysys.(*Allergen).CalcSettle 322 Info: Allergen Settle uid:150015 entermoney:107209080 2019-05-14_19_55_13 lockratio:10 totaltimes:150 consume:20 groupindex:23 group:{Weight:30 Detail:[1 1 1 0 0] RewardTimes:150} attack:0-400,1-500, reward:1500 levemoney:107210580 2019-05-14_19_55_46
2019/05/14 19:55:46.034200 git.huoys.com/qp/cells/game_trace.LogSettle 473 Info: 	 单局结算 uid:150015 剩余金币:107210580 消耗:1100 收益:1500 写分增量:400 阵容变化:[201,200,202,],[201,200,202,],[201,200,202,], 
2019/05/14 19:55:46.159200 git.huoys.com/qp/cells/game_trace.LeaveGame 458 Info: 
Enter=>ID:150015 Money:107210180 '2019-05-14 19:54:41'
Match=>ID :150015 玩家消耗金额:-1100 玩家赢取金额:+1500 返还率:1.363636 单个最高的结算金额:600 从进入到退出之间的最大余额:107210580
Leave=>ID:150015 Money:107210580 '2019-05-14 19:55:46'
	ID:150015 翻牌统计: 攻击次数:0,击杀次数:0,免伤次数:0,空卡次数:0,宝箱次数:0,普通怪次数:0,Boss怪次数:0,消耗:0 收益:0 返回率:0.000000;
	ID:150015 ALLMONSTERID 消耗:0,收益:0,返回率:0.000000;
	ID:150015 过敏源剧情 消耗:1100,收益:1500,返回率:1.363636;
2019/05/14 20:15:02.230200 git.huoys.com/qp/cells/game_trace.polling 557 Info: log money polling....
	全局统计 翻牌统计: 攻击次数:0,击杀次数:0,免伤次数:0,空卡次数:0,宝箱次数:0,普通怪次数:0,Boss怪次数:0,消耗:0 收益:0 返回率:0.000000;
	全局统计 BOXID:100	攻击次数:0,击杀次数:0,免伤次数:0,消耗:0,收益:0,单次最大盈利:0 单次时间:2019-05-14 20:15:02;
	全局统计 ALLMONSTERID 消耗:0,收益:0,返回率:0.000000;
	全局统计 过敏源剧情 消耗:9280,收益:7500,返回率:0.808190;
	全局统计 总输赢:-1780 总消耗:-9280 总收益:+7500 总免伤次数:0 总免伤:0 返回率:0.808190 时间:2019-05-14_20_15_02
2019/05/14 20:45:02.246200 git.huoys.com/qp/cells/game_trace.polling 557 Info: log money polling....
	全局统计 翻牌统计: 攻击次数:0,击杀次数:0,免伤次数:0,空卡次数:0,宝箱次数:0,普通怪次数:0,Boss怪次数:0,消耗:0 收益:0 返回率:0.000000;
	全局统计 BOXID:100	攻击次数:0,击杀次数:0,免伤次数:0,消耗:0,收益:0,单次最大盈利:0 单次时间:2019-05-14 20:45:02;
	全局统计 ALLMONSTERID 消耗:0,收益:0,返回率:0.000000;
	全局统计 过敏源剧情 消耗:0,收益:0,返回率:0.000000;
	全局统计 总输赢:0 总消耗:-0 总收益:+0 总免伤次数:0 总免伤:0 返回率:0.000000 时间:2019-05-14_20_45_02
2019/05/14 20:49:22.705200 git.huoys.com/qp/cells/module/room/logic/storysys.(*Allergen).CalcSettle 322 Info: Allergen Settle uid:150015 entermoney:107209100 2019-05-14_20_48_34 lockratio:10 totaltimes:170 consume:20 groupindex:26 group:{Weight:30 Detail:[1 0 1 1 1] RewardTimes:170} attack:0-400,1-0,2-200,3-500,4-600, reward:1700 levemoney:107210800 2019-05-14_20_49_22
2019/05/14 20:50:00.342200 git.huoys.com/qp/cells/game_trace.LogSettle 473 Info: 	 单局结算 uid:150015 剩余金币:107209480 消耗:2800 收益:1700 写分增量:-1100 阵容变化:[201,200,202,],[201,200,202,],[201,200,202,],[201,200,202,],[201,200,202,],[201,200,202,], 
2019/05/14 20:50:28.348200 git.huoys.com/qp/cells/module/room/logic/storysys.(*Allergen).CalcSettle 322 Info: Allergen Settle uid:150015 entermoney:107209160 2019-05-14_20_50_06 lockratio:10 totaltimes:70 consume:20 groupindex:15 group:{Weight:20 Detail:[0 1 1 0 0] RewardTimes:70} attack: reward:700 levemoney:107209860 2019-05-14_20_50_28
2019/05/14 20:50:28.348200 git.huoys.com/qp/cells/game_trace.LogSettle 473 Info: 	 单局结算 uid:150015 剩余金币:107209860 消耗:320 收益:700 写分增量:380 阵容变化:[201,200,202,], 
2019/05/14 20:50:28.397200 git.huoys.com/qp/cells/game_trace.LeaveGame 458 Info: 
Enter=>ID:150015 Money:107210580 '2019-05-14 20:47:59'
Match=>ID :150015 玩家消耗金额:-3120 玩家赢取金额:+2400 返还率:0.769231 单个最高的结算金额:700 从进入到退出之间的最大余额:107210800
Leave=>ID:150015 Money:107209860 '2019-05-14 20:50:28'
	ID:150015 翻牌统计: 攻击次数:0,击杀次数:0,免伤次数:0,空卡次数:0,宝箱次数:0,普通怪次数:0,Boss怪次数:0,消耗:0 收益:0 返回率:0.000000;
	ID:150015 ALLMONSTERID 消耗:0,收益:0,返回率:0.000000;
	ID:150015 过敏源剧情 消耗:3120,收益:2400,返回率:0.769231;
2019/05/14 20:51:28.921200 git.huoys.com/qp/cells/module/room/logic/storysys.(*Allergen).CalcSettle 322 Info: Allergen Settle uid:150015 entermoney:107208760 2019-05-14_20_50_47 lockratio:10 totaltimes:110 consume:20 groupindex:13 group:{Weight:20 Detail:[1 1 0 1 0] RewardTimes:110} attack:0-400,1-500,2-0,3-200,4-0, reward:1100 levemoney:107209860 2019-05-14_20_51_28
2019/05/14 20:51:42.781200 git.huoys.com/qp/cells/game_trace.LogSettle 473 Info: 	 单局结算 uid:150015 剩余金币:107209700 消耗:1260 收益:1100 写分增量:-160 阵容变化:[201,200,202,],[201,200,202,],[201,200,202,],[201,200,202,],[201,200,202,],[201,200,202,], 
2019/05/14 20:51:42.844200 git.huoys.com/qp/cells/game_trace.LeaveGame 458 Info: 
Enter=>ID:150015 Money:107209860 '2019-05-14 20:50:34'
Match=>ID :150015 玩家消耗金额:-1260 玩家赢取金额:+1100 返还率:0.873016 单个最高的结算金额:500 从进入到退出之间的最大余额:107209860
Leave=>ID:150015 Money:107209700 '2019-05-14 20:51:42'
	ID:150015 翻牌统计: 攻击次数:3,击杀次数:0,免伤次数:0,空卡次数:0,宝箱次数:0,普通怪次数:3,Boss怪次数:0,消耗:60 收益:0 返回率:0.000000;
	ID:150015 BOXID:100	攻击次数:2,击杀次数:0,免伤次数:0,消耗:40,收益:0,单次最大盈利:0 单次时间:1970-01-01 08:00:00;
	ID:150015 BOXID:102	攻击次数:1,击杀次数:0,免伤次数:0,消耗:20,收益:0,单次最大盈利:0 单次时间:1970-01-01 08:00:00;
	ID:150015 ALLMONSTERID 消耗:0,收益:0,返回率:0.000000;
	ID:150015 过敏源剧情 消耗:1200,收益:1100,返回率:0.916667;
2019/05/14 21:07:14.737200 git.huoys.com/qp/cells/game_trace.LogSettle 473 Info: 	 单局结算 uid:150015 剩余金币:107208170 消耗:4080 收益:2550 写分增量:-1530 阵容变化:[201,200,202,],[201,200,202,],[201,200,202,], 
2019/05/14 21:07:14.823200 git.huoys.com/qp/cells/game_trace.LeaveGame 458 Info: 
Enter=>ID:150015 Money:107209700 '2019-05-14 21:06:22'
Match=>ID :150015 玩家消耗金额:-4080 玩家赢取金额:+2550 返还率:0.625000 单个最高的结算金额:830 从进入到退出之间的最大余额:107209770
Leave=>ID:150015 Money:107208170 '2019-05-14 21:07:14'
	ID:150015 翻牌统计: 攻击次数:79,击杀次数:0,免伤次数:0,空卡次数:12,宝箱次数:2,普通怪次数:64,Boss怪次数:1,消耗:1580 收益:280 返回率:0.177215;
	ID:150015 BOXID:100	攻击次数:30,击杀次数:2,免伤次数:0,消耗:600,收益:280,单次最大盈利:170 单次时间:2019-05-14 21:07:01;
	ID:150015 BOXID:101	攻击次数:41,击杀次数:0,免伤次数:0,消耗:820,收益:0,单次最大盈利:0 单次时间:1970-01-01 08:00:00;
	ID:150015 BOXID:102	攻击次数:8,击杀次数:0,免伤次数:0,消耗:160,收益:0,单次最大盈利:0 单次时间:1970-01-01 08:00:00;
	ID:150015 MONSTERID:300	攻击次数:1,免伤次数:0,击杀次数:1,消耗:20,收益:30,单次最大盈利:30 单次时间:2019-05-14 21:06:46;
	ID:150015 MONSTERID:301	攻击次数:6,免伤次数:0,击杀次数:3,消耗:120,收益:80,单次最大盈利:40 单次时间:2019-05-14 21:06:34;
	ID:150015 MONSTERID:302	攻击次数:5,免伤次数:0,击杀次数:3,消耗:100,收益:100,单次最大盈利:40 单次时间:2019-05-14 21:06:43;
	ID:150015 MONSTERID:303	攻击次数:8,免伤次数:0,击杀次数:4,消耗:160,收益:260,单次最大盈利:80 单次时间:2019-05-14 21:06:35;
	ID:150015 MONSTERID:304	攻击次数:11,免伤次数:0,击杀次数:2,消耗:220,收益:160,单次最大盈利:100 单次时间:2019-05-14 21:06:49;
	ID:150015 MONSTERID:305	攻击次数:13,免伤次数:0,击杀次数:4,消耗:260,收益:250,单次最大盈利:110 单次时间:2019-05-14 21:06:37;
	ID:150015 MONSTERID:306	攻击次数:19,免伤次数:0,击杀次数:1,消耗:380,收益:110,单次最大盈利:110 单次时间:2019-05-14 21:07:08;
	ID:150015 MONSTERID:307	攻击次数:4,免伤次数:0,击杀次数:3,消耗:80,收益:450,单次最大盈利:200 单次时间:2019-05-14 21:06:39;
	ID:150015 MONSTERID:312	攻击次数:52,免伤次数:0,击杀次数:1,消耗:1040,收益:830,单次最大盈利:830 单次时间:2019-05-14 21:07:03;
	ID:150015 ALLMONSTERID 消耗:2380,收益:2270,返回率:0.953782;
	ID:150015 过敏源剧情 消耗:120,收益:0,返回率:0.000000;
2019/05/14 21:09:10.680200 git.huoys.com/qp/cells/game_trace.LogSettle 473 Info: 	 单局结算 uid:150015 剩余金币:107206400 消耗:5980 收益:4210 写分增量:-1770 阵容变化:[201,200,202,],[201,200,202,],[201,200,202,], 
2019/05/14 21:09:10.775200 git.huoys.com/qp/cells/game_trace.LeaveGame 458 Info: 
Enter=>ID:150015 Money:107208170 '2019-05-14 21:08:06'
Match=>ID :150015 玩家消耗金额:-5980 玩家赢取金额:+4210 返还率:0.704013 单个最高的结算金额:280 从进入到退出之间的最大余额:107208310
Leave=>ID:150015 Money:107206400 '2019-05-14 21:09:10'
	ID:150015 翻牌统计: 攻击次数:117,击杀次数:0,免伤次数:0,空卡次数:20,宝箱次数:10,普通怪次数:86,Boss怪次数:1,消耗:2340 收益:1840 返回率:0.786325;
	ID:150015 BOXID:100	攻击次数:55,击杀次数:8,免伤次数:0,消耗:1100,收益:1290,单次最大盈利:200 单次时间:2019-05-14 21:08:39;
	ID:150015 BOXID:101	攻击次数:49,击杀次数:2,免伤次数:0,消耗:980,收益:550,单次最大盈利:280 单次时间:2019-05-14 21:08:50;
	ID:150015 BOXID:102	攻击次数:13,击杀次数:0,免伤次数:0,消耗:260,收益:0,单次最大盈利:0 单次时间:1970-01-01 08:00:00;
	ID:150015 MONSTERID:300	攻击次数:12,免伤次数:0,击杀次数:8,消耗:240,收益:220,单次最大盈利:40 单次时间:2019-05-14 21:08:15;
	ID:150015 MONSTERID:301	攻击次数:2,免伤次数:0,击杀次数:2,消耗:40,收益:60,单次最大盈利:40 单次时间:2019-05-14 21:08:20;
	ID:150015 MONSTERID:302	攻击次数:10,免伤次数:0,击杀次数:7,消耗:200,收益:260,单次最大盈利:50 单次时间:2019-05-14 21:08:37;
	ID:150015 MONSTERID:303	攻击次数:7,免伤次数:0,击杀次数:5,消耗:140,收益:270,单次最大盈利:70 单次时间:2019-05-14 21:09:03;
	ID:150015 MONSTERID:304	攻击次数:14,免伤次数:0,击杀次数:2,消耗:280,收益:130,单次最大盈利:70 单次时间:2019-05-14 21:08:19;
	ID:150015 MONSTERID:305	攻击次数:17,免伤次数:0,击杀次数:5,消耗:340,收益:440,单次最大盈利:120 单次时间:2019-05-14 21:09:02;
	ID:150015 MONSTERID:306	攻击次数:1,免伤次数:0,击杀次数:1,消耗:20,收益:160,单次最大盈利:160 单次时间:2019-05-14 21:08:24;
	ID:150015 MONSTERID:307	攻击次数:38,免伤次数:0,击杀次数:5,消耗:760,收益:830,单次最大盈利:200 单次时间:2019-05-14 21:08:30;
	ID:150015 MONSTERID:312	攻击次数:67,免伤次数:0,击杀次数:0,消耗:1340,收益:0,单次最大盈利:0 单次时间:1970-01-01 08:00:00;
	ID:150015 ALLMONSTERID 消耗:3360,收益:2370,返回率:0.705357;
	ID:150015 过敏源剧情 消耗:280,收益:0,返回率:0.000000;
2019/05/14 21:09:45.531200 git.huoys.com/qp/cells/game_trace.LogSettle 473 Info: 	 单局结算 uid:150015 剩余金币:107206380 消耗:40 收益:20 写分增量:-20 阵容变化:[201,200,202,],[201,200,202,],[201,200,202,], 
2019/05/14 21:09:45.639200 git.huoys.com/qp/cells/game_trace.LeaveGame 458 Info: 
Enter=>ID:150015 Money:107206400 '2019-05-14 21:09:32'
Match=>ID :150015 玩家消耗金额:-40 玩家赢取金额:+20 返还率:0.500000 单个最高的结算金额:20 从进入到退出之间的最大余额:107206400
Leave=>ID:150015 Money:107206380 '2019-05-14 21:09:45'
	ID:150015 翻牌统计: 攻击次数:1,击杀次数:0,免伤次数:0,空卡次数:0,宝箱次数:0,普通怪次数:1,Boss怪次数:0,消耗:20 收益:0 返回率:0.000000;
	ID:150015 BOXID:101	攻击次数:1,击杀次数:0,免伤次数:0,消耗:20,收益:0,单次最大盈利:0 单次时间:1970-01-01 08:00:00;
	ID:150015 MONSTERID:302	攻击次数:1,免伤次数:0,击杀次数:1,消耗:20,收益:20,单次最大盈利:20 单次时间:2019-05-14 21:09:38;
	ID:150015 ALLMONSTERID 消耗:20,收益:20,返回率:1.000000;
	ID:150015 过敏源剧情 消耗:0,收益:0,返回率:0.000000;
2019/05/14 21:11:47.575200 git.huoys.com/qp/cells/game_trace.LogSettle 473 Info: 	 单局结算 uid:150015 剩余金币:107206250 消耗:160 收益:30 写分增量:-130 阵容变化:[201,200,202,],[201,200,202,],[201,200,202,], 
2019/05/14 21:11:47.655200 git.huoys.com/qp/cells/game_trace.LeaveGame 458 Info: 
Enter=>ID:150015 Money:107206380 '2019-05-14 21:11:02'
Match=>ID :150015 玩家消耗金额:-160 玩家赢取金额:+30 返还率:0.187500 单个最高的结算金额:30 从进入到退出之间的最大余额:107206380
Leave=>ID:150015 Money:107206250 '2019-05-14 21:11:47'
	ID:150015 翻牌统计: 攻击次数:3,击杀次数:0,免伤次数:0,空卡次数:2,宝箱次数:0,普通怪次数:1,Boss怪次数:0,消耗:60 收益:0 返回率:0.000000;
	ID:150015 BOXID:100	攻击次数:3,击杀次数:0,免伤次数:0,消耗:60,收益:0,单次最大盈利:0 单次时间:1970-01-01 08:00:00;
	ID:150015 MONSTERID:301	攻击次数:4,免伤次数:0,击杀次数:1,消耗:80,收益:30,单次最大盈利:30 单次时间:2019-05-14 21:11:08;
	ID:150015 ALLMONSTERID 消耗:80,收益:30,返回率:0.375000;
	ID:150015 过敏源剧情 消耗:20,收益:0,返回率:0.000000;
2019/05/14 21:12:20.240200 git.huoys.com/qp/cells/game_trace.LogSettle 473 Info: 	 单局结算 uid:150015 剩余金币:107206210 消耗:100 收益:60 写分增量:-40 阵容变化:[201,200,202,],[201,200,202,],[201,200,202,], 
2019/05/14 21:12:20.384200 git.huoys.com/qp/cells/game_trace.LeaveGame 458 Info: 
Enter=>ID:150015 Money:107206250 '2019-05-14 21:11:54'
Match=>ID :150015 玩家消耗金额:-100 玩家赢取金额:+60 返还率:0.600000 单个最高的结算金额:60 从进入到退出之间的最大余额:107206250
Leave=>ID:150015 Money:107206210 '2019-05-14 21:12:20'
	ID:150015 翻牌统计: 攻击次数:1,击杀次数:0,免伤次数:0,空卡次数:0,宝箱次数:0,普通怪次数:1,Boss怪次数:0,消耗:20 收益:0 返回率:0.000000;
	ID:150015 BOXID:100	攻击次数:1,击杀次数:0,免伤次数:0,消耗:20,收益:0,单次最大盈利:0 单次时间:1970-01-01 08:00:00;
	ID:150015 MONSTERID:304	攻击次数:4,免伤次数:0,击杀次数:1,消耗:80,收益:60,单次最大盈利:60 单次时间:2019-05-14 21:11:59;
	ID:150015 ALLMONSTERID 消耗:80,收益:60,返回率:0.750000;
	ID:150015 过敏源剧情 消耗:0,收益:0,返回率:0.000000;
2019/05/14 21:13:50.085200 git.huoys.com/qp/cells/game_trace.LogSettle 473 Info: 	 单局结算 uid:150015 剩余金币:107206100 消耗:180 收益:70 写分增量:-110 阵容变化:[201,200,202,],[201,200,202,],[201,200,202,], 
2019/05/14 21:13:50.168200 git.huoys.com/qp/cells/game_trace.LeaveGame 458 Info: 
Enter=>ID:150015 Money:107206210 '2019-05-14 21:12:57'
Match=>ID :150015 玩家消耗金额:-180 玩家赢取金额:+70 返还率:0.388889 单个最高的结算金额:70 从进入到退出之间的最大余额:107206210
Leave=>ID:150015 Money:107206100 '2019-05-14 21:13:50'
	ID:150015 翻牌统计: 攻击次数:1,击杀次数:0,免伤次数:0,空卡次数:0,宝箱次数:0,普通怪次数:1,Boss怪次数:0,消耗:20 收益:0 返回率:0.000000;
	ID:150015 BOXID:101	攻击次数:1,击杀次数:0,免伤次数:0,消耗:20,收益:0,单次最大盈利:0 单次时间:1970-01-01 08:00:00;
	ID:150015 MONSTERID:304	攻击次数:7,免伤次数:0,击杀次数:1,消耗:140,收益:70,单次最大盈利:70 单次时间:2019-05-14 21:13:08;
	ID:150015 ALLMONSTERID 消耗:140,收益:70,返回率:0.500000;
	ID:150015 过敏源剧情 消耗:20,收益:0,返回率:0.000000;
2019/05/14 21:14:09.853200 git.huoys.com/qp/cells/game_trace.LogSettle 473 Info: 	 单局结算 uid:150015 剩余金币:107206330 消耗:60 收益:290 写分增量:230 阵容变化:[201,200,202,],[201,200,202,],[201,200,202,], 
2019/05/14 21:14:09.898200 git.huoys.com/qp/cells/game_trace.LeaveGame 458 Info: 
Enter=>ID:150015 Money:107206100 '2019-05-14 21:13:59'
Match=>ID :150015 玩家消耗金额:-60 玩家赢取金额:+290 返还率:4.833333 单个最高的结算金额:250 从进入到退出之间的最大余额:107206330
Leave=>ID:150015 Money:107206330 '2019-05-14 21:14:09'
	ID:150015 翻牌统计: 攻击次数:2,击杀次数:0,免伤次数:0,空卡次数:0,宝箱次数:1,普通怪次数:1,Boss怪次数:0,消耗:40 收益:250 返回率:6.250000;
	ID:150015 BOXID:100	攻击次数:1,击杀次数:0,免伤次数:0,消耗:20,收益:0,单次最大盈利:0 单次时间:1970-01-01 08:00:00;
	ID:150015 BOXID:101	攻击次数:1,击杀次数:1,免伤次数:0,消耗:20,收益:250,单次最大盈利:250 单次时间:2019-05-14 21:14:02;
	ID:150015 MONSTERID:301	攻击次数:1,免伤次数:0,击杀次数:1,消耗:20,收益:40,单次最大盈利:40 单次时间:2019-05-14 21:14:04;
	ID:150015 ALLMONSTERID 消耗:20,收益:40,返回率:2.000000;
	ID:150015 过敏源剧情 消耗:0,收益:0,返回率:0.000000;
2019/05/14 21:15:02.509200 git.huoys.com/qp/cells/game_trace.polling 557 Info: log money polling....
	全局统计 翻牌统计: 攻击次数:207,击杀次数:0,免伤次数:0,空卡次数:34,宝箱次数:13,普通怪次数:158,Boss怪次数:2,消耗:4140 收益:2370 返回率:0.572464;
	全局统计 BOXID:100	攻击次数:92,击杀次数:10,免伤次数:0,消耗:1840,收益:1570,单次最大盈利:200 单次时间:2019-05-14 21:15:02;
	全局统计 BOXID:101	攻击次数:93,击杀次数:3,免伤次数:0,消耗:1860,收益:800,单次最大盈利:280 单次时间:2019-05-14 21:15:02;
	全局统计 BOXID:102	攻击次数:22,击杀次数:0,免伤次数:0,消耗:440,收益:0,单次最大盈利:0 单次时间:2019-05-14 21:15:02;
	全局统计 MONSTERID:300	攻击次数:13,免伤次数:0,击杀次数:9,消耗:260,收益:250,单次最大盈利:40 单次时间:2019-05-14 21:15:02;
	全局统计 MONSTERID:301	攻击次数:13,免伤次数:0,击杀次数:7,消耗:260,收益:210,单次最大盈利:40 单次时间:2019-05-14 21:15:02;
	全局统计 MONSTERID:302	攻击次数:16,免伤次数:0,击杀次数:11,消耗:320,收益:380,单次最大盈利:50 单次时间:2019-05-14 21:15:02;
	全局统计 MONSTERID:303	攻击次数:15,免伤次数:0,击杀次数:9,消耗:300,收益:530,单次最大盈利:80 单次时间:2019-05-14 21:15:02;
	全局统计 MONSTERID:304	攻击次数:36,免伤次数:0,击杀次数:6,消耗:720,收益:420,单次最大盈利:100 单次时间:2019-05-14 21:15:02;
	全局统计 MONSTERID:305	攻击次数:30,免伤次数:0,击杀次数:9,消耗:600,收益:690,单次最大盈利:120 单次时间:2019-05-14 21:15:02;
	全局统计 MONSTERID:306	攻击次数:20,免伤次数:0,击杀次数:2,消耗:400,收益:270,单次最大盈利:160 单次时间:2019-05-14 21:15:02;
	全局统计 MONSTERID:307	攻击次数:42,免伤次数:0,击杀次数:8,消耗:840,收益:1280,单次最大盈利:200 单次时间:2019-05-14 21:15:02;
	全局统计 MONSTERID:312	攻击次数:119,免伤次数:0,击杀次数:1,消耗:2380,收益:830,单次最大盈利:830 单次时间:2019-05-14 21:15:02;
	全局统计 ALLMONSTERID 消耗:6080,收益:4860,返回率:0.799342;
	全局统计 过敏源剧情 消耗:4760,收益:3500,返回率:0.735294;
	全局统计 总输赢:-4250 总消耗:-14980 总收益:+10730 总免伤次数:0 总免伤:0 返回率:0.716288 时间:2019-05-14_21_15_02
2019/05/14 21:15:39.747200 git.huoys.com/qp/cells/game_trace.LogSettle 473 Info: 	 单局结算 uid:150015 剩余金币:107206300 消耗:60 收益:30 写分增量:-30 阵容变化:[201,200,202,],[201,200,202,],[201,200,202,], 
2019/05/14 21:15:39.865200 git.huoys.com/qp/cells/game_trace.LeaveGame 458 Info: 
Enter=>ID:150015 Money:107206330 '2019-05-14 21:15:06'
Match=>ID :150015 玩家消耗金额:-60 玩家赢取金额:+30 返还率:0.500000 单个最高的结算金额:30 从进入到退出之间的最大余额:107206330
Leave=>ID:150015 Money:107206300 '2019-05-14 21:15:39'
	ID:150015 翻牌统计: 攻击次数:1,击杀次数:0,免伤次数:0,空卡次数:0,宝箱次数:0,普通怪次数:1,Boss怪次数:0,消耗:20 收益:0 返回率:0.000000;
	ID:150015 BOXID:102	攻击次数:1,击杀次数:0,免伤次数:0,消耗:20,收益:0,单次最大盈利:0 单次时间:1970-01-01 08:00:00;
	ID:150015 MONSTERID:301	攻击次数:1,免伤次数:0,击杀次数:1,消耗:20,收益:30,单次最大盈利:30 单次时间:2019-05-14 21:15:10;
	ID:150015 ALLMONSTERID 消耗:20,收益:30,返回率:1.500000;
	ID:150015 过敏源剧情 消耗:20,收益:0,返回率:0.000000;
2019/05/14 21:16:04.716200 git.huoys.com/qp/cells/game_trace.LogSettle 473 Info: 	 单局结算 uid:150015 剩余金币:107206240 消耗:300 收益:240 写分增量:-60 阵容变化:[201,200,202,],[201,200,202,],[201,200,202,], 
2019/05/14 21:16:04.807200 git.huoys.com/qp/cells/game_trace.LeaveGame 458 Info: 
Enter=>ID:150015 Money:107206300 '2019-05-14 21:15:46'
Match=>ID :150015 玩家消耗金额:-300 玩家赢取金额:+240 返还率:0.800000 单个最高的结算金额:200 从进入到退出之间的最大余额:107206300
Leave=>ID:150015 Money:107206240 '2019-05-14 21:16:04'
	ID:150015 翻牌统计: 攻击次数:3,击杀次数:0,免伤次数:0,空卡次数:1,宝箱次数:0,普通怪次数:2,Boss怪次数:0,消耗:60 收益:0 返回率:0.000000;
	ID:150015 BOXID:100	攻击次数:1,击杀次数:0,免伤次数:0,消耗:20,收益:0,单次最大盈利:0 单次时间:1970-01-01 08:00:00;
	ID:150015 BOXID:101	攻击次数:1,击杀次数:0,免伤次数:0,消耗:20,收益:0,单次最大盈利:0 单次时间:1970-01-01 08:00:00;
	ID:150015 BOXID:102	攻击次数:1,击杀次数:0,免伤次数:0,消耗:20,收益:0,单次最大盈利:0 单次时间:1970-01-01 08:00:00;
	ID:150015 MONSTERID:304	攻击次数:8,免伤次数:0,击杀次数:1,消耗:160,收益:40,单次最大盈利:40 单次时间:2019-05-14 21:15:51;
	ID:150015 MONSTERID:306	攻击次数:4,免伤次数:0,击杀次数:1,消耗:80,收益:200,单次最大盈利:200 单次时间:2019-05-14 21:16:00;
	ID:150015 ALLMONSTERID 消耗:240,收益:240,返回率:1.000000;
	ID:150015 过敏源剧情 消耗:0,收益:0,返回率:0.000000;
2019/05/14 21:45:02.531200 git.huoys.com/qp/cells/game_trace.polling 557 Info: log money polling....
	全局统计 翻牌统计: 攻击次数:4,击杀次数:0,免伤次数:0,空卡次数:1,宝箱次数:0,普通怪次数:3,Boss怪次数:0,消耗:80 收益:0 返回率:0.000000;
	全局统计 BOXID:100	攻击次数:1,击杀次数:0,免伤次数:0,消耗:20,收益:0,单次最大盈利:0 单次时间:2019-05-14 21:45:02;
	全局统计 BOXID:101	攻击次数:1,击杀次数:0,免伤次数:0,消耗:20,收益:0,单次最大盈利:0 单次时间:2019-05-14 21:45:02;
	全局统计 BOXID:102	攻击次数:2,击杀次数:0,免伤次数:0,消耗:40,收益:0,单次最大盈利:0 单次时间:2019-05-14 21:45:02;
	全局统计 MONSTERID:300	攻击次数:0,免伤次数:0,击杀次数:0,消耗:0,收益:0,单次最大盈利:0 单次时间:2019-05-14 21:45:02;
	全局统计 MONSTERID:301	攻击次数:1,免伤次数:0,击杀次数:1,消耗:20,收益:30,单次最大盈利:30 单次时间:2019-05-14 21:45:02;
	全局统计 MONSTERID:302	攻击次数:0,免伤次数:0,击杀次数:0,消耗:0,收益:0,单次最大盈利:0 单次时间:2019-05-14 21:45:02;
	全局统计 MONSTERID:303	攻击次数:0,免伤次数:0,击杀次数:0,消耗:0,收益:0,单次最大盈利:0 单次时间:2019-05-14 21:45:02;
	全局统计 MONSTERID:304	攻击次数:8,免伤次数:0,击杀次数:1,消耗:160,收益:40,单次最大盈利:40 单次时间:2019-05-14 21:45:02;
	全局统计 MONSTERID:305	攻击次数:0,免伤次数:0,击杀次数:0,消耗:0,收益:0,单次最大盈利:0 单次时间:2019-05-14 21:45:02;
	全局统计 MONSTERID:306	攻击次数:4,免伤次数:0,击杀次数:1,消耗:80,收益:200,单次最大盈利:200 单次时间:2019-05-14 21:45:02;
	全局统计 MONSTERID:307	攻击次数:0,免伤次数:0,击杀次数:0,消耗:0,收益:0,单次最大盈利:0 单次时间:2019-05-14 21:45:02;
	全局统计 MONSTERID:312	攻击次数:0,免伤次数:0,击杀次数:0,消耗:0,收益:0,单次最大盈利:0 单次时间:2019-05-14 21:45:02;
	全局统计 ALLMONSTERID 消耗:260,收益:270,返回率:1.038462;
	全局统计 过敏源剧情 消耗:20,收益:0,返回率:0.000000;
	全局统计 总输赢:-90 总消耗:-360 总收益:+270 总免伤次数:0 总免伤:0 返回率:0.750000 时间:2019-05-14_21_45_02
2019/05/14 22:15:02.547200 git.huoys.com/qp/cells/game_trace.polling 557 Info: log money polling....
	全局统计 翻牌统计: 攻击次数:0,击杀次数:0,免伤次数:0,空卡次数:0,宝箱次数:0,普通怪次数:0,Boss怪次数:0,消耗:0 收益:0 返回率:0.000000;
	全局统计 BOXID:100	攻击次数:0,击杀次数:0,免伤次数:0,消耗:0,收益:0,单次最大盈利:0 单次时间:2019-05-14 22:15:02;
	全局统计 BOXID:101	攻击次数:0,击杀次数:0,免伤次数:0,消耗:0,收益:0,单次最大盈利:0 单次时间:2019-05-14 22:15:02;
	全局统计 BOXID:102	攻击次数:0,击杀次数:0,免伤次数:0,消耗:0,收益:0,单次最大盈利:0 单次时间:2019-05-14 22:15:02;
	全局统计 MONSTERID:300	攻击次数:0,免伤次数:0,击杀次数:0,消耗:0,收益:0,单次最大盈利:0 单次时间:2019-05-14 22:15:02;
	全局统计 MONSTERID:301	攻击次数:0,免伤次数:0,击杀次数:0,消耗:0,收益:0,单次最大盈利:0 单次时间:2019-05-14 22:15:02;
	全局统计 MONSTERID:302	攻击次数:0,免伤次数:0,击杀次数:0,消耗:0,收益:0,单次最大盈利:0 单次时间:2019-05-14 22:15:02;
	全局统计 MONSTERID:303	攻击次数:0,免伤次数:0,击杀次数:0,消耗:0,收益:0,单次最大盈利:0 单次时间:2019-05-14 22:15:02;
	全局统计 MONSTERID:304	攻击次数:0,免伤次数:0,击杀次数:0,消耗:0,收益:0,单次最大盈利:0 单次时间:2019-05-14 22:15:02;
	全局统计 MONSTERID:305	攻击次数:0,免伤次数:0,击杀次数:0,消耗:0,收益:0,单次最大盈利:0 单次时间:2019-05-14 22:15:02;
	全局统计 MONSTERID:306	攻击次数:0,免伤次数:0,击杀次数:0,消耗:0,收益:0,单次最大盈利:0 单次时间:2019-05-14 22:15:02;
	全局统计 MONSTERID:307	攻击次数:0,免伤次数:0,击杀次数:0,消耗:0,收益:0,单次最大盈利:0 单次时间:2019-05-14 22:15:02;
	全局统计 MONSTERID:312	攻击次数:0,免伤次数:0,击杀次数:0,消耗:0,收益:0,单次最大盈利:0 单次时间:2019-05-14 22:15:02;
	全局统计 ALLMONSTERID 消耗:0,收益:0,返回率:0.000000;
	全局统计 过敏源剧情 消耗:0,收益:0,返回率:0.000000;
	全局统计 总输赢:0 总消耗:-0 总收益:+0 总免伤次数:0 总免伤:0 返回率:0.000000 时间:2019-05-14_22_15_02
2019/05/14 22:45:02.575200 git.huoys.com/qp/cells/game_trace.polling 557 Info: log money polling....
	全局统计 翻牌统计: 攻击次数:0,击杀次数:0,免伤次数:0,空卡次数:0,宝箱次数:0,普通怪次数:0,Boss怪次数:0,消耗:0 收益:0 返回率:0.000000;
	全局统计 BOXID:100	攻击次数:0,击杀次数:0,免伤次数:0,消耗:0,收益:0,单次最大盈利:0 单次时间:2019-05-14 22:45:02;
	全局统计 BOXID:101	攻击次数:0,击杀次数:0,免伤次数:0,消耗:0,收益:0,单次最大盈利:0 单次时间:2019-05-14 22:45:02;
	全局统计 BOXID:102	攻击次数:0,击杀次数:0,免伤次数:0,消耗:0,收益:0,单次最大盈利:0 单次时间:2019-05-14 22:45:02;
	全局统计 MONSTERID:300	攻击次数:0,免伤次数:0,击杀次数:0,消耗:0,收益:0,单次最大盈利:0 单次时间:2019-05-14 22:45:02;
	全局统计 MONSTERID:301	攻击次数:0,免伤次数:0,击杀次数:0,消耗:0,收益:0,单次最大盈利:0 单次时间:2019-05-14 22:45:02;
	全局统计 MONSTERID:302	攻击次数:0,免伤次数:0,击杀次数:0,消耗:0,收益:0,单次最大盈利:0 单次时间:2019-05-14 22:45:02;
	全局统计 MONSTERID:303	攻击次数:0,免伤次数:0,击杀次数:0,消耗:0,收益:0,单次最大盈利:0 单次时间:2019-05-14 22:45:02;
	全局统计 MONSTERID:304	攻击次数:0,免伤次数:0,击杀次数:0,消耗:0,收益:0,单次最大盈利:0 单次时间:2019-05-14 22:45:02;
	全局统计 MONSTERID:305	攻击次数:0,免伤次数:0,击杀次数:0,消耗:0,收益:0,单次最大盈利:0 单次时间:2019-05-14 22:45:02;
	全局统计 MONSTERID:306	攻击次数:0,免伤次数:0,击杀次数:0,消耗:0,收益:0,单次最大盈利:0 单次时间:2019-05-14 22:45:02;
	全局统计 MONSTERID:307	攻击次数:0,免伤次数:0,击杀次数:0,消耗:0,收益:0,单次最大盈利:0 单次时间:2019-05-14 22:45:02;
	全局统计 MONSTERID:312	攻击次数:0,免伤次数:0,击杀次数:0,消耗:0,收益:0,单次最大盈利:0 单次时间:2019-05-14 22:45:02;
	全局统计 ALLMONSTERID 消耗:0,收益:0,返回率:0.000000;
	全局统计 过敏源剧情 消耗:0,收益:0,返回率:0.000000;
	全局统计 总输赢:0 总消耗:-0 总收益:+0 总免伤次数:0 总免伤:0 返回率:0.000000 时间:2019-05-14_22_45_02
2019/05/14 23:15:02.576200 git.huoys.com/qp/cells/game_trace.polling 557 Info: log money polling....
	全局统计 翻牌统计: 攻击次数:0,击杀次数:0,免伤次数:0,空卡次数:0,宝箱次数:0,普通怪次数:0,Boss怪次数:0,消耗:0 收益:0 返回率:0.000000;
	全局统计 BOXID:100	攻击次数:0,击杀次数:0,免伤次数:0,消耗:0,收益:0,单次最大盈利:0 单次时间:2019-05-14 23:15:02;
	全局统计 BOXID:101	攻击次数:0,击杀次数:0,免伤次数:0,消耗:0,收益:0,单次最大盈利:0 单次时间:2019-05-14 23:15:02;
	全局统计 BOXID:102	攻击次数:0,击杀次数:0,免伤次数:0,消耗:0,收益:0,单次最大盈利:0 单次时间:2019-05-14 23:15:02;
	全局统计 MONSTERID:300	攻击次数:0,免伤次数:0,击杀次数:0,消耗:0,收益:0,单次最大盈利:0 单次时间:2019-05-14 23:15:02;
	全局统计 MONSTERID:301	攻击次数:0,免伤次数:0,击杀次数:0,消耗:0,收益:0,单次最大盈利:0 单次时间:2019-05-14 23:15:02;
	全局统计 MONSTERID:302	攻击次数:0,免伤次数:0,击杀次数:0,消耗:0,收益:0,单次最大盈利:0 单次时间:2019-05-14 23:15:02;
	全局统计 MONSTERID:303	攻击次数:0,免伤次数:0,击杀次数:0,消耗:0,收益:0,单次最大盈利:0 单次时间:2019-05-14 23:15:02;
	全局统计 MONSTERID:304	攻击次数:0,免伤次数:0,击杀次数:0,消耗:0,收益:0,单次最大盈利:0 单次时间:2019-05-14 23:15:02;
	全局统计 MONSTERID:305	攻击次数:0,免伤次数:0,击杀次数:0,消耗:0,收益:0,单次最大盈利:0 单次时间:2019-05-14 23:15:02;
	全局统计 MONSTERID:306	攻击次数:0,免伤次数:0,击杀次数:0,消耗:0,收益:0,单次最大盈利:0 单次时间:2019-05-14 23:15:02;
	全局统计 MONSTERID:307	攻击次数:0,免伤次数:0,击杀次数:0,消耗:0,收益:0,单次最大盈利:0 单次时间:2019-05-14 23:15:02;
	全局统计 MONSTERID:312	攻击次数:0,免伤次数:0,击杀次数:0,消耗:0,收益:0,单次最大盈利:0 单次时间:2019-05-14 23:15:02;
	全局统计 ALLMONSTERID 消耗:0,收益:0,返回率:0.000000;
	全局统计 过敏源剧情 消耗:0,收益:0,返回率:0.000000;
	全局统计 总输赢:0 总消耗:-0 总收益:+0 总免伤次数:0 总免伤:0 返回率:0.000000 时间:2019-05-14_23_15_02
2019/05/14 23:45:02.630200 git.huoys.com/qp/cells/game_trace.polling 557 Info: log money polling....
	全局统计 翻牌统计: 攻击次数:0,击杀次数:0,免伤次数:0,空卡次数:0,宝箱次数:0,普通怪次数:0,Boss怪次数:0,消耗:0 收益:0 返回率:0.000000;
	全局统计 BOXID:100	攻击次数:0,击杀次数:0,免伤次数:0,消耗:0,收益:0,单次最大盈利:0 单次时间:2019-05-14 23:45:02;
	全局统计 BOXID:101	攻击次数:0,击杀次数:0,免伤次数:0,消耗:0,收益:0,单次最大盈利:0 单次时间:2019-05-14 23:45:02;
	全局统计 BOXID:102	攻击次数:0,击杀次数:0,免伤次数:0,消耗:0,收益:0,单次最大盈利:0 单次时间:2019-05-14 23:45:02;
	全局统计 MONSTERID:300	攻击次数:0,免伤次数:0,击杀次数:0,消耗:0,收益:0,单次最大盈利:0 单次时间:2019-05-14 23:45:02;
	全局统计 MONSTERID:301	攻击次数:0,免伤次数:0,击杀次数:0,消耗:0,收益:0,单次最大盈利:0 单次时间:2019-05-14 23:45:02;
	全局统计 MONSTERID:302	攻击次数:0,免伤次数:0,击杀次数:0,消耗:0,收益:0,单次最大盈利:0 单次时间:2019-05-14 23:45:02;
	全局统计 MONSTERID:303	攻击次数:0,免伤次数:0,击杀次数:0,消耗:0,收益:0,单次最大盈利:0 单次时间:2019-05-14 23:45:02;
	全局统计 MONSTERID:304	攻击次数:0,免伤次数:0,击杀次数:0,消耗:0,收益:0,单次最大盈利:0 单次时间:2019-05-14 23:45:02;
	全局统计 MONSTERID:305	攻击次数:0,免伤次数:0,击杀次数:0,消耗:0,收益:0,单次最大盈利:0 单次时间:2019-05-14 23:45:02;
	全局统计 MONSTERID:306	攻击次数:0,免伤次数:0,击杀次数:0,消耗:0,收益:0,单次最大盈利:0 单次时间:2019-05-14 23:45:02;
	全局统计 MONSTERID:307	攻击次数:0,免伤次数:0,击杀次数:0,消耗:0,收益:0,单次最大盈利:0 单次时间:2019-05-14 23:45:02;
	全局统计 MONSTERID:312	攻击次数:0,免伤次数:0,击杀次数:0,消耗:0,收益:0,单次最大盈利:0 单次时间:2019-05-14 23:45:02;
	全局统计 ALLMONSTERID 消耗:0,收益:0,返回率:0.000000;
	全局统计 过敏源剧情 消耗:0,收益:0,返回率:0.000000;
	全局统计 总输赢:0 总消耗:-0 总收益:+0 总免伤次数:0 总免伤:0 返回率:0.000000 时间:2019-05-14_23_45_02
