2019/05/30 19:25:19.948000 git.huoys.com/qp/cells/game_trace.polling 597 Info: log money polling....
	全局统计 翻牌统计: 攻击次数:0,击杀次数:0,免伤次数:0,空卡次数:0,宝箱次数:0,普通怪次数:0,Boss怪次数:0,消耗:0 收益:0 返回率:0.000000;
	全局统计 ALLMONSTERID 消耗:0,收益:0,返回率:0.000000;
	全局统计 过敏源剧情 消耗:0,收益:0,返回率:0.000000;
	全局统计 小丑剧情 消耗:0,收益:0,返回率:0.000000;
	全局统计 总输赢:0 总消耗:-0 总收益:+0 总免伤次数:0 总免伤:0 返回率:0.000000 时间:2019-05-30_19_25_19
2019/05/30 19:26:27.876000 git.huoys.com/qp/cells/module/room/logic/storysys/allergen.(*Allergen).CalcSettle 322 Info: Allergen Settle uid:150016 entermoney:103126070 2019-05-30_19_26_11 lockratio:10 totaltimes:90 consume:20 groupindex:12 group:{Weight:20 Detail:[1 1 0 0 0] RewardTimes:90} attack:0-400,1-500,2-0,3-0,4-0, reward:900 levemoney:103126970 2019-05-30_19_26_27
2019/05/30 19:27:36.083000 git.huoys.com/qp/cells/module/room/logic/storysys/clown.(*Clown).CalcSettle 348 Info: CLOWN Settle uid:150016  reward:380 levemoney:103125520 2019-05-30_19_27_36
2019/05/30 19:27:38.012000 git.huoys.com/qp/cells/game_trace.LogSettle 504 Info: 	 单局结算 uid:150016 剩余金币:103125520 消耗:7640 收益:6750 写分增量:-890 阵容变化:[201,200,202,],[201,200,202,],[201,200,202,],[201,200,202,],[201,200,202,],[201,200,202,], 
2019/05/30 19:27:49.369000 git.huoys.com/qp/cells/game_trace.LogSettle 504 Info: 	 单局结算 uid:150016 剩余金币:103125460 消耗:60 收益:0 写分增量:-60 阵容变化:[201,200,202,],[201,200,202,],[201,200,202,],[201,200,202,], 
2019/05/30 19:27:50.467000 git.huoys.com/qp/cells/game_trace.LeaveGame 489 Info: 
Enter=>ID:150016 Money:103126410 '2019-05-30 19:25:34'
Match=>ID :150016 玩家消耗金额:-7700 玩家赢取金额:+6750 返还率:0.876623 单个最高的结算金额:530 从进入到退出之间的最大余额:103127320
Leave=>ID:150016 Money:103125460 '2019-05-30 19:27:50'
	ID:150016 翻牌统计: 攻击次数:139,击杀次数:0,免伤次数:0,空卡次数:31,宝箱次数:16,普通怪次数:90,Boss怪次数:2,消耗:2780 收益:3380 返回率:1.215827;
	ID:150016 BOXID:100	攻击次数:74,击杀次数:9,免伤次数:0,消耗:1480,收益:1230,单次最大盈利:170 单次时间:2019-05-30 19:25:59;
	ID:150016 BOXID:101	攻击次数:53,击杀次数:5,免伤次数:0,消耗:1060,收益:1270,单次最大盈利:290 单次时间:2019-05-30 19:27:01;
	ID:150016 BOXID:102	攻击次数:12,击杀次数:2,免伤次数:0,消耗:240,收益:880,单次最大盈利:530 单次时间:2019-05-30 19:25:54;
	ID:150016 MONSTERID:300	攻击次数:1,免伤次数:0,击杀次数:1,消耗:20,收益:30,单次最大盈利:30 单次时间:2019-05-30 19:26:00;
	ID:150016 MONSTERID:301	攻击次数:6,免伤次数:0,击杀次数:3,消耗:120,收益:100,单次最大盈利:40 单次时间:2019-05-30 19:26:44;
	ID:150016 MONSTERID:302	攻击次数:4,免伤次数:0,击杀次数:2,消耗:80,收益:80,单次最大盈利:40 单次时间:2019-05-30 19:25:55;
	ID:150016 MONSTERID:303	攻击次数:12,免伤次数:0,击杀次数:4,消耗:240,收益:210,单次最大盈利:80 单次时间:2019-05-30 19:25:39;
	ID:150016 MONSTERID:304	攻击次数:11,免伤次数:0,击杀次数:2,消耗:220,收益:170,单次最大盈利:90 单次时间:2019-05-30 19:25:53;
	ID:150016 MONSTERID:305	攻击次数:19,免伤次数:0,击杀次数:2,消耗:380,收益:160,单次最大盈利:110 单次时间:2019-05-30 19:26:04;
	ID:150016 MONSTERID:306	攻击次数:41,免伤次数:0,击杀次数:5,消耗:820,收益:720,单次最大盈利:180 单次时间:2019-05-30 19:25:50;
	ID:150016 MONSTERID:307	攻击次数:29,免伤次数:0,击杀次数:4,消耗:580,收益:620,单次最大盈利:170 单次时间:2019-05-30 19:26:48;
	ID:150016 MONSTERID:313	攻击次数:8,免伤次数:0,击杀次数:0,消耗:160,收益:0,单次最大盈利:0 单次时间:1970-01-01 08:00:00;
	ID:150016 MONSTERID:315	攻击次数:41,免伤次数:0,击杀次数:0,消耗:820,收益:0,单次最大盈利:0 单次时间:1970-01-01 08:00:00;
	ID:150016 MONSTERID:401	攻击次数:64,免伤次数:0,击杀次数:0,消耗:1280,收益:0,单次最大盈利:0 单次时间:1970-01-01 08:00:00;
	ID:150016 ALLMONSTERID 消耗:4720,收益:2090,返回率:0.442797;
	ID:150016 过敏源剧情 消耗:200,收益:900,返回率:4.500000;
	ID:150016 小丑剧情 消耗:1280,收益:380,返回率:0.296875;
2019/05/30 19:32:17.466000 git.huoys.com/qp/cells/module/room/logic/storysys/clown.(*Clown).CalcSettle 348 Info: CLOWN Settle uid:150016  reward:560 levemoney:103124920 2019-05-30_19_32_17
2019/05/30 19:32:32.929000 git.huoys.com/qp/cells/game_trace.LogSettle 504 Info: 	 单局结算 uid:150016 剩余金币:103124820 消耗:2720 收益:2080 写分增量:-640 阵容变化:[201,200,202,],[201,200,202,],[201,200,202,],[201,200,202,],[201,200,202,],[201,200,202,], 
2019/05/30 19:32:33.955000 git.huoys.com/qp/cells/game_trace.LeaveGame 489 Info: 
Enter=>ID:150016 Money:103125460 '2019-05-30 19:31:07'
Match=>ID :150016 玩家消耗金额:-2720 玩家赢取金额:+2080 返还率:0.764706 单个最高的结算金额:230 从进入到退出之间的最大余额:103125700
Leave=>ID:150016 Money:103124820 '2019-05-30 19:32:33'
	ID:150016 翻牌统计: 攻击次数:56,击杀次数:0,免伤次数:0,空卡次数:8,宝箱次数:3,普通怪次数:44,Boss怪次数:1,消耗:1120 收益:540 返回率:0.482143;
	ID:150016 BOXID:100	攻击次数:27,击杀次数:2,免伤次数:0,消耗:540,收益:310,单次最大盈利:190 单次时间:2019-05-30 19:31:25;
	ID:150016 BOXID:101	攻击次数:18,击杀次数:1,免伤次数:0,消耗:360,收益:230,单次最大盈利:230 单次时间:2019-05-30 19:31:15;
	ID:150016 BOXID:102	攻击次数:11,击杀次数:0,免伤次数:0,消耗:220,收益:0,单次最大盈利:0 单次时间:1970-01-01 08:00:00;
	ID:150016 MONSTERID:301	攻击次数:1,免伤次数:0,击杀次数:1,消耗:20,收益:40,单次最大盈利:40 单次时间:2019-05-30 19:31:29;
	ID:150016 MONSTERID:302	攻击次数:5,免伤次数:0,击杀次数:2,消耗:100,收益:80,单次最大盈利:60 单次时间:2019-05-30 19:31:19;
	ID:150016 MONSTERID:303	攻击次数:3,免伤次数:0,击杀次数:3,消耗:60,收益:200,单次最大盈利:80 单次时间:2019-05-30 19:31:14;
	ID:150016 MONSTERID:304	攻击次数:5,免伤次数:0,击杀次数:2,消耗:100,收益:80,单次最大盈利:40 单次时间:2019-05-30 19:31:16;
	ID:150016 MONSTERID:305	攻击次数:2,免伤次数:0,击杀次数:1,消耗:40,收益:50,单次最大盈利:50 单次时间:2019-05-30 19:31:20;
	ID:150016 MONSTERID:306	攻击次数:18,免伤次数:0,击杀次数:3,消耗:360,收益:400,单次最大盈利:180 单次时间:2019-05-30 19:31:18;
	ID:150016 MONSTERID:307	攻击次数:29,免伤次数:0,击杀次数:1,消耗:580,收益:130,单次最大盈利:130 单次时间:2019-05-30 19:31:15;
	ID:150016 MONSTERID:401	攻击次数:9,免伤次数:0,击杀次数:0,消耗:180,收益:0,单次最大盈利:0 单次时间:1970-01-01 08:00:00;
	ID:150016 ALLMONSTERID 消耗:1440,收益:980,返回率:0.680556;
	ID:150016 过敏源剧情 消耗:160,收益:0,返回率:0.000000;
	ID:150016 小丑剧情 消耗:180,收益:560,返回率:3.111111;
2019/05/30 19:35:00.849000 git.huoys.com/qp/cells/module/room/logic/storysys/clown.(*Clown).CalcSettle 348 Info: CLOWN Settle uid:150016  reward:530 levemoney:103120590 2019-05-30_19_35_00
2019/05/30 19:35:02.026000 git.huoys.com/qp/cells/game_trace.LogSettle 504 Info: 	 单局结算 uid:150016 剩余金币:103120590 消耗:8400 收益:4170 写分增量:-4230 阵容变化:[201,200,202,],[201,200,202,],[201,200,202,], 
2019/05/30 19:35:48.481000 git.huoys.com/qp/cells/module/room/logic/storysys/allergen.(*Allergen).CalcSettle 322 Info: Allergen Settle uid:150016 entermoney:103120540 2019-05-30_19_35_32 lockratio:10 totaltimes:300 consume:20 groupindex:30 group:{Weight:50 Detail:[1 1 1 1 1] RewardTimes:300} attack:0-400,1-500,2-600,3-700,4-800, reward:3000 levemoney:103123540 2019-05-30_19_35_48
2019/05/30 19:37:05.051000 git.huoys.com/qp/cells/game_trace.LogSettle 504 Info: 	 单局结算 uid:150016 剩余金币:103123040 消耗:6580 收益:9030 写分增量:2450 阵容变化:[201,200,202,],[201,200,202,],[201,200,202,],[201,200,202,],[201,200,202,],[201,200,202,],[201,200,202,], 
2019/05/30 19:37:34.765000 git.huoys.com/qp/cells/module/room/logic/storysys/clown.(*Clown).CalcSettle 348 Info: CLOWN Settle uid:150016  reward:600 levemoney:103123490 2019-05-30_19_37_34
2019/05/30 19:37:49.460000 git.huoys.com/qp/cells/game_trace.LogSettle 504 Info: 	 单局结算 uid:150016 剩余金币:103123460 消耗:180 收益:600 写分增量:420 阵容变化:[201,200,202,],[201,200,202,],[201,200,202,],[201,200,202,], 
2019/05/30 19:37:50.532000 git.huoys.com/qp/cells/game_trace.LeaveGame 489 Info: 
Enter=>ID:150016 Money:103124820 '2019-05-30 19:32:58'
Match=>ID :150016 玩家消耗金额:-15160 玩家赢取金额:+13800 返还率:0.910290 单个最高的结算金额:800 从进入到退出之间的最大余额:103124820
Leave=>ID:150016 Money:103123460 '2019-05-30 19:37:50'
	ID:150016 翻牌统计: 攻击次数:266,击杀次数:0,免伤次数:1,空卡次数:38,宝箱次数:26,普通怪次数:196,Boss怪次数:5,消耗:5320 收益:5170 返回率:0.971805;
	ID:150016 BOXID:100	攻击次数:121,击杀次数:14,免伤次数:1,消耗:2420,收益:2050,单次最大盈利:190 单次时间:2019-05-30 19:34:16;
	ID:150016 BOXID:101	攻击次数:122,击杀次数:11,免伤次数:1,消耗:2440,收益:2770,单次最大盈利:300 单次时间:2019-05-30 19:35:14;
	ID:150016 BOXID:102	攻击次数:22,击杀次数:1,免伤次数:1,消耗:440,收益:350,单次最大盈利:350 单次时间:2019-05-30 19:35:17;
	ID:150016 MONSTERID:300	攻击次数:12,免伤次数:0,击杀次数:8,消耗:240,收益:270,单次最大盈利:40 单次时间:2019-05-30 19:35:15;
	ID:150016 MONSTERID:301	攻击次数:4,免伤次数:0,击杀次数:3,消耗:80,收益:80,单次最大盈利:30 单次时间:2019-05-30 19:35:22;
	ID:150016 MONSTERID:302	攻击次数:13,免伤次数:0,击杀次数:7,消耗:260,收益:230,单次最大盈利:50 单次时间:2019-05-30 19:33:26;
	ID:150016 MONSTERID:303	攻击次数:13,免伤次数:0,击杀次数:6,消耗:260,收益:400,单次最大盈利:80 单次时间:2019-05-30 19:36:30;
	ID:150016 MONSTERID:304	攻击次数:46,免伤次数:0,击杀次数:10,消耗:920,收益:710,单次最大盈利:100 单次时间:2019-05-30 19:36:16;
	ID:150016 MONSTERID:305	攻击次数:32,免伤次数:0,击杀次数:8,消耗:640,收益:730,单次最大盈利:120 单次时间:2019-05-30 19:36:39;
	ID:150016 MONSTERID:306	攻击次数:71,免伤次数:0,击杀次数:8,消耗:1420,收益:1260,单次最大盈利:190 单次时间:2019-05-30 19:33:54;
	ID:150016 MONSTERID:307	攻击次数:22,免伤次数:0,击杀次数:6,消耗:440,收益:820,单次最大盈利:170 单次时间:2019-05-30 19:36:24;
	ID:150016 MONSTERID:311	攻击次数:29,免伤次数:0,击杀次数:0,消耗:580,收益:0,单次最大盈利:0 单次时间:1970-01-01 08:00:00;
	ID:150016 MONSTERID:313	攻击次数:35,免伤次数:0,击杀次数:0,消耗:700,收益:0,单次最大盈利:0 单次时间:1970-01-01 08:00:00;
	ID:150016 MONSTERID:401	攻击次数:97,免伤次数:0,击杀次数:0,消耗:1940,收益:0,单次最大盈利:0 单次时间:1970-01-01 08:00:00;
	ID:150016 MONSTERID:402	攻击次数:97,免伤次数:0,击杀次数:0,消耗:1940,收益:0,单次最大盈利:0 单次时间:1970-01-01 08:00:00;
	ID:150016 ALLMONSTERID 消耗:9420,收益:4500,返回率:0.477707;
	ID:150016 过敏源剧情 消耗:420,收益:3000,返回率:7.142857;
	ID:150016 小丑剧情 消耗:3880,收益:1130,返回率:0.291237;
2019/05/30 19:40:28.104000 git.huoys.com/qp/cells/module/room/logic/storysys/clown.(*Clown).CalcSettle 348 Info: CLOWN Settle uid:150016  reward:1400 levemoney:103124260 2019-05-30_19_40_28
2019/05/30 19:40:28.119000 git.huoys.com/qp/cells/game_trace.LogSettle 504 Info: 	 单局结算 uid:150016 剩余金币:103124260 消耗:2140 收益:2940 写分增量:800 阵容变化:[201,200,202,],[201,200,202,],[201,200,202,], 
2019/05/30 19:40:29.181000 git.huoys.com/qp/cells/game_trace.LeaveGame 489 Info: 
Enter=>ID:150016 Money:103123460 '2019-05-30 19:39:38'
Match=>ID :150016 玩家消耗金额:-2140 玩家赢取金额:+2940 返还率:1.373832 单个最高的结算金额:1120 从进入到退出之间的最大余额:103124260
Leave=>ID:150016 Money:103124260 '2019-05-30 19:40:29'
	ID:150016 翻牌统计: 攻击次数:47,击杀次数:0,免伤次数:0,空卡次数:11,宝箱次数:3,普通怪次数:33,Boss怪次数:0,消耗:940 收益:660 返回率:0.702128;
	ID:150016 BOXID:100	攻击次数:15,击杀次数:1,免伤次数:0,消耗:300,收益:160,单次最大盈利:160 单次时间:2019-05-30 19:39:58;
	ID:150016 BOXID:101	攻击次数:26,击杀次数:2,免伤次数:0,消耗:520,收益:500,单次最大盈利:260 单次时间:2019-05-30 19:39:56;
	ID:150016 BOXID:102	攻击次数:6,击杀次数:0,免伤次数:0,消耗:120,收益:0,单次最大盈利:0 单次时间:1970-01-01 08:00:00;
	ID:150016 MONSTERID:300	攻击次数:7,免伤次数:0,击杀次数:4,消耗:140,收益:130,单次最大盈利:40 单次时间:2019-05-30 19:39:53;
	ID:150016 MONSTERID:301	攻击次数:2,免伤次数:0,击杀次数:1,消耗:40,收益:40,单次最大盈利:40 单次时间:2019-05-30 19:39:43;
	ID:150016 MONSTERID:302	攻击次数:4,免伤次数:0,击杀次数:2,消耗:80,收益:80,单次最大盈利:60 单次时间:2019-05-30 19:39:50;
	ID:150016 MONSTERID:303	攻击次数:13,免伤次数:0,击杀次数:3,消耗:260,收益:190,单次最大盈利:80 单次时间:2019-05-30 19:39:47;
	ID:150016 MONSTERID:304	攻击次数:2,免伤次数:0,击杀次数:1,消耗:40,收益:70,单次最大盈利:70 单次时间:2019-05-30 19:39:45;
	ID:150016 MONSTERID:305	攻击次数:2,免伤次数:0,击杀次数:1,消耗:40,收益:70,单次最大盈利:70 单次时间:2019-05-30 19:39:51;
	ID:150016 MONSTERID:306	攻击次数:4,免伤次数:0,击杀次数:1,消耗:80,收益:100,单次最大盈利:100 单次时间:2019-05-30 19:39:49;
	ID:150016 MONSTERID:307	攻击次数:3,免伤次数:0,击杀次数:1,消耗:60,收益:200,单次最大盈利:200 单次时间:2019-05-30 19:39:56;
	ID:150016 MONSTERID:403	攻击次数:19,免伤次数:0,击杀次数:0,消耗:380,收益:0,单次最大盈利:0 单次时间:1970-01-01 08:00:00;
	ID:150016 ALLMONSTERID 消耗:1120,收益:880,返回率:0.785714;
	ID:150016 过敏源剧情 消耗:80,收益:0,返回率:0.000000;
	ID:150016 小丑剧情 消耗:380,收益:1400,返回率:3.684211;
2019/05/30 19:42:15.510000 git.huoys.com/qp/cells/module/room/logic/storysys/clown.(*Clown).CalcSettle 348 Info: CLOWN Settle uid:150016  reward:310 levemoney:103123230 2019-05-30_19_42_15
2019/05/30 19:43:17.866000 git.huoys.com/qp/cells/module/room/logic/storysys/clown.(*Clown).CalcSettle 348 Info: CLOWN Settle uid:150016  reward:510 levemoney:103123580 2019-05-30_19_43_17
2019/05/30 19:43:21.067000 git.huoys.com/qp/cells/game_trace.LogSettle 504 Info: 	 单局结算 uid:150016 剩余金币:103123580 消耗:5000 收益:4320 写分增量:-680 阵容变化:[201,200,202,],[201,200,202,],[201,200,202,],[201,200,202,],[201,200,202,],[201,200,202,], 
2019/05/30 19:43:49.868000 git.huoys.com/qp/cells/module/room/logic/storysys/allergen.(*Allergen).CalcSettle 322 Info: Allergen Settle uid:150016 entermoney:103122980 2019-05-30_19_43_34 lockratio:10 totaltimes:110 consume:20 groupindex:14 group:{Weight:20 Detail:[1 1 0 0 1] RewardTimes:110} attack:0-400,1-500,2-0,3-0,4-200, reward:1100 levemoney:103124080 2019-05-30_19_43_49
2019/05/30 19:45:23.051000 git.huoys.com/qp/cells/game_trace.LogSettle 504 Info: 	 单局结算 uid:150016 剩余金币:103124900 消耗:1800 收益:3120 写分增量:1320 阵容变化:[201,200,202,],[201,200,202,],[201,200,202,],[201,200,202,],[201,200,202,],[201,200,202,],[201,200,202,], 
2019/05/30 19:46:19.496000 git.huoys.com/qp/cells/module/room/logic/storysys/clown.(*Clown).CalcSettle 348 Info: CLOWN Settle uid:150016  reward:1630 levemoney:103125600 2019-05-30_19_46_19
2019/05/30 19:47:26.074000 git.huoys.com/qp/cells/game_trace.LogSettle 504 Info: 	 单局结算 uid:150016 剩余金币:103124850 消耗:5120 收益:5070 写分增量:-50 阵容变化:[201,200,202,],[201,200,202,],[201,200,202,],[201,200,202,], 
2019/05/30 19:48:35.234000 git.huoys.com/qp/cells/module/room/logic/storysys/clown.(*Clown).CalcSettle 348 Info: CLOWN Settle uid:150016  reward:460 levemoney:103124480 2019-05-30_19_48_35
2019/05/30 19:49:29.008000 git.huoys.com/qp/cells/game_trace.LogSettle 504 Info: 	 单局结算 uid:150016 剩余金币:103124330 消耗:4700 收益:4180 写分增量:-520 阵容变化:[201,200,202,],[201,200,202,],[201,200,202,],[201,200,202,], 
2019/05/30 19:49:31.997000 git.huoys.com/qp/cells/module/room/logic/storysys/clown.(*Clown).CalcSettle 348 Info: CLOWN Settle uid:150016  reward:520 levemoney:103124400 2019-05-30_19_49_31
2019/05/30 19:51:32.070000 git.huoys.com/qp/cells/game_trace.LogSettle 504 Info: 	 单局结算 uid:150016 剩余金币:103124740 消耗:10140 收益:10550 写分增量:410 阵容变化:[201,200,202,],[201,200,202,],[201,200,202,],[201,200,202,], 
2019/05/30 19:52:13.915000 git.huoys.com/qp/cells/module/room/logic/storysys/clown.(*Clown).CalcSettle 348 Info: CLOWN Settle uid:150016  reward:670 levemoney:103125290 2019-05-30_19_52_13
2019/05/30 19:53:35.093000 git.huoys.com/qp/cells/game_trace.LogSettle 504 Info: 	 单局结算 uid:150016 剩余金币:103124770 消耗:1940 收益:1970 写分增量:30 阵容变化:[201,200,202,],[201,200,202,],[201,200,202,],[201,200,202,], 
2019/05/30 19:53:45.251000 git.huoys.com/qp/cells/module/room/logic/storysys/clown.(*Clown).CalcSettle 348 Info: CLOWN Settle uid:150016  reward:800 levemoney:103124940 2019-05-30_19_53_45
2019/05/30 19:54:03.045000 git.huoys.com/qp/cells/game_trace.LogSettle 504 Info: 	 单局结算 uid:150016 剩余金币:103124760 消耗:480 收益:470 写分增量:-10 阵容变化:[201,200,202,],[201,200,202,],[201,200,202,],[201,200,202,], 
2019/05/30 19:54:04.087000 git.huoys.com/qp/cells/game_trace.LeaveGame 489 Info: 
Enter=>ID:150016 Money:103124260 '2019-05-30 19:41:17'
Match=>ID :150016 玩家消耗金额:-29180 玩家赢取金额:+29680 返还率:1.017135 单个最高的结算金额:590 从进入到退出之间的最大余额:103126110
Leave=>ID:150016 Money:103124760 '2019-05-30 19:54:04'
	ID:150016 翻牌统计: 攻击次数:581,击杀次数:0,免伤次数:0,空卡次数:86,宝箱次数:55,普通怪次数:434,Boss怪次数:6,消耗:11620 收益:11500 返回率:0.989673;
	ID:150016 BOXID:100	攻击次数:247,击杀次数:33,免伤次数:0,消耗:4940,收益:4900,单次最大盈利:200 单次时间:2019-05-30 19:48:57;
	ID:150016 BOXID:101	攻击次数:250,击杀次数:18,免伤次数:0,消耗:5000,收益:4440,单次最大盈利:300 单次时间:2019-05-30 19:44:07;
	ID:150016 BOXID:102	攻击次数:84,击杀次数:4,免伤次数:0,消耗:1680,收益:2160,单次最大盈利:590 单次时间:2019-05-30 19:46:47;
	ID:150016 MONSTERID:300	攻击次数:39,免伤次数:0,击杀次数:27,消耗:780,收益:830,单次最大盈利:40 单次时间:2019-05-30 19:46:35;
	ID:150016 MONSTERID:301	攻击次数:39,免伤次数:0,击杀次数:26,消耗:780,收益:790,单次最大盈利:40 单次时间:2019-05-30 19:44:06;
	ID:150016 MONSTERID:302	攻击次数:40,免伤次数:0,击杀次数:19,消耗:800,收益:730,单次最大盈利:60 单次时间:2019-05-30 19:42:32;
	ID:150016 MONSTERID:303	攻击次数:33,免伤次数:0,击杀次数:12,消耗:660,收益:650,单次最大盈利:80 单次时间:2019-05-30 19:47:24;
	ID:150016 MONSTERID:304	攻击次数:50,免伤次数:0,击杀次数:12,消耗:1000,收益:830,单次最大盈利:100 单次时间:2019-05-30 19:47:23;
	ID:150016 MONSTERID:305	攻击次数:77,免伤次数:0,击杀次数:24,消耗:1540,收益:1760,单次最大盈利:120 单次时间:2019-05-30 19:49:51;
	ID:150016 MONSTERID:306	攻击次数:183,免伤次数:0,击杀次数:26,消耗:3660,收益:3710,单次最大盈利:200 单次时间:2019-05-30 19:44:05;
	ID:150016 MONSTERID:307	攻击次数:182,免伤次数:0,击杀次数:19,消耗:3640,收益:2880,单次最大盈利:200 单次时间:2019-05-30 19:49:54;
	ID:150016 MONSTERID:311	攻击次数:15,免伤次数:0,击杀次数:0,消耗:300,收益:0,单次最大盈利:0 单次时间:1970-01-01 08:00:00;
	ID:150016 MONSTERID:314	攻击次数:49,免伤次数:0,击杀次数:0,消耗:980,收益:0,单次最大盈利:0 单次时间:1970-01-01 08:00:00;
	ID:150016 MONSTERID:401	攻击次数:74,免伤次数:0,击杀次数:0,消耗:1480,收益:0,单次最大盈利:0 单次时间:1970-01-01 08:00:00;
	ID:150016 MONSTERID:403	攻击次数:41,免伤次数:0,击杀次数:0,消耗:820,收益:0,单次最大盈利:0 单次时间:1970-01-01 08:00:00;
	ID:150016 ALLMONSTERID 消耗:16440,收益:12180,返回率:0.740876;
	ID:150016 过敏源剧情 消耗:1120,收益:1100,返回率:0.982143;
	ID:150016 小丑剧情 消耗:2300,收益:4900,返回率:2.130435;
2019/05/30 19:55:21.048000 git.huoys.com/qp/cells/game_trace.polling 597 Info: log money polling....
	全局统计 翻牌统计: 攻击次数:1089,击杀次数:0,免伤次数:1,空卡次数:174,宝箱次数:103,普通怪次数:797,Boss怪次数:14,消耗:21780 收益:21250 返回率:0.975666;
	全局统计 BOXID:100	攻击次数:484,击杀次数:59,免伤次数:1,消耗:9680,收益:8650,单次最大盈利:200 单次时间:2019-05-30 19:55:21;
	全局统计 BOXID:101	攻击次数:469,击杀次数:37,免伤次数:1,消耗:9380,收益:9210,单次最大盈利:300 单次时间:2019-05-30 19:55:21;
	全局统计 BOXID:102	攻击次数:135,击杀次数:7,免伤次数:1,消耗:2700,收益:3390,单次最大盈利:590 单次时间:2019-05-30 19:55:21;
	全局统计 MONSTERID:300	攻击次数:59,免伤次数:0,击杀次数:40,消耗:1180,收益:1260,单次最大盈利:40 单次时间:2019-05-30 19:55:21;
	全局统计 MONSTERID:301	攻击次数:52,免伤次数:0,击杀次数:34,消耗:1040,收益:1050,单次最大盈利:40 单次时间:2019-05-30 19:55:21;
	全局统计 MONSTERID:302	攻击次数:66,免伤次数:0,击杀次数:32,消耗:1320,收益:1200,单次最大盈利:60 单次时间:2019-05-30 19:55:21;
	全局统计 MONSTERID:303	攻击次数:74,免伤次数:0,击杀次数:28,消耗:1480,收益:1650,单次最大盈利:80 单次时间:2019-05-30 19:55:21;
	全局统计 MONSTERID:304	攻击次数:114,免伤次数:0,击杀次数:27,消耗:2280,收益:1860,单次最大盈利:100 单次时间:2019-05-30 19:55:21;
	全局统计 MONSTERID:305	攻击次数:132,免伤次数:0,击杀次数:36,消耗:2640,收益:2770,单次最大盈利:120 单次时间:2019-05-30 19:55:21;
	全局统计 MONSTERID:306	攻击次数:317,免伤次数:0,击杀次数:43,消耗:6340,收益:6190,单次最大盈利:200 单次时间:2019-05-30 19:55:21;
	全局统计 MONSTERID:307	攻击次数:265,免伤次数:0,击杀次数:31,消耗:5300,收益:4650,单次最大盈利:200 单次时间:2019-05-30 19:55:21;
	全局统计 MONSTERID:311	攻击次数:44,免伤次数:0,击杀次数:0,消耗:880,收益:0,单次最大盈利:0 单次时间:2019-05-30 19:55:21;
	全局统计 MONSTERID:313	攻击次数:43,免伤次数:0,击杀次数:0,消耗:860,收益:0,单次最大盈利:0 单次时间:2019-05-30 19:55:21;
	全局统计 MONSTERID:314	攻击次数:49,免伤次数:0,击杀次数:0,消耗:980,收益:0,单次最大盈利:0 单次时间:2019-05-30 19:55:21;
	全局统计 MONSTERID:315	攻击次数:41,免伤次数:0,击杀次数:0,消耗:820,收益:0,单次最大盈利:0 单次时间:2019-05-30 19:55:21;
	全局统计 MONSTERID:401	攻击次数:244,免伤次数:0,击杀次数:0,消耗:4880,收益:0,单次最大盈利:0 单次时间:2019-05-30 19:55:21;
	全局统计 MONSTERID:402	攻击次数:97,免伤次数:0,击杀次数:0,消耗:1940,收益:0,单次最大盈利:0 单次时间:2019-05-30 19:55:21;
	全局统计 MONSTERID:403	攻击次数:60,免伤次数:0,击杀次数:0,消耗:1200,收益:0,单次最大盈利:0 单次时间:2019-05-30 19:55:21;
	全局统计 ALLMONSTERID 消耗:33140,收益:20630,返回率:0.622511;
	全局统计 过敏源剧情 消耗:1980,收益:5000,返回率:2.525253;
	全局统计 小丑剧情 消耗:8020,收益:8370,返回率:1.043641;
	全局统计 总输赢:-1650 总消耗:-56900 总收益:+55250 总免伤次数:1 总免伤:20 返回率:0.971002 时间:2019-05-30_19_55_21
2019/05/30 20:25:21.024000 git.huoys.com/qp/cells/game_trace.polling 597 Info: log money polling....
	全局统计 翻牌统计: 攻击次数:0,击杀次数:0,免伤次数:0,空卡次数:0,宝箱次数:0,普通怪次数:0,Boss怪次数:0,消耗:0 收益:0 返回率:0.000000;
	全局统计 BOXID:100	攻击次数:0,击杀次数:0,免伤次数:0,消耗:0,收益:0,单次最大盈利:0 单次时间:2019-05-30 20:25:21;
	全局统计 BOXID:101	攻击次数:0,击杀次数:0,免伤次数:0,消耗:0,收益:0,单次最大盈利:0 单次时间:2019-05-30 20:25:21;
	全局统计 BOXID:102	攻击次数:0,击杀次数:0,免伤次数:0,消耗:0,收益:0,单次最大盈利:0 单次时间:2019-05-30 20:25:21;
	全局统计 MONSTERID:300	攻击次数:0,免伤次数:0,击杀次数:0,消耗:0,收益:0,单次最大盈利:0 单次时间:2019-05-30 20:25:21;
	全局统计 MONSTERID:301	攻击次数:0,免伤次数:0,击杀次数:0,消耗:0,收益:0,单次最大盈利:0 单次时间:2019-05-30 20:25:21;
	全局统计 MONSTERID:302	攻击次数:0,免伤次数:0,击杀次数:0,消耗:0,收益:0,单次最大盈利:0 单次时间:2019-05-30 20:25:21;
	全局统计 MONSTERID:303	攻击次数:0,免伤次数:0,击杀次数:0,消耗:0,收益:0,单次最大盈利:0 单次时间:2019-05-30 20:25:21;
	全局统计 MONSTERID:304	攻击次数:0,免伤次数:0,击杀次数:0,消耗:0,收益:0,单次最大盈利:0 单次时间:2019-05-30 20:25:21;
	全局统计 MONSTERID:305	攻击次数:0,免伤次数:0,击杀次数:0,消耗:0,收益:0,单次最大盈利:0 单次时间:2019-05-30 20:25:21;
	全局统计 MONSTERID:306	攻击次数:0,免伤次数:0,击杀次数:0,消耗:0,收益:0,单次最大盈利:0 单次时间:2019-05-30 20:25:21;
	全局统计 MONSTERID:307	攻击次数:0,免伤次数:0,击杀次数:0,消耗:0,收益:0,单次最大盈利:0 单次时间:2019-05-30 20:25:21;
	全局统计 MONSTERID:311	攻击次数:0,免伤次数:0,击杀次数:0,消耗:0,收益:0,单次最大盈利:0 单次时间:2019-05-30 20:25:21;
	全局统计 MONSTERID:313	攻击次数:0,免伤次数:0,击杀次数:0,消耗:0,收益:0,单次最大盈利:0 单次时间:2019-05-30 20:25:21;
	全局统计 MONSTERID:314	攻击次数:0,免伤次数:0,击杀次数:0,消耗:0,收益:0,单次最大盈利:0 单次时间:2019-05-30 20:25:21;
	全局统计 MONSTERID:315	攻击次数:0,免伤次数:0,击杀次数:0,消耗:0,收益:0,单次最大盈利:0 单次时间:2019-05-30 20:25:21;
	全局统计 MONSTERID:401	攻击次数:0,免伤次数:0,击杀次数:0,消耗:0,收益:0,单次最大盈利:0 单次时间:2019-05-30 20:25:21;
	全局统计 MONSTERID:402	攻击次数:0,免伤次数:0,击杀次数:0,消耗:0,收益:0,单次最大盈利:0 单次时间:2019-05-30 20:25:21;
	全局统计 MONSTERID:403	攻击次数:0,免伤次数:0,击杀次数:0,消耗:0,收益:0,单次最大盈利:0 单次时间:2019-05-30 20:25:21;
	全局统计 ALLMONSTERID 消耗:0,收益:0,返回率:0.000000;
	全局统计 过敏源剧情 消耗:0,收益:0,返回率:0.000000;
	全局统计 小丑剧情 消耗:0,收益:0,返回率:0.000000;
	全局统计 总输赢:0 总消耗:-0 总收益:+0 总免伤次数:0 总免伤:0 返回率:0.000000 时间:2019-05-30_20_25_21
2019/05/30 20:55:21.021000 git.huoys.com/qp/cells/game_trace.polling 597 Info: log money polling....
	全局统计 翻牌统计: 攻击次数:0,击杀次数:0,免伤次数:0,空卡次数:0,宝箱次数:0,普通怪次数:0,Boss怪次数:0,消耗:0 收益:0 返回率:0.000000;
	全局统计 BOXID:100	攻击次数:0,击杀次数:0,免伤次数:0,消耗:0,收益:0,单次最大盈利:0 单次时间:2019-05-30 20:55:21;
	全局统计 BOXID:101	攻击次数:0,击杀次数:0,免伤次数:0,消耗:0,收益:0,单次最大盈利:0 单次时间:2019-05-30 20:55:21;
	全局统计 BOXID:102	攻击次数:0,击杀次数:0,免伤次数:0,消耗:0,收益:0,单次最大盈利:0 单次时间:2019-05-30 20:55:21;
	全局统计 MONSTERID:300	攻击次数:0,免伤次数:0,击杀次数:0,消耗:0,收益:0,单次最大盈利:0 单次时间:2019-05-30 20:55:21;
	全局统计 MONSTERID:301	攻击次数:0,免伤次数:0,击杀次数:0,消耗:0,收益:0,单次最大盈利:0 单次时间:2019-05-30 20:55:21;
	全局统计 MONSTERID:302	攻击次数:0,免伤次数:0,击杀次数:0,消耗:0,收益:0,单次最大盈利:0 单次时间:2019-05-30 20:55:21;
	全局统计 MONSTERID:303	攻击次数:0,免伤次数:0,击杀次数:0,消耗:0,收益:0,单次最大盈利:0 单次时间:2019-05-30 20:55:21;
	全局统计 MONSTERID:304	攻击次数:0,免伤次数:0,击杀次数:0,消耗:0,收益:0,单次最大盈利:0 单次时间:2019-05-30 20:55:21;
	全局统计 MONSTERID:305	攻击次数:0,免伤次数:0,击杀次数:0,消耗:0,收益:0,单次最大盈利:0 单次时间:2019-05-30 20:55:21;
	全局统计 MONSTERID:306	攻击次数:0,免伤次数:0,击杀次数:0,消耗:0,收益:0,单次最大盈利:0 单次时间:2019-05-30 20:55:21;
	全局统计 MONSTERID:307	攻击次数:0,免伤次数:0,击杀次数:0,消耗:0,收益:0,单次最大盈利:0 单次时间:2019-05-30 20:55:21;
	全局统计 MONSTERID:311	攻击次数:0,免伤次数:0,击杀次数:0,消耗:0,收益:0,单次最大盈利:0 单次时间:2019-05-30 20:55:21;
	全局统计 MONSTERID:313	攻击次数:0,免伤次数:0,击杀次数:0,消耗:0,收益:0,单次最大盈利:0 单次时间:2019-05-30 20:55:21;
	全局统计 MONSTERID:314	攻击次数:0,免伤次数:0,击杀次数:0,消耗:0,收益:0,单次最大盈利:0 单次时间:2019-05-30 20:55:21;
	全局统计 MONSTERID:315	攻击次数:0,免伤次数:0,击杀次数:0,消耗:0,收益:0,单次最大盈利:0 单次时间:2019-05-30 20:55:21;
	全局统计 MONSTERID:401	攻击次数:0,免伤次数:0,击杀次数:0,消耗:0,收益:0,单次最大盈利:0 单次时间:2019-05-30 20:55:21;
	全局统计 MONSTERID:402	攻击次数:0,免伤次数:0,击杀次数:0,消耗:0,收益:0,单次最大盈利:0 单次时间:2019-05-30 20:55:21;
	全局统计 MONSTERID:403	攻击次数:0,免伤次数:0,击杀次数:0,消耗:0,收益:0,单次最大盈利:0 单次时间:2019-05-30 20:55:21;
	全局统计 ALLMONSTERID 消耗:0,收益:0,返回率:0.000000;
	全局统计 过敏源剧情 消耗:0,收益:0,返回率:0.000000;
	全局统计 小丑剧情 消耗:0,收益:0,返回率:0.000000;
	全局统计 总输赢:0 总消耗:-0 总收益:+0 总免伤次数:0 总免伤:0 返回率:0.000000 时间:2019-05-30_20_55_21
2019/05/30 21:25:21.039000 git.huoys.com/qp/cells/game_trace.polling 597 Info: log money polling....
	全局统计 翻牌统计: 攻击次数:0,击杀次数:0,免伤次数:0,空卡次数:0,宝箱次数:0,普通怪次数:0,Boss怪次数:0,消耗:0 收益:0 返回率:0.000000;
	全局统计 BOXID:100	攻击次数:0,击杀次数:0,免伤次数:0,消耗:0,收益:0,单次最大盈利:0 单次时间:2019-05-30 21:25:21;
	全局统计 BOXID:101	攻击次数:0,击杀次数:0,免伤次数:0,消耗:0,收益:0,单次最大盈利:0 单次时间:2019-05-30 21:25:21;
	全局统计 BOXID:102	攻击次数:0,击杀次数:0,免伤次数:0,消耗:0,收益:0,单次最大盈利:0 单次时间:2019-05-30 21:25:21;
	全局统计 MONSTERID:300	攻击次数:0,免伤次数:0,击杀次数:0,消耗:0,收益:0,单次最大盈利:0 单次时间:2019-05-30 21:25:21;
	全局统计 MONSTERID:301	攻击次数:0,免伤次数:0,击杀次数:0,消耗:0,收益:0,单次最大盈利:0 单次时间:2019-05-30 21:25:21;
	全局统计 MONSTERID:302	攻击次数:0,免伤次数:0,击杀次数:0,消耗:0,收益:0,单次最大盈利:0 单次时间:2019-05-30 21:25:21;
	全局统计 MONSTERID:303	攻击次数:0,免伤次数:0,击杀次数:0,消耗:0,收益:0,单次最大盈利:0 单次时间:2019-05-30 21:25:21;
	全局统计 MONSTERID:304	攻击次数:0,免伤次数:0,击杀次数:0,消耗:0,收益:0,单次最大盈利:0 单次时间:2019-05-30 21:25:21;
	全局统计 MONSTERID:305	攻击次数:0,免伤次数:0,击杀次数:0,消耗:0,收益:0,单次最大盈利:0 单次时间:2019-05-30 21:25:21;
	全局统计 MONSTERID:306	攻击次数:0,免伤次数:0,击杀次数:0,消耗:0,收益:0,单次最大盈利:0 单次时间:2019-05-30 21:25:21;
	全局统计 MONSTERID:307	攻击次数:0,免伤次数:0,击杀次数:0,消耗:0,收益:0,单次最大盈利:0 单次时间:2019-05-30 21:25:21;
	全局统计 MONSTERID:311	攻击次数:0,免伤次数:0,击杀次数:0,消耗:0,收益:0,单次最大盈利:0 单次时间:2019-05-30 21:25:21;
	全局统计 MONSTERID:313	攻击次数:0,免伤次数:0,击杀次数:0,消耗:0,收益:0,单次最大盈利:0 单次时间:2019-05-30 21:25:21;
	全局统计 MONSTERID:314	攻击次数:0,免伤次数:0,击杀次数:0,消耗:0,收益:0,单次最大盈利:0 单次时间:2019-05-30 21:25:21;
	全局统计 MONSTERID:315	攻击次数:0,免伤次数:0,击杀次数:0,消耗:0,收益:0,单次最大盈利:0 单次时间:2019-05-30 21:25:21;
	全局统计 MONSTERID:401	攻击次数:0,免伤次数:0,击杀次数:0,消耗:0,收益:0,单次最大盈利:0 单次时间:2019-05-30 21:25:21;
	全局统计 MONSTERID:402	攻击次数:0,免伤次数:0,击杀次数:0,消耗:0,收益:0,单次最大盈利:0 单次时间:2019-05-30 21:25:21;
	全局统计 MONSTERID:403	攻击次数:0,免伤次数:0,击杀次数:0,消耗:0,收益:0,单次最大盈利:0 单次时间:2019-05-30 21:25:21;
	全局统计 ALLMONSTERID 消耗:0,收益:0,返回率:0.000000;
	全局统计 过敏源剧情 消耗:0,收益:0,返回率:0.000000;
	全局统计 小丑剧情 消耗:0,收益:0,返回率:0.000000;
	全局统计 总输赢:0 总消耗:-0 总收益:+0 总免伤次数:0 总免伤:0 返回率:0.000000 时间:2019-05-30_21_25_21
2019/05/30 21:55:21.050000 git.huoys.com/qp/cells/game_trace.polling 597 Info: log money polling....
	全局统计 翻牌统计: 攻击次数:0,击杀次数:0,免伤次数:0,空卡次数:0,宝箱次数:0,普通怪次数:0,Boss怪次数:0,消耗:0 收益:0 返回率:0.000000;
	全局统计 BOXID:100	攻击次数:0,击杀次数:0,免伤次数:0,消耗:0,收益:0,单次最大盈利:0 单次时间:2019-05-30 21:55:21;
	全局统计 BOXID:101	攻击次数:0,击杀次数:0,免伤次数:0,消耗:0,收益:0,单次最大盈利:0 单次时间:2019-05-30 21:55:21;
	全局统计 BOXID:102	攻击次数:0,击杀次数:0,免伤次数:0,消耗:0,收益:0,单次最大盈利:0 单次时间:2019-05-30 21:55:21;
	全局统计 MONSTERID:300	攻击次数:0,免伤次数:0,击杀次数:0,消耗:0,收益:0,单次最大盈利:0 单次时间:2019-05-30 21:55:21;
	全局统计 MONSTERID:301	攻击次数:0,免伤次数:0,击杀次数:0,消耗:0,收益:0,单次最大盈利:0 单次时间:2019-05-30 21:55:21;
	全局统计 MONSTERID:302	攻击次数:0,免伤次数:0,击杀次数:0,消耗:0,收益:0,单次最大盈利:0 单次时间:2019-05-30 21:55:21;
	全局统计 MONSTERID:303	攻击次数:0,免伤次数:0,击杀次数:0,消耗:0,收益:0,单次最大盈利:0 单次时间:2019-05-30 21:55:21;
	全局统计 MONSTERID:304	攻击次数:0,免伤次数:0,击杀次数:0,消耗:0,收益:0,单次最大盈利:0 单次时间:2019-05-30 21:55:21;
	全局统计 MONSTERID:305	攻击次数:0,免伤次数:0,击杀次数:0,消耗:0,收益:0,单次最大盈利:0 单次时间:2019-05-30 21:55:21;
	全局统计 MONSTERID:306	攻击次数:0,免伤次数:0,击杀次数:0,消耗:0,收益:0,单次最大盈利:0 单次时间:2019-05-30 21:55:21;
	全局统计 MONSTERID:307	攻击次数:0,免伤次数:0,击杀次数:0,消耗:0,收益:0,单次最大盈利:0 单次时间:2019-05-30 21:55:21;
	全局统计 MONSTERID:311	攻击次数:0,免伤次数:0,击杀次数:0,消耗:0,收益:0,单次最大盈利:0 单次时间:2019-05-30 21:55:21;
	全局统计 MONSTERID:313	攻击次数:0,免伤次数:0,击杀次数:0,消耗:0,收益:0,单次最大盈利:0 单次时间:2019-05-30 21:55:21;
	全局统计 MONSTERID:314	攻击次数:0,免伤次数:0,击杀次数:0,消耗:0,收益:0,单次最大盈利:0 单次时间:2019-05-30 21:55:21;
	全局统计 MONSTERID:315	攻击次数:0,免伤次数:0,击杀次数:0,消耗:0,收益:0,单次最大盈利:0 单次时间:2019-05-30 21:55:21;
	全局统计 MONSTERID:401	攻击次数:0,免伤次数:0,击杀次数:0,消耗:0,收益:0,单次最大盈利:0 单次时间:2019-05-30 21:55:21;
	全局统计 MONSTERID:402	攻击次数:0,免伤次数:0,击杀次数:0,消耗:0,收益:0,单次最大盈利:0 单次时间:2019-05-30 21:55:21;
	全局统计 MONSTERID:403	攻击次数:0,免伤次数:0,击杀次数:0,消耗:0,收益:0,单次最大盈利:0 单次时间:2019-05-30 21:55:21;
	全局统计 ALLMONSTERID 消耗:0,收益:0,返回率:0.000000;
	全局统计 过敏源剧情 消耗:0,收益:0,返回率:0.000000;
	全局统计 小丑剧情 消耗:0,收益:0,返回率:0.000000;
	全局统计 总输赢:0 总消耗:-0 总收益:+0 总免伤次数:0 总免伤:0 返回率:0.000000 时间:2019-05-30_21_55_21
2019/05/30 22:25:21.059000 git.huoys.com/qp/cells/game_trace.polling 597 Info: log money polling....
	全局统计 翻牌统计: 攻击次数:0,击杀次数:0,免伤次数:0,空卡次数:0,宝箱次数:0,普通怪次数:0,Boss怪次数:0,消耗:0 收益:0 返回率:0.000000;
	全局统计 BOXID:100	攻击次数:0,击杀次数:0,免伤次数:0,消耗:0,收益:0,单次最大盈利:0 单次时间:2019-05-30 22:25:21;
	全局统计 BOXID:101	攻击次数:0,击杀次数:0,免伤次数:0,消耗:0,收益:0,单次最大盈利:0 单次时间:2019-05-30 22:25:21;
	全局统计 BOXID:102	攻击次数:0,击杀次数:0,免伤次数:0,消耗:0,收益:0,单次最大盈利:0 单次时间:2019-05-30 22:25:21;
	全局统计 MONSTERID:300	攻击次数:0,免伤次数:0,击杀次数:0,消耗:0,收益:0,单次最大盈利:0 单次时间:2019-05-30 22:25:21;
	全局统计 MONSTERID:301	攻击次数:0,免伤次数:0,击杀次数:0,消耗:0,收益:0,单次最大盈利:0 单次时间:2019-05-30 22:25:21;
	全局统计 MONSTERID:302	攻击次数:0,免伤次数:0,击杀次数:0,消耗:0,收益:0,单次最大盈利:0 单次时间:2019-05-30 22:25:21;
	全局统计 MONSTERID:303	攻击次数:0,免伤次数:0,击杀次数:0,消耗:0,收益:0,单次最大盈利:0 单次时间:2019-05-30 22:25:21;
	全局统计 MONSTERID:304	攻击次数:0,免伤次数:0,击杀次数:0,消耗:0,收益:0,单次最大盈利:0 单次时间:2019-05-30 22:25:21;
	全局统计 MONSTERID:305	攻击次数:0,免伤次数:0,击杀次数:0,消耗:0,收益:0,单次最大盈利:0 单次时间:2019-05-30 22:25:21;
	全局统计 MONSTERID:306	攻击次数:0,免伤次数:0,击杀次数:0,消耗:0,收益:0,单次最大盈利:0 单次时间:2019-05-30 22:25:21;
	全局统计 MONSTERID:307	攻击次数:0,免伤次数:0,击杀次数:0,消耗:0,收益:0,单次最大盈利:0 单次时间:2019-05-30 22:25:21;
	全局统计 MONSTERID:311	攻击次数:0,免伤次数:0,击杀次数:0,消耗:0,收益:0,单次最大盈利:0 单次时间:2019-05-30 22:25:21;
	全局统计 MONSTERID:313	攻击次数:0,免伤次数:0,击杀次数:0,消耗:0,收益:0,单次最大盈利:0 单次时间:2019-05-30 22:25:21;
	全局统计 MONSTERID:314	攻击次数:0,免伤次数:0,击杀次数:0,消耗:0,收益:0,单次最大盈利:0 单次时间:2019-05-30 22:25:21;
	全局统计 MONSTERID:315	攻击次数:0,免伤次数:0,击杀次数:0,消耗:0,收益:0,单次最大盈利:0 单次时间:2019-05-30 22:25:21;
	全局统计 MONSTERID:401	攻击次数:0,免伤次数:0,击杀次数:0,消耗:0,收益:0,单次最大盈利:0 单次时间:2019-05-30 22:25:21;
	全局统计 MONSTERID:402	攻击次数:0,免伤次数:0,击杀次数:0,消耗:0,收益:0,单次最大盈利:0 单次时间:2019-05-30 22:25:21;
	全局统计 MONSTERID:403	攻击次数:0,免伤次数:0,击杀次数:0,消耗:0,收益:0,单次最大盈利:0 单次时间:2019-05-30 22:25:21;
	全局统计 ALLMONSTERID 消耗:0,收益:0,返回率:0.000000;
	全局统计 过敏源剧情 消耗:0,收益:0,返回率:0.000000;
	全局统计 小丑剧情 消耗:0,收益:0,返回率:0.000000;
	全局统计 总输赢:0 总消耗:-0 总收益:+0 总免伤次数:0 总免伤:0 返回率:0.000000 时间:2019-05-30_22_25_21
2019/05/30 22:55:21.076000 git.huoys.com/qp/cells/game_trace.polling 597 Info: log money polling....
	全局统计 翻牌统计: 攻击次数:0,击杀次数:0,免伤次数:0,空卡次数:0,宝箱次数:0,普通怪次数:0,Boss怪次数:0,消耗:0 收益:0 返回率:0.000000;
	全局统计 BOXID:100	攻击次数:0,击杀次数:0,免伤次数:0,消耗:0,收益:0,单次最大盈利:0 单次时间:2019-05-30 22:55:21;
	全局统计 BOXID:101	攻击次数:0,击杀次数:0,免伤次数:0,消耗:0,收益:0,单次最大盈利:0 单次时间:2019-05-30 22:55:21;
	全局统计 BOXID:102	攻击次数:0,击杀次数:0,免伤次数:0,消耗:0,收益:0,单次最大盈利:0 单次时间:2019-05-30 22:55:21;
	全局统计 MONSTERID:300	攻击次数:0,免伤次数:0,击杀次数:0,消耗:0,收益:0,单次最大盈利:0 单次时间:2019-05-30 22:55:21;
	全局统计 MONSTERID:301	攻击次数:0,免伤次数:0,击杀次数:0,消耗:0,收益:0,单次最大盈利:0 单次时间:2019-05-30 22:55:21;
	全局统计 MONSTERID:302	攻击次数:0,免伤次数:0,击杀次数:0,消耗:0,收益:0,单次最大盈利:0 单次时间:2019-05-30 22:55:21;
	全局统计 MONSTERID:303	攻击次数:0,免伤次数:0,击杀次数:0,消耗:0,收益:0,单次最大盈利:0 单次时间:2019-05-30 22:55:21;
	全局统计 MONSTERID:304	攻击次数:0,免伤次数:0,击杀次数:0,消耗:0,收益:0,单次最大盈利:0 单次时间:2019-05-30 22:55:21;
	全局统计 MONSTERID:305	攻击次数:0,免伤次数:0,击杀次数:0,消耗:0,收益:0,单次最大盈利:0 单次时间:2019-05-30 22:55:21;
	全局统计 MONSTERID:306	攻击次数:0,免伤次数:0,击杀次数:0,消耗:0,收益:0,单次最大盈利:0 单次时间:2019-05-30 22:55:21;
	全局统计 MONSTERID:307	攻击次数:0,免伤次数:0,击杀次数:0,消耗:0,收益:0,单次最大盈利:0 单次时间:2019-05-30 22:55:21;
	全局统计 MONSTERID:311	攻击次数:0,免伤次数:0,击杀次数:0,消耗:0,收益:0,单次最大盈利:0 单次时间:2019-05-30 22:55:21;
	全局统计 MONSTERID:313	攻击次数:0,免伤次数:0,击杀次数:0,消耗:0,收益:0,单次最大盈利:0 单次时间:2019-05-30 22:55:21;
	全局统计 MONSTERID:314	攻击次数:0,免伤次数:0,击杀次数:0,消耗:0,收益:0,单次最大盈利:0 单次时间:2019-05-30 22:55:21;
	全局统计 MONSTERID:315	攻击次数:0,免伤次数:0,击杀次数:0,消耗:0,收益:0,单次最大盈利:0 单次时间:2019-05-30 22:55:21;
	全局统计 MONSTERID:401	攻击次数:0,免伤次数:0,击杀次数:0,消耗:0,收益:0,单次最大盈利:0 单次时间:2019-05-30 22:55:21;
	全局统计 MONSTERID:402	攻击次数:0,免伤次数:0,击杀次数:0,消耗:0,收益:0,单次最大盈利:0 单次时间:2019-05-30 22:55:21;
	全局统计 MONSTERID:403	攻击次数:0,免伤次数:0,击杀次数:0,消耗:0,收益:0,单次最大盈利:0 单次时间:2019-05-30 22:55:21;
	全局统计 ALLMONSTERID 消耗:0,收益:0,返回率:0.000000;
	全局统计 过敏源剧情 消耗:0,收益:0,返回率:0.000000;
	全局统计 小丑剧情 消耗:0,收益:0,返回率:0.000000;
	全局统计 总输赢:0 总消耗:-0 总收益:+0 总免伤次数:0 总免伤:0 返回率:0.000000 时间:2019-05-30_22_55_21
2019/05/30 23:25:21.067000 git.huoys.com/qp/cells/game_trace.polling 597 Info: log money polling....
	全局统计 翻牌统计: 攻击次数:0,击杀次数:0,免伤次数:0,空卡次数:0,宝箱次数:0,普通怪次数:0,Boss怪次数:0,消耗:0 收益:0 返回率:0.000000;
	全局统计 BOXID:100	攻击次数:0,击杀次数:0,免伤次数:0,消耗:0,收益:0,单次最大盈利:0 单次时间:2019-05-30 23:25:21;
	全局统计 BOXID:101	攻击次数:0,击杀次数:0,免伤次数:0,消耗:0,收益:0,单次最大盈利:0 单次时间:2019-05-30 23:25:21;
	全局统计 BOXID:102	攻击次数:0,击杀次数:0,免伤次数:0,消耗:0,收益:0,单次最大盈利:0 单次时间:2019-05-30 23:25:21;
	全局统计 MONSTERID:300	攻击次数:0,免伤次数:0,击杀次数:0,消耗:0,收益:0,单次最大盈利:0 单次时间:2019-05-30 23:25:21;
	全局统计 MONSTERID:301	攻击次数:0,免伤次数:0,击杀次数:0,消耗:0,收益:0,单次最大盈利:0 单次时间:2019-05-30 23:25:21;
	全局统计 MONSTERID:302	攻击次数:0,免伤次数:0,击杀次数:0,消耗:0,收益:0,单次最大盈利:0 单次时间:2019-05-30 23:25:21;
	全局统计 MONSTERID:303	攻击次数:0,免伤次数:0,击杀次数:0,消耗:0,收益:0,单次最大盈利:0 单次时间:2019-05-30 23:25:21;
	全局统计 MONSTERID:304	攻击次数:0,免伤次数:0,击杀次数:0,消耗:0,收益:0,单次最大盈利:0 单次时间:2019-05-30 23:25:21;
	全局统计 MONSTERID:305	攻击次数:0,免伤次数:0,击杀次数:0,消耗:0,收益:0,单次最大盈利:0 单次时间:2019-05-30 23:25:21;
	全局统计 MONSTERID:306	攻击次数:0,免伤次数:0,击杀次数:0,消耗:0,收益:0,单次最大盈利:0 单次时间:2019-05-30 23:25:21;
	全局统计 MONSTERID:307	攻击次数:0,免伤次数:0,击杀次数:0,消耗:0,收益:0,单次最大盈利:0 单次时间:2019-05-30 23:25:21;
	全局统计 MONSTERID:311	攻击次数:0,免伤次数:0,击杀次数:0,消耗:0,收益:0,单次最大盈利:0 单次时间:2019-05-30 23:25:21;
	全局统计 MONSTERID:313	攻击次数:0,免伤次数:0,击杀次数:0,消耗:0,收益:0,单次最大盈利:0 单次时间:2019-05-30 23:25:21;
	全局统计 MONSTERID:314	攻击次数:0,免伤次数:0,击杀次数:0,消耗:0,收益:0,单次最大盈利:0 单次时间:2019-05-30 23:25:21;
	全局统计 MONSTERID:315	攻击次数:0,免伤次数:0,击杀次数:0,消耗:0,收益:0,单次最大盈利:0 单次时间:2019-05-30 23:25:21;
	全局统计 MONSTERID:401	攻击次数:0,免伤次数:0,击杀次数:0,消耗:0,收益:0,单次最大盈利:0 单次时间:2019-05-30 23:25:21;
	全局统计 MONSTERID:402	攻击次数:0,免伤次数:0,击杀次数:0,消耗:0,收益:0,单次最大盈利:0 单次时间:2019-05-30 23:25:21;
	全局统计 MONSTERID:403	攻击次数:0,免伤次数:0,击杀次数:0,消耗:0,收益:0,单次最大盈利:0 单次时间:2019-05-30 23:25:21;
	全局统计 ALLMONSTERID 消耗:0,收益:0,返回率:0.000000;
	全局统计 过敏源剧情 消耗:0,收益:0,返回率:0.000000;
	全局统计 小丑剧情 消耗:0,收益:0,返回率:0.000000;
	全局统计 总输赢:0 总消耗:-0 总收益:+0 总免伤次数:0 总免伤:0 返回率:0.000000 时间:2019-05-30_23_25_21
2019/05/30 23:55:21.082000 git.huoys.com/qp/cells/game_trace.polling 597 Info: log money polling....
	全局统计 翻牌统计: 攻击次数:0,击杀次数:0,免伤次数:0,空卡次数:0,宝箱次数:0,普通怪次数:0,Boss怪次数:0,消耗:0 收益:0 返回率:0.000000;
	全局统计 BOXID:100	攻击次数:0,击杀次数:0,免伤次数:0,消耗:0,收益:0,单次最大盈利:0 单次时间:2019-05-30 23:55:21;
	全局统计 BOXID:101	攻击次数:0,击杀次数:0,免伤次数:0,消耗:0,收益:0,单次最大盈利:0 单次时间:2019-05-30 23:55:21;
	全局统计 BOXID:102	攻击次数:0,击杀次数:0,免伤次数:0,消耗:0,收益:0,单次最大盈利:0 单次时间:2019-05-30 23:55:21;
	全局统计 MONSTERID:300	攻击次数:0,免伤次数:0,击杀次数:0,消耗:0,收益:0,单次最大盈利:0 单次时间:2019-05-30 23:55:21;
	全局统计 MONSTERID:301	攻击次数:0,免伤次数:0,击杀次数:0,消耗:0,收益:0,单次最大盈利:0 单次时间:2019-05-30 23:55:21;
	全局统计 MONSTERID:302	攻击次数:0,免伤次数:0,击杀次数:0,消耗:0,收益:0,单次最大盈利:0 单次时间:2019-05-30 23:55:21;
	全局统计 MONSTERID:303	攻击次数:0,免伤次数:0,击杀次数:0,消耗:0,收益:0,单次最大盈利:0 单次时间:2019-05-30 23:55:21;
	全局统计 MONSTERID:304	攻击次数:0,免伤次数:0,击杀次数:0,消耗:0,收益:0,单次最大盈利:0 单次时间:2019-05-30 23:55:21;
	全局统计 MONSTERID:305	攻击次数:0,免伤次数:0,击杀次数:0,消耗:0,收益:0,单次最大盈利:0 单次时间:2019-05-30 23:55:21;
	全局统计 MONSTERID:306	攻击次数:0,免伤次数:0,击杀次数:0,消耗:0,收益:0,单次最大盈利:0 单次时间:2019-05-30 23:55:21;
	全局统计 MONSTERID:307	攻击次数:0,免伤次数:0,击杀次数:0,消耗:0,收益:0,单次最大盈利:0 单次时间:2019-05-30 23:55:21;
	全局统计 MONSTERID:311	攻击次数:0,免伤次数:0,击杀次数:0,消耗:0,收益:0,单次最大盈利:0 单次时间:2019-05-30 23:55:21;
	全局统计 MONSTERID:313	攻击次数:0,免伤次数:0,击杀次数:0,消耗:0,收益:0,单次最大盈利:0 单次时间:2019-05-30 23:55:21;
	全局统计 MONSTERID:314	攻击次数:0,免伤次数:0,击杀次数:0,消耗:0,收益:0,单次最大盈利:0 单次时间:2019-05-30 23:55:21;
	全局统计 MONSTERID:315	攻击次数:0,免伤次数:0,击杀次数:0,消耗:0,收益:0,单次最大盈利:0 单次时间:2019-05-30 23:55:21;
	全局统计 MONSTERID:401	攻击次数:0,免伤次数:0,击杀次数:0,消耗:0,收益:0,单次最大盈利:0 单次时间:2019-05-30 23:55:21;
	全局统计 MONSTERID:402	攻击次数:0,免伤次数:0,击杀次数:0,消耗:0,收益:0,单次最大盈利:0 单次时间:2019-05-30 23:55:21;
	全局统计 MONSTERID:403	攻击次数:0,免伤次数:0,击杀次数:0,消耗:0,收益:0,单次最大盈利:0 单次时间:2019-05-30 23:55:21;
	全局统计 ALLMONSTERID 消耗:0,收益:0,返回率:0.000000;
	全局统计 过敏源剧情 消耗:0,收益:0,返回率:0.000000;
	全局统计 小丑剧情 消耗:0,收益:0,返回率:0.000000;
	全局统计 总输赢:0 总消耗:-0 总收益:+0 总免伤次数:0 总免伤:0 返回率:0.000000 时间:2019-05-30_23_55_21
