2019/06/01 00:12:17.479000 git.huoys.com/qp/cells/game_trace.polling 600 Info: log money polling....
	全局统计 翻牌统计: 攻击次数:0,击杀次数:0,免伤次数:0,空卡次数:0,宝箱次数:0,普通怪次数:0,Boss怪次数:0,消耗:0 收益:0 返回率:0.000000;
	全局统计 ALLMONSTERID 消耗:0,收益:0,返回率:0.000000;
	全局统计 过敏源剧情 消耗:0,收益:0,返回率:0.000000;
	全局统计 小丑剧情 消耗:0,收益:0,返回率:0.000000;
	全局统计 总输赢:0 总消耗:-0 总收益:+0 总免伤次数:0 总免伤:0 返回率:0.000000 时间:2019-06-01_00_12_17
2019/06/01 00:42:17.539000 git.huoys.com/qp/cells/game_trace.polling 600 Info: log money polling....
	全局统计 翻牌统计: 攻击次数:0,击杀次数:0,免伤次数:0,空卡次数:0,宝箱次数:0,普通怪次数:0,Boss怪次数:0,消耗:0 收益:0 返回率:0.000000;
	全局统计 ALLMONSTERID 消耗:0,收益:0,返回率:0.000000;
	全局统计 过敏源剧情 消耗:0,收益:0,返回率:0.000000;
	全局统计 小丑剧情 消耗:0,收益:0,返回率:0.000000;
	全局统计 总输赢:0 总消耗:-0 总收益:+0 总免伤次数:0 总免伤:0 返回率:0.000000 时间:2019-06-01_00_42_17
2019/06/01 01:12:17.568000 git.huoys.com/qp/cells/game_trace.polling 600 Info: log money polling....
	全局统计 翻牌统计: 攻击次数:0,击杀次数:0,免伤次数:0,空卡次数:0,宝箱次数:0,普通怪次数:0,Boss怪次数:0,消耗:0 收益:0 返回率:0.000000;
	全局统计 ALLMONSTERID 消耗:0,收益:0,返回率:0.000000;
	全局统计 过敏源剧情 消耗:0,收益:0,返回率:0.000000;
	全局统计 小丑剧情 消耗:0,收益:0,返回率:0.000000;
	全局统计 总输赢:0 总消耗:-0 总收益:+0 总免伤次数:0 总免伤:0 返回率:0.000000 时间:2019-06-01_01_12_17
2019/06/01 01:42:17.605000 git.huoys.com/qp/cells/game_trace.polling 600 Info: log money polling....
	全局统计 翻牌统计: 攻击次数:0,击杀次数:0,免伤次数:0,空卡次数:0,宝箱次数:0,普通怪次数:0,Boss怪次数:0,消耗:0 收益:0 返回率:0.000000;
	全局统计 ALLMONSTERID 消耗:0,收益:0,返回率:0.000000;
	全局统计 过敏源剧情 消耗:0,收益:0,返回率:0.000000;
	全局统计 小丑剧情 消耗:0,收益:0,返回率:0.000000;
	全局统计 总输赢:0 总消耗:-0 总收益:+0 总免伤次数:0 总免伤:0 返回率:0.000000 时间:2019-06-01_01_42_17
2019/06/01 02:12:17.640000 git.huoys.com/qp/cells/game_trace.polling 600 Info: log money polling....
	全局统计 翻牌统计: 攻击次数:0,击杀次数:0,免伤次数:0,空卡次数:0,宝箱次数:0,普通怪次数:0,Boss怪次数:0,消耗:0 收益:0 返回率:0.000000;
	全局统计 ALLMONSTERID 消耗:0,收益:0,返回率:0.000000;
	全局统计 过敏源剧情 消耗:0,收益:0,返回率:0.000000;
	全局统计 小丑剧情 消耗:0,收益:0,返回率:0.000000;
	全局统计 总输赢:0 总消耗:-0 总收益:+0 总免伤次数:0 总免伤:0 返回率:0.000000 时间:2019-06-01_02_12_17
2019/06/01 02:42:17.678000 git.huoys.com/qp/cells/game_trace.polling 600 Info: log money polling....
	全局统计 翻牌统计: 攻击次数:0,击杀次数:0,免伤次数:0,空卡次数:0,宝箱次数:0,普通怪次数:0,Boss怪次数:0,消耗:0 收益:0 返回率:0.000000;
	全局统计 ALLMONSTERID 消耗:0,收益:0,返回率:0.000000;
	全局统计 过敏源剧情 消耗:0,收益:0,返回率:0.000000;
	全局统计 小丑剧情 消耗:0,收益:0,返回率:0.000000;
	全局统计 总输赢:0 总消耗:-0 总收益:+0 总免伤次数:0 总免伤:0 返回率:0.000000 时间:2019-06-01_02_42_17
2019/06/01 03:12:17.715000 git.huoys.com/qp/cells/game_trace.polling 600 Info: log money polling....
	全局统计 翻牌统计: 攻击次数:0,击杀次数:0,免伤次数:0,空卡次数:0,宝箱次数:0,普通怪次数:0,Boss怪次数:0,消耗:0 收益:0 返回率:0.000000;
	全局统计 ALLMONSTERID 消耗:0,收益:0,返回率:0.000000;
	全局统计 过敏源剧情 消耗:0,收益:0,返回率:0.000000;
	全局统计 小丑剧情 消耗:0,收益:0,返回率:0.000000;
	全局统计 总输赢:0 总消耗:-0 总收益:+0 总免伤次数:0 总免伤:0 返回率:0.000000 时间:2019-06-01_03_12_17
2019/06/01 03:42:17.718000 git.huoys.com/qp/cells/game_trace.polling 600 Info: log money polling....
	全局统计 翻牌统计: 攻击次数:0,击杀次数:0,免伤次数:0,空卡次数:0,宝箱次数:0,普通怪次数:0,Boss怪次数:0,消耗:0 收益:0 返回率:0.000000;
	全局统计 ALLMONSTERID 消耗:0,收益:0,返回率:0.000000;
	全局统计 过敏源剧情 消耗:0,收益:0,返回率:0.000000;
	全局统计 小丑剧情 消耗:0,收益:0,返回率:0.000000;
	全局统计 总输赢:0 总消耗:-0 总收益:+0 总免伤次数:0 总免伤:0 返回率:0.000000 时间:2019-06-01_03_42_17
2019/06/01 04:12:17.725000 git.huoys.com/qp/cells/game_trace.polling 600 Info: log money polling....
	全局统计 翻牌统计: 攻击次数:0,击杀次数:0,免伤次数:0,空卡次数:0,宝箱次数:0,普通怪次数:0,Boss怪次数:0,消耗:0 收益:0 返回率:0.000000;
	全局统计 ALLMONSTERID 消耗:0,收益:0,返回率:0.000000;
	全局统计 过敏源剧情 消耗:0,收益:0,返回率:0.000000;
	全局统计 小丑剧情 消耗:0,收益:0,返回率:0.000000;
	全局统计 总输赢:0 总消耗:-0 总收益:+0 总免伤次数:0 总免伤:0 返回率:0.000000 时间:2019-06-01_04_12_17
2019/06/01 04:42:17.764000 git.huoys.com/qp/cells/game_trace.polling 600 Info: log money polling....
	全局统计 翻牌统计: 攻击次数:0,击杀次数:0,免伤次数:0,空卡次数:0,宝箱次数:0,普通怪次数:0,Boss怪次数:0,消耗:0 收益:0 返回率:0.000000;
	全局统计 ALLMONSTERID 消耗:0,收益:0,返回率:0.000000;
	全局统计 过敏源剧情 消耗:0,收益:0,返回率:0.000000;
	全局统计 小丑剧情 消耗:0,收益:0,返回率:0.000000;
	全局统计 总输赢:0 总消耗:-0 总收益:+0 总免伤次数:0 总免伤:0 返回率:0.000000 时间:2019-06-01_04_42_17
2019/06/01 05:12:17.792000 git.huoys.com/qp/cells/game_trace.polling 600 Info: log money polling....
	全局统计 翻牌统计: 攻击次数:0,击杀次数:0,免伤次数:0,空卡次数:0,宝箱次数:0,普通怪次数:0,Boss怪次数:0,消耗:0 收益:0 返回率:0.000000;
	全局统计 ALLMONSTERID 消耗:0,收益:0,返回率:0.000000;
	全局统计 过敏源剧情 消耗:0,收益:0,返回率:0.000000;
	全局统计 小丑剧情 消耗:0,收益:0,返回率:0.000000;
	全局统计 总输赢:0 总消耗:-0 总收益:+0 总免伤次数:0 总免伤:0 返回率:0.000000 时间:2019-06-01_05_12_17
2019/06/01 05:42:17.829000 git.huoys.com/qp/cells/game_trace.polling 600 Info: log money polling....
	全局统计 翻牌统计: 攻击次数:0,击杀次数:0,免伤次数:0,空卡次数:0,宝箱次数:0,普通怪次数:0,Boss怪次数:0,消耗:0 收益:0 返回率:0.000000;
	全局统计 ALLMONSTERID 消耗:0,收益:0,返回率:0.000000;
	全局统计 过敏源剧情 消耗:0,收益:0,返回率:0.000000;
	全局统计 小丑剧情 消耗:0,收益:0,返回率:0.000000;
	全局统计 总输赢:0 总消耗:-0 总收益:+0 总免伤次数:0 总免伤:0 返回率:0.000000 时间:2019-06-01_05_42_17
2019/06/01 06:12:17.862000 git.huoys.com/qp/cells/game_trace.polling 600 Info: log money polling....
	全局统计 翻牌统计: 攻击次数:0,击杀次数:0,免伤次数:0,空卡次数:0,宝箱次数:0,普通怪次数:0,Boss怪次数:0,消耗:0 收益:0 返回率:0.000000;
	全局统计 ALLMONSTERID 消耗:0,收益:0,返回率:0.000000;
	全局统计 过敏源剧情 消耗:0,收益:0,返回率:0.000000;
	全局统计 小丑剧情 消耗:0,收益:0,返回率:0.000000;
	全局统计 总输赢:0 总消耗:-0 总收益:+0 总免伤次数:0 总免伤:0 返回率:0.000000 时间:2019-06-01_06_12_17
2019/06/01 06:42:17.891000 git.huoys.com/qp/cells/game_trace.polling 600 Info: log money polling....
	全局统计 翻牌统计: 攻击次数:0,击杀次数:0,免伤次数:0,空卡次数:0,宝箱次数:0,普通怪次数:0,Boss怪次数:0,消耗:0 收益:0 返回率:0.000000;
	全局统计 ALLMONSTERID 消耗:0,收益:0,返回率:0.000000;
	全局统计 过敏源剧情 消耗:0,收益:0,返回率:0.000000;
	全局统计 小丑剧情 消耗:0,收益:0,返回率:0.000000;
	全局统计 总输赢:0 总消耗:-0 总收益:+0 总免伤次数:0 总免伤:0 返回率:0.000000 时间:2019-06-01_06_42_17
2019/06/01 07:12:17.928000 git.huoys.com/qp/cells/game_trace.polling 600 Info: log money polling....
	全局统计 翻牌统计: 攻击次数:0,击杀次数:0,免伤次数:0,空卡次数:0,宝箱次数:0,普通怪次数:0,Boss怪次数:0,消耗:0 收益:0 返回率:0.000000;
	全局统计 ALLMONSTERID 消耗:0,收益:0,返回率:0.000000;
	全局统计 过敏源剧情 消耗:0,收益:0,返回率:0.000000;
	全局统计 小丑剧情 消耗:0,收益:0,返回率:0.000000;
	全局统计 总输赢:0 总消耗:-0 总收益:+0 总免伤次数:0 总免伤:0 返回率:0.000000 时间:2019-06-01_07_12_17
2019/06/01 07:42:17.957000 git.huoys.com/qp/cells/game_trace.polling 600 Info: log money polling....
	全局统计 翻牌统计: 攻击次数:0,击杀次数:0,免伤次数:0,空卡次数:0,宝箱次数:0,普通怪次数:0,Boss怪次数:0,消耗:0 收益:0 返回率:0.000000;
	全局统计 ALLMONSTERID 消耗:0,收益:0,返回率:0.000000;
	全局统计 过敏源剧情 消耗:0,收益:0,返回率:0.000000;
	全局统计 小丑剧情 消耗:0,收益:0,返回率:0.000000;
	全局统计 总输赢:0 总消耗:-0 总收益:+0 总免伤次数:0 总免伤:0 返回率:0.000000 时间:2019-06-01_07_42_17
2019/06/01 08:12:17.995000 git.huoys.com/qp/cells/game_trace.polling 600 Info: log money polling....
	全局统计 翻牌统计: 攻击次数:0,击杀次数:0,免伤次数:0,空卡次数:0,宝箱次数:0,普通怪次数:0,Boss怪次数:0,消耗:0 收益:0 返回率:0.000000;
	全局统计 ALLMONSTERID 消耗:0,收益:0,返回率:0.000000;
	全局统计 过敏源剧情 消耗:0,收益:0,返回率:0.000000;
	全局统计 小丑剧情 消耗:0,收益:0,返回率:0.000000;
	全局统计 总输赢:0 总消耗:-0 总收益:+0 总免伤次数:0 总免伤:0 返回率:0.000000 时间:2019-06-01_08_12_17
2019/06/01 08:42:18.048000 git.huoys.com/qp/cells/game_trace.polling 600 Info: log money polling....
	全局统计 翻牌统计: 攻击次数:0,击杀次数:0,免伤次数:0,空卡次数:0,宝箱次数:0,普通怪次数:0,Boss怪次数:0,消耗:0 收益:0 返回率:0.000000;
	全局统计 ALLMONSTERID 消耗:0,收益:0,返回率:0.000000;
	全局统计 过敏源剧情 消耗:0,收益:0,返回率:0.000000;
	全局统计 小丑剧情 消耗:0,收益:0,返回率:0.000000;
	全局统计 总输赢:0 总消耗:-0 总收益:+0 总免伤次数:0 总免伤:0 返回率:0.000000 时间:2019-06-01_08_42_18
2019/06/01 09:12:18.089000 git.huoys.com/qp/cells/game_trace.polling 600 Info: log money polling....
	全局统计 翻牌统计: 攻击次数:0,击杀次数:0,免伤次数:0,空卡次数:0,宝箱次数:0,普通怪次数:0,Boss怪次数:0,消耗:0 收益:0 返回率:0.000000;
	全局统计 ALLMONSTERID 消耗:0,收益:0,返回率:0.000000;
	全局统计 过敏源剧情 消耗:0,收益:0,返回率:0.000000;
	全局统计 小丑剧情 消耗:0,收益:0,返回率:0.000000;
	全局统计 总输赢:0 总消耗:-0 总收益:+0 总免伤次数:0 总免伤:0 返回率:0.000000 时间:2019-06-01_09_12_18
2019/06/01 09:42:18.106000 git.huoys.com/qp/cells/game_trace.polling 600 Info: log money polling....
	全局统计 翻牌统计: 攻击次数:0,击杀次数:0,免伤次数:0,空卡次数:0,宝箱次数:0,普通怪次数:0,Boss怪次数:0,消耗:0 收益:0 返回率:0.000000;
	全局统计 ALLMONSTERID 消耗:0,收益:0,返回率:0.000000;
	全局统计 过敏源剧情 消耗:0,收益:0,返回率:0.000000;
	全局统计 小丑剧情 消耗:0,收益:0,返回率:0.000000;
	全局统计 总输赢:0 总消耗:-0 总收益:+0 总免伤次数:0 总免伤:0 返回率:0.000000 时间:2019-06-01_09_42_18
2019/06/01 10:12:18.154000 git.huoys.com/qp/cells/game_trace.polling 600 Info: log money polling....
	全局统计 翻牌统计: 攻击次数:0,击杀次数:0,免伤次数:0,空卡次数:0,宝箱次数:0,普通怪次数:0,Boss怪次数:0,消耗:0 收益:0 返回率:0.000000;
	全局统计 ALLMONSTERID 消耗:0,收益:0,返回率:0.000000;
	全局统计 过敏源剧情 消耗:0,收益:0,返回率:0.000000;
	全局统计 小丑剧情 消耗:0,收益:0,返回率:0.000000;
	全局统计 总输赢:0 总消耗:-0 总收益:+0 总免伤次数:0 总免伤:0 返回率:0.000000 时间:2019-06-01_10_12_18
2019/06/01 10:42:18.189000 git.huoys.com/qp/cells/game_trace.polling 600 Info: log money polling....
	全局统计 翻牌统计: 攻击次数:0,击杀次数:0,免伤次数:0,空卡次数:0,宝箱次数:0,普通怪次数:0,Boss怪次数:0,消耗:0 收益:0 返回率:0.000000;
	全局统计 ALLMONSTERID 消耗:0,收益:0,返回率:0.000000;
	全局统计 过敏源剧情 消耗:0,收益:0,返回率:0.000000;
	全局统计 小丑剧情 消耗:0,收益:0,返回率:0.000000;
	全局统计 总输赢:0 总消耗:-0 总收益:+0 总免伤次数:0 总免伤:0 返回率:0.000000 时间:2019-06-01_10_42_18
2019/06/01 11:12:18.212000 git.huoys.com/qp/cells/game_trace.polling 600 Info: log money polling....
	全局统计 翻牌统计: 攻击次数:0,击杀次数:0,免伤次数:0,空卡次数:0,宝箱次数:0,普通怪次数:0,Boss怪次数:0,消耗:0 收益:0 返回率:0.000000;
	全局统计 ALLMONSTERID 消耗:0,收益:0,返回率:0.000000;
	全局统计 过敏源剧情 消耗:0,收益:0,返回率:0.000000;
	全局统计 小丑剧情 消耗:0,收益:0,返回率:0.000000;
	全局统计 总输赢:0 总消耗:-0 总收益:+0 总免伤次数:0 总免伤:0 返回率:0.000000 时间:2019-06-01_11_12_18
2019/06/01 11:42:18.244000 git.huoys.com/qp/cells/game_trace.polling 600 Info: log money polling....
	全局统计 翻牌统计: 攻击次数:0,击杀次数:0,免伤次数:0,空卡次数:0,宝箱次数:0,普通怪次数:0,Boss怪次数:0,消耗:0 收益:0 返回率:0.000000;
	全局统计 ALLMONSTERID 消耗:0,收益:0,返回率:0.000000;
	全局统计 过敏源剧情 消耗:0,收益:0,返回率:0.000000;
	全局统计 小丑剧情 消耗:0,收益:0,返回率:0.000000;
	全局统计 总输赢:0 总消耗:-0 总收益:+0 总免伤次数:0 总免伤:0 返回率:0.000000 时间:2019-06-01_11_42_18
2019/06/01 12:12:18.269000 git.huoys.com/qp/cells/game_trace.polling 600 Info: log money polling....
	全局统计 翻牌统计: 攻击次数:0,击杀次数:0,免伤次数:0,空卡次数:0,宝箱次数:0,普通怪次数:0,Boss怪次数:0,消耗:0 收益:0 返回率:0.000000;
	全局统计 ALLMONSTERID 消耗:0,收益:0,返回率:0.000000;
	全局统计 过敏源剧情 消耗:0,收益:0,返回率:0.000000;
	全局统计 小丑剧情 消耗:0,收益:0,返回率:0.000000;
	全局统计 总输赢:0 总消耗:-0 总收益:+0 总免伤次数:0 总免伤:0 返回率:0.000000 时间:2019-06-01_12_12_18
2019/06/01 12:42:18.304000 git.huoys.com/qp/cells/game_trace.polling 600 Info: log money polling....
	全局统计 翻牌统计: 攻击次数:0,击杀次数:0,免伤次数:0,空卡次数:0,宝箱次数:0,普通怪次数:0,Boss怪次数:0,消耗:0 收益:0 返回率:0.000000;
	全局统计 ALLMONSTERID 消耗:0,收益:0,返回率:0.000000;
	全局统计 过敏源剧情 消耗:0,收益:0,返回率:0.000000;
	全局统计 小丑剧情 消耗:0,收益:0,返回率:0.000000;
	全局统计 总输赢:0 总消耗:-0 总收益:+0 总免伤次数:0 总免伤:0 返回率:0.000000 时间:2019-06-01_12_42_18
2019/06/01 13:12:18.308000 git.huoys.com/qp/cells/game_trace.polling 600 Info: log money polling....
	全局统计 翻牌统计: 攻击次数:0,击杀次数:0,免伤次数:0,空卡次数:0,宝箱次数:0,普通怪次数:0,Boss怪次数:0,消耗:0 收益:0 返回率:0.000000;
	全局统计 ALLMONSTERID 消耗:0,收益:0,返回率:0.000000;
	全局统计 过敏源剧情 消耗:0,收益:0,返回率:0.000000;
	全局统计 小丑剧情 消耗:0,收益:0,返回率:0.000000;
	全局统计 总输赢:0 总消耗:-0 总收益:+0 总免伤次数:0 总免伤:0 返回率:0.000000 时间:2019-06-01_13_12_18
2019/06/01 13:42:18.402000 git.huoys.com/qp/cells/game_trace.polling 600 Info: log money polling....
	全局统计 翻牌统计: 攻击次数:0,击杀次数:0,免伤次数:0,空卡次数:0,宝箱次数:0,普通怪次数:0,Boss怪次数:0,消耗:0 收益:0 返回率:0.000000;
	全局统计 ALLMONSTERID 消耗:0,收益:0,返回率:0.000000;
	全局统计 过敏源剧情 消耗:0,收益:0,返回率:0.000000;
	全局统计 小丑剧情 消耗:0,收益:0,返回率:0.000000;
	全局统计 总输赢:0 总消耗:-0 总收益:+0 总免伤次数:0 总免伤:0 返回率:0.000000 时间:2019-06-01_13_42_18
2019/06/01 14:12:18.411000 git.huoys.com/qp/cells/game_trace.polling 600 Info: log money polling....
	全局统计 翻牌统计: 攻击次数:0,击杀次数:0,免伤次数:0,空卡次数:0,宝箱次数:0,普通怪次数:0,Boss怪次数:0,消耗:0 收益:0 返回率:0.000000;
	全局统计 ALLMONSTERID 消耗:0,收益:0,返回率:0.000000;
	全局统计 过敏源剧情 消耗:0,收益:0,返回率:0.000000;
	全局统计 小丑剧情 消耗:0,收益:0,返回率:0.000000;
	全局统计 总输赢:0 总消耗:-0 总收益:+0 总免伤次数:0 总免伤:0 返回率:0.000000 时间:2019-06-01_14_12_18
2019/06/01 14:42:18.454000 git.huoys.com/qp/cells/game_trace.polling 600 Info: log money polling....
	全局统计 翻牌统计: 攻击次数:0,击杀次数:0,免伤次数:0,空卡次数:0,宝箱次数:0,普通怪次数:0,Boss怪次数:0,消耗:0 收益:0 返回率:0.000000;
	全局统计 ALLMONSTERID 消耗:0,收益:0,返回率:0.000000;
	全局统计 过敏源剧情 消耗:0,收益:0,返回率:0.000000;
	全局统计 小丑剧情 消耗:0,收益:0,返回率:0.000000;
	全局统计 总输赢:0 总消耗:-0 总收益:+0 总免伤次数:0 总免伤:0 返回率:0.000000 时间:2019-06-01_14_42_18
2019/06/01 15:12:18.501000 git.huoys.com/qp/cells/game_trace.polling 600 Info: log money polling....
	全局统计 翻牌统计: 攻击次数:0,击杀次数:0,免伤次数:0,空卡次数:0,宝箱次数:0,普通怪次数:0,Boss怪次数:0,消耗:0 收益:0 返回率:0.000000;
	全局统计 ALLMONSTERID 消耗:0,收益:0,返回率:0.000000;
	全局统计 过敏源剧情 消耗:0,收益:0,返回率:0.000000;
	全局统计 小丑剧情 消耗:0,收益:0,返回率:0.000000;
	全局统计 总输赢:0 总消耗:-0 总收益:+0 总免伤次数:0 总免伤:0 返回率:0.000000 时间:2019-06-01_15_12_18
2019/06/01 15:42:18.533000 git.huoys.com/qp/cells/game_trace.polling 600 Info: log money polling....
	全局统计 翻牌统计: 攻击次数:0,击杀次数:0,免伤次数:0,空卡次数:0,宝箱次数:0,普通怪次数:0,Boss怪次数:0,消耗:0 收益:0 返回率:0.000000;
	全局统计 ALLMONSTERID 消耗:0,收益:0,返回率:0.000000;
	全局统计 过敏源剧情 消耗:0,收益:0,返回率:0.000000;
	全局统计 小丑剧情 消耗:0,收益:0,返回率:0.000000;
	全局统计 总输赢:0 总消耗:-0 总收益:+0 总免伤次数:0 总免伤:0 返回率:0.000000 时间:2019-06-01_15_42_18
2019/06/01 16:12:18.557000 git.huoys.com/qp/cells/game_trace.polling 600 Info: log money polling....
	全局统计 翻牌统计: 攻击次数:0,击杀次数:0,免伤次数:0,空卡次数:0,宝箱次数:0,普通怪次数:0,Boss怪次数:0,消耗:0 收益:0 返回率:0.000000;
	全局统计 ALLMONSTERID 消耗:0,收益:0,返回率:0.000000;
	全局统计 过敏源剧情 消耗:0,收益:0,返回率:0.000000;
	全局统计 小丑剧情 消耗:0,收益:0,返回率:0.000000;
	全局统计 总输赢:0 总消耗:-0 总收益:+0 总免伤次数:0 总免伤:0 返回率:0.000000 时间:2019-06-01_16_12_18
2019/06/01 16:42:18.583000 git.huoys.com/qp/cells/game_trace.polling 600 Info: log money polling....
	全局统计 翻牌统计: 攻击次数:0,击杀次数:0,免伤次数:0,空卡次数:0,宝箱次数:0,普通怪次数:0,Boss怪次数:0,消耗:0 收益:0 返回率:0.000000;
	全局统计 ALLMONSTERID 消耗:0,收益:0,返回率:0.000000;
	全局统计 过敏源剧情 消耗:0,收益:0,返回率:0.000000;
	全局统计 小丑剧情 消耗:0,收益:0,返回率:0.000000;
	全局统计 总输赢:0 总消耗:-0 总收益:+0 总免伤次数:0 总免伤:0 返回率:0.000000 时间:2019-06-01_16_42_18
2019/06/01 17:12:18.630000 git.huoys.com/qp/cells/game_trace.polling 600 Info: log money polling....
	全局统计 翻牌统计: 攻击次数:0,击杀次数:0,免伤次数:0,空卡次数:0,宝箱次数:0,普通怪次数:0,Boss怪次数:0,消耗:0 收益:0 返回率:0.000000;
	全局统计 ALLMONSTERID 消耗:0,收益:0,返回率:0.000000;
	全局统计 过敏源剧情 消耗:0,收益:0,返回率:0.000000;
	全局统计 小丑剧情 消耗:0,收益:0,返回率:0.000000;
	全局统计 总输赢:0 总消耗:-0 总收益:+0 总免伤次数:0 总免伤:0 返回率:0.000000 时间:2019-06-01_17_12_18
2019/06/01 17:42:18.669000 git.huoys.com/qp/cells/game_trace.polling 600 Info: log money polling....
	全局统计 翻牌统计: 攻击次数:0,击杀次数:0,免伤次数:0,空卡次数:0,宝箱次数:0,普通怪次数:0,Boss怪次数:0,消耗:0 收益:0 返回率:0.000000;
	全局统计 ALLMONSTERID 消耗:0,收益:0,返回率:0.000000;
	全局统计 过敏源剧情 消耗:0,收益:0,返回率:0.000000;
	全局统计 小丑剧情 消耗:0,收益:0,返回率:0.000000;
	全局统计 总输赢:0 总消耗:-0 总收益:+0 总免伤次数:0 总免伤:0 返回率:0.000000 时间:2019-06-01_17_42_18
2019/06/01 18:12:18.719000 git.huoys.com/qp/cells/game_trace.polling 600 Info: log money polling....
	全局统计 翻牌统计: 攻击次数:0,击杀次数:0,免伤次数:0,空卡次数:0,宝箱次数:0,普通怪次数:0,Boss怪次数:0,消耗:0 收益:0 返回率:0.000000;
	全局统计 ALLMONSTERID 消耗:0,收益:0,返回率:0.000000;
	全局统计 过敏源剧情 消耗:0,收益:0,返回率:0.000000;
	全局统计 小丑剧情 消耗:0,收益:0,返回率:0.000000;
	全局统计 总输赢:0 总消耗:-0 总收益:+0 总免伤次数:0 总免伤:0 返回率:0.000000 时间:2019-06-01_18_12_18
2019/06/01 18:42:18.730000 git.huoys.com/qp/cells/game_trace.polling 600 Info: log money polling....
	全局统计 翻牌统计: 攻击次数:0,击杀次数:0,免伤次数:0,空卡次数:0,宝箱次数:0,普通怪次数:0,Boss怪次数:0,消耗:0 收益:0 返回率:0.000000;
	全局统计 ALLMONSTERID 消耗:0,收益:0,返回率:0.000000;
	全局统计 过敏源剧情 消耗:0,收益:0,返回率:0.000000;
	全局统计 小丑剧情 消耗:0,收益:0,返回率:0.000000;
	全局统计 总输赢:0 总消耗:-0 总收益:+0 总免伤次数:0 总免伤:0 返回率:0.000000 时间:2019-06-01_18_42_18
2019/06/01 19:12:18.767000 git.huoys.com/qp/cells/game_trace.polling 600 Info: log money polling....
	全局统计 翻牌统计: 攻击次数:0,击杀次数:0,免伤次数:0,空卡次数:0,宝箱次数:0,普通怪次数:0,Boss怪次数:0,消耗:0 收益:0 返回率:0.000000;
	全局统计 ALLMONSTERID 消耗:0,收益:0,返回率:0.000000;
	全局统计 过敏源剧情 消耗:0,收益:0,返回率:0.000000;
	全局统计 小丑剧情 消耗:0,收益:0,返回率:0.000000;
	全局统计 总输赢:0 总消耗:-0 总收益:+0 总免伤次数:0 总免伤:0 返回率:0.000000 时间:2019-06-01_19_12_18
2019/06/01 19:42:18.785000 git.huoys.com/qp/cells/game_trace.polling 600 Info: log money polling....
	全局统计 翻牌统计: 攻击次数:0,击杀次数:0,免伤次数:0,空卡次数:0,宝箱次数:0,普通怪次数:0,Boss怪次数:0,消耗:0 收益:0 返回率:0.000000;
	全局统计 ALLMONSTERID 消耗:0,收益:0,返回率:0.000000;
	全局统计 过敏源剧情 消耗:0,收益:0,返回率:0.000000;
	全局统计 小丑剧情 消耗:0,收益:0,返回率:0.000000;
	全局统计 总输赢:0 总消耗:-0 总收益:+0 总免伤次数:0 总免伤:0 返回率:0.000000 时间:2019-06-01_19_42_18
2019/06/01 20:12:18.813000 git.huoys.com/qp/cells/game_trace.polling 600 Info: log money polling....
	全局统计 翻牌统计: 攻击次数:0,击杀次数:0,免伤次数:0,空卡次数:0,宝箱次数:0,普通怪次数:0,Boss怪次数:0,消耗:0 收益:0 返回率:0.000000;
	全局统计 ALLMONSTERID 消耗:0,收益:0,返回率:0.000000;
	全局统计 过敏源剧情 消耗:0,收益:0,返回率:0.000000;
	全局统计 小丑剧情 消耗:0,收益:0,返回率:0.000000;
	全局统计 总输赢:0 总消耗:-0 总收益:+0 总免伤次数:0 总免伤:0 返回率:0.000000 时间:2019-06-01_20_12_18
2019/06/01 20:42:18.844000 git.huoys.com/qp/cells/game_trace.polling 600 Info: log money polling....
	全局统计 翻牌统计: 攻击次数:0,击杀次数:0,免伤次数:0,空卡次数:0,宝箱次数:0,普通怪次数:0,Boss怪次数:0,消耗:0 收益:0 返回率:0.000000;
	全局统计 ALLMONSTERID 消耗:0,收益:0,返回率:0.000000;
	全局统计 过敏源剧情 消耗:0,收益:0,返回率:0.000000;
	全局统计 小丑剧情 消耗:0,收益:0,返回率:0.000000;
	全局统计 总输赢:0 总消耗:-0 总收益:+0 总免伤次数:0 总免伤:0 返回率:0.000000 时间:2019-06-01_20_42_18
2019/06/01 21:12:18.857000 git.huoys.com/qp/cells/game_trace.polling 600 Info: log money polling....
	全局统计 翻牌统计: 攻击次数:0,击杀次数:0,免伤次数:0,空卡次数:0,宝箱次数:0,普通怪次数:0,Boss怪次数:0,消耗:0 收益:0 返回率:0.000000;
	全局统计 ALLMONSTERID 消耗:0,收益:0,返回率:0.000000;
	全局统计 过敏源剧情 消耗:0,收益:0,返回率:0.000000;
	全局统计 小丑剧情 消耗:0,收益:0,返回率:0.000000;
	全局统计 总输赢:0 总消耗:-0 总收益:+0 总免伤次数:0 总免伤:0 返回率:0.000000 时间:2019-06-01_21_12_18
2019/06/01 21:42:18.874000 git.huoys.com/qp/cells/game_trace.polling 600 Info: log money polling....
	全局统计 翻牌统计: 攻击次数:0,击杀次数:0,免伤次数:0,空卡次数:0,宝箱次数:0,普通怪次数:0,Boss怪次数:0,消耗:0 收益:0 返回率:0.000000;
	全局统计 ALLMONSTERID 消耗:0,收益:0,返回率:0.000000;
	全局统计 过敏源剧情 消耗:0,收益:0,返回率:0.000000;
	全局统计 小丑剧情 消耗:0,收益:0,返回率:0.000000;
	全局统计 总输赢:0 总消耗:-0 总收益:+0 总免伤次数:0 总免伤:0 返回率:0.000000 时间:2019-06-01_21_42_18
2019/06/01 22:12:18.890000 git.huoys.com/qp/cells/game_trace.polling 600 Info: log money polling....
	全局统计 翻牌统计: 攻击次数:0,击杀次数:0,免伤次数:0,空卡次数:0,宝箱次数:0,普通怪次数:0,Boss怪次数:0,消耗:0 收益:0 返回率:0.000000;
	全局统计 ALLMONSTERID 消耗:0,收益:0,返回率:0.000000;
	全局统计 过敏源剧情 消耗:0,收益:0,返回率:0.000000;
	全局统计 小丑剧情 消耗:0,收益:0,返回率:0.000000;
	全局统计 总输赢:0 总消耗:-0 总收益:+0 总免伤次数:0 总免伤:0 返回率:0.000000 时间:2019-06-01_22_12_18
2019/06/01 22:42:18.902000 git.huoys.com/qp/cells/game_trace.polling 600 Info: log money polling....
	全局统计 翻牌统计: 攻击次数:0,击杀次数:0,免伤次数:0,空卡次数:0,宝箱次数:0,普通怪次数:0,Boss怪次数:0,消耗:0 收益:0 返回率:0.000000;
	全局统计 ALLMONSTERID 消耗:0,收益:0,返回率:0.000000;
	全局统计 过敏源剧情 消耗:0,收益:0,返回率:0.000000;
	全局统计 小丑剧情 消耗:0,收益:0,返回率:0.000000;
	全局统计 总输赢:0 总消耗:-0 总收益:+0 总免伤次数:0 总免伤:0 返回率:0.000000 时间:2019-06-01_22_42_18
2019/06/01 23:12:18.917000 git.huoys.com/qp/cells/game_trace.polling 600 Info: log money polling....
	全局统计 翻牌统计: 攻击次数:0,击杀次数:0,免伤次数:0,空卡次数:0,宝箱次数:0,普通怪次数:0,Boss怪次数:0,消耗:0 收益:0 返回率:0.000000;
	全局统计 ALLMONSTERID 消耗:0,收益:0,返回率:0.000000;
	全局统计 过敏源剧情 消耗:0,收益:0,返回率:0.000000;
	全局统计 小丑剧情 消耗:0,收益:0,返回率:0.000000;
	全局统计 总输赢:0 总消耗:-0 总收益:+0 总免伤次数:0 总免伤:0 返回率:0.000000 时间:2019-06-01_23_12_18
2019/06/01 23:42:18.952000 git.huoys.com/qp/cells/game_trace.polling 600 Info: log money polling....
	全局统计 翻牌统计: 攻击次数:0,击杀次数:0,免伤次数:0,空卡次数:0,宝箱次数:0,普通怪次数:0,Boss怪次数:0,消耗:0 收益:0 返回率:0.000000;
	全局统计 ALLMONSTERID 消耗:0,收益:0,返回率:0.000000;
	全局统计 过敏源剧情 消耗:0,收益:0,返回率:0.000000;
	全局统计 小丑剧情 消耗:0,收益:0,返回率:0.000000;
	全局统计 总输赢:0 总消耗:-0 总收益:+0 总免伤次数:0 总免伤:0 返回率:0.000000 时间:2019-06-01_23_42_18
