2019/05/16 00:18:25.117200 git.huoys.com/qp/cells/game_trace.polling 557 Info: log money polling....
	全局统计 翻牌统计: 攻击次数:0,击杀次数:0,免伤次数:0,空卡次数:0,宝箱次数:0,普通怪次数:0,Boss怪次数:0,消耗:0 收益:0 返回率:0.000000;
	全局统计 BOXID:100	攻击次数:0,击杀次数:0,免伤次数:0,消耗:0,收益:0,单次最大盈利:0 单次时间:2019-05-16 00:18:25;
	全局统计 BOXID:101	攻击次数:0,击杀次数:0,免伤次数:0,消耗:0,收益:0,单次最大盈利:0 单次时间:2019-05-16 00:18:25;
	全局统计 BOXID:102	攻击次数:0,击杀次数:0,免伤次数:0,消耗:0,收益:0,单次最大盈利:0 单次时间:2019-05-16 00:18:25;
	全局统计 MONSTERID:300	攻击次数:0,免伤次数:0,击杀次数:0,消耗:0,收益:0,单次最大盈利:0 单次时间:2019-05-16 00:18:25;
	全局统计 MONSTERID:301	攻击次数:0,免伤次数:0,击杀次数:0,消耗:0,收益:0,单次最大盈利:0 单次时间:2019-05-16 00:18:25;
	全局统计 MONSTERID:302	攻击次数:0,免伤次数:0,击杀次数:0,消耗:0,收益:0,单次最大盈利:0 单次时间:2019-05-16 00:18:25;
	全局统计 MONSTERID:303	攻击次数:0,免伤次数:0,击杀次数:0,消耗:0,收益:0,单次最大盈利:0 单次时间:2019-05-16 00:18:25;
	全局统计 MONSTERID:304	攻击次数:0,免伤次数:0,击杀次数:0,消耗:0,收益:0,单次最大盈利:0 单次时间:2019-05-16 00:18:25;
	全局统计 MONSTERID:305	攻击次数:0,免伤次数:0,击杀次数:0,消耗:0,收益:0,单次最大盈利:0 单次时间:2019-05-16 00:18:25;
	全局统计 MONSTERID:306	攻击次数:0,免伤次数:0,击杀次数:0,消耗:0,收益:0,单次最大盈利:0 单次时间:2019-05-16 00:18:25;
	全局统计 MONSTERID:307	攻击次数:0,免伤次数:0,击杀次数:0,消耗:0,收益:0,单次最大盈利:0 单次时间:2019-05-16 00:18:25;
	全局统计 MONSTERID:311	攻击次数:0,免伤次数:0,击杀次数:0,消耗:0,收益:0,单次最大盈利:0 单次时间:2019-05-16 00:18:25;
	全局统计 MONSTERID:313	攻击次数:0,免伤次数:0,击杀次数:0,消耗:0,收益:0,单次最大盈利:0 单次时间:2019-05-16 00:18:25;
	全局统计 MONSTERID:314	攻击次数:0,免伤次数:0,击杀次数:0,消耗:0,收益:0,单次最大盈利:0 单次时间:2019-05-16 00:18:25;
	全局统计 ALLMONSTERID 消耗:0,收益:0,返回率:0.000000;
	全局统计 过敏源剧情 消耗:0,收益:0,返回率:0.000000;
	全局统计 总输赢:0 总消耗:-0 总收益:+0 总免伤次数:0 总免伤:0 返回率:0.000000 时间:2019-05-16_00_18_25
2019/05/16 00:48:25.133200 git.huoys.com/qp/cells/game_trace.polling 557 Info: log money polling....
	全局统计 翻牌统计: 攻击次数:0,击杀次数:0,免伤次数:0,空卡次数:0,宝箱次数:0,普通怪次数:0,Boss怪次数:0,消耗:0 收益:0 返回率:0.000000;
	全局统计 BOXID:100	攻击次数:0,击杀次数:0,免伤次数:0,消耗:0,收益:0,单次最大盈利:0 单次时间:2019-05-16 00:48:25;
	全局统计 BOXID:101	攻击次数:0,击杀次数:0,免伤次数:0,消耗:0,收益:0,单次最大盈利:0 单次时间:2019-05-16 00:48:25;
	全局统计 BOXID:102	攻击次数:0,击杀次数:0,免伤次数:0,消耗:0,收益:0,单次最大盈利:0 单次时间:2019-05-16 00:48:25;
	全局统计 MONSTERID:300	攻击次数:0,免伤次数:0,击杀次数:0,消耗:0,收益:0,单次最大盈利:0 单次时间:2019-05-16 00:48:25;
	全局统计 MONSTERID:301	攻击次数:0,免伤次数:0,击杀次数:0,消耗:0,收益:0,单次最大盈利:0 单次时间:2019-05-16 00:48:25;
	全局统计 MONSTERID:302	攻击次数:0,免伤次数:0,击杀次数:0,消耗:0,收益:0,单次最大盈利:0 单次时间:2019-05-16 00:48:25;
	全局统计 MONSTERID:303	攻击次数:0,免伤次数:0,击杀次数:0,消耗:0,收益:0,单次最大盈利:0 单次时间:2019-05-16 00:48:25;
	全局统计 MONSTERID:304	攻击次数:0,免伤次数:0,击杀次数:0,消耗:0,收益:0,单次最大盈利:0 单次时间:2019-05-16 00:48:25;
	全局统计 MONSTERID:305	攻击次数:0,免伤次数:0,击杀次数:0,消耗:0,收益:0,单次最大盈利:0 单次时间:2019-05-16 00:48:25;
	全局统计 MONSTERID:306	攻击次数:0,免伤次数:0,击杀次数:0,消耗:0,收益:0,单次最大盈利:0 单次时间:2019-05-16 00:48:25;
	全局统计 MONSTERID:307	攻击次数:0,免伤次数:0,击杀次数:0,消耗:0,收益:0,单次最大盈利:0 单次时间:2019-05-16 00:48:25;
	全局统计 MONSTERID:311	攻击次数:0,免伤次数:0,击杀次数:0,消耗:0,收益:0,单次最大盈利:0 单次时间:2019-05-16 00:48:25;
	全局统计 MONSTERID:313	攻击次数:0,免伤次数:0,击杀次数:0,消耗:0,收益:0,单次最大盈利:0 单次时间:2019-05-16 00:48:25;
	全局统计 MONSTERID:314	攻击次数:0,免伤次数:0,击杀次数:0,消耗:0,收益:0,单次最大盈利:0 单次时间:2019-05-16 00:48:25;
	全局统计 ALLMONSTERID 消耗:0,收益:0,返回率:0.000000;
	全局统计 过敏源剧情 消耗:0,收益:0,返回率:0.000000;
	全局统计 总输赢:0 总消耗:-0 总收益:+0 总免伤次数:0 总免伤:0 返回率:0.000000 时间:2019-05-16_00_48_25
2019/05/16 01:18:25.141200 git.huoys.com/qp/cells/game_trace.polling 557 Info: log money polling....
	全局统计 翻牌统计: 攻击次数:0,击杀次数:0,免伤次数:0,空卡次数:0,宝箱次数:0,普通怪次数:0,Boss怪次数:0,消耗:0 收益:0 返回率:0.000000;
	全局统计 BOXID:100	攻击次数:0,击杀次数:0,免伤次数:0,消耗:0,收益:0,单次最大盈利:0 单次时间:2019-05-16 01:18:25;
	全局统计 BOXID:101	攻击次数:0,击杀次数:0,免伤次数:0,消耗:0,收益:0,单次最大盈利:0 单次时间:2019-05-16 01:18:25;
	全局统计 BOXID:102	攻击次数:0,击杀次数:0,免伤次数:0,消耗:0,收益:0,单次最大盈利:0 单次时间:2019-05-16 01:18:25;
	全局统计 MONSTERID:300	攻击次数:0,免伤次数:0,击杀次数:0,消耗:0,收益:0,单次最大盈利:0 单次时间:2019-05-16 01:18:25;
	全局统计 MONSTERID:301	攻击次数:0,免伤次数:0,击杀次数:0,消耗:0,收益:0,单次最大盈利:0 单次时间:2019-05-16 01:18:25;
	全局统计 MONSTERID:302	攻击次数:0,免伤次数:0,击杀次数:0,消耗:0,收益:0,单次最大盈利:0 单次时间:2019-05-16 01:18:25;
	全局统计 MONSTERID:303	攻击次数:0,免伤次数:0,击杀次数:0,消耗:0,收益:0,单次最大盈利:0 单次时间:2019-05-16 01:18:25;
	全局统计 MONSTERID:304	攻击次数:0,免伤次数:0,击杀次数:0,消耗:0,收益:0,单次最大盈利:0 单次时间:2019-05-16 01:18:25;
	全局统计 MONSTERID:305	攻击次数:0,免伤次数:0,击杀次数:0,消耗:0,收益:0,单次最大盈利:0 单次时间:2019-05-16 01:18:25;
	全局统计 MONSTERID:306	攻击次数:0,免伤次数:0,击杀次数:0,消耗:0,收益:0,单次最大盈利:0 单次时间:2019-05-16 01:18:25;
	全局统计 MONSTERID:307	攻击次数:0,免伤次数:0,击杀次数:0,消耗:0,收益:0,单次最大盈利:0 单次时间:2019-05-16 01:18:25;
	全局统计 MONSTERID:311	攻击次数:0,免伤次数:0,击杀次数:0,消耗:0,收益:0,单次最大盈利:0 单次时间:2019-05-16 01:18:25;
	全局统计 MONSTERID:313	攻击次数:0,免伤次数:0,击杀次数:0,消耗:0,收益:0,单次最大盈利:0 单次时间:2019-05-16 01:18:25;
	全局统计 MONSTERID:314	攻击次数:0,免伤次数:0,击杀次数:0,消耗:0,收益:0,单次最大盈利:0 单次时间:2019-05-16 01:18:25;
	全局统计 ALLMONSTERID 消耗:0,收益:0,返回率:0.000000;
	全局统计 过敏源剧情 消耗:0,收益:0,返回率:0.000000;
	全局统计 总输赢:0 总消耗:-0 总收益:+0 总免伤次数:0 总免伤:0 返回率:0.000000 时间:2019-05-16_01_18_25
2019/05/16 01:48:25.170200 git.huoys.com/qp/cells/game_trace.polling 557 Info: log money polling....
	全局统计 翻牌统计: 攻击次数:0,击杀次数:0,免伤次数:0,空卡次数:0,宝箱次数:0,普通怪次数:0,Boss怪次数:0,消耗:0 收益:0 返回率:0.000000;
	全局统计 BOXID:100	攻击次数:0,击杀次数:0,免伤次数:0,消耗:0,收益:0,单次最大盈利:0 单次时间:2019-05-16 01:48:25;
	全局统计 BOXID:101	攻击次数:0,击杀次数:0,免伤次数:0,消耗:0,收益:0,单次最大盈利:0 单次时间:2019-05-16 01:48:25;
	全局统计 BOXID:102	攻击次数:0,击杀次数:0,免伤次数:0,消耗:0,收益:0,单次最大盈利:0 单次时间:2019-05-16 01:48:25;
	全局统计 MONSTERID:300	攻击次数:0,免伤次数:0,击杀次数:0,消耗:0,收益:0,单次最大盈利:0 单次时间:2019-05-16 01:48:25;
	全局统计 MONSTERID:301	攻击次数:0,免伤次数:0,击杀次数:0,消耗:0,收益:0,单次最大盈利:0 单次时间:2019-05-16 01:48:25;
	全局统计 MONSTERID:302	攻击次数:0,免伤次数:0,击杀次数:0,消耗:0,收益:0,单次最大盈利:0 单次时间:2019-05-16 01:48:25;
	全局统计 MONSTERID:303	攻击次数:0,免伤次数:0,击杀次数:0,消耗:0,收益:0,单次最大盈利:0 单次时间:2019-05-16 01:48:25;
	全局统计 MONSTERID:304	攻击次数:0,免伤次数:0,击杀次数:0,消耗:0,收益:0,单次最大盈利:0 单次时间:2019-05-16 01:48:25;
	全局统计 MONSTERID:305	攻击次数:0,免伤次数:0,击杀次数:0,消耗:0,收益:0,单次最大盈利:0 单次时间:2019-05-16 01:48:25;
	全局统计 MONSTERID:306	攻击次数:0,免伤次数:0,击杀次数:0,消耗:0,收益:0,单次最大盈利:0 单次时间:2019-05-16 01:48:25;
	全局统计 MONSTERID:307	攻击次数:0,免伤次数:0,击杀次数:0,消耗:0,收益:0,单次最大盈利:0 单次时间:2019-05-16 01:48:25;
	全局统计 MONSTERID:311	攻击次数:0,免伤次数:0,击杀次数:0,消耗:0,收益:0,单次最大盈利:0 单次时间:2019-05-16 01:48:25;
	全局统计 MONSTERID:313	攻击次数:0,免伤次数:0,击杀次数:0,消耗:0,收益:0,单次最大盈利:0 单次时间:2019-05-16 01:48:25;
	全局统计 MONSTERID:314	攻击次数:0,免伤次数:0,击杀次数:0,消耗:0,收益:0,单次最大盈利:0 单次时间:2019-05-16 01:48:25;
	全局统计 ALLMONSTERID 消耗:0,收益:0,返回率:0.000000;
	全局统计 过敏源剧情 消耗:0,收益:0,返回率:0.000000;
	全局统计 总输赢:0 总消耗:-0 总收益:+0 总免伤次数:0 总免伤:0 返回率:0.000000 时间:2019-05-16_01_48_25
2019/05/16 02:18:25.189200 git.huoys.com/qp/cells/game_trace.polling 557 Info: log money polling....
	全局统计 翻牌统计: 攻击次数:0,击杀次数:0,免伤次数:0,空卡次数:0,宝箱次数:0,普通怪次数:0,Boss怪次数:0,消耗:0 收益:0 返回率:0.000000;
	全局统计 BOXID:100	攻击次数:0,击杀次数:0,免伤次数:0,消耗:0,收益:0,单次最大盈利:0 单次时间:2019-05-16 02:18:25;
	全局统计 BOXID:101	攻击次数:0,击杀次数:0,免伤次数:0,消耗:0,收益:0,单次最大盈利:0 单次时间:2019-05-16 02:18:25;
	全局统计 BOXID:102	攻击次数:0,击杀次数:0,免伤次数:0,消耗:0,收益:0,单次最大盈利:0 单次时间:2019-05-16 02:18:25;
	全局统计 MONSTERID:300	攻击次数:0,免伤次数:0,击杀次数:0,消耗:0,收益:0,单次最大盈利:0 单次时间:2019-05-16 02:18:25;
	全局统计 MONSTERID:301	攻击次数:0,免伤次数:0,击杀次数:0,消耗:0,收益:0,单次最大盈利:0 单次时间:2019-05-16 02:18:25;
	全局统计 MONSTERID:302	攻击次数:0,免伤次数:0,击杀次数:0,消耗:0,收益:0,单次最大盈利:0 单次时间:2019-05-16 02:18:25;
	全局统计 MONSTERID:303	攻击次数:0,免伤次数:0,击杀次数:0,消耗:0,收益:0,单次最大盈利:0 单次时间:2019-05-16 02:18:25;
	全局统计 MONSTERID:304	攻击次数:0,免伤次数:0,击杀次数:0,消耗:0,收益:0,单次最大盈利:0 单次时间:2019-05-16 02:18:25;
	全局统计 MONSTERID:305	攻击次数:0,免伤次数:0,击杀次数:0,消耗:0,收益:0,单次最大盈利:0 单次时间:2019-05-16 02:18:25;
	全局统计 MONSTERID:306	攻击次数:0,免伤次数:0,击杀次数:0,消耗:0,收益:0,单次最大盈利:0 单次时间:2019-05-16 02:18:25;
	全局统计 MONSTERID:307	攻击次数:0,免伤次数:0,击杀次数:0,消耗:0,收益:0,单次最大盈利:0 单次时间:2019-05-16 02:18:25;
	全局统计 MONSTERID:311	攻击次数:0,免伤次数:0,击杀次数:0,消耗:0,收益:0,单次最大盈利:0 单次时间:2019-05-16 02:18:25;
	全局统计 MONSTERID:313	攻击次数:0,免伤次数:0,击杀次数:0,消耗:0,收益:0,单次最大盈利:0 单次时间:2019-05-16 02:18:25;
	全局统计 MONSTERID:314	攻击次数:0,免伤次数:0,击杀次数:0,消耗:0,收益:0,单次最大盈利:0 单次时间:2019-05-16 02:18:25;
	全局统计 ALLMONSTERID 消耗:0,收益:0,返回率:0.000000;
	全局统计 过敏源剧情 消耗:0,收益:0,返回率:0.000000;
	全局统计 总输赢:0 总消耗:-0 总收益:+0 总免伤次数:0 总免伤:0 返回率:0.000000 时间:2019-05-16_02_18_25
2019/05/16 02:48:25.193200 git.huoys.com/qp/cells/game_trace.polling 557 Info: log money polling....
	全局统计 翻牌统计: 攻击次数:0,击杀次数:0,免伤次数:0,空卡次数:0,宝箱次数:0,普通怪次数:0,Boss怪次数:0,消耗:0 收益:0 返回率:0.000000;
	全局统计 BOXID:100	攻击次数:0,击杀次数:0,免伤次数:0,消耗:0,收益:0,单次最大盈利:0 单次时间:2019-05-16 02:48:25;
	全局统计 BOXID:101	攻击次数:0,击杀次数:0,免伤次数:0,消耗:0,收益:0,单次最大盈利:0 单次时间:2019-05-16 02:48:25;
	全局统计 BOXID:102	攻击次数:0,击杀次数:0,免伤次数:0,消耗:0,收益:0,单次最大盈利:0 单次时间:2019-05-16 02:48:25;
	全局统计 MONSTERID:300	攻击次数:0,免伤次数:0,击杀次数:0,消耗:0,收益:0,单次最大盈利:0 单次时间:2019-05-16 02:48:25;
	全局统计 MONSTERID:301	攻击次数:0,免伤次数:0,击杀次数:0,消耗:0,收益:0,单次最大盈利:0 单次时间:2019-05-16 02:48:25;
	全局统计 MONSTERID:302	攻击次数:0,免伤次数:0,击杀次数:0,消耗:0,收益:0,单次最大盈利:0 单次时间:2019-05-16 02:48:25;
	全局统计 MONSTERID:303	攻击次数:0,免伤次数:0,击杀次数:0,消耗:0,收益:0,单次最大盈利:0 单次时间:2019-05-16 02:48:25;
	全局统计 MONSTERID:304	攻击次数:0,免伤次数:0,击杀次数:0,消耗:0,收益:0,单次最大盈利:0 单次时间:2019-05-16 02:48:25;
	全局统计 MONSTERID:305	攻击次数:0,免伤次数:0,击杀次数:0,消耗:0,收益:0,单次最大盈利:0 单次时间:2019-05-16 02:48:25;
	全局统计 MONSTERID:306	攻击次数:0,免伤次数:0,击杀次数:0,消耗:0,收益:0,单次最大盈利:0 单次时间:2019-05-16 02:48:25;
	全局统计 MONSTERID:307	攻击次数:0,免伤次数:0,击杀次数:0,消耗:0,收益:0,单次最大盈利:0 单次时间:2019-05-16 02:48:25;
	全局统计 MONSTERID:311	攻击次数:0,免伤次数:0,击杀次数:0,消耗:0,收益:0,单次最大盈利:0 单次时间:2019-05-16 02:48:25;
	全局统计 MONSTERID:313	攻击次数:0,免伤次数:0,击杀次数:0,消耗:0,收益:0,单次最大盈利:0 单次时间:2019-05-16 02:48:25;
	全局统计 MONSTERID:314	攻击次数:0,免伤次数:0,击杀次数:0,消耗:0,收益:0,单次最大盈利:0 单次时间:2019-05-16 02:48:25;
	全局统计 ALLMONSTERID 消耗:0,收益:0,返回率:0.000000;
	全局统计 过敏源剧情 消耗:0,收益:0,返回率:0.000000;
	全局统计 总输赢:0 总消耗:-0 总收益:+0 总免伤次数:0 总免伤:0 返回率:0.000000 时间:2019-05-16_02_48_25
2019/05/16 03:18:25.213200 git.huoys.com/qp/cells/game_trace.polling 557 Info: log money polling....
	全局统计 翻牌统计: 攻击次数:0,击杀次数:0,免伤次数:0,空卡次数:0,宝箱次数:0,普通怪次数:0,Boss怪次数:0,消耗:0 收益:0 返回率:0.000000;
	全局统计 BOXID:100	攻击次数:0,击杀次数:0,免伤次数:0,消耗:0,收益:0,单次最大盈利:0 单次时间:2019-05-16 03:18:25;
	全局统计 BOXID:101	攻击次数:0,击杀次数:0,免伤次数:0,消耗:0,收益:0,单次最大盈利:0 单次时间:2019-05-16 03:18:25;
	全局统计 BOXID:102	攻击次数:0,击杀次数:0,免伤次数:0,消耗:0,收益:0,单次最大盈利:0 单次时间:2019-05-16 03:18:25;
	全局统计 MONSTERID:300	攻击次数:0,免伤次数:0,击杀次数:0,消耗:0,收益:0,单次最大盈利:0 单次时间:2019-05-16 03:18:25;
	全局统计 MONSTERID:301	攻击次数:0,免伤次数:0,击杀次数:0,消耗:0,收益:0,单次最大盈利:0 单次时间:2019-05-16 03:18:25;
	全局统计 MONSTERID:302	攻击次数:0,免伤次数:0,击杀次数:0,消耗:0,收益:0,单次最大盈利:0 单次时间:2019-05-16 03:18:25;
	全局统计 MONSTERID:303	攻击次数:0,免伤次数:0,击杀次数:0,消耗:0,收益:0,单次最大盈利:0 单次时间:2019-05-16 03:18:25;
	全局统计 MONSTERID:304	攻击次数:0,免伤次数:0,击杀次数:0,消耗:0,收益:0,单次最大盈利:0 单次时间:2019-05-16 03:18:25;
	全局统计 MONSTERID:305	攻击次数:0,免伤次数:0,击杀次数:0,消耗:0,收益:0,单次最大盈利:0 单次时间:2019-05-16 03:18:25;
	全局统计 MONSTERID:306	攻击次数:0,免伤次数:0,击杀次数:0,消耗:0,收益:0,单次最大盈利:0 单次时间:2019-05-16 03:18:25;
	全局统计 MONSTERID:307	攻击次数:0,免伤次数:0,击杀次数:0,消耗:0,收益:0,单次最大盈利:0 单次时间:2019-05-16 03:18:25;
	全局统计 MONSTERID:311	攻击次数:0,免伤次数:0,击杀次数:0,消耗:0,收益:0,单次最大盈利:0 单次时间:2019-05-16 03:18:25;
	全局统计 MONSTERID:313	攻击次数:0,免伤次数:0,击杀次数:0,消耗:0,收益:0,单次最大盈利:0 单次时间:2019-05-16 03:18:25;
	全局统计 MONSTERID:314	攻击次数:0,免伤次数:0,击杀次数:0,消耗:0,收益:0,单次最大盈利:0 单次时间:2019-05-16 03:18:25;
	全局统计 ALLMONSTERID 消耗:0,收益:0,返回率:0.000000;
	全局统计 过敏源剧情 消耗:0,收益:0,返回率:0.000000;
	全局统计 总输赢:0 总消耗:-0 总收益:+0 总免伤次数:0 总免伤:0 返回率:0.000000 时间:2019-05-16_03_18_25
2019/05/16 03:48:25.234200 git.huoys.com/qp/cells/game_trace.polling 557 Info: log money polling....
	全局统计 翻牌统计: 攻击次数:0,击杀次数:0,免伤次数:0,空卡次数:0,宝箱次数:0,普通怪次数:0,Boss怪次数:0,消耗:0 收益:0 返回率:0.000000;
	全局统计 BOXID:100	攻击次数:0,击杀次数:0,免伤次数:0,消耗:0,收益:0,单次最大盈利:0 单次时间:2019-05-16 03:48:25;
	全局统计 BOXID:101	攻击次数:0,击杀次数:0,免伤次数:0,消耗:0,收益:0,单次最大盈利:0 单次时间:2019-05-16 03:48:25;
	全局统计 BOXID:102	攻击次数:0,击杀次数:0,免伤次数:0,消耗:0,收益:0,单次最大盈利:0 单次时间:2019-05-16 03:48:25;
	全局统计 MONSTERID:300	攻击次数:0,免伤次数:0,击杀次数:0,消耗:0,收益:0,单次最大盈利:0 单次时间:2019-05-16 03:48:25;
	全局统计 MONSTERID:301	攻击次数:0,免伤次数:0,击杀次数:0,消耗:0,收益:0,单次最大盈利:0 单次时间:2019-05-16 03:48:25;
	全局统计 MONSTERID:302	攻击次数:0,免伤次数:0,击杀次数:0,消耗:0,收益:0,单次最大盈利:0 单次时间:2019-05-16 03:48:25;
	全局统计 MONSTERID:303	攻击次数:0,免伤次数:0,击杀次数:0,消耗:0,收益:0,单次最大盈利:0 单次时间:2019-05-16 03:48:25;
	全局统计 MONSTERID:304	攻击次数:0,免伤次数:0,击杀次数:0,消耗:0,收益:0,单次最大盈利:0 单次时间:2019-05-16 03:48:25;
	全局统计 MONSTERID:305	攻击次数:0,免伤次数:0,击杀次数:0,消耗:0,收益:0,单次最大盈利:0 单次时间:2019-05-16 03:48:25;
	全局统计 MONSTERID:306	攻击次数:0,免伤次数:0,击杀次数:0,消耗:0,收益:0,单次最大盈利:0 单次时间:2019-05-16 03:48:25;
	全局统计 MONSTERID:307	攻击次数:0,免伤次数:0,击杀次数:0,消耗:0,收益:0,单次最大盈利:0 单次时间:2019-05-16 03:48:25;
	全局统计 MONSTERID:311	攻击次数:0,免伤次数:0,击杀次数:0,消耗:0,收益:0,单次最大盈利:0 单次时间:2019-05-16 03:48:25;
	全局统计 MONSTERID:313	攻击次数:0,免伤次数:0,击杀次数:0,消耗:0,收益:0,单次最大盈利:0 单次时间:2019-05-16 03:48:25;
	全局统计 MONSTERID:314	攻击次数:0,免伤次数:0,击杀次数:0,消耗:0,收益:0,单次最大盈利:0 单次时间:2019-05-16 03:48:25;
	全局统计 ALLMONSTERID 消耗:0,收益:0,返回率:0.000000;
	全局统计 过敏源剧情 消耗:0,收益:0,返回率:0.000000;
	全局统计 总输赢:0 总消耗:-0 总收益:+0 总免伤次数:0 总免伤:0 返回率:0.000000 时间:2019-05-16_03_48_25
2019/05/16 04:18:25.251200 git.huoys.com/qp/cells/game_trace.polling 557 Info: log money polling....
	全局统计 翻牌统计: 攻击次数:0,击杀次数:0,免伤次数:0,空卡次数:0,宝箱次数:0,普通怪次数:0,Boss怪次数:0,消耗:0 收益:0 返回率:0.000000;
	全局统计 BOXID:100	攻击次数:0,击杀次数:0,免伤次数:0,消耗:0,收益:0,单次最大盈利:0 单次时间:2019-05-16 04:18:25;
	全局统计 BOXID:101	攻击次数:0,击杀次数:0,免伤次数:0,消耗:0,收益:0,单次最大盈利:0 单次时间:2019-05-16 04:18:25;
	全局统计 BOXID:102	攻击次数:0,击杀次数:0,免伤次数:0,消耗:0,收益:0,单次最大盈利:0 单次时间:2019-05-16 04:18:25;
	全局统计 MONSTERID:300	攻击次数:0,免伤次数:0,击杀次数:0,消耗:0,收益:0,单次最大盈利:0 单次时间:2019-05-16 04:18:25;
	全局统计 MONSTERID:301	攻击次数:0,免伤次数:0,击杀次数:0,消耗:0,收益:0,单次最大盈利:0 单次时间:2019-05-16 04:18:25;
	全局统计 MONSTERID:302	攻击次数:0,免伤次数:0,击杀次数:0,消耗:0,收益:0,单次最大盈利:0 单次时间:2019-05-16 04:18:25;
	全局统计 MONSTERID:303	攻击次数:0,免伤次数:0,击杀次数:0,消耗:0,收益:0,单次最大盈利:0 单次时间:2019-05-16 04:18:25;
	全局统计 MONSTERID:304	攻击次数:0,免伤次数:0,击杀次数:0,消耗:0,收益:0,单次最大盈利:0 单次时间:2019-05-16 04:18:25;
	全局统计 MONSTERID:305	攻击次数:0,免伤次数:0,击杀次数:0,消耗:0,收益:0,单次最大盈利:0 单次时间:2019-05-16 04:18:25;
	全局统计 MONSTERID:306	攻击次数:0,免伤次数:0,击杀次数:0,消耗:0,收益:0,单次最大盈利:0 单次时间:2019-05-16 04:18:25;
	全局统计 MONSTERID:307	攻击次数:0,免伤次数:0,击杀次数:0,消耗:0,收益:0,单次最大盈利:0 单次时间:2019-05-16 04:18:25;
	全局统计 MONSTERID:311	攻击次数:0,免伤次数:0,击杀次数:0,消耗:0,收益:0,单次最大盈利:0 单次时间:2019-05-16 04:18:25;
	全局统计 MONSTERID:313	攻击次数:0,免伤次数:0,击杀次数:0,消耗:0,收益:0,单次最大盈利:0 单次时间:2019-05-16 04:18:25;
	全局统计 MONSTERID:314	攻击次数:0,免伤次数:0,击杀次数:0,消耗:0,收益:0,单次最大盈利:0 单次时间:2019-05-16 04:18:25;
	全局统计 ALLMONSTERID 消耗:0,收益:0,返回率:0.000000;
	全局统计 过敏源剧情 消耗:0,收益:0,返回率:0.000000;
	全局统计 总输赢:0 总消耗:-0 总收益:+0 总免伤次数:0 总免伤:0 返回率:0.000000 时间:2019-05-16_04_18_25
2019/05/16 04:48:25.261200 git.huoys.com/qp/cells/game_trace.polling 557 Info: log money polling....
	全局统计 翻牌统计: 攻击次数:0,击杀次数:0,免伤次数:0,空卡次数:0,宝箱次数:0,普通怪次数:0,Boss怪次数:0,消耗:0 收益:0 返回率:0.000000;
	全局统计 BOXID:100	攻击次数:0,击杀次数:0,免伤次数:0,消耗:0,收益:0,单次最大盈利:0 单次时间:2019-05-16 04:48:25;
	全局统计 BOXID:101	攻击次数:0,击杀次数:0,免伤次数:0,消耗:0,收益:0,单次最大盈利:0 单次时间:2019-05-16 04:48:25;
	全局统计 BOXID:102	攻击次数:0,击杀次数:0,免伤次数:0,消耗:0,收益:0,单次最大盈利:0 单次时间:2019-05-16 04:48:25;
	全局统计 MONSTERID:300	攻击次数:0,免伤次数:0,击杀次数:0,消耗:0,收益:0,单次最大盈利:0 单次时间:2019-05-16 04:48:25;
	全局统计 MONSTERID:301	攻击次数:0,免伤次数:0,击杀次数:0,消耗:0,收益:0,单次最大盈利:0 单次时间:2019-05-16 04:48:25;
	全局统计 MONSTERID:302	攻击次数:0,免伤次数:0,击杀次数:0,消耗:0,收益:0,单次最大盈利:0 单次时间:2019-05-16 04:48:25;
	全局统计 MONSTERID:303	攻击次数:0,免伤次数:0,击杀次数:0,消耗:0,收益:0,单次最大盈利:0 单次时间:2019-05-16 04:48:25;
	全局统计 MONSTERID:304	攻击次数:0,免伤次数:0,击杀次数:0,消耗:0,收益:0,单次最大盈利:0 单次时间:2019-05-16 04:48:25;
	全局统计 MONSTERID:305	攻击次数:0,免伤次数:0,击杀次数:0,消耗:0,收益:0,单次最大盈利:0 单次时间:2019-05-16 04:48:25;
	全局统计 MONSTERID:306	攻击次数:0,免伤次数:0,击杀次数:0,消耗:0,收益:0,单次最大盈利:0 单次时间:2019-05-16 04:48:25;
	全局统计 MONSTERID:307	攻击次数:0,免伤次数:0,击杀次数:0,消耗:0,收益:0,单次最大盈利:0 单次时间:2019-05-16 04:48:25;
	全局统计 MONSTERID:311	攻击次数:0,免伤次数:0,击杀次数:0,消耗:0,收益:0,单次最大盈利:0 单次时间:2019-05-16 04:48:25;
	全局统计 MONSTERID:313	攻击次数:0,免伤次数:0,击杀次数:0,消耗:0,收益:0,单次最大盈利:0 单次时间:2019-05-16 04:48:25;
	全局统计 MONSTERID:314	攻击次数:0,免伤次数:0,击杀次数:0,消耗:0,收益:0,单次最大盈利:0 单次时间:2019-05-16 04:48:25;
	全局统计 ALLMONSTERID 消耗:0,收益:0,返回率:0.000000;
	全局统计 过敏源剧情 消耗:0,收益:0,返回率:0.000000;
	全局统计 总输赢:0 总消耗:-0 总收益:+0 总免伤次数:0 总免伤:0 返回率:0.000000 时间:2019-05-16_04_48_25
2019/05/16 05:18:25.282200 git.huoys.com/qp/cells/game_trace.polling 557 Info: log money polling....
	全局统计 翻牌统计: 攻击次数:0,击杀次数:0,免伤次数:0,空卡次数:0,宝箱次数:0,普通怪次数:0,Boss怪次数:0,消耗:0 收益:0 返回率:0.000000;
	全局统计 BOXID:100	攻击次数:0,击杀次数:0,免伤次数:0,消耗:0,收益:0,单次最大盈利:0 单次时间:2019-05-16 05:18:25;
	全局统计 BOXID:101	攻击次数:0,击杀次数:0,免伤次数:0,消耗:0,收益:0,单次最大盈利:0 单次时间:2019-05-16 05:18:25;
	全局统计 BOXID:102	攻击次数:0,击杀次数:0,免伤次数:0,消耗:0,收益:0,单次最大盈利:0 单次时间:2019-05-16 05:18:25;
	全局统计 MONSTERID:300	攻击次数:0,免伤次数:0,击杀次数:0,消耗:0,收益:0,单次最大盈利:0 单次时间:2019-05-16 05:18:25;
	全局统计 MONSTERID:301	攻击次数:0,免伤次数:0,击杀次数:0,消耗:0,收益:0,单次最大盈利:0 单次时间:2019-05-16 05:18:25;
	全局统计 MONSTERID:302	攻击次数:0,免伤次数:0,击杀次数:0,消耗:0,收益:0,单次最大盈利:0 单次时间:2019-05-16 05:18:25;
	全局统计 MONSTERID:303	攻击次数:0,免伤次数:0,击杀次数:0,消耗:0,收益:0,单次最大盈利:0 单次时间:2019-05-16 05:18:25;
	全局统计 MONSTERID:304	攻击次数:0,免伤次数:0,击杀次数:0,消耗:0,收益:0,单次最大盈利:0 单次时间:2019-05-16 05:18:25;
	全局统计 MONSTERID:305	攻击次数:0,免伤次数:0,击杀次数:0,消耗:0,收益:0,单次最大盈利:0 单次时间:2019-05-16 05:18:25;
	全局统计 MONSTERID:306	攻击次数:0,免伤次数:0,击杀次数:0,消耗:0,收益:0,单次最大盈利:0 单次时间:2019-05-16 05:18:25;
	全局统计 MONSTERID:307	攻击次数:0,免伤次数:0,击杀次数:0,消耗:0,收益:0,单次最大盈利:0 单次时间:2019-05-16 05:18:25;
	全局统计 MONSTERID:311	攻击次数:0,免伤次数:0,击杀次数:0,消耗:0,收益:0,单次最大盈利:0 单次时间:2019-05-16 05:18:25;
	全局统计 MONSTERID:313	攻击次数:0,免伤次数:0,击杀次数:0,消耗:0,收益:0,单次最大盈利:0 单次时间:2019-05-16 05:18:25;
	全局统计 MONSTERID:314	攻击次数:0,免伤次数:0,击杀次数:0,消耗:0,收益:0,单次最大盈利:0 单次时间:2019-05-16 05:18:25;
	全局统计 ALLMONSTERID 消耗:0,收益:0,返回率:0.000000;
	全局统计 过敏源剧情 消耗:0,收益:0,返回率:0.000000;
	全局统计 总输赢:0 总消耗:-0 总收益:+0 总免伤次数:0 总免伤:0 返回率:0.000000 时间:2019-05-16_05_18_25
2019/05/16 05:48:25.315200 git.huoys.com/qp/cells/game_trace.polling 557 Info: log money polling....
	全局统计 翻牌统计: 攻击次数:0,击杀次数:0,免伤次数:0,空卡次数:0,宝箱次数:0,普通怪次数:0,Boss怪次数:0,消耗:0 收益:0 返回率:0.000000;
	全局统计 BOXID:100	攻击次数:0,击杀次数:0,免伤次数:0,消耗:0,收益:0,单次最大盈利:0 单次时间:2019-05-16 05:48:25;
	全局统计 BOXID:101	攻击次数:0,击杀次数:0,免伤次数:0,消耗:0,收益:0,单次最大盈利:0 单次时间:2019-05-16 05:48:25;
	全局统计 BOXID:102	攻击次数:0,击杀次数:0,免伤次数:0,消耗:0,收益:0,单次最大盈利:0 单次时间:2019-05-16 05:48:25;
	全局统计 MONSTERID:300	攻击次数:0,免伤次数:0,击杀次数:0,消耗:0,收益:0,单次最大盈利:0 单次时间:2019-05-16 05:48:25;
	全局统计 MONSTERID:301	攻击次数:0,免伤次数:0,击杀次数:0,消耗:0,收益:0,单次最大盈利:0 单次时间:2019-05-16 05:48:25;
	全局统计 MONSTERID:302	攻击次数:0,免伤次数:0,击杀次数:0,消耗:0,收益:0,单次最大盈利:0 单次时间:2019-05-16 05:48:25;
	全局统计 MONSTERID:303	攻击次数:0,免伤次数:0,击杀次数:0,消耗:0,收益:0,单次最大盈利:0 单次时间:2019-05-16 05:48:25;
	全局统计 MONSTERID:304	攻击次数:0,免伤次数:0,击杀次数:0,消耗:0,收益:0,单次最大盈利:0 单次时间:2019-05-16 05:48:25;
	全局统计 MONSTERID:305	攻击次数:0,免伤次数:0,击杀次数:0,消耗:0,收益:0,单次最大盈利:0 单次时间:2019-05-16 05:48:25;
	全局统计 MONSTERID:306	攻击次数:0,免伤次数:0,击杀次数:0,消耗:0,收益:0,单次最大盈利:0 单次时间:2019-05-16 05:48:25;
	全局统计 MONSTERID:307	攻击次数:0,免伤次数:0,击杀次数:0,消耗:0,收益:0,单次最大盈利:0 单次时间:2019-05-16 05:48:25;
	全局统计 MONSTERID:311	攻击次数:0,免伤次数:0,击杀次数:0,消耗:0,收益:0,单次最大盈利:0 单次时间:2019-05-16 05:48:25;
	全局统计 MONSTERID:313	攻击次数:0,免伤次数:0,击杀次数:0,消耗:0,收益:0,单次最大盈利:0 单次时间:2019-05-16 05:48:25;
	全局统计 MONSTERID:314	攻击次数:0,免伤次数:0,击杀次数:0,消耗:0,收益:0,单次最大盈利:0 单次时间:2019-05-16 05:48:25;
	全局统计 ALLMONSTERID 消耗:0,收益:0,返回率:0.000000;
	全局统计 过敏源剧情 消耗:0,收益:0,返回率:0.000000;
	全局统计 总输赢:0 总消耗:-0 总收益:+0 总免伤次数:0 总免伤:0 返回率:0.000000 时间:2019-05-16_05_48_25
2019/05/16 06:18:25.328200 git.huoys.com/qp/cells/game_trace.polling 557 Info: log money polling....
	全局统计 翻牌统计: 攻击次数:0,击杀次数:0,免伤次数:0,空卡次数:0,宝箱次数:0,普通怪次数:0,Boss怪次数:0,消耗:0 收益:0 返回率:0.000000;
	全局统计 BOXID:100	攻击次数:0,击杀次数:0,免伤次数:0,消耗:0,收益:0,单次最大盈利:0 单次时间:2019-05-16 06:18:25;
	全局统计 BOXID:101	攻击次数:0,击杀次数:0,免伤次数:0,消耗:0,收益:0,单次最大盈利:0 单次时间:2019-05-16 06:18:25;
	全局统计 BOXID:102	攻击次数:0,击杀次数:0,免伤次数:0,消耗:0,收益:0,单次最大盈利:0 单次时间:2019-05-16 06:18:25;
	全局统计 MONSTERID:300	攻击次数:0,免伤次数:0,击杀次数:0,消耗:0,收益:0,单次最大盈利:0 单次时间:2019-05-16 06:18:25;
	全局统计 MONSTERID:301	攻击次数:0,免伤次数:0,击杀次数:0,消耗:0,收益:0,单次最大盈利:0 单次时间:2019-05-16 06:18:25;
	全局统计 MONSTERID:302	攻击次数:0,免伤次数:0,击杀次数:0,消耗:0,收益:0,单次最大盈利:0 单次时间:2019-05-16 06:18:25;
	全局统计 MONSTERID:303	攻击次数:0,免伤次数:0,击杀次数:0,消耗:0,收益:0,单次最大盈利:0 单次时间:2019-05-16 06:18:25;
	全局统计 MONSTERID:304	攻击次数:0,免伤次数:0,击杀次数:0,消耗:0,收益:0,单次最大盈利:0 单次时间:2019-05-16 06:18:25;
	全局统计 MONSTERID:305	攻击次数:0,免伤次数:0,击杀次数:0,消耗:0,收益:0,单次最大盈利:0 单次时间:2019-05-16 06:18:25;
	全局统计 MONSTERID:306	攻击次数:0,免伤次数:0,击杀次数:0,消耗:0,收益:0,单次最大盈利:0 单次时间:2019-05-16 06:18:25;
	全局统计 MONSTERID:307	攻击次数:0,免伤次数:0,击杀次数:0,消耗:0,收益:0,单次最大盈利:0 单次时间:2019-05-16 06:18:25;
	全局统计 MONSTERID:311	攻击次数:0,免伤次数:0,击杀次数:0,消耗:0,收益:0,单次最大盈利:0 单次时间:2019-05-16 06:18:25;
	全局统计 MONSTERID:313	攻击次数:0,免伤次数:0,击杀次数:0,消耗:0,收益:0,单次最大盈利:0 单次时间:2019-05-16 06:18:25;
	全局统计 MONSTERID:314	攻击次数:0,免伤次数:0,击杀次数:0,消耗:0,收益:0,单次最大盈利:0 单次时间:2019-05-16 06:18:25;
	全局统计 ALLMONSTERID 消耗:0,收益:0,返回率:0.000000;
	全局统计 过敏源剧情 消耗:0,收益:0,返回率:0.000000;
	全局统计 总输赢:0 总消耗:-0 总收益:+0 总免伤次数:0 总免伤:0 返回率:0.000000 时间:2019-05-16_06_18_25
2019/05/16 06:48:25.349200 git.huoys.com/qp/cells/game_trace.polling 557 Info: log money polling....
	全局统计 翻牌统计: 攻击次数:0,击杀次数:0,免伤次数:0,空卡次数:0,宝箱次数:0,普通怪次数:0,Boss怪次数:0,消耗:0 收益:0 返回率:0.000000;
	全局统计 BOXID:100	攻击次数:0,击杀次数:0,免伤次数:0,消耗:0,收益:0,单次最大盈利:0 单次时间:2019-05-16 06:48:25;
	全局统计 BOXID:101	攻击次数:0,击杀次数:0,免伤次数:0,消耗:0,收益:0,单次最大盈利:0 单次时间:2019-05-16 06:48:25;
	全局统计 BOXID:102	攻击次数:0,击杀次数:0,免伤次数:0,消耗:0,收益:0,单次最大盈利:0 单次时间:2019-05-16 06:48:25;
	全局统计 MONSTERID:300	攻击次数:0,免伤次数:0,击杀次数:0,消耗:0,收益:0,单次最大盈利:0 单次时间:2019-05-16 06:48:25;
	全局统计 MONSTERID:301	攻击次数:0,免伤次数:0,击杀次数:0,消耗:0,收益:0,单次最大盈利:0 单次时间:2019-05-16 06:48:25;
	全局统计 MONSTERID:302	攻击次数:0,免伤次数:0,击杀次数:0,消耗:0,收益:0,单次最大盈利:0 单次时间:2019-05-16 06:48:25;
	全局统计 MONSTERID:303	攻击次数:0,免伤次数:0,击杀次数:0,消耗:0,收益:0,单次最大盈利:0 单次时间:2019-05-16 06:48:25;
	全局统计 MONSTERID:304	攻击次数:0,免伤次数:0,击杀次数:0,消耗:0,收益:0,单次最大盈利:0 单次时间:2019-05-16 06:48:25;
	全局统计 MONSTERID:305	攻击次数:0,免伤次数:0,击杀次数:0,消耗:0,收益:0,单次最大盈利:0 单次时间:2019-05-16 06:48:25;
	全局统计 MONSTERID:306	攻击次数:0,免伤次数:0,击杀次数:0,消耗:0,收益:0,单次最大盈利:0 单次时间:2019-05-16 06:48:25;
	全局统计 MONSTERID:307	攻击次数:0,免伤次数:0,击杀次数:0,消耗:0,收益:0,单次最大盈利:0 单次时间:2019-05-16 06:48:25;
	全局统计 MONSTERID:311	攻击次数:0,免伤次数:0,击杀次数:0,消耗:0,收益:0,单次最大盈利:0 单次时间:2019-05-16 06:48:25;
	全局统计 MONSTERID:313	攻击次数:0,免伤次数:0,击杀次数:0,消耗:0,收益:0,单次最大盈利:0 单次时间:2019-05-16 06:48:25;
	全局统计 MONSTERID:314	攻击次数:0,免伤次数:0,击杀次数:0,消耗:0,收益:0,单次最大盈利:0 单次时间:2019-05-16 06:48:25;
	全局统计 ALLMONSTERID 消耗:0,收益:0,返回率:0.000000;
	全局统计 过敏源剧情 消耗:0,收益:0,返回率:0.000000;
	全局统计 总输赢:0 总消耗:-0 总收益:+0 总免伤次数:0 总免伤:0 返回率:0.000000 时间:2019-05-16_06_48_25
2019/05/16 07:18:25.372200 git.huoys.com/qp/cells/game_trace.polling 557 Info: log money polling....
	全局统计 翻牌统计: 攻击次数:0,击杀次数:0,免伤次数:0,空卡次数:0,宝箱次数:0,普通怪次数:0,Boss怪次数:0,消耗:0 收益:0 返回率:0.000000;
	全局统计 BOXID:100	攻击次数:0,击杀次数:0,免伤次数:0,消耗:0,收益:0,单次最大盈利:0 单次时间:2019-05-16 07:18:25;
	全局统计 BOXID:101	攻击次数:0,击杀次数:0,免伤次数:0,消耗:0,收益:0,单次最大盈利:0 单次时间:2019-05-16 07:18:25;
	全局统计 BOXID:102	攻击次数:0,击杀次数:0,免伤次数:0,消耗:0,收益:0,单次最大盈利:0 单次时间:2019-05-16 07:18:25;
	全局统计 MONSTERID:300	攻击次数:0,免伤次数:0,击杀次数:0,消耗:0,收益:0,单次最大盈利:0 单次时间:2019-05-16 07:18:25;
	全局统计 MONSTERID:301	攻击次数:0,免伤次数:0,击杀次数:0,消耗:0,收益:0,单次最大盈利:0 单次时间:2019-05-16 07:18:25;
	全局统计 MONSTERID:302	攻击次数:0,免伤次数:0,击杀次数:0,消耗:0,收益:0,单次最大盈利:0 单次时间:2019-05-16 07:18:25;
	全局统计 MONSTERID:303	攻击次数:0,免伤次数:0,击杀次数:0,消耗:0,收益:0,单次最大盈利:0 单次时间:2019-05-16 07:18:25;
	全局统计 MONSTERID:304	攻击次数:0,免伤次数:0,击杀次数:0,消耗:0,收益:0,单次最大盈利:0 单次时间:2019-05-16 07:18:25;
	全局统计 MONSTERID:305	攻击次数:0,免伤次数:0,击杀次数:0,消耗:0,收益:0,单次最大盈利:0 单次时间:2019-05-16 07:18:25;
	全局统计 MONSTERID:306	攻击次数:0,免伤次数:0,击杀次数:0,消耗:0,收益:0,单次最大盈利:0 单次时间:2019-05-16 07:18:25;
	全局统计 MONSTERID:307	攻击次数:0,免伤次数:0,击杀次数:0,消耗:0,收益:0,单次最大盈利:0 单次时间:2019-05-16 07:18:25;
	全局统计 MONSTERID:311	攻击次数:0,免伤次数:0,击杀次数:0,消耗:0,收益:0,单次最大盈利:0 单次时间:2019-05-16 07:18:25;
	全局统计 MONSTERID:313	攻击次数:0,免伤次数:0,击杀次数:0,消耗:0,收益:0,单次最大盈利:0 单次时间:2019-05-16 07:18:25;
	全局统计 MONSTERID:314	攻击次数:0,免伤次数:0,击杀次数:0,消耗:0,收益:0,单次最大盈利:0 单次时间:2019-05-16 07:18:25;
	全局统计 ALLMONSTERID 消耗:0,收益:0,返回率:0.000000;
	全局统计 过敏源剧情 消耗:0,收益:0,返回率:0.000000;
	全局统计 总输赢:0 总消耗:-0 总收益:+0 总免伤次数:0 总免伤:0 返回率:0.000000 时间:2019-05-16_07_18_25
2019/05/16 07:48:25.383200 git.huoys.com/qp/cells/game_trace.polling 557 Info: log money polling....
	全局统计 翻牌统计: 攻击次数:0,击杀次数:0,免伤次数:0,空卡次数:0,宝箱次数:0,普通怪次数:0,Boss怪次数:0,消耗:0 收益:0 返回率:0.000000;
	全局统计 BOXID:100	攻击次数:0,击杀次数:0,免伤次数:0,消耗:0,收益:0,单次最大盈利:0 单次时间:2019-05-16 07:48:25;
	全局统计 BOXID:101	攻击次数:0,击杀次数:0,免伤次数:0,消耗:0,收益:0,单次最大盈利:0 单次时间:2019-05-16 07:48:25;
	全局统计 BOXID:102	攻击次数:0,击杀次数:0,免伤次数:0,消耗:0,收益:0,单次最大盈利:0 单次时间:2019-05-16 07:48:25;
	全局统计 MONSTERID:300	攻击次数:0,免伤次数:0,击杀次数:0,消耗:0,收益:0,单次最大盈利:0 单次时间:2019-05-16 07:48:25;
	全局统计 MONSTERID:301	攻击次数:0,免伤次数:0,击杀次数:0,消耗:0,收益:0,单次最大盈利:0 单次时间:2019-05-16 07:48:25;
	全局统计 MONSTERID:302	攻击次数:0,免伤次数:0,击杀次数:0,消耗:0,收益:0,单次最大盈利:0 单次时间:2019-05-16 07:48:25;
	全局统计 MONSTERID:303	攻击次数:0,免伤次数:0,击杀次数:0,消耗:0,收益:0,单次最大盈利:0 单次时间:2019-05-16 07:48:25;
	全局统计 MONSTERID:304	攻击次数:0,免伤次数:0,击杀次数:0,消耗:0,收益:0,单次最大盈利:0 单次时间:2019-05-16 07:48:25;
	全局统计 MONSTERID:305	攻击次数:0,免伤次数:0,击杀次数:0,消耗:0,收益:0,单次最大盈利:0 单次时间:2019-05-16 07:48:25;
	全局统计 MONSTERID:306	攻击次数:0,免伤次数:0,击杀次数:0,消耗:0,收益:0,单次最大盈利:0 单次时间:2019-05-16 07:48:25;
	全局统计 MONSTERID:307	攻击次数:0,免伤次数:0,击杀次数:0,消耗:0,收益:0,单次最大盈利:0 单次时间:2019-05-16 07:48:25;
	全局统计 MONSTERID:311	攻击次数:0,免伤次数:0,击杀次数:0,消耗:0,收益:0,单次最大盈利:0 单次时间:2019-05-16 07:48:25;
	全局统计 MONSTERID:313	攻击次数:0,免伤次数:0,击杀次数:0,消耗:0,收益:0,单次最大盈利:0 单次时间:2019-05-16 07:48:25;
	全局统计 MONSTERID:314	攻击次数:0,免伤次数:0,击杀次数:0,消耗:0,收益:0,单次最大盈利:0 单次时间:2019-05-16 07:48:25;
	全局统计 ALLMONSTERID 消耗:0,收益:0,返回率:0.000000;
	全局统计 过敏源剧情 消耗:0,收益:0,返回率:0.000000;
	全局统计 总输赢:0 总消耗:-0 总收益:+0 总免伤次数:0 总免伤:0 返回率:0.000000 时间:2019-05-16_07_48_25
2019/05/16 08:18:25.396200 git.huoys.com/qp/cells/game_trace.polling 557 Info: log money polling....
	全局统计 翻牌统计: 攻击次数:0,击杀次数:0,免伤次数:0,空卡次数:0,宝箱次数:0,普通怪次数:0,Boss怪次数:0,消耗:0 收益:0 返回率:0.000000;
	全局统计 BOXID:100	攻击次数:0,击杀次数:0,免伤次数:0,消耗:0,收益:0,单次最大盈利:0 单次时间:2019-05-16 08:18:25;
	全局统计 BOXID:101	攻击次数:0,击杀次数:0,免伤次数:0,消耗:0,收益:0,单次最大盈利:0 单次时间:2019-05-16 08:18:25;
	全局统计 BOXID:102	攻击次数:0,击杀次数:0,免伤次数:0,消耗:0,收益:0,单次最大盈利:0 单次时间:2019-05-16 08:18:25;
	全局统计 MONSTERID:300	攻击次数:0,免伤次数:0,击杀次数:0,消耗:0,收益:0,单次最大盈利:0 单次时间:2019-05-16 08:18:25;
	全局统计 MONSTERID:301	攻击次数:0,免伤次数:0,击杀次数:0,消耗:0,收益:0,单次最大盈利:0 单次时间:2019-05-16 08:18:25;
	全局统计 MONSTERID:302	攻击次数:0,免伤次数:0,击杀次数:0,消耗:0,收益:0,单次最大盈利:0 单次时间:2019-05-16 08:18:25;
	全局统计 MONSTERID:303	攻击次数:0,免伤次数:0,击杀次数:0,消耗:0,收益:0,单次最大盈利:0 单次时间:2019-05-16 08:18:25;
	全局统计 MONSTERID:304	攻击次数:0,免伤次数:0,击杀次数:0,消耗:0,收益:0,单次最大盈利:0 单次时间:2019-05-16 08:18:25;
	全局统计 MONSTERID:305	攻击次数:0,免伤次数:0,击杀次数:0,消耗:0,收益:0,单次最大盈利:0 单次时间:2019-05-16 08:18:25;
	全局统计 MONSTERID:306	攻击次数:0,免伤次数:0,击杀次数:0,消耗:0,收益:0,单次最大盈利:0 单次时间:2019-05-16 08:18:25;
	全局统计 MONSTERID:307	攻击次数:0,免伤次数:0,击杀次数:0,消耗:0,收益:0,单次最大盈利:0 单次时间:2019-05-16 08:18:25;
	全局统计 MONSTERID:311	攻击次数:0,免伤次数:0,击杀次数:0,消耗:0,收益:0,单次最大盈利:0 单次时间:2019-05-16 08:18:25;
	全局统计 MONSTERID:313	攻击次数:0,免伤次数:0,击杀次数:0,消耗:0,收益:0,单次最大盈利:0 单次时间:2019-05-16 08:18:25;
	全局统计 MONSTERID:314	攻击次数:0,免伤次数:0,击杀次数:0,消耗:0,收益:0,单次最大盈利:0 单次时间:2019-05-16 08:18:25;
	全局统计 ALLMONSTERID 消耗:0,收益:0,返回率:0.000000;
	全局统计 过敏源剧情 消耗:0,收益:0,返回率:0.000000;
	全局统计 总输赢:0 总消耗:-0 总收益:+0 总免伤次数:0 总免伤:0 返回率:0.000000 时间:2019-05-16_08_18_25
2019/05/16 08:48:25.422200 git.huoys.com/qp/cells/game_trace.polling 557 Info: log money polling....
	全局统计 翻牌统计: 攻击次数:0,击杀次数:0,免伤次数:0,空卡次数:0,宝箱次数:0,普通怪次数:0,Boss怪次数:0,消耗:0 收益:0 返回率:0.000000;
	全局统计 BOXID:100	攻击次数:0,击杀次数:0,免伤次数:0,消耗:0,收益:0,单次最大盈利:0 单次时间:2019-05-16 08:48:25;
	全局统计 BOXID:101	攻击次数:0,击杀次数:0,免伤次数:0,消耗:0,收益:0,单次最大盈利:0 单次时间:2019-05-16 08:48:25;
	全局统计 BOXID:102	攻击次数:0,击杀次数:0,免伤次数:0,消耗:0,收益:0,单次最大盈利:0 单次时间:2019-05-16 08:48:25;
	全局统计 MONSTERID:300	攻击次数:0,免伤次数:0,击杀次数:0,消耗:0,收益:0,单次最大盈利:0 单次时间:2019-05-16 08:48:25;
	全局统计 MONSTERID:301	攻击次数:0,免伤次数:0,击杀次数:0,消耗:0,收益:0,单次最大盈利:0 单次时间:2019-05-16 08:48:25;
	全局统计 MONSTERID:302	攻击次数:0,免伤次数:0,击杀次数:0,消耗:0,收益:0,单次最大盈利:0 单次时间:2019-05-16 08:48:25;
	全局统计 MONSTERID:303	攻击次数:0,免伤次数:0,击杀次数:0,消耗:0,收益:0,单次最大盈利:0 单次时间:2019-05-16 08:48:25;
	全局统计 MONSTERID:304	攻击次数:0,免伤次数:0,击杀次数:0,消耗:0,收益:0,单次最大盈利:0 单次时间:2019-05-16 08:48:25;
	全局统计 MONSTERID:305	攻击次数:0,免伤次数:0,击杀次数:0,消耗:0,收益:0,单次最大盈利:0 单次时间:2019-05-16 08:48:25;
	全局统计 MONSTERID:306	攻击次数:0,免伤次数:0,击杀次数:0,消耗:0,收益:0,单次最大盈利:0 单次时间:2019-05-16 08:48:25;
	全局统计 MONSTERID:307	攻击次数:0,免伤次数:0,击杀次数:0,消耗:0,收益:0,单次最大盈利:0 单次时间:2019-05-16 08:48:25;
	全局统计 MONSTERID:311	攻击次数:0,免伤次数:0,击杀次数:0,消耗:0,收益:0,单次最大盈利:0 单次时间:2019-05-16 08:48:25;
	全局统计 MONSTERID:313	攻击次数:0,免伤次数:0,击杀次数:0,消耗:0,收益:0,单次最大盈利:0 单次时间:2019-05-16 08:48:25;
	全局统计 MONSTERID:314	攻击次数:0,免伤次数:0,击杀次数:0,消耗:0,收益:0,单次最大盈利:0 单次时间:2019-05-16 08:48:25;
	全局统计 ALLMONSTERID 消耗:0,收益:0,返回率:0.000000;
	全局统计 过敏源剧情 消耗:0,收益:0,返回率:0.000000;
	全局统计 总输赢:0 总消耗:-0 总收益:+0 总免伤次数:0 总免伤:0 返回率:0.000000 时间:2019-05-16_08_48_25
2019/05/16 09:18:25.435200 git.huoys.com/qp/cells/game_trace.polling 557 Info: log money polling....
	全局统计 翻牌统计: 攻击次数:0,击杀次数:0,免伤次数:0,空卡次数:0,宝箱次数:0,普通怪次数:0,Boss怪次数:0,消耗:0 收益:0 返回率:0.000000;
	全局统计 BOXID:100	攻击次数:0,击杀次数:0,免伤次数:0,消耗:0,收益:0,单次最大盈利:0 单次时间:2019-05-16 09:18:25;
	全局统计 BOXID:101	攻击次数:0,击杀次数:0,免伤次数:0,消耗:0,收益:0,单次最大盈利:0 单次时间:2019-05-16 09:18:25;
	全局统计 BOXID:102	攻击次数:0,击杀次数:0,免伤次数:0,消耗:0,收益:0,单次最大盈利:0 单次时间:2019-05-16 09:18:25;
	全局统计 MONSTERID:300	攻击次数:0,免伤次数:0,击杀次数:0,消耗:0,收益:0,单次最大盈利:0 单次时间:2019-05-16 09:18:25;
	全局统计 MONSTERID:301	攻击次数:0,免伤次数:0,击杀次数:0,消耗:0,收益:0,单次最大盈利:0 单次时间:2019-05-16 09:18:25;
	全局统计 MONSTERID:302	攻击次数:0,免伤次数:0,击杀次数:0,消耗:0,收益:0,单次最大盈利:0 单次时间:2019-05-16 09:18:25;
	全局统计 MONSTERID:303	攻击次数:0,免伤次数:0,击杀次数:0,消耗:0,收益:0,单次最大盈利:0 单次时间:2019-05-16 09:18:25;
	全局统计 MONSTERID:304	攻击次数:0,免伤次数:0,击杀次数:0,消耗:0,收益:0,单次最大盈利:0 单次时间:2019-05-16 09:18:25;
	全局统计 MONSTERID:305	攻击次数:0,免伤次数:0,击杀次数:0,消耗:0,收益:0,单次最大盈利:0 单次时间:2019-05-16 09:18:25;
	全局统计 MONSTERID:306	攻击次数:0,免伤次数:0,击杀次数:0,消耗:0,收益:0,单次最大盈利:0 单次时间:2019-05-16 09:18:25;
	全局统计 MONSTERID:307	攻击次数:0,免伤次数:0,击杀次数:0,消耗:0,收益:0,单次最大盈利:0 单次时间:2019-05-16 09:18:25;
	全局统计 MONSTERID:311	攻击次数:0,免伤次数:0,击杀次数:0,消耗:0,收益:0,单次最大盈利:0 单次时间:2019-05-16 09:18:25;
	全局统计 MONSTERID:313	攻击次数:0,免伤次数:0,击杀次数:0,消耗:0,收益:0,单次最大盈利:0 单次时间:2019-05-16 09:18:25;
	全局统计 MONSTERID:314	攻击次数:0,免伤次数:0,击杀次数:0,消耗:0,收益:0,单次最大盈利:0 单次时间:2019-05-16 09:18:25;
	全局统计 ALLMONSTERID 消耗:0,收益:0,返回率:0.000000;
	全局统计 过敏源剧情 消耗:0,收益:0,返回率:0.000000;
	全局统计 总输赢:0 总消耗:-0 总收益:+0 总免伤次数:0 总免伤:0 返回率:0.000000 时间:2019-05-16_09_18_25
2019/05/16 09:48:25.481200 git.huoys.com/qp/cells/game_trace.polling 557 Info: log money polling....
	全局统计 翻牌统计: 攻击次数:0,击杀次数:0,免伤次数:0,空卡次数:0,宝箱次数:0,普通怪次数:0,Boss怪次数:0,消耗:0 收益:0 返回率:0.000000;
	全局统计 BOXID:100	攻击次数:0,击杀次数:0,免伤次数:0,消耗:0,收益:0,单次最大盈利:0 单次时间:2019-05-16 09:48:25;
	全局统计 BOXID:101	攻击次数:0,击杀次数:0,免伤次数:0,消耗:0,收益:0,单次最大盈利:0 单次时间:2019-05-16 09:48:25;
	全局统计 BOXID:102	攻击次数:0,击杀次数:0,免伤次数:0,消耗:0,收益:0,单次最大盈利:0 单次时间:2019-05-16 09:48:25;
	全局统计 MONSTERID:300	攻击次数:0,免伤次数:0,击杀次数:0,消耗:0,收益:0,单次最大盈利:0 单次时间:2019-05-16 09:48:25;
	全局统计 MONSTERID:301	攻击次数:0,免伤次数:0,击杀次数:0,消耗:0,收益:0,单次最大盈利:0 单次时间:2019-05-16 09:48:25;
	全局统计 MONSTERID:302	攻击次数:0,免伤次数:0,击杀次数:0,消耗:0,收益:0,单次最大盈利:0 单次时间:2019-05-16 09:48:25;
	全局统计 MONSTERID:303	攻击次数:0,免伤次数:0,击杀次数:0,消耗:0,收益:0,单次最大盈利:0 单次时间:2019-05-16 09:48:25;
	全局统计 MONSTERID:304	攻击次数:0,免伤次数:0,击杀次数:0,消耗:0,收益:0,单次最大盈利:0 单次时间:2019-05-16 09:48:25;
	全局统计 MONSTERID:305	攻击次数:0,免伤次数:0,击杀次数:0,消耗:0,收益:0,单次最大盈利:0 单次时间:2019-05-16 09:48:25;
	全局统计 MONSTERID:306	攻击次数:0,免伤次数:0,击杀次数:0,消耗:0,收益:0,单次最大盈利:0 单次时间:2019-05-16 09:48:25;
	全局统计 MONSTERID:307	攻击次数:0,免伤次数:0,击杀次数:0,消耗:0,收益:0,单次最大盈利:0 单次时间:2019-05-16 09:48:25;
	全局统计 MONSTERID:311	攻击次数:0,免伤次数:0,击杀次数:0,消耗:0,收益:0,单次最大盈利:0 单次时间:2019-05-16 09:48:25;
	全局统计 MONSTERID:313	攻击次数:0,免伤次数:0,击杀次数:0,消耗:0,收益:0,单次最大盈利:0 单次时间:2019-05-16 09:48:25;
	全局统计 MONSTERID:314	攻击次数:0,免伤次数:0,击杀次数:0,消耗:0,收益:0,单次最大盈利:0 单次时间:2019-05-16 09:48:25;
	全局统计 ALLMONSTERID 消耗:0,收益:0,返回率:0.000000;
	全局统计 过敏源剧情 消耗:0,收益:0,返回率:0.000000;
	全局统计 总输赢:0 总消耗:-0 总收益:+0 总免伤次数:0 总免伤:0 返回率:0.000000 时间:2019-05-16_09_48_25
2019/05/16 10:07:32.204200 git.huoys.com/qp/cells/game_trace.LogSettle 473 Info: 	 单局结算 uid:150015 剩余金币:107193410 消耗:0 收益:0 写分增量:0 阵容变化:[201,200,202,],[201,200,202,],[201,200,202,], 
2019/05/16 10:07:32.365200 git.huoys.com/qp/cells/game_trace.LeaveGame 458 Info: 
Enter=>ID:150015 Money:107193410 '2019-05-16 10:07:27'
Match=>ID :150015 玩家消耗金额:-0 玩家赢取金额:+0 返还率:0.000000 单个最高的结算金额:0 从进入到退出之间的最大余额:107193410
Leave=>ID:150015 Money:107193410 '2019-05-16 10:07:32'
	ID:150015 翻牌统计: 攻击次数:0,击杀次数:0,免伤次数:0,空卡次数:0,宝箱次数:0,普通怪次数:0,Boss怪次数:0,消耗:0 收益:0 返回率:0.000000;
	ID:150015 ALLMONSTERID 消耗:0,收益:0,返回率:0.000000;
	ID:150015 过敏源剧情 消耗:0,收益:0,返回率:0.000000;
2019/05/16 10:18:25.506200 git.huoys.com/qp/cells/game_trace.polling 557 Info: log money polling....
	全局统计 翻牌统计: 攻击次数:0,击杀次数:0,免伤次数:0,空卡次数:0,宝箱次数:0,普通怪次数:0,Boss怪次数:0,消耗:0 收益:0 返回率:0.000000;
	全局统计 BOXID:100	攻击次数:0,击杀次数:0,免伤次数:0,消耗:0,收益:0,单次最大盈利:0 单次时间:2019-05-16 10:18:25;
	全局统计 BOXID:101	攻击次数:0,击杀次数:0,免伤次数:0,消耗:0,收益:0,单次最大盈利:0 单次时间:2019-05-16 10:18:25;
	全局统计 BOXID:102	攻击次数:0,击杀次数:0,免伤次数:0,消耗:0,收益:0,单次最大盈利:0 单次时间:2019-05-16 10:18:25;
	全局统计 MONSTERID:300	攻击次数:0,免伤次数:0,击杀次数:0,消耗:0,收益:0,单次最大盈利:0 单次时间:2019-05-16 10:18:25;
	全局统计 MONSTERID:301	攻击次数:0,免伤次数:0,击杀次数:0,消耗:0,收益:0,单次最大盈利:0 单次时间:2019-05-16 10:18:25;
	全局统计 MONSTERID:302	攻击次数:0,免伤次数:0,击杀次数:0,消耗:0,收益:0,单次最大盈利:0 单次时间:2019-05-16 10:18:25;
	全局统计 MONSTERID:303	攻击次数:0,免伤次数:0,击杀次数:0,消耗:0,收益:0,单次最大盈利:0 单次时间:2019-05-16 10:18:25;
	全局统计 MONSTERID:304	攻击次数:0,免伤次数:0,击杀次数:0,消耗:0,收益:0,单次最大盈利:0 单次时间:2019-05-16 10:18:25;
	全局统计 MONSTERID:305	攻击次数:0,免伤次数:0,击杀次数:0,消耗:0,收益:0,单次最大盈利:0 单次时间:2019-05-16 10:18:25;
	全局统计 MONSTERID:306	攻击次数:0,免伤次数:0,击杀次数:0,消耗:0,收益:0,单次最大盈利:0 单次时间:2019-05-16 10:18:25;
	全局统计 MONSTERID:307	攻击次数:0,免伤次数:0,击杀次数:0,消耗:0,收益:0,单次最大盈利:0 单次时间:2019-05-16 10:18:25;
	全局统计 MONSTERID:311	攻击次数:0,免伤次数:0,击杀次数:0,消耗:0,收益:0,单次最大盈利:0 单次时间:2019-05-16 10:18:25;
	全局统计 MONSTERID:313	攻击次数:0,免伤次数:0,击杀次数:0,消耗:0,收益:0,单次最大盈利:0 单次时间:2019-05-16 10:18:25;
	全局统计 MONSTERID:314	攻击次数:0,免伤次数:0,击杀次数:0,消耗:0,收益:0,单次最大盈利:0 单次时间:2019-05-16 10:18:25;
	全局统计 ALLMONSTERID 消耗:0,收益:0,返回率:0.000000;
	全局统计 过敏源剧情 消耗:0,收益:0,返回率:0.000000;
	全局统计 总输赢:0 总消耗:-0 总收益:+0 总免伤次数:0 总免伤:0 返回率:0.000000 时间:2019-05-16_10_18_25
2019/05/16 10:20:21.566200 git.huoys.com/qp/cells/game_trace.LogSettle 473 Info: 	 单局结算 uid:150015 剩余金币:107193410 消耗:0 收益:0 写分增量:0 阵容变化:[201,200,202,],[201,200,202,],[201,200,202,],[200,201,202,],[200,202,201,], 
2019/05/16 10:22:22.911200 git.huoys.com/qp/cells/game_trace.LogSettle 473 Info: 	 单局结算 uid:150015 剩余金币:107193410 消耗:0 收益:0 写分增量:0 阵容变化:[200,202,201,], 
2019/05/16 10:23:26.027200 git.huoys.com/qp/cells/game_trace.LogSettle 473 Info: 	 单局结算 uid:150015 剩余金币:107193410 消耗:0 收益:0 写分增量:0 阵容变化:[200,202,201,], 
2019/05/16 10:23:26.103200 git.huoys.com/qp/cells/game_trace.LeaveGame 458 Info: 
Enter=>ID:150015 Money:107193410 '2019-05-16 10:18:20'
Match=>ID :150015 玩家消耗金额:-0 玩家赢取金额:+0 返还率:0.000000 单个最高的结算金额:0 从进入到退出之间的最大余额:107193410
Leave=>ID:150015 Money:107193410 '2019-05-16 10:23:26'
	ID:150015 翻牌统计: 攻击次数:0,击杀次数:0,免伤次数:0,空卡次数:0,宝箱次数:0,普通怪次数:0,Boss怪次数:0,消耗:0 收益:0 返回率:0.000000;
	ID:150015 ALLMONSTERID 消耗:0,收益:0,返回率:0.000000;
	ID:150015 过敏源剧情 消耗:0,收益:0,返回率:0.000000;
2019/05/16 10:23:44.545200 git.huoys.com/qp/cells/game_trace.LogSettle 473 Info: 	 单局结算 uid:150015 剩余金币:107193410 消耗:0 收益:0 写分增量:0 阵容变化:[200,202,201,],[200,202,201,],[200,202,201,],[202,201,200,], 
2019/05/16 10:23:44.604200 git.huoys.com/qp/cells/game_trace.LeaveGame 458 Info: 
Enter=>ID:150015 Money:107193410 '2019-05-16 10:23:30'
Match=>ID :150015 玩家消耗金额:-0 玩家赢取金额:+0 返还率:0.000000 单个最高的结算金额:0 从进入到退出之间的最大余额:107193410
Leave=>ID:150015 Money:107193410 '2019-05-16 10:23:44'
	ID:150015 翻牌统计: 攻击次数:0,击杀次数:0,免伤次数:0,空卡次数:0,宝箱次数:0,普通怪次数:0,Boss怪次数:0,消耗:0 收益:0 返回率:0.000000;
	ID:150015 ALLMONSTERID 消耗:0,收益:0,返回率:0.000000;
	ID:150015 过敏源剧情 消耗:0,收益:0,返回率:0.000000;
2019/05/16 10:25:22.234200 git.huoys.com/qp/cells/game_trace.LogSettle 473 Info: 	 单局结算 uid:150015 剩余金币:107193410 消耗:0 收益:0 写分增量:0 阵容变化:[202,201,200,],[202,201,200,],[202,201,200,], 
2019/05/16 10:25:22.295200 git.huoys.com/qp/cells/game_trace.LeaveGame 458 Info: 
Enter=>ID:150015 Money:107193410 '2019-05-16 10:23:48'
Match=>ID :150015 玩家消耗金额:-0 玩家赢取金额:+0 返还率:0.000000 单个最高的结算金额:0 从进入到退出之间的最大余额:107193410
Leave=>ID:150015 Money:107193410 '2019-05-16 10:25:22'
	ID:150015 翻牌统计: 攻击次数:0,击杀次数:0,免伤次数:0,空卡次数:0,宝箱次数:0,普通怪次数:0,Boss怪次数:0,消耗:0 收益:0 返回率:0.000000;
	ID:150015 ALLMONSTERID 消耗:0,收益:0,返回率:0.000000;
	ID:150015 过敏源剧情 消耗:0,收益:0,返回率:0.000000;
2019/05/16 10:27:48.620200 git.huoys.com/qp/cells/game_trace.LogSettle 473 Info: 	 单局结算 uid:150015 剩余金币:107193410 消耗:0 收益:0 写分增量:0 阵容变化:[202,201,200,],[202,201,200,],[202,201,200,], 
2019/05/16 10:27:48.695200 git.huoys.com/qp/cells/game_trace.LeaveGame 458 Info: 
Enter=>ID:150015 Money:107193410 '2019-05-16 10:27:33'
Match=>ID :150015 玩家消耗金额:-0 玩家赢取金额:+0 返还率:0.000000 单个最高的结算金额:0 从进入到退出之间的最大余额:107193410
Leave=>ID:150015 Money:107193410 '2019-05-16 10:27:48'
	ID:150015 翻牌统计: 攻击次数:0,击杀次数:0,免伤次数:0,空卡次数:0,宝箱次数:0,普通怪次数:0,Boss怪次数:0,消耗:0 收益:0 返回率:0.000000;
	ID:150015 ALLMONSTERID 消耗:0,收益:0,返回率:0.000000;
	ID:150015 过敏源剧情 消耗:0,收益:0,返回率:0.000000;
2019/05/16 10:39:26.635200 git.huoys.com/qp/cells/game_trace.LogSettle 473 Info: 	 单局结算 uid:150015 剩余金币:107193410 消耗:0 收益:0 写分增量:0 阵容变化:[202,201,200,],[202,201,200,],[202,201,200,], 
2019/05/16 10:39:26.720200 git.huoys.com/qp/cells/game_trace.LeaveGame 458 Info: 
Enter=>ID:150015 Money:107193410 '2019-05-16 10:38:15'
Match=>ID :150015 玩家消耗金额:-0 玩家赢取金额:+0 返还率:0.000000 单个最高的结算金额:0 从进入到退出之间的最大余额:107193410
Leave=>ID:150015 Money:107193410 '2019-05-16 10:39:26'
	ID:150015 翻牌统计: 攻击次数:0,击杀次数:0,免伤次数:0,空卡次数:0,宝箱次数:0,普通怪次数:0,Boss怪次数:0,消耗:0 收益:0 返回率:0.000000;
	ID:150015 ALLMONSTERID 消耗:0,收益:0,返回率:0.000000;
	ID:150015 过敏源剧情 消耗:0,收益:0,返回率:0.000000;
2019/05/16 10:41:09.642200 git.huoys.com/qp/cells/game_trace.LogSettle 473 Info: 	 单局结算 uid:150015 剩余金币:107193410 消耗:0 收益:0 写分增量:0 阵容变化:[202,201,200,],[202,201,200,],[202,201,200,], 
2019/05/16 10:41:09.710200 git.huoys.com/qp/cells/game_trace.LeaveGame 458 Info: 
Enter=>ID:150015 Money:107193410 '2019-05-16 10:40:05'
Match=>ID :150015 玩家消耗金额:-0 玩家赢取金额:+0 返还率:0.000000 单个最高的结算金额:0 从进入到退出之间的最大余额:107193410
Leave=>ID:150015 Money:107193410 '2019-05-16 10:41:09'
	ID:150015 翻牌统计: 攻击次数:0,击杀次数:0,免伤次数:0,空卡次数:0,宝箱次数:0,普通怪次数:0,Boss怪次数:0,消耗:0 收益:0 返回率:0.000000;
	ID:150015 ALLMONSTERID 消耗:0,收益:0,返回率:0.000000;
	ID:150015 过敏源剧情 消耗:0,收益:0,返回率:0.000000;
2019/05/16 10:43:53.519200 git.huoys.com/qp/cells/game_trace.LogSettle 473 Info: 	 单局结算 uid:150015 剩余金币:107193410 消耗:0 收益:0 写分增量:0 阵容变化:[202,201,200,],[202,201,200,],[202,201,200,], 
2019/05/16 10:43:53.584200 git.huoys.com/qp/cells/game_trace.LeaveGame 458 Info: 
Enter=>ID:150015 Money:107193410 '2019-05-16 10:43:27'
Match=>ID :150015 玩家消耗金额:-0 玩家赢取金额:+0 返还率:0.000000 单个最高的结算金额:0 从进入到退出之间的最大余额:107193410
Leave=>ID:150015 Money:107193410 '2019-05-16 10:43:53'
	ID:150015 翻牌统计: 攻击次数:0,击杀次数:0,免伤次数:0,空卡次数:0,宝箱次数:0,普通怪次数:0,Boss怪次数:0,消耗:0 收益:0 返回率:0.000000;
	ID:150015 ALLMONSTERID 消耗:0,收益:0,返回率:0.000000;
	ID:150015 过敏源剧情 消耗:0,收益:0,返回率:0.000000;
2019/05/16 10:46:27.675200 git.huoys.com/qp/cells/game_trace.LogSettle 473 Info: 	 单局结算 uid:150015 剩余金币:107193410 消耗:0 收益:0 写分增量:0 阵容变化:[202,201,200,],[202,201,200,],[202,201,200,], 
2019/05/16 10:46:27.721200 git.huoys.com/qp/cells/game_trace.LeaveGame 458 Info: 
Enter=>ID:150015 Money:107193410 '2019-05-16 10:45:56'
Match=>ID :150015 玩家消耗金额:-0 玩家赢取金额:+0 返还率:0.000000 单个最高的结算金额:0 从进入到退出之间的最大余额:107193410
Leave=>ID:150015 Money:107193410 '2019-05-16 10:46:27'
	ID:150015 翻牌统计: 攻击次数:0,击杀次数:0,免伤次数:0,空卡次数:0,宝箱次数:0,普通怪次数:0,Boss怪次数:0,消耗:0 收益:0 返回率:0.000000;
	ID:150015 ALLMONSTERID 消耗:0,收益:0,返回率:0.000000;
	ID:150015 过敏源剧情 消耗:0,收益:0,返回率:0.000000;
2019/05/16 10:48:25.684200 git.huoys.com/qp/cells/game_trace.polling 557 Info: log money polling....
	全局统计 翻牌统计: 攻击次数:0,击杀次数:0,免伤次数:0,空卡次数:0,宝箱次数:0,普通怪次数:0,Boss怪次数:0,消耗:0 收益:0 返回率:0.000000;
	全局统计 BOXID:100	攻击次数:0,击杀次数:0,免伤次数:0,消耗:0,收益:0,单次最大盈利:0 单次时间:2019-05-16 10:48:25;
	全局统计 BOXID:101	攻击次数:0,击杀次数:0,免伤次数:0,消耗:0,收益:0,单次最大盈利:0 单次时间:2019-05-16 10:48:25;
	全局统计 BOXID:102	攻击次数:0,击杀次数:0,免伤次数:0,消耗:0,收益:0,单次最大盈利:0 单次时间:2019-05-16 10:48:25;
	全局统计 MONSTERID:300	攻击次数:0,免伤次数:0,击杀次数:0,消耗:0,收益:0,单次最大盈利:0 单次时间:2019-05-16 10:48:25;
	全局统计 MONSTERID:301	攻击次数:0,免伤次数:0,击杀次数:0,消耗:0,收益:0,单次最大盈利:0 单次时间:2019-05-16 10:48:25;
	全局统计 MONSTERID:302	攻击次数:0,免伤次数:0,击杀次数:0,消耗:0,收益:0,单次最大盈利:0 单次时间:2019-05-16 10:48:25;
	全局统计 MONSTERID:303	攻击次数:0,免伤次数:0,击杀次数:0,消耗:0,收益:0,单次最大盈利:0 单次时间:2019-05-16 10:48:25;
	全局统计 MONSTERID:304	攻击次数:0,免伤次数:0,击杀次数:0,消耗:0,收益:0,单次最大盈利:0 单次时间:2019-05-16 10:48:25;
	全局统计 MONSTERID:305	攻击次数:0,免伤次数:0,击杀次数:0,消耗:0,收益:0,单次最大盈利:0 单次时间:2019-05-16 10:48:25;
	全局统计 MONSTERID:306	攻击次数:0,免伤次数:0,击杀次数:0,消耗:0,收益:0,单次最大盈利:0 单次时间:2019-05-16 10:48:25;
	全局统计 MONSTERID:307	攻击次数:0,免伤次数:0,击杀次数:0,消耗:0,收益:0,单次最大盈利:0 单次时间:2019-05-16 10:48:25;
	全局统计 MONSTERID:311	攻击次数:0,免伤次数:0,击杀次数:0,消耗:0,收益:0,单次最大盈利:0 单次时间:2019-05-16 10:48:25;
	全局统计 MONSTERID:313	攻击次数:0,免伤次数:0,击杀次数:0,消耗:0,收益:0,单次最大盈利:0 单次时间:2019-05-16 10:48:25;
	全局统计 MONSTERID:314	攻击次数:0,免伤次数:0,击杀次数:0,消耗:0,收益:0,单次最大盈利:0 单次时间:2019-05-16 10:48:25;
	全局统计 ALLMONSTERID 消耗:0,收益:0,返回率:0.000000;
	全局统计 过敏源剧情 消耗:0,收益:0,返回率:0.000000;
	全局统计 总输赢:0 总消耗:-0 总收益:+0 总免伤次数:0 总免伤:0 返回率:0.000000 时间:2019-05-16_10_48_25
2019/05/16 11:18:25.710200 git.huoys.com/qp/cells/game_trace.polling 557 Info: log money polling....
	全局统计 翻牌统计: 攻击次数:0,击杀次数:0,免伤次数:0,空卡次数:0,宝箱次数:0,普通怪次数:0,Boss怪次数:0,消耗:0 收益:0 返回率:0.000000;
	全局统计 BOXID:100	攻击次数:0,击杀次数:0,免伤次数:0,消耗:0,收益:0,单次最大盈利:0 单次时间:2019-05-16 11:18:25;
	全局统计 BOXID:101	攻击次数:0,击杀次数:0,免伤次数:0,消耗:0,收益:0,单次最大盈利:0 单次时间:2019-05-16 11:18:25;
	全局统计 BOXID:102	攻击次数:0,击杀次数:0,免伤次数:0,消耗:0,收益:0,单次最大盈利:0 单次时间:2019-05-16 11:18:25;
	全局统计 MONSTERID:300	攻击次数:0,免伤次数:0,击杀次数:0,消耗:0,收益:0,单次最大盈利:0 单次时间:2019-05-16 11:18:25;
	全局统计 MONSTERID:301	攻击次数:0,免伤次数:0,击杀次数:0,消耗:0,收益:0,单次最大盈利:0 单次时间:2019-05-16 11:18:25;
	全局统计 MONSTERID:302	攻击次数:0,免伤次数:0,击杀次数:0,消耗:0,收益:0,单次最大盈利:0 单次时间:2019-05-16 11:18:25;
	全局统计 MONSTERID:303	攻击次数:0,免伤次数:0,击杀次数:0,消耗:0,收益:0,单次最大盈利:0 单次时间:2019-05-16 11:18:25;
	全局统计 MONSTERID:304	攻击次数:0,免伤次数:0,击杀次数:0,消耗:0,收益:0,单次最大盈利:0 单次时间:2019-05-16 11:18:25;
	全局统计 MONSTERID:305	攻击次数:0,免伤次数:0,击杀次数:0,消耗:0,收益:0,单次最大盈利:0 单次时间:2019-05-16 11:18:25;
	全局统计 MONSTERID:306	攻击次数:0,免伤次数:0,击杀次数:0,消耗:0,收益:0,单次最大盈利:0 单次时间:2019-05-16 11:18:25;
	全局统计 MONSTERID:307	攻击次数:0,免伤次数:0,击杀次数:0,消耗:0,收益:0,单次最大盈利:0 单次时间:2019-05-16 11:18:25;
	全局统计 MONSTERID:311	攻击次数:0,免伤次数:0,击杀次数:0,消耗:0,收益:0,单次最大盈利:0 单次时间:2019-05-16 11:18:25;
	全局统计 MONSTERID:313	攻击次数:0,免伤次数:0,击杀次数:0,消耗:0,收益:0,单次最大盈利:0 单次时间:2019-05-16 11:18:25;
	全局统计 MONSTERID:314	攻击次数:0,免伤次数:0,击杀次数:0,消耗:0,收益:0,单次最大盈利:0 单次时间:2019-05-16 11:18:25;
	全局统计 ALLMONSTERID 消耗:0,收益:0,返回率:0.000000;
	全局统计 过敏源剧情 消耗:0,收益:0,返回率:0.000000;
	全局统计 总输赢:0 总消耗:-0 总收益:+0 总免伤次数:0 总免伤:0 返回率:0.000000 时间:2019-05-16_11_18_25
2019/05/16 11:25:53.960200 git.huoys.com/qp/cells/game_trace.LogSettle 473 Info: 	 单局结算 uid:150015 剩余金币:107193410 消耗:0 收益:0 写分增量:0 阵容变化:[202,201,200,],[202,201,200,],[202,201,200,],[201,202,200,],[201,200,], 
2019/05/16 11:25:54.009200 git.huoys.com/qp/cells/game_trace.LeaveGame 458 Info: 
Enter=>ID:150015 Money:107193410 '2019-05-16 11:25:04'
Match=>ID :150015 玩家消耗金额:-0 玩家赢取金额:+0 返还率:0.000000 单个最高的结算金额:0 从进入到退出之间的最大余额:107193410
Leave=>ID:150015 Money:107193410 '2019-05-16 11:25:54'
	ID:150015 翻牌统计: 攻击次数:0,击杀次数:0,免伤次数:0,空卡次数:0,宝箱次数:0,普通怪次数:0,Boss怪次数:0,消耗:0 收益:0 返回率:0.000000;
	ID:150015 ALLMONSTERID 消耗:0,收益:0,返回率:0.000000;
	ID:150015 过敏源剧情 消耗:0,收益:0,返回率:0.000000;
2019/05/16 11:48:25.914200 git.huoys.com/qp/cells/game_trace.polling 557 Info: log money polling....
	全局统计 翻牌统计: 攻击次数:0,击杀次数:0,免伤次数:0,空卡次数:0,宝箱次数:0,普通怪次数:0,Boss怪次数:0,消耗:0 收益:0 返回率:0.000000;
	全局统计 BOXID:100	攻击次数:0,击杀次数:0,免伤次数:0,消耗:0,收益:0,单次最大盈利:0 单次时间:2019-05-16 11:48:25;
	全局统计 BOXID:101	攻击次数:0,击杀次数:0,免伤次数:0,消耗:0,收益:0,单次最大盈利:0 单次时间:2019-05-16 11:48:25;
	全局统计 BOXID:102	攻击次数:0,击杀次数:0,免伤次数:0,消耗:0,收益:0,单次最大盈利:0 单次时间:2019-05-16 11:48:25;
	全局统计 MONSTERID:300	攻击次数:0,免伤次数:0,击杀次数:0,消耗:0,收益:0,单次最大盈利:0 单次时间:2019-05-16 11:48:25;
	全局统计 MONSTERID:301	攻击次数:0,免伤次数:0,击杀次数:0,消耗:0,收益:0,单次最大盈利:0 单次时间:2019-05-16 11:48:25;
	全局统计 MONSTERID:302	攻击次数:0,免伤次数:0,击杀次数:0,消耗:0,收益:0,单次最大盈利:0 单次时间:2019-05-16 11:48:25;
	全局统计 MONSTERID:303	攻击次数:0,免伤次数:0,击杀次数:0,消耗:0,收益:0,单次最大盈利:0 单次时间:2019-05-16 11:48:25;
	全局统计 MONSTERID:304	攻击次数:0,免伤次数:0,击杀次数:0,消耗:0,收益:0,单次最大盈利:0 单次时间:2019-05-16 11:48:25;
	全局统计 MONSTERID:305	攻击次数:0,免伤次数:0,击杀次数:0,消耗:0,收益:0,单次最大盈利:0 单次时间:2019-05-16 11:48:25;
	全局统计 MONSTERID:306	攻击次数:0,免伤次数:0,击杀次数:0,消耗:0,收益:0,单次最大盈利:0 单次时间:2019-05-16 11:48:25;
	全局统计 MONSTERID:307	攻击次数:0,免伤次数:0,击杀次数:0,消耗:0,收益:0,单次最大盈利:0 单次时间:2019-05-16 11:48:25;
	全局统计 MONSTERID:311	攻击次数:0,免伤次数:0,击杀次数:0,消耗:0,收益:0,单次最大盈利:0 单次时间:2019-05-16 11:48:25;
	全局统计 MONSTERID:313	攻击次数:0,免伤次数:0,击杀次数:0,消耗:0,收益:0,单次最大盈利:0 单次时间:2019-05-16 11:48:25;
	全局统计 MONSTERID:314	攻击次数:0,免伤次数:0,击杀次数:0,消耗:0,收益:0,单次最大盈利:0 单次时间:2019-05-16 11:48:25;
	全局统计 ALLMONSTERID 消耗:0,收益:0,返回率:0.000000;
	全局统计 过敏源剧情 消耗:0,收益:0,返回率:0.000000;
	全局统计 总输赢:0 总消耗:-0 总收益:+0 总免伤次数:0 总免伤:0 返回率:0.000000 时间:2019-05-16_11_48_25
2019/05/16 12:18:25.981200 git.huoys.com/qp/cells/game_trace.polling 557 Info: log money polling....
	全局统计 翻牌统计: 攻击次数:0,击杀次数:0,免伤次数:0,空卡次数:0,宝箱次数:0,普通怪次数:0,Boss怪次数:0,消耗:0 收益:0 返回率:0.000000;
	全局统计 BOXID:100	攻击次数:0,击杀次数:0,免伤次数:0,消耗:0,收益:0,单次最大盈利:0 单次时间:2019-05-16 12:18:25;
	全局统计 BOXID:101	攻击次数:0,击杀次数:0,免伤次数:0,消耗:0,收益:0,单次最大盈利:0 单次时间:2019-05-16 12:18:25;
	全局统计 BOXID:102	攻击次数:0,击杀次数:0,免伤次数:0,消耗:0,收益:0,单次最大盈利:0 单次时间:2019-05-16 12:18:25;
	全局统计 MONSTERID:300	攻击次数:0,免伤次数:0,击杀次数:0,消耗:0,收益:0,单次最大盈利:0 单次时间:2019-05-16 12:18:25;
	全局统计 MONSTERID:301	攻击次数:0,免伤次数:0,击杀次数:0,消耗:0,收益:0,单次最大盈利:0 单次时间:2019-05-16 12:18:25;
	全局统计 MONSTERID:302	攻击次数:0,免伤次数:0,击杀次数:0,消耗:0,收益:0,单次最大盈利:0 单次时间:2019-05-16 12:18:25;
	全局统计 MONSTERID:303	攻击次数:0,免伤次数:0,击杀次数:0,消耗:0,收益:0,单次最大盈利:0 单次时间:2019-05-16 12:18:25;
	全局统计 MONSTERID:304	攻击次数:0,免伤次数:0,击杀次数:0,消耗:0,收益:0,单次最大盈利:0 单次时间:2019-05-16 12:18:25;
	全局统计 MONSTERID:305	攻击次数:0,免伤次数:0,击杀次数:0,消耗:0,收益:0,单次最大盈利:0 单次时间:2019-05-16 12:18:25;
	全局统计 MONSTERID:306	攻击次数:0,免伤次数:0,击杀次数:0,消耗:0,收益:0,单次最大盈利:0 单次时间:2019-05-16 12:18:25;
	全局统计 MONSTERID:307	攻击次数:0,免伤次数:0,击杀次数:0,消耗:0,收益:0,单次最大盈利:0 单次时间:2019-05-16 12:18:25;
	全局统计 MONSTERID:311	攻击次数:0,免伤次数:0,击杀次数:0,消耗:0,收益:0,单次最大盈利:0 单次时间:2019-05-16 12:18:25;
	全局统计 MONSTERID:313	攻击次数:0,免伤次数:0,击杀次数:0,消耗:0,收益:0,单次最大盈利:0 单次时间:2019-05-16 12:18:25;
	全局统计 MONSTERID:314	攻击次数:0,免伤次数:0,击杀次数:0,消耗:0,收益:0,单次最大盈利:0 单次时间:2019-05-16 12:18:25;
	全局统计 ALLMONSTERID 消耗:0,收益:0,返回率:0.000000;
	全局统计 过敏源剧情 消耗:0,收益:0,返回率:0.000000;
	全局统计 总输赢:0 总消耗:-0 总收益:+0 总免伤次数:0 总免伤:0 返回率:0.000000 时间:2019-05-16_12_18_25
2019/05/16 12:48:26.126200 git.huoys.com/qp/cells/game_trace.polling 557 Info: log money polling....
	全局统计 翻牌统计: 攻击次数:0,击杀次数:0,免伤次数:0,空卡次数:0,宝箱次数:0,普通怪次数:0,Boss怪次数:0,消耗:0 收益:0 返回率:0.000000;
	全局统计 BOXID:100	攻击次数:0,击杀次数:0,免伤次数:0,消耗:0,收益:0,单次最大盈利:0 单次时间:2019-05-16 12:48:26;
	全局统计 BOXID:101	攻击次数:0,击杀次数:0,免伤次数:0,消耗:0,收益:0,单次最大盈利:0 单次时间:2019-05-16 12:48:26;
	全局统计 BOXID:102	攻击次数:0,击杀次数:0,免伤次数:0,消耗:0,收益:0,单次最大盈利:0 单次时间:2019-05-16 12:48:26;
	全局统计 MONSTERID:300	攻击次数:0,免伤次数:0,击杀次数:0,消耗:0,收益:0,单次最大盈利:0 单次时间:2019-05-16 12:48:26;
	全局统计 MONSTERID:301	攻击次数:0,免伤次数:0,击杀次数:0,消耗:0,收益:0,单次最大盈利:0 单次时间:2019-05-16 12:48:26;
	全局统计 MONSTERID:302	攻击次数:0,免伤次数:0,击杀次数:0,消耗:0,收益:0,单次最大盈利:0 单次时间:2019-05-16 12:48:26;
	全局统计 MONSTERID:303	攻击次数:0,免伤次数:0,击杀次数:0,消耗:0,收益:0,单次最大盈利:0 单次时间:2019-05-16 12:48:26;
	全局统计 MONSTERID:304	攻击次数:0,免伤次数:0,击杀次数:0,消耗:0,收益:0,单次最大盈利:0 单次时间:2019-05-16 12:48:26;
	全局统计 MONSTERID:305	攻击次数:0,免伤次数:0,击杀次数:0,消耗:0,收益:0,单次最大盈利:0 单次时间:2019-05-16 12:48:26;
	全局统计 MONSTERID:306	攻击次数:0,免伤次数:0,击杀次数:0,消耗:0,收益:0,单次最大盈利:0 单次时间:2019-05-16 12:48:26;
	全局统计 MONSTERID:307	攻击次数:0,免伤次数:0,击杀次数:0,消耗:0,收益:0,单次最大盈利:0 单次时间:2019-05-16 12:48:26;
	全局统计 MONSTERID:311	攻击次数:0,免伤次数:0,击杀次数:0,消耗:0,收益:0,单次最大盈利:0 单次时间:2019-05-16 12:48:26;
	全局统计 MONSTERID:313	攻击次数:0,免伤次数:0,击杀次数:0,消耗:0,收益:0,单次最大盈利:0 单次时间:2019-05-16 12:48:26;
	全局统计 MONSTERID:314	攻击次数:0,免伤次数:0,击杀次数:0,消耗:0,收益:0,单次最大盈利:0 单次时间:2019-05-16 12:48:26;
	全局统计 ALLMONSTERID 消耗:0,收益:0,返回率:0.000000;
	全局统计 过敏源剧情 消耗:0,收益:0,返回率:0.000000;
	全局统计 总输赢:0 总消耗:-0 总收益:+0 总免伤次数:0 总免伤:0 返回率:0.000000 时间:2019-05-16_12_48_26
2019/05/16 13:18:26.156200 git.huoys.com/qp/cells/game_trace.polling 557 Info: log money polling....
	全局统计 翻牌统计: 攻击次数:0,击杀次数:0,免伤次数:0,空卡次数:0,宝箱次数:0,普通怪次数:0,Boss怪次数:0,消耗:0 收益:0 返回率:0.000000;
	全局统计 BOXID:100	攻击次数:0,击杀次数:0,免伤次数:0,消耗:0,收益:0,单次最大盈利:0 单次时间:2019-05-16 13:18:26;
	全局统计 BOXID:101	攻击次数:0,击杀次数:0,免伤次数:0,消耗:0,收益:0,单次最大盈利:0 单次时间:2019-05-16 13:18:26;
	全局统计 BOXID:102	攻击次数:0,击杀次数:0,免伤次数:0,消耗:0,收益:0,单次最大盈利:0 单次时间:2019-05-16 13:18:26;
	全局统计 MONSTERID:300	攻击次数:0,免伤次数:0,击杀次数:0,消耗:0,收益:0,单次最大盈利:0 单次时间:2019-05-16 13:18:26;
	全局统计 MONSTERID:301	攻击次数:0,免伤次数:0,击杀次数:0,消耗:0,收益:0,单次最大盈利:0 单次时间:2019-05-16 13:18:26;
	全局统计 MONSTERID:302	攻击次数:0,免伤次数:0,击杀次数:0,消耗:0,收益:0,单次最大盈利:0 单次时间:2019-05-16 13:18:26;
	全局统计 MONSTERID:303	攻击次数:0,免伤次数:0,击杀次数:0,消耗:0,收益:0,单次最大盈利:0 单次时间:2019-05-16 13:18:26;
	全局统计 MONSTERID:304	攻击次数:0,免伤次数:0,击杀次数:0,消耗:0,收益:0,单次最大盈利:0 单次时间:2019-05-16 13:18:26;
	全局统计 MONSTERID:305	攻击次数:0,免伤次数:0,击杀次数:0,消耗:0,收益:0,单次最大盈利:0 单次时间:2019-05-16 13:18:26;
	全局统计 MONSTERID:306	攻击次数:0,免伤次数:0,击杀次数:0,消耗:0,收益:0,单次最大盈利:0 单次时间:2019-05-16 13:18:26;
	全局统计 MONSTERID:307	攻击次数:0,免伤次数:0,击杀次数:0,消耗:0,收益:0,单次最大盈利:0 单次时间:2019-05-16 13:18:26;
	全局统计 MONSTERID:311	攻击次数:0,免伤次数:0,击杀次数:0,消耗:0,收益:0,单次最大盈利:0 单次时间:2019-05-16 13:18:26;
	全局统计 MONSTERID:313	攻击次数:0,免伤次数:0,击杀次数:0,消耗:0,收益:0,单次最大盈利:0 单次时间:2019-05-16 13:18:26;
	全局统计 MONSTERID:314	攻击次数:0,免伤次数:0,击杀次数:0,消耗:0,收益:0,单次最大盈利:0 单次时间:2019-05-16 13:18:26;
	全局统计 ALLMONSTERID 消耗:0,收益:0,返回率:0.000000;
	全局统计 过敏源剧情 消耗:0,收益:0,返回率:0.000000;
	全局统计 总输赢:0 总消耗:-0 总收益:+0 总免伤次数:0 总免伤:0 返回率:0.000000 时间:2019-05-16_13_18_26
2019/05/16 13:48:26.161200 git.huoys.com/qp/cells/game_trace.polling 557 Info: log money polling....
	全局统计 翻牌统计: 攻击次数:0,击杀次数:0,免伤次数:0,空卡次数:0,宝箱次数:0,普通怪次数:0,Boss怪次数:0,消耗:0 收益:0 返回率:0.000000;
	全局统计 BOXID:100	攻击次数:0,击杀次数:0,免伤次数:0,消耗:0,收益:0,单次最大盈利:0 单次时间:2019-05-16 13:48:26;
	全局统计 BOXID:101	攻击次数:0,击杀次数:0,免伤次数:0,消耗:0,收益:0,单次最大盈利:0 单次时间:2019-05-16 13:48:26;
	全局统计 BOXID:102	攻击次数:0,击杀次数:0,免伤次数:0,消耗:0,收益:0,单次最大盈利:0 单次时间:2019-05-16 13:48:26;
	全局统计 MONSTERID:300	攻击次数:0,免伤次数:0,击杀次数:0,消耗:0,收益:0,单次最大盈利:0 单次时间:2019-05-16 13:48:26;
	全局统计 MONSTERID:301	攻击次数:0,免伤次数:0,击杀次数:0,消耗:0,收益:0,单次最大盈利:0 单次时间:2019-05-16 13:48:26;
	全局统计 MONSTERID:302	攻击次数:0,免伤次数:0,击杀次数:0,消耗:0,收益:0,单次最大盈利:0 单次时间:2019-05-16 13:48:26;
	全局统计 MONSTERID:303	攻击次数:0,免伤次数:0,击杀次数:0,消耗:0,收益:0,单次最大盈利:0 单次时间:2019-05-16 13:48:26;
	全局统计 MONSTERID:304	攻击次数:0,免伤次数:0,击杀次数:0,消耗:0,收益:0,单次最大盈利:0 单次时间:2019-05-16 13:48:26;
	全局统计 MONSTERID:305	攻击次数:0,免伤次数:0,击杀次数:0,消耗:0,收益:0,单次最大盈利:0 单次时间:2019-05-16 13:48:26;
	全局统计 MONSTERID:306	攻击次数:0,免伤次数:0,击杀次数:0,消耗:0,收益:0,单次最大盈利:0 单次时间:2019-05-16 13:48:26;
	全局统计 MONSTERID:307	攻击次数:0,免伤次数:0,击杀次数:0,消耗:0,收益:0,单次最大盈利:0 单次时间:2019-05-16 13:48:26;
	全局统计 MONSTERID:311	攻击次数:0,免伤次数:0,击杀次数:0,消耗:0,收益:0,单次最大盈利:0 单次时间:2019-05-16 13:48:26;
	全局统计 MONSTERID:313	攻击次数:0,免伤次数:0,击杀次数:0,消耗:0,收益:0,单次最大盈利:0 单次时间:2019-05-16 13:48:26;
	全局统计 MONSTERID:314	攻击次数:0,免伤次数:0,击杀次数:0,消耗:0,收益:0,单次最大盈利:0 单次时间:2019-05-16 13:48:26;
	全局统计 ALLMONSTERID 消耗:0,收益:0,返回率:0.000000;
	全局统计 过敏源剧情 消耗:0,收益:0,返回率:0.000000;
	全局统计 总输赢:0 总消耗:-0 总收益:+0 总免伤次数:0 总免伤:0 返回率:0.000000 时间:2019-05-16_13_48_26
2019/05/16 14:18:26.173200 git.huoys.com/qp/cells/game_trace.polling 557 Info: log money polling....
	全局统计 翻牌统计: 攻击次数:0,击杀次数:0,免伤次数:0,空卡次数:0,宝箱次数:0,普通怪次数:0,Boss怪次数:0,消耗:0 收益:0 返回率:0.000000;
	全局统计 BOXID:100	攻击次数:0,击杀次数:0,免伤次数:0,消耗:0,收益:0,单次最大盈利:0 单次时间:2019-05-16 14:18:26;
	全局统计 BOXID:101	攻击次数:0,击杀次数:0,免伤次数:0,消耗:0,收益:0,单次最大盈利:0 单次时间:2019-05-16 14:18:26;
	全局统计 BOXID:102	攻击次数:0,击杀次数:0,免伤次数:0,消耗:0,收益:0,单次最大盈利:0 单次时间:2019-05-16 14:18:26;
	全局统计 MONSTERID:300	攻击次数:0,免伤次数:0,击杀次数:0,消耗:0,收益:0,单次最大盈利:0 单次时间:2019-05-16 14:18:26;
	全局统计 MONSTERID:301	攻击次数:0,免伤次数:0,击杀次数:0,消耗:0,收益:0,单次最大盈利:0 单次时间:2019-05-16 14:18:26;
	全局统计 MONSTERID:302	攻击次数:0,免伤次数:0,击杀次数:0,消耗:0,收益:0,单次最大盈利:0 单次时间:2019-05-16 14:18:26;
	全局统计 MONSTERID:303	攻击次数:0,免伤次数:0,击杀次数:0,消耗:0,收益:0,单次最大盈利:0 单次时间:2019-05-16 14:18:26;
	全局统计 MONSTERID:304	攻击次数:0,免伤次数:0,击杀次数:0,消耗:0,收益:0,单次最大盈利:0 单次时间:2019-05-16 14:18:26;
	全局统计 MONSTERID:305	攻击次数:0,免伤次数:0,击杀次数:0,消耗:0,收益:0,单次最大盈利:0 单次时间:2019-05-16 14:18:26;
	全局统计 MONSTERID:306	攻击次数:0,免伤次数:0,击杀次数:0,消耗:0,收益:0,单次最大盈利:0 单次时间:2019-05-16 14:18:26;
	全局统计 MONSTERID:307	攻击次数:0,免伤次数:0,击杀次数:0,消耗:0,收益:0,单次最大盈利:0 单次时间:2019-05-16 14:18:26;
	全局统计 MONSTERID:311	攻击次数:0,免伤次数:0,击杀次数:0,消耗:0,收益:0,单次最大盈利:0 单次时间:2019-05-16 14:18:26;
	全局统计 MONSTERID:313	攻击次数:0,免伤次数:0,击杀次数:0,消耗:0,收益:0,单次最大盈利:0 单次时间:2019-05-16 14:18:26;
	全局统计 MONSTERID:314	攻击次数:0,免伤次数:0,击杀次数:0,消耗:0,收益:0,单次最大盈利:0 单次时间:2019-05-16 14:18:26;
	全局统计 ALLMONSTERID 消耗:0,收益:0,返回率:0.000000;
	全局统计 过敏源剧情 消耗:0,收益:0,返回率:0.000000;
	全局统计 总输赢:0 总消耗:-0 总收益:+0 总免伤次数:0 总免伤:0 返回率:0.000000 时间:2019-05-16_14_18_26
2019/05/16 14:30:32.190200 git.huoys.com/qp/cells/game_trace.LogSettle 473 Info: 	 单局结算 uid:150015 剩余金币:107193410 消耗:0 收益:0 写分增量:0 阵容变化:[201,200,],[201,200,],[201,202,200,], 
2019/05/16 14:30:32.269200 git.huoys.com/qp/cells/game_trace.LeaveGame 458 Info: 
Enter=>ID:150015 Money:107193410 '2019-05-16 14:30:09'
Match=>ID :150015 玩家消耗金额:-0 玩家赢取金额:+0 返还率:0.000000 单个最高的结算金额:0 从进入到退出之间的最大余额:107193410
Leave=>ID:150015 Money:107193410 '2019-05-16 14:30:32'
	ID:150015 翻牌统计: 攻击次数:0,击杀次数:0,免伤次数:0,空卡次数:0,宝箱次数:0,普通怪次数:0,Boss怪次数:0,消耗:0 收益:0 返回率:0.000000;
	ID:150015 ALLMONSTERID 消耗:0,收益:0,返回率:0.000000;
	ID:150015 过敏源剧情 消耗:0,收益:0,返回率:0.000000;
2019/05/16 14:43:03.281200 git.huoys.com/qp/cells/game_trace.LogSettle 473 Info: 	 单局结算 uid:150015 剩余金币:107194520 消耗:10080 收益:11190 写分增量:1110 阵容变化:[201,202,200,],[201,202,200,],[201,202,200,], 
2019/05/16 14:44:20.992200 git.huoys.com/qp/cells/game_trace.LogSettle 473 Info: 	 单局结算 uid:150015 剩余金币:107193190 消耗:7020 收益:5690 写分增量:-1330 阵容变化:[201,202,200,], 
2019/05/16 14:44:21.267200 git.huoys.com/qp/cells/game_trace.LeaveGame 458 Info: 
Enter=>ID:150015 Money:107193410 '2019-05-16 14:41:02'
Match=>ID :150015 玩家消耗金额:-17100 玩家赢取金额:+16880 返还率:0.987135 单个最高的结算金额:810 从进入到退出之间的最大余额:107194740
Leave=>ID:150015 Money:107193190 '2019-05-16 14:44:21'
	ID:150015 翻牌统计: 攻击次数:353,击杀次数:0,免伤次数:0,空卡次数:73,宝箱次数:30,普通怪次数:245,Boss怪次数:5,消耗:7060 收益:6360 返回率:0.900850;
	ID:150015 BOXID:100	攻击次数:155,击杀次数:17,免伤次数:0,消耗:3100,收益:2470,单次最大盈利:200 单次时间:2019-05-16 14:42:08;
	ID:150015 BOXID:101	攻击次数:149,击杀次数:10,免伤次数:0,消耗:2980,收益:2480,单次最大盈利:290 单次时间:2019-05-16 14:42:05;
	ID:150015 BOXID:102	攻击次数:49,击杀次数:3,免伤次数:0,消耗:980,收益:1410,单次最大盈利:540 单次时间:2019-05-16 14:41:28;
	ID:150015 MONSTERID:300	攻击次数:17,免伤次数:0,击杀次数:13,消耗:340,收益:390,单次最大盈利:40 单次时间:2019-05-16 14:41:16;
	ID:150015 MONSTERID:301	攻击次数:16,免伤次数:0,击杀次数:11,消耗:320,收益:360,单次最大盈利:40 单次时间:2019-05-16 14:41:44;
	ID:150015 MONSTERID:302	攻击次数:24,免伤次数:0,击杀次数:13,消耗:480,收益:480,单次最大盈利:60 单次时间:2019-05-16 14:41:59;
	ID:150015 MONSTERID:303	攻击次数:34,免伤次数:0,击杀次数:18,消耗:680,收益:800,单次最大盈利:80 单次时间:2019-05-16 14:41:54;
	ID:150015 MONSTERID:304	攻击次数:77,免伤次数:0,击杀次数:23,消耗:1540,收益:1660,单次最大盈利:100 单次时间:2019-05-16 14:42:35;
	ID:150015 MONSTERID:305	攻击次数:45,免伤次数:0,击杀次数:15,消耗:900,收益:1060,单次最大盈利:120 单次时间:2019-05-16 14:41:17;
	ID:150015 MONSTERID:306	攻击次数:103,免伤次数:0,击杀次数:16,消耗:2060,收益:2330,单次最大盈利:200 单次时间:2019-05-16 14:41:27;
	ID:150015 MONSTERID:307	攻击次数:77,免伤次数:0,击杀次数:10,消耗:1540,收益:1400,单次最大盈利:170 单次时间:2019-05-16 14:42:11;
	ID:150015 MONSTERID:312	攻击次数:13,免伤次数:0,击杀次数:3,消耗:260,收益:2040,单次最大盈利:810 单次时间:2019-05-16 14:41:23;
	ID:150015 MONSTERID:313	攻击次数:54,免伤次数:0,击杀次数:0,消耗:1080,收益:0,单次最大盈利:0 单次时间:1970-01-01 08:00:00;
	ID:150015 ALLMONSTERID 消耗:9200,收益:10520,返回率:1.143478;
	ID:150015 过敏源剧情 消耗:840,收益:0,返回率:0.000000;
2019/05/16 14:48:26.310200 git.huoys.com/qp/cells/game_trace.polling 557 Info: log money polling....
	全局统计 翻牌统计: 攻击次数:353,击杀次数:0,免伤次数:0,空卡次数:73,宝箱次数:30,普通怪次数:245,Boss怪次数:5,消耗:7060 收益:6360 返回率:0.900850;
	全局统计 BOXID:100	攻击次数:155,击杀次数:17,免伤次数:0,消耗:3100,收益:2470,单次最大盈利:200 单次时间:2019-05-16 14:48:26;
	全局统计 BOXID:101	攻击次数:149,击杀次数:10,免伤次数:0,消耗:2980,收益:2480,单次最大盈利:290 单次时间:2019-05-16 14:48:26;
	全局统计 BOXID:102	攻击次数:49,击杀次数:3,免伤次数:0,消耗:980,收益:1410,单次最大盈利:540 单次时间:2019-05-16 14:48:26;
	全局统计 MONSTERID:300	攻击次数:17,免伤次数:0,击杀次数:13,消耗:340,收益:390,单次最大盈利:40 单次时间:2019-05-16 14:48:26;
	全局统计 MONSTERID:301	攻击次数:16,免伤次数:0,击杀次数:11,消耗:320,收益:360,单次最大盈利:40 单次时间:2019-05-16 14:48:26;
	全局统计 MONSTERID:302	攻击次数:24,免伤次数:0,击杀次数:13,消耗:480,收益:480,单次最大盈利:60 单次时间:2019-05-16 14:48:26;
	全局统计 MONSTERID:303	攻击次数:34,免伤次数:0,击杀次数:18,消耗:680,收益:800,单次最大盈利:80 单次时间:2019-05-16 14:48:26;
	全局统计 MONSTERID:304	攻击次数:77,免伤次数:0,击杀次数:23,消耗:1540,收益:1660,单次最大盈利:100 单次时间:2019-05-16 14:48:26;
	全局统计 MONSTERID:305	攻击次数:45,免伤次数:0,击杀次数:15,消耗:900,收益:1060,单次最大盈利:120 单次时间:2019-05-16 14:48:26;
	全局统计 MONSTERID:306	攻击次数:103,免伤次数:0,击杀次数:16,消耗:2060,收益:2330,单次最大盈利:200 单次时间:2019-05-16 14:48:26;
	全局统计 MONSTERID:307	攻击次数:77,免伤次数:0,击杀次数:10,消耗:1540,收益:1400,单次最大盈利:170 单次时间:2019-05-16 14:48:26;
	全局统计 MONSTERID:311	攻击次数:0,免伤次数:0,击杀次数:0,消耗:0,收益:0,单次最大盈利:0 单次时间:2019-05-16 14:48:26;
	全局统计 MONSTERID:312	攻击次数:13,免伤次数:0,击杀次数:3,消耗:260,收益:2040,单次最大盈利:810 单次时间:2019-05-16 14:48:26;
	全局统计 MONSTERID:313	攻击次数:54,免伤次数:0,击杀次数:0,消耗:1080,收益:0,单次最大盈利:0 单次时间:2019-05-16 14:48:26;
	全局统计 MONSTERID:314	攻击次数:0,免伤次数:0,击杀次数:0,消耗:0,收益:0,单次最大盈利:0 单次时间:2019-05-16 14:48:26;
	全局统计 ALLMONSTERID 消耗:9200,收益:10520,返回率:1.143478;
	全局统计 过敏源剧情 消耗:840,收益:0,返回率:0.000000;
	全局统计 总输赢:-220 总消耗:-17100 总收益:+16880 总免伤次数:0 总免伤:0 返回率:0.987135 时间:2019-05-16_14_48_26
2019/05/16 15:18:26.367200 git.huoys.com/qp/cells/game_trace.polling 557 Info: log money polling....
	全局统计 翻牌统计: 攻击次数:0,击杀次数:0,免伤次数:0,空卡次数:0,宝箱次数:0,普通怪次数:0,Boss怪次数:0,消耗:0 收益:0 返回率:0.000000;
	全局统计 BOXID:100	攻击次数:0,击杀次数:0,免伤次数:0,消耗:0,收益:0,单次最大盈利:0 单次时间:2019-05-16 15:18:26;
	全局统计 BOXID:101	攻击次数:0,击杀次数:0,免伤次数:0,消耗:0,收益:0,单次最大盈利:0 单次时间:2019-05-16 15:18:26;
	全局统计 BOXID:102	攻击次数:0,击杀次数:0,免伤次数:0,消耗:0,收益:0,单次最大盈利:0 单次时间:2019-05-16 15:18:26;
	全局统计 MONSTERID:300	攻击次数:0,免伤次数:0,击杀次数:0,消耗:0,收益:0,单次最大盈利:0 单次时间:2019-05-16 15:18:26;
	全局统计 MONSTERID:301	攻击次数:0,免伤次数:0,击杀次数:0,消耗:0,收益:0,单次最大盈利:0 单次时间:2019-05-16 15:18:26;
	全局统计 MONSTERID:302	攻击次数:0,免伤次数:0,击杀次数:0,消耗:0,收益:0,单次最大盈利:0 单次时间:2019-05-16 15:18:26;
	全局统计 MONSTERID:303	攻击次数:0,免伤次数:0,击杀次数:0,消耗:0,收益:0,单次最大盈利:0 单次时间:2019-05-16 15:18:26;
	全局统计 MONSTERID:304	攻击次数:0,免伤次数:0,击杀次数:0,消耗:0,收益:0,单次最大盈利:0 单次时间:2019-05-16 15:18:26;
	全局统计 MONSTERID:305	攻击次数:0,免伤次数:0,击杀次数:0,消耗:0,收益:0,单次最大盈利:0 单次时间:2019-05-16 15:18:26;
	全局统计 MONSTERID:306	攻击次数:0,免伤次数:0,击杀次数:0,消耗:0,收益:0,单次最大盈利:0 单次时间:2019-05-16 15:18:26;
	全局统计 MONSTERID:307	攻击次数:0,免伤次数:0,击杀次数:0,消耗:0,收益:0,单次最大盈利:0 单次时间:2019-05-16 15:18:26;
	全局统计 MONSTERID:311	攻击次数:0,免伤次数:0,击杀次数:0,消耗:0,收益:0,单次最大盈利:0 单次时间:2019-05-16 15:18:26;
	全局统计 MONSTERID:312	攻击次数:0,免伤次数:0,击杀次数:0,消耗:0,收益:0,单次最大盈利:0 单次时间:2019-05-16 15:18:26;
	全局统计 MONSTERID:313	攻击次数:0,免伤次数:0,击杀次数:0,消耗:0,收益:0,单次最大盈利:0 单次时间:2019-05-16 15:18:26;
	全局统计 MONSTERID:314	攻击次数:0,免伤次数:0,击杀次数:0,消耗:0,收益:0,单次最大盈利:0 单次时间:2019-05-16 15:18:26;
	全局统计 ALLMONSTERID 消耗:0,收益:0,返回率:0.000000;
	全局统计 过敏源剧情 消耗:0,收益:0,返回率:0.000000;
	全局统计 总输赢:0 总消耗:-0 总收益:+0 总免伤次数:0 总免伤:0 返回率:0.000000 时间:2019-05-16_15_18_26
2019/05/16 15:48:26.399200 git.huoys.com/qp/cells/game_trace.polling 557 Info: log money polling....
	全局统计 翻牌统计: 攻击次数:0,击杀次数:0,免伤次数:0,空卡次数:0,宝箱次数:0,普通怪次数:0,Boss怪次数:0,消耗:0 收益:0 返回率:0.000000;
	全局统计 BOXID:100	攻击次数:0,击杀次数:0,免伤次数:0,消耗:0,收益:0,单次最大盈利:0 单次时间:2019-05-16 15:48:26;
	全局统计 BOXID:101	攻击次数:0,击杀次数:0,免伤次数:0,消耗:0,收益:0,单次最大盈利:0 单次时间:2019-05-16 15:48:26;
	全局统计 BOXID:102	攻击次数:0,击杀次数:0,免伤次数:0,消耗:0,收益:0,单次最大盈利:0 单次时间:2019-05-16 15:48:26;
	全局统计 MONSTERID:300	攻击次数:0,免伤次数:0,击杀次数:0,消耗:0,收益:0,单次最大盈利:0 单次时间:2019-05-16 15:48:26;
	全局统计 MONSTERID:301	攻击次数:0,免伤次数:0,击杀次数:0,消耗:0,收益:0,单次最大盈利:0 单次时间:2019-05-16 15:48:26;
	全局统计 MONSTERID:302	攻击次数:0,免伤次数:0,击杀次数:0,消耗:0,收益:0,单次最大盈利:0 单次时间:2019-05-16 15:48:26;
	全局统计 MONSTERID:303	攻击次数:0,免伤次数:0,击杀次数:0,消耗:0,收益:0,单次最大盈利:0 单次时间:2019-05-16 15:48:26;
	全局统计 MONSTERID:304	攻击次数:0,免伤次数:0,击杀次数:0,消耗:0,收益:0,单次最大盈利:0 单次时间:2019-05-16 15:48:26;
	全局统计 MONSTERID:305	攻击次数:0,免伤次数:0,击杀次数:0,消耗:0,收益:0,单次最大盈利:0 单次时间:2019-05-16 15:48:26;
	全局统计 MONSTERID:306	攻击次数:0,免伤次数:0,击杀次数:0,消耗:0,收益:0,单次最大盈利:0 单次时间:2019-05-16 15:48:26;
	全局统计 MONSTERID:307	攻击次数:0,免伤次数:0,击杀次数:0,消耗:0,收益:0,单次最大盈利:0 单次时间:2019-05-16 15:48:26;
	全局统计 MONSTERID:311	攻击次数:0,免伤次数:0,击杀次数:0,消耗:0,收益:0,单次最大盈利:0 单次时间:2019-05-16 15:48:26;
	全局统计 MONSTERID:312	攻击次数:0,免伤次数:0,击杀次数:0,消耗:0,收益:0,单次最大盈利:0 单次时间:2019-05-16 15:48:26;
	全局统计 MONSTERID:313	攻击次数:0,免伤次数:0,击杀次数:0,消耗:0,收益:0,单次最大盈利:0 单次时间:2019-05-16 15:48:26;
	全局统计 MONSTERID:314	攻击次数:0,免伤次数:0,击杀次数:0,消耗:0,收益:0,单次最大盈利:0 单次时间:2019-05-16 15:48:26;
	全局统计 ALLMONSTERID 消耗:0,收益:0,返回率:0.000000;
	全局统计 过敏源剧情 消耗:0,收益:0,返回率:0.000000;
	全局统计 总输赢:0 总消耗:-0 总收益:+0 总免伤次数:0 总免伤:0 返回率:0.000000 时间:2019-05-16_15_48_26
2019/05/16 16:18:26.417200 git.huoys.com/qp/cells/game_trace.polling 557 Info: log money polling....
	全局统计 翻牌统计: 攻击次数:0,击杀次数:0,免伤次数:0,空卡次数:0,宝箱次数:0,普通怪次数:0,Boss怪次数:0,消耗:0 收益:0 返回率:0.000000;
	全局统计 BOXID:100	攻击次数:0,击杀次数:0,免伤次数:0,消耗:0,收益:0,单次最大盈利:0 单次时间:2019-05-16 16:18:26;
	全局统计 BOXID:101	攻击次数:0,击杀次数:0,免伤次数:0,消耗:0,收益:0,单次最大盈利:0 单次时间:2019-05-16 16:18:26;
	全局统计 BOXID:102	攻击次数:0,击杀次数:0,免伤次数:0,消耗:0,收益:0,单次最大盈利:0 单次时间:2019-05-16 16:18:26;
	全局统计 MONSTERID:300	攻击次数:0,免伤次数:0,击杀次数:0,消耗:0,收益:0,单次最大盈利:0 单次时间:2019-05-16 16:18:26;
	全局统计 MONSTERID:301	攻击次数:0,免伤次数:0,击杀次数:0,消耗:0,收益:0,单次最大盈利:0 单次时间:2019-05-16 16:18:26;
	全局统计 MONSTERID:302	攻击次数:0,免伤次数:0,击杀次数:0,消耗:0,收益:0,单次最大盈利:0 单次时间:2019-05-16 16:18:26;
	全局统计 MONSTERID:303	攻击次数:0,免伤次数:0,击杀次数:0,消耗:0,收益:0,单次最大盈利:0 单次时间:2019-05-16 16:18:26;
	全局统计 MONSTERID:304	攻击次数:0,免伤次数:0,击杀次数:0,消耗:0,收益:0,单次最大盈利:0 单次时间:2019-05-16 16:18:26;
	全局统计 MONSTERID:305	攻击次数:0,免伤次数:0,击杀次数:0,消耗:0,收益:0,单次最大盈利:0 单次时间:2019-05-16 16:18:26;
	全局统计 MONSTERID:306	攻击次数:0,免伤次数:0,击杀次数:0,消耗:0,收益:0,单次最大盈利:0 单次时间:2019-05-16 16:18:26;
	全局统计 MONSTERID:307	攻击次数:0,免伤次数:0,击杀次数:0,消耗:0,收益:0,单次最大盈利:0 单次时间:2019-05-16 16:18:26;
	全局统计 MONSTERID:311	攻击次数:0,免伤次数:0,击杀次数:0,消耗:0,收益:0,单次最大盈利:0 单次时间:2019-05-16 16:18:26;
	全局统计 MONSTERID:312	攻击次数:0,免伤次数:0,击杀次数:0,消耗:0,收益:0,单次最大盈利:0 单次时间:2019-05-16 16:18:26;
	全局统计 MONSTERID:313	攻击次数:0,免伤次数:0,击杀次数:0,消耗:0,收益:0,单次最大盈利:0 单次时间:2019-05-16 16:18:26;
	全局统计 MONSTERID:314	攻击次数:0,免伤次数:0,击杀次数:0,消耗:0,收益:0,单次最大盈利:0 单次时间:2019-05-16 16:18:26;
	全局统计 ALLMONSTERID 消耗:0,收益:0,返回率:0.000000;
	全局统计 过敏源剧情 消耗:0,收益:0,返回率:0.000000;
	全局统计 总输赢:0 总消耗:-0 总收益:+0 总免伤次数:0 总免伤:0 返回率:0.000000 时间:2019-05-16_16_18_26
2019/05/16 16:30:31.576200 git.huoys.com/qp/cells/game_trace.LogSettle 473 Info: 	 单局结算 uid:150015 剩余金币:107193190 消耗:0 收益:0 写分增量:0 阵容变化:[201,202,200,],[201,202,200,],[201,202,200,], 
2019/05/16 16:30:31.621200 git.huoys.com/qp/cells/game_trace.LeaveGame 458 Info: 
Enter=>ID:150015 Money:107193190 '2019-05-16 16:30:07'
Match=>ID :150015 玩家消耗金额:-0 玩家赢取金额:+0 返还率:0.000000 单个最高的结算金额:0 从进入到退出之间的最大余额:107193190
Leave=>ID:150015 Money:107193190 '2019-05-16 16:30:31'
	ID:150015 翻牌统计: 攻击次数:0,击杀次数:0,免伤次数:0,空卡次数:0,宝箱次数:0,普通怪次数:0,Boss怪次数:0,消耗:0 收益:0 返回率:0.000000;
	ID:150015 ALLMONSTERID 消耗:0,收益:0,返回率:0.000000;
	ID:150015 过敏源剧情 消耗:0,收益:0,返回率:0.000000;
2019/05/16 16:48:26.487200 git.huoys.com/qp/cells/game_trace.polling 557 Info: log money polling....
	全局统计 翻牌统计: 攻击次数:0,击杀次数:0,免伤次数:0,空卡次数:0,宝箱次数:0,普通怪次数:0,Boss怪次数:0,消耗:0 收益:0 返回率:0.000000;
	全局统计 BOXID:100	攻击次数:0,击杀次数:0,免伤次数:0,消耗:0,收益:0,单次最大盈利:0 单次时间:2019-05-16 16:48:26;
	全局统计 BOXID:101	攻击次数:0,击杀次数:0,免伤次数:0,消耗:0,收益:0,单次最大盈利:0 单次时间:2019-05-16 16:48:26;
	全局统计 BOXID:102	攻击次数:0,击杀次数:0,免伤次数:0,消耗:0,收益:0,单次最大盈利:0 单次时间:2019-05-16 16:48:26;
	全局统计 MONSTERID:300	攻击次数:0,免伤次数:0,击杀次数:0,消耗:0,收益:0,单次最大盈利:0 单次时间:2019-05-16 16:48:26;
	全局统计 MONSTERID:301	攻击次数:0,免伤次数:0,击杀次数:0,消耗:0,收益:0,单次最大盈利:0 单次时间:2019-05-16 16:48:26;
	全局统计 MONSTERID:302	攻击次数:0,免伤次数:0,击杀次数:0,消耗:0,收益:0,单次最大盈利:0 单次时间:2019-05-16 16:48:26;
	全局统计 MONSTERID:303	攻击次数:0,免伤次数:0,击杀次数:0,消耗:0,收益:0,单次最大盈利:0 单次时间:2019-05-16 16:48:26;
	全局统计 MONSTERID:304	攻击次数:0,免伤次数:0,击杀次数:0,消耗:0,收益:0,单次最大盈利:0 单次时间:2019-05-16 16:48:26;
	全局统计 MONSTERID:305	攻击次数:0,免伤次数:0,击杀次数:0,消耗:0,收益:0,单次最大盈利:0 单次时间:2019-05-16 16:48:26;
	全局统计 MONSTERID:306	攻击次数:0,免伤次数:0,击杀次数:0,消耗:0,收益:0,单次最大盈利:0 单次时间:2019-05-16 16:48:26;
	全局统计 MONSTERID:307	攻击次数:0,免伤次数:0,击杀次数:0,消耗:0,收益:0,单次最大盈利:0 单次时间:2019-05-16 16:48:26;
	全局统计 MONSTERID:311	攻击次数:0,免伤次数:0,击杀次数:0,消耗:0,收益:0,单次最大盈利:0 单次时间:2019-05-16 16:48:26;
	全局统计 MONSTERID:312	攻击次数:0,免伤次数:0,击杀次数:0,消耗:0,收益:0,单次最大盈利:0 单次时间:2019-05-16 16:48:26;
	全局统计 MONSTERID:313	攻击次数:0,免伤次数:0,击杀次数:0,消耗:0,收益:0,单次最大盈利:0 单次时间:2019-05-16 16:48:26;
	全局统计 MONSTERID:314	攻击次数:0,免伤次数:0,击杀次数:0,消耗:0,收益:0,单次最大盈利:0 单次时间:2019-05-16 16:48:26;
	全局统计 ALLMONSTERID 消耗:0,收益:0,返回率:0.000000;
	全局统计 过敏源剧情 消耗:0,收益:0,返回率:0.000000;
	全局统计 总输赢:0 总消耗:-0 总收益:+0 总免伤次数:0 总免伤:0 返回率:0.000000 时间:2019-05-16_16_48_26
2019/05/16 17:18:26.498200 git.huoys.com/qp/cells/game_trace.polling 557 Info: log money polling....
	全局统计 翻牌统计: 攻击次数:0,击杀次数:0,免伤次数:0,空卡次数:0,宝箱次数:0,普通怪次数:0,Boss怪次数:0,消耗:0 收益:0 返回率:0.000000;
	全局统计 BOXID:100	攻击次数:0,击杀次数:0,免伤次数:0,消耗:0,收益:0,单次最大盈利:0 单次时间:2019-05-16 17:18:26;
	全局统计 BOXID:101	攻击次数:0,击杀次数:0,免伤次数:0,消耗:0,收益:0,单次最大盈利:0 单次时间:2019-05-16 17:18:26;
	全局统计 BOXID:102	攻击次数:0,击杀次数:0,免伤次数:0,消耗:0,收益:0,单次最大盈利:0 单次时间:2019-05-16 17:18:26;
	全局统计 MONSTERID:300	攻击次数:0,免伤次数:0,击杀次数:0,消耗:0,收益:0,单次最大盈利:0 单次时间:2019-05-16 17:18:26;
	全局统计 MONSTERID:301	攻击次数:0,免伤次数:0,击杀次数:0,消耗:0,收益:0,单次最大盈利:0 单次时间:2019-05-16 17:18:26;
	全局统计 MONSTERID:302	攻击次数:0,免伤次数:0,击杀次数:0,消耗:0,收益:0,单次最大盈利:0 单次时间:2019-05-16 17:18:26;
	全局统计 MONSTERID:303	攻击次数:0,免伤次数:0,击杀次数:0,消耗:0,收益:0,单次最大盈利:0 单次时间:2019-05-16 17:18:26;
	全局统计 MONSTERID:304	攻击次数:0,免伤次数:0,击杀次数:0,消耗:0,收益:0,单次最大盈利:0 单次时间:2019-05-16 17:18:26;
	全局统计 MONSTERID:305	攻击次数:0,免伤次数:0,击杀次数:0,消耗:0,收益:0,单次最大盈利:0 单次时间:2019-05-16 17:18:26;
	全局统计 MONSTERID:306	攻击次数:0,免伤次数:0,击杀次数:0,消耗:0,收益:0,单次最大盈利:0 单次时间:2019-05-16 17:18:26;
	全局统计 MONSTERID:307	攻击次数:0,免伤次数:0,击杀次数:0,消耗:0,收益:0,单次最大盈利:0 单次时间:2019-05-16 17:18:26;
	全局统计 MONSTERID:311	攻击次数:0,免伤次数:0,击杀次数:0,消耗:0,收益:0,单次最大盈利:0 单次时间:2019-05-16 17:18:26;
	全局统计 MONSTERID:312	攻击次数:0,免伤次数:0,击杀次数:0,消耗:0,收益:0,单次最大盈利:0 单次时间:2019-05-16 17:18:26;
	全局统计 MONSTERID:313	攻击次数:0,免伤次数:0,击杀次数:0,消耗:0,收益:0,单次最大盈利:0 单次时间:2019-05-16 17:18:26;
	全局统计 MONSTERID:314	攻击次数:0,免伤次数:0,击杀次数:0,消耗:0,收益:0,单次最大盈利:0 单次时间:2019-05-16 17:18:26;
	全局统计 ALLMONSTERID 消耗:0,收益:0,返回率:0.000000;
	全局统计 过敏源剧情 消耗:0,收益:0,返回率:0.000000;
	全局统计 总输赢:0 总消耗:-0 总收益:+0 总免伤次数:0 总免伤:0 返回率:0.000000 时间:2019-05-16_17_18_26
2019/05/16 17:48:26.529200 git.huoys.com/qp/cells/game_trace.polling 557 Info: log money polling....
	全局统计 翻牌统计: 攻击次数:0,击杀次数:0,免伤次数:0,空卡次数:0,宝箱次数:0,普通怪次数:0,Boss怪次数:0,消耗:0 收益:0 返回率:0.000000;
	全局统计 BOXID:100	攻击次数:0,击杀次数:0,免伤次数:0,消耗:0,收益:0,单次最大盈利:0 单次时间:2019-05-16 17:48:26;
	全局统计 BOXID:101	攻击次数:0,击杀次数:0,免伤次数:0,消耗:0,收益:0,单次最大盈利:0 单次时间:2019-05-16 17:48:26;
	全局统计 BOXID:102	攻击次数:0,击杀次数:0,免伤次数:0,消耗:0,收益:0,单次最大盈利:0 单次时间:2019-05-16 17:48:26;
	全局统计 MONSTERID:300	攻击次数:0,免伤次数:0,击杀次数:0,消耗:0,收益:0,单次最大盈利:0 单次时间:2019-05-16 17:48:26;
	全局统计 MONSTERID:301	攻击次数:0,免伤次数:0,击杀次数:0,消耗:0,收益:0,单次最大盈利:0 单次时间:2019-05-16 17:48:26;
	全局统计 MONSTERID:302	攻击次数:0,免伤次数:0,击杀次数:0,消耗:0,收益:0,单次最大盈利:0 单次时间:2019-05-16 17:48:26;
	全局统计 MONSTERID:303	攻击次数:0,免伤次数:0,击杀次数:0,消耗:0,收益:0,单次最大盈利:0 单次时间:2019-05-16 17:48:26;
	全局统计 MONSTERID:304	攻击次数:0,免伤次数:0,击杀次数:0,消耗:0,收益:0,单次最大盈利:0 单次时间:2019-05-16 17:48:26;
	全局统计 MONSTERID:305	攻击次数:0,免伤次数:0,击杀次数:0,消耗:0,收益:0,单次最大盈利:0 单次时间:2019-05-16 17:48:26;
	全局统计 MONSTERID:306	攻击次数:0,免伤次数:0,击杀次数:0,消耗:0,收益:0,单次最大盈利:0 单次时间:2019-05-16 17:48:26;
	全局统计 MONSTERID:307	攻击次数:0,免伤次数:0,击杀次数:0,消耗:0,收益:0,单次最大盈利:0 单次时间:2019-05-16 17:48:26;
	全局统计 MONSTERID:311	攻击次数:0,免伤次数:0,击杀次数:0,消耗:0,收益:0,单次最大盈利:0 单次时间:2019-05-16 17:48:26;
	全局统计 MONSTERID:312	攻击次数:0,免伤次数:0,击杀次数:0,消耗:0,收益:0,单次最大盈利:0 单次时间:2019-05-16 17:48:26;
	全局统计 MONSTERID:313	攻击次数:0,免伤次数:0,击杀次数:0,消耗:0,收益:0,单次最大盈利:0 单次时间:2019-05-16 17:48:26;
	全局统计 MONSTERID:314	攻击次数:0,免伤次数:0,击杀次数:0,消耗:0,收益:0,单次最大盈利:0 单次时间:2019-05-16 17:48:26;
	全局统计 ALLMONSTERID 消耗:0,收益:0,返回率:0.000000;
	全局统计 过敏源剧情 消耗:0,收益:0,返回率:0.000000;
	全局统计 总输赢:0 总消耗:-0 总收益:+0 总免伤次数:0 总免伤:0 返回率:0.000000 时间:2019-05-16_17_48_26
2019/05/16 18:08:49.682200 git.huoys.com/qp/cells/module/room/logic/storysys.(*Allergen).CalcSettle 322 Info: Allergen Settle uid:150015 entermoney:106863190 2019-05-16_18_08_24 lockratio:30000 totaltimes:70 consume:60000 groupindex:18 group:{Weight:20 Detail:[0 0 1 1 0] RewardTimes:70} attack:0-0,1-0,2-600000,3-1500000,4-0, reward:2100000 levemoney:108963190 2019-05-16_18_08_49
2019/05/16 18:09:06.570200 git.huoys.com/qp/cells/game_trace.LogSettle 473 Info: 	 单局结算 uid:150015 剩余金币:108963190 消耗:4320000 收益:6090000 写分增量:1770000 阵容变化:[201,202,200,],[201,202,200,],[201,202,200,], 
2019/05/16 18:09:06.628200 git.huoys.com/qp/cells/game_trace.LeaveGame 458 Info: 
Enter=>ID:150015 Money:107193190 '2019-05-16 18:07:46'
Match=>ID :150015 玩家消耗金额:-4320000 玩家赢取金额:+6090000 返还率:1.409722 单个最高的结算金额:1500000 从进入到退出之间的最大余额:108963190
Leave=>ID:150015 Money:108963190 '2019-05-16 18:09:06'
	ID:150015 翻牌统计: 攻击次数:29,击杀次数:0,免伤次数:0,空卡次数:3,宝箱次数:2,普通怪次数:23,Boss怪次数:1,消耗:1740000 收益:1830000 返回率:1.051724;
	ID:150015 BOXID:100	攻击次数:11,击杀次数:1,免伤次数:0,消耗:660000,收益:450000,单次最大盈利:450000 单次时间:2019-05-16 18:08:08;
	ID:150015 BOXID:101	攻击次数:11,击杀次数:0,免伤次数:0,消耗:660000,收益:0,单次最大盈利:0 单次时间:1970-01-01 08:00:00;
	ID:150015 BOXID:102	攻击次数:7,击杀次数:1,免伤次数:0,消耗:420000,收益:1380000,单次最大盈利:1380000 单次时间:2019-05-16 18:08:15;
	ID:150015 MONSTERID:301	攻击次数:5,免伤次数:0,击杀次数:2,消耗:300000,收益:150000,单次最大盈利:90000 单次时间:2019-05-16 18:08:21;
	ID:150015 MONSTERID:303	攻击次数:8,免伤次数:0,击杀次数:2,消耗:480000,收益:390000,单次最大盈利:210000 单次时间:2019-05-16 18:08:13;
	ID:150015 MONSTERID:305	攻击次数:9,免伤次数:0,击杀次数:2,消耗:540000,收益:480000,单次最大盈利:270000 单次时间:2019-05-16 18:08:11;
	ID:150015 MONSTERID:306	攻击次数:9,免伤次数:0,击杀次数:2,消耗:540000,收益:1140000,单次最大盈利:600000 单次时间:2019-05-16 18:08:19;
	ID:150015 MONSTERID:307	攻击次数:9,免伤次数:0,击杀次数:0,消耗:540000,收益:0,单次最大盈利:0 单次时间:1970-01-01 08:00:00;
	ID:150015 ALLMONSTERID 消耗:2400000,收益:2160000,返回率:0.900000;
	ID:150015 过敏源剧情 消耗:180000,收益:2100000,返回率:11.666667;
2019/05/16 18:18:26.573200 git.huoys.com/qp/cells/game_trace.polling 557 Info: log money polling....
	全局统计 翻牌统计: 攻击次数:29,击杀次数:0,免伤次数:0,空卡次数:3,宝箱次数:2,普通怪次数:23,Boss怪次数:1,消耗:1740000 收益:1830000 返回率:1.051724;
	全局统计 BOXID:100	攻击次数:11,击杀次数:1,免伤次数:0,消耗:660000,收益:450000,单次最大盈利:450000 单次时间:2019-05-16 18:18:26;
	全局统计 BOXID:101	攻击次数:11,击杀次数:0,免伤次数:0,消耗:660000,收益:0,单次最大盈利:0 单次时间:2019-05-16 18:18:26;
	全局统计 BOXID:102	攻击次数:7,击杀次数:1,免伤次数:0,消耗:420000,收益:1380000,单次最大盈利:1380000 单次时间:2019-05-16 18:18:26;
	全局统计 MONSTERID:300	攻击次数:0,免伤次数:0,击杀次数:0,消耗:0,收益:0,单次最大盈利:0 单次时间:2019-05-16 18:18:26;
	全局统计 MONSTERID:301	攻击次数:5,免伤次数:0,击杀次数:2,消耗:300000,收益:150000,单次最大盈利:90000 单次时间:2019-05-16 18:18:26;
	全局统计 MONSTERID:302	攻击次数:0,免伤次数:0,击杀次数:0,消耗:0,收益:0,单次最大盈利:0 单次时间:2019-05-16 18:18:26;
	全局统计 MONSTERID:303	攻击次数:8,免伤次数:0,击杀次数:2,消耗:480000,收益:390000,单次最大盈利:210000 单次时间:2019-05-16 18:18:26;
	全局统计 MONSTERID:304	攻击次数:0,免伤次数:0,击杀次数:0,消耗:0,收益:0,单次最大盈利:0 单次时间:2019-05-16 18:18:26;
	全局统计 MONSTERID:305	攻击次数:9,免伤次数:0,击杀次数:2,消耗:540000,收益:480000,单次最大盈利:270000 单次时间:2019-05-16 18:18:26;
	全局统计 MONSTERID:306	攻击次数:9,免伤次数:0,击杀次数:2,消耗:540000,收益:1140000,单次最大盈利:600000 单次时间:2019-05-16 18:18:26;
	全局统计 MONSTERID:307	攻击次数:9,免伤次数:0,击杀次数:0,消耗:540000,收益:0,单次最大盈利:0 单次时间:2019-05-16 18:18:26;
	全局统计 MONSTERID:311	攻击次数:0,免伤次数:0,击杀次数:0,消耗:0,收益:0,单次最大盈利:0 单次时间:2019-05-16 18:18:26;
	全局统计 MONSTERID:312	攻击次数:0,免伤次数:0,击杀次数:0,消耗:0,收益:0,单次最大盈利:0 单次时间:2019-05-16 18:18:26;
	全局统计 MONSTERID:313	攻击次数:0,免伤次数:0,击杀次数:0,消耗:0,收益:0,单次最大盈利:0 单次时间:2019-05-16 18:18:26;
	全局统计 MONSTERID:314	攻击次数:0,免伤次数:0,击杀次数:0,消耗:0,收益:0,单次最大盈利:0 单次时间:2019-05-16 18:18:26;
	全局统计 ALLMONSTERID 消耗:2400000,收益:2160000,返回率:0.900000;
	全局统计 过敏源剧情 消耗:180000,收益:2100000,返回率:11.666667;
	全局统计 总输赢:1770000 总消耗:-4320000 总收益:+6090000 总免伤次数:0 总免伤:0 返回率:1.409722 时间:2019-05-16_18_18_26
2019/05/16 18:18:55.377200 git.huoys.com/qp/cells/game_trace.LogSettle 473 Info: 	 单局结算 uid:150015 剩余金币:108963190 消耗:0 收益:0 写分增量:0 阵容变化:[201,202,200,],[201,202,200,],[201,202,200,], 
2019/05/16 18:18:55.408200 git.huoys.com/qp/cells/game_trace.LeaveGame 458 Info: 
Enter=>ID:150015 Money:108963190 '2019-05-16 18:18:53'
Match=>ID :150015 玩家消耗金额:-0 玩家赢取金额:+0 返还率:0.000000 单个最高的结算金额:0 从进入到退出之间的最大余额:108963190
Leave=>ID:150015 Money:108963190 '2019-05-16 18:18:55'
	ID:150015 翻牌统计: 攻击次数:0,击杀次数:0,免伤次数:0,空卡次数:0,宝箱次数:0,普通怪次数:0,Boss怪次数:0,消耗:0 收益:0 返回率:0.000000;
	ID:150015 ALLMONSTERID 消耗:0,收益:0,返回率:0.000000;
	ID:150015 过敏源剧情 消耗:0,收益:0,返回率:0.000000;
2019/05/16 18:27:53.359200 git.huoys.com/qp/cells/game_trace.LogSettle 473 Info: 	 单局结算 uid:150015 剩余金币:108963190 消耗:0 收益:0 写分增量:0 阵容变化: 
2019/05/16 18:27:53.420200 git.huoys.com/qp/cells/game_trace.LeaveGame 458 Info: 
Enter=>ID:150015 Money:108963190 '2019-05-16 18:27:49'
Match=>ID :150015 玩家消耗金额:-0 玩家赢取金额:+0 返还率:0.000000 单个最高的结算金额:0 从进入到退出之间的最大余额:108963190
Leave=>ID:150015 Money:108963190 '2019-05-16 18:27:53'
	ID:150015 翻牌统计: 攻击次数:0,击杀次数:0,免伤次数:0,空卡次数:0,宝箱次数:0,普通怪次数:0,Boss怪次数:0,消耗:0 收益:0 返回率:0.000000;
	ID:150015 ALLMONSTERID 消耗:0,收益:0,返回率:0.000000;
	ID:150015 过敏源剧情 消耗:0,收益:0,返回率:0.000000;
2019/05/16 18:32:10.182200 git.huoys.com/qp/cells/game_trace.LogSettle 473 Info: 	 单局结算 uid:150015 剩余金币:108963190 消耗:0 收益:0 写分增量:0 阵容变化: 
2019/05/16 18:32:10.279200 git.huoys.com/qp/cells/game_trace.LeaveGame 458 Info: 
Enter=>ID:150015 Money:108963190 '2019-05-16 18:31:48'
Match=>ID :150015 玩家消耗金额:-0 玩家赢取金额:+0 返还率:0.000000 单个最高的结算金额:0 从进入到退出之间的最大余额:108963190
Leave=>ID:150015 Money:108963190 '2019-05-16 18:32:10'
	ID:150015 翻牌统计: 攻击次数:0,击杀次数:0,免伤次数:0,空卡次数:0,宝箱次数:0,普通怪次数:0,Boss怪次数:0,消耗:0 收益:0 返回率:0.000000;
	ID:150015 ALLMONSTERID 消耗:0,收益:0,返回率:0.000000;
	ID:150015 过敏源剧情 消耗:0,收益:0,返回率:0.000000;
2019/05/16 18:40:07.686200 git.huoys.com/qp/cells/game_trace.LogSettle 473 Info: 	 单局结算 uid:150015 剩余金币:108963190 消耗:0 收益:0 写分增量:0 阵容变化: 
2019/05/16 18:40:07.775200 git.huoys.com/qp/cells/game_trace.LeaveGame 458 Info: 
Enter=>ID:150015 Money:108963190 '2019-05-16 18:40:03'
Match=>ID :150015 玩家消耗金额:-0 玩家赢取金额:+0 返还率:0.000000 单个最高的结算金额:0 从进入到退出之间的最大余额:108963190
Leave=>ID:150015 Money:108963190 '2019-05-16 18:40:07'
	ID:150015 翻牌统计: 攻击次数:0,击杀次数:0,免伤次数:0,空卡次数:0,宝箱次数:0,普通怪次数:0,Boss怪次数:0,消耗:0 收益:0 返回率:0.000000;
	ID:150015 ALLMONSTERID 消耗:0,收益:0,返回率:0.000000;
	ID:150015 过敏源剧情 消耗:0,收益:0,返回率:0.000000;
2019/05/16 18:48:26.640200 git.huoys.com/qp/cells/game_trace.polling 557 Info: log money polling....
	全局统计 翻牌统计: 攻击次数:0,击杀次数:0,免伤次数:0,空卡次数:0,宝箱次数:0,普通怪次数:0,Boss怪次数:0,消耗:0 收益:0 返回率:0.000000;
	全局统计 BOXID:100	攻击次数:0,击杀次数:0,免伤次数:0,消耗:0,收益:0,单次最大盈利:0 单次时间:2019-05-16 18:48:26;
	全局统计 BOXID:101	攻击次数:0,击杀次数:0,免伤次数:0,消耗:0,收益:0,单次最大盈利:0 单次时间:2019-05-16 18:48:26;
	全局统计 BOXID:102	攻击次数:0,击杀次数:0,免伤次数:0,消耗:0,收益:0,单次最大盈利:0 单次时间:2019-05-16 18:48:26;
	全局统计 MONSTERID:300	攻击次数:0,免伤次数:0,击杀次数:0,消耗:0,收益:0,单次最大盈利:0 单次时间:2019-05-16 18:48:26;
	全局统计 MONSTERID:301	攻击次数:0,免伤次数:0,击杀次数:0,消耗:0,收益:0,单次最大盈利:0 单次时间:2019-05-16 18:48:26;
	全局统计 MONSTERID:302	攻击次数:0,免伤次数:0,击杀次数:0,消耗:0,收益:0,单次最大盈利:0 单次时间:2019-05-16 18:48:26;
	全局统计 MONSTERID:303	攻击次数:0,免伤次数:0,击杀次数:0,消耗:0,收益:0,单次最大盈利:0 单次时间:2019-05-16 18:48:26;
	全局统计 MONSTERID:304	攻击次数:0,免伤次数:0,击杀次数:0,消耗:0,收益:0,单次最大盈利:0 单次时间:2019-05-16 18:48:26;
	全局统计 MONSTERID:305	攻击次数:0,免伤次数:0,击杀次数:0,消耗:0,收益:0,单次最大盈利:0 单次时间:2019-05-16 18:48:26;
	全局统计 MONSTERID:306	攻击次数:0,免伤次数:0,击杀次数:0,消耗:0,收益:0,单次最大盈利:0 单次时间:2019-05-16 18:48:26;
	全局统计 MONSTERID:307	攻击次数:0,免伤次数:0,击杀次数:0,消耗:0,收益:0,单次最大盈利:0 单次时间:2019-05-16 18:48:26;
	全局统计 MONSTERID:311	攻击次数:0,免伤次数:0,击杀次数:0,消耗:0,收益:0,单次最大盈利:0 单次时间:2019-05-16 18:48:26;
	全局统计 MONSTERID:312	攻击次数:0,免伤次数:0,击杀次数:0,消耗:0,收益:0,单次最大盈利:0 单次时间:2019-05-16 18:48:26;
	全局统计 MONSTERID:313	攻击次数:0,免伤次数:0,击杀次数:0,消耗:0,收益:0,单次最大盈利:0 单次时间:2019-05-16 18:48:26;
	全局统计 MONSTERID:314	攻击次数:0,免伤次数:0,击杀次数:0,消耗:0,收益:0,单次最大盈利:0 单次时间:2019-05-16 18:48:26;
	全局统计 ALLMONSTERID 消耗:0,收益:0,返回率:0.000000;
	全局统计 过敏源剧情 消耗:0,收益:0,返回率:0.000000;
	全局统计 总输赢:0 总消耗:-0 总收益:+0 总免伤次数:0 总免伤:0 返回率:0.000000 时间:2019-05-16_18_48_26
2019/05/16 18:59:12.634200 git.huoys.com/qp/cells/game_trace.LogSettle 473 Info: 	 单局结算 uid:150016 剩余金币:99997030 消耗:0 收益:0 写分增量:0 阵容变化:[201,200,],[201,200,], 
2019/05/16 18:59:12.706200 git.huoys.com/qp/cells/game_trace.LeaveGame 458 Info: 
Enter=>ID:150016 Money:99997030 '2019-05-16 18:58:57'
Match=>ID :150016 玩家消耗金额:-0 玩家赢取金额:+0 返还率:0.000000 单个最高的结算金额:0 从进入到退出之间的最大余额:99997030
Leave=>ID:150016 Money:99997030 '2019-05-16 18:59:12'
	ID:150016 翻牌统计: 攻击次数:0,击杀次数:0,免伤次数:0,空卡次数:0,宝箱次数:0,普通怪次数:0,Boss怪次数:0,消耗:0 收益:0 返回率:0.000000;
	ID:150016 ALLMONSTERID 消耗:0,收益:0,返回率:0.000000;
	ID:150016 过敏源剧情 消耗:0,收益:0,返回率:0.000000;
2019/05/16 19:00:06.284200 git.huoys.com/qp/cells/game_trace.LogSettle 473 Info: 	 单局结算 uid:150016 剩余金币:99997030 消耗:0 收益:0 写分增量:0 阵容变化:[201,200,],[201,200,], 
2019/05/16 19:00:06.369200 git.huoys.com/qp/cells/game_trace.LeaveGame 458 Info: 
Enter=>ID:150016 Money:99997030 '2019-05-16 18:59:39'
Match=>ID :150016 玩家消耗金额:-0 玩家赢取金额:+0 返还率:0.000000 单个最高的结算金额:0 从进入到退出之间的最大余额:99997030
Leave=>ID:150016 Money:99997030 '2019-05-16 19:00:06'
	ID:150016 翻牌统计: 攻击次数:0,击杀次数:0,免伤次数:0,空卡次数:0,宝箱次数:0,普通怪次数:0,Boss怪次数:0,消耗:0 收益:0 返回率:0.000000;
	ID:150016 ALLMONSTERID 消耗:0,收益:0,返回率:0.000000;
	ID:150016 过敏源剧情 消耗:0,收益:0,返回率:0.000000;
2019/05/16 19:18:26.652200 git.huoys.com/qp/cells/game_trace.polling 557 Info: log money polling....
	全局统计 翻牌统计: 攻击次数:0,击杀次数:0,免伤次数:0,空卡次数:0,宝箱次数:0,普通怪次数:0,Boss怪次数:0,消耗:0 收益:0 返回率:0.000000;
	全局统计 BOXID:100	攻击次数:0,击杀次数:0,免伤次数:0,消耗:0,收益:0,单次最大盈利:0 单次时间:2019-05-16 19:18:26;
	全局统计 BOXID:101	攻击次数:0,击杀次数:0,免伤次数:0,消耗:0,收益:0,单次最大盈利:0 单次时间:2019-05-16 19:18:26;
	全局统计 BOXID:102	攻击次数:0,击杀次数:0,免伤次数:0,消耗:0,收益:0,单次最大盈利:0 单次时间:2019-05-16 19:18:26;
	全局统计 MONSTERID:300	攻击次数:0,免伤次数:0,击杀次数:0,消耗:0,收益:0,单次最大盈利:0 单次时间:2019-05-16 19:18:26;
	全局统计 MONSTERID:301	攻击次数:0,免伤次数:0,击杀次数:0,消耗:0,收益:0,单次最大盈利:0 单次时间:2019-05-16 19:18:26;
	全局统计 MONSTERID:302	攻击次数:0,免伤次数:0,击杀次数:0,消耗:0,收益:0,单次最大盈利:0 单次时间:2019-05-16 19:18:26;
	全局统计 MONSTERID:303	攻击次数:0,免伤次数:0,击杀次数:0,消耗:0,收益:0,单次最大盈利:0 单次时间:2019-05-16 19:18:26;
	全局统计 MONSTERID:304	攻击次数:0,免伤次数:0,击杀次数:0,消耗:0,收益:0,单次最大盈利:0 单次时间:2019-05-16 19:18:26;
	全局统计 MONSTERID:305	攻击次数:0,免伤次数:0,击杀次数:0,消耗:0,收益:0,单次最大盈利:0 单次时间:2019-05-16 19:18:26;
	全局统计 MONSTERID:306	攻击次数:0,免伤次数:0,击杀次数:0,消耗:0,收益:0,单次最大盈利:0 单次时间:2019-05-16 19:18:26;
	全局统计 MONSTERID:307	攻击次数:0,免伤次数:0,击杀次数:0,消耗:0,收益:0,单次最大盈利:0 单次时间:2019-05-16 19:18:26;
	全局统计 MONSTERID:311	攻击次数:0,免伤次数:0,击杀次数:0,消耗:0,收益:0,单次最大盈利:0 单次时间:2019-05-16 19:18:26;
	全局统计 MONSTERID:312	攻击次数:0,免伤次数:0,击杀次数:0,消耗:0,收益:0,单次最大盈利:0 单次时间:2019-05-16 19:18:26;
	全局统计 MONSTERID:313	攻击次数:0,免伤次数:0,击杀次数:0,消耗:0,收益:0,单次最大盈利:0 单次时间:2019-05-16 19:18:26;
	全局统计 MONSTERID:314	攻击次数:0,免伤次数:0,击杀次数:0,消耗:0,收益:0,单次最大盈利:0 单次时间:2019-05-16 19:18:26;
	全局统计 ALLMONSTERID 消耗:0,收益:0,返回率:0.000000;
	全局统计 过敏源剧情 消耗:0,收益:0,返回率:0.000000;
	全局统计 总输赢:0 总消耗:-0 总收益:+0 总免伤次数:0 总免伤:0 返回率:0.000000 时间:2019-05-16_19_18_26
2019/05/16 19:39:57.698200 git.huoys.com/qp/cells/game_trace.LogSettle 473 Info: 	 单局结算 uid:150016 剩余金币:99997030 消耗:0 收益:0 写分增量:0 阵容变化: 
2019/05/16 19:39:57.732200 git.huoys.com/qp/cells/game_trace.LeaveGame 458 Info: 
Enter=>ID:150016 Money:99997030 '2019-05-16 19:39:42'
Match=>ID :150016 玩家消耗金额:-0 玩家赢取金额:+0 返还率:0.000000 单个最高的结算金额:0 从进入到退出之间的最大余额:99997030
Leave=>ID:150016 Money:99997030 '2019-05-16 19:39:57'
	ID:150016 翻牌统计: 攻击次数:0,击杀次数:0,免伤次数:0,空卡次数:0,宝箱次数:0,普通怪次数:0,Boss怪次数:0,消耗:0 收益:0 返回率:0.000000;
	ID:150016 ALLMONSTERID 消耗:0,收益:0,返回率:0.000000;
	ID:150016 过敏源剧情 消耗:0,收益:0,返回率:0.000000;
2019/05/16 19:40:49.865200 git.huoys.com/qp/cells/game_trace.LogSettle 473 Info: 	 单局结算 uid:150016 剩余金币:99997030 消耗:0 收益:0 写分增量:0 阵容变化:[201,200,],[201,200,], 
2019/05/16 19:40:49.935200 git.huoys.com/qp/cells/game_trace.LeaveGame 458 Info: 
Enter=>ID:150016 Money:99997030 '2019-05-16 19:40:36'
Match=>ID :150016 玩家消耗金额:-0 玩家赢取金额:+0 返还率:0.000000 单个最高的结算金额:0 从进入到退出之间的最大余额:99997030
Leave=>ID:150016 Money:99997030 '2019-05-16 19:40:49'
	ID:150016 翻牌统计: 攻击次数:0,击杀次数:0,免伤次数:0,空卡次数:0,宝箱次数:0,普通怪次数:0,Boss怪次数:0,消耗:0 收益:0 返回率:0.000000;
	ID:150016 ALLMONSTERID 消耗:0,收益:0,返回率:0.000000;
	ID:150016 过敏源剧情 消耗:0,收益:0,返回率:0.000000;
2019/05/16 19:48:26.726200 git.huoys.com/qp/cells/game_trace.polling 557 Info: log money polling....
	全局统计 翻牌统计: 攻击次数:0,击杀次数:0,免伤次数:0,空卡次数:0,宝箱次数:0,普通怪次数:0,Boss怪次数:0,消耗:0 收益:0 返回率:0.000000;
	全局统计 BOXID:100	攻击次数:0,击杀次数:0,免伤次数:0,消耗:0,收益:0,单次最大盈利:0 单次时间:2019-05-16 19:48:26;
	全局统计 BOXID:101	攻击次数:0,击杀次数:0,免伤次数:0,消耗:0,收益:0,单次最大盈利:0 单次时间:2019-05-16 19:48:26;
	全局统计 BOXID:102	攻击次数:0,击杀次数:0,免伤次数:0,消耗:0,收益:0,单次最大盈利:0 单次时间:2019-05-16 19:48:26;
	全局统计 MONSTERID:300	攻击次数:0,免伤次数:0,击杀次数:0,消耗:0,收益:0,单次最大盈利:0 单次时间:2019-05-16 19:48:26;
	全局统计 MONSTERID:301	攻击次数:0,免伤次数:0,击杀次数:0,消耗:0,收益:0,单次最大盈利:0 单次时间:2019-05-16 19:48:26;
	全局统计 MONSTERID:302	攻击次数:0,免伤次数:0,击杀次数:0,消耗:0,收益:0,单次最大盈利:0 单次时间:2019-05-16 19:48:26;
	全局统计 MONSTERID:303	攻击次数:0,免伤次数:0,击杀次数:0,消耗:0,收益:0,单次最大盈利:0 单次时间:2019-05-16 19:48:26;
	全局统计 MONSTERID:304	攻击次数:0,免伤次数:0,击杀次数:0,消耗:0,收益:0,单次最大盈利:0 单次时间:2019-05-16 19:48:26;
	全局统计 MONSTERID:305	攻击次数:0,免伤次数:0,击杀次数:0,消耗:0,收益:0,单次最大盈利:0 单次时间:2019-05-16 19:48:26;
	全局统计 MONSTERID:306	攻击次数:0,免伤次数:0,击杀次数:0,消耗:0,收益:0,单次最大盈利:0 单次时间:2019-05-16 19:48:26;
	全局统计 MONSTERID:307	攻击次数:0,免伤次数:0,击杀次数:0,消耗:0,收益:0,单次最大盈利:0 单次时间:2019-05-16 19:48:26;
	全局统计 MONSTERID:311	攻击次数:0,免伤次数:0,击杀次数:0,消耗:0,收益:0,单次最大盈利:0 单次时间:2019-05-16 19:48:26;
	全局统计 MONSTERID:312	攻击次数:0,免伤次数:0,击杀次数:0,消耗:0,收益:0,单次最大盈利:0 单次时间:2019-05-16 19:48:26;
	全局统计 MONSTERID:313	攻击次数:0,免伤次数:0,击杀次数:0,消耗:0,收益:0,单次最大盈利:0 单次时间:2019-05-16 19:48:26;
	全局统计 MONSTERID:314	攻击次数:0,免伤次数:0,击杀次数:0,消耗:0,收益:0,单次最大盈利:0 单次时间:2019-05-16 19:48:26;
	全局统计 ALLMONSTERID 消耗:0,收益:0,返回率:0.000000;
	全局统计 过敏源剧情 消耗:0,收益:0,返回率:0.000000;
	全局统计 总输赢:0 总消耗:-0 总收益:+0 总免伤次数:0 总免伤:0 返回率:0.000000 时间:2019-05-16_19_48_26
2019/05/16 20:18:26.758200 git.huoys.com/qp/cells/game_trace.polling 557 Info: log money polling....
	全局统计 翻牌统计: 攻击次数:0,击杀次数:0,免伤次数:0,空卡次数:0,宝箱次数:0,普通怪次数:0,Boss怪次数:0,消耗:0 收益:0 返回率:0.000000;
	全局统计 BOXID:100	攻击次数:0,击杀次数:0,免伤次数:0,消耗:0,收益:0,单次最大盈利:0 单次时间:2019-05-16 20:18:26;
	全局统计 BOXID:101	攻击次数:0,击杀次数:0,免伤次数:0,消耗:0,收益:0,单次最大盈利:0 单次时间:2019-05-16 20:18:26;
	全局统计 BOXID:102	攻击次数:0,击杀次数:0,免伤次数:0,消耗:0,收益:0,单次最大盈利:0 单次时间:2019-05-16 20:18:26;
	全局统计 MONSTERID:300	攻击次数:0,免伤次数:0,击杀次数:0,消耗:0,收益:0,单次最大盈利:0 单次时间:2019-05-16 20:18:26;
	全局统计 MONSTERID:301	攻击次数:0,免伤次数:0,击杀次数:0,消耗:0,收益:0,单次最大盈利:0 单次时间:2019-05-16 20:18:26;
	全局统计 MONSTERID:302	攻击次数:0,免伤次数:0,击杀次数:0,消耗:0,收益:0,单次最大盈利:0 单次时间:2019-05-16 20:18:26;
	全局统计 MONSTERID:303	攻击次数:0,免伤次数:0,击杀次数:0,消耗:0,收益:0,单次最大盈利:0 单次时间:2019-05-16 20:18:26;
	全局统计 MONSTERID:304	攻击次数:0,免伤次数:0,击杀次数:0,消耗:0,收益:0,单次最大盈利:0 单次时间:2019-05-16 20:18:26;
	全局统计 MONSTERID:305	攻击次数:0,免伤次数:0,击杀次数:0,消耗:0,收益:0,单次最大盈利:0 单次时间:2019-05-16 20:18:26;
	全局统计 MONSTERID:306	攻击次数:0,免伤次数:0,击杀次数:0,消耗:0,收益:0,单次最大盈利:0 单次时间:2019-05-16 20:18:26;
	全局统计 MONSTERID:307	攻击次数:0,免伤次数:0,击杀次数:0,消耗:0,收益:0,单次最大盈利:0 单次时间:2019-05-16 20:18:26;
	全局统计 MONSTERID:311	攻击次数:0,免伤次数:0,击杀次数:0,消耗:0,收益:0,单次最大盈利:0 单次时间:2019-05-16 20:18:26;
	全局统计 MONSTERID:312	攻击次数:0,免伤次数:0,击杀次数:0,消耗:0,收益:0,单次最大盈利:0 单次时间:2019-05-16 20:18:26;
	全局统计 MONSTERID:313	攻击次数:0,免伤次数:0,击杀次数:0,消耗:0,收益:0,单次最大盈利:0 单次时间:2019-05-16 20:18:26;
	全局统计 MONSTERID:314	攻击次数:0,免伤次数:0,击杀次数:0,消耗:0,收益:0,单次最大盈利:0 单次时间:2019-05-16 20:18:26;
	全局统计 ALLMONSTERID 消耗:0,收益:0,返回率:0.000000;
	全局统计 过敏源剧情 消耗:0,收益:0,返回率:0.000000;
	全局统计 总输赢:0 总消耗:-0 总收益:+0 总免伤次数:0 总免伤:0 返回率:0.000000 时间:2019-05-16_20_18_26
2019/05/16 20:22:39.540200 git.huoys.com/qp/cells/game_trace.LogSettle 473 Info: 	 单局结算 uid:150015 剩余金币:108963190 消耗:0 收益:0 写分增量:0 阵容变化:[201,202,200,],[201,202,200,],[201,202,200,], 
2019/05/16 20:22:39.614200 git.huoys.com/qp/cells/game_trace.LeaveGame 458 Info: 
Enter=>ID:150015 Money:108963190 '2019-05-16 20:22:23'
Match=>ID :150015 玩家消耗金额:-0 玩家赢取金额:+0 返还率:0.000000 单个最高的结算金额:0 从进入到退出之间的最大余额:108963190
Leave=>ID:150015 Money:108963190 '2019-05-16 20:22:39'
	ID:150015 翻牌统计: 攻击次数:0,击杀次数:0,免伤次数:0,空卡次数:0,宝箱次数:0,普通怪次数:0,Boss怪次数:0,消耗:0 收益:0 返回率:0.000000;
	ID:150015 ALLMONSTERID 消耗:0,收益:0,返回率:0.000000;
	ID:150015 过敏源剧情 消耗:0,收益:0,返回率:0.000000;
2019/05/16 20:48:26.795200 git.huoys.com/qp/cells/game_trace.polling 557 Info: log money polling....
	全局统计 翻牌统计: 攻击次数:0,击杀次数:0,免伤次数:0,空卡次数:0,宝箱次数:0,普通怪次数:0,Boss怪次数:0,消耗:0 收益:0 返回率:0.000000;
	全局统计 BOXID:100	攻击次数:0,击杀次数:0,免伤次数:0,消耗:0,收益:0,单次最大盈利:0 单次时间:2019-05-16 20:48:26;
	全局统计 BOXID:101	攻击次数:0,击杀次数:0,免伤次数:0,消耗:0,收益:0,单次最大盈利:0 单次时间:2019-05-16 20:48:26;
	全局统计 BOXID:102	攻击次数:0,击杀次数:0,免伤次数:0,消耗:0,收益:0,单次最大盈利:0 单次时间:2019-05-16 20:48:26;
	全局统计 MONSTERID:300	攻击次数:0,免伤次数:0,击杀次数:0,消耗:0,收益:0,单次最大盈利:0 单次时间:2019-05-16 20:48:26;
	全局统计 MONSTERID:301	攻击次数:0,免伤次数:0,击杀次数:0,消耗:0,收益:0,单次最大盈利:0 单次时间:2019-05-16 20:48:26;
	全局统计 MONSTERID:302	攻击次数:0,免伤次数:0,击杀次数:0,消耗:0,收益:0,单次最大盈利:0 单次时间:2019-05-16 20:48:26;
	全局统计 MONSTERID:303	攻击次数:0,免伤次数:0,击杀次数:0,消耗:0,收益:0,单次最大盈利:0 单次时间:2019-05-16 20:48:26;
	全局统计 MONSTERID:304	攻击次数:0,免伤次数:0,击杀次数:0,消耗:0,收益:0,单次最大盈利:0 单次时间:2019-05-16 20:48:26;
	全局统计 MONSTERID:305	攻击次数:0,免伤次数:0,击杀次数:0,消耗:0,收益:0,单次最大盈利:0 单次时间:2019-05-16 20:48:26;
	全局统计 MONSTERID:306	攻击次数:0,免伤次数:0,击杀次数:0,消耗:0,收益:0,单次最大盈利:0 单次时间:2019-05-16 20:48:26;
	全局统计 MONSTERID:307	攻击次数:0,免伤次数:0,击杀次数:0,消耗:0,收益:0,单次最大盈利:0 单次时间:2019-05-16 20:48:26;
	全局统计 MONSTERID:311	攻击次数:0,免伤次数:0,击杀次数:0,消耗:0,收益:0,单次最大盈利:0 单次时间:2019-05-16 20:48:26;
	全局统计 MONSTERID:312	攻击次数:0,免伤次数:0,击杀次数:0,消耗:0,收益:0,单次最大盈利:0 单次时间:2019-05-16 20:48:26;
	全局统计 MONSTERID:313	攻击次数:0,免伤次数:0,击杀次数:0,消耗:0,收益:0,单次最大盈利:0 单次时间:2019-05-16 20:48:26;
	全局统计 MONSTERID:314	攻击次数:0,免伤次数:0,击杀次数:0,消耗:0,收益:0,单次最大盈利:0 单次时间:2019-05-16 20:48:26;
	全局统计 ALLMONSTERID 消耗:0,收益:0,返回率:0.000000;
	全局统计 过敏源剧情 消耗:0,收益:0,返回率:0.000000;
	全局统计 总输赢:0 总消耗:-0 总收益:+0 总免伤次数:0 总免伤:0 返回率:0.000000 时间:2019-05-16_20_48_26
2019/05/16 21:18:26.867200 git.huoys.com/qp/cells/game_trace.polling 557 Info: log money polling....
	全局统计 翻牌统计: 攻击次数:0,击杀次数:0,免伤次数:0,空卡次数:0,宝箱次数:0,普通怪次数:0,Boss怪次数:0,消耗:0 收益:0 返回率:0.000000;
	全局统计 BOXID:100	攻击次数:0,击杀次数:0,免伤次数:0,消耗:0,收益:0,单次最大盈利:0 单次时间:2019-05-16 21:18:26;
	全局统计 BOXID:101	攻击次数:0,击杀次数:0,免伤次数:0,消耗:0,收益:0,单次最大盈利:0 单次时间:2019-05-16 21:18:26;
	全局统计 BOXID:102	攻击次数:0,击杀次数:0,免伤次数:0,消耗:0,收益:0,单次最大盈利:0 单次时间:2019-05-16 21:18:26;
	全局统计 MONSTERID:300	攻击次数:0,免伤次数:0,击杀次数:0,消耗:0,收益:0,单次最大盈利:0 单次时间:2019-05-16 21:18:26;
	全局统计 MONSTERID:301	攻击次数:0,免伤次数:0,击杀次数:0,消耗:0,收益:0,单次最大盈利:0 单次时间:2019-05-16 21:18:26;
	全局统计 MONSTERID:302	攻击次数:0,免伤次数:0,击杀次数:0,消耗:0,收益:0,单次最大盈利:0 单次时间:2019-05-16 21:18:26;
	全局统计 MONSTERID:303	攻击次数:0,免伤次数:0,击杀次数:0,消耗:0,收益:0,单次最大盈利:0 单次时间:2019-05-16 21:18:26;
	全局统计 MONSTERID:304	攻击次数:0,免伤次数:0,击杀次数:0,消耗:0,收益:0,单次最大盈利:0 单次时间:2019-05-16 21:18:26;
	全局统计 MONSTERID:305	攻击次数:0,免伤次数:0,击杀次数:0,消耗:0,收益:0,单次最大盈利:0 单次时间:2019-05-16 21:18:26;
	全局统计 MONSTERID:306	攻击次数:0,免伤次数:0,击杀次数:0,消耗:0,收益:0,单次最大盈利:0 单次时间:2019-05-16 21:18:26;
	全局统计 MONSTERID:307	攻击次数:0,免伤次数:0,击杀次数:0,消耗:0,收益:0,单次最大盈利:0 单次时间:2019-05-16 21:18:26;
	全局统计 MONSTERID:311	攻击次数:0,免伤次数:0,击杀次数:0,消耗:0,收益:0,单次最大盈利:0 单次时间:2019-05-16 21:18:26;
	全局统计 MONSTERID:312	攻击次数:0,免伤次数:0,击杀次数:0,消耗:0,收益:0,单次最大盈利:0 单次时间:2019-05-16 21:18:26;
	全局统计 MONSTERID:313	攻击次数:0,免伤次数:0,击杀次数:0,消耗:0,收益:0,单次最大盈利:0 单次时间:2019-05-16 21:18:26;
	全局统计 MONSTERID:314	攻击次数:0,免伤次数:0,击杀次数:0,消耗:0,收益:0,单次最大盈利:0 单次时间:2019-05-16 21:18:26;
	全局统计 ALLMONSTERID 消耗:0,收益:0,返回率:0.000000;
	全局统计 过敏源剧情 消耗:0,收益:0,返回率:0.000000;
	全局统计 总输赢:0 总消耗:-0 总收益:+0 总免伤次数:0 总免伤:0 返回率:0.000000 时间:2019-05-16_21_18_26
2019/05/16 21:48:26.879200 git.huoys.com/qp/cells/game_trace.polling 557 Info: log money polling....
	全局统计 翻牌统计: 攻击次数:0,击杀次数:0,免伤次数:0,空卡次数:0,宝箱次数:0,普通怪次数:0,Boss怪次数:0,消耗:0 收益:0 返回率:0.000000;
	全局统计 BOXID:100	攻击次数:0,击杀次数:0,免伤次数:0,消耗:0,收益:0,单次最大盈利:0 单次时间:2019-05-16 21:48:26;
	全局统计 BOXID:101	攻击次数:0,击杀次数:0,免伤次数:0,消耗:0,收益:0,单次最大盈利:0 单次时间:2019-05-16 21:48:26;
	全局统计 BOXID:102	攻击次数:0,击杀次数:0,免伤次数:0,消耗:0,收益:0,单次最大盈利:0 单次时间:2019-05-16 21:48:26;
	全局统计 MONSTERID:300	攻击次数:0,免伤次数:0,击杀次数:0,消耗:0,收益:0,单次最大盈利:0 单次时间:2019-05-16 21:48:26;
	全局统计 MONSTERID:301	攻击次数:0,免伤次数:0,击杀次数:0,消耗:0,收益:0,单次最大盈利:0 单次时间:2019-05-16 21:48:26;
	全局统计 MONSTERID:302	攻击次数:0,免伤次数:0,击杀次数:0,消耗:0,收益:0,单次最大盈利:0 单次时间:2019-05-16 21:48:26;
	全局统计 MONSTERID:303	攻击次数:0,免伤次数:0,击杀次数:0,消耗:0,收益:0,单次最大盈利:0 单次时间:2019-05-16 21:48:26;
	全局统计 MONSTERID:304	攻击次数:0,免伤次数:0,击杀次数:0,消耗:0,收益:0,单次最大盈利:0 单次时间:2019-05-16 21:48:26;
	全局统计 MONSTERID:305	攻击次数:0,免伤次数:0,击杀次数:0,消耗:0,收益:0,单次最大盈利:0 单次时间:2019-05-16 21:48:26;
	全局统计 MONSTERID:306	攻击次数:0,免伤次数:0,击杀次数:0,消耗:0,收益:0,单次最大盈利:0 单次时间:2019-05-16 21:48:26;
	全局统计 MONSTERID:307	攻击次数:0,免伤次数:0,击杀次数:0,消耗:0,收益:0,单次最大盈利:0 单次时间:2019-05-16 21:48:26;
	全局统计 MONSTERID:311	攻击次数:0,免伤次数:0,击杀次数:0,消耗:0,收益:0,单次最大盈利:0 单次时间:2019-05-16 21:48:26;
	全局统计 MONSTERID:312	攻击次数:0,免伤次数:0,击杀次数:0,消耗:0,收益:0,单次最大盈利:0 单次时间:2019-05-16 21:48:26;
	全局统计 MONSTERID:313	攻击次数:0,免伤次数:0,击杀次数:0,消耗:0,收益:0,单次最大盈利:0 单次时间:2019-05-16 21:48:26;
	全局统计 MONSTERID:314	攻击次数:0,免伤次数:0,击杀次数:0,消耗:0,收益:0,单次最大盈利:0 单次时间:2019-05-16 21:48:26;
	全局统计 ALLMONSTERID 消耗:0,收益:0,返回率:0.000000;
	全局统计 过敏源剧情 消耗:0,收益:0,返回率:0.000000;
	全局统计 总输赢:0 总消耗:-0 总收益:+0 总免伤次数:0 总免伤:0 返回率:0.000000 时间:2019-05-16_21_48_26
2019/05/16 22:18:26.881200 git.huoys.com/qp/cells/game_trace.polling 557 Info: log money polling....
	全局统计 翻牌统计: 攻击次数:0,击杀次数:0,免伤次数:0,空卡次数:0,宝箱次数:0,普通怪次数:0,Boss怪次数:0,消耗:0 收益:0 返回率:0.000000;
	全局统计 BOXID:100	攻击次数:0,击杀次数:0,免伤次数:0,消耗:0,收益:0,单次最大盈利:0 单次时间:2019-05-16 22:18:26;
	全局统计 BOXID:101	攻击次数:0,击杀次数:0,免伤次数:0,消耗:0,收益:0,单次最大盈利:0 单次时间:2019-05-16 22:18:26;
	全局统计 BOXID:102	攻击次数:0,击杀次数:0,免伤次数:0,消耗:0,收益:0,单次最大盈利:0 单次时间:2019-05-16 22:18:26;
	全局统计 MONSTERID:300	攻击次数:0,免伤次数:0,击杀次数:0,消耗:0,收益:0,单次最大盈利:0 单次时间:2019-05-16 22:18:26;
	全局统计 MONSTERID:301	攻击次数:0,免伤次数:0,击杀次数:0,消耗:0,收益:0,单次最大盈利:0 单次时间:2019-05-16 22:18:26;
	全局统计 MONSTERID:302	攻击次数:0,免伤次数:0,击杀次数:0,消耗:0,收益:0,单次最大盈利:0 单次时间:2019-05-16 22:18:26;
	全局统计 MONSTERID:303	攻击次数:0,免伤次数:0,击杀次数:0,消耗:0,收益:0,单次最大盈利:0 单次时间:2019-05-16 22:18:26;
	全局统计 MONSTERID:304	攻击次数:0,免伤次数:0,击杀次数:0,消耗:0,收益:0,单次最大盈利:0 单次时间:2019-05-16 22:18:26;
	全局统计 MONSTERID:305	攻击次数:0,免伤次数:0,击杀次数:0,消耗:0,收益:0,单次最大盈利:0 单次时间:2019-05-16 22:18:26;
	全局统计 MONSTERID:306	攻击次数:0,免伤次数:0,击杀次数:0,消耗:0,收益:0,单次最大盈利:0 单次时间:2019-05-16 22:18:26;
	全局统计 MONSTERID:307	攻击次数:0,免伤次数:0,击杀次数:0,消耗:0,收益:0,单次最大盈利:0 单次时间:2019-05-16 22:18:26;
	全局统计 MONSTERID:311	攻击次数:0,免伤次数:0,击杀次数:0,消耗:0,收益:0,单次最大盈利:0 单次时间:2019-05-16 22:18:26;
	全局统计 MONSTERID:312	攻击次数:0,免伤次数:0,击杀次数:0,消耗:0,收益:0,单次最大盈利:0 单次时间:2019-05-16 22:18:26;
	全局统计 MONSTERID:313	攻击次数:0,免伤次数:0,击杀次数:0,消耗:0,收益:0,单次最大盈利:0 单次时间:2019-05-16 22:18:26;
	全局统计 MONSTERID:314	攻击次数:0,免伤次数:0,击杀次数:0,消耗:0,收益:0,单次最大盈利:0 单次时间:2019-05-16 22:18:26;
	全局统计 ALLMONSTERID 消耗:0,收益:0,返回率:0.000000;
	全局统计 过敏源剧情 消耗:0,收益:0,返回率:0.000000;
	全局统计 总输赢:0 总消耗:-0 总收益:+0 总免伤次数:0 总免伤:0 返回率:0.000000 时间:2019-05-16_22_18_26
2019/05/16 22:48:26.897200 git.huoys.com/qp/cells/game_trace.polling 557 Info: log money polling....
	全局统计 翻牌统计: 攻击次数:0,击杀次数:0,免伤次数:0,空卡次数:0,宝箱次数:0,普通怪次数:0,Boss怪次数:0,消耗:0 收益:0 返回率:0.000000;
	全局统计 BOXID:100	攻击次数:0,击杀次数:0,免伤次数:0,消耗:0,收益:0,单次最大盈利:0 单次时间:2019-05-16 22:48:26;
	全局统计 BOXID:101	攻击次数:0,击杀次数:0,免伤次数:0,消耗:0,收益:0,单次最大盈利:0 单次时间:2019-05-16 22:48:26;
	全局统计 BOXID:102	攻击次数:0,击杀次数:0,免伤次数:0,消耗:0,收益:0,单次最大盈利:0 单次时间:2019-05-16 22:48:26;
	全局统计 MONSTERID:300	攻击次数:0,免伤次数:0,击杀次数:0,消耗:0,收益:0,单次最大盈利:0 单次时间:2019-05-16 22:48:26;
	全局统计 MONSTERID:301	攻击次数:0,免伤次数:0,击杀次数:0,消耗:0,收益:0,单次最大盈利:0 单次时间:2019-05-16 22:48:26;
	全局统计 MONSTERID:302	攻击次数:0,免伤次数:0,击杀次数:0,消耗:0,收益:0,单次最大盈利:0 单次时间:2019-05-16 22:48:26;
	全局统计 MONSTERID:303	攻击次数:0,免伤次数:0,击杀次数:0,消耗:0,收益:0,单次最大盈利:0 单次时间:2019-05-16 22:48:26;
	全局统计 MONSTERID:304	攻击次数:0,免伤次数:0,击杀次数:0,消耗:0,收益:0,单次最大盈利:0 单次时间:2019-05-16 22:48:26;
	全局统计 MONSTERID:305	攻击次数:0,免伤次数:0,击杀次数:0,消耗:0,收益:0,单次最大盈利:0 单次时间:2019-05-16 22:48:26;
	全局统计 MONSTERID:306	攻击次数:0,免伤次数:0,击杀次数:0,消耗:0,收益:0,单次最大盈利:0 单次时间:2019-05-16 22:48:26;
	全局统计 MONSTERID:307	攻击次数:0,免伤次数:0,击杀次数:0,消耗:0,收益:0,单次最大盈利:0 单次时间:2019-05-16 22:48:26;
	全局统计 MONSTERID:311	攻击次数:0,免伤次数:0,击杀次数:0,消耗:0,收益:0,单次最大盈利:0 单次时间:2019-05-16 22:48:26;
	全局统计 MONSTERID:312	攻击次数:0,免伤次数:0,击杀次数:0,消耗:0,收益:0,单次最大盈利:0 单次时间:2019-05-16 22:48:26;
	全局统计 MONSTERID:313	攻击次数:0,免伤次数:0,击杀次数:0,消耗:0,收益:0,单次最大盈利:0 单次时间:2019-05-16 22:48:26;
	全局统计 MONSTERID:314	攻击次数:0,免伤次数:0,击杀次数:0,消耗:0,收益:0,单次最大盈利:0 单次时间:2019-05-16 22:48:26;
	全局统计 ALLMONSTERID 消耗:0,收益:0,返回率:0.000000;
	全局统计 过敏源剧情 消耗:0,收益:0,返回率:0.000000;
	全局统计 总输赢:0 总消耗:-0 总收益:+0 总免伤次数:0 总免伤:0 返回率:0.000000 时间:2019-05-16_22_48_26
2019/05/16 23:18:26.933200 git.huoys.com/qp/cells/game_trace.polling 557 Info: log money polling....
	全局统计 翻牌统计: 攻击次数:0,击杀次数:0,免伤次数:0,空卡次数:0,宝箱次数:0,普通怪次数:0,Boss怪次数:0,消耗:0 收益:0 返回率:0.000000;
	全局统计 BOXID:100	攻击次数:0,击杀次数:0,免伤次数:0,消耗:0,收益:0,单次最大盈利:0 单次时间:2019-05-16 23:18:26;
	全局统计 BOXID:101	攻击次数:0,击杀次数:0,免伤次数:0,消耗:0,收益:0,单次最大盈利:0 单次时间:2019-05-16 23:18:26;
	全局统计 BOXID:102	攻击次数:0,击杀次数:0,免伤次数:0,消耗:0,收益:0,单次最大盈利:0 单次时间:2019-05-16 23:18:26;
	全局统计 MONSTERID:300	攻击次数:0,免伤次数:0,击杀次数:0,消耗:0,收益:0,单次最大盈利:0 单次时间:2019-05-16 23:18:26;
	全局统计 MONSTERID:301	攻击次数:0,免伤次数:0,击杀次数:0,消耗:0,收益:0,单次最大盈利:0 单次时间:2019-05-16 23:18:26;
	全局统计 MONSTERID:302	攻击次数:0,免伤次数:0,击杀次数:0,消耗:0,收益:0,单次最大盈利:0 单次时间:2019-05-16 23:18:26;
	全局统计 MONSTERID:303	攻击次数:0,免伤次数:0,击杀次数:0,消耗:0,收益:0,单次最大盈利:0 单次时间:2019-05-16 23:18:26;
	全局统计 MONSTERID:304	攻击次数:0,免伤次数:0,击杀次数:0,消耗:0,收益:0,单次最大盈利:0 单次时间:2019-05-16 23:18:26;
	全局统计 MONSTERID:305	攻击次数:0,免伤次数:0,击杀次数:0,消耗:0,收益:0,单次最大盈利:0 单次时间:2019-05-16 23:18:26;
	全局统计 MONSTERID:306	攻击次数:0,免伤次数:0,击杀次数:0,消耗:0,收益:0,单次最大盈利:0 单次时间:2019-05-16 23:18:26;
	全局统计 MONSTERID:307	攻击次数:0,免伤次数:0,击杀次数:0,消耗:0,收益:0,单次最大盈利:0 单次时间:2019-05-16 23:18:26;
	全局统计 MONSTERID:311	攻击次数:0,免伤次数:0,击杀次数:0,消耗:0,收益:0,单次最大盈利:0 单次时间:2019-05-16 23:18:26;
	全局统计 MONSTERID:312	攻击次数:0,免伤次数:0,击杀次数:0,消耗:0,收益:0,单次最大盈利:0 单次时间:2019-05-16 23:18:26;
	全局统计 MONSTERID:313	攻击次数:0,免伤次数:0,击杀次数:0,消耗:0,收益:0,单次最大盈利:0 单次时间:2019-05-16 23:18:26;
	全局统计 MONSTERID:314	攻击次数:0,免伤次数:0,击杀次数:0,消耗:0,收益:0,单次最大盈利:0 单次时间:2019-05-16 23:18:26;
	全局统计 ALLMONSTERID 消耗:0,收益:0,返回率:0.000000;
	全局统计 过敏源剧情 消耗:0,收益:0,返回率:0.000000;
	全局统计 总输赢:0 总消耗:-0 总收益:+0 总免伤次数:0 总免伤:0 返回率:0.000000 时间:2019-05-16_23_18_26
2019/05/16 23:48:26.951200 git.huoys.com/qp/cells/game_trace.polling 557 Info: log money polling....
	全局统计 翻牌统计: 攻击次数:0,击杀次数:0,免伤次数:0,空卡次数:0,宝箱次数:0,普通怪次数:0,Boss怪次数:0,消耗:0 收益:0 返回率:0.000000;
	全局统计 BOXID:100	攻击次数:0,击杀次数:0,免伤次数:0,消耗:0,收益:0,单次最大盈利:0 单次时间:2019-05-16 23:48:26;
	全局统计 BOXID:101	攻击次数:0,击杀次数:0,免伤次数:0,消耗:0,收益:0,单次最大盈利:0 单次时间:2019-05-16 23:48:26;
	全局统计 BOXID:102	攻击次数:0,击杀次数:0,免伤次数:0,消耗:0,收益:0,单次最大盈利:0 单次时间:2019-05-16 23:48:26;
	全局统计 MONSTERID:300	攻击次数:0,免伤次数:0,击杀次数:0,消耗:0,收益:0,单次最大盈利:0 单次时间:2019-05-16 23:48:26;
	全局统计 MONSTERID:301	攻击次数:0,免伤次数:0,击杀次数:0,消耗:0,收益:0,单次最大盈利:0 单次时间:2019-05-16 23:48:26;
	全局统计 MONSTERID:302	攻击次数:0,免伤次数:0,击杀次数:0,消耗:0,收益:0,单次最大盈利:0 单次时间:2019-05-16 23:48:26;
	全局统计 MONSTERID:303	攻击次数:0,免伤次数:0,击杀次数:0,消耗:0,收益:0,单次最大盈利:0 单次时间:2019-05-16 23:48:26;
	全局统计 MONSTERID:304	攻击次数:0,免伤次数:0,击杀次数:0,消耗:0,收益:0,单次最大盈利:0 单次时间:2019-05-16 23:48:26;
	全局统计 MONSTERID:305	攻击次数:0,免伤次数:0,击杀次数:0,消耗:0,收益:0,单次最大盈利:0 单次时间:2019-05-16 23:48:26;
	全局统计 MONSTERID:306	攻击次数:0,免伤次数:0,击杀次数:0,消耗:0,收益:0,单次最大盈利:0 单次时间:2019-05-16 23:48:26;
	全局统计 MONSTERID:307	攻击次数:0,免伤次数:0,击杀次数:0,消耗:0,收益:0,单次最大盈利:0 单次时间:2019-05-16 23:48:26;
	全局统计 MONSTERID:311	攻击次数:0,免伤次数:0,击杀次数:0,消耗:0,收益:0,单次最大盈利:0 单次时间:2019-05-16 23:48:26;
	全局统计 MONSTERID:312	攻击次数:0,免伤次数:0,击杀次数:0,消耗:0,收益:0,单次最大盈利:0 单次时间:2019-05-16 23:48:26;
	全局统计 MONSTERID:313	攻击次数:0,免伤次数:0,击杀次数:0,消耗:0,收益:0,单次最大盈利:0 单次时间:2019-05-16 23:48:26;
	全局统计 MONSTERID:314	攻击次数:0,免伤次数:0,击杀次数:0,消耗:0,收益:0,单次最大盈利:0 单次时间:2019-05-16 23:48:26;
	全局统计 ALLMONSTERID 消耗:0,收益:0,返回率:0.000000;
	全局统计 过敏源剧情 消耗:0,收益:0,返回率:0.000000;
	全局统计 总输赢:0 总消耗:-0 总收益:+0 总免伤次数:0 总免伤:0 返回率:0.000000 时间:2019-05-16_23_48_26
