2019/05/29 18:05:13.669000 git.huoys.com/qp/cells/game_trace.polling 597 Info: log money polling....
	全局统计 翻牌统计: 攻击次数:0,击杀次数:0,免伤次数:0,空卡次数:0,宝箱次数:0,普通怪次数:0,Boss怪次数:0,消耗:0 收益:0 返回率:0.000000;
	全局统计 ALLMONSTERID 消耗:0,收益:0,返回率:0.000000;
	全局统计 过敏源剧情 消耗:0,收益:0,返回率:0.000000;
	全局统计 小丑剧情 消耗:0,收益:0,返回率:0.000000;
	全局统计 总输赢:0 总消耗:-0 总收益:+0 总免伤次数:0 总免伤:0 返回率:0.000000 时间:2019-05-29_18_05_13
2019/05/29 18:06:58.574000 git.huoys.com/qp/cells/module/room/logic/storysys/clown.(*Clown).CalcSettle 318 Info: Clown Settle uid:150016  reward:550 levemoney:103123210 2019-05-29_18_06_58
2019/05/29 18:07:11.005000 git.huoys.com/qp/cells/game_trace.LogSettle 504 Info: 	 单局结算 uid:150016 剩余金币:103123190 消耗:7020 收益:5460 写分增量:-1560 阵容变化:[201,200,202,],[201,200,202,],[201,200,202,],[201,200,202,],[201,200,202,],[201,200,202,], 
2019/05/29 18:07:12.070000 git.huoys.com/qp/cells/game_trace.LeaveGame 489 Info: 
Enter=>ID:150016 Money:103124750 '2019-05-29 18:05:25'
Match=>ID :150016 玩家消耗金额:-7020 玩家赢取金额:+5460 返还率:0.777778 单个最高的结算金额:700 从进入到退出之间的最大余额:103124750
Leave=>ID:150016 Money:103123190 '2019-05-29 18:07:12'
	ID:150016 翻牌统计: 攻击次数:123,击杀次数:0,免伤次数:0,空卡次数:27,宝箱次数:11,普通怪次数:83,Boss怪次数:2,消耗:2460 收益:1740 返回率:0.707317;
	ID:150016 BOXID:100	攻击次数:55,击杀次数:9,免伤次数:0,消耗:1100,收益:1310,单次最大盈利:200 单次时间:2019-05-29 18:06:36;
	ID:150016 BOXID:101	攻击次数:49,击杀次数:2,免伤次数:0,消耗:980,收益:430,单次最大盈利:220 单次时间:2019-05-29 18:06:24;
	ID:150016 BOXID:102	攻击次数:19,击杀次数:0,免伤次数:0,消耗:380,收益:0,单次最大盈利:0 单次时间:1970-01-01 08:00:00;
	ID:150016 MONSTERID:300	攻击次数:4,免伤次数:0,击杀次数:4,消耗:80,收益:110,单次最大盈利:30 单次时间:2019-05-29 18:05:41;
	ID:150016 MONSTERID:301	攻击次数:3,免伤次数:0,击杀次数:3,消耗:60,收益:100,单次最大盈利:40 单次时间:2019-05-29 18:05:38;
	ID:150016 MONSTERID:302	攻击次数:3,免伤次数:0,击杀次数:1,消耗:60,收益:30,单次最大盈利:30 单次时间:2019-05-29 18:05:39;
	ID:150016 MONSTERID:303	攻击次数:9,免伤次数:0,击杀次数:2,消耗:180,收益:80,单次最大盈利:60 单次时间:2019-05-29 18:05:35;
	ID:150016 MONSTERID:304	攻击次数:19,免伤次数:0,击杀次数:5,消耗:380,收益:330,单次最大盈利:80 单次时间:2019-05-29 18:06:22;
	ID:150016 MONSTERID:305	攻击次数:3,免伤次数:0,击杀次数:1,消耗:60,收益:40,单次最大盈利:40 单次时间:2019-05-29 18:06:24;
	ID:150016 MONSTERID:306	攻击次数:48,免伤次数:0,击杀次数:3,消耗:960,收益:450,单次最大盈利:190 单次时间:2019-05-29 18:06:34;
	ID:150016 MONSTERID:307	攻击次数:39,免伤次数:0,击杀次数:6,消耗:780,收益:940,单次最大盈利:200 单次时间:2019-05-29 18:06:02;
	ID:150016 MONSTERID:312	攻击次数:30,免伤次数:1,击杀次数:1,消耗:600,收益:700,单次最大盈利:700 单次时间:2019-05-29 18:05:52;
	ID:150016 MONSTERID:313	攻击次数:42,免伤次数:0,击杀次数:1,消耗:840,收益:390,单次最大盈利:390 单次时间:2019-05-29 18:06:19;
	ID:150016 MONSTERID:401	攻击次数:5,免伤次数:0,击杀次数:0,消耗:100,收益:0,单次最大盈利:0 单次时间:1970-01-01 08:00:00;
	ID:150016 ALLMONSTERID 消耗:4100,收益:3170,返回率:0.773171;
	ID:150016 过敏源剧情 消耗:460,收益:0,返回率:0.000000;
	ID:150016 过敏源剧情 消耗:100,收益:550,返回率:5.500000;
