2019/06/01 00:12:17.098000 git.huoys.com/qp/cells/game_trace.polling 600 Info: log money polling....
	全局统计 翻牌统计: 攻击次数:0,击杀次数:0,免伤次数:0,空卡次数:0,宝箱次数:0,普通怪次数:0,Boss怪次数:0,消耗:0 收益:0 返回率:0.000000;
	全局统计 BOXID:100	攻击次数:0,击杀次数:0,免伤次数:0,消耗:0,收益:0,单次最大盈利:0 单次时间:2019-06-01 00:12:17;
	全局统计 BOXID:101	攻击次数:0,击杀次数:0,免伤次数:0,消耗:0,收益:0,单次最大盈利:0 单次时间:2019-06-01 00:12:17;
	全局统计 BOXID:102	攻击次数:0,击杀次数:0,免伤次数:0,消耗:0,收益:0,单次最大盈利:0 单次时间:2019-06-01 00:12:17;
	全局统计 MONSTERID:300	攻击次数:0,免伤次数:0,击杀次数:0,消耗:0,收益:0,单次最大盈利:0 单次时间:2019-06-01 00:12:17;
	全局统计 MONSTERID:301	攻击次数:0,免伤次数:0,击杀次数:0,消耗:0,收益:0,单次最大盈利:0 单次时间:2019-06-01 00:12:17;
	全局统计 MONSTERID:302	攻击次数:0,免伤次数:0,击杀次数:0,消耗:0,收益:0,单次最大盈利:0 单次时间:2019-06-01 00:12:17;
	全局统计 MONSTERID:303	攻击次数:0,免伤次数:0,击杀次数:0,消耗:0,收益:0,单次最大盈利:0 单次时间:2019-06-01 00:12:17;
	全局统计 MONSTERID:304	攻击次数:0,免伤次数:0,击杀次数:0,消耗:0,收益:0,单次最大盈利:0 单次时间:2019-06-01 00:12:17;
	全局统计 MONSTERID:305	攻击次数:0,免伤次数:0,击杀次数:0,消耗:0,收益:0,单次最大盈利:0 单次时间:2019-06-01 00:12:17;
	全局统计 MONSTERID:306	攻击次数:0,免伤次数:0,击杀次数:0,消耗:0,收益:0,单次最大盈利:0 单次时间:2019-06-01 00:12:17;
	全局统计 MONSTERID:307	攻击次数:0,免伤次数:0,击杀次数:0,消耗:0,收益:0,单次最大盈利:0 单次时间:2019-06-01 00:12:17;
	全局统计 MONSTERID:311	攻击次数:0,免伤次数:0,击杀次数:0,消耗:0,收益:0,单次最大盈利:0 单次时间:2019-06-01 00:12:17;
	全局统计 MONSTERID:312	攻击次数:0,免伤次数:0,击杀次数:0,消耗:0,收益:0,单次最大盈利:0 单次时间:2019-06-01 00:12:17;
	全局统计 MONSTERID:313	攻击次数:0,免伤次数:0,击杀次数:0,消耗:0,收益:0,单次最大盈利:0 单次时间:2019-06-01 00:12:17;
	全局统计 MONSTERID:315	攻击次数:0,免伤次数:0,击杀次数:0,消耗:0,收益:0,单次最大盈利:0 单次时间:2019-06-01 00:12:17;
	全局统计 MONSTERID:401	攻击次数:0,免伤次数:0,击杀次数:0,消耗:0,收益:0,单次最大盈利:0 单次时间:2019-06-01 00:12:17;
	全局统计 MONSTERID:402	攻击次数:0,免伤次数:0,击杀次数:0,消耗:0,收益:0,单次最大盈利:0 单次时间:2019-06-01 00:12:17;
	全局统计 MONSTERID:403	攻击次数:0,免伤次数:0,击杀次数:0,消耗:0,收益:0,单次最大盈利:0 单次时间:2019-06-01 00:12:17;
	全局统计 ALLMONSTERID 消耗:0,收益:0,返回率:0.000000;
	全局统计 过敏源剧情 消耗:0,收益:0,返回率:0.000000;
	全局统计 小丑剧情 消耗:0,收益:0,返回率:0.000000;
	全局统计 总输赢:0 总消耗:-0 总收益:+0 总免伤次数:0 总免伤:0 返回率:0.000000 时间:2019-06-01_00_12_17
2019/06/01 00:42:17.161000 git.huoys.com/qp/cells/game_trace.polling 600 Info: log money polling....
	全局统计 翻牌统计: 攻击次数:0,击杀次数:0,免伤次数:0,空卡次数:0,宝箱次数:0,普通怪次数:0,Boss怪次数:0,消耗:0 收益:0 返回率:0.000000;
	全局统计 BOXID:100	攻击次数:0,击杀次数:0,免伤次数:0,消耗:0,收益:0,单次最大盈利:0 单次时间:2019-06-01 00:42:17;
	全局统计 BOXID:101	攻击次数:0,击杀次数:0,免伤次数:0,消耗:0,收益:0,单次最大盈利:0 单次时间:2019-06-01 00:42:17;
	全局统计 BOXID:102	攻击次数:0,击杀次数:0,免伤次数:0,消耗:0,收益:0,单次最大盈利:0 单次时间:2019-06-01 00:42:17;
	全局统计 MONSTERID:300	攻击次数:0,免伤次数:0,击杀次数:0,消耗:0,收益:0,单次最大盈利:0 单次时间:2019-06-01 00:42:17;
	全局统计 MONSTERID:301	攻击次数:0,免伤次数:0,击杀次数:0,消耗:0,收益:0,单次最大盈利:0 单次时间:2019-06-01 00:42:17;
	全局统计 MONSTERID:302	攻击次数:0,免伤次数:0,击杀次数:0,消耗:0,收益:0,单次最大盈利:0 单次时间:2019-06-01 00:42:17;
	全局统计 MONSTERID:303	攻击次数:0,免伤次数:0,击杀次数:0,消耗:0,收益:0,单次最大盈利:0 单次时间:2019-06-01 00:42:17;
	全局统计 MONSTERID:304	攻击次数:0,免伤次数:0,击杀次数:0,消耗:0,收益:0,单次最大盈利:0 单次时间:2019-06-01 00:42:17;
	全局统计 MONSTERID:305	攻击次数:0,免伤次数:0,击杀次数:0,消耗:0,收益:0,单次最大盈利:0 单次时间:2019-06-01 00:42:17;
	全局统计 MONSTERID:306	攻击次数:0,免伤次数:0,击杀次数:0,消耗:0,收益:0,单次最大盈利:0 单次时间:2019-06-01 00:42:17;
	全局统计 MONSTERID:307	攻击次数:0,免伤次数:0,击杀次数:0,消耗:0,收益:0,单次最大盈利:0 单次时间:2019-06-01 00:42:17;
	全局统计 MONSTERID:311	攻击次数:0,免伤次数:0,击杀次数:0,消耗:0,收益:0,单次最大盈利:0 单次时间:2019-06-01 00:42:17;
	全局统计 MONSTERID:312	攻击次数:0,免伤次数:0,击杀次数:0,消耗:0,收益:0,单次最大盈利:0 单次时间:2019-06-01 00:42:17;
	全局统计 MONSTERID:313	攻击次数:0,免伤次数:0,击杀次数:0,消耗:0,收益:0,单次最大盈利:0 单次时间:2019-06-01 00:42:17;
	全局统计 MONSTERID:315	攻击次数:0,免伤次数:0,击杀次数:0,消耗:0,收益:0,单次最大盈利:0 单次时间:2019-06-01 00:42:17;
	全局统计 MONSTERID:401	攻击次数:0,免伤次数:0,击杀次数:0,消耗:0,收益:0,单次最大盈利:0 单次时间:2019-06-01 00:42:17;
	全局统计 MONSTERID:402	攻击次数:0,免伤次数:0,击杀次数:0,消耗:0,收益:0,单次最大盈利:0 单次时间:2019-06-01 00:42:17;
	全局统计 MONSTERID:403	攻击次数:0,免伤次数:0,击杀次数:0,消耗:0,收益:0,单次最大盈利:0 单次时间:2019-06-01 00:42:17;
	全局统计 ALLMONSTERID 消耗:0,收益:0,返回率:0.000000;
	全局统计 过敏源剧情 消耗:0,收益:0,返回率:0.000000;
	全局统计 小丑剧情 消耗:0,收益:0,返回率:0.000000;
	全局统计 总输赢:0 总消耗:-0 总收益:+0 总免伤次数:0 总免伤:0 返回率:0.000000 时间:2019-06-01_00_42_17
2019/06/01 01:12:17.182000 git.huoys.com/qp/cells/game_trace.polling 600 Info: log money polling....
	全局统计 翻牌统计: 攻击次数:0,击杀次数:0,免伤次数:0,空卡次数:0,宝箱次数:0,普通怪次数:0,Boss怪次数:0,消耗:0 收益:0 返回率:0.000000;
	全局统计 BOXID:100	攻击次数:0,击杀次数:0,免伤次数:0,消耗:0,收益:0,单次最大盈利:0 单次时间:2019-06-01 01:12:17;
	全局统计 BOXID:101	攻击次数:0,击杀次数:0,免伤次数:0,消耗:0,收益:0,单次最大盈利:0 单次时间:2019-06-01 01:12:17;
	全局统计 BOXID:102	攻击次数:0,击杀次数:0,免伤次数:0,消耗:0,收益:0,单次最大盈利:0 单次时间:2019-06-01 01:12:17;
	全局统计 MONSTERID:300	攻击次数:0,免伤次数:0,击杀次数:0,消耗:0,收益:0,单次最大盈利:0 单次时间:2019-06-01 01:12:17;
	全局统计 MONSTERID:301	攻击次数:0,免伤次数:0,击杀次数:0,消耗:0,收益:0,单次最大盈利:0 单次时间:2019-06-01 01:12:17;
	全局统计 MONSTERID:302	攻击次数:0,免伤次数:0,击杀次数:0,消耗:0,收益:0,单次最大盈利:0 单次时间:2019-06-01 01:12:17;
	全局统计 MONSTERID:303	攻击次数:0,免伤次数:0,击杀次数:0,消耗:0,收益:0,单次最大盈利:0 单次时间:2019-06-01 01:12:17;
	全局统计 MONSTERID:304	攻击次数:0,免伤次数:0,击杀次数:0,消耗:0,收益:0,单次最大盈利:0 单次时间:2019-06-01 01:12:17;
	全局统计 MONSTERID:305	攻击次数:0,免伤次数:0,击杀次数:0,消耗:0,收益:0,单次最大盈利:0 单次时间:2019-06-01 01:12:17;
	全局统计 MONSTERID:306	攻击次数:0,免伤次数:0,击杀次数:0,消耗:0,收益:0,单次最大盈利:0 单次时间:2019-06-01 01:12:17;
	全局统计 MONSTERID:307	攻击次数:0,免伤次数:0,击杀次数:0,消耗:0,收益:0,单次最大盈利:0 单次时间:2019-06-01 01:12:17;
	全局统计 MONSTERID:311	攻击次数:0,免伤次数:0,击杀次数:0,消耗:0,收益:0,单次最大盈利:0 单次时间:2019-06-01 01:12:17;
	全局统计 MONSTERID:312	攻击次数:0,免伤次数:0,击杀次数:0,消耗:0,收益:0,单次最大盈利:0 单次时间:2019-06-01 01:12:17;
	全局统计 MONSTERID:313	攻击次数:0,免伤次数:0,击杀次数:0,消耗:0,收益:0,单次最大盈利:0 单次时间:2019-06-01 01:12:17;
	全局统计 MONSTERID:315	攻击次数:0,免伤次数:0,击杀次数:0,消耗:0,收益:0,单次最大盈利:0 单次时间:2019-06-01 01:12:17;
	全局统计 MONSTERID:401	攻击次数:0,免伤次数:0,击杀次数:0,消耗:0,收益:0,单次最大盈利:0 单次时间:2019-06-01 01:12:17;
	全局统计 MONSTERID:402	攻击次数:0,免伤次数:0,击杀次数:0,消耗:0,收益:0,单次最大盈利:0 单次时间:2019-06-01 01:12:17;
	全局统计 MONSTERID:403	攻击次数:0,免伤次数:0,击杀次数:0,消耗:0,收益:0,单次最大盈利:0 单次时间:2019-06-01 01:12:17;
	全局统计 ALLMONSTERID 消耗:0,收益:0,返回率:0.000000;
	全局统计 过敏源剧情 消耗:0,收益:0,返回率:0.000000;
	全局统计 小丑剧情 消耗:0,收益:0,返回率:0.000000;
	全局统计 总输赢:0 总消耗:-0 总收益:+0 总免伤次数:0 总免伤:0 返回率:0.000000 时间:2019-06-01_01_12_17
2019/06/01 01:42:17.202000 git.huoys.com/qp/cells/game_trace.polling 600 Info: log money polling....
	全局统计 翻牌统计: 攻击次数:0,击杀次数:0,免伤次数:0,空卡次数:0,宝箱次数:0,普通怪次数:0,Boss怪次数:0,消耗:0 收益:0 返回率:0.000000;
	全局统计 BOXID:100	攻击次数:0,击杀次数:0,免伤次数:0,消耗:0,收益:0,单次最大盈利:0 单次时间:2019-06-01 01:42:17;
	全局统计 BOXID:101	攻击次数:0,击杀次数:0,免伤次数:0,消耗:0,收益:0,单次最大盈利:0 单次时间:2019-06-01 01:42:17;
	全局统计 BOXID:102	攻击次数:0,击杀次数:0,免伤次数:0,消耗:0,收益:0,单次最大盈利:0 单次时间:2019-06-01 01:42:17;
	全局统计 MONSTERID:300	攻击次数:0,免伤次数:0,击杀次数:0,消耗:0,收益:0,单次最大盈利:0 单次时间:2019-06-01 01:42:17;
	全局统计 MONSTERID:301	攻击次数:0,免伤次数:0,击杀次数:0,消耗:0,收益:0,单次最大盈利:0 单次时间:2019-06-01 01:42:17;
	全局统计 MONSTERID:302	攻击次数:0,免伤次数:0,击杀次数:0,消耗:0,收益:0,单次最大盈利:0 单次时间:2019-06-01 01:42:17;
	全局统计 MONSTERID:303	攻击次数:0,免伤次数:0,击杀次数:0,消耗:0,收益:0,单次最大盈利:0 单次时间:2019-06-01 01:42:17;
	全局统计 MONSTERID:304	攻击次数:0,免伤次数:0,击杀次数:0,消耗:0,收益:0,单次最大盈利:0 单次时间:2019-06-01 01:42:17;
	全局统计 MONSTERID:305	攻击次数:0,免伤次数:0,击杀次数:0,消耗:0,收益:0,单次最大盈利:0 单次时间:2019-06-01 01:42:17;
	全局统计 MONSTERID:306	攻击次数:0,免伤次数:0,击杀次数:0,消耗:0,收益:0,单次最大盈利:0 单次时间:2019-06-01 01:42:17;
	全局统计 MONSTERID:307	攻击次数:0,免伤次数:0,击杀次数:0,消耗:0,收益:0,单次最大盈利:0 单次时间:2019-06-01 01:42:17;
	全局统计 MONSTERID:311	攻击次数:0,免伤次数:0,击杀次数:0,消耗:0,收益:0,单次最大盈利:0 单次时间:2019-06-01 01:42:17;
	全局统计 MONSTERID:312	攻击次数:0,免伤次数:0,击杀次数:0,消耗:0,收益:0,单次最大盈利:0 单次时间:2019-06-01 01:42:17;
	全局统计 MONSTERID:313	攻击次数:0,免伤次数:0,击杀次数:0,消耗:0,收益:0,单次最大盈利:0 单次时间:2019-06-01 01:42:17;
	全局统计 MONSTERID:315	攻击次数:0,免伤次数:0,击杀次数:0,消耗:0,收益:0,单次最大盈利:0 单次时间:2019-06-01 01:42:17;
	全局统计 MONSTERID:401	攻击次数:0,免伤次数:0,击杀次数:0,消耗:0,收益:0,单次最大盈利:0 单次时间:2019-06-01 01:42:17;
	全局统计 MONSTERID:402	攻击次数:0,免伤次数:0,击杀次数:0,消耗:0,收益:0,单次最大盈利:0 单次时间:2019-06-01 01:42:17;
	全局统计 MONSTERID:403	攻击次数:0,免伤次数:0,击杀次数:0,消耗:0,收益:0,单次最大盈利:0 单次时间:2019-06-01 01:42:17;
	全局统计 ALLMONSTERID 消耗:0,收益:0,返回率:0.000000;
	全局统计 过敏源剧情 消耗:0,收益:0,返回率:0.000000;
	全局统计 小丑剧情 消耗:0,收益:0,返回率:0.000000;
	全局统计 总输赢:0 总消耗:-0 总收益:+0 总免伤次数:0 总免伤:0 返回率:0.000000 时间:2019-06-01_01_42_17
2019/06/01 02:12:17.248000 git.huoys.com/qp/cells/game_trace.polling 600 Info: log money polling....
	全局统计 翻牌统计: 攻击次数:0,击杀次数:0,免伤次数:0,空卡次数:0,宝箱次数:0,普通怪次数:0,Boss怪次数:0,消耗:0 收益:0 返回率:0.000000;
	全局统计 BOXID:100	攻击次数:0,击杀次数:0,免伤次数:0,消耗:0,收益:0,单次最大盈利:0 单次时间:2019-06-01 02:12:17;
	全局统计 BOXID:101	攻击次数:0,击杀次数:0,免伤次数:0,消耗:0,收益:0,单次最大盈利:0 单次时间:2019-06-01 02:12:17;
	全局统计 BOXID:102	攻击次数:0,击杀次数:0,免伤次数:0,消耗:0,收益:0,单次最大盈利:0 单次时间:2019-06-01 02:12:17;
	全局统计 MONSTERID:300	攻击次数:0,免伤次数:0,击杀次数:0,消耗:0,收益:0,单次最大盈利:0 单次时间:2019-06-01 02:12:17;
	全局统计 MONSTERID:301	攻击次数:0,免伤次数:0,击杀次数:0,消耗:0,收益:0,单次最大盈利:0 单次时间:2019-06-01 02:12:17;
	全局统计 MONSTERID:302	攻击次数:0,免伤次数:0,击杀次数:0,消耗:0,收益:0,单次最大盈利:0 单次时间:2019-06-01 02:12:17;
	全局统计 MONSTERID:303	攻击次数:0,免伤次数:0,击杀次数:0,消耗:0,收益:0,单次最大盈利:0 单次时间:2019-06-01 02:12:17;
	全局统计 MONSTERID:304	攻击次数:0,免伤次数:0,击杀次数:0,消耗:0,收益:0,单次最大盈利:0 单次时间:2019-06-01 02:12:17;
	全局统计 MONSTERID:305	攻击次数:0,免伤次数:0,击杀次数:0,消耗:0,收益:0,单次最大盈利:0 单次时间:2019-06-01 02:12:17;
	全局统计 MONSTERID:306	攻击次数:0,免伤次数:0,击杀次数:0,消耗:0,收益:0,单次最大盈利:0 单次时间:2019-06-01 02:12:17;
	全局统计 MONSTERID:307	攻击次数:0,免伤次数:0,击杀次数:0,消耗:0,收益:0,单次最大盈利:0 单次时间:2019-06-01 02:12:17;
	全局统计 MONSTERID:311	攻击次数:0,免伤次数:0,击杀次数:0,消耗:0,收益:0,单次最大盈利:0 单次时间:2019-06-01 02:12:17;
	全局统计 MONSTERID:312	攻击次数:0,免伤次数:0,击杀次数:0,消耗:0,收益:0,单次最大盈利:0 单次时间:2019-06-01 02:12:17;
	全局统计 MONSTERID:313	攻击次数:0,免伤次数:0,击杀次数:0,消耗:0,收益:0,单次最大盈利:0 单次时间:2019-06-01 02:12:17;
	全局统计 MONSTERID:315	攻击次数:0,免伤次数:0,击杀次数:0,消耗:0,收益:0,单次最大盈利:0 单次时间:2019-06-01 02:12:17;
	全局统计 MONSTERID:401	攻击次数:0,免伤次数:0,击杀次数:0,消耗:0,收益:0,单次最大盈利:0 单次时间:2019-06-01 02:12:17;
	全局统计 MONSTERID:402	攻击次数:0,免伤次数:0,击杀次数:0,消耗:0,收益:0,单次最大盈利:0 单次时间:2019-06-01 02:12:17;
	全局统计 MONSTERID:403	攻击次数:0,免伤次数:0,击杀次数:0,消耗:0,收益:0,单次最大盈利:0 单次时间:2019-06-01 02:12:17;
	全局统计 ALLMONSTERID 消耗:0,收益:0,返回率:0.000000;
	全局统计 过敏源剧情 消耗:0,收益:0,返回率:0.000000;
	全局统计 小丑剧情 消耗:0,收益:0,返回率:0.000000;
	全局统计 总输赢:0 总消耗:-0 总收益:+0 总免伤次数:0 总免伤:0 返回率:0.000000 时间:2019-06-01_02_12_17
2019/06/01 02:42:17.271000 git.huoys.com/qp/cells/game_trace.polling 600 Info: log money polling....
	全局统计 翻牌统计: 攻击次数:0,击杀次数:0,免伤次数:0,空卡次数:0,宝箱次数:0,普通怪次数:0,Boss怪次数:0,消耗:0 收益:0 返回率:0.000000;
	全局统计 BOXID:100	攻击次数:0,击杀次数:0,免伤次数:0,消耗:0,收益:0,单次最大盈利:0 单次时间:2019-06-01 02:42:17;
	全局统计 BOXID:101	攻击次数:0,击杀次数:0,免伤次数:0,消耗:0,收益:0,单次最大盈利:0 单次时间:2019-06-01 02:42:17;
	全局统计 BOXID:102	攻击次数:0,击杀次数:0,免伤次数:0,消耗:0,收益:0,单次最大盈利:0 单次时间:2019-06-01 02:42:17;
	全局统计 MONSTERID:300	攻击次数:0,免伤次数:0,击杀次数:0,消耗:0,收益:0,单次最大盈利:0 单次时间:2019-06-01 02:42:17;
	全局统计 MONSTERID:301	攻击次数:0,免伤次数:0,击杀次数:0,消耗:0,收益:0,单次最大盈利:0 单次时间:2019-06-01 02:42:17;
	全局统计 MONSTERID:302	攻击次数:0,免伤次数:0,击杀次数:0,消耗:0,收益:0,单次最大盈利:0 单次时间:2019-06-01 02:42:17;
	全局统计 MONSTERID:303	攻击次数:0,免伤次数:0,击杀次数:0,消耗:0,收益:0,单次最大盈利:0 单次时间:2019-06-01 02:42:17;
	全局统计 MONSTERID:304	攻击次数:0,免伤次数:0,击杀次数:0,消耗:0,收益:0,单次最大盈利:0 单次时间:2019-06-01 02:42:17;
	全局统计 MONSTERID:305	攻击次数:0,免伤次数:0,击杀次数:0,消耗:0,收益:0,单次最大盈利:0 单次时间:2019-06-01 02:42:17;
	全局统计 MONSTERID:306	攻击次数:0,免伤次数:0,击杀次数:0,消耗:0,收益:0,单次最大盈利:0 单次时间:2019-06-01 02:42:17;
	全局统计 MONSTERID:307	攻击次数:0,免伤次数:0,击杀次数:0,消耗:0,收益:0,单次最大盈利:0 单次时间:2019-06-01 02:42:17;
	全局统计 MONSTERID:311	攻击次数:0,免伤次数:0,击杀次数:0,消耗:0,收益:0,单次最大盈利:0 单次时间:2019-06-01 02:42:17;
	全局统计 MONSTERID:312	攻击次数:0,免伤次数:0,击杀次数:0,消耗:0,收益:0,单次最大盈利:0 单次时间:2019-06-01 02:42:17;
	全局统计 MONSTERID:313	攻击次数:0,免伤次数:0,击杀次数:0,消耗:0,收益:0,单次最大盈利:0 单次时间:2019-06-01 02:42:17;
	全局统计 MONSTERID:315	攻击次数:0,免伤次数:0,击杀次数:0,消耗:0,收益:0,单次最大盈利:0 单次时间:2019-06-01 02:42:17;
	全局统计 MONSTERID:401	攻击次数:0,免伤次数:0,击杀次数:0,消耗:0,收益:0,单次最大盈利:0 单次时间:2019-06-01 02:42:17;
	全局统计 MONSTERID:402	攻击次数:0,免伤次数:0,击杀次数:0,消耗:0,收益:0,单次最大盈利:0 单次时间:2019-06-01 02:42:17;
	全局统计 MONSTERID:403	攻击次数:0,免伤次数:0,击杀次数:0,消耗:0,收益:0,单次最大盈利:0 单次时间:2019-06-01 02:42:17;
	全局统计 ALLMONSTERID 消耗:0,收益:0,返回率:0.000000;
	全局统计 过敏源剧情 消耗:0,收益:0,返回率:0.000000;
	全局统计 小丑剧情 消耗:0,收益:0,返回率:0.000000;
	全局统计 总输赢:0 总消耗:-0 总收益:+0 总免伤次数:0 总免伤:0 返回率:0.000000 时间:2019-06-01_02_42_17
2019/06/01 03:12:17.315000 git.huoys.com/qp/cells/game_trace.polling 600 Info: log money polling....
	全局统计 翻牌统计: 攻击次数:0,击杀次数:0,免伤次数:0,空卡次数:0,宝箱次数:0,普通怪次数:0,Boss怪次数:0,消耗:0 收益:0 返回率:0.000000;
	全局统计 BOXID:100	攻击次数:0,击杀次数:0,免伤次数:0,消耗:0,收益:0,单次最大盈利:0 单次时间:2019-06-01 03:12:17;
	全局统计 BOXID:101	攻击次数:0,击杀次数:0,免伤次数:0,消耗:0,收益:0,单次最大盈利:0 单次时间:2019-06-01 03:12:17;
	全局统计 BOXID:102	攻击次数:0,击杀次数:0,免伤次数:0,消耗:0,收益:0,单次最大盈利:0 单次时间:2019-06-01 03:12:17;
	全局统计 MONSTERID:300	攻击次数:0,免伤次数:0,击杀次数:0,消耗:0,收益:0,单次最大盈利:0 单次时间:2019-06-01 03:12:17;
	全局统计 MONSTERID:301	攻击次数:0,免伤次数:0,击杀次数:0,消耗:0,收益:0,单次最大盈利:0 单次时间:2019-06-01 03:12:17;
	全局统计 MONSTERID:302	攻击次数:0,免伤次数:0,击杀次数:0,消耗:0,收益:0,单次最大盈利:0 单次时间:2019-06-01 03:12:17;
	全局统计 MONSTERID:303	攻击次数:0,免伤次数:0,击杀次数:0,消耗:0,收益:0,单次最大盈利:0 单次时间:2019-06-01 03:12:17;
	全局统计 MONSTERID:304	攻击次数:0,免伤次数:0,击杀次数:0,消耗:0,收益:0,单次最大盈利:0 单次时间:2019-06-01 03:12:17;
	全局统计 MONSTERID:305	攻击次数:0,免伤次数:0,击杀次数:0,消耗:0,收益:0,单次最大盈利:0 单次时间:2019-06-01 03:12:17;
	全局统计 MONSTERID:306	攻击次数:0,免伤次数:0,击杀次数:0,消耗:0,收益:0,单次最大盈利:0 单次时间:2019-06-01 03:12:17;
	全局统计 MONSTERID:307	攻击次数:0,免伤次数:0,击杀次数:0,消耗:0,收益:0,单次最大盈利:0 单次时间:2019-06-01 03:12:17;
	全局统计 MONSTERID:311	攻击次数:0,免伤次数:0,击杀次数:0,消耗:0,收益:0,单次最大盈利:0 单次时间:2019-06-01 03:12:17;
	全局统计 MONSTERID:312	攻击次数:0,免伤次数:0,击杀次数:0,消耗:0,收益:0,单次最大盈利:0 单次时间:2019-06-01 03:12:17;
	全局统计 MONSTERID:313	攻击次数:0,免伤次数:0,击杀次数:0,消耗:0,收益:0,单次最大盈利:0 单次时间:2019-06-01 03:12:17;
	全局统计 MONSTERID:315	攻击次数:0,免伤次数:0,击杀次数:0,消耗:0,收益:0,单次最大盈利:0 单次时间:2019-06-01 03:12:17;
	全局统计 MONSTERID:401	攻击次数:0,免伤次数:0,击杀次数:0,消耗:0,收益:0,单次最大盈利:0 单次时间:2019-06-01 03:12:17;
	全局统计 MONSTERID:402	攻击次数:0,免伤次数:0,击杀次数:0,消耗:0,收益:0,单次最大盈利:0 单次时间:2019-06-01 03:12:17;
	全局统计 MONSTERID:403	攻击次数:0,免伤次数:0,击杀次数:0,消耗:0,收益:0,单次最大盈利:0 单次时间:2019-06-01 03:12:17;
	全局统计 ALLMONSTERID 消耗:0,收益:0,返回率:0.000000;
	全局统计 过敏源剧情 消耗:0,收益:0,返回率:0.000000;
	全局统计 小丑剧情 消耗:0,收益:0,返回率:0.000000;
	全局统计 总输赢:0 总消耗:-0 总收益:+0 总免伤次数:0 总免伤:0 返回率:0.000000 时间:2019-06-01_03_12_17
2019/06/01 03:42:17.328000 git.huoys.com/qp/cells/game_trace.polling 600 Info: log money polling....
	全局统计 翻牌统计: 攻击次数:0,击杀次数:0,免伤次数:0,空卡次数:0,宝箱次数:0,普通怪次数:0,Boss怪次数:0,消耗:0 收益:0 返回率:0.000000;
	全局统计 BOXID:100	攻击次数:0,击杀次数:0,免伤次数:0,消耗:0,收益:0,单次最大盈利:0 单次时间:2019-06-01 03:42:17;
	全局统计 BOXID:101	攻击次数:0,击杀次数:0,免伤次数:0,消耗:0,收益:0,单次最大盈利:0 单次时间:2019-06-01 03:42:17;
	全局统计 BOXID:102	攻击次数:0,击杀次数:0,免伤次数:0,消耗:0,收益:0,单次最大盈利:0 单次时间:2019-06-01 03:42:17;
	全局统计 MONSTERID:300	攻击次数:0,免伤次数:0,击杀次数:0,消耗:0,收益:0,单次最大盈利:0 单次时间:2019-06-01 03:42:17;
	全局统计 MONSTERID:301	攻击次数:0,免伤次数:0,击杀次数:0,消耗:0,收益:0,单次最大盈利:0 单次时间:2019-06-01 03:42:17;
	全局统计 MONSTERID:302	攻击次数:0,免伤次数:0,击杀次数:0,消耗:0,收益:0,单次最大盈利:0 单次时间:2019-06-01 03:42:17;
	全局统计 MONSTERID:303	攻击次数:0,免伤次数:0,击杀次数:0,消耗:0,收益:0,单次最大盈利:0 单次时间:2019-06-01 03:42:17;
	全局统计 MONSTERID:304	攻击次数:0,免伤次数:0,击杀次数:0,消耗:0,收益:0,单次最大盈利:0 单次时间:2019-06-01 03:42:17;
	全局统计 MONSTERID:305	攻击次数:0,免伤次数:0,击杀次数:0,消耗:0,收益:0,单次最大盈利:0 单次时间:2019-06-01 03:42:17;
	全局统计 MONSTERID:306	攻击次数:0,免伤次数:0,击杀次数:0,消耗:0,收益:0,单次最大盈利:0 单次时间:2019-06-01 03:42:17;
	全局统计 MONSTERID:307	攻击次数:0,免伤次数:0,击杀次数:0,消耗:0,收益:0,单次最大盈利:0 单次时间:2019-06-01 03:42:17;
	全局统计 MONSTERID:311	攻击次数:0,免伤次数:0,击杀次数:0,消耗:0,收益:0,单次最大盈利:0 单次时间:2019-06-01 03:42:17;
	全局统计 MONSTERID:312	攻击次数:0,免伤次数:0,击杀次数:0,消耗:0,收益:0,单次最大盈利:0 单次时间:2019-06-01 03:42:17;
	全局统计 MONSTERID:313	攻击次数:0,免伤次数:0,击杀次数:0,消耗:0,收益:0,单次最大盈利:0 单次时间:2019-06-01 03:42:17;
	全局统计 MONSTERID:315	攻击次数:0,免伤次数:0,击杀次数:0,消耗:0,收益:0,单次最大盈利:0 单次时间:2019-06-01 03:42:17;
	全局统计 MONSTERID:401	攻击次数:0,免伤次数:0,击杀次数:0,消耗:0,收益:0,单次最大盈利:0 单次时间:2019-06-01 03:42:17;
	全局统计 MONSTERID:402	攻击次数:0,免伤次数:0,击杀次数:0,消耗:0,收益:0,单次最大盈利:0 单次时间:2019-06-01 03:42:17;
	全局统计 MONSTERID:403	攻击次数:0,免伤次数:0,击杀次数:0,消耗:0,收益:0,单次最大盈利:0 单次时间:2019-06-01 03:42:17;
	全局统计 ALLMONSTERID 消耗:0,收益:0,返回率:0.000000;
	全局统计 过敏源剧情 消耗:0,收益:0,返回率:0.000000;
	全局统计 小丑剧情 消耗:0,收益:0,返回率:0.000000;
	全局统计 总输赢:0 总消耗:-0 总收益:+0 总免伤次数:0 总免伤:0 返回率:0.000000 时间:2019-06-01_03_42_17
2019/06/01 04:12:17.365000 git.huoys.com/qp/cells/game_trace.polling 600 Info: log money polling....
	全局统计 翻牌统计: 攻击次数:0,击杀次数:0,免伤次数:0,空卡次数:0,宝箱次数:0,普通怪次数:0,Boss怪次数:0,消耗:0 收益:0 返回率:0.000000;
	全局统计 BOXID:100	攻击次数:0,击杀次数:0,免伤次数:0,消耗:0,收益:0,单次最大盈利:0 单次时间:2019-06-01 04:12:17;
	全局统计 BOXID:101	攻击次数:0,击杀次数:0,免伤次数:0,消耗:0,收益:0,单次最大盈利:0 单次时间:2019-06-01 04:12:17;
	全局统计 BOXID:102	攻击次数:0,击杀次数:0,免伤次数:0,消耗:0,收益:0,单次最大盈利:0 单次时间:2019-06-01 04:12:17;
	全局统计 MONSTERID:300	攻击次数:0,免伤次数:0,击杀次数:0,消耗:0,收益:0,单次最大盈利:0 单次时间:2019-06-01 04:12:17;
	全局统计 MONSTERID:301	攻击次数:0,免伤次数:0,击杀次数:0,消耗:0,收益:0,单次最大盈利:0 单次时间:2019-06-01 04:12:17;
	全局统计 MONSTERID:302	攻击次数:0,免伤次数:0,击杀次数:0,消耗:0,收益:0,单次最大盈利:0 单次时间:2019-06-01 04:12:17;
	全局统计 MONSTERID:303	攻击次数:0,免伤次数:0,击杀次数:0,消耗:0,收益:0,单次最大盈利:0 单次时间:2019-06-01 04:12:17;
	全局统计 MONSTERID:304	攻击次数:0,免伤次数:0,击杀次数:0,消耗:0,收益:0,单次最大盈利:0 单次时间:2019-06-01 04:12:17;
	全局统计 MONSTERID:305	攻击次数:0,免伤次数:0,击杀次数:0,消耗:0,收益:0,单次最大盈利:0 单次时间:2019-06-01 04:12:17;
	全局统计 MONSTERID:306	攻击次数:0,免伤次数:0,击杀次数:0,消耗:0,收益:0,单次最大盈利:0 单次时间:2019-06-01 04:12:17;
	全局统计 MONSTERID:307	攻击次数:0,免伤次数:0,击杀次数:0,消耗:0,收益:0,单次最大盈利:0 单次时间:2019-06-01 04:12:17;
	全局统计 MONSTERID:311	攻击次数:0,免伤次数:0,击杀次数:0,消耗:0,收益:0,单次最大盈利:0 单次时间:2019-06-01 04:12:17;
	全局统计 MONSTERID:312	攻击次数:0,免伤次数:0,击杀次数:0,消耗:0,收益:0,单次最大盈利:0 单次时间:2019-06-01 04:12:17;
	全局统计 MONSTERID:313	攻击次数:0,免伤次数:0,击杀次数:0,消耗:0,收益:0,单次最大盈利:0 单次时间:2019-06-01 04:12:17;
	全局统计 MONSTERID:315	攻击次数:0,免伤次数:0,击杀次数:0,消耗:0,收益:0,单次最大盈利:0 单次时间:2019-06-01 04:12:17;
	全局统计 MONSTERID:401	攻击次数:0,免伤次数:0,击杀次数:0,消耗:0,收益:0,单次最大盈利:0 单次时间:2019-06-01 04:12:17;
	全局统计 MONSTERID:402	攻击次数:0,免伤次数:0,击杀次数:0,消耗:0,收益:0,单次最大盈利:0 单次时间:2019-06-01 04:12:17;
	全局统计 MONSTERID:403	攻击次数:0,免伤次数:0,击杀次数:0,消耗:0,收益:0,单次最大盈利:0 单次时间:2019-06-01 04:12:17;
	全局统计 ALLMONSTERID 消耗:0,收益:0,返回率:0.000000;
	全局统计 过敏源剧情 消耗:0,收益:0,返回率:0.000000;
	全局统计 小丑剧情 消耗:0,收益:0,返回率:0.000000;
	全局统计 总输赢:0 总消耗:-0 总收益:+0 总免伤次数:0 总免伤:0 返回率:0.000000 时间:2019-06-01_04_12_17
2019/06/01 04:42:17.388000 git.huoys.com/qp/cells/game_trace.polling 600 Info: log money polling....
	全局统计 翻牌统计: 攻击次数:0,击杀次数:0,免伤次数:0,空卡次数:0,宝箱次数:0,普通怪次数:0,Boss怪次数:0,消耗:0 收益:0 返回率:0.000000;
	全局统计 BOXID:100	攻击次数:0,击杀次数:0,免伤次数:0,消耗:0,收益:0,单次最大盈利:0 单次时间:2019-06-01 04:42:17;
	全局统计 BOXID:101	攻击次数:0,击杀次数:0,免伤次数:0,消耗:0,收益:0,单次最大盈利:0 单次时间:2019-06-01 04:42:17;
	全局统计 BOXID:102	攻击次数:0,击杀次数:0,免伤次数:0,消耗:0,收益:0,单次最大盈利:0 单次时间:2019-06-01 04:42:17;
	全局统计 MONSTERID:300	攻击次数:0,免伤次数:0,击杀次数:0,消耗:0,收益:0,单次最大盈利:0 单次时间:2019-06-01 04:42:17;
	全局统计 MONSTERID:301	攻击次数:0,免伤次数:0,击杀次数:0,消耗:0,收益:0,单次最大盈利:0 单次时间:2019-06-01 04:42:17;
	全局统计 MONSTERID:302	攻击次数:0,免伤次数:0,击杀次数:0,消耗:0,收益:0,单次最大盈利:0 单次时间:2019-06-01 04:42:17;
	全局统计 MONSTERID:303	攻击次数:0,免伤次数:0,击杀次数:0,消耗:0,收益:0,单次最大盈利:0 单次时间:2019-06-01 04:42:17;
	全局统计 MONSTERID:304	攻击次数:0,免伤次数:0,击杀次数:0,消耗:0,收益:0,单次最大盈利:0 单次时间:2019-06-01 04:42:17;
	全局统计 MONSTERID:305	攻击次数:0,免伤次数:0,击杀次数:0,消耗:0,收益:0,单次最大盈利:0 单次时间:2019-06-01 04:42:17;
	全局统计 MONSTERID:306	攻击次数:0,免伤次数:0,击杀次数:0,消耗:0,收益:0,单次最大盈利:0 单次时间:2019-06-01 04:42:17;
	全局统计 MONSTERID:307	攻击次数:0,免伤次数:0,击杀次数:0,消耗:0,收益:0,单次最大盈利:0 单次时间:2019-06-01 04:42:17;
	全局统计 MONSTERID:311	攻击次数:0,免伤次数:0,击杀次数:0,消耗:0,收益:0,单次最大盈利:0 单次时间:2019-06-01 04:42:17;
	全局统计 MONSTERID:312	攻击次数:0,免伤次数:0,击杀次数:0,消耗:0,收益:0,单次最大盈利:0 单次时间:2019-06-01 04:42:17;
	全局统计 MONSTERID:313	攻击次数:0,免伤次数:0,击杀次数:0,消耗:0,收益:0,单次最大盈利:0 单次时间:2019-06-01 04:42:17;
	全局统计 MONSTERID:315	攻击次数:0,免伤次数:0,击杀次数:0,消耗:0,收益:0,单次最大盈利:0 单次时间:2019-06-01 04:42:17;
	全局统计 MONSTERID:401	攻击次数:0,免伤次数:0,击杀次数:0,消耗:0,收益:0,单次最大盈利:0 单次时间:2019-06-01 04:42:17;
	全局统计 MONSTERID:402	攻击次数:0,免伤次数:0,击杀次数:0,消耗:0,收益:0,单次最大盈利:0 单次时间:2019-06-01 04:42:17;
	全局统计 MONSTERID:403	攻击次数:0,免伤次数:0,击杀次数:0,消耗:0,收益:0,单次最大盈利:0 单次时间:2019-06-01 04:42:17;
	全局统计 ALLMONSTERID 消耗:0,收益:0,返回率:0.000000;
	全局统计 过敏源剧情 消耗:0,收益:0,返回率:0.000000;
	全局统计 小丑剧情 消耗:0,收益:0,返回率:0.000000;
	全局统计 总输赢:0 总消耗:-0 总收益:+0 总免伤次数:0 总免伤:0 返回率:0.000000 时间:2019-06-01_04_42_17
2019/06/01 05:12:17.391000 git.huoys.com/qp/cells/game_trace.polling 600 Info: log money polling....
	全局统计 翻牌统计: 攻击次数:0,击杀次数:0,免伤次数:0,空卡次数:0,宝箱次数:0,普通怪次数:0,Boss怪次数:0,消耗:0 收益:0 返回率:0.000000;
	全局统计 BOXID:100	攻击次数:0,击杀次数:0,免伤次数:0,消耗:0,收益:0,单次最大盈利:0 单次时间:2019-06-01 05:12:17;
	全局统计 BOXID:101	攻击次数:0,击杀次数:0,免伤次数:0,消耗:0,收益:0,单次最大盈利:0 单次时间:2019-06-01 05:12:17;
	全局统计 BOXID:102	攻击次数:0,击杀次数:0,免伤次数:0,消耗:0,收益:0,单次最大盈利:0 单次时间:2019-06-01 05:12:17;
	全局统计 MONSTERID:300	攻击次数:0,免伤次数:0,击杀次数:0,消耗:0,收益:0,单次最大盈利:0 单次时间:2019-06-01 05:12:17;
	全局统计 MONSTERID:301	攻击次数:0,免伤次数:0,击杀次数:0,消耗:0,收益:0,单次最大盈利:0 单次时间:2019-06-01 05:12:17;
	全局统计 MONSTERID:302	攻击次数:0,免伤次数:0,击杀次数:0,消耗:0,收益:0,单次最大盈利:0 单次时间:2019-06-01 05:12:17;
	全局统计 MONSTERID:303	攻击次数:0,免伤次数:0,击杀次数:0,消耗:0,收益:0,单次最大盈利:0 单次时间:2019-06-01 05:12:17;
	全局统计 MONSTERID:304	攻击次数:0,免伤次数:0,击杀次数:0,消耗:0,收益:0,单次最大盈利:0 单次时间:2019-06-01 05:12:17;
	全局统计 MONSTERID:305	攻击次数:0,免伤次数:0,击杀次数:0,消耗:0,收益:0,单次最大盈利:0 单次时间:2019-06-01 05:12:17;
	全局统计 MONSTERID:306	攻击次数:0,免伤次数:0,击杀次数:0,消耗:0,收益:0,单次最大盈利:0 单次时间:2019-06-01 05:12:17;
	全局统计 MONSTERID:307	攻击次数:0,免伤次数:0,击杀次数:0,消耗:0,收益:0,单次最大盈利:0 单次时间:2019-06-01 05:12:17;
	全局统计 MONSTERID:311	攻击次数:0,免伤次数:0,击杀次数:0,消耗:0,收益:0,单次最大盈利:0 单次时间:2019-06-01 05:12:17;
	全局统计 MONSTERID:312	攻击次数:0,免伤次数:0,击杀次数:0,消耗:0,收益:0,单次最大盈利:0 单次时间:2019-06-01 05:12:17;
	全局统计 MONSTERID:313	攻击次数:0,免伤次数:0,击杀次数:0,消耗:0,收益:0,单次最大盈利:0 单次时间:2019-06-01 05:12:17;
	全局统计 MONSTERID:315	攻击次数:0,免伤次数:0,击杀次数:0,消耗:0,收益:0,单次最大盈利:0 单次时间:2019-06-01 05:12:17;
	全局统计 MONSTERID:401	攻击次数:0,免伤次数:0,击杀次数:0,消耗:0,收益:0,单次最大盈利:0 单次时间:2019-06-01 05:12:17;
	全局统计 MONSTERID:402	攻击次数:0,免伤次数:0,击杀次数:0,消耗:0,收益:0,单次最大盈利:0 单次时间:2019-06-01 05:12:17;
	全局统计 MONSTERID:403	攻击次数:0,免伤次数:0,击杀次数:0,消耗:0,收益:0,单次最大盈利:0 单次时间:2019-06-01 05:12:17;
	全局统计 ALLMONSTERID 消耗:0,收益:0,返回率:0.000000;
	全局统计 过敏源剧情 消耗:0,收益:0,返回率:0.000000;
	全局统计 小丑剧情 消耗:0,收益:0,返回率:0.000000;
	全局统计 总输赢:0 总消耗:-0 总收益:+0 总免伤次数:0 总免伤:0 返回率:0.000000 时间:2019-06-01_05_12_17
2019/06/01 05:42:17.434000 git.huoys.com/qp/cells/game_trace.polling 600 Info: log money polling....
	全局统计 翻牌统计: 攻击次数:0,击杀次数:0,免伤次数:0,空卡次数:0,宝箱次数:0,普通怪次数:0,Boss怪次数:0,消耗:0 收益:0 返回率:0.000000;
	全局统计 BOXID:100	攻击次数:0,击杀次数:0,免伤次数:0,消耗:0,收益:0,单次最大盈利:0 单次时间:2019-06-01 05:42:17;
	全局统计 BOXID:101	攻击次数:0,击杀次数:0,免伤次数:0,消耗:0,收益:0,单次最大盈利:0 单次时间:2019-06-01 05:42:17;
	全局统计 BOXID:102	攻击次数:0,击杀次数:0,免伤次数:0,消耗:0,收益:0,单次最大盈利:0 单次时间:2019-06-01 05:42:17;
	全局统计 MONSTERID:300	攻击次数:0,免伤次数:0,击杀次数:0,消耗:0,收益:0,单次最大盈利:0 单次时间:2019-06-01 05:42:17;
	全局统计 MONSTERID:301	攻击次数:0,免伤次数:0,击杀次数:0,消耗:0,收益:0,单次最大盈利:0 单次时间:2019-06-01 05:42:17;
	全局统计 MONSTERID:302	攻击次数:0,免伤次数:0,击杀次数:0,消耗:0,收益:0,单次最大盈利:0 单次时间:2019-06-01 05:42:17;
	全局统计 MONSTERID:303	攻击次数:0,免伤次数:0,击杀次数:0,消耗:0,收益:0,单次最大盈利:0 单次时间:2019-06-01 05:42:17;
	全局统计 MONSTERID:304	攻击次数:0,免伤次数:0,击杀次数:0,消耗:0,收益:0,单次最大盈利:0 单次时间:2019-06-01 05:42:17;
	全局统计 MONSTERID:305	攻击次数:0,免伤次数:0,击杀次数:0,消耗:0,收益:0,单次最大盈利:0 单次时间:2019-06-01 05:42:17;
	全局统计 MONSTERID:306	攻击次数:0,免伤次数:0,击杀次数:0,消耗:0,收益:0,单次最大盈利:0 单次时间:2019-06-01 05:42:17;
	全局统计 MONSTERID:307	攻击次数:0,免伤次数:0,击杀次数:0,消耗:0,收益:0,单次最大盈利:0 单次时间:2019-06-01 05:42:17;
	全局统计 MONSTERID:311	攻击次数:0,免伤次数:0,击杀次数:0,消耗:0,收益:0,单次最大盈利:0 单次时间:2019-06-01 05:42:17;
	全局统计 MONSTERID:312	攻击次数:0,免伤次数:0,击杀次数:0,消耗:0,收益:0,单次最大盈利:0 单次时间:2019-06-01 05:42:17;
	全局统计 MONSTERID:313	攻击次数:0,免伤次数:0,击杀次数:0,消耗:0,收益:0,单次最大盈利:0 单次时间:2019-06-01 05:42:17;
	全局统计 MONSTERID:315	攻击次数:0,免伤次数:0,击杀次数:0,消耗:0,收益:0,单次最大盈利:0 单次时间:2019-06-01 05:42:17;
	全局统计 MONSTERID:401	攻击次数:0,免伤次数:0,击杀次数:0,消耗:0,收益:0,单次最大盈利:0 单次时间:2019-06-01 05:42:17;
	全局统计 MONSTERID:402	攻击次数:0,免伤次数:0,击杀次数:0,消耗:0,收益:0,单次最大盈利:0 单次时间:2019-06-01 05:42:17;
	全局统计 MONSTERID:403	攻击次数:0,免伤次数:0,击杀次数:0,消耗:0,收益:0,单次最大盈利:0 单次时间:2019-06-01 05:42:17;
	全局统计 ALLMONSTERID 消耗:0,收益:0,返回率:0.000000;
	全局统计 过敏源剧情 消耗:0,收益:0,返回率:0.000000;
	全局统计 小丑剧情 消耗:0,收益:0,返回率:0.000000;
	全局统计 总输赢:0 总消耗:-0 总收益:+0 总免伤次数:0 总免伤:0 返回率:0.000000 时间:2019-06-01_05_42_17
2019/06/01 06:12:17.446000 git.huoys.com/qp/cells/game_trace.polling 600 Info: log money polling....
	全局统计 翻牌统计: 攻击次数:0,击杀次数:0,免伤次数:0,空卡次数:0,宝箱次数:0,普通怪次数:0,Boss怪次数:0,消耗:0 收益:0 返回率:0.000000;
	全局统计 BOXID:100	攻击次数:0,击杀次数:0,免伤次数:0,消耗:0,收益:0,单次最大盈利:0 单次时间:2019-06-01 06:12:17;
	全局统计 BOXID:101	攻击次数:0,击杀次数:0,免伤次数:0,消耗:0,收益:0,单次最大盈利:0 单次时间:2019-06-01 06:12:17;
	全局统计 BOXID:102	攻击次数:0,击杀次数:0,免伤次数:0,消耗:0,收益:0,单次最大盈利:0 单次时间:2019-06-01 06:12:17;
	全局统计 MONSTERID:300	攻击次数:0,免伤次数:0,击杀次数:0,消耗:0,收益:0,单次最大盈利:0 单次时间:2019-06-01 06:12:17;
	全局统计 MONSTERID:301	攻击次数:0,免伤次数:0,击杀次数:0,消耗:0,收益:0,单次最大盈利:0 单次时间:2019-06-01 06:12:17;
	全局统计 MONSTERID:302	攻击次数:0,免伤次数:0,击杀次数:0,消耗:0,收益:0,单次最大盈利:0 单次时间:2019-06-01 06:12:17;
	全局统计 MONSTERID:303	攻击次数:0,免伤次数:0,击杀次数:0,消耗:0,收益:0,单次最大盈利:0 单次时间:2019-06-01 06:12:17;
	全局统计 MONSTERID:304	攻击次数:0,免伤次数:0,击杀次数:0,消耗:0,收益:0,单次最大盈利:0 单次时间:2019-06-01 06:12:17;
	全局统计 MONSTERID:305	攻击次数:0,免伤次数:0,击杀次数:0,消耗:0,收益:0,单次最大盈利:0 单次时间:2019-06-01 06:12:17;
	全局统计 MONSTERID:306	攻击次数:0,免伤次数:0,击杀次数:0,消耗:0,收益:0,单次最大盈利:0 单次时间:2019-06-01 06:12:17;
	全局统计 MONSTERID:307	攻击次数:0,免伤次数:0,击杀次数:0,消耗:0,收益:0,单次最大盈利:0 单次时间:2019-06-01 06:12:17;
	全局统计 MONSTERID:311	攻击次数:0,免伤次数:0,击杀次数:0,消耗:0,收益:0,单次最大盈利:0 单次时间:2019-06-01 06:12:17;
	全局统计 MONSTERID:312	攻击次数:0,免伤次数:0,击杀次数:0,消耗:0,收益:0,单次最大盈利:0 单次时间:2019-06-01 06:12:17;
	全局统计 MONSTERID:313	攻击次数:0,免伤次数:0,击杀次数:0,消耗:0,收益:0,单次最大盈利:0 单次时间:2019-06-01 06:12:17;
	全局统计 MONSTERID:315	攻击次数:0,免伤次数:0,击杀次数:0,消耗:0,收益:0,单次最大盈利:0 单次时间:2019-06-01 06:12:17;
	全局统计 MONSTERID:401	攻击次数:0,免伤次数:0,击杀次数:0,消耗:0,收益:0,单次最大盈利:0 单次时间:2019-06-01 06:12:17;
	全局统计 MONSTERID:402	攻击次数:0,免伤次数:0,击杀次数:0,消耗:0,收益:0,单次最大盈利:0 单次时间:2019-06-01 06:12:17;
	全局统计 MONSTERID:403	攻击次数:0,免伤次数:0,击杀次数:0,消耗:0,收益:0,单次最大盈利:0 单次时间:2019-06-01 06:12:17;
	全局统计 ALLMONSTERID 消耗:0,收益:0,返回率:0.000000;
	全局统计 过敏源剧情 消耗:0,收益:0,返回率:0.000000;
	全局统计 小丑剧情 消耗:0,收益:0,返回率:0.000000;
	全局统计 总输赢:0 总消耗:-0 总收益:+0 总免伤次数:0 总免伤:0 返回率:0.000000 时间:2019-06-01_06_12_17
2019/06/01 06:42:17.490000 git.huoys.com/qp/cells/game_trace.polling 600 Info: log money polling....
	全局统计 翻牌统计: 攻击次数:0,击杀次数:0,免伤次数:0,空卡次数:0,宝箱次数:0,普通怪次数:0,Boss怪次数:0,消耗:0 收益:0 返回率:0.000000;
	全局统计 BOXID:100	攻击次数:0,击杀次数:0,免伤次数:0,消耗:0,收益:0,单次最大盈利:0 单次时间:2019-06-01 06:42:17;
	全局统计 BOXID:101	攻击次数:0,击杀次数:0,免伤次数:0,消耗:0,收益:0,单次最大盈利:0 单次时间:2019-06-01 06:42:17;
	全局统计 BOXID:102	攻击次数:0,击杀次数:0,免伤次数:0,消耗:0,收益:0,单次最大盈利:0 单次时间:2019-06-01 06:42:17;
	全局统计 MONSTERID:300	攻击次数:0,免伤次数:0,击杀次数:0,消耗:0,收益:0,单次最大盈利:0 单次时间:2019-06-01 06:42:17;
	全局统计 MONSTERID:301	攻击次数:0,免伤次数:0,击杀次数:0,消耗:0,收益:0,单次最大盈利:0 单次时间:2019-06-01 06:42:17;
	全局统计 MONSTERID:302	攻击次数:0,免伤次数:0,击杀次数:0,消耗:0,收益:0,单次最大盈利:0 单次时间:2019-06-01 06:42:17;
	全局统计 MONSTERID:303	攻击次数:0,免伤次数:0,击杀次数:0,消耗:0,收益:0,单次最大盈利:0 单次时间:2019-06-01 06:42:17;
	全局统计 MONSTERID:304	攻击次数:0,免伤次数:0,击杀次数:0,消耗:0,收益:0,单次最大盈利:0 单次时间:2019-06-01 06:42:17;
	全局统计 MONSTERID:305	攻击次数:0,免伤次数:0,击杀次数:0,消耗:0,收益:0,单次最大盈利:0 单次时间:2019-06-01 06:42:17;
	全局统计 MONSTERID:306	攻击次数:0,免伤次数:0,击杀次数:0,消耗:0,收益:0,单次最大盈利:0 单次时间:2019-06-01 06:42:17;
	全局统计 MONSTERID:307	攻击次数:0,免伤次数:0,击杀次数:0,消耗:0,收益:0,单次最大盈利:0 单次时间:2019-06-01 06:42:17;
	全局统计 MONSTERID:311	攻击次数:0,免伤次数:0,击杀次数:0,消耗:0,收益:0,单次最大盈利:0 单次时间:2019-06-01 06:42:17;
	全局统计 MONSTERID:312	攻击次数:0,免伤次数:0,击杀次数:0,消耗:0,收益:0,单次最大盈利:0 单次时间:2019-06-01 06:42:17;
	全局统计 MONSTERID:313	攻击次数:0,免伤次数:0,击杀次数:0,消耗:0,收益:0,单次最大盈利:0 单次时间:2019-06-01 06:42:17;
	全局统计 MONSTERID:315	攻击次数:0,免伤次数:0,击杀次数:0,消耗:0,收益:0,单次最大盈利:0 单次时间:2019-06-01 06:42:17;
	全局统计 MONSTERID:401	攻击次数:0,免伤次数:0,击杀次数:0,消耗:0,收益:0,单次最大盈利:0 单次时间:2019-06-01 06:42:17;
	全局统计 MONSTERID:402	攻击次数:0,免伤次数:0,击杀次数:0,消耗:0,收益:0,单次最大盈利:0 单次时间:2019-06-01 06:42:17;
	全局统计 MONSTERID:403	攻击次数:0,免伤次数:0,击杀次数:0,消耗:0,收益:0,单次最大盈利:0 单次时间:2019-06-01 06:42:17;
	全局统计 ALLMONSTERID 消耗:0,收益:0,返回率:0.000000;
	全局统计 过敏源剧情 消耗:0,收益:0,返回率:0.000000;
	全局统计 小丑剧情 消耗:0,收益:0,返回率:0.000000;
	全局统计 总输赢:0 总消耗:-0 总收益:+0 总免伤次数:0 总免伤:0 返回率:0.000000 时间:2019-06-01_06_42_17
2019/06/01 07:12:17.521000 git.huoys.com/qp/cells/game_trace.polling 600 Info: log money polling....
	全局统计 翻牌统计: 攻击次数:0,击杀次数:0,免伤次数:0,空卡次数:0,宝箱次数:0,普通怪次数:0,Boss怪次数:0,消耗:0 收益:0 返回率:0.000000;
	全局统计 BOXID:100	攻击次数:0,击杀次数:0,免伤次数:0,消耗:0,收益:0,单次最大盈利:0 单次时间:2019-06-01 07:12:17;
	全局统计 BOXID:101	攻击次数:0,击杀次数:0,免伤次数:0,消耗:0,收益:0,单次最大盈利:0 单次时间:2019-06-01 07:12:17;
	全局统计 BOXID:102	攻击次数:0,击杀次数:0,免伤次数:0,消耗:0,收益:0,单次最大盈利:0 单次时间:2019-06-01 07:12:17;
	全局统计 MONSTERID:300	攻击次数:0,免伤次数:0,击杀次数:0,消耗:0,收益:0,单次最大盈利:0 单次时间:2019-06-01 07:12:17;
	全局统计 MONSTERID:301	攻击次数:0,免伤次数:0,击杀次数:0,消耗:0,收益:0,单次最大盈利:0 单次时间:2019-06-01 07:12:17;
	全局统计 MONSTERID:302	攻击次数:0,免伤次数:0,击杀次数:0,消耗:0,收益:0,单次最大盈利:0 单次时间:2019-06-01 07:12:17;
	全局统计 MONSTERID:303	攻击次数:0,免伤次数:0,击杀次数:0,消耗:0,收益:0,单次最大盈利:0 单次时间:2019-06-01 07:12:17;
	全局统计 MONSTERID:304	攻击次数:0,免伤次数:0,击杀次数:0,消耗:0,收益:0,单次最大盈利:0 单次时间:2019-06-01 07:12:17;
	全局统计 MONSTERID:305	攻击次数:0,免伤次数:0,击杀次数:0,消耗:0,收益:0,单次最大盈利:0 单次时间:2019-06-01 07:12:17;
	全局统计 MONSTERID:306	攻击次数:0,免伤次数:0,击杀次数:0,消耗:0,收益:0,单次最大盈利:0 单次时间:2019-06-01 07:12:17;
	全局统计 MONSTERID:307	攻击次数:0,免伤次数:0,击杀次数:0,消耗:0,收益:0,单次最大盈利:0 单次时间:2019-06-01 07:12:17;
	全局统计 MONSTERID:311	攻击次数:0,免伤次数:0,击杀次数:0,消耗:0,收益:0,单次最大盈利:0 单次时间:2019-06-01 07:12:17;
	全局统计 MONSTERID:312	攻击次数:0,免伤次数:0,击杀次数:0,消耗:0,收益:0,单次最大盈利:0 单次时间:2019-06-01 07:12:17;
	全局统计 MONSTERID:313	攻击次数:0,免伤次数:0,击杀次数:0,消耗:0,收益:0,单次最大盈利:0 单次时间:2019-06-01 07:12:17;
	全局统计 MONSTERID:315	攻击次数:0,免伤次数:0,击杀次数:0,消耗:0,收益:0,单次最大盈利:0 单次时间:2019-06-01 07:12:17;
	全局统计 MONSTERID:401	攻击次数:0,免伤次数:0,击杀次数:0,消耗:0,收益:0,单次最大盈利:0 单次时间:2019-06-01 07:12:17;
	全局统计 MONSTERID:402	攻击次数:0,免伤次数:0,击杀次数:0,消耗:0,收益:0,单次最大盈利:0 单次时间:2019-06-01 07:12:17;
	全局统计 MONSTERID:403	攻击次数:0,免伤次数:0,击杀次数:0,消耗:0,收益:0,单次最大盈利:0 单次时间:2019-06-01 07:12:17;
	全局统计 ALLMONSTERID 消耗:0,收益:0,返回率:0.000000;
	全局统计 过敏源剧情 消耗:0,收益:0,返回率:0.000000;
	全局统计 小丑剧情 消耗:0,收益:0,返回率:0.000000;
	全局统计 总输赢:0 总消耗:-0 总收益:+0 总免伤次数:0 总免伤:0 返回率:0.000000 时间:2019-06-01_07_12_17
2019/06/01 07:42:17.524000 git.huoys.com/qp/cells/game_trace.polling 600 Info: log money polling....
	全局统计 翻牌统计: 攻击次数:0,击杀次数:0,免伤次数:0,空卡次数:0,宝箱次数:0,普通怪次数:0,Boss怪次数:0,消耗:0 收益:0 返回率:0.000000;
	全局统计 BOXID:100	攻击次数:0,击杀次数:0,免伤次数:0,消耗:0,收益:0,单次最大盈利:0 单次时间:2019-06-01 07:42:17;
	全局统计 BOXID:101	攻击次数:0,击杀次数:0,免伤次数:0,消耗:0,收益:0,单次最大盈利:0 单次时间:2019-06-01 07:42:17;
	全局统计 BOXID:102	攻击次数:0,击杀次数:0,免伤次数:0,消耗:0,收益:0,单次最大盈利:0 单次时间:2019-06-01 07:42:17;
	全局统计 MONSTERID:300	攻击次数:0,免伤次数:0,击杀次数:0,消耗:0,收益:0,单次最大盈利:0 单次时间:2019-06-01 07:42:17;
	全局统计 MONSTERID:301	攻击次数:0,免伤次数:0,击杀次数:0,消耗:0,收益:0,单次最大盈利:0 单次时间:2019-06-01 07:42:17;
	全局统计 MONSTERID:302	攻击次数:0,免伤次数:0,击杀次数:0,消耗:0,收益:0,单次最大盈利:0 单次时间:2019-06-01 07:42:17;
	全局统计 MONSTERID:303	攻击次数:0,免伤次数:0,击杀次数:0,消耗:0,收益:0,单次最大盈利:0 单次时间:2019-06-01 07:42:17;
	全局统计 MONSTERID:304	攻击次数:0,免伤次数:0,击杀次数:0,消耗:0,收益:0,单次最大盈利:0 单次时间:2019-06-01 07:42:17;
	全局统计 MONSTERID:305	攻击次数:0,免伤次数:0,击杀次数:0,消耗:0,收益:0,单次最大盈利:0 单次时间:2019-06-01 07:42:17;
	全局统计 MONSTERID:306	攻击次数:0,免伤次数:0,击杀次数:0,消耗:0,收益:0,单次最大盈利:0 单次时间:2019-06-01 07:42:17;
	全局统计 MONSTERID:307	攻击次数:0,免伤次数:0,击杀次数:0,消耗:0,收益:0,单次最大盈利:0 单次时间:2019-06-01 07:42:17;
	全局统计 MONSTERID:311	攻击次数:0,免伤次数:0,击杀次数:0,消耗:0,收益:0,单次最大盈利:0 单次时间:2019-06-01 07:42:17;
	全局统计 MONSTERID:312	攻击次数:0,免伤次数:0,击杀次数:0,消耗:0,收益:0,单次最大盈利:0 单次时间:2019-06-01 07:42:17;
	全局统计 MONSTERID:313	攻击次数:0,免伤次数:0,击杀次数:0,消耗:0,收益:0,单次最大盈利:0 单次时间:2019-06-01 07:42:17;
	全局统计 MONSTERID:315	攻击次数:0,免伤次数:0,击杀次数:0,消耗:0,收益:0,单次最大盈利:0 单次时间:2019-06-01 07:42:17;
	全局统计 MONSTERID:401	攻击次数:0,免伤次数:0,击杀次数:0,消耗:0,收益:0,单次最大盈利:0 单次时间:2019-06-01 07:42:17;
	全局统计 MONSTERID:402	攻击次数:0,免伤次数:0,击杀次数:0,消耗:0,收益:0,单次最大盈利:0 单次时间:2019-06-01 07:42:17;
	全局统计 MONSTERID:403	攻击次数:0,免伤次数:0,击杀次数:0,消耗:0,收益:0,单次最大盈利:0 单次时间:2019-06-01 07:42:17;
	全局统计 ALLMONSTERID 消耗:0,收益:0,返回率:0.000000;
	全局统计 过敏源剧情 消耗:0,收益:0,返回率:0.000000;
	全局统计 小丑剧情 消耗:0,收益:0,返回率:0.000000;
	全局统计 总输赢:0 总消耗:-0 总收益:+0 总免伤次数:0 总免伤:0 返回率:0.000000 时间:2019-06-01_07_42_17
2019/06/01 08:12:17.570000 git.huoys.com/qp/cells/game_trace.polling 600 Info: log money polling....
	全局统计 翻牌统计: 攻击次数:0,击杀次数:0,免伤次数:0,空卡次数:0,宝箱次数:0,普通怪次数:0,Boss怪次数:0,消耗:0 收益:0 返回率:0.000000;
	全局统计 BOXID:100	攻击次数:0,击杀次数:0,免伤次数:0,消耗:0,收益:0,单次最大盈利:0 单次时间:2019-06-01 08:12:17;
	全局统计 BOXID:101	攻击次数:0,击杀次数:0,免伤次数:0,消耗:0,收益:0,单次最大盈利:0 单次时间:2019-06-01 08:12:17;
	全局统计 BOXID:102	攻击次数:0,击杀次数:0,免伤次数:0,消耗:0,收益:0,单次最大盈利:0 单次时间:2019-06-01 08:12:17;
	全局统计 MONSTERID:300	攻击次数:0,免伤次数:0,击杀次数:0,消耗:0,收益:0,单次最大盈利:0 单次时间:2019-06-01 08:12:17;
	全局统计 MONSTERID:301	攻击次数:0,免伤次数:0,击杀次数:0,消耗:0,收益:0,单次最大盈利:0 单次时间:2019-06-01 08:12:17;
	全局统计 MONSTERID:302	攻击次数:0,免伤次数:0,击杀次数:0,消耗:0,收益:0,单次最大盈利:0 单次时间:2019-06-01 08:12:17;
	全局统计 MONSTERID:303	攻击次数:0,免伤次数:0,击杀次数:0,消耗:0,收益:0,单次最大盈利:0 单次时间:2019-06-01 08:12:17;
	全局统计 MONSTERID:304	攻击次数:0,免伤次数:0,击杀次数:0,消耗:0,收益:0,单次最大盈利:0 单次时间:2019-06-01 08:12:17;
	全局统计 MONSTERID:305	攻击次数:0,免伤次数:0,击杀次数:0,消耗:0,收益:0,单次最大盈利:0 单次时间:2019-06-01 08:12:17;
	全局统计 MONSTERID:306	攻击次数:0,免伤次数:0,击杀次数:0,消耗:0,收益:0,单次最大盈利:0 单次时间:2019-06-01 08:12:17;
	全局统计 MONSTERID:307	攻击次数:0,免伤次数:0,击杀次数:0,消耗:0,收益:0,单次最大盈利:0 单次时间:2019-06-01 08:12:17;
	全局统计 MONSTERID:311	攻击次数:0,免伤次数:0,击杀次数:0,消耗:0,收益:0,单次最大盈利:0 单次时间:2019-06-01 08:12:17;
	全局统计 MONSTERID:312	攻击次数:0,免伤次数:0,击杀次数:0,消耗:0,收益:0,单次最大盈利:0 单次时间:2019-06-01 08:12:17;
	全局统计 MONSTERID:313	攻击次数:0,免伤次数:0,击杀次数:0,消耗:0,收益:0,单次最大盈利:0 单次时间:2019-06-01 08:12:17;
	全局统计 MONSTERID:315	攻击次数:0,免伤次数:0,击杀次数:0,消耗:0,收益:0,单次最大盈利:0 单次时间:2019-06-01 08:12:17;
	全局统计 MONSTERID:401	攻击次数:0,免伤次数:0,击杀次数:0,消耗:0,收益:0,单次最大盈利:0 单次时间:2019-06-01 08:12:17;
	全局统计 MONSTERID:402	攻击次数:0,免伤次数:0,击杀次数:0,消耗:0,收益:0,单次最大盈利:0 单次时间:2019-06-01 08:12:17;
	全局统计 MONSTERID:403	攻击次数:0,免伤次数:0,击杀次数:0,消耗:0,收益:0,单次最大盈利:0 单次时间:2019-06-01 08:12:17;
	全局统计 ALLMONSTERID 消耗:0,收益:0,返回率:0.000000;
	全局统计 过敏源剧情 消耗:0,收益:0,返回率:0.000000;
	全局统计 小丑剧情 消耗:0,收益:0,返回率:0.000000;
	全局统计 总输赢:0 总消耗:-0 总收益:+0 总免伤次数:0 总免伤:0 返回率:0.000000 时间:2019-06-01_08_12_17
2019/06/01 08:42:17.598000 git.huoys.com/qp/cells/game_trace.polling 600 Info: log money polling....
	全局统计 翻牌统计: 攻击次数:0,击杀次数:0,免伤次数:0,空卡次数:0,宝箱次数:0,普通怪次数:0,Boss怪次数:0,消耗:0 收益:0 返回率:0.000000;
	全局统计 BOXID:100	攻击次数:0,击杀次数:0,免伤次数:0,消耗:0,收益:0,单次最大盈利:0 单次时间:2019-06-01 08:42:17;
	全局统计 BOXID:101	攻击次数:0,击杀次数:0,免伤次数:0,消耗:0,收益:0,单次最大盈利:0 单次时间:2019-06-01 08:42:17;
	全局统计 BOXID:102	攻击次数:0,击杀次数:0,免伤次数:0,消耗:0,收益:0,单次最大盈利:0 单次时间:2019-06-01 08:42:17;
	全局统计 MONSTERID:300	攻击次数:0,免伤次数:0,击杀次数:0,消耗:0,收益:0,单次最大盈利:0 单次时间:2019-06-01 08:42:17;
	全局统计 MONSTERID:301	攻击次数:0,免伤次数:0,击杀次数:0,消耗:0,收益:0,单次最大盈利:0 单次时间:2019-06-01 08:42:17;
	全局统计 MONSTERID:302	攻击次数:0,免伤次数:0,击杀次数:0,消耗:0,收益:0,单次最大盈利:0 单次时间:2019-06-01 08:42:17;
	全局统计 MONSTERID:303	攻击次数:0,免伤次数:0,击杀次数:0,消耗:0,收益:0,单次最大盈利:0 单次时间:2019-06-01 08:42:17;
	全局统计 MONSTERID:304	攻击次数:0,免伤次数:0,击杀次数:0,消耗:0,收益:0,单次最大盈利:0 单次时间:2019-06-01 08:42:17;
	全局统计 MONSTERID:305	攻击次数:0,免伤次数:0,击杀次数:0,消耗:0,收益:0,单次最大盈利:0 单次时间:2019-06-01 08:42:17;
	全局统计 MONSTERID:306	攻击次数:0,免伤次数:0,击杀次数:0,消耗:0,收益:0,单次最大盈利:0 单次时间:2019-06-01 08:42:17;
	全局统计 MONSTERID:307	攻击次数:0,免伤次数:0,击杀次数:0,消耗:0,收益:0,单次最大盈利:0 单次时间:2019-06-01 08:42:17;
	全局统计 MONSTERID:311	攻击次数:0,免伤次数:0,击杀次数:0,消耗:0,收益:0,单次最大盈利:0 单次时间:2019-06-01 08:42:17;
	全局统计 MONSTERID:312	攻击次数:0,免伤次数:0,击杀次数:0,消耗:0,收益:0,单次最大盈利:0 单次时间:2019-06-01 08:42:17;
	全局统计 MONSTERID:313	攻击次数:0,免伤次数:0,击杀次数:0,消耗:0,收益:0,单次最大盈利:0 单次时间:2019-06-01 08:42:17;
	全局统计 MONSTERID:315	攻击次数:0,免伤次数:0,击杀次数:0,消耗:0,收益:0,单次最大盈利:0 单次时间:2019-06-01 08:42:17;
	全局统计 MONSTERID:401	攻击次数:0,免伤次数:0,击杀次数:0,消耗:0,收益:0,单次最大盈利:0 单次时间:2019-06-01 08:42:17;
	全局统计 MONSTERID:402	攻击次数:0,免伤次数:0,击杀次数:0,消耗:0,收益:0,单次最大盈利:0 单次时间:2019-06-01 08:42:17;
	全局统计 MONSTERID:403	攻击次数:0,免伤次数:0,击杀次数:0,消耗:0,收益:0,单次最大盈利:0 单次时间:2019-06-01 08:42:17;
	全局统计 ALLMONSTERID 消耗:0,收益:0,返回率:0.000000;
	全局统计 过敏源剧情 消耗:0,收益:0,返回率:0.000000;
	全局统计 小丑剧情 消耗:0,收益:0,返回率:0.000000;
	全局统计 总输赢:0 总消耗:-0 总收益:+0 总免伤次数:0 总免伤:0 返回率:0.000000 时间:2019-06-01_08_42_17
2019/06/01 09:12:17.620000 git.huoys.com/qp/cells/game_trace.polling 600 Info: log money polling....
	全局统计 翻牌统计: 攻击次数:0,击杀次数:0,免伤次数:0,空卡次数:0,宝箱次数:0,普通怪次数:0,Boss怪次数:0,消耗:0 收益:0 返回率:0.000000;
	全局统计 BOXID:100	攻击次数:0,击杀次数:0,免伤次数:0,消耗:0,收益:0,单次最大盈利:0 单次时间:2019-06-01 09:12:17;
	全局统计 BOXID:101	攻击次数:0,击杀次数:0,免伤次数:0,消耗:0,收益:0,单次最大盈利:0 单次时间:2019-06-01 09:12:17;
	全局统计 BOXID:102	攻击次数:0,击杀次数:0,免伤次数:0,消耗:0,收益:0,单次最大盈利:0 单次时间:2019-06-01 09:12:17;
	全局统计 MONSTERID:300	攻击次数:0,免伤次数:0,击杀次数:0,消耗:0,收益:0,单次最大盈利:0 单次时间:2019-06-01 09:12:17;
	全局统计 MONSTERID:301	攻击次数:0,免伤次数:0,击杀次数:0,消耗:0,收益:0,单次最大盈利:0 单次时间:2019-06-01 09:12:17;
	全局统计 MONSTERID:302	攻击次数:0,免伤次数:0,击杀次数:0,消耗:0,收益:0,单次最大盈利:0 单次时间:2019-06-01 09:12:17;
	全局统计 MONSTERID:303	攻击次数:0,免伤次数:0,击杀次数:0,消耗:0,收益:0,单次最大盈利:0 单次时间:2019-06-01 09:12:17;
	全局统计 MONSTERID:304	攻击次数:0,免伤次数:0,击杀次数:0,消耗:0,收益:0,单次最大盈利:0 单次时间:2019-06-01 09:12:17;
	全局统计 MONSTERID:305	攻击次数:0,免伤次数:0,击杀次数:0,消耗:0,收益:0,单次最大盈利:0 单次时间:2019-06-01 09:12:17;
	全局统计 MONSTERID:306	攻击次数:0,免伤次数:0,击杀次数:0,消耗:0,收益:0,单次最大盈利:0 单次时间:2019-06-01 09:12:17;
	全局统计 MONSTERID:307	攻击次数:0,免伤次数:0,击杀次数:0,消耗:0,收益:0,单次最大盈利:0 单次时间:2019-06-01 09:12:17;
	全局统计 MONSTERID:311	攻击次数:0,免伤次数:0,击杀次数:0,消耗:0,收益:0,单次最大盈利:0 单次时间:2019-06-01 09:12:17;
	全局统计 MONSTERID:312	攻击次数:0,免伤次数:0,击杀次数:0,消耗:0,收益:0,单次最大盈利:0 单次时间:2019-06-01 09:12:17;
	全局统计 MONSTERID:313	攻击次数:0,免伤次数:0,击杀次数:0,消耗:0,收益:0,单次最大盈利:0 单次时间:2019-06-01 09:12:17;
	全局统计 MONSTERID:315	攻击次数:0,免伤次数:0,击杀次数:0,消耗:0,收益:0,单次最大盈利:0 单次时间:2019-06-01 09:12:17;
	全局统计 MONSTERID:401	攻击次数:0,免伤次数:0,击杀次数:0,消耗:0,收益:0,单次最大盈利:0 单次时间:2019-06-01 09:12:17;
	全局统计 MONSTERID:402	攻击次数:0,免伤次数:0,击杀次数:0,消耗:0,收益:0,单次最大盈利:0 单次时间:2019-06-01 09:12:17;
	全局统计 MONSTERID:403	攻击次数:0,免伤次数:0,击杀次数:0,消耗:0,收益:0,单次最大盈利:0 单次时间:2019-06-01 09:12:17;
	全局统计 ALLMONSTERID 消耗:0,收益:0,返回率:0.000000;
	全局统计 过敏源剧情 消耗:0,收益:0,返回率:0.000000;
	全局统计 小丑剧情 消耗:0,收益:0,返回率:0.000000;
	全局统计 总输赢:0 总消耗:-0 总收益:+0 总免伤次数:0 总免伤:0 返回率:0.000000 时间:2019-06-01_09_12_17
2019/06/01 09:42:17.638000 git.huoys.com/qp/cells/game_trace.polling 600 Info: log money polling....
	全局统计 翻牌统计: 攻击次数:0,击杀次数:0,免伤次数:0,空卡次数:0,宝箱次数:0,普通怪次数:0,Boss怪次数:0,消耗:0 收益:0 返回率:0.000000;
	全局统计 BOXID:100	攻击次数:0,击杀次数:0,免伤次数:0,消耗:0,收益:0,单次最大盈利:0 单次时间:2019-06-01 09:42:17;
	全局统计 BOXID:101	攻击次数:0,击杀次数:0,免伤次数:0,消耗:0,收益:0,单次最大盈利:0 单次时间:2019-06-01 09:42:17;
	全局统计 BOXID:102	攻击次数:0,击杀次数:0,免伤次数:0,消耗:0,收益:0,单次最大盈利:0 单次时间:2019-06-01 09:42:17;
	全局统计 MONSTERID:300	攻击次数:0,免伤次数:0,击杀次数:0,消耗:0,收益:0,单次最大盈利:0 单次时间:2019-06-01 09:42:17;
	全局统计 MONSTERID:301	攻击次数:0,免伤次数:0,击杀次数:0,消耗:0,收益:0,单次最大盈利:0 单次时间:2019-06-01 09:42:17;
	全局统计 MONSTERID:302	攻击次数:0,免伤次数:0,击杀次数:0,消耗:0,收益:0,单次最大盈利:0 单次时间:2019-06-01 09:42:17;
	全局统计 MONSTERID:303	攻击次数:0,免伤次数:0,击杀次数:0,消耗:0,收益:0,单次最大盈利:0 单次时间:2019-06-01 09:42:17;
	全局统计 MONSTERID:304	攻击次数:0,免伤次数:0,击杀次数:0,消耗:0,收益:0,单次最大盈利:0 单次时间:2019-06-01 09:42:17;
	全局统计 MONSTERID:305	攻击次数:0,免伤次数:0,击杀次数:0,消耗:0,收益:0,单次最大盈利:0 单次时间:2019-06-01 09:42:17;
	全局统计 MONSTERID:306	攻击次数:0,免伤次数:0,击杀次数:0,消耗:0,收益:0,单次最大盈利:0 单次时间:2019-06-01 09:42:17;
	全局统计 MONSTERID:307	攻击次数:0,免伤次数:0,击杀次数:0,消耗:0,收益:0,单次最大盈利:0 单次时间:2019-06-01 09:42:17;
	全局统计 MONSTERID:311	攻击次数:0,免伤次数:0,击杀次数:0,消耗:0,收益:0,单次最大盈利:0 单次时间:2019-06-01 09:42:17;
	全局统计 MONSTERID:312	攻击次数:0,免伤次数:0,击杀次数:0,消耗:0,收益:0,单次最大盈利:0 单次时间:2019-06-01 09:42:17;
	全局统计 MONSTERID:313	攻击次数:0,免伤次数:0,击杀次数:0,消耗:0,收益:0,单次最大盈利:0 单次时间:2019-06-01 09:42:17;
	全局统计 MONSTERID:315	攻击次数:0,免伤次数:0,击杀次数:0,消耗:0,收益:0,单次最大盈利:0 单次时间:2019-06-01 09:42:17;
	全局统计 MONSTERID:401	攻击次数:0,免伤次数:0,击杀次数:0,消耗:0,收益:0,单次最大盈利:0 单次时间:2019-06-01 09:42:17;
	全局统计 MONSTERID:402	攻击次数:0,免伤次数:0,击杀次数:0,消耗:0,收益:0,单次最大盈利:0 单次时间:2019-06-01 09:42:17;
	全局统计 MONSTERID:403	攻击次数:0,免伤次数:0,击杀次数:0,消耗:0,收益:0,单次最大盈利:0 单次时间:2019-06-01 09:42:17;
	全局统计 ALLMONSTERID 消耗:0,收益:0,返回率:0.000000;
	全局统计 过敏源剧情 消耗:0,收益:0,返回率:0.000000;
	全局统计 小丑剧情 消耗:0,收益:0,返回率:0.000000;
	全局统计 总输赢:0 总消耗:-0 总收益:+0 总免伤次数:0 总免伤:0 返回率:0.000000 时间:2019-06-01_09_42_17
2019/06/01 10:12:17.651000 git.huoys.com/qp/cells/game_trace.polling 600 Info: log money polling....
	全局统计 翻牌统计: 攻击次数:0,击杀次数:0,免伤次数:0,空卡次数:0,宝箱次数:0,普通怪次数:0,Boss怪次数:0,消耗:0 收益:0 返回率:0.000000;
	全局统计 BOXID:100	攻击次数:0,击杀次数:0,免伤次数:0,消耗:0,收益:0,单次最大盈利:0 单次时间:2019-06-01 10:12:17;
	全局统计 BOXID:101	攻击次数:0,击杀次数:0,免伤次数:0,消耗:0,收益:0,单次最大盈利:0 单次时间:2019-06-01 10:12:17;
	全局统计 BOXID:102	攻击次数:0,击杀次数:0,免伤次数:0,消耗:0,收益:0,单次最大盈利:0 单次时间:2019-06-01 10:12:17;
	全局统计 MONSTERID:300	攻击次数:0,免伤次数:0,击杀次数:0,消耗:0,收益:0,单次最大盈利:0 单次时间:2019-06-01 10:12:17;
	全局统计 MONSTERID:301	攻击次数:0,免伤次数:0,击杀次数:0,消耗:0,收益:0,单次最大盈利:0 单次时间:2019-06-01 10:12:17;
	全局统计 MONSTERID:302	攻击次数:0,免伤次数:0,击杀次数:0,消耗:0,收益:0,单次最大盈利:0 单次时间:2019-06-01 10:12:17;
	全局统计 MONSTERID:303	攻击次数:0,免伤次数:0,击杀次数:0,消耗:0,收益:0,单次最大盈利:0 单次时间:2019-06-01 10:12:17;
	全局统计 MONSTERID:304	攻击次数:0,免伤次数:0,击杀次数:0,消耗:0,收益:0,单次最大盈利:0 单次时间:2019-06-01 10:12:17;
	全局统计 MONSTERID:305	攻击次数:0,免伤次数:0,击杀次数:0,消耗:0,收益:0,单次最大盈利:0 单次时间:2019-06-01 10:12:17;
	全局统计 MONSTERID:306	攻击次数:0,免伤次数:0,击杀次数:0,消耗:0,收益:0,单次最大盈利:0 单次时间:2019-06-01 10:12:17;
	全局统计 MONSTERID:307	攻击次数:0,免伤次数:0,击杀次数:0,消耗:0,收益:0,单次最大盈利:0 单次时间:2019-06-01 10:12:17;
	全局统计 MONSTERID:311	攻击次数:0,免伤次数:0,击杀次数:0,消耗:0,收益:0,单次最大盈利:0 单次时间:2019-06-01 10:12:17;
	全局统计 MONSTERID:312	攻击次数:0,免伤次数:0,击杀次数:0,消耗:0,收益:0,单次最大盈利:0 单次时间:2019-06-01 10:12:17;
	全局统计 MONSTERID:313	攻击次数:0,免伤次数:0,击杀次数:0,消耗:0,收益:0,单次最大盈利:0 单次时间:2019-06-01 10:12:17;
	全局统计 MONSTERID:315	攻击次数:0,免伤次数:0,击杀次数:0,消耗:0,收益:0,单次最大盈利:0 单次时间:2019-06-01 10:12:17;
	全局统计 MONSTERID:401	攻击次数:0,免伤次数:0,击杀次数:0,消耗:0,收益:0,单次最大盈利:0 单次时间:2019-06-01 10:12:17;
	全局统计 MONSTERID:402	攻击次数:0,免伤次数:0,击杀次数:0,消耗:0,收益:0,单次最大盈利:0 单次时间:2019-06-01 10:12:17;
	全局统计 MONSTERID:403	攻击次数:0,免伤次数:0,击杀次数:0,消耗:0,收益:0,单次最大盈利:0 单次时间:2019-06-01 10:12:17;
	全局统计 ALLMONSTERID 消耗:0,收益:0,返回率:0.000000;
	全局统计 过敏源剧情 消耗:0,收益:0,返回率:0.000000;
	全局统计 小丑剧情 消耗:0,收益:0,返回率:0.000000;
	全局统计 总输赢:0 总消耗:-0 总收益:+0 总免伤次数:0 总免伤:0 返回率:0.000000 时间:2019-06-01_10_12_17
2019/06/01 10:42:17.690000 git.huoys.com/qp/cells/game_trace.polling 600 Info: log money polling....
	全局统计 翻牌统计: 攻击次数:0,击杀次数:0,免伤次数:0,空卡次数:0,宝箱次数:0,普通怪次数:0,Boss怪次数:0,消耗:0 收益:0 返回率:0.000000;
	全局统计 BOXID:100	攻击次数:0,击杀次数:0,免伤次数:0,消耗:0,收益:0,单次最大盈利:0 单次时间:2019-06-01 10:42:17;
	全局统计 BOXID:101	攻击次数:0,击杀次数:0,免伤次数:0,消耗:0,收益:0,单次最大盈利:0 单次时间:2019-06-01 10:42:17;
	全局统计 BOXID:102	攻击次数:0,击杀次数:0,免伤次数:0,消耗:0,收益:0,单次最大盈利:0 单次时间:2019-06-01 10:42:17;
	全局统计 MONSTERID:300	攻击次数:0,免伤次数:0,击杀次数:0,消耗:0,收益:0,单次最大盈利:0 单次时间:2019-06-01 10:42:17;
	全局统计 MONSTERID:301	攻击次数:0,免伤次数:0,击杀次数:0,消耗:0,收益:0,单次最大盈利:0 单次时间:2019-06-01 10:42:17;
	全局统计 MONSTERID:302	攻击次数:0,免伤次数:0,击杀次数:0,消耗:0,收益:0,单次最大盈利:0 单次时间:2019-06-01 10:42:17;
	全局统计 MONSTERID:303	攻击次数:0,免伤次数:0,击杀次数:0,消耗:0,收益:0,单次最大盈利:0 单次时间:2019-06-01 10:42:17;
	全局统计 MONSTERID:304	攻击次数:0,免伤次数:0,击杀次数:0,消耗:0,收益:0,单次最大盈利:0 单次时间:2019-06-01 10:42:17;
	全局统计 MONSTERID:305	攻击次数:0,免伤次数:0,击杀次数:0,消耗:0,收益:0,单次最大盈利:0 单次时间:2019-06-01 10:42:17;
	全局统计 MONSTERID:306	攻击次数:0,免伤次数:0,击杀次数:0,消耗:0,收益:0,单次最大盈利:0 单次时间:2019-06-01 10:42:17;
	全局统计 MONSTERID:307	攻击次数:0,免伤次数:0,击杀次数:0,消耗:0,收益:0,单次最大盈利:0 单次时间:2019-06-01 10:42:17;
	全局统计 MONSTERID:311	攻击次数:0,免伤次数:0,击杀次数:0,消耗:0,收益:0,单次最大盈利:0 单次时间:2019-06-01 10:42:17;
	全局统计 MONSTERID:312	攻击次数:0,免伤次数:0,击杀次数:0,消耗:0,收益:0,单次最大盈利:0 单次时间:2019-06-01 10:42:17;
	全局统计 MONSTERID:313	攻击次数:0,免伤次数:0,击杀次数:0,消耗:0,收益:0,单次最大盈利:0 单次时间:2019-06-01 10:42:17;
	全局统计 MONSTERID:315	攻击次数:0,免伤次数:0,击杀次数:0,消耗:0,收益:0,单次最大盈利:0 单次时间:2019-06-01 10:42:17;
	全局统计 MONSTERID:401	攻击次数:0,免伤次数:0,击杀次数:0,消耗:0,收益:0,单次最大盈利:0 单次时间:2019-06-01 10:42:17;
	全局统计 MONSTERID:402	攻击次数:0,免伤次数:0,击杀次数:0,消耗:0,收益:0,单次最大盈利:0 单次时间:2019-06-01 10:42:17;
	全局统计 MONSTERID:403	攻击次数:0,免伤次数:0,击杀次数:0,消耗:0,收益:0,单次最大盈利:0 单次时间:2019-06-01 10:42:17;
	全局统计 ALLMONSTERID 消耗:0,收益:0,返回率:0.000000;
	全局统计 过敏源剧情 消耗:0,收益:0,返回率:0.000000;
	全局统计 小丑剧情 消耗:0,收益:0,返回率:0.000000;
	全局统计 总输赢:0 总消耗:-0 总收益:+0 总免伤次数:0 总免伤:0 返回率:0.000000 时间:2019-06-01_10_42_17
2019/06/01 11:12:17.707000 git.huoys.com/qp/cells/game_trace.polling 600 Info: log money polling....
	全局统计 翻牌统计: 攻击次数:0,击杀次数:0,免伤次数:0,空卡次数:0,宝箱次数:0,普通怪次数:0,Boss怪次数:0,消耗:0 收益:0 返回率:0.000000;
	全局统计 BOXID:100	攻击次数:0,击杀次数:0,免伤次数:0,消耗:0,收益:0,单次最大盈利:0 单次时间:2019-06-01 11:12:17;
	全局统计 BOXID:101	攻击次数:0,击杀次数:0,免伤次数:0,消耗:0,收益:0,单次最大盈利:0 单次时间:2019-06-01 11:12:17;
	全局统计 BOXID:102	攻击次数:0,击杀次数:0,免伤次数:0,消耗:0,收益:0,单次最大盈利:0 单次时间:2019-06-01 11:12:17;
	全局统计 MONSTERID:300	攻击次数:0,免伤次数:0,击杀次数:0,消耗:0,收益:0,单次最大盈利:0 单次时间:2019-06-01 11:12:17;
	全局统计 MONSTERID:301	攻击次数:0,免伤次数:0,击杀次数:0,消耗:0,收益:0,单次最大盈利:0 单次时间:2019-06-01 11:12:17;
	全局统计 MONSTERID:302	攻击次数:0,免伤次数:0,击杀次数:0,消耗:0,收益:0,单次最大盈利:0 单次时间:2019-06-01 11:12:17;
	全局统计 MONSTERID:303	攻击次数:0,免伤次数:0,击杀次数:0,消耗:0,收益:0,单次最大盈利:0 单次时间:2019-06-01 11:12:17;
	全局统计 MONSTERID:304	攻击次数:0,免伤次数:0,击杀次数:0,消耗:0,收益:0,单次最大盈利:0 单次时间:2019-06-01 11:12:17;
	全局统计 MONSTERID:305	攻击次数:0,免伤次数:0,击杀次数:0,消耗:0,收益:0,单次最大盈利:0 单次时间:2019-06-01 11:12:17;
	全局统计 MONSTERID:306	攻击次数:0,免伤次数:0,击杀次数:0,消耗:0,收益:0,单次最大盈利:0 单次时间:2019-06-01 11:12:17;
	全局统计 MONSTERID:307	攻击次数:0,免伤次数:0,击杀次数:0,消耗:0,收益:0,单次最大盈利:0 单次时间:2019-06-01 11:12:17;
	全局统计 MONSTERID:311	攻击次数:0,免伤次数:0,击杀次数:0,消耗:0,收益:0,单次最大盈利:0 单次时间:2019-06-01 11:12:17;
	全局统计 MONSTERID:312	攻击次数:0,免伤次数:0,击杀次数:0,消耗:0,收益:0,单次最大盈利:0 单次时间:2019-06-01 11:12:17;
	全局统计 MONSTERID:313	攻击次数:0,免伤次数:0,击杀次数:0,消耗:0,收益:0,单次最大盈利:0 单次时间:2019-06-01 11:12:17;
	全局统计 MONSTERID:315	攻击次数:0,免伤次数:0,击杀次数:0,消耗:0,收益:0,单次最大盈利:0 单次时间:2019-06-01 11:12:17;
	全局统计 MONSTERID:401	攻击次数:0,免伤次数:0,击杀次数:0,消耗:0,收益:0,单次最大盈利:0 单次时间:2019-06-01 11:12:17;
	全局统计 MONSTERID:402	攻击次数:0,免伤次数:0,击杀次数:0,消耗:0,收益:0,单次最大盈利:0 单次时间:2019-06-01 11:12:17;
	全局统计 MONSTERID:403	攻击次数:0,免伤次数:0,击杀次数:0,消耗:0,收益:0,单次最大盈利:0 单次时间:2019-06-01 11:12:17;
	全局统计 ALLMONSTERID 消耗:0,收益:0,返回率:0.000000;
	全局统计 过敏源剧情 消耗:0,收益:0,返回率:0.000000;
	全局统计 小丑剧情 消耗:0,收益:0,返回率:0.000000;
	全局统计 总输赢:0 总消耗:-0 总收益:+0 总免伤次数:0 总免伤:0 返回率:0.000000 时间:2019-06-01_11_12_17
2019/06/01 11:42:17.709000 git.huoys.com/qp/cells/game_trace.polling 600 Info: log money polling....
	全局统计 翻牌统计: 攻击次数:0,击杀次数:0,免伤次数:0,空卡次数:0,宝箱次数:0,普通怪次数:0,Boss怪次数:0,消耗:0 收益:0 返回率:0.000000;
	全局统计 BOXID:100	攻击次数:0,击杀次数:0,免伤次数:0,消耗:0,收益:0,单次最大盈利:0 单次时间:2019-06-01 11:42:17;
	全局统计 BOXID:101	攻击次数:0,击杀次数:0,免伤次数:0,消耗:0,收益:0,单次最大盈利:0 单次时间:2019-06-01 11:42:17;
	全局统计 BOXID:102	攻击次数:0,击杀次数:0,免伤次数:0,消耗:0,收益:0,单次最大盈利:0 单次时间:2019-06-01 11:42:17;
	全局统计 MONSTERID:300	攻击次数:0,免伤次数:0,击杀次数:0,消耗:0,收益:0,单次最大盈利:0 单次时间:2019-06-01 11:42:17;
	全局统计 MONSTERID:301	攻击次数:0,免伤次数:0,击杀次数:0,消耗:0,收益:0,单次最大盈利:0 单次时间:2019-06-01 11:42:17;
	全局统计 MONSTERID:302	攻击次数:0,免伤次数:0,击杀次数:0,消耗:0,收益:0,单次最大盈利:0 单次时间:2019-06-01 11:42:17;
	全局统计 MONSTERID:303	攻击次数:0,免伤次数:0,击杀次数:0,消耗:0,收益:0,单次最大盈利:0 单次时间:2019-06-01 11:42:17;
	全局统计 MONSTERID:304	攻击次数:0,免伤次数:0,击杀次数:0,消耗:0,收益:0,单次最大盈利:0 单次时间:2019-06-01 11:42:17;
	全局统计 MONSTERID:305	攻击次数:0,免伤次数:0,击杀次数:0,消耗:0,收益:0,单次最大盈利:0 单次时间:2019-06-01 11:42:17;
	全局统计 MONSTERID:306	攻击次数:0,免伤次数:0,击杀次数:0,消耗:0,收益:0,单次最大盈利:0 单次时间:2019-06-01 11:42:17;
	全局统计 MONSTERID:307	攻击次数:0,免伤次数:0,击杀次数:0,消耗:0,收益:0,单次最大盈利:0 单次时间:2019-06-01 11:42:17;
	全局统计 MONSTERID:311	攻击次数:0,免伤次数:0,击杀次数:0,消耗:0,收益:0,单次最大盈利:0 单次时间:2019-06-01 11:42:17;
	全局统计 MONSTERID:312	攻击次数:0,免伤次数:0,击杀次数:0,消耗:0,收益:0,单次最大盈利:0 单次时间:2019-06-01 11:42:17;
	全局统计 MONSTERID:313	攻击次数:0,免伤次数:0,击杀次数:0,消耗:0,收益:0,单次最大盈利:0 单次时间:2019-06-01 11:42:17;
	全局统计 MONSTERID:315	攻击次数:0,免伤次数:0,击杀次数:0,消耗:0,收益:0,单次最大盈利:0 单次时间:2019-06-01 11:42:17;
	全局统计 MONSTERID:401	攻击次数:0,免伤次数:0,击杀次数:0,消耗:0,收益:0,单次最大盈利:0 单次时间:2019-06-01 11:42:17;
	全局统计 MONSTERID:402	攻击次数:0,免伤次数:0,击杀次数:0,消耗:0,收益:0,单次最大盈利:0 单次时间:2019-06-01 11:42:17;
	全局统计 MONSTERID:403	攻击次数:0,免伤次数:0,击杀次数:0,消耗:0,收益:0,单次最大盈利:0 单次时间:2019-06-01 11:42:17;
	全局统计 ALLMONSTERID 消耗:0,收益:0,返回率:0.000000;
	全局统计 过敏源剧情 消耗:0,收益:0,返回率:0.000000;
	全局统计 小丑剧情 消耗:0,收益:0,返回率:0.000000;
	全局统计 总输赢:0 总消耗:-0 总收益:+0 总免伤次数:0 总免伤:0 返回率:0.000000 时间:2019-06-01_11_42_17
2019/06/01 12:12:17.743000 git.huoys.com/qp/cells/game_trace.polling 600 Info: log money polling....
	全局统计 翻牌统计: 攻击次数:0,击杀次数:0,免伤次数:0,空卡次数:0,宝箱次数:0,普通怪次数:0,Boss怪次数:0,消耗:0 收益:0 返回率:0.000000;
	全局统计 BOXID:100	攻击次数:0,击杀次数:0,免伤次数:0,消耗:0,收益:0,单次最大盈利:0 单次时间:2019-06-01 12:12:17;
	全局统计 BOXID:101	攻击次数:0,击杀次数:0,免伤次数:0,消耗:0,收益:0,单次最大盈利:0 单次时间:2019-06-01 12:12:17;
	全局统计 BOXID:102	攻击次数:0,击杀次数:0,免伤次数:0,消耗:0,收益:0,单次最大盈利:0 单次时间:2019-06-01 12:12:17;
	全局统计 MONSTERID:300	攻击次数:0,免伤次数:0,击杀次数:0,消耗:0,收益:0,单次最大盈利:0 单次时间:2019-06-01 12:12:17;
	全局统计 MONSTERID:301	攻击次数:0,免伤次数:0,击杀次数:0,消耗:0,收益:0,单次最大盈利:0 单次时间:2019-06-01 12:12:17;
	全局统计 MONSTERID:302	攻击次数:0,免伤次数:0,击杀次数:0,消耗:0,收益:0,单次最大盈利:0 单次时间:2019-06-01 12:12:17;
	全局统计 MONSTERID:303	攻击次数:0,免伤次数:0,击杀次数:0,消耗:0,收益:0,单次最大盈利:0 单次时间:2019-06-01 12:12:17;
	全局统计 MONSTERID:304	攻击次数:0,免伤次数:0,击杀次数:0,消耗:0,收益:0,单次最大盈利:0 单次时间:2019-06-01 12:12:17;
	全局统计 MONSTERID:305	攻击次数:0,免伤次数:0,击杀次数:0,消耗:0,收益:0,单次最大盈利:0 单次时间:2019-06-01 12:12:17;
	全局统计 MONSTERID:306	攻击次数:0,免伤次数:0,击杀次数:0,消耗:0,收益:0,单次最大盈利:0 单次时间:2019-06-01 12:12:17;
	全局统计 MONSTERID:307	攻击次数:0,免伤次数:0,击杀次数:0,消耗:0,收益:0,单次最大盈利:0 单次时间:2019-06-01 12:12:17;
	全局统计 MONSTERID:311	攻击次数:0,免伤次数:0,击杀次数:0,消耗:0,收益:0,单次最大盈利:0 单次时间:2019-06-01 12:12:17;
	全局统计 MONSTERID:312	攻击次数:0,免伤次数:0,击杀次数:0,消耗:0,收益:0,单次最大盈利:0 单次时间:2019-06-01 12:12:17;
	全局统计 MONSTERID:313	攻击次数:0,免伤次数:0,击杀次数:0,消耗:0,收益:0,单次最大盈利:0 单次时间:2019-06-01 12:12:17;
	全局统计 MONSTERID:315	攻击次数:0,免伤次数:0,击杀次数:0,消耗:0,收益:0,单次最大盈利:0 单次时间:2019-06-01 12:12:17;
	全局统计 MONSTERID:401	攻击次数:0,免伤次数:0,击杀次数:0,消耗:0,收益:0,单次最大盈利:0 单次时间:2019-06-01 12:12:17;
	全局统计 MONSTERID:402	攻击次数:0,免伤次数:0,击杀次数:0,消耗:0,收益:0,单次最大盈利:0 单次时间:2019-06-01 12:12:17;
	全局统计 MONSTERID:403	攻击次数:0,免伤次数:0,击杀次数:0,消耗:0,收益:0,单次最大盈利:0 单次时间:2019-06-01 12:12:17;
	全局统计 ALLMONSTERID 消耗:0,收益:0,返回率:0.000000;
	全局统计 过敏源剧情 消耗:0,收益:0,返回率:0.000000;
	全局统计 小丑剧情 消耗:0,收益:0,返回率:0.000000;
	全局统计 总输赢:0 总消耗:-0 总收益:+0 总免伤次数:0 总免伤:0 返回率:0.000000 时间:2019-06-01_12_12_17
2019/06/01 12:42:17.769000 git.huoys.com/qp/cells/game_trace.polling 600 Info: log money polling....
	全局统计 翻牌统计: 攻击次数:0,击杀次数:0,免伤次数:0,空卡次数:0,宝箱次数:0,普通怪次数:0,Boss怪次数:0,消耗:0 收益:0 返回率:0.000000;
	全局统计 BOXID:100	攻击次数:0,击杀次数:0,免伤次数:0,消耗:0,收益:0,单次最大盈利:0 单次时间:2019-06-01 12:42:17;
	全局统计 BOXID:101	攻击次数:0,击杀次数:0,免伤次数:0,消耗:0,收益:0,单次最大盈利:0 单次时间:2019-06-01 12:42:17;
	全局统计 BOXID:102	攻击次数:0,击杀次数:0,免伤次数:0,消耗:0,收益:0,单次最大盈利:0 单次时间:2019-06-01 12:42:17;
	全局统计 MONSTERID:300	攻击次数:0,免伤次数:0,击杀次数:0,消耗:0,收益:0,单次最大盈利:0 单次时间:2019-06-01 12:42:17;
	全局统计 MONSTERID:301	攻击次数:0,免伤次数:0,击杀次数:0,消耗:0,收益:0,单次最大盈利:0 单次时间:2019-06-01 12:42:17;
	全局统计 MONSTERID:302	攻击次数:0,免伤次数:0,击杀次数:0,消耗:0,收益:0,单次最大盈利:0 单次时间:2019-06-01 12:42:17;
	全局统计 MONSTERID:303	攻击次数:0,免伤次数:0,击杀次数:0,消耗:0,收益:0,单次最大盈利:0 单次时间:2019-06-01 12:42:17;
	全局统计 MONSTERID:304	攻击次数:0,免伤次数:0,击杀次数:0,消耗:0,收益:0,单次最大盈利:0 单次时间:2019-06-01 12:42:17;
	全局统计 MONSTERID:305	攻击次数:0,免伤次数:0,击杀次数:0,消耗:0,收益:0,单次最大盈利:0 单次时间:2019-06-01 12:42:17;
	全局统计 MONSTERID:306	攻击次数:0,免伤次数:0,击杀次数:0,消耗:0,收益:0,单次最大盈利:0 单次时间:2019-06-01 12:42:17;
	全局统计 MONSTERID:307	攻击次数:0,免伤次数:0,击杀次数:0,消耗:0,收益:0,单次最大盈利:0 单次时间:2019-06-01 12:42:17;
	全局统计 MONSTERID:311	攻击次数:0,免伤次数:0,击杀次数:0,消耗:0,收益:0,单次最大盈利:0 单次时间:2019-06-01 12:42:17;
	全局统计 MONSTERID:312	攻击次数:0,免伤次数:0,击杀次数:0,消耗:0,收益:0,单次最大盈利:0 单次时间:2019-06-01 12:42:17;
	全局统计 MONSTERID:313	攻击次数:0,免伤次数:0,击杀次数:0,消耗:0,收益:0,单次最大盈利:0 单次时间:2019-06-01 12:42:17;
	全局统计 MONSTERID:315	攻击次数:0,免伤次数:0,击杀次数:0,消耗:0,收益:0,单次最大盈利:0 单次时间:2019-06-01 12:42:17;
	全局统计 MONSTERID:401	攻击次数:0,免伤次数:0,击杀次数:0,消耗:0,收益:0,单次最大盈利:0 单次时间:2019-06-01 12:42:17;
	全局统计 MONSTERID:402	攻击次数:0,免伤次数:0,击杀次数:0,消耗:0,收益:0,单次最大盈利:0 单次时间:2019-06-01 12:42:17;
	全局统计 MONSTERID:403	攻击次数:0,免伤次数:0,击杀次数:0,消耗:0,收益:0,单次最大盈利:0 单次时间:2019-06-01 12:42:17;
	全局统计 ALLMONSTERID 消耗:0,收益:0,返回率:0.000000;
	全局统计 过敏源剧情 消耗:0,收益:0,返回率:0.000000;
	全局统计 小丑剧情 消耗:0,收益:0,返回率:0.000000;
	全局统计 总输赢:0 总消耗:-0 总收益:+0 总免伤次数:0 总免伤:0 返回率:0.000000 时间:2019-06-01_12_42_17
2019/06/01 13:12:17.781000 git.huoys.com/qp/cells/game_trace.polling 600 Info: log money polling....
	全局统计 翻牌统计: 攻击次数:0,击杀次数:0,免伤次数:0,空卡次数:0,宝箱次数:0,普通怪次数:0,Boss怪次数:0,消耗:0 收益:0 返回率:0.000000;
	全局统计 BOXID:100	攻击次数:0,击杀次数:0,免伤次数:0,消耗:0,收益:0,单次最大盈利:0 单次时间:2019-06-01 13:12:17;
	全局统计 BOXID:101	攻击次数:0,击杀次数:0,免伤次数:0,消耗:0,收益:0,单次最大盈利:0 单次时间:2019-06-01 13:12:17;
	全局统计 BOXID:102	攻击次数:0,击杀次数:0,免伤次数:0,消耗:0,收益:0,单次最大盈利:0 单次时间:2019-06-01 13:12:17;
	全局统计 MONSTERID:300	攻击次数:0,免伤次数:0,击杀次数:0,消耗:0,收益:0,单次最大盈利:0 单次时间:2019-06-01 13:12:17;
	全局统计 MONSTERID:301	攻击次数:0,免伤次数:0,击杀次数:0,消耗:0,收益:0,单次最大盈利:0 单次时间:2019-06-01 13:12:17;
	全局统计 MONSTERID:302	攻击次数:0,免伤次数:0,击杀次数:0,消耗:0,收益:0,单次最大盈利:0 单次时间:2019-06-01 13:12:17;
	全局统计 MONSTERID:303	攻击次数:0,免伤次数:0,击杀次数:0,消耗:0,收益:0,单次最大盈利:0 单次时间:2019-06-01 13:12:17;
	全局统计 MONSTERID:304	攻击次数:0,免伤次数:0,击杀次数:0,消耗:0,收益:0,单次最大盈利:0 单次时间:2019-06-01 13:12:17;
	全局统计 MONSTERID:305	攻击次数:0,免伤次数:0,击杀次数:0,消耗:0,收益:0,单次最大盈利:0 单次时间:2019-06-01 13:12:17;
	全局统计 MONSTERID:306	攻击次数:0,免伤次数:0,击杀次数:0,消耗:0,收益:0,单次最大盈利:0 单次时间:2019-06-01 13:12:17;
	全局统计 MONSTERID:307	攻击次数:0,免伤次数:0,击杀次数:0,消耗:0,收益:0,单次最大盈利:0 单次时间:2019-06-01 13:12:17;
	全局统计 MONSTERID:311	攻击次数:0,免伤次数:0,击杀次数:0,消耗:0,收益:0,单次最大盈利:0 单次时间:2019-06-01 13:12:17;
	全局统计 MONSTERID:312	攻击次数:0,免伤次数:0,击杀次数:0,消耗:0,收益:0,单次最大盈利:0 单次时间:2019-06-01 13:12:17;
	全局统计 MONSTERID:313	攻击次数:0,免伤次数:0,击杀次数:0,消耗:0,收益:0,单次最大盈利:0 单次时间:2019-06-01 13:12:17;
	全局统计 MONSTERID:315	攻击次数:0,免伤次数:0,击杀次数:0,消耗:0,收益:0,单次最大盈利:0 单次时间:2019-06-01 13:12:17;
	全局统计 MONSTERID:401	攻击次数:0,免伤次数:0,击杀次数:0,消耗:0,收益:0,单次最大盈利:0 单次时间:2019-06-01 13:12:17;
	全局统计 MONSTERID:402	攻击次数:0,免伤次数:0,击杀次数:0,消耗:0,收益:0,单次最大盈利:0 单次时间:2019-06-01 13:12:17;
	全局统计 MONSTERID:403	攻击次数:0,免伤次数:0,击杀次数:0,消耗:0,收益:0,单次最大盈利:0 单次时间:2019-06-01 13:12:17;
	全局统计 ALLMONSTERID 消耗:0,收益:0,返回率:0.000000;
	全局统计 过敏源剧情 消耗:0,收益:0,返回率:0.000000;
	全局统计 小丑剧情 消耗:0,收益:0,返回率:0.000000;
	全局统计 总输赢:0 总消耗:-0 总收益:+0 总免伤次数:0 总免伤:0 返回率:0.000000 时间:2019-06-01_13_12_17
2019/06/01 13:42:17.798000 git.huoys.com/qp/cells/game_trace.polling 600 Info: log money polling....
	全局统计 翻牌统计: 攻击次数:0,击杀次数:0,免伤次数:0,空卡次数:0,宝箱次数:0,普通怪次数:0,Boss怪次数:0,消耗:0 收益:0 返回率:0.000000;
	全局统计 BOXID:100	攻击次数:0,击杀次数:0,免伤次数:0,消耗:0,收益:0,单次最大盈利:0 单次时间:2019-06-01 13:42:17;
	全局统计 BOXID:101	攻击次数:0,击杀次数:0,免伤次数:0,消耗:0,收益:0,单次最大盈利:0 单次时间:2019-06-01 13:42:17;
	全局统计 BOXID:102	攻击次数:0,击杀次数:0,免伤次数:0,消耗:0,收益:0,单次最大盈利:0 单次时间:2019-06-01 13:42:17;
	全局统计 MONSTERID:300	攻击次数:0,免伤次数:0,击杀次数:0,消耗:0,收益:0,单次最大盈利:0 单次时间:2019-06-01 13:42:17;
	全局统计 MONSTERID:301	攻击次数:0,免伤次数:0,击杀次数:0,消耗:0,收益:0,单次最大盈利:0 单次时间:2019-06-01 13:42:17;
	全局统计 MONSTERID:302	攻击次数:0,免伤次数:0,击杀次数:0,消耗:0,收益:0,单次最大盈利:0 单次时间:2019-06-01 13:42:17;
	全局统计 MONSTERID:303	攻击次数:0,免伤次数:0,击杀次数:0,消耗:0,收益:0,单次最大盈利:0 单次时间:2019-06-01 13:42:17;
	全局统计 MONSTERID:304	攻击次数:0,免伤次数:0,击杀次数:0,消耗:0,收益:0,单次最大盈利:0 单次时间:2019-06-01 13:42:17;
	全局统计 MONSTERID:305	攻击次数:0,免伤次数:0,击杀次数:0,消耗:0,收益:0,单次最大盈利:0 单次时间:2019-06-01 13:42:17;
	全局统计 MONSTERID:306	攻击次数:0,免伤次数:0,击杀次数:0,消耗:0,收益:0,单次最大盈利:0 单次时间:2019-06-01 13:42:17;
	全局统计 MONSTERID:307	攻击次数:0,免伤次数:0,击杀次数:0,消耗:0,收益:0,单次最大盈利:0 单次时间:2019-06-01 13:42:17;
	全局统计 MONSTERID:311	攻击次数:0,免伤次数:0,击杀次数:0,消耗:0,收益:0,单次最大盈利:0 单次时间:2019-06-01 13:42:17;
	全局统计 MONSTERID:312	攻击次数:0,免伤次数:0,击杀次数:0,消耗:0,收益:0,单次最大盈利:0 单次时间:2019-06-01 13:42:17;
	全局统计 MONSTERID:313	攻击次数:0,免伤次数:0,击杀次数:0,消耗:0,收益:0,单次最大盈利:0 单次时间:2019-06-01 13:42:17;
	全局统计 MONSTERID:315	攻击次数:0,免伤次数:0,击杀次数:0,消耗:0,收益:0,单次最大盈利:0 单次时间:2019-06-01 13:42:17;
	全局统计 MONSTERID:401	攻击次数:0,免伤次数:0,击杀次数:0,消耗:0,收益:0,单次最大盈利:0 单次时间:2019-06-01 13:42:17;
	全局统计 MONSTERID:402	攻击次数:0,免伤次数:0,击杀次数:0,消耗:0,收益:0,单次最大盈利:0 单次时间:2019-06-01 13:42:17;
	全局统计 MONSTERID:403	攻击次数:0,免伤次数:0,击杀次数:0,消耗:0,收益:0,单次最大盈利:0 单次时间:2019-06-01 13:42:17;
	全局统计 ALLMONSTERID 消耗:0,收益:0,返回率:0.000000;
	全局统计 过敏源剧情 消耗:0,收益:0,返回率:0.000000;
	全局统计 小丑剧情 消耗:0,收益:0,返回率:0.000000;
	全局统计 总输赢:0 总消耗:-0 总收益:+0 总免伤次数:0 总免伤:0 返回率:0.000000 时间:2019-06-01_13_42_17
2019/06/01 14:12:17.813000 git.huoys.com/qp/cells/game_trace.polling 600 Info: log money polling....
	全局统计 翻牌统计: 攻击次数:0,击杀次数:0,免伤次数:0,空卡次数:0,宝箱次数:0,普通怪次数:0,Boss怪次数:0,消耗:0 收益:0 返回率:0.000000;
	全局统计 BOXID:100	攻击次数:0,击杀次数:0,免伤次数:0,消耗:0,收益:0,单次最大盈利:0 单次时间:2019-06-01 14:12:17;
	全局统计 BOXID:101	攻击次数:0,击杀次数:0,免伤次数:0,消耗:0,收益:0,单次最大盈利:0 单次时间:2019-06-01 14:12:17;
	全局统计 BOXID:102	攻击次数:0,击杀次数:0,免伤次数:0,消耗:0,收益:0,单次最大盈利:0 单次时间:2019-06-01 14:12:17;
	全局统计 MONSTERID:300	攻击次数:0,免伤次数:0,击杀次数:0,消耗:0,收益:0,单次最大盈利:0 单次时间:2019-06-01 14:12:17;
	全局统计 MONSTERID:301	攻击次数:0,免伤次数:0,击杀次数:0,消耗:0,收益:0,单次最大盈利:0 单次时间:2019-06-01 14:12:17;
	全局统计 MONSTERID:302	攻击次数:0,免伤次数:0,击杀次数:0,消耗:0,收益:0,单次最大盈利:0 单次时间:2019-06-01 14:12:17;
	全局统计 MONSTERID:303	攻击次数:0,免伤次数:0,击杀次数:0,消耗:0,收益:0,单次最大盈利:0 单次时间:2019-06-01 14:12:17;
	全局统计 MONSTERID:304	攻击次数:0,免伤次数:0,击杀次数:0,消耗:0,收益:0,单次最大盈利:0 单次时间:2019-06-01 14:12:17;
	全局统计 MONSTERID:305	攻击次数:0,免伤次数:0,击杀次数:0,消耗:0,收益:0,单次最大盈利:0 单次时间:2019-06-01 14:12:17;
	全局统计 MONSTERID:306	攻击次数:0,免伤次数:0,击杀次数:0,消耗:0,收益:0,单次最大盈利:0 单次时间:2019-06-01 14:12:17;
	全局统计 MONSTERID:307	攻击次数:0,免伤次数:0,击杀次数:0,消耗:0,收益:0,单次最大盈利:0 单次时间:2019-06-01 14:12:17;
	全局统计 MONSTERID:311	攻击次数:0,免伤次数:0,击杀次数:0,消耗:0,收益:0,单次最大盈利:0 单次时间:2019-06-01 14:12:17;
	全局统计 MONSTERID:312	攻击次数:0,免伤次数:0,击杀次数:0,消耗:0,收益:0,单次最大盈利:0 单次时间:2019-06-01 14:12:17;
	全局统计 MONSTERID:313	攻击次数:0,免伤次数:0,击杀次数:0,消耗:0,收益:0,单次最大盈利:0 单次时间:2019-06-01 14:12:17;
	全局统计 MONSTERID:315	攻击次数:0,免伤次数:0,击杀次数:0,消耗:0,收益:0,单次最大盈利:0 单次时间:2019-06-01 14:12:17;
	全局统计 MONSTERID:401	攻击次数:0,免伤次数:0,击杀次数:0,消耗:0,收益:0,单次最大盈利:0 单次时间:2019-06-01 14:12:17;
	全局统计 MONSTERID:402	攻击次数:0,免伤次数:0,击杀次数:0,消耗:0,收益:0,单次最大盈利:0 单次时间:2019-06-01 14:12:17;
	全局统计 MONSTERID:403	攻击次数:0,免伤次数:0,击杀次数:0,消耗:0,收益:0,单次最大盈利:0 单次时间:2019-06-01 14:12:17;
	全局统计 ALLMONSTERID 消耗:0,收益:0,返回率:0.000000;
	全局统计 过敏源剧情 消耗:0,收益:0,返回率:0.000000;
	全局统计 小丑剧情 消耗:0,收益:0,返回率:0.000000;
	全局统计 总输赢:0 总消耗:-0 总收益:+0 总免伤次数:0 总免伤:0 返回率:0.000000 时间:2019-06-01_14_12_17
2019/06/01 14:42:17.828000 git.huoys.com/qp/cells/game_trace.polling 600 Info: log money polling....
	全局统计 翻牌统计: 攻击次数:0,击杀次数:0,免伤次数:0,空卡次数:0,宝箱次数:0,普通怪次数:0,Boss怪次数:0,消耗:0 收益:0 返回率:0.000000;
	全局统计 BOXID:100	攻击次数:0,击杀次数:0,免伤次数:0,消耗:0,收益:0,单次最大盈利:0 单次时间:2019-06-01 14:42:17;
	全局统计 BOXID:101	攻击次数:0,击杀次数:0,免伤次数:0,消耗:0,收益:0,单次最大盈利:0 单次时间:2019-06-01 14:42:17;
	全局统计 BOXID:102	攻击次数:0,击杀次数:0,免伤次数:0,消耗:0,收益:0,单次最大盈利:0 单次时间:2019-06-01 14:42:17;
	全局统计 MONSTERID:300	攻击次数:0,免伤次数:0,击杀次数:0,消耗:0,收益:0,单次最大盈利:0 单次时间:2019-06-01 14:42:17;
	全局统计 MONSTERID:301	攻击次数:0,免伤次数:0,击杀次数:0,消耗:0,收益:0,单次最大盈利:0 单次时间:2019-06-01 14:42:17;
	全局统计 MONSTERID:302	攻击次数:0,免伤次数:0,击杀次数:0,消耗:0,收益:0,单次最大盈利:0 单次时间:2019-06-01 14:42:17;
	全局统计 MONSTERID:303	攻击次数:0,免伤次数:0,击杀次数:0,消耗:0,收益:0,单次最大盈利:0 单次时间:2019-06-01 14:42:17;
	全局统计 MONSTERID:304	攻击次数:0,免伤次数:0,击杀次数:0,消耗:0,收益:0,单次最大盈利:0 单次时间:2019-06-01 14:42:17;
	全局统计 MONSTERID:305	攻击次数:0,免伤次数:0,击杀次数:0,消耗:0,收益:0,单次最大盈利:0 单次时间:2019-06-01 14:42:17;
	全局统计 MONSTERID:306	攻击次数:0,免伤次数:0,击杀次数:0,消耗:0,收益:0,单次最大盈利:0 单次时间:2019-06-01 14:42:17;
	全局统计 MONSTERID:307	攻击次数:0,免伤次数:0,击杀次数:0,消耗:0,收益:0,单次最大盈利:0 单次时间:2019-06-01 14:42:17;
	全局统计 MONSTERID:311	攻击次数:0,免伤次数:0,击杀次数:0,消耗:0,收益:0,单次最大盈利:0 单次时间:2019-06-01 14:42:17;
	全局统计 MONSTERID:312	攻击次数:0,免伤次数:0,击杀次数:0,消耗:0,收益:0,单次最大盈利:0 单次时间:2019-06-01 14:42:17;
	全局统计 MONSTERID:313	攻击次数:0,免伤次数:0,击杀次数:0,消耗:0,收益:0,单次最大盈利:0 单次时间:2019-06-01 14:42:17;
	全局统计 MONSTERID:315	攻击次数:0,免伤次数:0,击杀次数:0,消耗:0,收益:0,单次最大盈利:0 单次时间:2019-06-01 14:42:17;
	全局统计 MONSTERID:401	攻击次数:0,免伤次数:0,击杀次数:0,消耗:0,收益:0,单次最大盈利:0 单次时间:2019-06-01 14:42:17;
	全局统计 MONSTERID:402	攻击次数:0,免伤次数:0,击杀次数:0,消耗:0,收益:0,单次最大盈利:0 单次时间:2019-06-01 14:42:17;
	全局统计 MONSTERID:403	攻击次数:0,免伤次数:0,击杀次数:0,消耗:0,收益:0,单次最大盈利:0 单次时间:2019-06-01 14:42:17;
	全局统计 ALLMONSTERID 消耗:0,收益:0,返回率:0.000000;
	全局统计 过敏源剧情 消耗:0,收益:0,返回率:0.000000;
	全局统计 小丑剧情 消耗:0,收益:0,返回率:0.000000;
	全局统计 总输赢:0 总消耗:-0 总收益:+0 总免伤次数:0 总免伤:0 返回率:0.000000 时间:2019-06-01_14_42_17
2019/06/01 15:12:17.862000 git.huoys.com/qp/cells/game_trace.polling 600 Info: log money polling....
	全局统计 翻牌统计: 攻击次数:0,击杀次数:0,免伤次数:0,空卡次数:0,宝箱次数:0,普通怪次数:0,Boss怪次数:0,消耗:0 收益:0 返回率:0.000000;
	全局统计 BOXID:100	攻击次数:0,击杀次数:0,免伤次数:0,消耗:0,收益:0,单次最大盈利:0 单次时间:2019-06-01 15:12:17;
	全局统计 BOXID:101	攻击次数:0,击杀次数:0,免伤次数:0,消耗:0,收益:0,单次最大盈利:0 单次时间:2019-06-01 15:12:17;
	全局统计 BOXID:102	攻击次数:0,击杀次数:0,免伤次数:0,消耗:0,收益:0,单次最大盈利:0 单次时间:2019-06-01 15:12:17;
	全局统计 MONSTERID:300	攻击次数:0,免伤次数:0,击杀次数:0,消耗:0,收益:0,单次最大盈利:0 单次时间:2019-06-01 15:12:17;
	全局统计 MONSTERID:301	攻击次数:0,免伤次数:0,击杀次数:0,消耗:0,收益:0,单次最大盈利:0 单次时间:2019-06-01 15:12:17;
	全局统计 MONSTERID:302	攻击次数:0,免伤次数:0,击杀次数:0,消耗:0,收益:0,单次最大盈利:0 单次时间:2019-06-01 15:12:17;
	全局统计 MONSTERID:303	攻击次数:0,免伤次数:0,击杀次数:0,消耗:0,收益:0,单次最大盈利:0 单次时间:2019-06-01 15:12:17;
	全局统计 MONSTERID:304	攻击次数:0,免伤次数:0,击杀次数:0,消耗:0,收益:0,单次最大盈利:0 单次时间:2019-06-01 15:12:17;
	全局统计 MONSTERID:305	攻击次数:0,免伤次数:0,击杀次数:0,消耗:0,收益:0,单次最大盈利:0 单次时间:2019-06-01 15:12:17;
	全局统计 MONSTERID:306	攻击次数:0,免伤次数:0,击杀次数:0,消耗:0,收益:0,单次最大盈利:0 单次时间:2019-06-01 15:12:17;
	全局统计 MONSTERID:307	攻击次数:0,免伤次数:0,击杀次数:0,消耗:0,收益:0,单次最大盈利:0 单次时间:2019-06-01 15:12:17;
	全局统计 MONSTERID:311	攻击次数:0,免伤次数:0,击杀次数:0,消耗:0,收益:0,单次最大盈利:0 单次时间:2019-06-01 15:12:17;
	全局统计 MONSTERID:312	攻击次数:0,免伤次数:0,击杀次数:0,消耗:0,收益:0,单次最大盈利:0 单次时间:2019-06-01 15:12:17;
	全局统计 MONSTERID:313	攻击次数:0,免伤次数:0,击杀次数:0,消耗:0,收益:0,单次最大盈利:0 单次时间:2019-06-01 15:12:17;
	全局统计 MONSTERID:315	攻击次数:0,免伤次数:0,击杀次数:0,消耗:0,收益:0,单次最大盈利:0 单次时间:2019-06-01 15:12:17;
	全局统计 MONSTERID:401	攻击次数:0,免伤次数:0,击杀次数:0,消耗:0,收益:0,单次最大盈利:0 单次时间:2019-06-01 15:12:17;
	全局统计 MONSTERID:402	攻击次数:0,免伤次数:0,击杀次数:0,消耗:0,收益:0,单次最大盈利:0 单次时间:2019-06-01 15:12:17;
	全局统计 MONSTERID:403	攻击次数:0,免伤次数:0,击杀次数:0,消耗:0,收益:0,单次最大盈利:0 单次时间:2019-06-01 15:12:17;
	全局统计 ALLMONSTERID 消耗:0,收益:0,返回率:0.000000;
	全局统计 过敏源剧情 消耗:0,收益:0,返回率:0.000000;
	全局统计 小丑剧情 消耗:0,收益:0,返回率:0.000000;
	全局统计 总输赢:0 总消耗:-0 总收益:+0 总免伤次数:0 总免伤:0 返回率:0.000000 时间:2019-06-01_15_12_17
2019/06/01 15:42:17.877000 git.huoys.com/qp/cells/game_trace.polling 600 Info: log money polling....
	全局统计 翻牌统计: 攻击次数:0,击杀次数:0,免伤次数:0,空卡次数:0,宝箱次数:0,普通怪次数:0,Boss怪次数:0,消耗:0 收益:0 返回率:0.000000;
	全局统计 BOXID:100	攻击次数:0,击杀次数:0,免伤次数:0,消耗:0,收益:0,单次最大盈利:0 单次时间:2019-06-01 15:42:17;
	全局统计 BOXID:101	攻击次数:0,击杀次数:0,免伤次数:0,消耗:0,收益:0,单次最大盈利:0 单次时间:2019-06-01 15:42:17;
	全局统计 BOXID:102	攻击次数:0,击杀次数:0,免伤次数:0,消耗:0,收益:0,单次最大盈利:0 单次时间:2019-06-01 15:42:17;
	全局统计 MONSTERID:300	攻击次数:0,免伤次数:0,击杀次数:0,消耗:0,收益:0,单次最大盈利:0 单次时间:2019-06-01 15:42:17;
	全局统计 MONSTERID:301	攻击次数:0,免伤次数:0,击杀次数:0,消耗:0,收益:0,单次最大盈利:0 单次时间:2019-06-01 15:42:17;
	全局统计 MONSTERID:302	攻击次数:0,免伤次数:0,击杀次数:0,消耗:0,收益:0,单次最大盈利:0 单次时间:2019-06-01 15:42:17;
	全局统计 MONSTERID:303	攻击次数:0,免伤次数:0,击杀次数:0,消耗:0,收益:0,单次最大盈利:0 单次时间:2019-06-01 15:42:17;
	全局统计 MONSTERID:304	攻击次数:0,免伤次数:0,击杀次数:0,消耗:0,收益:0,单次最大盈利:0 单次时间:2019-06-01 15:42:17;
	全局统计 MONSTERID:305	攻击次数:0,免伤次数:0,击杀次数:0,消耗:0,收益:0,单次最大盈利:0 单次时间:2019-06-01 15:42:17;
	全局统计 MONSTERID:306	攻击次数:0,免伤次数:0,击杀次数:0,消耗:0,收益:0,单次最大盈利:0 单次时间:2019-06-01 15:42:17;
	全局统计 MONSTERID:307	攻击次数:0,免伤次数:0,击杀次数:0,消耗:0,收益:0,单次最大盈利:0 单次时间:2019-06-01 15:42:17;
	全局统计 MONSTERID:311	攻击次数:0,免伤次数:0,击杀次数:0,消耗:0,收益:0,单次最大盈利:0 单次时间:2019-06-01 15:42:17;
	全局统计 MONSTERID:312	攻击次数:0,免伤次数:0,击杀次数:0,消耗:0,收益:0,单次最大盈利:0 单次时间:2019-06-01 15:42:17;
	全局统计 MONSTERID:313	攻击次数:0,免伤次数:0,击杀次数:0,消耗:0,收益:0,单次最大盈利:0 单次时间:2019-06-01 15:42:17;
	全局统计 MONSTERID:315	攻击次数:0,免伤次数:0,击杀次数:0,消耗:0,收益:0,单次最大盈利:0 单次时间:2019-06-01 15:42:17;
	全局统计 MONSTERID:401	攻击次数:0,免伤次数:0,击杀次数:0,消耗:0,收益:0,单次最大盈利:0 单次时间:2019-06-01 15:42:17;
	全局统计 MONSTERID:402	攻击次数:0,免伤次数:0,击杀次数:0,消耗:0,收益:0,单次最大盈利:0 单次时间:2019-06-01 15:42:17;
	全局统计 MONSTERID:403	攻击次数:0,免伤次数:0,击杀次数:0,消耗:0,收益:0,单次最大盈利:0 单次时间:2019-06-01 15:42:17;
	全局统计 ALLMONSTERID 消耗:0,收益:0,返回率:0.000000;
	全局统计 过敏源剧情 消耗:0,收益:0,返回率:0.000000;
	全局统计 小丑剧情 消耗:0,收益:0,返回率:0.000000;
	全局统计 总输赢:0 总消耗:-0 总收益:+0 总免伤次数:0 总免伤:0 返回率:0.000000 时间:2019-06-01_15_42_17
2019/06/01 16:12:17.894000 git.huoys.com/qp/cells/game_trace.polling 600 Info: log money polling....
	全局统计 翻牌统计: 攻击次数:0,击杀次数:0,免伤次数:0,空卡次数:0,宝箱次数:0,普通怪次数:0,Boss怪次数:0,消耗:0 收益:0 返回率:0.000000;
	全局统计 BOXID:100	攻击次数:0,击杀次数:0,免伤次数:0,消耗:0,收益:0,单次最大盈利:0 单次时间:2019-06-01 16:12:17;
	全局统计 BOXID:101	攻击次数:0,击杀次数:0,免伤次数:0,消耗:0,收益:0,单次最大盈利:0 单次时间:2019-06-01 16:12:17;
	全局统计 BOXID:102	攻击次数:0,击杀次数:0,免伤次数:0,消耗:0,收益:0,单次最大盈利:0 单次时间:2019-06-01 16:12:17;
	全局统计 MONSTERID:300	攻击次数:0,免伤次数:0,击杀次数:0,消耗:0,收益:0,单次最大盈利:0 单次时间:2019-06-01 16:12:17;
	全局统计 MONSTERID:301	攻击次数:0,免伤次数:0,击杀次数:0,消耗:0,收益:0,单次最大盈利:0 单次时间:2019-06-01 16:12:17;
	全局统计 MONSTERID:302	攻击次数:0,免伤次数:0,击杀次数:0,消耗:0,收益:0,单次最大盈利:0 单次时间:2019-06-01 16:12:17;
	全局统计 MONSTERID:303	攻击次数:0,免伤次数:0,击杀次数:0,消耗:0,收益:0,单次最大盈利:0 单次时间:2019-06-01 16:12:17;
	全局统计 MONSTERID:304	攻击次数:0,免伤次数:0,击杀次数:0,消耗:0,收益:0,单次最大盈利:0 单次时间:2019-06-01 16:12:17;
	全局统计 MONSTERID:305	攻击次数:0,免伤次数:0,击杀次数:0,消耗:0,收益:0,单次最大盈利:0 单次时间:2019-06-01 16:12:17;
	全局统计 MONSTERID:306	攻击次数:0,免伤次数:0,击杀次数:0,消耗:0,收益:0,单次最大盈利:0 单次时间:2019-06-01 16:12:17;
	全局统计 MONSTERID:307	攻击次数:0,免伤次数:0,击杀次数:0,消耗:0,收益:0,单次最大盈利:0 单次时间:2019-06-01 16:12:17;
	全局统计 MONSTERID:311	攻击次数:0,免伤次数:0,击杀次数:0,消耗:0,收益:0,单次最大盈利:0 单次时间:2019-06-01 16:12:17;
	全局统计 MONSTERID:312	攻击次数:0,免伤次数:0,击杀次数:0,消耗:0,收益:0,单次最大盈利:0 单次时间:2019-06-01 16:12:17;
	全局统计 MONSTERID:313	攻击次数:0,免伤次数:0,击杀次数:0,消耗:0,收益:0,单次最大盈利:0 单次时间:2019-06-01 16:12:17;
	全局统计 MONSTERID:315	攻击次数:0,免伤次数:0,击杀次数:0,消耗:0,收益:0,单次最大盈利:0 单次时间:2019-06-01 16:12:17;
	全局统计 MONSTERID:401	攻击次数:0,免伤次数:0,击杀次数:0,消耗:0,收益:0,单次最大盈利:0 单次时间:2019-06-01 16:12:17;
	全局统计 MONSTERID:402	攻击次数:0,免伤次数:0,击杀次数:0,消耗:0,收益:0,单次最大盈利:0 单次时间:2019-06-01 16:12:17;
	全局统计 MONSTERID:403	攻击次数:0,免伤次数:0,击杀次数:0,消耗:0,收益:0,单次最大盈利:0 单次时间:2019-06-01 16:12:17;
	全局统计 ALLMONSTERID 消耗:0,收益:0,返回率:0.000000;
	全局统计 过敏源剧情 消耗:0,收益:0,返回率:0.000000;
	全局统计 小丑剧情 消耗:0,收益:0,返回率:0.000000;
	全局统计 总输赢:0 总消耗:-0 总收益:+0 总免伤次数:0 总免伤:0 返回率:0.000000 时间:2019-06-01_16_12_17
2019/06/01 16:42:17.929000 git.huoys.com/qp/cells/game_trace.polling 600 Info: log money polling....
	全局统计 翻牌统计: 攻击次数:0,击杀次数:0,免伤次数:0,空卡次数:0,宝箱次数:0,普通怪次数:0,Boss怪次数:0,消耗:0 收益:0 返回率:0.000000;
	全局统计 BOXID:100	攻击次数:0,击杀次数:0,免伤次数:0,消耗:0,收益:0,单次最大盈利:0 单次时间:2019-06-01 16:42:17;
	全局统计 BOXID:101	攻击次数:0,击杀次数:0,免伤次数:0,消耗:0,收益:0,单次最大盈利:0 单次时间:2019-06-01 16:42:17;
	全局统计 BOXID:102	攻击次数:0,击杀次数:0,免伤次数:0,消耗:0,收益:0,单次最大盈利:0 单次时间:2019-06-01 16:42:17;
	全局统计 MONSTERID:300	攻击次数:0,免伤次数:0,击杀次数:0,消耗:0,收益:0,单次最大盈利:0 单次时间:2019-06-01 16:42:17;
	全局统计 MONSTERID:301	攻击次数:0,免伤次数:0,击杀次数:0,消耗:0,收益:0,单次最大盈利:0 单次时间:2019-06-01 16:42:17;
	全局统计 MONSTERID:302	攻击次数:0,免伤次数:0,击杀次数:0,消耗:0,收益:0,单次最大盈利:0 单次时间:2019-06-01 16:42:17;
	全局统计 MONSTERID:303	攻击次数:0,免伤次数:0,击杀次数:0,消耗:0,收益:0,单次最大盈利:0 单次时间:2019-06-01 16:42:17;
	全局统计 MONSTERID:304	攻击次数:0,免伤次数:0,击杀次数:0,消耗:0,收益:0,单次最大盈利:0 单次时间:2019-06-01 16:42:17;
	全局统计 MONSTERID:305	攻击次数:0,免伤次数:0,击杀次数:0,消耗:0,收益:0,单次最大盈利:0 单次时间:2019-06-01 16:42:17;
	全局统计 MONSTERID:306	攻击次数:0,免伤次数:0,击杀次数:0,消耗:0,收益:0,单次最大盈利:0 单次时间:2019-06-01 16:42:17;
	全局统计 MONSTERID:307	攻击次数:0,免伤次数:0,击杀次数:0,消耗:0,收益:0,单次最大盈利:0 单次时间:2019-06-01 16:42:17;
	全局统计 MONSTERID:311	攻击次数:0,免伤次数:0,击杀次数:0,消耗:0,收益:0,单次最大盈利:0 单次时间:2019-06-01 16:42:17;
	全局统计 MONSTERID:312	攻击次数:0,免伤次数:0,击杀次数:0,消耗:0,收益:0,单次最大盈利:0 单次时间:2019-06-01 16:42:17;
	全局统计 MONSTERID:313	攻击次数:0,免伤次数:0,击杀次数:0,消耗:0,收益:0,单次最大盈利:0 单次时间:2019-06-01 16:42:17;
	全局统计 MONSTERID:315	攻击次数:0,免伤次数:0,击杀次数:0,消耗:0,收益:0,单次最大盈利:0 单次时间:2019-06-01 16:42:17;
	全局统计 MONSTERID:401	攻击次数:0,免伤次数:0,击杀次数:0,消耗:0,收益:0,单次最大盈利:0 单次时间:2019-06-01 16:42:17;
	全局统计 MONSTERID:402	攻击次数:0,免伤次数:0,击杀次数:0,消耗:0,收益:0,单次最大盈利:0 单次时间:2019-06-01 16:42:17;
	全局统计 MONSTERID:403	攻击次数:0,免伤次数:0,击杀次数:0,消耗:0,收益:0,单次最大盈利:0 单次时间:2019-06-01 16:42:17;
	全局统计 ALLMONSTERID 消耗:0,收益:0,返回率:0.000000;
	全局统计 过敏源剧情 消耗:0,收益:0,返回率:0.000000;
	全局统计 小丑剧情 消耗:0,收益:0,返回率:0.000000;
	全局统计 总输赢:0 总消耗:-0 总收益:+0 总免伤次数:0 总免伤:0 返回率:0.000000 时间:2019-06-01_16_42_17
2019/06/01 17:12:17.935000 git.huoys.com/qp/cells/game_trace.polling 600 Info: log money polling....
	全局统计 翻牌统计: 攻击次数:0,击杀次数:0,免伤次数:0,空卡次数:0,宝箱次数:0,普通怪次数:0,Boss怪次数:0,消耗:0 收益:0 返回率:0.000000;
	全局统计 BOXID:100	攻击次数:0,击杀次数:0,免伤次数:0,消耗:0,收益:0,单次最大盈利:0 单次时间:2019-06-01 17:12:17;
	全局统计 BOXID:101	攻击次数:0,击杀次数:0,免伤次数:0,消耗:0,收益:0,单次最大盈利:0 单次时间:2019-06-01 17:12:17;
	全局统计 BOXID:102	攻击次数:0,击杀次数:0,免伤次数:0,消耗:0,收益:0,单次最大盈利:0 单次时间:2019-06-01 17:12:17;
	全局统计 MONSTERID:300	攻击次数:0,免伤次数:0,击杀次数:0,消耗:0,收益:0,单次最大盈利:0 单次时间:2019-06-01 17:12:17;
	全局统计 MONSTERID:301	攻击次数:0,免伤次数:0,击杀次数:0,消耗:0,收益:0,单次最大盈利:0 单次时间:2019-06-01 17:12:17;
	全局统计 MONSTERID:302	攻击次数:0,免伤次数:0,击杀次数:0,消耗:0,收益:0,单次最大盈利:0 单次时间:2019-06-01 17:12:17;
	全局统计 MONSTERID:303	攻击次数:0,免伤次数:0,击杀次数:0,消耗:0,收益:0,单次最大盈利:0 单次时间:2019-06-01 17:12:17;
	全局统计 MONSTERID:304	攻击次数:0,免伤次数:0,击杀次数:0,消耗:0,收益:0,单次最大盈利:0 单次时间:2019-06-01 17:12:17;
	全局统计 MONSTERID:305	攻击次数:0,免伤次数:0,击杀次数:0,消耗:0,收益:0,单次最大盈利:0 单次时间:2019-06-01 17:12:17;
	全局统计 MONSTERID:306	攻击次数:0,免伤次数:0,击杀次数:0,消耗:0,收益:0,单次最大盈利:0 单次时间:2019-06-01 17:12:17;
	全局统计 MONSTERID:307	攻击次数:0,免伤次数:0,击杀次数:0,消耗:0,收益:0,单次最大盈利:0 单次时间:2019-06-01 17:12:17;
	全局统计 MONSTERID:311	攻击次数:0,免伤次数:0,击杀次数:0,消耗:0,收益:0,单次最大盈利:0 单次时间:2019-06-01 17:12:17;
	全局统计 MONSTERID:312	攻击次数:0,免伤次数:0,击杀次数:0,消耗:0,收益:0,单次最大盈利:0 单次时间:2019-06-01 17:12:17;
	全局统计 MONSTERID:313	攻击次数:0,免伤次数:0,击杀次数:0,消耗:0,收益:0,单次最大盈利:0 单次时间:2019-06-01 17:12:17;
	全局统计 MONSTERID:315	攻击次数:0,免伤次数:0,击杀次数:0,消耗:0,收益:0,单次最大盈利:0 单次时间:2019-06-01 17:12:17;
	全局统计 MONSTERID:401	攻击次数:0,免伤次数:0,击杀次数:0,消耗:0,收益:0,单次最大盈利:0 单次时间:2019-06-01 17:12:17;
	全局统计 MONSTERID:402	攻击次数:0,免伤次数:0,击杀次数:0,消耗:0,收益:0,单次最大盈利:0 单次时间:2019-06-01 17:12:17;
	全局统计 MONSTERID:403	攻击次数:0,免伤次数:0,击杀次数:0,消耗:0,收益:0,单次最大盈利:0 单次时间:2019-06-01 17:12:17;
	全局统计 ALLMONSTERID 消耗:0,收益:0,返回率:0.000000;
	全局统计 过敏源剧情 消耗:0,收益:0,返回率:0.000000;
	全局统计 小丑剧情 消耗:0,收益:0,返回率:0.000000;
	全局统计 总输赢:0 总消耗:-0 总收益:+0 总免伤次数:0 总免伤:0 返回率:0.000000 时间:2019-06-01_17_12_17
2019/06/01 17:42:17.951000 git.huoys.com/qp/cells/game_trace.polling 600 Info: log money polling....
	全局统计 翻牌统计: 攻击次数:0,击杀次数:0,免伤次数:0,空卡次数:0,宝箱次数:0,普通怪次数:0,Boss怪次数:0,消耗:0 收益:0 返回率:0.000000;
	全局统计 BOXID:100	攻击次数:0,击杀次数:0,免伤次数:0,消耗:0,收益:0,单次最大盈利:0 单次时间:2019-06-01 17:42:17;
	全局统计 BOXID:101	攻击次数:0,击杀次数:0,免伤次数:0,消耗:0,收益:0,单次最大盈利:0 单次时间:2019-06-01 17:42:17;
	全局统计 BOXID:102	攻击次数:0,击杀次数:0,免伤次数:0,消耗:0,收益:0,单次最大盈利:0 单次时间:2019-06-01 17:42:17;
	全局统计 MONSTERID:300	攻击次数:0,免伤次数:0,击杀次数:0,消耗:0,收益:0,单次最大盈利:0 单次时间:2019-06-01 17:42:17;
	全局统计 MONSTERID:301	攻击次数:0,免伤次数:0,击杀次数:0,消耗:0,收益:0,单次最大盈利:0 单次时间:2019-06-01 17:42:17;
	全局统计 MONSTERID:302	攻击次数:0,免伤次数:0,击杀次数:0,消耗:0,收益:0,单次最大盈利:0 单次时间:2019-06-01 17:42:17;
	全局统计 MONSTERID:303	攻击次数:0,免伤次数:0,击杀次数:0,消耗:0,收益:0,单次最大盈利:0 单次时间:2019-06-01 17:42:17;
	全局统计 MONSTERID:304	攻击次数:0,免伤次数:0,击杀次数:0,消耗:0,收益:0,单次最大盈利:0 单次时间:2019-06-01 17:42:17;
	全局统计 MONSTERID:305	攻击次数:0,免伤次数:0,击杀次数:0,消耗:0,收益:0,单次最大盈利:0 单次时间:2019-06-01 17:42:17;
	全局统计 MONSTERID:306	攻击次数:0,免伤次数:0,击杀次数:0,消耗:0,收益:0,单次最大盈利:0 单次时间:2019-06-01 17:42:17;
	全局统计 MONSTERID:307	攻击次数:0,免伤次数:0,击杀次数:0,消耗:0,收益:0,单次最大盈利:0 单次时间:2019-06-01 17:42:17;
	全局统计 MONSTERID:311	攻击次数:0,免伤次数:0,击杀次数:0,消耗:0,收益:0,单次最大盈利:0 单次时间:2019-06-01 17:42:17;
	全局统计 MONSTERID:312	攻击次数:0,免伤次数:0,击杀次数:0,消耗:0,收益:0,单次最大盈利:0 单次时间:2019-06-01 17:42:17;
	全局统计 MONSTERID:313	攻击次数:0,免伤次数:0,击杀次数:0,消耗:0,收益:0,单次最大盈利:0 单次时间:2019-06-01 17:42:17;
	全局统计 MONSTERID:315	攻击次数:0,免伤次数:0,击杀次数:0,消耗:0,收益:0,单次最大盈利:0 单次时间:2019-06-01 17:42:17;
	全局统计 MONSTERID:401	攻击次数:0,免伤次数:0,击杀次数:0,消耗:0,收益:0,单次最大盈利:0 单次时间:2019-06-01 17:42:17;
	全局统计 MONSTERID:402	攻击次数:0,免伤次数:0,击杀次数:0,消耗:0,收益:0,单次最大盈利:0 单次时间:2019-06-01 17:42:17;
	全局统计 MONSTERID:403	攻击次数:0,免伤次数:0,击杀次数:0,消耗:0,收益:0,单次最大盈利:0 单次时间:2019-06-01 17:42:17;
	全局统计 ALLMONSTERID 消耗:0,收益:0,返回率:0.000000;
	全局统计 过敏源剧情 消耗:0,收益:0,返回率:0.000000;
	全局统计 小丑剧情 消耗:0,收益:0,返回率:0.000000;
	全局统计 总输赢:0 总消耗:-0 总收益:+0 总免伤次数:0 总免伤:0 返回率:0.000000 时间:2019-06-01_17_42_17
2019/06/01 18:12:17.978000 git.huoys.com/qp/cells/game_trace.polling 600 Info: log money polling....
	全局统计 翻牌统计: 攻击次数:0,击杀次数:0,免伤次数:0,空卡次数:0,宝箱次数:0,普通怪次数:0,Boss怪次数:0,消耗:0 收益:0 返回率:0.000000;
	全局统计 BOXID:100	攻击次数:0,击杀次数:0,免伤次数:0,消耗:0,收益:0,单次最大盈利:0 单次时间:2019-06-01 18:12:17;
	全局统计 BOXID:101	攻击次数:0,击杀次数:0,免伤次数:0,消耗:0,收益:0,单次最大盈利:0 单次时间:2019-06-01 18:12:17;
	全局统计 BOXID:102	攻击次数:0,击杀次数:0,免伤次数:0,消耗:0,收益:0,单次最大盈利:0 单次时间:2019-06-01 18:12:17;
	全局统计 MONSTERID:300	攻击次数:0,免伤次数:0,击杀次数:0,消耗:0,收益:0,单次最大盈利:0 单次时间:2019-06-01 18:12:17;
	全局统计 MONSTERID:301	攻击次数:0,免伤次数:0,击杀次数:0,消耗:0,收益:0,单次最大盈利:0 单次时间:2019-06-01 18:12:17;
	全局统计 MONSTERID:302	攻击次数:0,免伤次数:0,击杀次数:0,消耗:0,收益:0,单次最大盈利:0 单次时间:2019-06-01 18:12:17;
	全局统计 MONSTERID:303	攻击次数:0,免伤次数:0,击杀次数:0,消耗:0,收益:0,单次最大盈利:0 单次时间:2019-06-01 18:12:17;
	全局统计 MONSTERID:304	攻击次数:0,免伤次数:0,击杀次数:0,消耗:0,收益:0,单次最大盈利:0 单次时间:2019-06-01 18:12:17;
	全局统计 MONSTERID:305	攻击次数:0,免伤次数:0,击杀次数:0,消耗:0,收益:0,单次最大盈利:0 单次时间:2019-06-01 18:12:17;
	全局统计 MONSTERID:306	攻击次数:0,免伤次数:0,击杀次数:0,消耗:0,收益:0,单次最大盈利:0 单次时间:2019-06-01 18:12:17;
	全局统计 MONSTERID:307	攻击次数:0,免伤次数:0,击杀次数:0,消耗:0,收益:0,单次最大盈利:0 单次时间:2019-06-01 18:12:17;
	全局统计 MONSTERID:311	攻击次数:0,免伤次数:0,击杀次数:0,消耗:0,收益:0,单次最大盈利:0 单次时间:2019-06-01 18:12:17;
	全局统计 MONSTERID:312	攻击次数:0,免伤次数:0,击杀次数:0,消耗:0,收益:0,单次最大盈利:0 单次时间:2019-06-01 18:12:17;
	全局统计 MONSTERID:313	攻击次数:0,免伤次数:0,击杀次数:0,消耗:0,收益:0,单次最大盈利:0 单次时间:2019-06-01 18:12:17;
	全局统计 MONSTERID:315	攻击次数:0,免伤次数:0,击杀次数:0,消耗:0,收益:0,单次最大盈利:0 单次时间:2019-06-01 18:12:17;
	全局统计 MONSTERID:401	攻击次数:0,免伤次数:0,击杀次数:0,消耗:0,收益:0,单次最大盈利:0 单次时间:2019-06-01 18:12:17;
	全局统计 MONSTERID:402	攻击次数:0,免伤次数:0,击杀次数:0,消耗:0,收益:0,单次最大盈利:0 单次时间:2019-06-01 18:12:17;
	全局统计 MONSTERID:403	攻击次数:0,免伤次数:0,击杀次数:0,消耗:0,收益:0,单次最大盈利:0 单次时间:2019-06-01 18:12:17;
	全局统计 ALLMONSTERID 消耗:0,收益:0,返回率:0.000000;
	全局统计 过敏源剧情 消耗:0,收益:0,返回率:0.000000;
	全局统计 小丑剧情 消耗:0,收益:0,返回率:0.000000;
	全局统计 总输赢:0 总消耗:-0 总收益:+0 总免伤次数:0 总免伤:0 返回率:0.000000 时间:2019-06-01_18_12_17
2019/06/01 18:42:18.000000 git.huoys.com/qp/cells/game_trace.polling 600 Info: log money polling....
	全局统计 翻牌统计: 攻击次数:0,击杀次数:0,免伤次数:0,空卡次数:0,宝箱次数:0,普通怪次数:0,Boss怪次数:0,消耗:0 收益:0 返回率:0.000000;
	全局统计 BOXID:100	攻击次数:0,击杀次数:0,免伤次数:0,消耗:0,收益:0,单次最大盈利:0 单次时间:2019-06-01 18:42:17;
	全局统计 BOXID:101	攻击次数:0,击杀次数:0,免伤次数:0,消耗:0,收益:0,单次最大盈利:0 单次时间:2019-06-01 18:42:17;
	全局统计 BOXID:102	攻击次数:0,击杀次数:0,免伤次数:0,消耗:0,收益:0,单次最大盈利:0 单次时间:2019-06-01 18:42:17;
	全局统计 MONSTERID:300	攻击次数:0,免伤次数:0,击杀次数:0,消耗:0,收益:0,单次最大盈利:0 单次时间:2019-06-01 18:42:17;
	全局统计 MONSTERID:301	攻击次数:0,免伤次数:0,击杀次数:0,消耗:0,收益:0,单次最大盈利:0 单次时间:2019-06-01 18:42:17;
	全局统计 MONSTERID:302	攻击次数:0,免伤次数:0,击杀次数:0,消耗:0,收益:0,单次最大盈利:0 单次时间:2019-06-01 18:42:17;
	全局统计 MONSTERID:303	攻击次数:0,免伤次数:0,击杀次数:0,消耗:0,收益:0,单次最大盈利:0 单次时间:2019-06-01 18:42:17;
	全局统计 MONSTERID:304	攻击次数:0,免伤次数:0,击杀次数:0,消耗:0,收益:0,单次最大盈利:0 单次时间:2019-06-01 18:42:17;
	全局统计 MONSTERID:305	攻击次数:0,免伤次数:0,击杀次数:0,消耗:0,收益:0,单次最大盈利:0 单次时间:2019-06-01 18:42:17;
	全局统计 MONSTERID:306	攻击次数:0,免伤次数:0,击杀次数:0,消耗:0,收益:0,单次最大盈利:0 单次时间:2019-06-01 18:42:17;
	全局统计 MONSTERID:307	攻击次数:0,免伤次数:0,击杀次数:0,消耗:0,收益:0,单次最大盈利:0 单次时间:2019-06-01 18:42:17;
	全局统计 MONSTERID:311	攻击次数:0,免伤次数:0,击杀次数:0,消耗:0,收益:0,单次最大盈利:0 单次时间:2019-06-01 18:42:17;
	全局统计 MONSTERID:312	攻击次数:0,免伤次数:0,击杀次数:0,消耗:0,收益:0,单次最大盈利:0 单次时间:2019-06-01 18:42:17;
	全局统计 MONSTERID:313	攻击次数:0,免伤次数:0,击杀次数:0,消耗:0,收益:0,单次最大盈利:0 单次时间:2019-06-01 18:42:17;
	全局统计 MONSTERID:315	攻击次数:0,免伤次数:0,击杀次数:0,消耗:0,收益:0,单次最大盈利:0 单次时间:2019-06-01 18:42:17;
	全局统计 MONSTERID:401	攻击次数:0,免伤次数:0,击杀次数:0,消耗:0,收益:0,单次最大盈利:0 单次时间:2019-06-01 18:42:17;
	全局统计 MONSTERID:402	攻击次数:0,免伤次数:0,击杀次数:0,消耗:0,收益:0,单次最大盈利:0 单次时间:2019-06-01 18:42:17;
	全局统计 MONSTERID:403	攻击次数:0,免伤次数:0,击杀次数:0,消耗:0,收益:0,单次最大盈利:0 单次时间:2019-06-01 18:42:17;
	全局统计 ALLMONSTERID 消耗:0,收益:0,返回率:0.000000;
	全局统计 过敏源剧情 消耗:0,收益:0,返回率:0.000000;
	全局统计 小丑剧情 消耗:0,收益:0,返回率:0.000000;
	全局统计 总输赢:0 总消耗:-0 总收益:+0 总免伤次数:0 总免伤:0 返回率:0.000000 时间:2019-06-01_18_42_17
2019/06/01 19:12:18.020000 git.huoys.com/qp/cells/game_trace.polling 600 Info: log money polling....
	全局统计 翻牌统计: 攻击次数:0,击杀次数:0,免伤次数:0,空卡次数:0,宝箱次数:0,普通怪次数:0,Boss怪次数:0,消耗:0 收益:0 返回率:0.000000;
	全局统计 BOXID:100	攻击次数:0,击杀次数:0,免伤次数:0,消耗:0,收益:0,单次最大盈利:0 单次时间:2019-06-01 19:12:18;
	全局统计 BOXID:101	攻击次数:0,击杀次数:0,免伤次数:0,消耗:0,收益:0,单次最大盈利:0 单次时间:2019-06-01 19:12:18;
	全局统计 BOXID:102	攻击次数:0,击杀次数:0,免伤次数:0,消耗:0,收益:0,单次最大盈利:0 单次时间:2019-06-01 19:12:18;
	全局统计 MONSTERID:300	攻击次数:0,免伤次数:0,击杀次数:0,消耗:0,收益:0,单次最大盈利:0 单次时间:2019-06-01 19:12:18;
	全局统计 MONSTERID:301	攻击次数:0,免伤次数:0,击杀次数:0,消耗:0,收益:0,单次最大盈利:0 单次时间:2019-06-01 19:12:18;
	全局统计 MONSTERID:302	攻击次数:0,免伤次数:0,击杀次数:0,消耗:0,收益:0,单次最大盈利:0 单次时间:2019-06-01 19:12:18;
	全局统计 MONSTERID:303	攻击次数:0,免伤次数:0,击杀次数:0,消耗:0,收益:0,单次最大盈利:0 单次时间:2019-06-01 19:12:18;
	全局统计 MONSTERID:304	攻击次数:0,免伤次数:0,击杀次数:0,消耗:0,收益:0,单次最大盈利:0 单次时间:2019-06-01 19:12:18;
	全局统计 MONSTERID:305	攻击次数:0,免伤次数:0,击杀次数:0,消耗:0,收益:0,单次最大盈利:0 单次时间:2019-06-01 19:12:18;
	全局统计 MONSTERID:306	攻击次数:0,免伤次数:0,击杀次数:0,消耗:0,收益:0,单次最大盈利:0 单次时间:2019-06-01 19:12:18;
	全局统计 MONSTERID:307	攻击次数:0,免伤次数:0,击杀次数:0,消耗:0,收益:0,单次最大盈利:0 单次时间:2019-06-01 19:12:18;
	全局统计 MONSTERID:311	攻击次数:0,免伤次数:0,击杀次数:0,消耗:0,收益:0,单次最大盈利:0 单次时间:2019-06-01 19:12:18;
	全局统计 MONSTERID:312	攻击次数:0,免伤次数:0,击杀次数:0,消耗:0,收益:0,单次最大盈利:0 单次时间:2019-06-01 19:12:18;
	全局统计 MONSTERID:313	攻击次数:0,免伤次数:0,击杀次数:0,消耗:0,收益:0,单次最大盈利:0 单次时间:2019-06-01 19:12:18;
	全局统计 MONSTERID:315	攻击次数:0,免伤次数:0,击杀次数:0,消耗:0,收益:0,单次最大盈利:0 单次时间:2019-06-01 19:12:18;
	全局统计 MONSTERID:401	攻击次数:0,免伤次数:0,击杀次数:0,消耗:0,收益:0,单次最大盈利:0 单次时间:2019-06-01 19:12:18;
	全局统计 MONSTERID:402	攻击次数:0,免伤次数:0,击杀次数:0,消耗:0,收益:0,单次最大盈利:0 单次时间:2019-06-01 19:12:18;
	全局统计 MONSTERID:403	攻击次数:0,免伤次数:0,击杀次数:0,消耗:0,收益:0,单次最大盈利:0 单次时间:2019-06-01 19:12:18;
	全局统计 ALLMONSTERID 消耗:0,收益:0,返回率:0.000000;
	全局统计 过敏源剧情 消耗:0,收益:0,返回率:0.000000;
	全局统计 小丑剧情 消耗:0,收益:0,返回率:0.000000;
	全局统计 总输赢:0 总消耗:-0 总收益:+0 总免伤次数:0 总免伤:0 返回率:0.000000 时间:2019-06-01_19_12_18
2019/06/01 19:42:18.056000 git.huoys.com/qp/cells/game_trace.polling 600 Info: log money polling....
	全局统计 翻牌统计: 攻击次数:0,击杀次数:0,免伤次数:0,空卡次数:0,宝箱次数:0,普通怪次数:0,Boss怪次数:0,消耗:0 收益:0 返回率:0.000000;
	全局统计 BOXID:100	攻击次数:0,击杀次数:0,免伤次数:0,消耗:0,收益:0,单次最大盈利:0 单次时间:2019-06-01 19:42:18;
	全局统计 BOXID:101	攻击次数:0,击杀次数:0,免伤次数:0,消耗:0,收益:0,单次最大盈利:0 单次时间:2019-06-01 19:42:18;
	全局统计 BOXID:102	攻击次数:0,击杀次数:0,免伤次数:0,消耗:0,收益:0,单次最大盈利:0 单次时间:2019-06-01 19:42:18;
	全局统计 MONSTERID:300	攻击次数:0,免伤次数:0,击杀次数:0,消耗:0,收益:0,单次最大盈利:0 单次时间:2019-06-01 19:42:18;
	全局统计 MONSTERID:301	攻击次数:0,免伤次数:0,击杀次数:0,消耗:0,收益:0,单次最大盈利:0 单次时间:2019-06-01 19:42:18;
	全局统计 MONSTERID:302	攻击次数:0,免伤次数:0,击杀次数:0,消耗:0,收益:0,单次最大盈利:0 单次时间:2019-06-01 19:42:18;
	全局统计 MONSTERID:303	攻击次数:0,免伤次数:0,击杀次数:0,消耗:0,收益:0,单次最大盈利:0 单次时间:2019-06-01 19:42:18;
	全局统计 MONSTERID:304	攻击次数:0,免伤次数:0,击杀次数:0,消耗:0,收益:0,单次最大盈利:0 单次时间:2019-06-01 19:42:18;
	全局统计 MONSTERID:305	攻击次数:0,免伤次数:0,击杀次数:0,消耗:0,收益:0,单次最大盈利:0 单次时间:2019-06-01 19:42:18;
	全局统计 MONSTERID:306	攻击次数:0,免伤次数:0,击杀次数:0,消耗:0,收益:0,单次最大盈利:0 单次时间:2019-06-01 19:42:18;
	全局统计 MONSTERID:307	攻击次数:0,免伤次数:0,击杀次数:0,消耗:0,收益:0,单次最大盈利:0 单次时间:2019-06-01 19:42:18;
	全局统计 MONSTERID:311	攻击次数:0,免伤次数:0,击杀次数:0,消耗:0,收益:0,单次最大盈利:0 单次时间:2019-06-01 19:42:18;
	全局统计 MONSTERID:312	攻击次数:0,免伤次数:0,击杀次数:0,消耗:0,收益:0,单次最大盈利:0 单次时间:2019-06-01 19:42:18;
	全局统计 MONSTERID:313	攻击次数:0,免伤次数:0,击杀次数:0,消耗:0,收益:0,单次最大盈利:0 单次时间:2019-06-01 19:42:18;
	全局统计 MONSTERID:315	攻击次数:0,免伤次数:0,击杀次数:0,消耗:0,收益:0,单次最大盈利:0 单次时间:2019-06-01 19:42:18;
	全局统计 MONSTERID:401	攻击次数:0,免伤次数:0,击杀次数:0,消耗:0,收益:0,单次最大盈利:0 单次时间:2019-06-01 19:42:18;
	全局统计 MONSTERID:402	攻击次数:0,免伤次数:0,击杀次数:0,消耗:0,收益:0,单次最大盈利:0 单次时间:2019-06-01 19:42:18;
	全局统计 MONSTERID:403	攻击次数:0,免伤次数:0,击杀次数:0,消耗:0,收益:0,单次最大盈利:0 单次时间:2019-06-01 19:42:18;
	全局统计 ALLMONSTERID 消耗:0,收益:0,返回率:0.000000;
	全局统计 过敏源剧情 消耗:0,收益:0,返回率:0.000000;
	全局统计 小丑剧情 消耗:0,收益:0,返回率:0.000000;
	全局统计 总输赢:0 总消耗:-0 总收益:+0 总免伤次数:0 总免伤:0 返回率:0.000000 时间:2019-06-01_19_42_18
2019/06/01 20:12:18.071000 git.huoys.com/qp/cells/game_trace.polling 600 Info: log money polling....
	全局统计 翻牌统计: 攻击次数:0,击杀次数:0,免伤次数:0,空卡次数:0,宝箱次数:0,普通怪次数:0,Boss怪次数:0,消耗:0 收益:0 返回率:0.000000;
	全局统计 BOXID:100	攻击次数:0,击杀次数:0,免伤次数:0,消耗:0,收益:0,单次最大盈利:0 单次时间:2019-06-01 20:12:18;
	全局统计 BOXID:101	攻击次数:0,击杀次数:0,免伤次数:0,消耗:0,收益:0,单次最大盈利:0 单次时间:2019-06-01 20:12:18;
	全局统计 BOXID:102	攻击次数:0,击杀次数:0,免伤次数:0,消耗:0,收益:0,单次最大盈利:0 单次时间:2019-06-01 20:12:18;
	全局统计 MONSTERID:300	攻击次数:0,免伤次数:0,击杀次数:0,消耗:0,收益:0,单次最大盈利:0 单次时间:2019-06-01 20:12:18;
	全局统计 MONSTERID:301	攻击次数:0,免伤次数:0,击杀次数:0,消耗:0,收益:0,单次最大盈利:0 单次时间:2019-06-01 20:12:18;
	全局统计 MONSTERID:302	攻击次数:0,免伤次数:0,击杀次数:0,消耗:0,收益:0,单次最大盈利:0 单次时间:2019-06-01 20:12:18;
	全局统计 MONSTERID:303	攻击次数:0,免伤次数:0,击杀次数:0,消耗:0,收益:0,单次最大盈利:0 单次时间:2019-06-01 20:12:18;
	全局统计 MONSTERID:304	攻击次数:0,免伤次数:0,击杀次数:0,消耗:0,收益:0,单次最大盈利:0 单次时间:2019-06-01 20:12:18;
	全局统计 MONSTERID:305	攻击次数:0,免伤次数:0,击杀次数:0,消耗:0,收益:0,单次最大盈利:0 单次时间:2019-06-01 20:12:18;
	全局统计 MONSTERID:306	攻击次数:0,免伤次数:0,击杀次数:0,消耗:0,收益:0,单次最大盈利:0 单次时间:2019-06-01 20:12:18;
	全局统计 MONSTERID:307	攻击次数:0,免伤次数:0,击杀次数:0,消耗:0,收益:0,单次最大盈利:0 单次时间:2019-06-01 20:12:18;
	全局统计 MONSTERID:311	攻击次数:0,免伤次数:0,击杀次数:0,消耗:0,收益:0,单次最大盈利:0 单次时间:2019-06-01 20:12:18;
	全局统计 MONSTERID:312	攻击次数:0,免伤次数:0,击杀次数:0,消耗:0,收益:0,单次最大盈利:0 单次时间:2019-06-01 20:12:18;
	全局统计 MONSTERID:313	攻击次数:0,免伤次数:0,击杀次数:0,消耗:0,收益:0,单次最大盈利:0 单次时间:2019-06-01 20:12:18;
	全局统计 MONSTERID:315	攻击次数:0,免伤次数:0,击杀次数:0,消耗:0,收益:0,单次最大盈利:0 单次时间:2019-06-01 20:12:18;
	全局统计 MONSTERID:401	攻击次数:0,免伤次数:0,击杀次数:0,消耗:0,收益:0,单次最大盈利:0 单次时间:2019-06-01 20:12:18;
	全局统计 MONSTERID:402	攻击次数:0,免伤次数:0,击杀次数:0,消耗:0,收益:0,单次最大盈利:0 单次时间:2019-06-01 20:12:18;
	全局统计 MONSTERID:403	攻击次数:0,免伤次数:0,击杀次数:0,消耗:0,收益:0,单次最大盈利:0 单次时间:2019-06-01 20:12:18;
	全局统计 ALLMONSTERID 消耗:0,收益:0,返回率:0.000000;
	全局统计 过敏源剧情 消耗:0,收益:0,返回率:0.000000;
	全局统计 小丑剧情 消耗:0,收益:0,返回率:0.000000;
	全局统计 总输赢:0 总消耗:-0 总收益:+0 总免伤次数:0 总免伤:0 返回率:0.000000 时间:2019-06-01_20_12_18
2019/06/01 20:42:18.069000 git.huoys.com/qp/cells/game_trace.polling 600 Info: log money polling....
	全局统计 翻牌统计: 攻击次数:0,击杀次数:0,免伤次数:0,空卡次数:0,宝箱次数:0,普通怪次数:0,Boss怪次数:0,消耗:0 收益:0 返回率:0.000000;
	全局统计 BOXID:100	攻击次数:0,击杀次数:0,免伤次数:0,消耗:0,收益:0,单次最大盈利:0 单次时间:2019-06-01 20:42:18;
	全局统计 BOXID:101	攻击次数:0,击杀次数:0,免伤次数:0,消耗:0,收益:0,单次最大盈利:0 单次时间:2019-06-01 20:42:18;
	全局统计 BOXID:102	攻击次数:0,击杀次数:0,免伤次数:0,消耗:0,收益:0,单次最大盈利:0 单次时间:2019-06-01 20:42:18;
	全局统计 MONSTERID:300	攻击次数:0,免伤次数:0,击杀次数:0,消耗:0,收益:0,单次最大盈利:0 单次时间:2019-06-01 20:42:18;
	全局统计 MONSTERID:301	攻击次数:0,免伤次数:0,击杀次数:0,消耗:0,收益:0,单次最大盈利:0 单次时间:2019-06-01 20:42:18;
	全局统计 MONSTERID:302	攻击次数:0,免伤次数:0,击杀次数:0,消耗:0,收益:0,单次最大盈利:0 单次时间:2019-06-01 20:42:18;
	全局统计 MONSTERID:303	攻击次数:0,免伤次数:0,击杀次数:0,消耗:0,收益:0,单次最大盈利:0 单次时间:2019-06-01 20:42:18;
	全局统计 MONSTERID:304	攻击次数:0,免伤次数:0,击杀次数:0,消耗:0,收益:0,单次最大盈利:0 单次时间:2019-06-01 20:42:18;
	全局统计 MONSTERID:305	攻击次数:0,免伤次数:0,击杀次数:0,消耗:0,收益:0,单次最大盈利:0 单次时间:2019-06-01 20:42:18;
	全局统计 MONSTERID:306	攻击次数:0,免伤次数:0,击杀次数:0,消耗:0,收益:0,单次最大盈利:0 单次时间:2019-06-01 20:42:18;
	全局统计 MONSTERID:307	攻击次数:0,免伤次数:0,击杀次数:0,消耗:0,收益:0,单次最大盈利:0 单次时间:2019-06-01 20:42:18;
	全局统计 MONSTERID:311	攻击次数:0,免伤次数:0,击杀次数:0,消耗:0,收益:0,单次最大盈利:0 单次时间:2019-06-01 20:42:18;
	全局统计 MONSTERID:312	攻击次数:0,免伤次数:0,击杀次数:0,消耗:0,收益:0,单次最大盈利:0 单次时间:2019-06-01 20:42:18;
	全局统计 MONSTERID:313	攻击次数:0,免伤次数:0,击杀次数:0,消耗:0,收益:0,单次最大盈利:0 单次时间:2019-06-01 20:42:18;
	全局统计 MONSTERID:315	攻击次数:0,免伤次数:0,击杀次数:0,消耗:0,收益:0,单次最大盈利:0 单次时间:2019-06-01 20:42:18;
	全局统计 MONSTERID:401	攻击次数:0,免伤次数:0,击杀次数:0,消耗:0,收益:0,单次最大盈利:0 单次时间:2019-06-01 20:42:18;
	全局统计 MONSTERID:402	攻击次数:0,免伤次数:0,击杀次数:0,消耗:0,收益:0,单次最大盈利:0 单次时间:2019-06-01 20:42:18;
	全局统计 MONSTERID:403	攻击次数:0,免伤次数:0,击杀次数:0,消耗:0,收益:0,单次最大盈利:0 单次时间:2019-06-01 20:42:18;
	全局统计 ALLMONSTERID 消耗:0,收益:0,返回率:0.000000;
	全局统计 过敏源剧情 消耗:0,收益:0,返回率:0.000000;
	全局统计 小丑剧情 消耗:0,收益:0,返回率:0.000000;
	全局统计 总输赢:0 总消耗:-0 总收益:+0 总免伤次数:0 总免伤:0 返回率:0.000000 时间:2019-06-01_20_42_18
2019/06/01 21:12:18.105000 git.huoys.com/qp/cells/game_trace.polling 600 Info: log money polling....
	全局统计 翻牌统计: 攻击次数:0,击杀次数:0,免伤次数:0,空卡次数:0,宝箱次数:0,普通怪次数:0,Boss怪次数:0,消耗:0 收益:0 返回率:0.000000;
	全局统计 BOXID:100	攻击次数:0,击杀次数:0,免伤次数:0,消耗:0,收益:0,单次最大盈利:0 单次时间:2019-06-01 21:12:18;
	全局统计 BOXID:101	攻击次数:0,击杀次数:0,免伤次数:0,消耗:0,收益:0,单次最大盈利:0 单次时间:2019-06-01 21:12:18;
	全局统计 BOXID:102	攻击次数:0,击杀次数:0,免伤次数:0,消耗:0,收益:0,单次最大盈利:0 单次时间:2019-06-01 21:12:18;
	全局统计 MONSTERID:300	攻击次数:0,免伤次数:0,击杀次数:0,消耗:0,收益:0,单次最大盈利:0 单次时间:2019-06-01 21:12:18;
	全局统计 MONSTERID:301	攻击次数:0,免伤次数:0,击杀次数:0,消耗:0,收益:0,单次最大盈利:0 单次时间:2019-06-01 21:12:18;
	全局统计 MONSTERID:302	攻击次数:0,免伤次数:0,击杀次数:0,消耗:0,收益:0,单次最大盈利:0 单次时间:2019-06-01 21:12:18;
	全局统计 MONSTERID:303	攻击次数:0,免伤次数:0,击杀次数:0,消耗:0,收益:0,单次最大盈利:0 单次时间:2019-06-01 21:12:18;
	全局统计 MONSTERID:304	攻击次数:0,免伤次数:0,击杀次数:0,消耗:0,收益:0,单次最大盈利:0 单次时间:2019-06-01 21:12:18;
	全局统计 MONSTERID:305	攻击次数:0,免伤次数:0,击杀次数:0,消耗:0,收益:0,单次最大盈利:0 单次时间:2019-06-01 21:12:18;
	全局统计 MONSTERID:306	攻击次数:0,免伤次数:0,击杀次数:0,消耗:0,收益:0,单次最大盈利:0 单次时间:2019-06-01 21:12:18;
	全局统计 MONSTERID:307	攻击次数:0,免伤次数:0,击杀次数:0,消耗:0,收益:0,单次最大盈利:0 单次时间:2019-06-01 21:12:18;
	全局统计 MONSTERID:311	攻击次数:0,免伤次数:0,击杀次数:0,消耗:0,收益:0,单次最大盈利:0 单次时间:2019-06-01 21:12:18;
	全局统计 MONSTERID:312	攻击次数:0,免伤次数:0,击杀次数:0,消耗:0,收益:0,单次最大盈利:0 单次时间:2019-06-01 21:12:18;
	全局统计 MONSTERID:313	攻击次数:0,免伤次数:0,击杀次数:0,消耗:0,收益:0,单次最大盈利:0 单次时间:2019-06-01 21:12:18;
	全局统计 MONSTERID:315	攻击次数:0,免伤次数:0,击杀次数:0,消耗:0,收益:0,单次最大盈利:0 单次时间:2019-06-01 21:12:18;
	全局统计 MONSTERID:401	攻击次数:0,免伤次数:0,击杀次数:0,消耗:0,收益:0,单次最大盈利:0 单次时间:2019-06-01 21:12:18;
	全局统计 MONSTERID:402	攻击次数:0,免伤次数:0,击杀次数:0,消耗:0,收益:0,单次最大盈利:0 单次时间:2019-06-01 21:12:18;
	全局统计 MONSTERID:403	攻击次数:0,免伤次数:0,击杀次数:0,消耗:0,收益:0,单次最大盈利:0 单次时间:2019-06-01 21:12:18;
	全局统计 ALLMONSTERID 消耗:0,收益:0,返回率:0.000000;
	全局统计 过敏源剧情 消耗:0,收益:0,返回率:0.000000;
	全局统计 小丑剧情 消耗:0,收益:0,返回率:0.000000;
	全局统计 总输赢:0 总消耗:-0 总收益:+0 总免伤次数:0 总免伤:0 返回率:0.000000 时间:2019-06-01_21_12_18
2019/06/01 21:42:18.124000 git.huoys.com/qp/cells/game_trace.polling 600 Info: log money polling....
	全局统计 翻牌统计: 攻击次数:0,击杀次数:0,免伤次数:0,空卡次数:0,宝箱次数:0,普通怪次数:0,Boss怪次数:0,消耗:0 收益:0 返回率:0.000000;
	全局统计 BOXID:100	攻击次数:0,击杀次数:0,免伤次数:0,消耗:0,收益:0,单次最大盈利:0 单次时间:2019-06-01 21:42:18;
	全局统计 BOXID:101	攻击次数:0,击杀次数:0,免伤次数:0,消耗:0,收益:0,单次最大盈利:0 单次时间:2019-06-01 21:42:18;
	全局统计 BOXID:102	攻击次数:0,击杀次数:0,免伤次数:0,消耗:0,收益:0,单次最大盈利:0 单次时间:2019-06-01 21:42:18;
	全局统计 MONSTERID:300	攻击次数:0,免伤次数:0,击杀次数:0,消耗:0,收益:0,单次最大盈利:0 单次时间:2019-06-01 21:42:18;
	全局统计 MONSTERID:301	攻击次数:0,免伤次数:0,击杀次数:0,消耗:0,收益:0,单次最大盈利:0 单次时间:2019-06-01 21:42:18;
	全局统计 MONSTERID:302	攻击次数:0,免伤次数:0,击杀次数:0,消耗:0,收益:0,单次最大盈利:0 单次时间:2019-06-01 21:42:18;
	全局统计 MONSTERID:303	攻击次数:0,免伤次数:0,击杀次数:0,消耗:0,收益:0,单次最大盈利:0 单次时间:2019-06-01 21:42:18;
	全局统计 MONSTERID:304	攻击次数:0,免伤次数:0,击杀次数:0,消耗:0,收益:0,单次最大盈利:0 单次时间:2019-06-01 21:42:18;
	全局统计 MONSTERID:305	攻击次数:0,免伤次数:0,击杀次数:0,消耗:0,收益:0,单次最大盈利:0 单次时间:2019-06-01 21:42:18;
	全局统计 MONSTERID:306	攻击次数:0,免伤次数:0,击杀次数:0,消耗:0,收益:0,单次最大盈利:0 单次时间:2019-06-01 21:42:18;
	全局统计 MONSTERID:307	攻击次数:0,免伤次数:0,击杀次数:0,消耗:0,收益:0,单次最大盈利:0 单次时间:2019-06-01 21:42:18;
	全局统计 MONSTERID:311	攻击次数:0,免伤次数:0,击杀次数:0,消耗:0,收益:0,单次最大盈利:0 单次时间:2019-06-01 21:42:18;
	全局统计 MONSTERID:312	攻击次数:0,免伤次数:0,击杀次数:0,消耗:0,收益:0,单次最大盈利:0 单次时间:2019-06-01 21:42:18;
	全局统计 MONSTERID:313	攻击次数:0,免伤次数:0,击杀次数:0,消耗:0,收益:0,单次最大盈利:0 单次时间:2019-06-01 21:42:18;
	全局统计 MONSTERID:315	攻击次数:0,免伤次数:0,击杀次数:0,消耗:0,收益:0,单次最大盈利:0 单次时间:2019-06-01 21:42:18;
	全局统计 MONSTERID:401	攻击次数:0,免伤次数:0,击杀次数:0,消耗:0,收益:0,单次最大盈利:0 单次时间:2019-06-01 21:42:18;
	全局统计 MONSTERID:402	攻击次数:0,免伤次数:0,击杀次数:0,消耗:0,收益:0,单次最大盈利:0 单次时间:2019-06-01 21:42:18;
	全局统计 MONSTERID:403	攻击次数:0,免伤次数:0,击杀次数:0,消耗:0,收益:0,单次最大盈利:0 单次时间:2019-06-01 21:42:18;
	全局统计 ALLMONSTERID 消耗:0,收益:0,返回率:0.000000;
	全局统计 过敏源剧情 消耗:0,收益:0,返回率:0.000000;
	全局统计 小丑剧情 消耗:0,收益:0,返回率:0.000000;
	全局统计 总输赢:0 总消耗:-0 总收益:+0 总免伤次数:0 总免伤:0 返回率:0.000000 时间:2019-06-01_21_42_18
2019/06/01 22:12:18.139000 git.huoys.com/qp/cells/game_trace.polling 600 Info: log money polling....
	全局统计 翻牌统计: 攻击次数:0,击杀次数:0,免伤次数:0,空卡次数:0,宝箱次数:0,普通怪次数:0,Boss怪次数:0,消耗:0 收益:0 返回率:0.000000;
	全局统计 BOXID:100	攻击次数:0,击杀次数:0,免伤次数:0,消耗:0,收益:0,单次最大盈利:0 单次时间:2019-06-01 22:12:18;
	全局统计 BOXID:101	攻击次数:0,击杀次数:0,免伤次数:0,消耗:0,收益:0,单次最大盈利:0 单次时间:2019-06-01 22:12:18;
	全局统计 BOXID:102	攻击次数:0,击杀次数:0,免伤次数:0,消耗:0,收益:0,单次最大盈利:0 单次时间:2019-06-01 22:12:18;
	全局统计 MONSTERID:300	攻击次数:0,免伤次数:0,击杀次数:0,消耗:0,收益:0,单次最大盈利:0 单次时间:2019-06-01 22:12:18;
	全局统计 MONSTERID:301	攻击次数:0,免伤次数:0,击杀次数:0,消耗:0,收益:0,单次最大盈利:0 单次时间:2019-06-01 22:12:18;
	全局统计 MONSTERID:302	攻击次数:0,免伤次数:0,击杀次数:0,消耗:0,收益:0,单次最大盈利:0 单次时间:2019-06-01 22:12:18;
	全局统计 MONSTERID:303	攻击次数:0,免伤次数:0,击杀次数:0,消耗:0,收益:0,单次最大盈利:0 单次时间:2019-06-01 22:12:18;
	全局统计 MONSTERID:304	攻击次数:0,免伤次数:0,击杀次数:0,消耗:0,收益:0,单次最大盈利:0 单次时间:2019-06-01 22:12:18;
	全局统计 MONSTERID:305	攻击次数:0,免伤次数:0,击杀次数:0,消耗:0,收益:0,单次最大盈利:0 单次时间:2019-06-01 22:12:18;
	全局统计 MONSTERID:306	攻击次数:0,免伤次数:0,击杀次数:0,消耗:0,收益:0,单次最大盈利:0 单次时间:2019-06-01 22:12:18;
	全局统计 MONSTERID:307	攻击次数:0,免伤次数:0,击杀次数:0,消耗:0,收益:0,单次最大盈利:0 单次时间:2019-06-01 22:12:18;
	全局统计 MONSTERID:311	攻击次数:0,免伤次数:0,击杀次数:0,消耗:0,收益:0,单次最大盈利:0 单次时间:2019-06-01 22:12:18;
	全局统计 MONSTERID:312	攻击次数:0,免伤次数:0,击杀次数:0,消耗:0,收益:0,单次最大盈利:0 单次时间:2019-06-01 22:12:18;
	全局统计 MONSTERID:313	攻击次数:0,免伤次数:0,击杀次数:0,消耗:0,收益:0,单次最大盈利:0 单次时间:2019-06-01 22:12:18;
	全局统计 MONSTERID:315	攻击次数:0,免伤次数:0,击杀次数:0,消耗:0,收益:0,单次最大盈利:0 单次时间:2019-06-01 22:12:18;
	全局统计 MONSTERID:401	攻击次数:0,免伤次数:0,击杀次数:0,消耗:0,收益:0,单次最大盈利:0 单次时间:2019-06-01 22:12:18;
	全局统计 MONSTERID:402	攻击次数:0,免伤次数:0,击杀次数:0,消耗:0,收益:0,单次最大盈利:0 单次时间:2019-06-01 22:12:18;
	全局统计 MONSTERID:403	攻击次数:0,免伤次数:0,击杀次数:0,消耗:0,收益:0,单次最大盈利:0 单次时间:2019-06-01 22:12:18;
	全局统计 ALLMONSTERID 消耗:0,收益:0,返回率:0.000000;
	全局统计 过敏源剧情 消耗:0,收益:0,返回率:0.000000;
	全局统计 小丑剧情 消耗:0,收益:0,返回率:0.000000;
	全局统计 总输赢:0 总消耗:-0 总收益:+0 总免伤次数:0 总免伤:0 返回率:0.000000 时间:2019-06-01_22_12_18
2019/06/01 22:42:18.155000 git.huoys.com/qp/cells/game_trace.polling 600 Info: log money polling....
	全局统计 翻牌统计: 攻击次数:0,击杀次数:0,免伤次数:0,空卡次数:0,宝箱次数:0,普通怪次数:0,Boss怪次数:0,消耗:0 收益:0 返回率:0.000000;
	全局统计 BOXID:100	攻击次数:0,击杀次数:0,免伤次数:0,消耗:0,收益:0,单次最大盈利:0 单次时间:2019-06-01 22:42:18;
	全局统计 BOXID:101	攻击次数:0,击杀次数:0,免伤次数:0,消耗:0,收益:0,单次最大盈利:0 单次时间:2019-06-01 22:42:18;
	全局统计 BOXID:102	攻击次数:0,击杀次数:0,免伤次数:0,消耗:0,收益:0,单次最大盈利:0 单次时间:2019-06-01 22:42:18;
	全局统计 MONSTERID:300	攻击次数:0,免伤次数:0,击杀次数:0,消耗:0,收益:0,单次最大盈利:0 单次时间:2019-06-01 22:42:18;
	全局统计 MONSTERID:301	攻击次数:0,免伤次数:0,击杀次数:0,消耗:0,收益:0,单次最大盈利:0 单次时间:2019-06-01 22:42:18;
	全局统计 MONSTERID:302	攻击次数:0,免伤次数:0,击杀次数:0,消耗:0,收益:0,单次最大盈利:0 单次时间:2019-06-01 22:42:18;
	全局统计 MONSTERID:303	攻击次数:0,免伤次数:0,击杀次数:0,消耗:0,收益:0,单次最大盈利:0 单次时间:2019-06-01 22:42:18;
	全局统计 MONSTERID:304	攻击次数:0,免伤次数:0,击杀次数:0,消耗:0,收益:0,单次最大盈利:0 单次时间:2019-06-01 22:42:18;
	全局统计 MONSTERID:305	攻击次数:0,免伤次数:0,击杀次数:0,消耗:0,收益:0,单次最大盈利:0 单次时间:2019-06-01 22:42:18;
	全局统计 MONSTERID:306	攻击次数:0,免伤次数:0,击杀次数:0,消耗:0,收益:0,单次最大盈利:0 单次时间:2019-06-01 22:42:18;
	全局统计 MONSTERID:307	攻击次数:0,免伤次数:0,击杀次数:0,消耗:0,收益:0,单次最大盈利:0 单次时间:2019-06-01 22:42:18;
	全局统计 MONSTERID:311	攻击次数:0,免伤次数:0,击杀次数:0,消耗:0,收益:0,单次最大盈利:0 单次时间:2019-06-01 22:42:18;
	全局统计 MONSTERID:312	攻击次数:0,免伤次数:0,击杀次数:0,消耗:0,收益:0,单次最大盈利:0 单次时间:2019-06-01 22:42:18;
	全局统计 MONSTERID:313	攻击次数:0,免伤次数:0,击杀次数:0,消耗:0,收益:0,单次最大盈利:0 单次时间:2019-06-01 22:42:18;
	全局统计 MONSTERID:315	攻击次数:0,免伤次数:0,击杀次数:0,消耗:0,收益:0,单次最大盈利:0 单次时间:2019-06-01 22:42:18;
	全局统计 MONSTERID:401	攻击次数:0,免伤次数:0,击杀次数:0,消耗:0,收益:0,单次最大盈利:0 单次时间:2019-06-01 22:42:18;
	全局统计 MONSTERID:402	攻击次数:0,免伤次数:0,击杀次数:0,消耗:0,收益:0,单次最大盈利:0 单次时间:2019-06-01 22:42:18;
	全局统计 MONSTERID:403	攻击次数:0,免伤次数:0,击杀次数:0,消耗:0,收益:0,单次最大盈利:0 单次时间:2019-06-01 22:42:18;
	全局统计 ALLMONSTERID 消耗:0,收益:0,返回率:0.000000;
	全局统计 过敏源剧情 消耗:0,收益:0,返回率:0.000000;
	全局统计 小丑剧情 消耗:0,收益:0,返回率:0.000000;
	全局统计 总输赢:0 总消耗:-0 总收益:+0 总免伤次数:0 总免伤:0 返回率:0.000000 时间:2019-06-01_22_42_18
2019/06/01 23:12:18.177000 git.huoys.com/qp/cells/game_trace.polling 600 Info: log money polling....
	全局统计 翻牌统计: 攻击次数:0,击杀次数:0,免伤次数:0,空卡次数:0,宝箱次数:0,普通怪次数:0,Boss怪次数:0,消耗:0 收益:0 返回率:0.000000;
	全局统计 BOXID:100	攻击次数:0,击杀次数:0,免伤次数:0,消耗:0,收益:0,单次最大盈利:0 单次时间:2019-06-01 23:12:18;
	全局统计 BOXID:101	攻击次数:0,击杀次数:0,免伤次数:0,消耗:0,收益:0,单次最大盈利:0 单次时间:2019-06-01 23:12:18;
	全局统计 BOXID:102	攻击次数:0,击杀次数:0,免伤次数:0,消耗:0,收益:0,单次最大盈利:0 单次时间:2019-06-01 23:12:18;
	全局统计 MONSTERID:300	攻击次数:0,免伤次数:0,击杀次数:0,消耗:0,收益:0,单次最大盈利:0 单次时间:2019-06-01 23:12:18;
	全局统计 MONSTERID:301	攻击次数:0,免伤次数:0,击杀次数:0,消耗:0,收益:0,单次最大盈利:0 单次时间:2019-06-01 23:12:18;
	全局统计 MONSTERID:302	攻击次数:0,免伤次数:0,击杀次数:0,消耗:0,收益:0,单次最大盈利:0 单次时间:2019-06-01 23:12:18;
	全局统计 MONSTERID:303	攻击次数:0,免伤次数:0,击杀次数:0,消耗:0,收益:0,单次最大盈利:0 单次时间:2019-06-01 23:12:18;
	全局统计 MONSTERID:304	攻击次数:0,免伤次数:0,击杀次数:0,消耗:0,收益:0,单次最大盈利:0 单次时间:2019-06-01 23:12:18;
	全局统计 MONSTERID:305	攻击次数:0,免伤次数:0,击杀次数:0,消耗:0,收益:0,单次最大盈利:0 单次时间:2019-06-01 23:12:18;
	全局统计 MONSTERID:306	攻击次数:0,免伤次数:0,击杀次数:0,消耗:0,收益:0,单次最大盈利:0 单次时间:2019-06-01 23:12:18;
	全局统计 MONSTERID:307	攻击次数:0,免伤次数:0,击杀次数:0,消耗:0,收益:0,单次最大盈利:0 单次时间:2019-06-01 23:12:18;
	全局统计 MONSTERID:311	攻击次数:0,免伤次数:0,击杀次数:0,消耗:0,收益:0,单次最大盈利:0 单次时间:2019-06-01 23:12:18;
	全局统计 MONSTERID:312	攻击次数:0,免伤次数:0,击杀次数:0,消耗:0,收益:0,单次最大盈利:0 单次时间:2019-06-01 23:12:18;
	全局统计 MONSTERID:313	攻击次数:0,免伤次数:0,击杀次数:0,消耗:0,收益:0,单次最大盈利:0 单次时间:2019-06-01 23:12:18;
	全局统计 MONSTERID:315	攻击次数:0,免伤次数:0,击杀次数:0,消耗:0,收益:0,单次最大盈利:0 单次时间:2019-06-01 23:12:18;
	全局统计 MONSTERID:401	攻击次数:0,免伤次数:0,击杀次数:0,消耗:0,收益:0,单次最大盈利:0 单次时间:2019-06-01 23:12:18;
	全局统计 MONSTERID:402	攻击次数:0,免伤次数:0,击杀次数:0,消耗:0,收益:0,单次最大盈利:0 单次时间:2019-06-01 23:12:18;
	全局统计 MONSTERID:403	攻击次数:0,免伤次数:0,击杀次数:0,消耗:0,收益:0,单次最大盈利:0 单次时间:2019-06-01 23:12:18;
	全局统计 ALLMONSTERID 消耗:0,收益:0,返回率:0.000000;
	全局统计 过敏源剧情 消耗:0,收益:0,返回率:0.000000;
	全局统计 小丑剧情 消耗:0,收益:0,返回率:0.000000;
	全局统计 总输赢:0 总消耗:-0 总收益:+0 总免伤次数:0 总免伤:0 返回率:0.000000 时间:2019-06-01_23_12_18
2019/06/01 23:42:18.174000 git.huoys.com/qp/cells/game_trace.polling 600 Info: log money polling....
	全局统计 翻牌统计: 攻击次数:0,击杀次数:0,免伤次数:0,空卡次数:0,宝箱次数:0,普通怪次数:0,Boss怪次数:0,消耗:0 收益:0 返回率:0.000000;
	全局统计 BOXID:100	攻击次数:0,击杀次数:0,免伤次数:0,消耗:0,收益:0,单次最大盈利:0 单次时间:2019-06-01 23:42:18;
	全局统计 BOXID:101	攻击次数:0,击杀次数:0,免伤次数:0,消耗:0,收益:0,单次最大盈利:0 单次时间:2019-06-01 23:42:18;
	全局统计 BOXID:102	攻击次数:0,击杀次数:0,免伤次数:0,消耗:0,收益:0,单次最大盈利:0 单次时间:2019-06-01 23:42:18;
	全局统计 MONSTERID:300	攻击次数:0,免伤次数:0,击杀次数:0,消耗:0,收益:0,单次最大盈利:0 单次时间:2019-06-01 23:42:18;
	全局统计 MONSTERID:301	攻击次数:0,免伤次数:0,击杀次数:0,消耗:0,收益:0,单次最大盈利:0 单次时间:2019-06-01 23:42:18;
	全局统计 MONSTERID:302	攻击次数:0,免伤次数:0,击杀次数:0,消耗:0,收益:0,单次最大盈利:0 单次时间:2019-06-01 23:42:18;
	全局统计 MONSTERID:303	攻击次数:0,免伤次数:0,击杀次数:0,消耗:0,收益:0,单次最大盈利:0 单次时间:2019-06-01 23:42:18;
	全局统计 MONSTERID:304	攻击次数:0,免伤次数:0,击杀次数:0,消耗:0,收益:0,单次最大盈利:0 单次时间:2019-06-01 23:42:18;
	全局统计 MONSTERID:305	攻击次数:0,免伤次数:0,击杀次数:0,消耗:0,收益:0,单次最大盈利:0 单次时间:2019-06-01 23:42:18;
	全局统计 MONSTERID:306	攻击次数:0,免伤次数:0,击杀次数:0,消耗:0,收益:0,单次最大盈利:0 单次时间:2019-06-01 23:42:18;
	全局统计 MONSTERID:307	攻击次数:0,免伤次数:0,击杀次数:0,消耗:0,收益:0,单次最大盈利:0 单次时间:2019-06-01 23:42:18;
	全局统计 MONSTERID:311	攻击次数:0,免伤次数:0,击杀次数:0,消耗:0,收益:0,单次最大盈利:0 单次时间:2019-06-01 23:42:18;
	全局统计 MONSTERID:312	攻击次数:0,免伤次数:0,击杀次数:0,消耗:0,收益:0,单次最大盈利:0 单次时间:2019-06-01 23:42:18;
	全局统计 MONSTERID:313	攻击次数:0,免伤次数:0,击杀次数:0,消耗:0,收益:0,单次最大盈利:0 单次时间:2019-06-01 23:42:18;
	全局统计 MONSTERID:315	攻击次数:0,免伤次数:0,击杀次数:0,消耗:0,收益:0,单次最大盈利:0 单次时间:2019-06-01 23:42:18;
	全局统计 MONSTERID:401	攻击次数:0,免伤次数:0,击杀次数:0,消耗:0,收益:0,单次最大盈利:0 单次时间:2019-06-01 23:42:18;
	全局统计 MONSTERID:402	攻击次数:0,免伤次数:0,击杀次数:0,消耗:0,收益:0,单次最大盈利:0 单次时间:2019-06-01 23:42:18;
	全局统计 MONSTERID:403	攻击次数:0,免伤次数:0,击杀次数:0,消耗:0,收益:0,单次最大盈利:0 单次时间:2019-06-01 23:42:18;
	全局统计 ALLMONSTERID 消耗:0,收益:0,返回率:0.000000;
	全局统计 过敏源剧情 消耗:0,收益:0,返回率:0.000000;
	全局统计 小丑剧情 消耗:0,收益:0,返回率:0.000000;
	全局统计 总输赢:0 总消耗:-0 总收益:+0 总免伤次数:0 总免伤:0 返回率:0.000000 时间:2019-06-01_23_42_18
