2019/05/21 15:11:37.035200 git.huoys.com/qp/cells/game_trace.polling 557 Info: log money polling....
	全局统计 翻牌统计: 攻击次数:0,击杀次数:0,免伤次数:0,空卡次数:0,宝箱次数:0,普通怪次数:0,Boss怪次数:0,消耗:0 收益:0 返回率:0.000000;
	全局统计 ALLMONSTERID 消耗:0,收益:0,返回率:0.000000;
	全局统计 过敏源剧情 消耗:0,收益:0,返回率:0.000000;
	全局统计 总输赢:0 总消耗:-0 总收益:+0 总免伤次数:0 总免伤:0 返回率:0.000000 时间:2019-05-21_15_11_37
2019/05/21 15:29:50.043200 git.huoys.com/qp/cells/game_trace.LogSettle 473 Info: 	 单局结算 uid:150016 剩余金币:107167030 消耗:540000 收益:0 写分增量:-540000 阵容变化:[201,200,202,],[201,200,202,],[201,200,202,], 
2019/05/21 15:29:50.119200 git.huoys.com/qp/cells/game_trace.LeaveGame 458 Info: 
Enter=>ID:150016 Money:107707030 '2019-05-21 15:29:35'
Match=>ID :150016 玩家消耗金额:-540000 玩家赢取金额:+0 返还率:0.000000 单个最高的结算金额:0 从进入到退出之间的最大余额:107707030
Leave=>ID:150016 Money:107167030 '2019-05-21 15:29:50'
	ID:150016 翻牌统计: 攻击次数:0,击杀次数:0,免伤次数:0,空卡次数:0,宝箱次数:0,普通怪次数:0,Boss怪次数:0,消耗:0 收益:0 返回率:0.000000;
	ID:150016 ALLMONSTERID 消耗:0,收益:0,返回率:0.000000;
	ID:150016 过敏源剧情 消耗:540000,收益:0,返回率:0.000000;
2019/05/21 15:41:38.090200 git.huoys.com/qp/cells/game_trace.polling 557 Info: log money polling....
	全局统计 翻牌统计: 攻击次数:0,击杀次数:0,免伤次数:0,空卡次数:0,宝箱次数:0,普通怪次数:0,Boss怪次数:0,消耗:0 收益:0 返回率:0.000000;
	全局统计 ALLMONSTERID 消耗:0,收益:0,返回率:0.000000;
	全局统计 过敏源剧情 消耗:540000,收益:0,返回率:0.000000;
	全局统计 总输赢:-540000 总消耗:-540000 总收益:+0 总免伤次数:0 总免伤:0 返回率:0.000000 时间:2019-05-21_15_41_38
2019/05/21 15:55:02.202200 git.huoys.com/qp/cells/module/room/logic/storysys.(*Allergen).CalcSettle 322 Info: Allergen Settle uid:150016 entermoney:104587030 2019-05-21_15_54_28 lockratio:30000 totaltimes:150 consume:60000 groupindex:23 group:{Weight:30 Detail:[1 1 1 0 0] RewardTimes:150} attack:0-1200000,1-1500000,2-1800000,3-0,4-0, reward:4500000 levemoney:109087030 2019-05-21_15_55_02
2019/05/21 15:55:12.817200 git.huoys.com/qp/cells/game_trace.LogSettle 473 Info: 	 单局结算 uid:150016 剩余金币:109087030 消耗:2580000 收益:4500000 写分增量:1920000 阵容变化:[201,200,202,],[201,200,202,],[201,200,202,],[201,200,202,],[201,200,202,],[201,200,202,], 
2019/05/21 15:55:12.861200 git.huoys.com/qp/cells/game_trace.LeaveGame 458 Info: 
Enter=>ID:150016 Money:107167030 '2019-05-21 15:54:07'
Match=>ID :150016 玩家消耗金额:-2580000 玩家赢取金额:+4500000 返还率:1.744186 单个最高的结算金额:1800000 从进入到退出之间的最大余额:109087030
Leave=>ID:150016 Money:109087030 '2019-05-21 15:55:12'
	ID:150016 翻牌统计: 攻击次数:0,击杀次数:0,免伤次数:0,空卡次数:0,宝箱次数:0,普通怪次数:0,Boss怪次数:0,消耗:0 收益:0 返回率:0.000000;
	ID:150016 ALLMONSTERID 消耗:0,收益:0,返回率:0.000000;
	ID:150016 过敏源剧情 消耗:2580000,收益:4500000,返回率:1.744186;
2019/05/21 16:05:39.240200 git.huoys.com/qp/cells/module/room/logic/storysys.(*Allergen).CalcSettle 322 Info: Allergen Settle uid:150016 entermoney:102907030 2019-05-21_16_05_24 lockratio:30000 totaltimes:70 consume:60000 groupindex:15 group:{Weight:20 Detail:[0 1 1 0 0] RewardTimes:70} attack:0-0,1-600000,2-1500000,3-0,4-0, reward:2100000 levemoney:105007030 2019-05-21_16_05_39
2019/05/21 16:05:58.991200 git.huoys.com/qp/cells/module/room/logic/storysys.(*Allergen).CalcSettle 322 Info: Allergen Settle uid:150016 entermoney:104137030 2019-05-21_16_05_55 lockratio:30000 totaltimes:90 consume:60000 groupindex:20 group:{Weight:20 Detail:[0 1 0 1 1] RewardTimes:90} attack: reward:2700000 levemoney:106837030 2019-05-21_16_05_58
2019/05/21 16:05:58.993200 git.huoys.com/qp/cells/game_trace.LogSettle 473 Info: 	 单局结算 uid:150016 剩余金币:106837030 消耗:7920000 收益:5670000 写分增量:-2250000 阵容变化:[201,200,202,],[201,200,202,],[201,200,202,],[201,200,202,],[201,200,202,],[201,200,202,], 
2019/05/21 16:05:59.030200 git.huoys.com/qp/cells/game_trace.LeaveGame 458 Info: 
Enter=>ID:150016 Money:109087030 '2019-05-21 16:04:41'
Match=>ID :150016 玩家消耗金额:-7920000 玩家赢取金额:+5670000 返还率:0.715909 单个最高的结算金额:2700000 从进入到退出之间的最大余额:109087030
Leave=>ID:150016 Money:106837030 '2019-05-21 16:05:59'
	ID:150016 翻牌统计: 攻击次数:13,击杀次数:0,免伤次数:0,空卡次数:1,宝箱次数:1,普通怪次数:11,Boss怪次数:0,消耗:780000 收益:330000 返回率:0.423077;
	ID:150016 BOXID:100	攻击次数:7,击杀次数:1,免伤次数:0,消耗:420000,收益:330000,单次最大盈利:330000 单次时间:2019-05-21 16:05:51;
	ID:150016 BOXID:101	攻击次数:4,击杀次数:0,免伤次数:0,消耗:240000,收益:0,单次最大盈利:0 单次时间:1970-01-01 08:00:00;
	ID:150016 BOXID:102	攻击次数:2,击杀次数:0,免伤次数:0,消耗:120000,收益:0,单次最大盈利:0 单次时间:1970-01-01 08:00:00;
	ID:150016 MONSTERID:301	攻击次数:2,免伤次数:0,击杀次数:1,消耗:120000,收益:60000,单次最大盈利:60000 单次时间:2019-05-21 16:05:53;
	ID:150016 MONSTERID:305	攻击次数:7,免伤次数:0,击杀次数:2,消耗:420000,收益:480000,单次最大盈利:300000 单次时间:2019-05-21 16:05:54;
	ID:150016 ALLMONSTERID 消耗:540000,收益:540000,返回率:1.000000;
	ID:150016 过敏源剧情 消耗:6600000,收益:4800000,返回率:0.727273;
2019/05/21 16:06:58.469200 git.huoys.com/qp/cells/game_trace.LogSettle 473 Info: 	 单局结算 uid:150016 剩余金币:106837030 消耗:0 收益:0 写分增量:0 阵容变化:[201,200,202,],[201,200,202,],[201,200,202,], 
2019/05/21 16:06:58.514200 git.huoys.com/qp/cells/game_trace.LeaveGame 458 Info: 
Enter=>ID:150016 Money:106837030 '2019-05-21 16:06:05'
Match=>ID :150016 玩家消耗金额:-0 玩家赢取金额:+0 返还率:0.000000 单个最高的结算金额:0 从进入到退出之间的最大余额:106837030
Leave=>ID:150016 Money:106837030 '2019-05-21 16:06:58'
	ID:150016 翻牌统计: 攻击次数:0,击杀次数:0,免伤次数:0,空卡次数:0,宝箱次数:0,普通怪次数:0,Boss怪次数:0,消耗:0 收益:0 返回率:0.000000;
	ID:150016 ALLMONSTERID 消耗:0,收益:0,返回率:0.000000;
	ID:150016 过敏源剧情 消耗:0,收益:0,返回率:0.000000;
2019/05/21 16:07:51.765200 git.huoys.com/qp/cells/module/room/logic/storysys.(*Allergen).CalcSettle 322 Info: Allergen Settle uid:150016 entermoney:103897030 2019-05-21_16_07_26 lockratio:30000 totaltimes:70 consume:60000 groupindex:15 group:{Weight:20 Detail:[0 1 1 0 0] RewardTimes:70} attack:0-0,1-600000,2-1500000,3-0,4-0, reward:2100000 levemoney:105997030 2019-05-21_16_07_51
2019/05/21 16:07:58.957200 git.huoys.com/qp/cells/game_trace.LogSettle 473 Info: 	 单局结算 uid:150016 剩余金币:105997030 消耗:2940000 收益:2100000 写分增量:-840000 阵容变化:[201,200,202,],[201,200,202,],[201,200,202,], 
2019/05/21 16:07:58.980200 git.huoys.com/qp/cells/game_trace.LeaveGame 458 Info: 
Enter=>ID:150016 Money:106837030 '2019-05-21 16:07:04'
Match=>ID :150016 玩家消耗金额:-2940000 玩家赢取金额:+2100000 返还率:0.714286 单个最高的结算金额:1500000 从进入到退出之间的最大余额:106837030
Leave=>ID:150016 Money:105997030 '2019-05-21 16:07:58'
	ID:150016 翻牌统计: 攻击次数:0,击杀次数:0,免伤次数:0,空卡次数:0,宝箱次数:0,普通怪次数:0,Boss怪次数:0,消耗:0 收益:0 返回率:0.000000;
	ID:150016 ALLMONSTERID 消耗:0,收益:0,返回率:0.000000;
	ID:150016 过敏源剧情 消耗:2940000,收益:2100000,返回率:0.714286;
2019/05/21 16:10:50.607200 git.huoys.com/qp/cells/module/room/logic/storysys.(*Allergen).CalcSettle 322 Info: Allergen Settle uid:150015 entermoney:72213190 2019-05-21_16_10_33 lockratio:30000 totaltimes:90 consume:60000 groupindex:20 group:{Weight:20 Detail:[0 1 0 1 1] RewardTimes:90} attack:0-0,1-600000,2-0,3-600000,4-1500000, reward:2700000 levemoney:74913190 2019-05-21_16_10_50
2019/05/21 16:11:03.178200 git.huoys.com/qp/cells/game_trace.LogSettle 473 Info: 	 单局结算 uid:150015 剩余金币:74913190 消耗:2520000 收益:2700000 写分增量:180000 阵容变化:[201,202,200,],[201,202,200,],[201,202,200,], 
2019/05/21 16:11:03.233200 git.huoys.com/qp/cells/game_trace.LeaveGame 458 Info: 
Enter=>ID:150015 Money:74733190 '2019-05-21 16:09:52'
Match=>ID :150015 玩家消耗金额:-2520000 玩家赢取金额:+2700000 返还率:1.071429 单个最高的结算金额:1500000 从进入到退出之间的最大余额:74913190
Leave=>ID:150015 Money:74913190 '2019-05-21 16:11:03'
	ID:150015 翻牌统计: 攻击次数:0,击杀次数:0,免伤次数:0,空卡次数:0,宝箱次数:0,普通怪次数:0,Boss怪次数:0,消耗:0 收益:0 返回率:0.000000;
	ID:150015 ALLMONSTERID 消耗:0,收益:0,返回率:0.000000;
	ID:150015 过敏源剧情 消耗:2520000,收益:2700000,返回率:1.071429;
2019/05/21 16:11:38.200200 git.huoys.com/qp/cells/game_trace.polling 557 Info: log money polling....
	全局统计 翻牌统计: 攻击次数:13,击杀次数:0,免伤次数:0,空卡次数:1,宝箱次数:1,普通怪次数:11,Boss怪次数:0,消耗:780000 收益:330000 返回率:0.423077;
	全局统计 BOXID:100	攻击次数:7,击杀次数:1,免伤次数:0,消耗:420000,收益:330000,单次最大盈利:330000 单次时间:2019-05-21 16:11:38;
	全局统计 BOXID:101	攻击次数:4,击杀次数:0,免伤次数:0,消耗:240000,收益:0,单次最大盈利:0 单次时间:2019-05-21 16:11:38;
	全局统计 BOXID:102	攻击次数:2,击杀次数:0,免伤次数:0,消耗:120000,收益:0,单次最大盈利:0 单次时间:2019-05-21 16:11:38;
	全局统计 MONSTERID:301	攻击次数:2,免伤次数:0,击杀次数:1,消耗:120000,收益:60000,单次最大盈利:60000 单次时间:2019-05-21 16:11:38;
	全局统计 MONSTERID:305	攻击次数:7,免伤次数:0,击杀次数:2,消耗:420000,收益:480000,单次最大盈利:300000 单次时间:2019-05-21 16:11:38;
	全局统计 ALLMONSTERID 消耗:540000,收益:540000,返回率:1.000000;
	全局统计 过敏源剧情 消耗:14640000,收益:14100000,返回率:0.963115;
	全局统计 总输赢:-990000 总消耗:-15960000 总收益:+14970000 总免伤次数:0 总免伤:0 返回率:0.937970 时间:2019-05-21_16_11_38
2019/05/21 16:12:41.486200 git.huoys.com/qp/cells/module/room/logic/storysys.(*Allergen).CalcSettle 322 Info: Allergen Settle uid:150015 entermoney:73773190 2019-05-21_16_12_11 lockratio:30000 totaltimes:70 consume:60000 groupindex:15 group:{Weight:20 Detail:[0 1 1 0 0] RewardTimes:70} attack:0-0,1-600000,2-1500000,3-0,4-0, reward:2100000 levemoney:75873190 2019-05-21_16_12_41
2019/05/21 16:13:26.500200 git.huoys.com/qp/cells/module/room/logic/storysys.(*Allergen).CalcSettle 322 Info: Allergen Settle uid:150015 entermoney:72573190 2019-05-21_16_13_14 lockratio:30000 totaltimes:70 consume:60000 groupindex:21 group:{Weight:20 Detail:[0 0 0 1 1] RewardTimes:70} attack: reward:2100000 levemoney:74673190 2019-05-21_16_13_26
2019/05/21 16:13:26.503200 git.huoys.com/qp/cells/game_trace.LogSettle 473 Info: 	 单局结算 uid:150015 剩余金币:74673190 消耗:6240000 收益:6000000 写分增量:-240000 阵容变化:[201,202,200,],[201,202,200,],[201,202,200,],[201,202,200,],[201,202,200,],[201,202,200,], 
2019/05/21 16:13:26.530200 git.huoys.com/qp/cells/game_trace.LeaveGame 458 Info: 
Enter=>ID:150015 Money:74913190 '2019-05-21 16:11:57'
Match=>ID :150015 玩家消耗金额:-6240000 玩家赢取金额:+6000000 返还率:0.961538 单个最高的结算金额:2100000 从进入到退出之间的最大余额:76593190
Leave=>ID:150015 Money:74673190 '2019-05-21 16:13:26'
	ID:150015 翻牌统计: 攻击次数:12,击杀次数:0,免伤次数:0,空卡次数:4,宝箱次数:1,普通怪次数:7,Boss怪次数:0,消耗:720000 收益:600000 返回率:0.833333;
	ID:150015 BOXID:100	攻击次数:6,击杀次数:0,免伤次数:0,消耗:360000,收益:0,单次最大盈利:0 单次时间:1970-01-01 08:00:00;
	ID:150015 BOXID:101	攻击次数:6,击杀次数:1,免伤次数:0,消耗:360000,收益:600000,单次最大盈利:600000 单次时间:2019-05-21 16:12:55;
	ID:150015 MONSTERID:300	攻击次数:1,免伤次数:0,击杀次数:1,消耗:60000,收益:120000,单次最大盈利:120000 单次时间:2019-05-21 16:12:55;
	ID:150015 MONSTERID:302	攻击次数:3,免伤次数:0,击杀次数:1,消耗:180000,收益:180000,单次最大盈利:180000 单次时间:2019-05-21 16:12:54;
	ID:150015 MONSTERID:304	攻击次数:1,免伤次数:0,击杀次数:1,消耗:60000,收益:270000,单次最大盈利:270000 单次时间:2019-05-21 16:12:56;
	ID:150015 MONSTERID:305	攻击次数:1,免伤次数:0,击杀次数:1,消耗:60000,收益:150000,单次最大盈利:150000 单次时间:2019-05-21 16:12:54;
	ID:150015 MONSTERID:307	攻击次数:1,免伤次数:0,击杀次数:1,消耗:60000,收益:480000,单次最大盈利:480000 单次时间:2019-05-21 16:12:56;
	ID:150015 ALLMONSTERID 消耗:420000,收益:1200000,返回率:2.857143;
	ID:150015 过敏源剧情 消耗:5100000,收益:4200000,返回率:0.823529;
2019/05/21 16:13:41.312200 git.huoys.com/qp/cells/game_trace.LogSettle 473 Info: 	 单局结算 uid:150015 剩余金币:74673190 消耗:0 收益:0 写分增量:0 阵容变化:[201,202,200,],[201,202,200,],[201,202,200,], 
2019/05/21 16:13:41.355200 git.huoys.com/qp/cells/game_trace.LeaveGame 458 Info: 
Enter=>ID:150015 Money:74673190 '2019-05-21 16:13:35'
Match=>ID :150015 玩家消耗金额:-0 玩家赢取金额:+0 返还率:0.000000 单个最高的结算金额:0 从进入到退出之间的最大余额:74673190
Leave=>ID:150015 Money:74673190 '2019-05-21 16:13:41'
	ID:150015 翻牌统计: 攻击次数:0,击杀次数:0,免伤次数:0,空卡次数:0,宝箱次数:0,普通怪次数:0,Boss怪次数:0,消耗:0 收益:0 返回率:0.000000;
	ID:150015 ALLMONSTERID 消耗:0,收益:0,返回率:0.000000;
	ID:150015 过敏源剧情 消耗:0,收益:0,返回率:0.000000;
2019/05/21 16:41:38.231200 git.huoys.com/qp/cells/game_trace.polling 557 Info: log money polling....
	全局统计 翻牌统计: 攻击次数:12,击杀次数:0,免伤次数:0,空卡次数:4,宝箱次数:1,普通怪次数:7,Boss怪次数:0,消耗:720000 收益:600000 返回率:0.833333;
	全局统计 BOXID:100	攻击次数:6,击杀次数:0,免伤次数:0,消耗:360000,收益:0,单次最大盈利:0 单次时间:2019-05-21 16:41:38;
	全局统计 BOXID:101	攻击次数:6,击杀次数:1,免伤次数:0,消耗:360000,收益:600000,单次最大盈利:600000 单次时间:2019-05-21 16:41:38;
	全局统计 BOXID:102	攻击次数:0,击杀次数:0,免伤次数:0,消耗:0,收益:0,单次最大盈利:0 单次时间:2019-05-21 16:41:38;
	全局统计 MONSTERID:300	攻击次数:1,免伤次数:0,击杀次数:1,消耗:60000,收益:120000,单次最大盈利:120000 单次时间:2019-05-21 16:41:38;
	全局统计 MONSTERID:301	攻击次数:0,免伤次数:0,击杀次数:0,消耗:0,收益:0,单次最大盈利:0 单次时间:2019-05-21 16:41:38;
	全局统计 MONSTERID:302	攻击次数:3,免伤次数:0,击杀次数:1,消耗:180000,收益:180000,单次最大盈利:180000 单次时间:2019-05-21 16:41:38;
	全局统计 MONSTERID:304	攻击次数:1,免伤次数:0,击杀次数:1,消耗:60000,收益:270000,单次最大盈利:270000 单次时间:2019-05-21 16:41:38;
	全局统计 MONSTERID:305	攻击次数:1,免伤次数:0,击杀次数:1,消耗:60000,收益:150000,单次最大盈利:150000 单次时间:2019-05-21 16:41:38;
	全局统计 MONSTERID:307	攻击次数:1,免伤次数:0,击杀次数:1,消耗:60000,收益:480000,单次最大盈利:480000 单次时间:2019-05-21 16:41:38;
	全局统计 ALLMONSTERID 消耗:420000,收益:1200000,返回率:2.857143;
	全局统计 过敏源剧情 消耗:5100000,收益:4200000,返回率:0.823529;
	全局统计 总输赢:-240000 总消耗:-6240000 总收益:+6000000 总免伤次数:0 总免伤:0 返回率:0.961538 时间:2019-05-21_16_41_38
2019/05/21 17:11:38.282200 git.huoys.com/qp/cells/game_trace.polling 557 Info: log money polling....
	全局统计 翻牌统计: 攻击次数:0,击杀次数:0,免伤次数:0,空卡次数:0,宝箱次数:0,普通怪次数:0,Boss怪次数:0,消耗:0 收益:0 返回率:0.000000;
	全局统计 BOXID:100	攻击次数:0,击杀次数:0,免伤次数:0,消耗:0,收益:0,单次最大盈利:0 单次时间:2019-05-21 17:11:38;
	全局统计 BOXID:101	攻击次数:0,击杀次数:0,免伤次数:0,消耗:0,收益:0,单次最大盈利:0 单次时间:2019-05-21 17:11:38;
	全局统计 BOXID:102	攻击次数:0,击杀次数:0,免伤次数:0,消耗:0,收益:0,单次最大盈利:0 单次时间:2019-05-21 17:11:38;
	全局统计 MONSTERID:300	攻击次数:0,免伤次数:0,击杀次数:0,消耗:0,收益:0,单次最大盈利:0 单次时间:2019-05-21 17:11:38;
	全局统计 MONSTERID:301	攻击次数:0,免伤次数:0,击杀次数:0,消耗:0,收益:0,单次最大盈利:0 单次时间:2019-05-21 17:11:38;
	全局统计 MONSTERID:302	攻击次数:0,免伤次数:0,击杀次数:0,消耗:0,收益:0,单次最大盈利:0 单次时间:2019-05-21 17:11:38;
	全局统计 MONSTERID:304	攻击次数:0,免伤次数:0,击杀次数:0,消耗:0,收益:0,单次最大盈利:0 单次时间:2019-05-21 17:11:38;
	全局统计 MONSTERID:305	攻击次数:0,免伤次数:0,击杀次数:0,消耗:0,收益:0,单次最大盈利:0 单次时间:2019-05-21 17:11:38;
	全局统计 MONSTERID:307	攻击次数:0,免伤次数:0,击杀次数:0,消耗:0,收益:0,单次最大盈利:0 单次时间:2019-05-21 17:11:38;
	全局统计 ALLMONSTERID 消耗:0,收益:0,返回率:0.000000;
	全局统计 过敏源剧情 消耗:0,收益:0,返回率:0.000000;
	全局统计 总输赢:0 总消耗:-0 总收益:+0 总免伤次数:0 总免伤:0 返回率:0.000000 时间:2019-05-21_17_11_38
2019/05/21 17:20:41.771200 git.huoys.com/qp/cells/game_trace.LogSettle 473 Info: 	 单局结算 uid:150016 剩余金币:105997030 消耗:0 收益:0 写分增量:0 阵容变化:[201,200,202,],[201,200,202,],[201,200,202,], 
2019/05/21 17:20:41.821200 git.huoys.com/qp/cells/game_trace.LeaveGame 458 Info: 
Enter=>ID:150016 Money:105997030 '2019-05-21 17:19:53'
Match=>ID :150016 玩家消耗金额:-0 玩家赢取金额:+0 返还率:0.000000 单个最高的结算金额:0 从进入到退出之间的最大余额:105997030
Leave=>ID:150016 Money:105997030 '2019-05-21 17:20:41'
	ID:150016 翻牌统计: 攻击次数:0,击杀次数:0,免伤次数:0,空卡次数:0,宝箱次数:0,普通怪次数:0,Boss怪次数:0,消耗:0 收益:0 返回率:0.000000;
	ID:150016 ALLMONSTERID 消耗:0,收益:0,返回率:0.000000;
	ID:150016 过敏源剧情 消耗:0,收益:0,返回率:0.000000;
2019/05/21 17:20:52.473200 git.huoys.com/qp/cells/game_trace.LogSettle 473 Info: 	 单局结算 uid:150016 剩余金币:105997030 消耗:0 收益:0 写分增量:0 阵容变化:[201,200,202,],[201,200,202,],[201,200,202,], 
2019/05/21 17:20:52.517200 git.huoys.com/qp/cells/game_trace.LeaveGame 458 Info: 
Enter=>ID:150016 Money:105997030 '2019-05-21 17:20:45'
Match=>ID :150016 玩家消耗金额:-0 玩家赢取金额:+0 返还率:0.000000 单个最高的结算金额:0 从进入到退出之间的最大余额:105997030
Leave=>ID:150016 Money:105997030 '2019-05-21 17:20:52'
	ID:150016 翻牌统计: 攻击次数:0,击杀次数:0,免伤次数:0,空卡次数:0,宝箱次数:0,普通怪次数:0,Boss怪次数:0,消耗:0 收益:0 返回率:0.000000;
	ID:150016 ALLMONSTERID 消耗:0,收益:0,返回率:0.000000;
	ID:150016 过敏源剧情 消耗:0,收益:0,返回率:0.000000;
2019/05/21 17:22:43.993200 git.huoys.com/qp/cells/game_trace.LogSettle 473 Info: 	 单局结算 uid:150016 剩余金币:105997030 消耗:0 收益:0 写分增量:0 阵容变化:[201,200,202,],[201,200,202,],[201,200,202,], 
2019/05/21 17:22:44.058200 git.huoys.com/qp/cells/game_trace.LeaveGame 458 Info: 
Enter=>ID:150016 Money:105997030 '2019-05-21 17:22:10'
Match=>ID :150016 玩家消耗金额:-0 玩家赢取金额:+0 返还率:0.000000 单个最高的结算金额:0 从进入到退出之间的最大余额:105997030
Leave=>ID:150016 Money:105997030 '2019-05-21 17:22:44'
	ID:150016 翻牌统计: 攻击次数:0,击杀次数:0,免伤次数:0,空卡次数:0,宝箱次数:0,普通怪次数:0,Boss怪次数:0,消耗:0 收益:0 返回率:0.000000;
	ID:150016 ALLMONSTERID 消耗:0,收益:0,返回率:0.000000;
	ID:150016 过敏源剧情 消耗:0,收益:0,返回率:0.000000;
2019/05/21 17:23:12.296200 git.huoys.com/qp/cells/game_trace.LogSettle 473 Info: 	 单局结算 uid:150016 剩余金币:105997030 消耗:0 收益:0 写分增量:0 阵容变化:[201,200,202,],[201,200,202,],[201,200,202,], 
2019/05/21 17:23:12.317200 git.huoys.com/qp/cells/game_trace.LeaveGame 458 Info: 
Enter=>ID:150016 Money:105997030 '2019-05-21 17:22:48'
Match=>ID :150016 玩家消耗金额:-0 玩家赢取金额:+0 返还率:0.000000 单个最高的结算金额:0 从进入到退出之间的最大余额:105997030
Leave=>ID:150016 Money:105997030 '2019-05-21 17:23:12'
	ID:150016 翻牌统计: 攻击次数:0,击杀次数:0,免伤次数:0,空卡次数:0,宝箱次数:0,普通怪次数:0,Boss怪次数:0,消耗:0 收益:0 返回率:0.000000;
	ID:150016 ALLMONSTERID 消耗:0,收益:0,返回率:0.000000;
	ID:150016 过敏源剧情 消耗:0,收益:0,返回率:0.000000;
2019/05/21 17:32:21.348200 git.huoys.com/qp/cells/game_trace.LogSettle 473 Info: 	 单局结算 uid:150016 剩余金币:105997030 消耗:0 收益:0 写分增量:0 阵容变化:[201,200,202,],[201,200,202,],[201,200,202,], 
2019/05/21 17:33:10.120200 git.huoys.com/qp/cells/game_trace.LogSettle 473 Info: 	 单局结算 uid:150016 剩余金币:105997030 消耗:0 收益:0 写分增量:0 阵容变化:[201,200,202,], 
2019/05/21 17:33:10.138200 git.huoys.com/qp/cells/game_trace.LeaveGame 458 Info: 
Enter=>ID:150016 Money:105997030 '2019-05-21 17:30:20'
Match=>ID :150016 玩家消耗金额:-0 玩家赢取金额:+0 返还率:0.000000 单个最高的结算金额:0 从进入到退出之间的最大余额:105997030
Leave=>ID:150016 Money:105997030 '2019-05-21 17:33:10'
	ID:150016 翻牌统计: 攻击次数:0,击杀次数:0,免伤次数:0,空卡次数:0,宝箱次数:0,普通怪次数:0,Boss怪次数:0,消耗:0 收益:0 返回率:0.000000;
	ID:150016 ALLMONSTERID 消耗:0,收益:0,返回率:0.000000;
	ID:150016 过敏源剧情 消耗:0,收益:0,返回率:0.000000;
2019/05/21 17:33:44.484200 git.huoys.com/qp/cells/module/room/logic/storysys.(*Allergen).CalcSettle 322 Info: Allergen Settle uid:150016 entermoney:102337030 2019-05-21_17_33_41 lockratio:30000 totaltimes:70 consume:60000 groupindex:15 group:{Weight:20 Detail:[0 1 1 0 0] RewardTimes:70} attack: reward:2100000 levemoney:104437030 2019-05-21_17_33_44
2019/05/21 17:33:44.484200 git.huoys.com/qp/cells/game_trace.LogSettle 473 Info: 	 单局结算 uid:150016 剩余金币:104437030 消耗:3660000 收益:2100000 写分增量:-1560000 阵容变化:[201,200,202,],[201,200,202,],[201,200,202,], 
2019/05/21 17:33:44.506200 git.huoys.com/qp/cells/game_trace.LeaveGame 458 Info: 
Enter=>ID:150016 Money:105997030 '2019-05-21 17:33:14'
Match=>ID :150016 玩家消耗金额:-3660000 玩家赢取金额:+2100000 返还率:0.573770 单个最高的结算金额:2100000 从进入到退出之间的最大余额:105997030
Leave=>ID:150016 Money:104437030 '2019-05-21 17:33:44'
	ID:150016 翻牌统计: 攻击次数:0,击杀次数:0,免伤次数:0,空卡次数:0,宝箱次数:0,普通怪次数:0,Boss怪次数:0,消耗:0 收益:0 返回率:0.000000;
	ID:150016 ALLMONSTERID 消耗:0,收益:0,返回率:0.000000;
	ID:150016 过敏源剧情 消耗:3660000,收益:2100000,返回率:0.573770;
2019/05/21 17:34:11.325200 git.huoys.com/qp/cells/game_trace.LogSettle 473 Info: 	 单局结算 uid:150016 剩余金币:104437030 消耗:0 收益:0 写分增量:0 阵容变化:[201,200,202,],[201,200,202,],[201,200,202,], 
2019/05/21 17:34:11.349200 git.huoys.com/qp/cells/game_trace.LeaveGame 458 Info: 
Enter=>ID:150016 Money:104437030 '2019-05-21 17:33:48'
Match=>ID :150016 玩家消耗金额:-0 玩家赢取金额:+0 返还率:0.000000 单个最高的结算金额:0 从进入到退出之间的最大余额:104437030
Leave=>ID:150016 Money:104437030 '2019-05-21 17:34:11'
	ID:150016 翻牌统计: 攻击次数:0,击杀次数:0,免伤次数:0,空卡次数:0,宝箱次数:0,普通怪次数:0,Boss怪次数:0,消耗:0 收益:0 返回率:0.000000;
	ID:150016 ALLMONSTERID 消耗:0,收益:0,返回率:0.000000;
	ID:150016 过敏源剧情 消耗:0,收益:0,返回率:0.000000;
2019/05/21 17:36:24.347200 git.huoys.com/qp/cells/module/room/logic/storysys.(*Allergen).CalcSettle 322 Info: Allergen Settle uid:150016 entermoney:102637030 2019-05-21_17_36_22 lockratio:30000 totaltimes:170 consume:60000 groupindex:24 group:{Weight:30 Detail:[1 1 1 0 1] RewardTimes:170} attack: reward:5100000 levemoney:107737030 2019-05-21_17_36_24
2019/05/21 17:36:24.348200 git.huoys.com/qp/cells/game_trace.LogSettle 473 Info: 	 单局结算 uid:150016 剩余金币:107737030 消耗:1800000 收益:5100000 写分增量:3300000 阵容变化:[201,200,202,],[201,200,202,],[201,200,202,], 
2019/05/21 17:36:24.384200 git.huoys.com/qp/cells/game_trace.LeaveGame 458 Info: 
Enter=>ID:150016 Money:104437030 '2019-05-21 17:36:04'
Match=>ID :150016 玩家消耗金额:-1800000 玩家赢取金额:+5100000 返还率:2.833333 单个最高的结算金额:5100000 从进入到退出之间的最大余额:107737030
Leave=>ID:150016 Money:107737030 '2019-05-21 17:36:24'
	ID:150016 翻牌统计: 攻击次数:0,击杀次数:0,免伤次数:0,空卡次数:0,宝箱次数:0,普通怪次数:0,Boss怪次数:0,消耗:0 收益:0 返回率:0.000000;
	ID:150016 ALLMONSTERID 消耗:0,收益:0,返回率:0.000000;
	ID:150016 过敏源剧情 消耗:1800000,收益:5100000,返回率:2.833333;
2019/05/21 17:36:45.363200 git.huoys.com/qp/cells/game_trace.LogSettle 473 Info: 	 单局结算 uid:150016 剩余金币:107737030 消耗:0 收益:0 写分增量:0 阵容变化:[201,200,202,],[201,200,202,],[201,200,202,], 
2019/05/21 17:36:45.394200 git.huoys.com/qp/cells/game_trace.LeaveGame 458 Info: 
Enter=>ID:150016 Money:107737030 '2019-05-21 17:36:29'
Match=>ID :150016 玩家消耗金额:-0 玩家赢取金额:+0 返还率:0.000000 单个最高的结算金额:0 从进入到退出之间的最大余额:107737030
Leave=>ID:150016 Money:107737030 '2019-05-21 17:36:45'
	ID:150016 翻牌统计: 攻击次数:0,击杀次数:0,免伤次数:0,空卡次数:0,宝箱次数:0,普通怪次数:0,Boss怪次数:0,消耗:0 收益:0 返回率:0.000000;
	ID:150016 ALLMONSTERID 消耗:0,收益:0,返回率:0.000000;
	ID:150016 过敏源剧情 消耗:0,收益:0,返回率:0.000000;
2019/05/21 17:38:13.484200 git.huoys.com/qp/cells/module/room/logic/storysys.(*Allergen).CalcSettle 322 Info: Allergen Settle uid:150016 entermoney:101017030 2019-05-21_17_38_11 lockratio:30000 totaltimes:70 consume:60000 groupindex:15 group:{Weight:20 Detail:[0 1 1 0 0] RewardTimes:70} attack: reward:2100000 levemoney:103117030 2019-05-21_17_38_13
2019/05/21 17:38:13.485200 git.huoys.com/qp/cells/game_trace.LogSettle 473 Info: 	 单局结算 uid:150016 剩余金币:103117030 消耗:6720000 收益:2100000 写分增量:-4620000 阵容变化:[201,200,202,],[201,200,202,],[201,200,202,], 
2019/05/21 17:38:13.507200 git.huoys.com/qp/cells/game_trace.LeaveGame 458 Info: 
Enter=>ID:150016 Money:107737030 '2019-05-21 17:37:31'
Match=>ID :150016 玩家消耗金额:-6720000 玩家赢取金额:+2100000 返还率:0.312500 单个最高的结算金额:2100000 从进入到退出之间的最大余额:107737030
Leave=>ID:150016 Money:103117030 '2019-05-21 17:38:13'
	ID:150016 翻牌统计: 攻击次数:0,击杀次数:0,免伤次数:0,空卡次数:0,宝箱次数:0,普通怪次数:0,Boss怪次数:0,消耗:0 收益:0 返回率:0.000000;
	ID:150016 ALLMONSTERID 消耗:0,收益:0,返回率:0.000000;
	ID:150016 过敏源剧情 消耗:6720000,收益:2100000,返回率:0.312500;
2019/05/21 17:40:20.433200 git.huoys.com/qp/cells/game_trace.LogSettle 473 Info: 	 单局结算 uid:150016 剩余金币:103117030 消耗:0 收益:0 写分增量:0 阵容变化:[201,200,202,],[201,200,202,],[201,200,202,], 
2019/05/21 17:41:38.431200 git.huoys.com/qp/cells/game_trace.polling 557 Info: log money polling....
	全局统计 翻牌统计: 攻击次数:0,击杀次数:0,免伤次数:0,空卡次数:0,宝箱次数:0,普通怪次数:0,Boss怪次数:0,消耗:0 收益:0 返回率:0.000000;
	全局统计 BOXID:100	攻击次数:0,击杀次数:0,免伤次数:0,消耗:0,收益:0,单次最大盈利:0 单次时间:2019-05-21 17:41:38;
	全局统计 BOXID:101	攻击次数:0,击杀次数:0,免伤次数:0,消耗:0,收益:0,单次最大盈利:0 单次时间:2019-05-21 17:41:38;
	全局统计 BOXID:102	攻击次数:0,击杀次数:0,免伤次数:0,消耗:0,收益:0,单次最大盈利:0 单次时间:2019-05-21 17:41:38;
	全局统计 MONSTERID:300	攻击次数:0,免伤次数:0,击杀次数:0,消耗:0,收益:0,单次最大盈利:0 单次时间:2019-05-21 17:41:38;
	全局统计 MONSTERID:301	攻击次数:0,免伤次数:0,击杀次数:0,消耗:0,收益:0,单次最大盈利:0 单次时间:2019-05-21 17:41:38;
	全局统计 MONSTERID:302	攻击次数:0,免伤次数:0,击杀次数:0,消耗:0,收益:0,单次最大盈利:0 单次时间:2019-05-21 17:41:38;
	全局统计 MONSTERID:304	攻击次数:0,免伤次数:0,击杀次数:0,消耗:0,收益:0,单次最大盈利:0 单次时间:2019-05-21 17:41:38;
	全局统计 MONSTERID:305	攻击次数:0,免伤次数:0,击杀次数:0,消耗:0,收益:0,单次最大盈利:0 单次时间:2019-05-21 17:41:38;
	全局统计 MONSTERID:307	攻击次数:0,免伤次数:0,击杀次数:0,消耗:0,收益:0,单次最大盈利:0 单次时间:2019-05-21 17:41:38;
	全局统计 ALLMONSTERID 消耗:0,收益:0,返回率:0.000000;
	全局统计 过敏源剧情 消耗:12180000,收益:9300000,返回率:0.763547;
	全局统计 总输赢:-2880000 总消耗:-12180000 总收益:+9300000 总免伤次数:0 总免伤:0 返回率:0.763547 时间:2019-05-21_17_41_38
2019/05/21 17:42:21.449200 git.huoys.com/qp/cells/game_trace.LogSettle 473 Info: 	 单局结算 uid:150016 剩余金币:103117030 消耗:0 收益:0 写分增量:0 阵容变化:[201,200,202,], 
2019/05/21 17:44:22.433200 git.huoys.com/qp/cells/game_trace.LogSettle 473 Info: 	 单局结算 uid:150016 剩余金币:103117030 消耗:0 收益:0 写分增量:0 阵容变化:[201,200,202,], 
2019/05/21 17:46:23.438200 git.huoys.com/qp/cells/game_trace.LogSettle 473 Info: 	 单局结算 uid:150016 剩余金币:103117030 消耗:0 收益:0 写分增量:0 阵容变化:[201,200,202,], 
2019/05/21 17:48:24.434200 git.huoys.com/qp/cells/game_trace.LogSettle 473 Info: 	 单局结算 uid:150016 剩余金币:103117030 消耗:0 收益:0 写分增量:0 阵容变化:[201,200,202,], 
2019/05/21 17:50:25.442200 git.huoys.com/qp/cells/game_trace.LogSettle 473 Info: 	 单局结算 uid:150016 剩余金币:103117030 消耗:0 收益:0 写分增量:0 阵容变化:[201,200,202,], 
2019/05/21 17:52:26.470200 git.huoys.com/qp/cells/game_trace.LogSettle 473 Info: 	 单局结算 uid:150016 剩余金币:103117030 消耗:0 收益:0 写分增量:0 阵容变化:[201,200,202,], 
2019/05/21 17:52:52.428200 git.huoys.com/qp/cells/game_trace.LogSettle 473 Info: 	 单局结算 uid:150016 剩余金币:103117030 消耗:0 收益:0 写分增量:0 阵容变化:[201,200,202,], 
2019/05/21 17:52:52.456200 git.huoys.com/qp/cells/game_trace.LeaveGame 458 Info: 
Enter=>ID:150016 Money:103117030 '2019-05-21 17:38:19'
Match=>ID :150016 玩家消耗金额:-0 玩家赢取金额:+0 返还率:0.000000 单个最高的结算金额:0 从进入到退出之间的最大余额:103117030
Leave=>ID:150016 Money:103117030 '2019-05-21 17:52:52'
	ID:150016 翻牌统计: 攻击次数:0,击杀次数:0,免伤次数:0,空卡次数:0,宝箱次数:0,普通怪次数:0,Boss怪次数:0,消耗:0 收益:0 返回率:0.000000;
	ID:150016 ALLMONSTERID 消耗:0,收益:0,返回率:0.000000;
	ID:150016 过敏源剧情 消耗:0,收益:0,返回率:0.000000;
2019/05/21 18:11:38.452200 git.huoys.com/qp/cells/game_trace.polling 557 Info: log money polling....
	全局统计 翻牌统计: 攻击次数:0,击杀次数:0,免伤次数:0,空卡次数:0,宝箱次数:0,普通怪次数:0,Boss怪次数:0,消耗:0 收益:0 返回率:0.000000;
	全局统计 BOXID:100	攻击次数:0,击杀次数:0,免伤次数:0,消耗:0,收益:0,单次最大盈利:0 单次时间:2019-05-21 18:11:38;
	全局统计 BOXID:101	攻击次数:0,击杀次数:0,免伤次数:0,消耗:0,收益:0,单次最大盈利:0 单次时间:2019-05-21 18:11:38;
	全局统计 BOXID:102	攻击次数:0,击杀次数:0,免伤次数:0,消耗:0,收益:0,单次最大盈利:0 单次时间:2019-05-21 18:11:38;
	全局统计 MONSTERID:300	攻击次数:0,免伤次数:0,击杀次数:0,消耗:0,收益:0,单次最大盈利:0 单次时间:2019-05-21 18:11:38;
	全局统计 MONSTERID:301	攻击次数:0,免伤次数:0,击杀次数:0,消耗:0,收益:0,单次最大盈利:0 单次时间:2019-05-21 18:11:38;
	全局统计 MONSTERID:302	攻击次数:0,免伤次数:0,击杀次数:0,消耗:0,收益:0,单次最大盈利:0 单次时间:2019-05-21 18:11:38;
	全局统计 MONSTERID:304	攻击次数:0,免伤次数:0,击杀次数:0,消耗:0,收益:0,单次最大盈利:0 单次时间:2019-05-21 18:11:38;
	全局统计 MONSTERID:305	攻击次数:0,免伤次数:0,击杀次数:0,消耗:0,收益:0,单次最大盈利:0 单次时间:2019-05-21 18:11:38;
	全局统计 MONSTERID:307	攻击次数:0,免伤次数:0,击杀次数:0,消耗:0,收益:0,单次最大盈利:0 单次时间:2019-05-21 18:11:38;
	全局统计 ALLMONSTERID 消耗:0,收益:0,返回率:0.000000;
	全局统计 过敏源剧情 消耗:0,收益:0,返回率:0.000000;
	全局统计 总输赢:0 总消耗:-0 总收益:+0 总免伤次数:0 总免伤:0 返回率:0.000000 时间:2019-05-21_18_11_38
2019/05/21 18:41:38.449200 git.huoys.com/qp/cells/game_trace.polling 557 Info: log money polling....
	全局统计 翻牌统计: 攻击次数:0,击杀次数:0,免伤次数:0,空卡次数:0,宝箱次数:0,普通怪次数:0,Boss怪次数:0,消耗:0 收益:0 返回率:0.000000;
	全局统计 BOXID:100	攻击次数:0,击杀次数:0,免伤次数:0,消耗:0,收益:0,单次最大盈利:0 单次时间:2019-05-21 18:41:38;
	全局统计 BOXID:101	攻击次数:0,击杀次数:0,免伤次数:0,消耗:0,收益:0,单次最大盈利:0 单次时间:2019-05-21 18:41:38;
	全局统计 BOXID:102	攻击次数:0,击杀次数:0,免伤次数:0,消耗:0,收益:0,单次最大盈利:0 单次时间:2019-05-21 18:41:38;
	全局统计 MONSTERID:300	攻击次数:0,免伤次数:0,击杀次数:0,消耗:0,收益:0,单次最大盈利:0 单次时间:2019-05-21 18:41:38;
	全局统计 MONSTERID:301	攻击次数:0,免伤次数:0,击杀次数:0,消耗:0,收益:0,单次最大盈利:0 单次时间:2019-05-21 18:41:38;
	全局统计 MONSTERID:302	攻击次数:0,免伤次数:0,击杀次数:0,消耗:0,收益:0,单次最大盈利:0 单次时间:2019-05-21 18:41:38;
	全局统计 MONSTERID:304	攻击次数:0,免伤次数:0,击杀次数:0,消耗:0,收益:0,单次最大盈利:0 单次时间:2019-05-21 18:41:38;
	全局统计 MONSTERID:305	攻击次数:0,免伤次数:0,击杀次数:0,消耗:0,收益:0,单次最大盈利:0 单次时间:2019-05-21 18:41:38;
	全局统计 MONSTERID:307	攻击次数:0,免伤次数:0,击杀次数:0,消耗:0,收益:0,单次最大盈利:0 单次时间:2019-05-21 18:41:38;
	全局统计 ALLMONSTERID 消耗:0,收益:0,返回率:0.000000;
	全局统计 过敏源剧情 消耗:0,收益:0,返回率:0.000000;
	全局统计 总输赢:0 总消耗:-0 总收益:+0 总免伤次数:0 总免伤:0 返回率:0.000000 时间:2019-05-21_18_41_38
2019/05/21 19:11:38.488200 git.huoys.com/qp/cells/game_trace.polling 557 Info: log money polling....
	全局统计 翻牌统计: 攻击次数:0,击杀次数:0,免伤次数:0,空卡次数:0,宝箱次数:0,普通怪次数:0,Boss怪次数:0,消耗:0 收益:0 返回率:0.000000;
	全局统计 BOXID:100	攻击次数:0,击杀次数:0,免伤次数:0,消耗:0,收益:0,单次最大盈利:0 单次时间:2019-05-21 19:11:38;
	全局统计 BOXID:101	攻击次数:0,击杀次数:0,免伤次数:0,消耗:0,收益:0,单次最大盈利:0 单次时间:2019-05-21 19:11:38;
	全局统计 BOXID:102	攻击次数:0,击杀次数:0,免伤次数:0,消耗:0,收益:0,单次最大盈利:0 单次时间:2019-05-21 19:11:38;
	全局统计 MONSTERID:300	攻击次数:0,免伤次数:0,击杀次数:0,消耗:0,收益:0,单次最大盈利:0 单次时间:2019-05-21 19:11:38;
	全局统计 MONSTERID:301	攻击次数:0,免伤次数:0,击杀次数:0,消耗:0,收益:0,单次最大盈利:0 单次时间:2019-05-21 19:11:38;
	全局统计 MONSTERID:302	攻击次数:0,免伤次数:0,击杀次数:0,消耗:0,收益:0,单次最大盈利:0 单次时间:2019-05-21 19:11:38;
	全局统计 MONSTERID:304	攻击次数:0,免伤次数:0,击杀次数:0,消耗:0,收益:0,单次最大盈利:0 单次时间:2019-05-21 19:11:38;
	全局统计 MONSTERID:305	攻击次数:0,免伤次数:0,击杀次数:0,消耗:0,收益:0,单次最大盈利:0 单次时间:2019-05-21 19:11:38;
	全局统计 MONSTERID:307	攻击次数:0,免伤次数:0,击杀次数:0,消耗:0,收益:0,单次最大盈利:0 单次时间:2019-05-21 19:11:38;
	全局统计 ALLMONSTERID 消耗:0,收益:0,返回率:0.000000;
	全局统计 过敏源剧情 消耗:0,收益:0,返回率:0.000000;
	全局统计 总输赢:0 总消耗:-0 总收益:+0 总免伤次数:0 总免伤:0 返回率:0.000000 时间:2019-05-21_19_11_38
2019/05/21 19:41:38.483200 git.huoys.com/qp/cells/game_trace.polling 557 Info: log money polling....
	全局统计 翻牌统计: 攻击次数:0,击杀次数:0,免伤次数:0,空卡次数:0,宝箱次数:0,普通怪次数:0,Boss怪次数:0,消耗:0 收益:0 返回率:0.000000;
	全局统计 BOXID:100	攻击次数:0,击杀次数:0,免伤次数:0,消耗:0,收益:0,单次最大盈利:0 单次时间:2019-05-21 19:41:38;
	全局统计 BOXID:101	攻击次数:0,击杀次数:0,免伤次数:0,消耗:0,收益:0,单次最大盈利:0 单次时间:2019-05-21 19:41:38;
	全局统计 BOXID:102	攻击次数:0,击杀次数:0,免伤次数:0,消耗:0,收益:0,单次最大盈利:0 单次时间:2019-05-21 19:41:38;
	全局统计 MONSTERID:300	攻击次数:0,免伤次数:0,击杀次数:0,消耗:0,收益:0,单次最大盈利:0 单次时间:2019-05-21 19:41:38;
	全局统计 MONSTERID:301	攻击次数:0,免伤次数:0,击杀次数:0,消耗:0,收益:0,单次最大盈利:0 单次时间:2019-05-21 19:41:38;
	全局统计 MONSTERID:302	攻击次数:0,免伤次数:0,击杀次数:0,消耗:0,收益:0,单次最大盈利:0 单次时间:2019-05-21 19:41:38;
	全局统计 MONSTERID:304	攻击次数:0,免伤次数:0,击杀次数:0,消耗:0,收益:0,单次最大盈利:0 单次时间:2019-05-21 19:41:38;
	全局统计 MONSTERID:305	攻击次数:0,免伤次数:0,击杀次数:0,消耗:0,收益:0,单次最大盈利:0 单次时间:2019-05-21 19:41:38;
	全局统计 MONSTERID:307	攻击次数:0,免伤次数:0,击杀次数:0,消耗:0,收益:0,单次最大盈利:0 单次时间:2019-05-21 19:41:38;
	全局统计 ALLMONSTERID 消耗:0,收益:0,返回率:0.000000;
	全局统计 过敏源剧情 消耗:0,收益:0,返回率:0.000000;
	全局统计 总输赢:0 总消耗:-0 总收益:+0 总免伤次数:0 总免伤:0 返回率:0.000000 时间:2019-05-21_19_41_38
2019/05/21 20:11:38.513200 git.huoys.com/qp/cells/game_trace.polling 557 Info: log money polling....
	全局统计 翻牌统计: 攻击次数:0,击杀次数:0,免伤次数:0,空卡次数:0,宝箱次数:0,普通怪次数:0,Boss怪次数:0,消耗:0 收益:0 返回率:0.000000;
	全局统计 BOXID:100	攻击次数:0,击杀次数:0,免伤次数:0,消耗:0,收益:0,单次最大盈利:0 单次时间:2019-05-21 20:11:38;
	全局统计 BOXID:101	攻击次数:0,击杀次数:0,免伤次数:0,消耗:0,收益:0,单次最大盈利:0 单次时间:2019-05-21 20:11:38;
	全局统计 BOXID:102	攻击次数:0,击杀次数:0,免伤次数:0,消耗:0,收益:0,单次最大盈利:0 单次时间:2019-05-21 20:11:38;
	全局统计 MONSTERID:300	攻击次数:0,免伤次数:0,击杀次数:0,消耗:0,收益:0,单次最大盈利:0 单次时间:2019-05-21 20:11:38;
	全局统计 MONSTERID:301	攻击次数:0,免伤次数:0,击杀次数:0,消耗:0,收益:0,单次最大盈利:0 单次时间:2019-05-21 20:11:38;
	全局统计 MONSTERID:302	攻击次数:0,免伤次数:0,击杀次数:0,消耗:0,收益:0,单次最大盈利:0 单次时间:2019-05-21 20:11:38;
	全局统计 MONSTERID:304	攻击次数:0,免伤次数:0,击杀次数:0,消耗:0,收益:0,单次最大盈利:0 单次时间:2019-05-21 20:11:38;
	全局统计 MONSTERID:305	攻击次数:0,免伤次数:0,击杀次数:0,消耗:0,收益:0,单次最大盈利:0 单次时间:2019-05-21 20:11:38;
	全局统计 MONSTERID:307	攻击次数:0,免伤次数:0,击杀次数:0,消耗:0,收益:0,单次最大盈利:0 单次时间:2019-05-21 20:11:38;
	全局统计 ALLMONSTERID 消耗:0,收益:0,返回率:0.000000;
	全局统计 过敏源剧情 消耗:0,收益:0,返回率:0.000000;
	全局统计 总输赢:0 总消耗:-0 总收益:+0 总免伤次数:0 总免伤:0 返回率:0.000000 时间:2019-05-21_20_11_38
2019/05/21 20:41:38.542200 git.huoys.com/qp/cells/game_trace.polling 557 Info: log money polling....
	全局统计 翻牌统计: 攻击次数:0,击杀次数:0,免伤次数:0,空卡次数:0,宝箱次数:0,普通怪次数:0,Boss怪次数:0,消耗:0 收益:0 返回率:0.000000;
	全局统计 BOXID:100	攻击次数:0,击杀次数:0,免伤次数:0,消耗:0,收益:0,单次最大盈利:0 单次时间:2019-05-21 20:41:38;
	全局统计 BOXID:101	攻击次数:0,击杀次数:0,免伤次数:0,消耗:0,收益:0,单次最大盈利:0 单次时间:2019-05-21 20:41:38;
	全局统计 BOXID:102	攻击次数:0,击杀次数:0,免伤次数:0,消耗:0,收益:0,单次最大盈利:0 单次时间:2019-05-21 20:41:38;
	全局统计 MONSTERID:300	攻击次数:0,免伤次数:0,击杀次数:0,消耗:0,收益:0,单次最大盈利:0 单次时间:2019-05-21 20:41:38;
	全局统计 MONSTERID:301	攻击次数:0,免伤次数:0,击杀次数:0,消耗:0,收益:0,单次最大盈利:0 单次时间:2019-05-21 20:41:38;
	全局统计 MONSTERID:302	攻击次数:0,免伤次数:0,击杀次数:0,消耗:0,收益:0,单次最大盈利:0 单次时间:2019-05-21 20:41:38;
	全局统计 MONSTERID:304	攻击次数:0,免伤次数:0,击杀次数:0,消耗:0,收益:0,单次最大盈利:0 单次时间:2019-05-21 20:41:38;
	全局统计 MONSTERID:305	攻击次数:0,免伤次数:0,击杀次数:0,消耗:0,收益:0,单次最大盈利:0 单次时间:2019-05-21 20:41:38;
	全局统计 MONSTERID:307	攻击次数:0,免伤次数:0,击杀次数:0,消耗:0,收益:0,单次最大盈利:0 单次时间:2019-05-21 20:41:38;
	全局统计 ALLMONSTERID 消耗:0,收益:0,返回率:0.000000;
	全局统计 过敏源剧情 消耗:0,收益:0,返回率:0.000000;
	全局统计 总输赢:0 总消耗:-0 总收益:+0 总免伤次数:0 总免伤:0 返回率:0.000000 时间:2019-05-21_20_41_38
2019/05/21 21:11:38.546200 git.huoys.com/qp/cells/game_trace.polling 557 Info: log money polling....
	全局统计 翻牌统计: 攻击次数:0,击杀次数:0,免伤次数:0,空卡次数:0,宝箱次数:0,普通怪次数:0,Boss怪次数:0,消耗:0 收益:0 返回率:0.000000;
	全局统计 BOXID:100	攻击次数:0,击杀次数:0,免伤次数:0,消耗:0,收益:0,单次最大盈利:0 单次时间:2019-05-21 21:11:38;
	全局统计 BOXID:101	攻击次数:0,击杀次数:0,免伤次数:0,消耗:0,收益:0,单次最大盈利:0 单次时间:2019-05-21 21:11:38;
	全局统计 BOXID:102	攻击次数:0,击杀次数:0,免伤次数:0,消耗:0,收益:0,单次最大盈利:0 单次时间:2019-05-21 21:11:38;
	全局统计 MONSTERID:300	攻击次数:0,免伤次数:0,击杀次数:0,消耗:0,收益:0,单次最大盈利:0 单次时间:2019-05-21 21:11:38;
	全局统计 MONSTERID:301	攻击次数:0,免伤次数:0,击杀次数:0,消耗:0,收益:0,单次最大盈利:0 单次时间:2019-05-21 21:11:38;
	全局统计 MONSTERID:302	攻击次数:0,免伤次数:0,击杀次数:0,消耗:0,收益:0,单次最大盈利:0 单次时间:2019-05-21 21:11:38;
	全局统计 MONSTERID:304	攻击次数:0,免伤次数:0,击杀次数:0,消耗:0,收益:0,单次最大盈利:0 单次时间:2019-05-21 21:11:38;
	全局统计 MONSTERID:305	攻击次数:0,免伤次数:0,击杀次数:0,消耗:0,收益:0,单次最大盈利:0 单次时间:2019-05-21 21:11:38;
	全局统计 MONSTERID:307	攻击次数:0,免伤次数:0,击杀次数:0,消耗:0,收益:0,单次最大盈利:0 单次时间:2019-05-21 21:11:38;
	全局统计 ALLMONSTERID 消耗:0,收益:0,返回率:0.000000;
	全局统计 过敏源剧情 消耗:0,收益:0,返回率:0.000000;
	全局统计 总输赢:0 总消耗:-0 总收益:+0 总免伤次数:0 总免伤:0 返回率:0.000000 时间:2019-05-21_21_11_38
2019/05/21 21:41:38.573200 git.huoys.com/qp/cells/game_trace.polling 557 Info: log money polling....
	全局统计 翻牌统计: 攻击次数:0,击杀次数:0,免伤次数:0,空卡次数:0,宝箱次数:0,普通怪次数:0,Boss怪次数:0,消耗:0 收益:0 返回率:0.000000;
	全局统计 BOXID:100	攻击次数:0,击杀次数:0,免伤次数:0,消耗:0,收益:0,单次最大盈利:0 单次时间:2019-05-21 21:41:38;
	全局统计 BOXID:101	攻击次数:0,击杀次数:0,免伤次数:0,消耗:0,收益:0,单次最大盈利:0 单次时间:2019-05-21 21:41:38;
	全局统计 BOXID:102	攻击次数:0,击杀次数:0,免伤次数:0,消耗:0,收益:0,单次最大盈利:0 单次时间:2019-05-21 21:41:38;
	全局统计 MONSTERID:300	攻击次数:0,免伤次数:0,击杀次数:0,消耗:0,收益:0,单次最大盈利:0 单次时间:2019-05-21 21:41:38;
	全局统计 MONSTERID:301	攻击次数:0,免伤次数:0,击杀次数:0,消耗:0,收益:0,单次最大盈利:0 单次时间:2019-05-21 21:41:38;
	全局统计 MONSTERID:302	攻击次数:0,免伤次数:0,击杀次数:0,消耗:0,收益:0,单次最大盈利:0 单次时间:2019-05-21 21:41:38;
	全局统计 MONSTERID:304	攻击次数:0,免伤次数:0,击杀次数:0,消耗:0,收益:0,单次最大盈利:0 单次时间:2019-05-21 21:41:38;
	全局统计 MONSTERID:305	攻击次数:0,免伤次数:0,击杀次数:0,消耗:0,收益:0,单次最大盈利:0 单次时间:2019-05-21 21:41:38;
	全局统计 MONSTERID:307	攻击次数:0,免伤次数:0,击杀次数:0,消耗:0,收益:0,单次最大盈利:0 单次时间:2019-05-21 21:41:38;
	全局统计 ALLMONSTERID 消耗:0,收益:0,返回率:0.000000;
	全局统计 过敏源剧情 消耗:0,收益:0,返回率:0.000000;
	全局统计 总输赢:0 总消耗:-0 总收益:+0 总免伤次数:0 总免伤:0 返回率:0.000000 时间:2019-05-21_21_41_38
2019/05/21 22:11:38.608200 git.huoys.com/qp/cells/game_trace.polling 557 Info: log money polling....
	全局统计 翻牌统计: 攻击次数:0,击杀次数:0,免伤次数:0,空卡次数:0,宝箱次数:0,普通怪次数:0,Boss怪次数:0,消耗:0 收益:0 返回率:0.000000;
	全局统计 BOXID:100	攻击次数:0,击杀次数:0,免伤次数:0,消耗:0,收益:0,单次最大盈利:0 单次时间:2019-05-21 22:11:38;
	全局统计 BOXID:101	攻击次数:0,击杀次数:0,免伤次数:0,消耗:0,收益:0,单次最大盈利:0 单次时间:2019-05-21 22:11:38;
	全局统计 BOXID:102	攻击次数:0,击杀次数:0,免伤次数:0,消耗:0,收益:0,单次最大盈利:0 单次时间:2019-05-21 22:11:38;
	全局统计 MONSTERID:300	攻击次数:0,免伤次数:0,击杀次数:0,消耗:0,收益:0,单次最大盈利:0 单次时间:2019-05-21 22:11:38;
	全局统计 MONSTERID:301	攻击次数:0,免伤次数:0,击杀次数:0,消耗:0,收益:0,单次最大盈利:0 单次时间:2019-05-21 22:11:38;
	全局统计 MONSTERID:302	攻击次数:0,免伤次数:0,击杀次数:0,消耗:0,收益:0,单次最大盈利:0 单次时间:2019-05-21 22:11:38;
	全局统计 MONSTERID:304	攻击次数:0,免伤次数:0,击杀次数:0,消耗:0,收益:0,单次最大盈利:0 单次时间:2019-05-21 22:11:38;
	全局统计 MONSTERID:305	攻击次数:0,免伤次数:0,击杀次数:0,消耗:0,收益:0,单次最大盈利:0 单次时间:2019-05-21 22:11:38;
	全局统计 MONSTERID:307	攻击次数:0,免伤次数:0,击杀次数:0,消耗:0,收益:0,单次最大盈利:0 单次时间:2019-05-21 22:11:38;
	全局统计 ALLMONSTERID 消耗:0,收益:0,返回率:0.000000;
	全局统计 过敏源剧情 消耗:0,收益:0,返回率:0.000000;
	全局统计 总输赢:0 总消耗:-0 总收益:+0 总免伤次数:0 总免伤:0 返回率:0.000000 时间:2019-05-21_22_11_38
2019/05/21 22:41:38.649200 git.huoys.com/qp/cells/game_trace.polling 557 Info: log money polling....
	全局统计 翻牌统计: 攻击次数:0,击杀次数:0,免伤次数:0,空卡次数:0,宝箱次数:0,普通怪次数:0,Boss怪次数:0,消耗:0 收益:0 返回率:0.000000;
	全局统计 BOXID:100	攻击次数:0,击杀次数:0,免伤次数:0,消耗:0,收益:0,单次最大盈利:0 单次时间:2019-05-21 22:41:38;
	全局统计 BOXID:101	攻击次数:0,击杀次数:0,免伤次数:0,消耗:0,收益:0,单次最大盈利:0 单次时间:2019-05-21 22:41:38;
	全局统计 BOXID:102	攻击次数:0,击杀次数:0,免伤次数:0,消耗:0,收益:0,单次最大盈利:0 单次时间:2019-05-21 22:41:38;
	全局统计 MONSTERID:300	攻击次数:0,免伤次数:0,击杀次数:0,消耗:0,收益:0,单次最大盈利:0 单次时间:2019-05-21 22:41:38;
	全局统计 MONSTERID:301	攻击次数:0,免伤次数:0,击杀次数:0,消耗:0,收益:0,单次最大盈利:0 单次时间:2019-05-21 22:41:38;
	全局统计 MONSTERID:302	攻击次数:0,免伤次数:0,击杀次数:0,消耗:0,收益:0,单次最大盈利:0 单次时间:2019-05-21 22:41:38;
	全局统计 MONSTERID:304	攻击次数:0,免伤次数:0,击杀次数:0,消耗:0,收益:0,单次最大盈利:0 单次时间:2019-05-21 22:41:38;
	全局统计 MONSTERID:305	攻击次数:0,免伤次数:0,击杀次数:0,消耗:0,收益:0,单次最大盈利:0 单次时间:2019-05-21 22:41:38;
	全局统计 MONSTERID:307	攻击次数:0,免伤次数:0,击杀次数:0,消耗:0,收益:0,单次最大盈利:0 单次时间:2019-05-21 22:41:38;
	全局统计 ALLMONSTERID 消耗:0,收益:0,返回率:0.000000;
	全局统计 过敏源剧情 消耗:0,收益:0,返回率:0.000000;
	全局统计 总输赢:0 总消耗:-0 总收益:+0 总免伤次数:0 总免伤:0 返回率:0.000000 时间:2019-05-21_22_41_38
2019/05/21 23:11:38.640200 git.huoys.com/qp/cells/game_trace.polling 557 Info: log money polling....
	全局统计 翻牌统计: 攻击次数:0,击杀次数:0,免伤次数:0,空卡次数:0,宝箱次数:0,普通怪次数:0,Boss怪次数:0,消耗:0 收益:0 返回率:0.000000;
	全局统计 BOXID:100	攻击次数:0,击杀次数:0,免伤次数:0,消耗:0,收益:0,单次最大盈利:0 单次时间:2019-05-21 23:11:38;
	全局统计 BOXID:101	攻击次数:0,击杀次数:0,免伤次数:0,消耗:0,收益:0,单次最大盈利:0 单次时间:2019-05-21 23:11:38;
	全局统计 BOXID:102	攻击次数:0,击杀次数:0,免伤次数:0,消耗:0,收益:0,单次最大盈利:0 单次时间:2019-05-21 23:11:38;
	全局统计 MONSTERID:300	攻击次数:0,免伤次数:0,击杀次数:0,消耗:0,收益:0,单次最大盈利:0 单次时间:2019-05-21 23:11:38;
	全局统计 MONSTERID:301	攻击次数:0,免伤次数:0,击杀次数:0,消耗:0,收益:0,单次最大盈利:0 单次时间:2019-05-21 23:11:38;
	全局统计 MONSTERID:302	攻击次数:0,免伤次数:0,击杀次数:0,消耗:0,收益:0,单次最大盈利:0 单次时间:2019-05-21 23:11:38;
	全局统计 MONSTERID:304	攻击次数:0,免伤次数:0,击杀次数:0,消耗:0,收益:0,单次最大盈利:0 单次时间:2019-05-21 23:11:38;
	全局统计 MONSTERID:305	攻击次数:0,免伤次数:0,击杀次数:0,消耗:0,收益:0,单次最大盈利:0 单次时间:2019-05-21 23:11:38;
	全局统计 MONSTERID:307	攻击次数:0,免伤次数:0,击杀次数:0,消耗:0,收益:0,单次最大盈利:0 单次时间:2019-05-21 23:11:38;
	全局统计 ALLMONSTERID 消耗:0,收益:0,返回率:0.000000;
	全局统计 过敏源剧情 消耗:0,收益:0,返回率:0.000000;
	全局统计 总输赢:0 总消耗:-0 总收益:+0 总免伤次数:0 总免伤:0 返回率:0.000000 时间:2019-05-21_23_11_38
2019/05/21 23:41:38.668200 git.huoys.com/qp/cells/game_trace.polling 557 Info: log money polling....
	全局统计 翻牌统计: 攻击次数:0,击杀次数:0,免伤次数:0,空卡次数:0,宝箱次数:0,普通怪次数:0,Boss怪次数:0,消耗:0 收益:0 返回率:0.000000;
	全局统计 BOXID:100	攻击次数:0,击杀次数:0,免伤次数:0,消耗:0,收益:0,单次最大盈利:0 单次时间:2019-05-21 23:41:38;
	全局统计 BOXID:101	攻击次数:0,击杀次数:0,免伤次数:0,消耗:0,收益:0,单次最大盈利:0 单次时间:2019-05-21 23:41:38;
	全局统计 BOXID:102	攻击次数:0,击杀次数:0,免伤次数:0,消耗:0,收益:0,单次最大盈利:0 单次时间:2019-05-21 23:41:38;
	全局统计 MONSTERID:300	攻击次数:0,免伤次数:0,击杀次数:0,消耗:0,收益:0,单次最大盈利:0 单次时间:2019-05-21 23:41:38;
	全局统计 MONSTERID:301	攻击次数:0,免伤次数:0,击杀次数:0,消耗:0,收益:0,单次最大盈利:0 单次时间:2019-05-21 23:41:38;
	全局统计 MONSTERID:302	攻击次数:0,免伤次数:0,击杀次数:0,消耗:0,收益:0,单次最大盈利:0 单次时间:2019-05-21 23:41:38;
	全局统计 MONSTERID:304	攻击次数:0,免伤次数:0,击杀次数:0,消耗:0,收益:0,单次最大盈利:0 单次时间:2019-05-21 23:41:38;
	全局统计 MONSTERID:305	攻击次数:0,免伤次数:0,击杀次数:0,消耗:0,收益:0,单次最大盈利:0 单次时间:2019-05-21 23:41:38;
	全局统计 MONSTERID:307	攻击次数:0,免伤次数:0,击杀次数:0,消耗:0,收益:0,单次最大盈利:0 单次时间:2019-05-21 23:41:38;
	全局统计 ALLMONSTERID 消耗:0,收益:0,返回率:0.000000;
	全局统计 过敏源剧情 消耗:0,收益:0,返回率:0.000000;
	全局统计 总输赢:0 总消耗:-0 总收益:+0 总免伤次数:0 总免伤:0 返回率:0.000000 时间:2019-05-21_23_41_38
