2019/05/13 10:02:51.141200 git.huoys.com/qp/cells/game_trace.polling 519 Info: log money polling....
	全局统计 翻牌统计: 攻击次数:0,击杀次数:0,免伤次数:0,空卡次数:0,宝箱次数:0,普通怪次数:0,Boss怪次数:0,消耗:0 收益:0 返回率:0.000000;
	全局统计 ALLMONSTERID 消耗:0,收益:0,返回率:0.000000;
	全局统计 总输赢:0 总消耗:-0 总收益:+0 总免伤次数:0 总免伤:0 返回率:0.000000 时间:2019-05-13_10_02_51
2019/05/13 10:03:06.431200 git.huoys.com/qp/cells/game_trace.LogSettle 445 Info: 	 单局结算 uid:150015 剩余金币:107213530 消耗:10 收益:0 写分增量:-10 阵容变化:[201,], 
2019/05/13 10:03:06.467200 git.huoys.com/qp/cells/game_trace.LeaveGame 430 Info: 
Enter=>ID:150015 Money:107213550 '2019-05-13 10:02:59'
Match=>ID :150015 玩家消耗金额:-10 玩家赢取金额:+0 返还率:0.000000 单个最高的结算金额:0 从进入到退出之间的最大余额:107213550
Leave=>ID:150015 Money:107213530 '2019-05-13 10:03:06'
	ID:150015 翻牌统计: 攻击次数:1,击杀次数:0,免伤次数:0,空卡次数:0,宝箱次数:0,普通怪次数:1,Boss怪次数:0,消耗:10 收益:0 返回率:0.000000;
	ID:150015 BOXID:100	攻击次数:1,击杀次数:0,免伤次数:0,消耗:10,收益:0,单次最大盈利:0 单次时间:1970-01-01 08:00:00;
	ID:150015 ALLMONSTERID 消耗:0,收益:0,返回率:0.000000;
2019/05/13 10:32:52.175200 git.huoys.com/qp/cells/game_trace.polling 519 Info: log money polling....
	全局统计 翻牌统计: 攻击次数:1,击杀次数:0,免伤次数:0,空卡次数:0,宝箱次数:0,普通怪次数:1,Boss怪次数:0,消耗:10 收益:0 返回率:0.000000;
	全局统计 BOXID:100	攻击次数:1,击杀次数:0,免伤次数:0,消耗:10,收益:0,单次最大盈利:0 单次时间:2019-05-13 10:32:52;
	全局统计 ALLMONSTERID 消耗:0,收益:0,返回率:0.000000;
	全局统计 总输赢:-10 总消耗:-10 总收益:+0 总免伤次数:0 总免伤:0 返回率:0.000000 时间:2019-05-13_10_32_52
2019/05/13 10:40:59.194200 git.huoys.com/qp/cells/game_trace.LogSettle 445 Info: 	 单局结算 uid:150015 剩余金币:107213760 消耗:690 收益:260 写分增量:-430 阵容变化:[201,],[201,], 
2019/05/13 10:43:00.185200 git.huoys.com/qp/cells/game_trace.LogSettle 445 Info: 	 单局结算 uid:150015 剩余金币:107214620 消耗:1940 收益:1980 写分增量:40 阵容变化:[201,],[201,],[201,], 
2019/05/13 10:45:01.248200 git.huoys.com/qp/cells/game_trace.LogSettle 445 Info: 	 单局结算 uid:150015 剩余金币:107215990 消耗:1230 收益:1770 写分增量:540 阵容变化:[201,],[201,],[201,], 
2019/05/13 10:47:02.197200 git.huoys.com/qp/cells/game_trace.LogSettle 445 Info: 	 单局结算 uid:150015 剩余金币:107221470 消耗:1530 收益:2160 写分增量:630 阵容变化:[201,],[201,], 
2019/05/13 10:49:03.198200 git.huoys.com/qp/cells/game_trace.LogSettle 445 Info: 	 单局结算 uid:150015 剩余金币:107220600 消耗:920 收益:0 写分增量:-920 阵容变化:[201,],[201,],[201,], 
2019/05/13 10:49:14.178200 git.huoys.com/qp/cells/game_trace.LogSettle 445 Info: 	 单局结算 uid:150015 剩余金币:107220600 消耗:0 收益:0 写分增量:0 阵容变化:[201,], 
2019/05/13 10:49:14.216200 git.huoys.com/qp/cells/game_trace.LeaveGame 430 Info: 
Enter=>ID:150015 Money:107213800 '2019-05-13 10:38:58'
Match=>ID :150015 玩家消耗金额:-6310 玩家赢取金额:+6170 返还率:0.977813 单个最高的结算金额:780 从进入到退出之间的最大余额:107221660
Leave=>ID:150015 Money:107220600 '2019-05-13 10:49:14'
	ID:150015 翻牌统计: 攻击次数:255,击杀次数:0,免伤次数:0,空卡次数:65,宝箱次数:12,普通怪次数:172,Boss怪次数:6,消耗:2550 收益:3070 返回率:1.203922;
	ID:150015 BOXID:100	攻击次数:123,击杀次数:5,免伤次数:0,消耗:1230,收益:790,单次最大盈利:200 单次时间:2019-05-13 10:42:25;
	ID:150015 BOXID:101	攻击次数:100,击杀次数:4,免伤次数:0,消耗:1000,收益:870,单次最大盈利:230 单次时间:2019-05-13 10:41:02;
	ID:150015 BOXID:102	攻击次数:32,击杀次数:3,免伤次数:0,消耗:320,收益:1410,单次最大盈利:530 单次时间:2019-05-13 10:46:58;
	ID:150015 MONSTERID:300	攻击次数:13,免伤次数:0,击杀次数:4,消耗:130,收益:140,单次最大盈利:40 单次时间:2019-05-13 10:42:24;
	ID:150015 MONSTERID:301	攻击次数:9,免伤次数:0,击杀次数:3,消耗:90,收益:70,单次最大盈利:30 单次时间:2019-05-13 10:41:16;
	ID:150015 MONSTERID:302	攻击次数:13,免伤次数:0,击杀次数:4,消耗:130,收益:140,单次最大盈利:60 单次时间:2019-05-13 10:46:58;
	ID:150015 MONSTERID:303	攻击次数:45,免伤次数:0,击杀次数:7,消耗:450,收益:330,单次最大盈利:70 单次时间:2019-05-13 10:43:25;
	ID:150015 MONSTERID:304	攻击次数:2,免伤次数:0,击杀次数:2,消耗:20,收益:130,单次最大盈利:90 单次时间:2019-05-13 10:41:19;
	ID:150015 MONSTERID:305	攻击次数:2,免伤次数:0,击杀次数:2,消耗:20,收益:110,单次最大盈利:70 单次时间:2019-05-13 10:44:30;
	ID:150015 MONSTERID:306	攻击次数:91,免伤次数:0,击杀次数:3,消耗:910,收益:440,单次最大盈利:180 单次时间:2019-05-13 10:40:04;
	ID:150015 MONSTERID:307	攻击次数:97,免伤次数:0,击杀次数:4,消耗:970,收益:530,单次最大盈利:180 单次时间:2019-05-13 10:44:33;
	ID:150015 MONSTERID:311	攻击次数:11,免伤次数:0,击杀次数:1,消耗:110,收益:430,单次最大盈利:430 单次时间:2019-05-13 10:43:29;
	ID:150015 MONSTERID:312	攻击次数:57,免伤次数:0,击杀次数:0,消耗:570,收益:0,单次最大盈利:0 单次时间:1970-01-01 08:00:00;
	ID:150015 MONSTERID:313	攻击次数:36,免伤次数:0,击杀次数:1,消耗:360,收益:780,单次最大盈利:780 单次时间:2019-05-13 10:44:29;
	ID:150015 ALLMONSTERID 消耗:3760,收益:3100,返回率:0.824468;
