2019/06/10 09:38:08.198000 git.huoys.com/qp/cells/game_trace.polling 600 Info: log money polling....
	全局统计 翻牌统计: 攻击次数:0,击杀次数:0,免伤次数:0,空卡次数:0,宝箱次数:0,普通怪次数:0,Boss怪次数:0,消耗:0 收益:0 返回率:0.000000;
	全局统计 ALLMONSTERID 消耗:0,收益:0,返回率:0.000000;
	全局统计 过敏源剧情 消耗:0,收益:0,返回率:0.000000;
	全局统计 小丑剧情 消耗:0,收益:0,返回率:0.000000;
	全局统计 总输赢:0 总消耗:-0 总收益:+0 总免伤次数:0 总免伤:0 返回率:0.000000 时间:2019-06-10_09_38_08
2019/06/10 10:08:09.689000 git.huoys.com/qp/cells/game_trace.polling 600 Info: log money polling....
	全局统计 翻牌统计: 攻击次数:0,击杀次数:0,免伤次数:0,空卡次数:0,宝箱次数:0,普通怪次数:0,Boss怪次数:0,消耗:0 收益:0 返回率:0.000000;
	全局统计 ALLMONSTERID 消耗:0,收益:0,返回率:0.000000;
	全局统计 过敏源剧情 消耗:0,收益:0,返回率:0.000000;
	全局统计 小丑剧情 消耗:0,收益:0,返回率:0.000000;
	全局统计 总输赢:0 总消耗:-0 总收益:+0 总免伤次数:0 总免伤:0 返回率:0.000000 时间:2019-06-10_10_08_09
2019/06/10 10:38:09.745000 git.huoys.com/qp/cells/game_trace.polling 600 Info: log money polling....
	全局统计 翻牌统计: 攻击次数:0,击杀次数:0,免伤次数:0,空卡次数:0,宝箱次数:0,普通怪次数:0,Boss怪次数:0,消耗:0 收益:0 返回率:0.000000;
	全局统计 ALLMONSTERID 消耗:0,收益:0,返回率:0.000000;
	全局统计 过敏源剧情 消耗:0,收益:0,返回率:0.000000;
	全局统计 小丑剧情 消耗:0,收益:0,返回率:0.000000;
	全局统计 总输赢:0 总消耗:-0 总收益:+0 总免伤次数:0 总免伤:0 返回率:0.000000 时间:2019-06-10_10_38_09
2019/06/10 11:08:09.888000 git.huoys.com/qp/cells/game_trace.polling 600 Info: log money polling....
	全局统计 翻牌统计: 攻击次数:0,击杀次数:0,免伤次数:0,空卡次数:0,宝箱次数:0,普通怪次数:0,Boss怪次数:0,消耗:0 收益:0 返回率:0.000000;
	全局统计 ALLMONSTERID 消耗:0,收益:0,返回率:0.000000;
	全局统计 过敏源剧情 消耗:0,收益:0,返回率:0.000000;
	全局统计 小丑剧情 消耗:0,收益:0,返回率:0.000000;
	全局统计 总输赢:0 总消耗:-0 总收益:+0 总免伤次数:0 总免伤:0 返回率:0.000000 时间:2019-06-10_11_08_09
2019/06/10 11:38:10.058000 git.huoys.com/qp/cells/game_trace.polling 600 Info: log money polling....
	全局统计 翻牌统计: 攻击次数:0,击杀次数:0,免伤次数:0,空卡次数:0,宝箱次数:0,普通怪次数:0,Boss怪次数:0,消耗:0 收益:0 返回率:0.000000;
	全局统计 ALLMONSTERID 消耗:0,收益:0,返回率:0.000000;
	全局统计 过敏源剧情 消耗:0,收益:0,返回率:0.000000;
	全局统计 小丑剧情 消耗:0,收益:0,返回率:0.000000;
	全局统计 总输赢:0 总消耗:-0 总收益:+0 总免伤次数:0 总免伤:0 返回率:0.000000 时间:2019-06-10_11_38_10
2019/06/10 12:08:10.158000 git.huoys.com/qp/cells/game_trace.polling 600 Info: log money polling....
	全局统计 翻牌统计: 攻击次数:0,击杀次数:0,免伤次数:0,空卡次数:0,宝箱次数:0,普通怪次数:0,Boss怪次数:0,消耗:0 收益:0 返回率:0.000000;
	全局统计 ALLMONSTERID 消耗:0,收益:0,返回率:0.000000;
	全局统计 过敏源剧情 消耗:0,收益:0,返回率:0.000000;
	全局统计 小丑剧情 消耗:0,收益:0,返回率:0.000000;
	全局统计 总输赢:0 总消耗:-0 总收益:+0 总免伤次数:0 总免伤:0 返回率:0.000000 时间:2019-06-10_12_08_10
2019/06/10 12:38:10.197000 git.huoys.com/qp/cells/game_trace.polling 600 Info: log money polling....
	全局统计 翻牌统计: 攻击次数:0,击杀次数:0,免伤次数:0,空卡次数:0,宝箱次数:0,普通怪次数:0,Boss怪次数:0,消耗:0 收益:0 返回率:0.000000;
	全局统计 ALLMONSTERID 消耗:0,收益:0,返回率:0.000000;
	全局统计 过敏源剧情 消耗:0,收益:0,返回率:0.000000;
	全局统计 小丑剧情 消耗:0,收益:0,返回率:0.000000;
	全局统计 总输赢:0 总消耗:-0 总收益:+0 总免伤次数:0 总免伤:0 返回率:0.000000 时间:2019-06-10_12_38_10
2019/06/10 13:08:10.305000 git.huoys.com/qp/cells/game_trace.polling 600 Info: log money polling....
	全局统计 翻牌统计: 攻击次数:0,击杀次数:0,免伤次数:0,空卡次数:0,宝箱次数:0,普通怪次数:0,Boss怪次数:0,消耗:0 收益:0 返回率:0.000000;
	全局统计 ALLMONSTERID 消耗:0,收益:0,返回率:0.000000;
	全局统计 过敏源剧情 消耗:0,收益:0,返回率:0.000000;
	全局统计 小丑剧情 消耗:0,收益:0,返回率:0.000000;
	全局统计 总输赢:0 总消耗:-0 总收益:+0 总免伤次数:0 总免伤:0 返回率:0.000000 时间:2019-06-10_13_08_10
2019/06/10 13:38:10.387000 git.huoys.com/qp/cells/game_trace.polling 600 Info: log money polling....
	全局统计 翻牌统计: 攻击次数:0,击杀次数:0,免伤次数:0,空卡次数:0,宝箱次数:0,普通怪次数:0,Boss怪次数:0,消耗:0 收益:0 返回率:0.000000;
	全局统计 ALLMONSTERID 消耗:0,收益:0,返回率:0.000000;
	全局统计 过敏源剧情 消耗:0,收益:0,返回率:0.000000;
	全局统计 小丑剧情 消耗:0,收益:0,返回率:0.000000;
	全局统计 总输赢:0 总消耗:-0 总收益:+0 总免伤次数:0 总免伤:0 返回率:0.000000 时间:2019-06-10_13_38_10
2019/06/10 14:08:10.411000 git.huoys.com/qp/cells/game_trace.polling 600 Info: log money polling....
	全局统计 翻牌统计: 攻击次数:0,击杀次数:0,免伤次数:0,空卡次数:0,宝箱次数:0,普通怪次数:0,Boss怪次数:0,消耗:0 收益:0 返回率:0.000000;
	全局统计 ALLMONSTERID 消耗:0,收益:0,返回率:0.000000;
	全局统计 过敏源剧情 消耗:0,收益:0,返回率:0.000000;
	全局统计 小丑剧情 消耗:0,收益:0,返回率:0.000000;
	全局统计 总输赢:0 总消耗:-0 总收益:+0 总免伤次数:0 总免伤:0 返回率:0.000000 时间:2019-06-10_14_08_10
2019/06/10 14:38:10.442000 git.huoys.com/qp/cells/game_trace.polling 600 Info: log money polling....
	全局统计 翻牌统计: 攻击次数:0,击杀次数:0,免伤次数:0,空卡次数:0,宝箱次数:0,普通怪次数:0,Boss怪次数:0,消耗:0 收益:0 返回率:0.000000;
	全局统计 ALLMONSTERID 消耗:0,收益:0,返回率:0.000000;
	全局统计 过敏源剧情 消耗:0,收益:0,返回率:0.000000;
	全局统计 小丑剧情 消耗:0,收益:0,返回率:0.000000;
	全局统计 总输赢:0 总消耗:-0 总收益:+0 总免伤次数:0 总免伤:0 返回率:0.000000 时间:2019-06-10_14_38_10
2019/06/10 15:08:10.462000 git.huoys.com/qp/cells/game_trace.polling 600 Info: log money polling....
	全局统计 翻牌统计: 攻击次数:0,击杀次数:0,免伤次数:0,空卡次数:0,宝箱次数:0,普通怪次数:0,Boss怪次数:0,消耗:0 收益:0 返回率:0.000000;
	全局统计 ALLMONSTERID 消耗:0,收益:0,返回率:0.000000;
	全局统计 过敏源剧情 消耗:0,收益:0,返回率:0.000000;
	全局统计 小丑剧情 消耗:0,收益:0,返回率:0.000000;
	全局统计 总输赢:0 总消耗:-0 总收益:+0 总免伤次数:0 总免伤:0 返回率:0.000000 时间:2019-06-10_15_08_10
2019/06/10 15:38:10.495000 git.huoys.com/qp/cells/game_trace.polling 600 Info: log money polling....
	全局统计 翻牌统计: 攻击次数:0,击杀次数:0,免伤次数:0,空卡次数:0,宝箱次数:0,普通怪次数:0,Boss怪次数:0,消耗:0 收益:0 返回率:0.000000;
	全局统计 ALLMONSTERID 消耗:0,收益:0,返回率:0.000000;
	全局统计 过敏源剧情 消耗:0,收益:0,返回率:0.000000;
	全局统计 小丑剧情 消耗:0,收益:0,返回率:0.000000;
	全局统计 总输赢:0 总消耗:-0 总收益:+0 总免伤次数:0 总免伤:0 返回率:0.000000 时间:2019-06-10_15_38_10
2019/06/10 16:08:10.525000 git.huoys.com/qp/cells/game_trace.polling 600 Info: log money polling....
	全局统计 翻牌统计: 攻击次数:0,击杀次数:0,免伤次数:0,空卡次数:0,宝箱次数:0,普通怪次数:0,Boss怪次数:0,消耗:0 收益:0 返回率:0.000000;
	全局统计 ALLMONSTERID 消耗:0,收益:0,返回率:0.000000;
	全局统计 过敏源剧情 消耗:0,收益:0,返回率:0.000000;
	全局统计 小丑剧情 消耗:0,收益:0,返回率:0.000000;
	全局统计 总输赢:0 总消耗:-0 总收益:+0 总免伤次数:0 总免伤:0 返回率:0.000000 时间:2019-06-10_16_08_10
2019/06/10 16:38:10.577000 git.huoys.com/qp/cells/game_trace.polling 600 Info: log money polling....
	全局统计 翻牌统计: 攻击次数:0,击杀次数:0,免伤次数:0,空卡次数:0,宝箱次数:0,普通怪次数:0,Boss怪次数:0,消耗:0 收益:0 返回率:0.000000;
	全局统计 ALLMONSTERID 消耗:0,收益:0,返回率:0.000000;
	全局统计 过敏源剧情 消耗:0,收益:0,返回率:0.000000;
	全局统计 小丑剧情 消耗:0,收益:0,返回率:0.000000;
	全局统计 总输赢:0 总消耗:-0 总收益:+0 总免伤次数:0 总免伤:0 返回率:0.000000 时间:2019-06-10_16_38_10
2019/06/10 17:08:11.212000 git.huoys.com/qp/cells/game_trace.polling 600 Info: log money polling....
	全局统计 翻牌统计: 攻击次数:0,击杀次数:0,免伤次数:0,空卡次数:0,宝箱次数:0,普通怪次数:0,Boss怪次数:0,消耗:0 收益:0 返回率:0.000000;
	全局统计 ALLMONSTERID 消耗:0,收益:0,返回率:0.000000;
	全局统计 过敏源剧情 消耗:0,收益:0,返回率:0.000000;
	全局统计 小丑剧情 消耗:0,收益:0,返回率:0.000000;
	全局统计 总输赢:0 总消耗:-0 总收益:+0 总免伤次数:0 总免伤:0 返回率:0.000000 时间:2019-06-10_17_08_11
2019/06/10 17:38:11.281000 git.huoys.com/qp/cells/game_trace.polling 600 Info: log money polling....
	全局统计 翻牌统计: 攻击次数:0,击杀次数:0,免伤次数:0,空卡次数:0,宝箱次数:0,普通怪次数:0,Boss怪次数:0,消耗:0 收益:0 返回率:0.000000;
	全局统计 ALLMONSTERID 消耗:0,收益:0,返回率:0.000000;
	全局统计 过敏源剧情 消耗:0,收益:0,返回率:0.000000;
	全局统计 小丑剧情 消耗:0,收益:0,返回率:0.000000;
	全局统计 总输赢:0 总消耗:-0 总收益:+0 总免伤次数:0 总免伤:0 返回率:0.000000 时间:2019-06-10_17_38_11
2019/06/10 18:08:11.547000 git.huoys.com/qp/cells/game_trace.polling 600 Info: log money polling....
	全局统计 翻牌统计: 攻击次数:0,击杀次数:0,免伤次数:0,空卡次数:0,宝箱次数:0,普通怪次数:0,Boss怪次数:0,消耗:0 收益:0 返回率:0.000000;
	全局统计 ALLMONSTERID 消耗:0,收益:0,返回率:0.000000;
	全局统计 过敏源剧情 消耗:0,收益:0,返回率:0.000000;
	全局统计 小丑剧情 消耗:0,收益:0,返回率:0.000000;
	全局统计 总输赢:0 总消耗:-0 总收益:+0 总免伤次数:0 总免伤:0 返回率:0.000000 时间:2019-06-10_18_08_11
2019/06/10 18:38:11.588000 git.huoys.com/qp/cells/game_trace.polling 600 Info: log money polling....
	全局统计 翻牌统计: 攻击次数:0,击杀次数:0,免伤次数:0,空卡次数:0,宝箱次数:0,普通怪次数:0,Boss怪次数:0,消耗:0 收益:0 返回率:0.000000;
	全局统计 ALLMONSTERID 消耗:0,收益:0,返回率:0.000000;
	全局统计 过敏源剧情 消耗:0,收益:0,返回率:0.000000;
	全局统计 小丑剧情 消耗:0,收益:0,返回率:0.000000;
	全局统计 总输赢:0 总消耗:-0 总收益:+0 总免伤次数:0 总免伤:0 返回率:0.000000 时间:2019-06-10_18_38_11
2019/06/10 19:08:11.650000 git.huoys.com/qp/cells/game_trace.polling 600 Info: log money polling....
	全局统计 翻牌统计: 攻击次数:0,击杀次数:0,免伤次数:0,空卡次数:0,宝箱次数:0,普通怪次数:0,Boss怪次数:0,消耗:0 收益:0 返回率:0.000000;
	全局统计 ALLMONSTERID 消耗:0,收益:0,返回率:0.000000;
	全局统计 过敏源剧情 消耗:0,收益:0,返回率:0.000000;
	全局统计 小丑剧情 消耗:0,收益:0,返回率:0.000000;
	全局统计 总输赢:0 总消耗:-0 总收益:+0 总免伤次数:0 总免伤:0 返回率:0.000000 时间:2019-06-10_19_08_11
2019/06/10 19:38:11.690000 git.huoys.com/qp/cells/game_trace.polling 600 Info: log money polling....
	全局统计 翻牌统计: 攻击次数:0,击杀次数:0,免伤次数:0,空卡次数:0,宝箱次数:0,普通怪次数:0,Boss怪次数:0,消耗:0 收益:0 返回率:0.000000;
	全局统计 ALLMONSTERID 消耗:0,收益:0,返回率:0.000000;
	全局统计 过敏源剧情 消耗:0,收益:0,返回率:0.000000;
	全局统计 小丑剧情 消耗:0,收益:0,返回率:0.000000;
	全局统计 总输赢:0 总消耗:-0 总收益:+0 总免伤次数:0 总免伤:0 返回率:0.000000 时间:2019-06-10_19_38_11
2019/06/10 20:08:11.701000 git.huoys.com/qp/cells/game_trace.polling 600 Info: log money polling....
	全局统计 翻牌统计: 攻击次数:0,击杀次数:0,免伤次数:0,空卡次数:0,宝箱次数:0,普通怪次数:0,Boss怪次数:0,消耗:0 收益:0 返回率:0.000000;
	全局统计 ALLMONSTERID 消耗:0,收益:0,返回率:0.000000;
	全局统计 过敏源剧情 消耗:0,收益:0,返回率:0.000000;
	全局统计 小丑剧情 消耗:0,收益:0,返回率:0.000000;
	全局统计 总输赢:0 总消耗:-0 总收益:+0 总免伤次数:0 总免伤:0 返回率:0.000000 时间:2019-06-10_20_08_11
2019/06/10 20:38:11.747000 git.huoys.com/qp/cells/game_trace.polling 600 Info: log money polling....
	全局统计 翻牌统计: 攻击次数:0,击杀次数:0,免伤次数:0,空卡次数:0,宝箱次数:0,普通怪次数:0,Boss怪次数:0,消耗:0 收益:0 返回率:0.000000;
	全局统计 ALLMONSTERID 消耗:0,收益:0,返回率:0.000000;
	全局统计 过敏源剧情 消耗:0,收益:0,返回率:0.000000;
	全局统计 小丑剧情 消耗:0,收益:0,返回率:0.000000;
	全局统计 总输赢:0 总消耗:-0 总收益:+0 总免伤次数:0 总免伤:0 返回率:0.000000 时间:2019-06-10_20_38_11
2019/06/10 21:08:11.780000 git.huoys.com/qp/cells/game_trace.polling 600 Info: log money polling....
	全局统计 翻牌统计: 攻击次数:0,击杀次数:0,免伤次数:0,空卡次数:0,宝箱次数:0,普通怪次数:0,Boss怪次数:0,消耗:0 收益:0 返回率:0.000000;
	全局统计 ALLMONSTERID 消耗:0,收益:0,返回率:0.000000;
	全局统计 过敏源剧情 消耗:0,收益:0,返回率:0.000000;
	全局统计 小丑剧情 消耗:0,收益:0,返回率:0.000000;
	全局统计 总输赢:0 总消耗:-0 总收益:+0 总免伤次数:0 总免伤:0 返回率:0.000000 时间:2019-06-10_21_08_11
2019/06/10 21:38:11.826000 git.huoys.com/qp/cells/game_trace.polling 600 Info: log money polling....
	全局统计 翻牌统计: 攻击次数:0,击杀次数:0,免伤次数:0,空卡次数:0,宝箱次数:0,普通怪次数:0,Boss怪次数:0,消耗:0 收益:0 返回率:0.000000;
	全局统计 ALLMONSTERID 消耗:0,收益:0,返回率:0.000000;
	全局统计 过敏源剧情 消耗:0,收益:0,返回率:0.000000;
	全局统计 小丑剧情 消耗:0,收益:0,返回率:0.000000;
	全局统计 总输赢:0 总消耗:-0 总收益:+0 总免伤次数:0 总免伤:0 返回率:0.000000 时间:2019-06-10_21_38_11
2019/06/10 22:08:11.862000 git.huoys.com/qp/cells/game_trace.polling 600 Info: log money polling....
	全局统计 翻牌统计: 攻击次数:0,击杀次数:0,免伤次数:0,空卡次数:0,宝箱次数:0,普通怪次数:0,Boss怪次数:0,消耗:0 收益:0 返回率:0.000000;
	全局统计 ALLMONSTERID 消耗:0,收益:0,返回率:0.000000;
	全局统计 过敏源剧情 消耗:0,收益:0,返回率:0.000000;
	全局统计 小丑剧情 消耗:0,收益:0,返回率:0.000000;
	全局统计 总输赢:0 总消耗:-0 总收益:+0 总免伤次数:0 总免伤:0 返回率:0.000000 时间:2019-06-10_22_08_11
2019/06/10 22:38:11.898000 git.huoys.com/qp/cells/game_trace.polling 600 Info: log money polling....
	全局统计 翻牌统计: 攻击次数:0,击杀次数:0,免伤次数:0,空卡次数:0,宝箱次数:0,普通怪次数:0,Boss怪次数:0,消耗:0 收益:0 返回率:0.000000;
	全局统计 ALLMONSTERID 消耗:0,收益:0,返回率:0.000000;
	全局统计 过敏源剧情 消耗:0,收益:0,返回率:0.000000;
	全局统计 小丑剧情 消耗:0,收益:0,返回率:0.000000;
	全局统计 总输赢:0 总消耗:-0 总收益:+0 总免伤次数:0 总免伤:0 返回率:0.000000 时间:2019-06-10_22_38_11
2019/06/10 23:08:11.938000 git.huoys.com/qp/cells/game_trace.polling 600 Info: log money polling....
	全局统计 翻牌统计: 攻击次数:0,击杀次数:0,免伤次数:0,空卡次数:0,宝箱次数:0,普通怪次数:0,Boss怪次数:0,消耗:0 收益:0 返回率:0.000000;
	全局统计 ALLMONSTERID 消耗:0,收益:0,返回率:0.000000;
	全局统计 过敏源剧情 消耗:0,收益:0,返回率:0.000000;
	全局统计 小丑剧情 消耗:0,收益:0,返回率:0.000000;
	全局统计 总输赢:0 总消耗:-0 总收益:+0 总免伤次数:0 总免伤:0 返回率:0.000000 时间:2019-06-10_23_08_11
2019/06/10 23:38:11.955000 git.huoys.com/qp/cells/game_trace.polling 600 Info: log money polling....
	全局统计 翻牌统计: 攻击次数:0,击杀次数:0,免伤次数:0,空卡次数:0,宝箱次数:0,普通怪次数:0,Boss怪次数:0,消耗:0 收益:0 返回率:0.000000;
	全局统计 ALLMONSTERID 消耗:0,收益:0,返回率:0.000000;
	全局统计 过敏源剧情 消耗:0,收益:0,返回率:0.000000;
	全局统计 小丑剧情 消耗:0,收益:0,返回率:0.000000;
	全局统计 总输赢:0 总消耗:-0 总收益:+0 总免伤次数:0 总免伤:0 返回率:0.000000 时间:2019-06-10_23_38_11
