2019/05/11 14:45:30.216200 git.huoys.com/qp/cells/game_trace.polling 519 Info: log money polling....
	全局统计 翻牌统计: 攻击次数:0,击杀次数:0,免伤次数:0,空卡次数:0,宝箱次数:0,普通怪次数:0,Boss怪次数:0,消耗:0 收益:0 返回率:0.000000;
	全局统计 ALLMONSTERID 消耗:0,收益:0,返回率:0.000000;
	全局统计 总输赢:0 总消耗:-0 总收益:+0 总免伤次数:0 总免伤:0 返回率:0.000000 时间:2019-05-11_14_45_30
2019/05/11 14:47:04.873200 git.huoys.com/qp/cells/game_trace.LogSettle 445 Info: 	 单局结算 uid:150015 剩余金币:107219100 消耗:2270 收益:2360 写分增量:90 阵容变化:[201,],[201,], 
2019/05/11 14:47:04.922200 git.huoys.com/qp/cells/game_trace.LeaveGame 430 Info: 
Enter=>ID:150015 Money:107221080 '2019-05-11 14:45:37'
Match=>ID :150015 玩家消耗金额:-2270 玩家赢取金额:+2360 返还率:1.039648 单个最高的结算金额:230 从进入到退出之间的最大余额:107221500
Leave=>ID:150015 Money:107219100 '2019-05-11 14:47:04'
	ID:150015 翻牌统计: 攻击次数:97,击杀次数:0,免伤次数:0,空卡次数:27,宝箱次数:5,普通怪次数:64,Boss怪次数:1,消耗:970 收益:820 返回率:0.845361;
	ID:150015 BOXID:100	攻击次数:48,击杀次数:4,免伤次数:0,消耗:480,收益:590,单次最大盈利:200 单次时间:2019-05-11 14:45:42;
	ID:150015 BOXID:101	攻击次数:31,击杀次数:1,免伤次数:0,消耗:310,收益:230,单次最大盈利:230 单次时间:2019-05-11 14:45:56;
	ID:150015 BOXID:102	攻击次数:18,击杀次数:0,免伤次数:0,消耗:180,收益:0,单次最大盈利:0 单次时间:1970-01-01 08:00:00;
	ID:150015 MONSTERID:300	攻击次数:10,免伤次数:0,击杀次数:6,消耗:100,收益:200,单次最大盈利:40 单次时间:2019-05-11 14:45:45;
	ID:150015 MONSTERID:301	攻击次数:12,免伤次数:0,击杀次数:3,消耗:120,收益:60,单次最大盈利:20 单次时间:2019-05-11 14:45:50;
	ID:150015 MONSTERID:302	攻击次数:1,免伤次数:0,击杀次数:1,消耗:10,收益:30,单次最大盈利:30 单次时间:2019-05-11 14:45:43;
	ID:150015 MONSTERID:303	攻击次数:13,免伤次数:0,击杀次数:2,消耗:130,收益:130,单次最大盈利:70 单次时间:2019-05-11 14:45:58;
	ID:150015 MONSTERID:304	攻击次数:27,免伤次数:0,击杀次数:3,消耗:270,收益:200,单次最大盈利:80 单次时间:2019-05-11 14:46:22;
	ID:150015 MONSTERID:305	攻击次数:14,免伤次数:1,击杀次数:1,消耗:140,收益:70,单次最大盈利:70 单次时间:2019-05-11 14:46:27;
	ID:150015 MONSTERID:306	攻击次数:8,免伤次数:0,击杀次数:3,消耗:80,收益:480,单次最大盈利:170 单次时间:2019-05-11 14:45:46;
	ID:150015 MONSTERID:307	攻击次数:44,免伤次数:0,击杀次数:2,消耗:440,收益:370,单次最大盈利:190 单次时间:2019-05-11 14:46:21;
	ID:150015 MONSTERID:313	攻击次数:1,免伤次数:0,击杀次数:0,消耗:10,收益:0,单次最大盈利:0 单次时间:1970-01-01 08:00:00;
	ID:150015 ALLMONSTERID 消耗:1300,收益:1540,返回率:1.184615;
2019/05/11 14:50:02.276200 git.huoys.com/qp/cells/game_trace.LogSettle 445 Info: 	 单局结算 uid:150015 剩余金币:107217980 消耗:1210 收益:1070 写分增量:-140 阵容变化:[201,],[201,], 
2019/05/11 14:50:07.853200 git.huoys.com/qp/cells/game_trace.LogSettle 445 Info: 	 单局结算 uid:150015 剩余金币:107217980 消耗:0 收益:0 写分增量:0 阵容变化:[201,], 
2019/05/11 14:50:07.892200 git.huoys.com/qp/cells/game_trace.LeaveGame 430 Info: 
Enter=>ID:150015 Money:107219100 '2019-05-11 14:48:01'
Match=>ID :150015 玩家消耗金额:-1210 玩家赢取金额:+1070 返还率:0.884298 单个最高的结算金额:190 从进入到退出之间的最大余额:107219100
Leave=>ID:150015 Money:107217980 '2019-05-11 14:50:07'
	ID:150015 翻牌统计: 攻击次数:53,击杀次数:0,免伤次数:0,空卡次数:16,宝箱次数:2,普通怪次数:35,Boss怪次数:0,消耗:530 收益:300 返回率:0.566038;
	ID:150015 BOXID:100	攻击次数:21,击杀次数:2,免伤次数:0,消耗:210,收益:300,单次最大盈利:180 单次时间:2019-05-11 14:48:15;
	ID:150015 BOXID:101	攻击次数:28,击杀次数:0,免伤次数:0,消耗:280,收益:0,单次最大盈利:0 单次时间:1970-01-01 08:00:00;
	ID:150015 BOXID:102	攻击次数:4,击杀次数:0,免伤次数:0,消耗:40,收益:0,单次最大盈利:0 单次时间:1970-01-01 08:00:00;
	ID:150015 MONSTERID:301	攻击次数:1,免伤次数:0,击杀次数:0,消耗:10,收益:0,单次最大盈利:0 单次时间:1970-01-01 08:00:00;
	ID:150015 MONSTERID:302	攻击次数:13,免伤次数:0,击杀次数:2,消耗:130,收益:80,单次最大盈利:60 单次时间:2019-05-11 14:48:16;
	ID:150015 MONSTERID:303	攻击次数:16,免伤次数:0,击杀次数:1,消耗:160,收益:20,单次最大盈利:20 单次时间:2019-05-11 14:48:11;
	ID:150015 MONSTERID:304	攻击次数:1,免伤次数:0,击杀次数:1,消耗:10,收益:100,单次最大盈利:100 单次时间:2019-05-11 14:48:15;
	ID:150015 MONSTERID:305	攻击次数:12,免伤次数:0,击杀次数:1,消耗:120,收益:90,单次最大盈利:90 单次时间:2019-05-11 14:48:07;
	ID:150015 MONSTERID:306	攻击次数:11,免伤次数:0,击杀次数:1,消耗:110,收益:110,单次最大盈利:110 单次时间:2019-05-11 14:48:12;
	ID:150015 MONSTERID:307	攻击次数:14,免伤次数:0,击杀次数:2,消耗:140,收益:370,单次最大盈利:190 单次时间:2019-05-11 14:48:33;
	ID:150015 ALLMONSTERID 消耗:680,收益:770,返回率:1.132353;
2019/05/11 14:51:25.733200 git.huoys.com/qp/cells/game_trace.LogSettle 445 Info: 	 单局结算 uid:150015 剩余金币:107217470 消耗:1130 收益:1560 写分增量:430 阵容变化:[201,],[201,], 
2019/05/11 14:51:25.771200 git.huoys.com/qp/cells/game_trace.LeaveGame 430 Info: 
Enter=>ID:150015 Money:107217980 '2019-05-11 14:50:22'
Match=>ID :150015 玩家消耗金额:-1130 玩家赢取金额:+1560 返还率:1.380531 单个最高的结算金额:460 从进入到退出之间的最大余额:107217980
Leave=>ID:150015 Money:107217470 '2019-05-11 14:51:25'
	ID:150015 翻牌统计: 攻击次数:50,击杀次数:0,免伤次数:0,空卡次数:17,宝箱次数:3,普通怪次数:29,Boss怪次数:1,消耗:500 收益:790 返回率:1.580000;
	ID:150015 BOXID:100	攻击次数:20,击杀次数:2,免伤次数:0,消耗:200,收益:330,单次最大盈利:180 单次时间:2019-05-11 14:50:35;
	ID:150015 BOXID:101	攻击次数:21,击杀次数:0,免伤次数:0,消耗:210,收益:0,单次最大盈利:0 单次时间:1970-01-01 08:00:00;
	ID:150015 BOXID:102	攻击次数:9,击杀次数:1,免伤次数:0,消耗:90,收益:460,单次最大盈利:460 单次时间:2019-05-11 14:50:47;
	ID:150015 MONSTERID:300	攻击次数:6,免伤次数:0,击杀次数:1,消耗:60,收益:30,单次最大盈利:30 单次时间:2019-05-11 14:50:46;
	ID:150015 MONSTERID:301	攻击次数:2,免伤次数:0,击杀次数:1,消耗:20,收益:30,单次最大盈利:30 单次时间:2019-05-11 14:50:27;
	ID:150015 MONSTERID:303	攻击次数:5,免伤次数:0,击杀次数:2,消耗:50,收益:140,单次最大盈利:80 单次时间:2019-05-11 14:50:41;
	ID:150015 MONSTERID:304	攻击次数:4,免伤次数:0,击杀次数:1,消耗:40,收益:50,单次最大盈利:50 单次时间:2019-05-11 14:50:34;
	ID:150015 MONSTERID:305	攻击次数:9,免伤次数:0,击杀次数:0,消耗:90,收益:0,单次最大盈利:0 单次时间:1970-01-01 08:00:00;
	ID:150015 MONSTERID:306	攻击次数:11,免伤次数:0,击杀次数:0,消耗:110,收益:0,单次最大盈利:0 单次时间:1970-01-01 08:00:00;
	ID:150015 MONSTERID:307	攻击次数:12,免伤次数:0,击杀次数:1,消耗:120,收益:190,单次最大盈利:190 单次时间:2019-05-11 14:50:44;
	ID:150015 MONSTERID:314	攻击次数:14,免伤次数:0,击杀次数:1,消耗:140,收益:330,单次最大盈利:330 单次时间:2019-05-11 14:50:32;
	ID:150015 ALLMONSTERID 消耗:630,收益:770,返回率:1.222222;
2019/05/11 14:53:47.393200 git.huoys.com/qp/cells/game_trace.LogSettle 445 Info: 	 单局结算 uid:150015 剩余金币:107217540 消耗:240 收益:270 写分增量:30 阵容变化:[201,],[201,], 
2019/05/11 14:53:47.435200 git.huoys.com/qp/cells/game_trace.LeaveGame 430 Info: 
Enter=>ID:150015 Money:107217470 '2019-05-11 14:53:01'
Match=>ID :150015 玩家消耗金额:-240 玩家赢取金额:+270 返还率:1.125000 单个最高的结算金额:100 从进入到退出之间的最大余额:107217580
Leave=>ID:150015 Money:107217540 '2019-05-11 14:53:47'
	ID:150015 翻牌统计: 攻击次数:17,击杀次数:0,免伤次数:0,空卡次数:7,宝箱次数:1,普通怪次数:9,Boss怪次数:0,消耗:170 收益:100 返回率:0.588235;
	ID:150015 BOXID:100	攻击次数:8,击杀次数:1,免伤次数:0,消耗:80,收益:100,单次最大盈利:100 单次时间:2019-05-11 14:53:11;
	ID:150015 BOXID:101	攻击次数:4,击杀次数:0,免伤次数:0,消耗:40,收益:0,单次最大盈利:0 单次时间:1970-01-01 08:00:00;
	ID:150015 BOXID:102	攻击次数:5,击杀次数:0,免伤次数:0,消耗:50,收益:0,单次最大盈利:0 单次时间:1970-01-01 08:00:00;
	ID:150015 MONSTERID:300	攻击次数:1,免伤次数:0,击杀次数:1,消耗:10,收益:40,单次最大盈利:40 单次时间:2019-05-11 14:53:47;
	ID:150015 MONSTERID:302	攻击次数:2,免伤次数:0,击杀次数:1,消耗:20,收益:50,单次最大盈利:50 单次时间:2019-05-11 14:53:11;
	ID:150015 MONSTERID:303	攻击次数:4,免伤次数:0,击杀次数:1,消耗:40,收益:80,单次最大盈利:80 单次时间:2019-05-11 14:53:10;
	ID:150015 ALLMONSTERID 消耗:70,收益:170,返回率:2.428571;
2019/05/11 14:56:37.937200 git.huoys.com/qp/cells/game_trace.LogSettle 445 Info: 	 单局结算 uid:150015 剩余金币:107220140 消耗:770 收益:650 写分增量:-120 阵容变化:[201,],[201,],[201,],[201,], 
2019/05/11 14:56:37.976200 git.huoys.com/qp/cells/game_trace.LeaveGame 430 Info: 
Enter=>ID:150015 Money:107217540 '2019-05-11 14:55:13'
Match=>ID :150015 玩家消耗金额:-770 玩家赢取金额:+650 返还率:0.844156 单个最高的结算金额:270 从进入到退出之间的最大余额:107220260
Leave=>ID:150015 Money:107220140 '2019-05-11 14:56:37'
	ID:150015 翻牌统计: 攻击次数:40,击杀次数:0,免伤次数:0,空卡次数:13,宝箱次数:2,普通怪次数:24,Boss怪次数:1,消耗:400 收益:420 返回率:1.050000;
	ID:150015 BOXID:100	攻击次数:19,击杀次数:1,免伤次数:0,消耗:190,收益:150,单次最大盈利:150 单次时间:2019-05-11 14:55:46;
	ID:150015 BOXID:101	攻击次数:15,击杀次数:1,免伤次数:0,消耗:150,收益:270,单次最大盈利:270 单次时间:2019-05-11 14:56:03;
	ID:150015 BOXID:102	攻击次数:6,击杀次数:0,免伤次数:0,消耗:60,收益:0,单次最大盈利:0 单次时间:1970-01-01 08:00:00;
	ID:150015 MONSTERID:300	攻击次数:4,免伤次数:0,击杀次数:1,消耗:40,收益:40,单次最大盈利:40 单次时间:2019-05-11 14:56:03;
	ID:150015 MONSTERID:302	攻击次数:15,免伤次数:0,击杀次数:2,消耗:150,收益:90,单次最大盈利:50 单次时间:2019-05-11 14:55:50;
	ID:150015 MONSTERID:303	攻击次数:3,免伤次数:0,击杀次数:2,消耗:30,收益:100,单次最大盈利:70 单次时间:2019-05-11 14:55:18;
	ID:150015 MONSTERID:305	攻击次数:1,免伤次数:0,击杀次数:0,消耗:10,收益:0,单次最大盈利:0 单次时间:1970-01-01 08:00:00;
	ID:150015 MONSTERID:307	攻击次数:10,免伤次数:0,击杀次数:0,消耗:100,收益:0,单次最大盈利:0 单次时间:1970-01-01 08:00:00;
	ID:150015 MONSTERID:312	攻击次数:4,免伤次数:0,击杀次数:0,消耗:40,收益:0,单次最大盈利:0 单次时间:1970-01-01 08:00:00;
	ID:150015 ALLMONSTERID 消耗:370,收益:230,返回率:0.621622;
2019/05/11 15:00:33.355200 git.huoys.com/qp/cells/game_trace.LogSettle 445 Info: 	 单局结算 uid:150015 剩余金币:107216340 消耗:2180 收益:2240 写分增量:60 阵容变化:[201,],[201,],[201,], 
2019/05/11 15:01:08.054200 git.huoys.com/qp/cells/game_trace.LogSettle 445 Info: 	 单局结算 uid:150015 剩余金币:107216230 消耗:130 收益:20 写分增量:-110 阵容变化:[201,], 
2019/05/11 15:01:08.130200 git.huoys.com/qp/cells/game_trace.LeaveGame 430 Info: 
Enter=>ID:150015 Money:107216910 '2019-05-11 14:58:32'
Match=>ID :150015 玩家消耗金额:-2310 玩家赢取金额:+2260 返还率:0.978355 单个最高的结算金额:270 从进入到退出之间的最大余额:107217000
Leave=>ID:150015 Money:107216230 '2019-05-11 15:01:08'
	ID:150015 翻牌统计: 攻击次数:104,击杀次数:0,免伤次数:0,空卡次数:33,宝箱次数:4,普通怪次数:67,Boss怪次数:0,消耗:1040 收益:670 返回率:0.644231;
	ID:150015 BOXID:100	攻击次数:48,击杀次数:3,免伤次数:0,消耗:480,收益:400,单次最大盈利:140 单次时间:2019-05-11 14:58:47;
	ID:150015 BOXID:101	攻击次数:47,击杀次数:1,免伤次数:0,消耗:470,收益:270,单次最大盈利:270 单次时间:2019-05-11 14:58:45;
	ID:150015 BOXID:102	攻击次数:9,击杀次数:0,免伤次数:0,消耗:90,收益:0,单次最大盈利:0 单次时间:1970-01-01 08:00:00;
	ID:150015 MONSTERID:300	攻击次数:15,免伤次数:0,击杀次数:5,消耗:150,收益:140,单次最大盈利:30 单次时间:2019-05-11 14:58:49;
	ID:150015 MONSTERID:301	攻击次数:29,免伤次数:0,击杀次数:6,消耗:290,收益:200,单次最大盈利:40 单次时间:2019-05-11 14:58:42;
	ID:150015 MONSTERID:302	攻击次数:11,免伤次数:0,击杀次数:3,消耗:110,收益:100,单次最大盈利:40 单次时间:2019-05-11 14:58:38;
	ID:150015 MONSTERID:303	攻击次数:4,免伤次数:0,击杀次数:1,消耗:40,收益:40,单次最大盈利:40 单次时间:2019-05-11 15:00:00;
	ID:150015 MONSTERID:304	攻击次数:13,免伤次数:0,击杀次数:4,消耗:130,收益:260,单次最大盈利:100 单次时间:2019-05-11 15:00:01;
	ID:150015 MONSTERID:305	攻击次数:15,免伤次数:0,击杀次数:3,消耗:150,收益:200,单次最大盈利:80 单次时间:2019-05-11 14:59:53;
	ID:150015 MONSTERID:306	攻击次数:8,免伤次数:0,击杀次数:1,消耗:80,收益:100,单次最大盈利:100 单次时间:2019-05-11 14:58:46;
	ID:150015 MONSTERID:307	攻击次数:32,免伤次数:0,击杀次数:4,消耗:320,收益:550,单次最大盈利:190 单次时间:2019-05-11 14:58:37;
	ID:150015 ALLMONSTERID 消耗:1270,收益:1590,返回率:1.251969;
2019/05/11 15:07:20.383200 git.huoys.com/qp/cells/game_trace.LogSettle 445 Info: 	 单局结算 uid:150015 剩余金币:107216230 消耗:0 收益:0 写分增量:0 阵容变化:[201,], 
2019/05/11 15:07:20.404200 git.huoys.com/qp/cells/game_trace.LeaveGame 430 Info: 
Enter=>ID:150015 Money:107216230 '2019-05-11 15:06:54'
Match=>ID :150015 玩家消耗金额:-0 玩家赢取金额:+0 返还率:0.000000 单个最高的结算金额:0 从进入到退出之间的最大余额:107216230
Leave=>ID:150015 Money:107216230 '2019-05-11 15:07:20'
	ID:150015 翻牌统计: 攻击次数:0,击杀次数:0,免伤次数:0,空卡次数:0,宝箱次数:0,普通怪次数:0,Boss怪次数:0,消耗:0 收益:0 返回率:0.000000;
	ID:150015 ALLMONSTERID 消耗:0,收益:0,返回率:0.000000;
2019/05/11 15:08:00.366200 git.huoys.com/qp/cells/game_trace.LogSettle 445 Info: 	 单局结算 uid:150015 剩余金币:107216230 消耗:0 收益:0 写分增量:0 阵容变化:[201,], 
2019/05/11 15:08:00.379200 git.huoys.com/qp/cells/game_trace.LeaveGame 430 Info: 
Enter=>ID:150015 Money:107216230 '2019-05-11 15:07:41'
Match=>ID :150015 玩家消耗金额:-0 玩家赢取金额:+0 返还率:0.000000 单个最高的结算金额:0 从进入到退出之间的最大余额:107216230
Leave=>ID:150015 Money:107216230 '2019-05-11 15:08:00'
	ID:150015 翻牌统计: 攻击次数:0,击杀次数:0,免伤次数:0,空卡次数:0,宝箱次数:0,普通怪次数:0,Boss怪次数:0,消耗:0 收益:0 返回率:0.000000;
	ID:150015 ALLMONSTERID 消耗:0,收益:0,返回率:0.000000;
2019/05/11 15:08:56.416200 git.huoys.com/qp/cells/game_trace.LogSettle 445 Info: 	 单局结算 uid:150015 剩余金币:107216230 消耗:0 收益:0 写分增量:0 阵容变化:[201,], 
2019/05/11 15:08:56.436200 git.huoys.com/qp/cells/game_trace.LeaveGame 430 Info: 
Enter=>ID:150015 Money:107216230 '2019-05-11 15:08:32'
Match=>ID :150015 玩家消耗金额:-0 玩家赢取金额:+0 返还率:0.000000 单个最高的结算金额:0 从进入到退出之间的最大余额:107216230
Leave=>ID:150015 Money:107216230 '2019-05-11 15:08:56'
	ID:150015 翻牌统计: 攻击次数:0,击杀次数:0,免伤次数:0,空卡次数:0,宝箱次数:0,普通怪次数:0,Boss怪次数:0,消耗:0 收益:0 返回率:0.000000;
	ID:150015 ALLMONSTERID 消耗:0,收益:0,返回率:0.000000;
2019/05/11 15:09:42.304200 git.huoys.com/qp/cells/game_trace.LogSettle 445 Info: 	 单局结算 uid:150015 剩余金币:107216230 消耗:0 收益:0 写分增量:0 阵容变化:[201,], 
2019/05/11 15:09:42.364200 git.huoys.com/qp/cells/game_trace.LeaveGame 430 Info: 
Enter=>ID:150015 Money:107216230 '2019-05-11 15:09:15'
Match=>ID :150015 玩家消耗金额:-0 玩家赢取金额:+0 返还率:0.000000 单个最高的结算金额:0 从进入到退出之间的最大余额:107216230
Leave=>ID:150015 Money:107216230 '2019-05-11 15:09:42'
	ID:150015 翻牌统计: 攻击次数:0,击杀次数:0,免伤次数:0,空卡次数:0,宝箱次数:0,普通怪次数:0,Boss怪次数:0,消耗:0 收益:0 返回率:0.000000;
	ID:150015 ALLMONSTERID 消耗:0,收益:0,返回率:0.000000;
2019/05/11 15:15:31.452200 git.huoys.com/qp/cells/game_trace.polling 519 Info: log money polling....
	全局统计 翻牌统计: 攻击次数:361,击杀次数:0,免伤次数:0,空卡次数:113,宝箱次数:17,普通怪次数:228,Boss怪次数:3,消耗:3610 收益:3100 返回率:0.858726;
	全局统计 BOXID:100	攻击次数:164,击杀次数:13,免伤次数:0,消耗:1640,收益:1870,单次最大盈利:200 单次时间:2019-05-11 15:15:31;
	全局统计 BOXID:101	攻击次数:146,击杀次数:3,免伤次数:0,消耗:1460,收益:770,单次最大盈利:270 单次时间:2019-05-11 15:15:31;
	全局统计 BOXID:102	攻击次数:51,击杀次数:1,免伤次数:0,消耗:510,收益:460,单次最大盈利:460 单次时间:2019-05-11 15:15:31;
	全局统计 MONSTERID:300	攻击次数:36,免伤次数:0,击杀次数:14,消耗:360,收益:450,单次最大盈利:40 单次时间:2019-05-11 15:15:31;
	全局统计 MONSTERID:301	攻击次数:44,免伤次数:0,击杀次数:10,消耗:440,收益:290,单次最大盈利:40 单次时间:2019-05-11 15:15:31;
	全局统计 MONSTERID:302	攻击次数:42,免伤次数:0,击杀次数:9,消耗:420,收益:350,单次最大盈利:60 单次时间:2019-05-11 15:15:31;
	全局统计 MONSTERID:303	攻击次数:45,免伤次数:0,击杀次数:9,消耗:450,收益:510,单次最大盈利:80 单次时间:2019-05-11 15:15:31;
	全局统计 MONSTERID:304	攻击次数:45,免伤次数:0,击杀次数:9,消耗:450,收益:610,单次最大盈利:100 单次时间:2019-05-11 15:15:31;
	全局统计 MONSTERID:305	攻击次数:51,免伤次数:1,击杀次数:5,消耗:510,收益:360,单次最大盈利:90 单次时间:2019-05-11 15:15:31;
	全局统计 MONSTERID:306	攻击次数:38,免伤次数:0,击杀次数:5,消耗:380,收益:690,单次最大盈利:170 单次时间:2019-05-11 15:15:31;
	全局统计 MONSTERID:307	攻击次数:112,免伤次数:0,击杀次数:9,消耗:1120,收益:1480,单次最大盈利:190 单次时间:2019-05-11 15:15:31;
	全局统计 MONSTERID:312	攻击次数:4,免伤次数:0,击杀次数:0,消耗:40,收益:0,单次最大盈利:0 单次时间:2019-05-11 15:15:31;
	全局统计 MONSTERID:313	攻击次数:1,免伤次数:0,击杀次数:0,消耗:10,收益:0,单次最大盈利:0 单次时间:2019-05-11 15:15:31;
	全局统计 MONSTERID:314	攻击次数:14,免伤次数:0,击杀次数:1,消耗:140,收益:330,单次最大盈利:330 单次时间:2019-05-11 15:15:31;
	全局统计 ALLMONSTERID 消耗:4320,收益:5070,返回率:1.173611;
	全局统计 总输赢:240 总消耗:-7930 总收益:+8170 总免伤次数:1 总免伤:10 返回率:1.030265 时间:2019-05-11_15_15_31
2019/05/11 15:39:38.135200 git.huoys.com/qp/cells/game_trace.LogSettle 445 Info: 	 单局结算 uid:150015 剩余金币:107216230 消耗:0 收益:0 写分增量:0 阵容变化:[201,], 
2019/05/11 15:39:38.153200 git.huoys.com/qp/cells/game_trace.LeaveGame 430 Info: 
Enter=>ID:150015 Money:107216230 '2019-05-11 15:38:43'
Match=>ID :150015 玩家消耗金额:-0 玩家赢取金额:+0 返还率:0.000000 单个最高的结算金额:0 从进入到退出之间的最大余额:107216230
Leave=>ID:150015 Money:107216230 '2019-05-11 15:39:38'
	ID:150015 翻牌统计: 攻击次数:0,击杀次数:0,免伤次数:0,空卡次数:0,宝箱次数:0,普通怪次数:0,Boss怪次数:0,消耗:0 收益:0 返回率:0.000000;
	ID:150015 ALLMONSTERID 消耗:0,收益:0,返回率:0.000000;
2019/05/11 15:40:17.665200 git.huoys.com/qp/cells/game_trace.LogSettle 445 Info: 	 单局结算 uid:150015 剩余金币:107216230 消耗:0 收益:0 写分增量:0 阵容变化:[201,], 
2019/05/11 15:40:17.700200 git.huoys.com/qp/cells/game_trace.LeaveGame 430 Info: 
Enter=>ID:150015 Money:107216230 '2019-05-11 15:39:51'
Match=>ID :150015 玩家消耗金额:-0 玩家赢取金额:+0 返还率:0.000000 单个最高的结算金额:0 从进入到退出之间的最大余额:107216230
Leave=>ID:150015 Money:107216230 '2019-05-11 15:40:17'
	ID:150015 翻牌统计: 攻击次数:0,击杀次数:0,免伤次数:0,空卡次数:0,宝箱次数:0,普通怪次数:0,Boss怪次数:0,消耗:0 收益:0 返回率:0.000000;
	ID:150015 ALLMONSTERID 消耗:0,收益:0,返回率:0.000000;
2019/05/11 15:43:39.651200 git.huoys.com/qp/cells/game_trace.LogSettle 445 Info: 	 单局结算 uid:150015 剩余金币:107216230 消耗:0 收益:0 写分增量:0 阵容变化:[201,], 
2019/05/11 15:43:39.685200 git.huoys.com/qp/cells/game_trace.LeaveGame 430 Info: 
Enter=>ID:150015 Money:107216230 '2019-05-11 15:43:29'
Match=>ID :150015 玩家消耗金额:-0 玩家赢取金额:+0 返还率:0.000000 单个最高的结算金额:0 从进入到退出之间的最大余额:107216230
Leave=>ID:150015 Money:107216230 '2019-05-11 15:43:39'
	ID:150015 翻牌统计: 攻击次数:0,击杀次数:0,免伤次数:0,空卡次数:0,宝箱次数:0,普通怪次数:0,Boss怪次数:0,消耗:0 收益:0 返回率:0.000000;
	ID:150015 ALLMONSTERID 消耗:0,收益:0,返回率:0.000000;
2019/05/11 15:44:32.483200 git.huoys.com/qp/cells/game_trace.LogSettle 445 Info: 	 单局结算 uid:150015 剩余金币:107216230 消耗:0 收益:0 写分增量:0 阵容变化:[201,], 
2019/05/11 15:44:32.512200 git.huoys.com/qp/cells/game_trace.LeaveGame 430 Info: 
Enter=>ID:150015 Money:107216230 '2019-05-11 15:44:08'
Match=>ID :150015 玩家消耗金额:-0 玩家赢取金额:+0 返还率:0.000000 单个最高的结算金额:0 从进入到退出之间的最大余额:107216230
Leave=>ID:150015 Money:107216230 '2019-05-11 15:44:32'
	ID:150015 翻牌统计: 攻击次数:0,击杀次数:0,免伤次数:0,空卡次数:0,宝箱次数:0,普通怪次数:0,Boss怪次数:0,消耗:0 收益:0 返回率:0.000000;
	ID:150015 ALLMONSTERID 消耗:0,收益:0,返回率:0.000000;
2019/05/11 15:45:31.513200 git.huoys.com/qp/cells/game_trace.polling 519 Info: log money polling....
	全局统计 翻牌统计: 攻击次数:0,击杀次数:0,免伤次数:0,空卡次数:0,宝箱次数:0,普通怪次数:0,Boss怪次数:0,消耗:0 收益:0 返回率:0.000000;
	全局统计 BOXID:100	攻击次数:0,击杀次数:0,免伤次数:0,消耗:0,收益:0,单次最大盈利:0 单次时间:2019-05-11 15:45:31;
	全局统计 BOXID:101	攻击次数:0,击杀次数:0,免伤次数:0,消耗:0,收益:0,单次最大盈利:0 单次时间:2019-05-11 15:45:31;
	全局统计 BOXID:102	攻击次数:0,击杀次数:0,免伤次数:0,消耗:0,收益:0,单次最大盈利:0 单次时间:2019-05-11 15:45:31;
	全局统计 MONSTERID:300	攻击次数:0,免伤次数:0,击杀次数:0,消耗:0,收益:0,单次最大盈利:0 单次时间:2019-05-11 15:45:31;
	全局统计 MONSTERID:301	攻击次数:0,免伤次数:0,击杀次数:0,消耗:0,收益:0,单次最大盈利:0 单次时间:2019-05-11 15:45:31;
	全局统计 MONSTERID:302	攻击次数:0,免伤次数:0,击杀次数:0,消耗:0,收益:0,单次最大盈利:0 单次时间:2019-05-11 15:45:31;
	全局统计 MONSTERID:303	攻击次数:0,免伤次数:0,击杀次数:0,消耗:0,收益:0,单次最大盈利:0 单次时间:2019-05-11 15:45:31;
	全局统计 MONSTERID:304	攻击次数:0,免伤次数:0,击杀次数:0,消耗:0,收益:0,单次最大盈利:0 单次时间:2019-05-11 15:45:31;
	全局统计 MONSTERID:305	攻击次数:0,免伤次数:0,击杀次数:0,消耗:0,收益:0,单次最大盈利:0 单次时间:2019-05-11 15:45:31;
	全局统计 MONSTERID:306	攻击次数:0,免伤次数:0,击杀次数:0,消耗:0,收益:0,单次最大盈利:0 单次时间:2019-05-11 15:45:31;
	全局统计 MONSTERID:307	攻击次数:0,免伤次数:0,击杀次数:0,消耗:0,收益:0,单次最大盈利:0 单次时间:2019-05-11 15:45:31;
	全局统计 MONSTERID:312	攻击次数:0,免伤次数:0,击杀次数:0,消耗:0,收益:0,单次最大盈利:0 单次时间:2019-05-11 15:45:31;
	全局统计 MONSTERID:313	攻击次数:0,免伤次数:0,击杀次数:0,消耗:0,收益:0,单次最大盈利:0 单次时间:2019-05-11 15:45:31;
	全局统计 MONSTERID:314	攻击次数:0,免伤次数:0,击杀次数:0,消耗:0,收益:0,单次最大盈利:0 单次时间:2019-05-11 15:45:31;
	全局统计 ALLMONSTERID 消耗:0,收益:0,返回率:0.000000;
	全局统计 总输赢:0 总消耗:-0 总收益:+0 总免伤次数:0 总免伤:0 返回率:0.000000 时间:2019-05-11_15_45_31
2019/05/11 15:45:59.525200 git.huoys.com/qp/cells/game_trace.LogSettle 445 Info: 	 单局结算 uid:150015 剩余金币:107216230 消耗:0 收益:0 写分增量:0 阵容变化:[201,], 
2019/05/11 15:45:59.556200 git.huoys.com/qp/cells/game_trace.LeaveGame 430 Info: 
Enter=>ID:150015 Money:107216230 '2019-05-11 15:45:00'
Match=>ID :150015 玩家消耗金额:-0 玩家赢取金额:+0 返还率:0.000000 单个最高的结算金额:0 从进入到退出之间的最大余额:107216230
Leave=>ID:150015 Money:107216230 '2019-05-11 15:45:59'
	ID:150015 翻牌统计: 攻击次数:0,击杀次数:0,免伤次数:0,空卡次数:0,宝箱次数:0,普通怪次数:0,Boss怪次数:0,消耗:0 收益:0 返回率:0.000000;
	ID:150015 ALLMONSTERID 消耗:0,收益:0,返回率:0.000000;
2019/05/11 15:48:59.867200 git.huoys.com/qp/cells/game_trace.LogSettle 445 Info: 	 单局结算 uid:150015 剩余金币:107216230 消耗:0 收益:0 写分增量:0 阵容变化:[201,], 
2019/05/11 15:48:59.902200 git.huoys.com/qp/cells/game_trace.LeaveGame 430 Info: 
Enter=>ID:150015 Money:107216230 '2019-05-11 15:48:41'
Match=>ID :150015 玩家消耗金额:-0 玩家赢取金额:+0 返还率:0.000000 单个最高的结算金额:0 从进入到退出之间的最大余额:107216230
Leave=>ID:150015 Money:107216230 '2019-05-11 15:48:59'
	ID:150015 翻牌统计: 攻击次数:0,击杀次数:0,免伤次数:0,空卡次数:0,宝箱次数:0,普通怪次数:0,Boss怪次数:0,消耗:0 收益:0 返回率:0.000000;
	ID:150015 ALLMONSTERID 消耗:0,收益:0,返回率:0.000000;
2019/05/11 15:50:08.751200 git.huoys.com/qp/cells/game_trace.LogSettle 445 Info: 	 单局结算 uid:150015 剩余金币:107216230 消耗:0 收益:0 写分增量:0 阵容变化:[201,], 
2019/05/11 15:50:08.787200 git.huoys.com/qp/cells/game_trace.LeaveGame 430 Info: 
Enter=>ID:150015 Money:107216230 '2019-05-11 15:49:22'
Match=>ID :150015 玩家消耗金额:-0 玩家赢取金额:+0 返还率:0.000000 单个最高的结算金额:0 从进入到退出之间的最大余额:107216230
Leave=>ID:150015 Money:107216230 '2019-05-11 15:50:08'
	ID:150015 翻牌统计: 攻击次数:0,击杀次数:0,免伤次数:0,空卡次数:0,宝箱次数:0,普通怪次数:0,Boss怪次数:0,消耗:0 收益:0 返回率:0.000000;
	ID:150015 ALLMONSTERID 消耗:0,收益:0,返回率:0.000000;
2019/05/11 15:52:19.717200 git.huoys.com/qp/cells/game_trace.LogSettle 445 Info: 	 单局结算 uid:150015 剩余金币:107216230 消耗:0 收益:0 写分增量:0 阵容变化:[201,], 
2019/05/11 15:52:19.748200 git.huoys.com/qp/cells/game_trace.LeaveGame 430 Info: 
Enter=>ID:150015 Money:107216230 '2019-05-11 15:51:59'
Match=>ID :150015 玩家消耗金额:-0 玩家赢取金额:+0 返还率:0.000000 单个最高的结算金额:0 从进入到退出之间的最大余额:107216230
Leave=>ID:150015 Money:107216230 '2019-05-11 15:52:19'
	ID:150015 翻牌统计: 攻击次数:0,击杀次数:0,免伤次数:0,空卡次数:0,宝箱次数:0,普通怪次数:0,Boss怪次数:0,消耗:0 收益:0 返回率:0.000000;
	ID:150015 ALLMONSTERID 消耗:0,收益:0,返回率:0.000000;
2019/05/11 15:52:33.418200 git.huoys.com/qp/cells/game_trace.LogSettle 445 Info: 	 单局结算 uid:150015 剩余金币:107216230 消耗:0 收益:0 写分增量:0 阵容变化:[201,], 
2019/05/11 15:52:33.444200 git.huoys.com/qp/cells/game_trace.LeaveGame 430 Info: 
Enter=>ID:150015 Money:107216230 '2019-05-11 15:52:23'
Match=>ID :150015 玩家消耗金额:-0 玩家赢取金额:+0 返还率:0.000000 单个最高的结算金额:0 从进入到退出之间的最大余额:107216230
Leave=>ID:150015 Money:107216230 '2019-05-11 15:52:33'
	ID:150015 翻牌统计: 攻击次数:0,击杀次数:0,免伤次数:0,空卡次数:0,宝箱次数:0,普通怪次数:0,Boss怪次数:0,消耗:0 收益:0 返回率:0.000000;
	ID:150015 ALLMONSTERID 消耗:0,收益:0,返回率:0.000000;
2019/05/11 15:53:20.553200 git.huoys.com/qp/cells/game_trace.LogSettle 445 Info: 	 单局结算 uid:150015 剩余金币:107216230 消耗:0 收益:0 写分增量:0 阵容变化:[201,], 
2019/05/11 15:53:20.578200 git.huoys.com/qp/cells/game_trace.LeaveGame 430 Info: 
Enter=>ID:150015 Money:107216230 '2019-05-11 15:52:57'
Match=>ID :150015 玩家消耗金额:-0 玩家赢取金额:+0 返还率:0.000000 单个最高的结算金额:0 从进入到退出之间的最大余额:107216230
Leave=>ID:150015 Money:107216230 '2019-05-11 15:53:20'
	ID:150015 翻牌统计: 攻击次数:0,击杀次数:0,免伤次数:0,空卡次数:0,宝箱次数:0,普通怪次数:0,Boss怪次数:0,消耗:0 收益:0 返回率:0.000000;
	ID:150015 ALLMONSTERID 消耗:0,收益:0,返回率:0.000000;
2019/05/11 15:58:26.226200 git.huoys.com/qp/cells/game_trace.LogSettle 445 Info: 	 单局结算 uid:150015 剩余金币:107216230 消耗:0 收益:0 写分增量:0 阵容变化:[201,], 
2019/05/11 15:58:26.306200 git.huoys.com/qp/cells/game_trace.LeaveGame 430 Info: 
Enter=>ID:150015 Money:107216230 '2019-05-11 15:58:12'
Match=>ID :150015 玩家消耗金额:-0 玩家赢取金额:+0 返还率:0.000000 单个最高的结算金额:0 从进入到退出之间的最大余额:107216230
Leave=>ID:150015 Money:107216230 '2019-05-11 15:58:26'
	ID:150015 翻牌统计: 攻击次数:0,击杀次数:0,免伤次数:0,空卡次数:0,宝箱次数:0,普通怪次数:0,Boss怪次数:0,消耗:0 收益:0 返回率:0.000000;
	ID:150015 ALLMONSTERID 消耗:0,收益:0,返回率:0.000000;
2019/05/11 15:59:53.820200 git.huoys.com/qp/cells/game_trace.LogSettle 445 Info: 	 单局结算 uid:150015 剩余金币:107216230 消耗:0 收益:0 写分增量:0 阵容变化:[201,], 
2019/05/11 15:59:53.841200 git.huoys.com/qp/cells/game_trace.LeaveGame 430 Info: 
Enter=>ID:150015 Money:107216230 '2019-05-11 15:59:14'
Match=>ID :150015 玩家消耗金额:-0 玩家赢取金额:+0 返还率:0.000000 单个最高的结算金额:0 从进入到退出之间的最大余额:107216230
Leave=>ID:150015 Money:107216230 '2019-05-11 15:59:53'
	ID:150015 翻牌统计: 攻击次数:0,击杀次数:0,免伤次数:0,空卡次数:0,宝箱次数:0,普通怪次数:0,Boss怪次数:0,消耗:0 收益:0 返回率:0.000000;
	ID:150015 ALLMONSTERID 消耗:0,收益:0,返回率:0.000000;
2019/05/11 16:01:33.656200 git.huoys.com/qp/cells/game_trace.LogSettle 445 Info: 	 单局结算 uid:150015 剩余金币:107216280 消耗:70 收益:0 写分增量:-70 阵容变化:[201,],[201,], 
2019/05/11 16:01:33.716200 git.huoys.com/qp/cells/game_trace.LeaveGame 430 Info: 
Enter=>ID:150015 Money:107216230 '2019-05-11 16:01:19'
Match=>ID :150015 玩家消耗金额:-70 玩家赢取金额:+0 返还率:0.000000 单个最高的结算金额:0 从进入到退出之间的最大余额:107216230
Leave=>ID:150015 Money:107216280 '2019-05-11 16:01:33'
	ID:150015 翻牌统计: 攻击次数:5,击杀次数:0,免伤次数:0,空卡次数:0,宝箱次数:0,普通怪次数:4,Boss怪次数:1,消耗:50 收益:0 返回率:0.000000;
	ID:150015 BOXID:100	攻击次数:1,击杀次数:0,免伤次数:0,消耗:10,收益:0,单次最大盈利:0 单次时间:1970-01-01 08:00:00;
	ID:150015 BOXID:101	攻击次数:4,击杀次数:0,免伤次数:0,消耗:40,收益:0,单次最大盈利:0 单次时间:1970-01-01 08:00:00;
	ID:150015 MONSTERID:300	攻击次数:2,免伤次数:0,击杀次数:0,消耗:20,收益:0,单次最大盈利:0 单次时间:1970-01-01 08:00:00;
	ID:150015 ALLMONSTERID 消耗:20,收益:0,返回率:0.000000;
2019/05/11 16:15:31.603200 git.huoys.com/qp/cells/game_trace.polling 519 Info: log money polling....
	全局统计 翻牌统计: 攻击次数:5,击杀次数:0,免伤次数:0,空卡次数:0,宝箱次数:0,普通怪次数:4,Boss怪次数:1,消耗:50 收益:0 返回率:0.000000;
	全局统计 BOXID:100	攻击次数:1,击杀次数:0,免伤次数:0,消耗:10,收益:0,单次最大盈利:0 单次时间:2019-05-11 16:15:31;
	全局统计 BOXID:101	攻击次数:4,击杀次数:0,免伤次数:0,消耗:40,收益:0,单次最大盈利:0 单次时间:2019-05-11 16:15:31;
	全局统计 BOXID:102	攻击次数:0,击杀次数:0,免伤次数:0,消耗:0,收益:0,单次最大盈利:0 单次时间:2019-05-11 16:15:31;
	全局统计 MONSTERID:300	攻击次数:2,免伤次数:0,击杀次数:0,消耗:20,收益:0,单次最大盈利:0 单次时间:2019-05-11 16:15:31;
	全局统计 MONSTERID:301	攻击次数:0,免伤次数:0,击杀次数:0,消耗:0,收益:0,单次最大盈利:0 单次时间:2019-05-11 16:15:31;
	全局统计 MONSTERID:302	攻击次数:0,免伤次数:0,击杀次数:0,消耗:0,收益:0,单次最大盈利:0 单次时间:2019-05-11 16:15:31;
	全局统计 MONSTERID:303	攻击次数:0,免伤次数:0,击杀次数:0,消耗:0,收益:0,单次最大盈利:0 单次时间:2019-05-11 16:15:31;
	全局统计 MONSTERID:304	攻击次数:0,免伤次数:0,击杀次数:0,消耗:0,收益:0,单次最大盈利:0 单次时间:2019-05-11 16:15:31;
	全局统计 MONSTERID:305	攻击次数:0,免伤次数:0,击杀次数:0,消耗:0,收益:0,单次最大盈利:0 单次时间:2019-05-11 16:15:31;
	全局统计 MONSTERID:306	攻击次数:0,免伤次数:0,击杀次数:0,消耗:0,收益:0,单次最大盈利:0 单次时间:2019-05-11 16:15:31;
	全局统计 MONSTERID:307	攻击次数:0,免伤次数:0,击杀次数:0,消耗:0,收益:0,单次最大盈利:0 单次时间:2019-05-11 16:15:31;
	全局统计 MONSTERID:312	攻击次数:0,免伤次数:0,击杀次数:0,消耗:0,收益:0,单次最大盈利:0 单次时间:2019-05-11 16:15:31;
	全局统计 MONSTERID:313	攻击次数:0,免伤次数:0,击杀次数:0,消耗:0,收益:0,单次最大盈利:0 单次时间:2019-05-11 16:15:31;
	全局统计 MONSTERID:314	攻击次数:0,免伤次数:0,击杀次数:0,消耗:0,收益:0,单次最大盈利:0 单次时间:2019-05-11 16:15:31;
	全局统计 ALLMONSTERID 消耗:20,收益:0,返回率:0.000000;
	全局统计 总输赢:-70 总消耗:-70 总收益:+0 总免伤次数:0 总免伤:0 返回率:0.000000 时间:2019-05-11_16_15_31
2019/05/11 16:45:31.612200 git.huoys.com/qp/cells/game_trace.polling 519 Info: log money polling....
	全局统计 翻牌统计: 攻击次数:0,击杀次数:0,免伤次数:0,空卡次数:0,宝箱次数:0,普通怪次数:0,Boss怪次数:0,消耗:0 收益:0 返回率:0.000000;
	全局统计 BOXID:100	攻击次数:0,击杀次数:0,免伤次数:0,消耗:0,收益:0,单次最大盈利:0 单次时间:2019-05-11 16:45:31;
	全局统计 BOXID:101	攻击次数:0,击杀次数:0,免伤次数:0,消耗:0,收益:0,单次最大盈利:0 单次时间:2019-05-11 16:45:31;
	全局统计 BOXID:102	攻击次数:0,击杀次数:0,免伤次数:0,消耗:0,收益:0,单次最大盈利:0 单次时间:2019-05-11 16:45:31;
	全局统计 MONSTERID:300	攻击次数:0,免伤次数:0,击杀次数:0,消耗:0,收益:0,单次最大盈利:0 单次时间:2019-05-11 16:45:31;
	全局统计 MONSTERID:301	攻击次数:0,免伤次数:0,击杀次数:0,消耗:0,收益:0,单次最大盈利:0 单次时间:2019-05-11 16:45:31;
	全局统计 MONSTERID:302	攻击次数:0,免伤次数:0,击杀次数:0,消耗:0,收益:0,单次最大盈利:0 单次时间:2019-05-11 16:45:31;
	全局统计 MONSTERID:303	攻击次数:0,免伤次数:0,击杀次数:0,消耗:0,收益:0,单次最大盈利:0 单次时间:2019-05-11 16:45:31;
	全局统计 MONSTERID:304	攻击次数:0,免伤次数:0,击杀次数:0,消耗:0,收益:0,单次最大盈利:0 单次时间:2019-05-11 16:45:31;
	全局统计 MONSTERID:305	攻击次数:0,免伤次数:0,击杀次数:0,消耗:0,收益:0,单次最大盈利:0 单次时间:2019-05-11 16:45:31;
	全局统计 MONSTERID:306	攻击次数:0,免伤次数:0,击杀次数:0,消耗:0,收益:0,单次最大盈利:0 单次时间:2019-05-11 16:45:31;
	全局统计 MONSTERID:307	攻击次数:0,免伤次数:0,击杀次数:0,消耗:0,收益:0,单次最大盈利:0 单次时间:2019-05-11 16:45:31;
	全局统计 MONSTERID:312	攻击次数:0,免伤次数:0,击杀次数:0,消耗:0,收益:0,单次最大盈利:0 单次时间:2019-05-11 16:45:31;
	全局统计 MONSTERID:313	攻击次数:0,免伤次数:0,击杀次数:0,消耗:0,收益:0,单次最大盈利:0 单次时间:2019-05-11 16:45:31;
	全局统计 MONSTERID:314	攻击次数:0,免伤次数:0,击杀次数:0,消耗:0,收益:0,单次最大盈利:0 单次时间:2019-05-11 16:45:31;
	全局统计 ALLMONSTERID 消耗:0,收益:0,返回率:0.000000;
	全局统计 总输赢:0 总消耗:-0 总收益:+0 总免伤次数:0 总免伤:0 返回率:0.000000 时间:2019-05-11_16_45_31
2019/05/11 17:15:31.669200 git.huoys.com/qp/cells/game_trace.polling 519 Info: log money polling....
	全局统计 翻牌统计: 攻击次数:0,击杀次数:0,免伤次数:0,空卡次数:0,宝箱次数:0,普通怪次数:0,Boss怪次数:0,消耗:0 收益:0 返回率:0.000000;
	全局统计 BOXID:100	攻击次数:0,击杀次数:0,免伤次数:0,消耗:0,收益:0,单次最大盈利:0 单次时间:2019-05-11 17:15:31;
	全局统计 BOXID:101	攻击次数:0,击杀次数:0,免伤次数:0,消耗:0,收益:0,单次最大盈利:0 单次时间:2019-05-11 17:15:31;
	全局统计 BOXID:102	攻击次数:0,击杀次数:0,免伤次数:0,消耗:0,收益:0,单次最大盈利:0 单次时间:2019-05-11 17:15:31;
	全局统计 MONSTERID:300	攻击次数:0,免伤次数:0,击杀次数:0,消耗:0,收益:0,单次最大盈利:0 单次时间:2019-05-11 17:15:31;
	全局统计 MONSTERID:301	攻击次数:0,免伤次数:0,击杀次数:0,消耗:0,收益:0,单次最大盈利:0 单次时间:2019-05-11 17:15:31;
	全局统计 MONSTERID:302	攻击次数:0,免伤次数:0,击杀次数:0,消耗:0,收益:0,单次最大盈利:0 单次时间:2019-05-11 17:15:31;
	全局统计 MONSTERID:303	攻击次数:0,免伤次数:0,击杀次数:0,消耗:0,收益:0,单次最大盈利:0 单次时间:2019-05-11 17:15:31;
	全局统计 MONSTERID:304	攻击次数:0,免伤次数:0,击杀次数:0,消耗:0,收益:0,单次最大盈利:0 单次时间:2019-05-11 17:15:31;
	全局统计 MONSTERID:305	攻击次数:0,免伤次数:0,击杀次数:0,消耗:0,收益:0,单次最大盈利:0 单次时间:2019-05-11 17:15:31;
	全局统计 MONSTERID:306	攻击次数:0,免伤次数:0,击杀次数:0,消耗:0,收益:0,单次最大盈利:0 单次时间:2019-05-11 17:15:31;
	全局统计 MONSTERID:307	攻击次数:0,免伤次数:0,击杀次数:0,消耗:0,收益:0,单次最大盈利:0 单次时间:2019-05-11 17:15:31;
	全局统计 MONSTERID:312	攻击次数:0,免伤次数:0,击杀次数:0,消耗:0,收益:0,单次最大盈利:0 单次时间:2019-05-11 17:15:31;
	全局统计 MONSTERID:313	攻击次数:0,免伤次数:0,击杀次数:0,消耗:0,收益:0,单次最大盈利:0 单次时间:2019-05-11 17:15:31;
	全局统计 MONSTERID:314	攻击次数:0,免伤次数:0,击杀次数:0,消耗:0,收益:0,单次最大盈利:0 单次时间:2019-05-11 17:15:31;
	全局统计 ALLMONSTERID 消耗:0,收益:0,返回率:0.000000;
	全局统计 总输赢:0 总消耗:-0 总收益:+0 总免伤次数:0 总免伤:0 返回率:0.000000 时间:2019-05-11_17_15_31
2019/05/11 17:45:31.747200 git.huoys.com/qp/cells/game_trace.polling 519 Info: log money polling....
	全局统计 翻牌统计: 攻击次数:0,击杀次数:0,免伤次数:0,空卡次数:0,宝箱次数:0,普通怪次数:0,Boss怪次数:0,消耗:0 收益:0 返回率:0.000000;
	全局统计 BOXID:100	攻击次数:0,击杀次数:0,免伤次数:0,消耗:0,收益:0,单次最大盈利:0 单次时间:2019-05-11 17:45:31;
	全局统计 BOXID:101	攻击次数:0,击杀次数:0,免伤次数:0,消耗:0,收益:0,单次最大盈利:0 单次时间:2019-05-11 17:45:31;
	全局统计 BOXID:102	攻击次数:0,击杀次数:0,免伤次数:0,消耗:0,收益:0,单次最大盈利:0 单次时间:2019-05-11 17:45:31;
	全局统计 MONSTERID:300	攻击次数:0,免伤次数:0,击杀次数:0,消耗:0,收益:0,单次最大盈利:0 单次时间:2019-05-11 17:45:31;
	全局统计 MONSTERID:301	攻击次数:0,免伤次数:0,击杀次数:0,消耗:0,收益:0,单次最大盈利:0 单次时间:2019-05-11 17:45:31;
	全局统计 MONSTERID:302	攻击次数:0,免伤次数:0,击杀次数:0,消耗:0,收益:0,单次最大盈利:0 单次时间:2019-05-11 17:45:31;
	全局统计 MONSTERID:303	攻击次数:0,免伤次数:0,击杀次数:0,消耗:0,收益:0,单次最大盈利:0 单次时间:2019-05-11 17:45:31;
	全局统计 MONSTERID:304	攻击次数:0,免伤次数:0,击杀次数:0,消耗:0,收益:0,单次最大盈利:0 单次时间:2019-05-11 17:45:31;
	全局统计 MONSTERID:305	攻击次数:0,免伤次数:0,击杀次数:0,消耗:0,收益:0,单次最大盈利:0 单次时间:2019-05-11 17:45:31;
	全局统计 MONSTERID:306	攻击次数:0,免伤次数:0,击杀次数:0,消耗:0,收益:0,单次最大盈利:0 单次时间:2019-05-11 17:45:31;
	全局统计 MONSTERID:307	攻击次数:0,免伤次数:0,击杀次数:0,消耗:0,收益:0,单次最大盈利:0 单次时间:2019-05-11 17:45:31;
	全局统计 MONSTERID:312	攻击次数:0,免伤次数:0,击杀次数:0,消耗:0,收益:0,单次最大盈利:0 单次时间:2019-05-11 17:45:31;
	全局统计 MONSTERID:313	攻击次数:0,免伤次数:0,击杀次数:0,消耗:0,收益:0,单次最大盈利:0 单次时间:2019-05-11 17:45:31;
	全局统计 MONSTERID:314	攻击次数:0,免伤次数:0,击杀次数:0,消耗:0,收益:0,单次最大盈利:0 单次时间:2019-05-11 17:45:31;
	全局统计 ALLMONSTERID 消耗:0,收益:0,返回率:0.000000;
	全局统计 总输赢:0 总消耗:-0 总收益:+0 总免伤次数:0 总免伤:0 返回率:0.000000 时间:2019-05-11_17_45_31
2019/05/11 18:15:31.745200 git.huoys.com/qp/cells/game_trace.polling 519 Info: log money polling....
	全局统计 翻牌统计: 攻击次数:0,击杀次数:0,免伤次数:0,空卡次数:0,宝箱次数:0,普通怪次数:0,Boss怪次数:0,消耗:0 收益:0 返回率:0.000000;
	全局统计 BOXID:100	攻击次数:0,击杀次数:0,免伤次数:0,消耗:0,收益:0,单次最大盈利:0 单次时间:2019-05-11 18:15:31;
	全局统计 BOXID:101	攻击次数:0,击杀次数:0,免伤次数:0,消耗:0,收益:0,单次最大盈利:0 单次时间:2019-05-11 18:15:31;
	全局统计 BOXID:102	攻击次数:0,击杀次数:0,免伤次数:0,消耗:0,收益:0,单次最大盈利:0 单次时间:2019-05-11 18:15:31;
	全局统计 MONSTERID:300	攻击次数:0,免伤次数:0,击杀次数:0,消耗:0,收益:0,单次最大盈利:0 单次时间:2019-05-11 18:15:31;
	全局统计 MONSTERID:301	攻击次数:0,免伤次数:0,击杀次数:0,消耗:0,收益:0,单次最大盈利:0 单次时间:2019-05-11 18:15:31;
	全局统计 MONSTERID:302	攻击次数:0,免伤次数:0,击杀次数:0,消耗:0,收益:0,单次最大盈利:0 单次时间:2019-05-11 18:15:31;
	全局统计 MONSTERID:303	攻击次数:0,免伤次数:0,击杀次数:0,消耗:0,收益:0,单次最大盈利:0 单次时间:2019-05-11 18:15:31;
	全局统计 MONSTERID:304	攻击次数:0,免伤次数:0,击杀次数:0,消耗:0,收益:0,单次最大盈利:0 单次时间:2019-05-11 18:15:31;
	全局统计 MONSTERID:305	攻击次数:0,免伤次数:0,击杀次数:0,消耗:0,收益:0,单次最大盈利:0 单次时间:2019-05-11 18:15:31;
	全局统计 MONSTERID:306	攻击次数:0,免伤次数:0,击杀次数:0,消耗:0,收益:0,单次最大盈利:0 单次时间:2019-05-11 18:15:31;
	全局统计 MONSTERID:307	攻击次数:0,免伤次数:0,击杀次数:0,消耗:0,收益:0,单次最大盈利:0 单次时间:2019-05-11 18:15:31;
	全局统计 MONSTERID:312	攻击次数:0,免伤次数:0,击杀次数:0,消耗:0,收益:0,单次最大盈利:0 单次时间:2019-05-11 18:15:31;
	全局统计 MONSTERID:313	攻击次数:0,免伤次数:0,击杀次数:0,消耗:0,收益:0,单次最大盈利:0 单次时间:2019-05-11 18:15:31;
	全局统计 MONSTERID:314	攻击次数:0,免伤次数:0,击杀次数:0,消耗:0,收益:0,单次最大盈利:0 单次时间:2019-05-11 18:15:31;
	全局统计 ALLMONSTERID 消耗:0,收益:0,返回率:0.000000;
	全局统计 总输赢:0 总消耗:-0 总收益:+0 总免伤次数:0 总免伤:0 返回率:0.000000 时间:2019-05-11_18_15_31
2019/05/11 18:45:31.779200 git.huoys.com/qp/cells/game_trace.polling 519 Info: log money polling....
	全局统计 翻牌统计: 攻击次数:0,击杀次数:0,免伤次数:0,空卡次数:0,宝箱次数:0,普通怪次数:0,Boss怪次数:0,消耗:0 收益:0 返回率:0.000000;
	全局统计 BOXID:100	攻击次数:0,击杀次数:0,免伤次数:0,消耗:0,收益:0,单次最大盈利:0 单次时间:2019-05-11 18:45:31;
	全局统计 BOXID:101	攻击次数:0,击杀次数:0,免伤次数:0,消耗:0,收益:0,单次最大盈利:0 单次时间:2019-05-11 18:45:31;
	全局统计 BOXID:102	攻击次数:0,击杀次数:0,免伤次数:0,消耗:0,收益:0,单次最大盈利:0 单次时间:2019-05-11 18:45:31;
	全局统计 MONSTERID:300	攻击次数:0,免伤次数:0,击杀次数:0,消耗:0,收益:0,单次最大盈利:0 单次时间:2019-05-11 18:45:31;
	全局统计 MONSTERID:301	攻击次数:0,免伤次数:0,击杀次数:0,消耗:0,收益:0,单次最大盈利:0 单次时间:2019-05-11 18:45:31;
	全局统计 MONSTERID:302	攻击次数:0,免伤次数:0,击杀次数:0,消耗:0,收益:0,单次最大盈利:0 单次时间:2019-05-11 18:45:31;
	全局统计 MONSTERID:303	攻击次数:0,免伤次数:0,击杀次数:0,消耗:0,收益:0,单次最大盈利:0 单次时间:2019-05-11 18:45:31;
	全局统计 MONSTERID:304	攻击次数:0,免伤次数:0,击杀次数:0,消耗:0,收益:0,单次最大盈利:0 单次时间:2019-05-11 18:45:31;
	全局统计 MONSTERID:305	攻击次数:0,免伤次数:0,击杀次数:0,消耗:0,收益:0,单次最大盈利:0 单次时间:2019-05-11 18:45:31;
	全局统计 MONSTERID:306	攻击次数:0,免伤次数:0,击杀次数:0,消耗:0,收益:0,单次最大盈利:0 单次时间:2019-05-11 18:45:31;
	全局统计 MONSTERID:307	攻击次数:0,免伤次数:0,击杀次数:0,消耗:0,收益:0,单次最大盈利:0 单次时间:2019-05-11 18:45:31;
	全局统计 MONSTERID:312	攻击次数:0,免伤次数:0,击杀次数:0,消耗:0,收益:0,单次最大盈利:0 单次时间:2019-05-11 18:45:31;
	全局统计 MONSTERID:313	攻击次数:0,免伤次数:0,击杀次数:0,消耗:0,收益:0,单次最大盈利:0 单次时间:2019-05-11 18:45:31;
	全局统计 MONSTERID:314	攻击次数:0,免伤次数:0,击杀次数:0,消耗:0,收益:0,单次最大盈利:0 单次时间:2019-05-11 18:45:31;
	全局统计 ALLMONSTERID 消耗:0,收益:0,返回率:0.000000;
	全局统计 总输赢:0 总消耗:-0 总收益:+0 总免伤次数:0 总免伤:0 返回率:0.000000 时间:2019-05-11_18_45_31
2019/05/11 19:15:31.803200 git.huoys.com/qp/cells/game_trace.polling 519 Info: log money polling....
	全局统计 翻牌统计: 攻击次数:0,击杀次数:0,免伤次数:0,空卡次数:0,宝箱次数:0,普通怪次数:0,Boss怪次数:0,消耗:0 收益:0 返回率:0.000000;
	全局统计 BOXID:100	攻击次数:0,击杀次数:0,免伤次数:0,消耗:0,收益:0,单次最大盈利:0 单次时间:2019-05-11 19:15:31;
	全局统计 BOXID:101	攻击次数:0,击杀次数:0,免伤次数:0,消耗:0,收益:0,单次最大盈利:0 单次时间:2019-05-11 19:15:31;
	全局统计 BOXID:102	攻击次数:0,击杀次数:0,免伤次数:0,消耗:0,收益:0,单次最大盈利:0 单次时间:2019-05-11 19:15:31;
	全局统计 MONSTERID:300	攻击次数:0,免伤次数:0,击杀次数:0,消耗:0,收益:0,单次最大盈利:0 单次时间:2019-05-11 19:15:31;
	全局统计 MONSTERID:301	攻击次数:0,免伤次数:0,击杀次数:0,消耗:0,收益:0,单次最大盈利:0 单次时间:2019-05-11 19:15:31;
	全局统计 MONSTERID:302	攻击次数:0,免伤次数:0,击杀次数:0,消耗:0,收益:0,单次最大盈利:0 单次时间:2019-05-11 19:15:31;
	全局统计 MONSTERID:303	攻击次数:0,免伤次数:0,击杀次数:0,消耗:0,收益:0,单次最大盈利:0 单次时间:2019-05-11 19:15:31;
	全局统计 MONSTERID:304	攻击次数:0,免伤次数:0,击杀次数:0,消耗:0,收益:0,单次最大盈利:0 单次时间:2019-05-11 19:15:31;
	全局统计 MONSTERID:305	攻击次数:0,免伤次数:0,击杀次数:0,消耗:0,收益:0,单次最大盈利:0 单次时间:2019-05-11 19:15:31;
	全局统计 MONSTERID:306	攻击次数:0,免伤次数:0,击杀次数:0,消耗:0,收益:0,单次最大盈利:0 单次时间:2019-05-11 19:15:31;
	全局统计 MONSTERID:307	攻击次数:0,免伤次数:0,击杀次数:0,消耗:0,收益:0,单次最大盈利:0 单次时间:2019-05-11 19:15:31;
	全局统计 MONSTERID:312	攻击次数:0,免伤次数:0,击杀次数:0,消耗:0,收益:0,单次最大盈利:0 单次时间:2019-05-11 19:15:31;
	全局统计 MONSTERID:313	攻击次数:0,免伤次数:0,击杀次数:0,消耗:0,收益:0,单次最大盈利:0 单次时间:2019-05-11 19:15:31;
	全局统计 MONSTERID:314	攻击次数:0,免伤次数:0,击杀次数:0,消耗:0,收益:0,单次最大盈利:0 单次时间:2019-05-11 19:15:31;
	全局统计 ALLMONSTERID 消耗:0,收益:0,返回率:0.000000;
	全局统计 总输赢:0 总消耗:-0 总收益:+0 总免伤次数:0 总免伤:0 返回率:0.000000 时间:2019-05-11_19_15_31
2019/05/11 19:45:31.814200 git.huoys.com/qp/cells/game_trace.polling 519 Info: log money polling....
	全局统计 翻牌统计: 攻击次数:0,击杀次数:0,免伤次数:0,空卡次数:0,宝箱次数:0,普通怪次数:0,Boss怪次数:0,消耗:0 收益:0 返回率:0.000000;
	全局统计 BOXID:100	攻击次数:0,击杀次数:0,免伤次数:0,消耗:0,收益:0,单次最大盈利:0 单次时间:2019-05-11 19:45:31;
	全局统计 BOXID:101	攻击次数:0,击杀次数:0,免伤次数:0,消耗:0,收益:0,单次最大盈利:0 单次时间:2019-05-11 19:45:31;
	全局统计 BOXID:102	攻击次数:0,击杀次数:0,免伤次数:0,消耗:0,收益:0,单次最大盈利:0 单次时间:2019-05-11 19:45:31;
	全局统计 MONSTERID:300	攻击次数:0,免伤次数:0,击杀次数:0,消耗:0,收益:0,单次最大盈利:0 单次时间:2019-05-11 19:45:31;
	全局统计 MONSTERID:301	攻击次数:0,免伤次数:0,击杀次数:0,消耗:0,收益:0,单次最大盈利:0 单次时间:2019-05-11 19:45:31;
	全局统计 MONSTERID:302	攻击次数:0,免伤次数:0,击杀次数:0,消耗:0,收益:0,单次最大盈利:0 单次时间:2019-05-11 19:45:31;
	全局统计 MONSTERID:303	攻击次数:0,免伤次数:0,击杀次数:0,消耗:0,收益:0,单次最大盈利:0 单次时间:2019-05-11 19:45:31;
	全局统计 MONSTERID:304	攻击次数:0,免伤次数:0,击杀次数:0,消耗:0,收益:0,单次最大盈利:0 单次时间:2019-05-11 19:45:31;
	全局统计 MONSTERID:305	攻击次数:0,免伤次数:0,击杀次数:0,消耗:0,收益:0,单次最大盈利:0 单次时间:2019-05-11 19:45:31;
	全局统计 MONSTERID:306	攻击次数:0,免伤次数:0,击杀次数:0,消耗:0,收益:0,单次最大盈利:0 单次时间:2019-05-11 19:45:31;
	全局统计 MONSTERID:307	攻击次数:0,免伤次数:0,击杀次数:0,消耗:0,收益:0,单次最大盈利:0 单次时间:2019-05-11 19:45:31;
	全局统计 MONSTERID:312	攻击次数:0,免伤次数:0,击杀次数:0,消耗:0,收益:0,单次最大盈利:0 单次时间:2019-05-11 19:45:31;
	全局统计 MONSTERID:313	攻击次数:0,免伤次数:0,击杀次数:0,消耗:0,收益:0,单次最大盈利:0 单次时间:2019-05-11 19:45:31;
	全局统计 MONSTERID:314	攻击次数:0,免伤次数:0,击杀次数:0,消耗:0,收益:0,单次最大盈利:0 单次时间:2019-05-11 19:45:31;
	全局统计 ALLMONSTERID 消耗:0,收益:0,返回率:0.000000;
	全局统计 总输赢:0 总消耗:-0 总收益:+0 总免伤次数:0 总免伤:0 返回率:0.000000 时间:2019-05-11_19_45_31
2019/05/11 20:15:31.833200 git.huoys.com/qp/cells/game_trace.polling 519 Info: log money polling....
	全局统计 翻牌统计: 攻击次数:0,击杀次数:0,免伤次数:0,空卡次数:0,宝箱次数:0,普通怪次数:0,Boss怪次数:0,消耗:0 收益:0 返回率:0.000000;
	全局统计 BOXID:100	攻击次数:0,击杀次数:0,免伤次数:0,消耗:0,收益:0,单次最大盈利:0 单次时间:2019-05-11 20:15:31;
	全局统计 BOXID:101	攻击次数:0,击杀次数:0,免伤次数:0,消耗:0,收益:0,单次最大盈利:0 单次时间:2019-05-11 20:15:31;
	全局统计 BOXID:102	攻击次数:0,击杀次数:0,免伤次数:0,消耗:0,收益:0,单次最大盈利:0 单次时间:2019-05-11 20:15:31;
	全局统计 MONSTERID:300	攻击次数:0,免伤次数:0,击杀次数:0,消耗:0,收益:0,单次最大盈利:0 单次时间:2019-05-11 20:15:31;
	全局统计 MONSTERID:301	攻击次数:0,免伤次数:0,击杀次数:0,消耗:0,收益:0,单次最大盈利:0 单次时间:2019-05-11 20:15:31;
	全局统计 MONSTERID:302	攻击次数:0,免伤次数:0,击杀次数:0,消耗:0,收益:0,单次最大盈利:0 单次时间:2019-05-11 20:15:31;
	全局统计 MONSTERID:303	攻击次数:0,免伤次数:0,击杀次数:0,消耗:0,收益:0,单次最大盈利:0 单次时间:2019-05-11 20:15:31;
	全局统计 MONSTERID:304	攻击次数:0,免伤次数:0,击杀次数:0,消耗:0,收益:0,单次最大盈利:0 单次时间:2019-05-11 20:15:31;
	全局统计 MONSTERID:305	攻击次数:0,免伤次数:0,击杀次数:0,消耗:0,收益:0,单次最大盈利:0 单次时间:2019-05-11 20:15:31;
	全局统计 MONSTERID:306	攻击次数:0,免伤次数:0,击杀次数:0,消耗:0,收益:0,单次最大盈利:0 单次时间:2019-05-11 20:15:31;
	全局统计 MONSTERID:307	攻击次数:0,免伤次数:0,击杀次数:0,消耗:0,收益:0,单次最大盈利:0 单次时间:2019-05-11 20:15:31;
	全局统计 MONSTERID:312	攻击次数:0,免伤次数:0,击杀次数:0,消耗:0,收益:0,单次最大盈利:0 单次时间:2019-05-11 20:15:31;
	全局统计 MONSTERID:313	攻击次数:0,免伤次数:0,击杀次数:0,消耗:0,收益:0,单次最大盈利:0 单次时间:2019-05-11 20:15:31;
	全局统计 MONSTERID:314	攻击次数:0,免伤次数:0,击杀次数:0,消耗:0,收益:0,单次最大盈利:0 单次时间:2019-05-11 20:15:31;
	全局统计 ALLMONSTERID 消耗:0,收益:0,返回率:0.000000;
	全局统计 总输赢:0 总消耗:-0 总收益:+0 总免伤次数:0 总免伤:0 返回率:0.000000 时间:2019-05-11_20_15_31
2019/05/11 20:45:31.845200 git.huoys.com/qp/cells/game_trace.polling 519 Info: log money polling....
	全局统计 翻牌统计: 攻击次数:0,击杀次数:0,免伤次数:0,空卡次数:0,宝箱次数:0,普通怪次数:0,Boss怪次数:0,消耗:0 收益:0 返回率:0.000000;
	全局统计 BOXID:100	攻击次数:0,击杀次数:0,免伤次数:0,消耗:0,收益:0,单次最大盈利:0 单次时间:2019-05-11 20:45:31;
	全局统计 BOXID:101	攻击次数:0,击杀次数:0,免伤次数:0,消耗:0,收益:0,单次最大盈利:0 单次时间:2019-05-11 20:45:31;
	全局统计 BOXID:102	攻击次数:0,击杀次数:0,免伤次数:0,消耗:0,收益:0,单次最大盈利:0 单次时间:2019-05-11 20:45:31;
	全局统计 MONSTERID:300	攻击次数:0,免伤次数:0,击杀次数:0,消耗:0,收益:0,单次最大盈利:0 单次时间:2019-05-11 20:45:31;
	全局统计 MONSTERID:301	攻击次数:0,免伤次数:0,击杀次数:0,消耗:0,收益:0,单次最大盈利:0 单次时间:2019-05-11 20:45:31;
	全局统计 MONSTERID:302	攻击次数:0,免伤次数:0,击杀次数:0,消耗:0,收益:0,单次最大盈利:0 单次时间:2019-05-11 20:45:31;
	全局统计 MONSTERID:303	攻击次数:0,免伤次数:0,击杀次数:0,消耗:0,收益:0,单次最大盈利:0 单次时间:2019-05-11 20:45:31;
	全局统计 MONSTERID:304	攻击次数:0,免伤次数:0,击杀次数:0,消耗:0,收益:0,单次最大盈利:0 单次时间:2019-05-11 20:45:31;
	全局统计 MONSTERID:305	攻击次数:0,免伤次数:0,击杀次数:0,消耗:0,收益:0,单次最大盈利:0 单次时间:2019-05-11 20:45:31;
	全局统计 MONSTERID:306	攻击次数:0,免伤次数:0,击杀次数:0,消耗:0,收益:0,单次最大盈利:0 单次时间:2019-05-11 20:45:31;
	全局统计 MONSTERID:307	攻击次数:0,免伤次数:0,击杀次数:0,消耗:0,收益:0,单次最大盈利:0 单次时间:2019-05-11 20:45:31;
	全局统计 MONSTERID:312	攻击次数:0,免伤次数:0,击杀次数:0,消耗:0,收益:0,单次最大盈利:0 单次时间:2019-05-11 20:45:31;
	全局统计 MONSTERID:313	攻击次数:0,免伤次数:0,击杀次数:0,消耗:0,收益:0,单次最大盈利:0 单次时间:2019-05-11 20:45:31;
	全局统计 MONSTERID:314	攻击次数:0,免伤次数:0,击杀次数:0,消耗:0,收益:0,单次最大盈利:0 单次时间:2019-05-11 20:45:31;
	全局统计 ALLMONSTERID 消耗:0,收益:0,返回率:0.000000;
	全局统计 总输赢:0 总消耗:-0 总收益:+0 总免伤次数:0 总免伤:0 返回率:0.000000 时间:2019-05-11_20_45_31
2019/05/11 21:15:31.901200 git.huoys.com/qp/cells/game_trace.polling 519 Info: log money polling....
	全局统计 翻牌统计: 攻击次数:0,击杀次数:0,免伤次数:0,空卡次数:0,宝箱次数:0,普通怪次数:0,Boss怪次数:0,消耗:0 收益:0 返回率:0.000000;
	全局统计 BOXID:100	攻击次数:0,击杀次数:0,免伤次数:0,消耗:0,收益:0,单次最大盈利:0 单次时间:2019-05-11 21:15:31;
	全局统计 BOXID:101	攻击次数:0,击杀次数:0,免伤次数:0,消耗:0,收益:0,单次最大盈利:0 单次时间:2019-05-11 21:15:31;
	全局统计 BOXID:102	攻击次数:0,击杀次数:0,免伤次数:0,消耗:0,收益:0,单次最大盈利:0 单次时间:2019-05-11 21:15:31;
	全局统计 MONSTERID:300	攻击次数:0,免伤次数:0,击杀次数:0,消耗:0,收益:0,单次最大盈利:0 单次时间:2019-05-11 21:15:31;
	全局统计 MONSTERID:301	攻击次数:0,免伤次数:0,击杀次数:0,消耗:0,收益:0,单次最大盈利:0 单次时间:2019-05-11 21:15:31;
	全局统计 MONSTERID:302	攻击次数:0,免伤次数:0,击杀次数:0,消耗:0,收益:0,单次最大盈利:0 单次时间:2019-05-11 21:15:31;
	全局统计 MONSTERID:303	攻击次数:0,免伤次数:0,击杀次数:0,消耗:0,收益:0,单次最大盈利:0 单次时间:2019-05-11 21:15:31;
	全局统计 MONSTERID:304	攻击次数:0,免伤次数:0,击杀次数:0,消耗:0,收益:0,单次最大盈利:0 单次时间:2019-05-11 21:15:31;
	全局统计 MONSTERID:305	攻击次数:0,免伤次数:0,击杀次数:0,消耗:0,收益:0,单次最大盈利:0 单次时间:2019-05-11 21:15:31;
	全局统计 MONSTERID:306	攻击次数:0,免伤次数:0,击杀次数:0,消耗:0,收益:0,单次最大盈利:0 单次时间:2019-05-11 21:15:31;
	全局统计 MONSTERID:307	攻击次数:0,免伤次数:0,击杀次数:0,消耗:0,收益:0,单次最大盈利:0 单次时间:2019-05-11 21:15:31;
	全局统计 MONSTERID:312	攻击次数:0,免伤次数:0,击杀次数:0,消耗:0,收益:0,单次最大盈利:0 单次时间:2019-05-11 21:15:31;
	全局统计 MONSTERID:313	攻击次数:0,免伤次数:0,击杀次数:0,消耗:0,收益:0,单次最大盈利:0 单次时间:2019-05-11 21:15:31;
	全局统计 MONSTERID:314	攻击次数:0,免伤次数:0,击杀次数:0,消耗:0,收益:0,单次最大盈利:0 单次时间:2019-05-11 21:15:31;
	全局统计 ALLMONSTERID 消耗:0,收益:0,返回率:0.000000;
	全局统计 总输赢:0 总消耗:-0 总收益:+0 总免伤次数:0 总免伤:0 返回率:0.000000 时间:2019-05-11_21_15_31
2019/05/11 21:45:31.858200 git.huoys.com/qp/cells/game_trace.polling 519 Info: log money polling....
	全局统计 翻牌统计: 攻击次数:0,击杀次数:0,免伤次数:0,空卡次数:0,宝箱次数:0,普通怪次数:0,Boss怪次数:0,消耗:0 收益:0 返回率:0.000000;
	全局统计 BOXID:100	攻击次数:0,击杀次数:0,免伤次数:0,消耗:0,收益:0,单次最大盈利:0 单次时间:2019-05-11 21:45:31;
	全局统计 BOXID:101	攻击次数:0,击杀次数:0,免伤次数:0,消耗:0,收益:0,单次最大盈利:0 单次时间:2019-05-11 21:45:31;
	全局统计 BOXID:102	攻击次数:0,击杀次数:0,免伤次数:0,消耗:0,收益:0,单次最大盈利:0 单次时间:2019-05-11 21:45:31;
	全局统计 MONSTERID:300	攻击次数:0,免伤次数:0,击杀次数:0,消耗:0,收益:0,单次最大盈利:0 单次时间:2019-05-11 21:45:31;
	全局统计 MONSTERID:301	攻击次数:0,免伤次数:0,击杀次数:0,消耗:0,收益:0,单次最大盈利:0 单次时间:2019-05-11 21:45:31;
	全局统计 MONSTERID:302	攻击次数:0,免伤次数:0,击杀次数:0,消耗:0,收益:0,单次最大盈利:0 单次时间:2019-05-11 21:45:31;
	全局统计 MONSTERID:303	攻击次数:0,免伤次数:0,击杀次数:0,消耗:0,收益:0,单次最大盈利:0 单次时间:2019-05-11 21:45:31;
	全局统计 MONSTERID:304	攻击次数:0,免伤次数:0,击杀次数:0,消耗:0,收益:0,单次最大盈利:0 单次时间:2019-05-11 21:45:31;
	全局统计 MONSTERID:305	攻击次数:0,免伤次数:0,击杀次数:0,消耗:0,收益:0,单次最大盈利:0 单次时间:2019-05-11 21:45:31;
	全局统计 MONSTERID:306	攻击次数:0,免伤次数:0,击杀次数:0,消耗:0,收益:0,单次最大盈利:0 单次时间:2019-05-11 21:45:31;
	全局统计 MONSTERID:307	攻击次数:0,免伤次数:0,击杀次数:0,消耗:0,收益:0,单次最大盈利:0 单次时间:2019-05-11 21:45:31;
	全局统计 MONSTERID:312	攻击次数:0,免伤次数:0,击杀次数:0,消耗:0,收益:0,单次最大盈利:0 单次时间:2019-05-11 21:45:31;
	全局统计 MONSTERID:313	攻击次数:0,免伤次数:0,击杀次数:0,消耗:0,收益:0,单次最大盈利:0 单次时间:2019-05-11 21:45:31;
	全局统计 MONSTERID:314	攻击次数:0,免伤次数:0,击杀次数:0,消耗:0,收益:0,单次最大盈利:0 单次时间:2019-05-11 21:45:31;
	全局统计 ALLMONSTERID 消耗:0,收益:0,返回率:0.000000;
	全局统计 总输赢:0 总消耗:-0 总收益:+0 总免伤次数:0 总免伤:0 返回率:0.000000 时间:2019-05-11_21_45_31
2019/05/11 22:15:31.928200 git.huoys.com/qp/cells/game_trace.polling 519 Info: log money polling....
	全局统计 翻牌统计: 攻击次数:0,击杀次数:0,免伤次数:0,空卡次数:0,宝箱次数:0,普通怪次数:0,Boss怪次数:0,消耗:0 收益:0 返回率:0.000000;
	全局统计 BOXID:100	攻击次数:0,击杀次数:0,免伤次数:0,消耗:0,收益:0,单次最大盈利:0 单次时间:2019-05-11 22:15:31;
	全局统计 BOXID:101	攻击次数:0,击杀次数:0,免伤次数:0,消耗:0,收益:0,单次最大盈利:0 单次时间:2019-05-11 22:15:31;
	全局统计 BOXID:102	攻击次数:0,击杀次数:0,免伤次数:0,消耗:0,收益:0,单次最大盈利:0 单次时间:2019-05-11 22:15:31;
	全局统计 MONSTERID:300	攻击次数:0,免伤次数:0,击杀次数:0,消耗:0,收益:0,单次最大盈利:0 单次时间:2019-05-11 22:15:31;
	全局统计 MONSTERID:301	攻击次数:0,免伤次数:0,击杀次数:0,消耗:0,收益:0,单次最大盈利:0 单次时间:2019-05-11 22:15:31;
	全局统计 MONSTERID:302	攻击次数:0,免伤次数:0,击杀次数:0,消耗:0,收益:0,单次最大盈利:0 单次时间:2019-05-11 22:15:31;
	全局统计 MONSTERID:303	攻击次数:0,免伤次数:0,击杀次数:0,消耗:0,收益:0,单次最大盈利:0 单次时间:2019-05-11 22:15:31;
	全局统计 MONSTERID:304	攻击次数:0,免伤次数:0,击杀次数:0,消耗:0,收益:0,单次最大盈利:0 单次时间:2019-05-11 22:15:31;
	全局统计 MONSTERID:305	攻击次数:0,免伤次数:0,击杀次数:0,消耗:0,收益:0,单次最大盈利:0 单次时间:2019-05-11 22:15:31;
	全局统计 MONSTERID:306	攻击次数:0,免伤次数:0,击杀次数:0,消耗:0,收益:0,单次最大盈利:0 单次时间:2019-05-11 22:15:31;
	全局统计 MONSTERID:307	攻击次数:0,免伤次数:0,击杀次数:0,消耗:0,收益:0,单次最大盈利:0 单次时间:2019-05-11 22:15:31;
	全局统计 MONSTERID:312	攻击次数:0,免伤次数:0,击杀次数:0,消耗:0,收益:0,单次最大盈利:0 单次时间:2019-05-11 22:15:31;
	全局统计 MONSTERID:313	攻击次数:0,免伤次数:0,击杀次数:0,消耗:0,收益:0,单次最大盈利:0 单次时间:2019-05-11 22:15:31;
	全局统计 MONSTERID:314	攻击次数:0,免伤次数:0,击杀次数:0,消耗:0,收益:0,单次最大盈利:0 单次时间:2019-05-11 22:15:31;
	全局统计 ALLMONSTERID 消耗:0,收益:0,返回率:0.000000;
	全局统计 总输赢:0 总消耗:-0 总收益:+0 总免伤次数:0 总免伤:0 返回率:0.000000 时间:2019-05-11_22_15_31
2019/05/11 22:45:31.937200 git.huoys.com/qp/cells/game_trace.polling 519 Info: log money polling....
	全局统计 翻牌统计: 攻击次数:0,击杀次数:0,免伤次数:0,空卡次数:0,宝箱次数:0,普通怪次数:0,Boss怪次数:0,消耗:0 收益:0 返回率:0.000000;
	全局统计 BOXID:100	攻击次数:0,击杀次数:0,免伤次数:0,消耗:0,收益:0,单次最大盈利:0 单次时间:2019-05-11 22:45:31;
	全局统计 BOXID:101	攻击次数:0,击杀次数:0,免伤次数:0,消耗:0,收益:0,单次最大盈利:0 单次时间:2019-05-11 22:45:31;
	全局统计 BOXID:102	攻击次数:0,击杀次数:0,免伤次数:0,消耗:0,收益:0,单次最大盈利:0 单次时间:2019-05-11 22:45:31;
	全局统计 MONSTERID:300	攻击次数:0,免伤次数:0,击杀次数:0,消耗:0,收益:0,单次最大盈利:0 单次时间:2019-05-11 22:45:31;
	全局统计 MONSTERID:301	攻击次数:0,免伤次数:0,击杀次数:0,消耗:0,收益:0,单次最大盈利:0 单次时间:2019-05-11 22:45:31;
	全局统计 MONSTERID:302	攻击次数:0,免伤次数:0,击杀次数:0,消耗:0,收益:0,单次最大盈利:0 单次时间:2019-05-11 22:45:31;
	全局统计 MONSTERID:303	攻击次数:0,免伤次数:0,击杀次数:0,消耗:0,收益:0,单次最大盈利:0 单次时间:2019-05-11 22:45:31;
	全局统计 MONSTERID:304	攻击次数:0,免伤次数:0,击杀次数:0,消耗:0,收益:0,单次最大盈利:0 单次时间:2019-05-11 22:45:31;
	全局统计 MONSTERID:305	攻击次数:0,免伤次数:0,击杀次数:0,消耗:0,收益:0,单次最大盈利:0 单次时间:2019-05-11 22:45:31;
	全局统计 MONSTERID:306	攻击次数:0,免伤次数:0,击杀次数:0,消耗:0,收益:0,单次最大盈利:0 单次时间:2019-05-11 22:45:31;
	全局统计 MONSTERID:307	攻击次数:0,免伤次数:0,击杀次数:0,消耗:0,收益:0,单次最大盈利:0 单次时间:2019-05-11 22:45:31;
	全局统计 MONSTERID:312	攻击次数:0,免伤次数:0,击杀次数:0,消耗:0,收益:0,单次最大盈利:0 单次时间:2019-05-11 22:45:31;
	全局统计 MONSTERID:313	攻击次数:0,免伤次数:0,击杀次数:0,消耗:0,收益:0,单次最大盈利:0 单次时间:2019-05-11 22:45:31;
	全局统计 MONSTERID:314	攻击次数:0,免伤次数:0,击杀次数:0,消耗:0,收益:0,单次最大盈利:0 单次时间:2019-05-11 22:45:31;
	全局统计 ALLMONSTERID 消耗:0,收益:0,返回率:0.000000;
	全局统计 总输赢:0 总消耗:-0 总收益:+0 总免伤次数:0 总免伤:0 返回率:0.000000 时间:2019-05-11_22_45_31
2019/05/11 23:15:31.964200 git.huoys.com/qp/cells/game_trace.polling 519 Info: log money polling....
	全局统计 翻牌统计: 攻击次数:0,击杀次数:0,免伤次数:0,空卡次数:0,宝箱次数:0,普通怪次数:0,Boss怪次数:0,消耗:0 收益:0 返回率:0.000000;
	全局统计 BOXID:100	攻击次数:0,击杀次数:0,免伤次数:0,消耗:0,收益:0,单次最大盈利:0 单次时间:2019-05-11 23:15:31;
	全局统计 BOXID:101	攻击次数:0,击杀次数:0,免伤次数:0,消耗:0,收益:0,单次最大盈利:0 单次时间:2019-05-11 23:15:31;
	全局统计 BOXID:102	攻击次数:0,击杀次数:0,免伤次数:0,消耗:0,收益:0,单次最大盈利:0 单次时间:2019-05-11 23:15:31;
	全局统计 MONSTERID:300	攻击次数:0,免伤次数:0,击杀次数:0,消耗:0,收益:0,单次最大盈利:0 单次时间:2019-05-11 23:15:31;
	全局统计 MONSTERID:301	攻击次数:0,免伤次数:0,击杀次数:0,消耗:0,收益:0,单次最大盈利:0 单次时间:2019-05-11 23:15:31;
	全局统计 MONSTERID:302	攻击次数:0,免伤次数:0,击杀次数:0,消耗:0,收益:0,单次最大盈利:0 单次时间:2019-05-11 23:15:31;
	全局统计 MONSTERID:303	攻击次数:0,免伤次数:0,击杀次数:0,消耗:0,收益:0,单次最大盈利:0 单次时间:2019-05-11 23:15:31;
	全局统计 MONSTERID:304	攻击次数:0,免伤次数:0,击杀次数:0,消耗:0,收益:0,单次最大盈利:0 单次时间:2019-05-11 23:15:31;
	全局统计 MONSTERID:305	攻击次数:0,免伤次数:0,击杀次数:0,消耗:0,收益:0,单次最大盈利:0 单次时间:2019-05-11 23:15:31;
	全局统计 MONSTERID:306	攻击次数:0,免伤次数:0,击杀次数:0,消耗:0,收益:0,单次最大盈利:0 单次时间:2019-05-11 23:15:31;
	全局统计 MONSTERID:307	攻击次数:0,免伤次数:0,击杀次数:0,消耗:0,收益:0,单次最大盈利:0 单次时间:2019-05-11 23:15:31;
	全局统计 MONSTERID:312	攻击次数:0,免伤次数:0,击杀次数:0,消耗:0,收益:0,单次最大盈利:0 单次时间:2019-05-11 23:15:31;
	全局统计 MONSTERID:313	攻击次数:0,免伤次数:0,击杀次数:0,消耗:0,收益:0,单次最大盈利:0 单次时间:2019-05-11 23:15:31;
	全局统计 MONSTERID:314	攻击次数:0,免伤次数:0,击杀次数:0,消耗:0,收益:0,单次最大盈利:0 单次时间:2019-05-11 23:15:31;
	全局统计 ALLMONSTERID 消耗:0,收益:0,返回率:0.000000;
	全局统计 总输赢:0 总消耗:-0 总收益:+0 总免伤次数:0 总免伤:0 返回率:0.000000 时间:2019-05-11_23_15_31
2019/05/11 23:45:31.969200 git.huoys.com/qp/cells/game_trace.polling 519 Info: log money polling....
	全局统计 翻牌统计: 攻击次数:0,击杀次数:0,免伤次数:0,空卡次数:0,宝箱次数:0,普通怪次数:0,Boss怪次数:0,消耗:0 收益:0 返回率:0.000000;
	全局统计 BOXID:100	攻击次数:0,击杀次数:0,免伤次数:0,消耗:0,收益:0,单次最大盈利:0 单次时间:2019-05-11 23:45:31;
	全局统计 BOXID:101	攻击次数:0,击杀次数:0,免伤次数:0,消耗:0,收益:0,单次最大盈利:0 单次时间:2019-05-11 23:45:31;
	全局统计 BOXID:102	攻击次数:0,击杀次数:0,免伤次数:0,消耗:0,收益:0,单次最大盈利:0 单次时间:2019-05-11 23:45:31;
	全局统计 MONSTERID:300	攻击次数:0,免伤次数:0,击杀次数:0,消耗:0,收益:0,单次最大盈利:0 单次时间:2019-05-11 23:45:31;
	全局统计 MONSTERID:301	攻击次数:0,免伤次数:0,击杀次数:0,消耗:0,收益:0,单次最大盈利:0 单次时间:2019-05-11 23:45:31;
	全局统计 MONSTERID:302	攻击次数:0,免伤次数:0,击杀次数:0,消耗:0,收益:0,单次最大盈利:0 单次时间:2019-05-11 23:45:31;
	全局统计 MONSTERID:303	攻击次数:0,免伤次数:0,击杀次数:0,消耗:0,收益:0,单次最大盈利:0 单次时间:2019-05-11 23:45:31;
	全局统计 MONSTERID:304	攻击次数:0,免伤次数:0,击杀次数:0,消耗:0,收益:0,单次最大盈利:0 单次时间:2019-05-11 23:45:31;
	全局统计 MONSTERID:305	攻击次数:0,免伤次数:0,击杀次数:0,消耗:0,收益:0,单次最大盈利:0 单次时间:2019-05-11 23:45:31;
	全局统计 MONSTERID:306	攻击次数:0,免伤次数:0,击杀次数:0,消耗:0,收益:0,单次最大盈利:0 单次时间:2019-05-11 23:45:31;
	全局统计 MONSTERID:307	攻击次数:0,免伤次数:0,击杀次数:0,消耗:0,收益:0,单次最大盈利:0 单次时间:2019-05-11 23:45:31;
	全局统计 MONSTERID:312	攻击次数:0,免伤次数:0,击杀次数:0,消耗:0,收益:0,单次最大盈利:0 单次时间:2019-05-11 23:45:31;
	全局统计 MONSTERID:313	攻击次数:0,免伤次数:0,击杀次数:0,消耗:0,收益:0,单次最大盈利:0 单次时间:2019-05-11 23:45:31;
	全局统计 MONSTERID:314	攻击次数:0,免伤次数:0,击杀次数:0,消耗:0,收益:0,单次最大盈利:0 单次时间:2019-05-11 23:45:31;
	全局统计 ALLMONSTERID 消耗:0,收益:0,返回率:0.000000;
	全局统计 总输赢:0 总消耗:-0 总收益:+0 总免伤次数:0 总免伤:0 返回率:0.000000 时间:2019-05-11_23_45_31
