2019/05/29 16:41:03.423000 git.huoys.com/qp/cells/game_trace.polling 597 Info: log money polling....
	全局统计 翻牌统计: 攻击次数:0,击杀次数:0,免伤次数:0,空卡次数:0,宝箱次数:0,普通怪次数:0,Boss怪次数:0,消耗:0 收益:0 返回率:0.000000;
	全局统计 ALLMONSTERID 消耗:0,收益:0,返回率:0.000000;
	全局统计 过敏源剧情 消耗:0,收益:0,返回率:0.000000;
	全局统计 小丑剧情 消耗:0,收益:0,返回率:0.000000;
	全局统计 总输赢:0 总消耗:-0 总收益:+0 总免伤次数:0 总免伤:0 返回率:0.000000 时间:2019-05-29_16_41_03
2019/05/29 16:42:39.750000 git.huoys.com/qp/cells/module/room/logic/storysys/allergen.(*Allergen).CalcSettle 322 Info: Allergen Settle uid:150016 entermoney:103118690 2019-05-29_16_41_59 lockratio:10 totaltimes:160 consume:10 groupindex:22 group:{Weight:20 Detail:[1 1 0 1 1] RewardTimes:160} attack:0-400,1-500,2-0,3-200,4-500, reward:1600 levemoney:103120290 2019-05-29_16_42_39
2019/05/29 16:43:28.465000 git.huoys.com/qp/cells/game_trace.LogSettle 504 Info: 	 单局结算 uid:150016 剩余金币:103119630 消耗:1430 收益:1640 写分增量:210 阵容变化:[201,],[201,], 
2019/05/29 16:43:47.497000 git.huoys.com/qp/cells/module/room/logic/storysys/allergen.(*Allergen).CalcSettle 322 Info: Allergen Settle uid:150016 entermoney:103119630 2019-05-29_16_43_04 lockratio:10 totaltimes:150 consume:10 groupindex:23 group:{Weight:30 Detail:[1 1 1 0 0] RewardTimes:150} attack:0-400,1-500,2-600,3-0,4-0, reward:1500 levemoney:103121130 2019-05-29_16_43_47
2019/05/29 16:45:30.477000 git.huoys.com/qp/cells/game_trace.LogSettle 504 Info: 	 单局结算 uid:150016 剩余金币:103121240 消耗:50 收益:1660 写分增量:1610 阵容变化:[201,],[201,], 
2019/05/29 16:47:32.472000 git.huoys.com/qp/cells/game_trace.LogSettle 504 Info: 	 单局结算 uid:150016 剩余金币:103121240 消耗:0 收益:0 写分增量:0 阵容变化:[201,], 
2019/05/29 16:47:51.756000 git.huoys.com/qp/cells/game_trace.LogSettle 504 Info: 	 单局结算 uid:150016 剩余金币:103121240 消耗:0 收益:0 写分增量:0 阵容变化:[201,], 
2019/05/29 16:47:52.847000 git.huoys.com/qp/cells/game_trace.LeaveGame 489 Info: 
Enter=>ID:150016 Money:103119420 '2019-05-29 16:41:25'
Match=>ID :150016 玩家消耗金额:-1480 玩家赢取金额:+3300 返还率:2.229730 单个最高的结算金额:600 从进入到退出之间的最大余额:103121280
Leave=>ID:150016 Money:103121240 '2019-05-29 16:47:52'
	ID:150016 翻牌统计: 攻击次数:13,击杀次数:0,免伤次数:0,空卡次数:1,宝箱次数:1,普通怪次数:10,Boss怪次数:1,消耗:130 收益:160 返回率:1.230769;
	ID:150016 BOXID:100	攻击次数:7,击杀次数:1,免伤次数:0,消耗:70,收益:160,单次最大盈利:160 单次时间:2019-05-29 16:43:58;
	ID:150016 BOXID:101	攻击次数:4,击杀次数:0,免伤次数:0,消耗:40,收益:0,单次最大盈利:0 单次时间:1970-01-01 08:00:00;
	ID:150016 BOXID:102	攻击次数:2,击杀次数:0,免伤次数:0,消耗:20,收益:0,单次最大盈利:0 单次时间:1970-01-01 08:00:00;
	ID:150016 MONSTERID:301	攻击次数:2,免伤次数:0,击杀次数:1,消耗:20,收益:40,单次最大盈利:40 单次时间:2019-05-29 16:42:52;
	ID:150016 MONSTERID:303	攻击次数:1,免伤次数:0,击杀次数:0,消耗:10,收益:0,单次最大盈利:0 单次时间:1970-01-01 08:00:00;
	ID:150016 MONSTERID:315	攻击次数:7,免伤次数:0,击杀次数:0,消耗:70,收益:0,单次最大盈利:0 单次时间:1970-01-01 08:00:00;
	ID:150016 ALLMONSTERID 消耗:100,收益:40,返回率:0.400000;
	ID:150016 过敏源剧情 消耗:1250,收益:3100,返回率:2.480000;
	ID:150016 过敏源剧情 消耗:0,收益:0,返回率:0.000000;
2019/05/29 16:50:05.466000 git.huoys.com/qp/cells/game_trace.LogSettle 504 Info: 	 单局结算 uid:150016 剩余金币:103120190 消耗:1650 收益:600 写分增量:-1050 阵容变化:[201,], 
2019/05/29 16:50:10.103000 git.huoys.com/qp/cells/module/room/logic/storysys/allergen.(*Allergen).CalcSettle 322 Info: Allergen Settle uid:150016 entermoney:103119590 2019-05-29_16_49_30 lockratio:10 totaltimes:170 consume:10 groupindex:26 group:{Weight:30 Detail:[1 0 1 1 1] RewardTimes:170} attack:0-400,1-0,2-200,3-500,4-600, reward:1700 levemoney:103121290 2019-05-29_16_50_10
2019/05/29 16:51:56.981000 git.huoys.com/qp/cells/module/room/logic/storysys/allergen.(*Allergen).CalcSettle 322 Info: Allergen Settle uid:150016 entermoney:103119320 2019-05-29_16_51_14 lockratio:10 totaltimes:200 consume:10 groupindex:29 group:{Weight:40 Detail:[0 1 1 1 1] RewardTimes:200} attack:0-0,1-200,2-500,3-600,4-700, reward:2000 levemoney:103121320 2019-05-29_16_51_56
2019/05/29 16:52:07.522000 git.huoys.com/qp/cells/game_trace.LogSettle 504 Info: 	 单局结算 uid:150016 剩余金币:103121320 消耗:2180 收益:3310 写分增量:1130 阵容变化:[201,],[201,],[201,], 
2019/05/29 16:54:04.659000 git.huoys.com/qp/cells/game_trace.LogSettle 504 Info: 	 单局结算 uid:150016 剩余金币:103121360 消耗:100 收益:140 写分增量:40 阵容变化:[201,], 
2019/05/29 16:54:05.693000 git.huoys.com/qp/cells/game_trace.LeaveGame 489 Info: 
Enter=>ID:150016 Money:103121240 '2019-05-29 16:48:02'
Match=>ID :150016 玩家消耗金额:-3930 玩家赢取金额:+4050 返还率:1.030534 单个最高的结算金额:700 从进入到退出之间的最大余额:103121400
Leave=>ID:150016 Money:103121360 '2019-05-29 16:54:05'
	ID:150016 翻牌统计: 攻击次数:17,击杀次数:0,免伤次数:0,空卡次数:4,宝箱次数:2,普通怪次数:11,Boss怪次数:0,消耗:170 收益:280 返回率:1.647059;
	ID:150016 BOXID:100	攻击次数:9,击杀次数:2,免伤次数:0,消耗:90,收益:280,单次最大盈利:140 单次时间:2019-05-29 16:50:25;
	ID:150016 BOXID:101	攻击次数:7,击杀次数:0,免伤次数:0,消耗:70,收益:0,单次最大盈利:0 单次时间:1970-01-01 08:00:00;
	ID:150016 BOXID:102	攻击次数:1,击杀次数:0,免伤次数:0,消耗:10,收益:0,单次最大盈利:0 单次时间:1970-01-01 08:00:00;
	ID:150016 MONSTERID:301	攻击次数:2,免伤次数:0,击杀次数:1,消耗:20,收益:30,单次最大盈利:30 单次时间:2019-05-29 16:50:25;
	ID:150016 MONSTERID:305	攻击次数:12,免伤次数:0,击杀次数:1,消耗:120,收益:40,单次最大盈利:40 单次时间:2019-05-29 16:50:24;
	ID:150016 ALLMONSTERID 消耗:140,收益:70,返回率:0.500000;
	ID:150016 过敏源剧情 消耗:3620,收益:3700,返回率:1.022099;
	ID:150016 过敏源剧情 消耗:0,收益:0,返回率:0.000000;
2019/05/29 17:03:07.871000 git.huoys.com/qp/cells/module/room/logic/storysys/allergen.(*Allergen).CalcSettle 322 Info: Allergen Settle uid:150016 entermoney:103120880 2019-05-29_17_02_33 lockratio:10 totaltimes:70 consume:10 groupindex:15 group:{Weight:20 Detail:[0 1 1 0 0] RewardTimes:70} attack:0-0,1-200,2-500,3-0,4-0, reward:700 levemoney:103121580 2019-05-29_17_03_07
2019/05/29 17:04:10.553000 git.huoys.com/qp/cells/game_trace.LogSettle 504 Info: 	 单局结算 uid:150016 剩余金币:103121570 消耗:490 收益:700 写分增量:210 阵容变化:[201,],[201,], 
2019/05/29 17:06:12.507000 git.huoys.com/qp/cells/game_trace.LogSettle 504 Info: 	 单局结算 uid:150016 剩余金币:103121570 消耗:0 收益:0 写分增量:0 阵容变化:[201,], 
2019/05/29 17:08:15.525000 git.huoys.com/qp/cells/game_trace.LogSettle 504 Info: 	 单局结算 uid:150016 剩余金币:103121570 消耗:0 收益:0 写分增量:0 阵容变化:[201,], 
2019/05/29 17:09:59.012000 git.huoys.com/qp/cells/game_trace.LogSettle 504 Info: 	 单局结算 uid:150016 剩余金币:103121570 消耗:0 收益:0 写分增量:0 阵容变化:[201,], 
2019/05/29 17:10:00.323000 git.huoys.com/qp/cells/game_trace.LeaveGame 489 Info: 
Enter=>ID:150016 Money:103121360 '2019-05-29 17:02:06'
Match=>ID :150016 玩家消耗金额:-490 玩家赢取金额:+700 返还率:1.428571 单个最高的结算金额:500 从进入到退出之间的最大余额:103121580
Leave=>ID:150016 Money:103121570 '2019-05-29 17:10:00'
	ID:150016 翻牌统计: 攻击次数:1,击杀次数:0,免伤次数:0,空卡次数:0,宝箱次数:0,普通怪次数:1,Boss怪次数:0,消耗:10 收益:0 返回率:0.000000;
	ID:150016 BOXID:101	攻击次数:1,击杀次数:0,免伤次数:0,消耗:10,收益:0,单次最大盈利:0 单次时间:1970-01-01 08:00:00;
	ID:150016 ALLMONSTERID 消耗:0,收益:0,返回率:0.000000;
	ID:150016 过敏源剧情 消耗:480,收益:700,返回率:1.458333;
	ID:150016 过敏源剧情 消耗:0,收益:0,返回率:0.000000;
2019/05/29 17:11:04.502000 git.huoys.com/qp/cells/game_trace.polling 597 Info: log money polling....
	全局统计 翻牌统计: 攻击次数:31,击杀次数:0,免伤次数:0,空卡次数:5,宝箱次数:3,普通怪次数:22,Boss怪次数:1,消耗:310 收益:440 返回率:1.419355;
	全局统计 BOXID:100	攻击次数:16,击杀次数:3,免伤次数:0,消耗:160,收益:440,单次最大盈利:160 单次时间:2019-05-29 17:11:04;
	全局统计 BOXID:101	攻击次数:12,击杀次数:0,免伤次数:0,消耗:120,收益:0,单次最大盈利:0 单次时间:2019-05-29 17:11:04;
	全局统计 BOXID:102	攻击次数:3,击杀次数:0,免伤次数:0,消耗:30,收益:0,单次最大盈利:0 单次时间:2019-05-29 17:11:04;
	全局统计 MONSTERID:301	攻击次数:4,免伤次数:0,击杀次数:2,消耗:40,收益:70,单次最大盈利:40 单次时间:2019-05-29 17:11:04;
	全局统计 MONSTERID:303	攻击次数:1,免伤次数:0,击杀次数:0,消耗:10,收益:0,单次最大盈利:0 单次时间:2019-05-29 17:11:04;
	全局统计 MONSTERID:305	攻击次数:12,免伤次数:0,击杀次数:1,消耗:120,收益:40,单次最大盈利:40 单次时间:2019-05-29 17:11:04;
	全局统计 MONSTERID:315	攻击次数:7,免伤次数:0,击杀次数:0,消耗:70,收益:0,单次最大盈利:0 单次时间:2019-05-29 17:11:04;
	全局统计 ALLMONSTERID 消耗:240,收益:110,返回率:0.458333;
	全局统计 过敏源剧情 消耗:6130,收益:7500,返回率:1.223491;
	全局统计 小丑剧情 消耗:0,收益:0,返回率:0.000000;
	全局统计 总输赢:1370 总消耗:-6680 总收益:+8050 总免伤次数:0 总免伤:0 返回率:1.205090 时间:2019-05-29_17_11_04
2019/05/29 17:11:23.369000 git.huoys.com/qp/cells/module/room/logic/storysys/allergen.(*Allergen).CalcSettle 322 Info: Allergen Settle uid:150016 entermoney:103120790 2019-05-29_17_10_51 lockratio:10 totaltimes:170 consume:10 groupindex:24 group:{Weight:30 Detail:[1 1 1 0 1] RewardTimes:170} attack:0-400,1-500,2-600,3-0,4-200, reward:1700 levemoney:103122490 2019-05-29_17_11_23
2019/05/29 17:11:44.511000 git.huoys.com/qp/cells/game_trace.LogSettle 504 Info: 	 单局结算 uid:150016 剩余金币:103122490 消耗:780 收益:1700 写分增量:920 阵容变化:[201,],[201,], 
2019/05/29 17:11:45.563000 git.huoys.com/qp/cells/game_trace.LeaveGame 489 Info: 
Enter=>ID:150016 Money:103121570 '2019-05-29 17:10:08'
Match=>ID :150016 玩家消耗金额:-780 玩家赢取金额:+1700 返还率:2.179487 单个最高的结算金额:600 从进入到退出之间的最大余额:103122490
Leave=>ID:150016 Money:103122490 '2019-05-29 17:11:45'
	ID:150016 翻牌统计: 攻击次数:0,击杀次数:0,免伤次数:0,空卡次数:0,宝箱次数:0,普通怪次数:0,Boss怪次数:0,消耗:0 收益:0 返回率:0.000000;
	ID:150016 ALLMONSTERID 消耗:0,收益:0,返回率:0.000000;
	ID:150016 过敏源剧情 消耗:780,收益:1700,返回率:2.179487;
	ID:150016 过敏源剧情 消耗:0,收益:0,返回率:0.000000;
2019/05/29 17:17:22.544000 git.huoys.com/qp/cells/module/room/logic/storysys/allergen.(*Allergen).CalcSettle 322 Info: Allergen Settle uid:150016 entermoney:103121450 2019-05-29_17_16_57 lockratio:10 totaltimes:70 consume:10 groupindex:21 group:{Weight:20 Detail:[0 0 0 1 1] RewardTimes:70} attack: reward:700 levemoney:103122150 2019-05-29_17_17_22
2019/05/29 17:17:22.545000 git.huoys.com/qp/cells/game_trace.LogSettle 504 Info: 	 单局结算 uid:150016 剩余金币:103122150 消耗:1040 收益:700 写分增量:-340 阵容变化:[201,], 
2019/05/29 17:17:23.633000 git.huoys.com/qp/cells/game_trace.LeaveGame 489 Info: 
Enter=>ID:150016 Money:103122490 '2019-05-29 17:16:18'
Match=>ID :150016 玩家消耗金额:-1040 玩家赢取金额:+700 返还率:0.673077 单个最高的结算金额:700 从进入到退出之间的最大余额:103122490
Leave=>ID:150016 Money:103122150 '2019-05-29 17:17:23'
	ID:150016 翻牌统计: 攻击次数:0,击杀次数:0,免伤次数:0,空卡次数:0,宝箱次数:0,普通怪次数:0,Boss怪次数:0,消耗:0 收益:0 返回率:0.000000;
	ID:150016 ALLMONSTERID 消耗:0,收益:0,返回率:0.000000;
	ID:150016 过敏源剧情 消耗:1040,收益:700,返回率:0.673077;
	ID:150016 过敏源剧情 消耗:0,收益:0,返回率:0.000000;
2019/05/29 17:22:22.780000 git.huoys.com/qp/cells/module/room/logic/storysys/allergen.(*Allergen).CalcSettle 322 Info: Allergen Settle uid:150016 entermoney:103119030 2019-05-29_17_21_55 lockratio:10 totaltimes:300 consume:10 groupindex:30 group:{Weight:50 Detail:[1 1 1 1 1] RewardTimes:300} attack:0-400,1-500,2-600,3-700,4-800, reward:3000 levemoney:103122030 2019-05-29_17_22_22
2019/05/29 17:22:30.632000 git.huoys.com/qp/cells/game_trace.LogSettle 504 Info: 	 单局结算 uid:150016 剩余金币:103122030 消耗:3120 收益:3000 写分增量:-120 阵容变化:[201,], 
2019/05/29 17:23:06.608000 git.huoys.com/qp/cells/module/room/logic/storysys/allergen.(*Allergen).CalcSettle 322 Info: Allergen Settle uid:150016 entermoney:103121800 2019-05-29_17_22_39 lockratio:10 totaltimes:200 consume:10 groupindex:29 group:{Weight:40 Detail:[0 1 1 1 1] RewardTimes:200} attack:0-0,1-200,2-500,3-600,4-700, reward:2000 levemoney:103123800 2019-05-29_17_23_06
2019/05/29 17:23:37.554000 git.huoys.com/qp/cells/game_trace.LogSettle 504 Info: 	 单局结算 uid:150016 剩余金币:103123570 消耗:630 收益:2170 写分增量:1540 阵容变化:[201,],[201,],[201,], 
2019/05/29 17:23:38.613000 git.huoys.com/qp/cells/game_trace.LeaveGame 489 Info: 
Enter=>ID:150016 Money:103122150 '2019-05-29 17:20:26'
Match=>ID :150016 玩家消耗金额:-3750 玩家赢取金额:+5170 返还率:1.378667 单个最高的结算金额:800 从进入到退出之间的最大余额:103123800
Leave=>ID:150016 Money:103123570 '2019-05-29 17:23:38'
	ID:150016 翻牌统计: 攻击次数:19,击杀次数:0,免伤次数:0,空卡次数:6,宝箱次数:0,普通怪次数:12,Boss怪次数:1,消耗:190 收益:0 返回率:0.000000;
	ID:150016 BOXID:100	攻击次数:6,击杀次数:0,免伤次数:0,消耗:60,收益:0,单次最大盈利:0 单次时间:1970-01-01 08:00:00;
	ID:150016 BOXID:101	攻击次数:11,击杀次数:0,免伤次数:0,消耗:110,收益:0,单次最大盈利:0 单次时间:1970-01-01 08:00:00;
	ID:150016 BOXID:102	攻击次数:2,击杀次数:0,免伤次数:0,消耗:20,收益:0,单次最大盈利:0 单次时间:1970-01-01 08:00:00;
	ID:150016 MONSTERID:300	攻击次数:3,免伤次数:0,击杀次数:1,消耗:30,收益:30,单次最大盈利:30 单次时间:2019-05-29 17:23:21;
	ID:150016 MONSTERID:302	攻击次数:3,免伤次数:0,击杀次数:1,消耗:30,收益:50,单次最大盈利:50 单次时间:2019-05-29 17:22:35;
	ID:150016 MONSTERID:304	攻击次数:6,免伤次数:0,击杀次数:1,消耗:60,收益:90,单次最大盈利:90 单次时间:2019-05-29 17:23:20;
	ID:150016 MONSTERID:314	攻击次数:6,免伤次数:0,击杀次数:0,消耗:60,收益:0,单次最大盈利:0 单次时间:1970-01-01 08:00:00;
	ID:150016 ALLMONSTERID 消耗:180,收益:170,返回率:0.944444;
	ID:150016 过敏源剧情 消耗:3380,收益:5000,返回率:1.479290;
	ID:150016 过敏源剧情 消耗:0,收益:0,返回率:0.000000;
2019/05/29 17:30:00.616000 git.huoys.com/qp/cells/game_trace.LogSettle 504 Info: 	 单局结算 uid:150016 剩余金币:103119900 消耗:3670 收益:0 写分增量:-3670 阵容变化:[201,], 
2019/05/29 17:30:29.761000 git.huoys.com/qp/cells/module/room/logic/storysys/allergen.(*Allergen).CalcSettle 322 Info: Allergen Settle uid:150016 entermoney:103119870 2019-05-29_17_30_02 lockratio:10 totaltimes:90 consume:10 groupindex:16 group:{Weight:20 Detail:[0 1 1 0 1] RewardTimes:90} attack:0-0,1-200,2-500,3-0,4-200, reward:900 levemoney:103120770 2019-05-29_17_30_29
2019/05/29 17:31:22.518000 git.huoys.com/qp/cells/module/room/logic/storysys/clown.(*Clown).CalcSettle 318 Info: Clown Settle uid:150016  reward:790 levemoney:103121780 2019-05-29_17_31_22
2019/05/29 17:32:02.578000 git.huoys.com/qp/cells/game_trace.LogSettle 504 Info: 	 单局结算 uid:150016 剩余金币:103120360 消耗:1810 收益:2270 写分增量:460 阵容变化:[201,],[201,202,],[201,200,202,],[201,200,202,],[201,200,202,],[201,200,202,],[201,200,202,],[201,200,202,],[201,200,202,], 
2019/05/29 17:32:12.361000 git.huoys.com/qp/cells/module/room/logic/storysys/allergen.(*Allergen).CalcSettle 322 Info: Allergen Settle uid:150016 entermoney:103120360 2019-05-29_17_31_43 lockratio:10 totaltimes:70 consume:20 groupindex:21 group:{Weight:20 Detail:[0 0 0 1 1] RewardTimes:70} attack:0-0,1-0,2-0,3-200,4-500, reward:700 levemoney:103121060 2019-05-29_17_32_12
2019/05/29 17:32:58.185000 git.huoys.com/qp/cells/module/room/logic/storysys/allergen.(*Allergen).CalcSettle 322 Info: Allergen Settle uid:150016 entermoney:103120340 2019-05-29_17_32_30 lockratio:10 totaltimes:170 consume:20 groupindex:24 group:{Weight:30 Detail:[1 1 1 0 1] RewardTimes:170} attack:0-400,1-500,2-600,3-0,4-200, reward:1700 levemoney:103122040 2019-05-29_17_32_58
2019/05/29 17:33:42.313000 git.huoys.com/qp/cells/module/room/logic/storysys/allergen.(*Allergen).CalcSettle 322 Info: Allergen Settle uid:150016 entermoney:103122580 2019-05-29_17_33_14 lockratio:10 totaltimes:70 consume:20 groupindex:21 group:{Weight:20 Detail:[0 0 0 1 1] RewardTimes:70} attack:0-0,1-0,2-0,3-200,4-500, reward:700 levemoney:103123280 2019-05-29_17_33_42
2019/05/29 17:33:50.519000 git.huoys.com/qp/cells/game_trace.LogSettle 504 Info: 	 单局结算 uid:150016 剩余金币:103123280 消耗:1500 收益:4420 写分增量:2920 阵容变化:[201,200,202,],[201,200,202,],[201,200,202,],[201,200,202,],[201,200,202,],[201,200,202,],[201,200,202,], 
2019/05/29 17:33:51.562000 git.huoys.com/qp/cells/game_trace.LeaveGame 489 Info: 
Enter=>ID:150016 Money:103123570 '2019-05-29 17:27:56'
Match=>ID :150016 玩家消耗金额:-6980 玩家赢取金额:+6690 返还率:0.958453 单个最高的结算金额:600 从进入到退出之间的最大余额:103123570
Leave=>ID:150016 Money:103123280 '2019-05-29 17:33:51'
	ID:150016 翻牌统计: 攻击次数:40,击杀次数:0,免伤次数:1,空卡次数:6,宝箱次数:7,普通怪次数:25,Boss怪次数:1,消耗:800 收益:1470 返回率:1.837500;
	ID:150016 BOXID:100	攻击次数:26,击杀次数:4,免伤次数:1,消耗:520,收益:560,单次最大盈利:190 单次时间:2019-05-29 17:33:12;
	ID:150016 BOXID:101	攻击次数:10,击杀次数:2,免伤次数:1,消耗:200,收益:440,单次最大盈利:240 单次时间:2019-05-29 17:30:41;
	ID:150016 BOXID:102	攻击次数:3,击杀次数:1,免伤次数:1,消耗:60,收益:470,单次最大盈利:470 单次时间:2019-05-29 17:33:10;
	ID:150016 MONSTERID:300	攻击次数:4,免伤次数:0,击杀次数:4,消耗:80,收益:120,单次最大盈利:40 单次时间:2019-05-29 17:33:11;
	ID:150016 MONSTERID:301	攻击次数:1,免伤次数:0,击杀次数:1,消耗:20,收益:20,单次最大盈利:20 单次时间:2019-05-29 17:33:10;
	ID:150016 MONSTERID:303	攻击次数:1,免伤次数:0,击杀次数:1,消耗:20,收益:50,单次最大盈利:50 单次时间:2019-05-29 17:32:25;
	ID:150016 MONSTERID:304	攻击次数:5,免伤次数:0,击杀次数:1,消耗:100,收益:50,单次最大盈利:50 单次时间:2019-05-29 17:30:42;
	ID:150016 MONSTERID:307	攻击次数:1,免伤次数:0,击杀次数:1,消耗:20,收益:190,单次最大盈利:190 单次时间:2019-05-29 17:33:12;
	ID:150016 MONSTERID:315	攻击次数:10,免伤次数:0,击杀次数:0,消耗:200,收益:0,单次最大盈利:0 单次时间:1970-01-01 08:00:00;
	ID:150016 MONSTERID:319	攻击次数:9,免伤次数:0,击杀次数:0,消耗:180,收益:0,单次最大盈利:0 单次时间:1970-01-01 08:00:00;
	ID:150016 ALLMONSTERID 消耗:620,收益:430,返回率:0.693548;
	ID:150016 过敏源剧情 消耗:5560,收益:4000,返回率:0.719424;
	ID:150016 过敏源剧情 消耗:180,收益:790,返回率:4.388889;
2019/05/29 17:36:32.395000 git.huoys.com/qp/cells/game_trace.LogSettle 504 Info: 	 单局结算 uid:150016 剩余金币:103123280 消耗:0 收益:0 写分增量:0 阵容变化: 
2019/05/29 17:36:33.440000 git.huoys.com/qp/cells/game_trace.LeaveGame 489 Info: 
Enter=>ID:150016 Money:103123280 '2019-05-29 17:36:26'
Match=>ID :150016 玩家消耗金额:-0 玩家赢取金额:+0 返还率:0.000000 单个最高的结算金额:0 从进入到退出之间的最大余额:103123280
Leave=>ID:150016 Money:103123280 '2019-05-29 17:36:33'
	ID:150016 翻牌统计: 攻击次数:0,击杀次数:0,免伤次数:0,空卡次数:0,宝箱次数:0,普通怪次数:0,Boss怪次数:0,消耗:0 收益:0 返回率:0.000000;
	ID:150016 ALLMONSTERID 消耗:0,收益:0,返回率:0.000000;
	ID:150016 过敏源剧情 消耗:0,收益:0,返回率:0.000000;
	ID:150016 过敏源剧情 消耗:0,收益:0,返回率:0.000000;
2019/05/29 17:37:53.626000 git.huoys.com/qp/cells/module/room/logic/storysys/allergen.(*Allergen).CalcSettle 322 Info: Allergen Settle uid:150016 entermoney:103122580 2019-05-29_17_37_24 lockratio:10 totaltimes:20 consume:20 groupindex:3 group:{Weight:1 Detail:[0 0 0 1 0] RewardTimes:20} attack:0-0,1-0,2-0,3-200,4-0, reward:200 levemoney:103122780 2019-05-29_17_37_53
2019/05/29 17:38:31.291000 git.huoys.com/qp/cells/module/room/logic/storysys/allergen.(*Allergen).CalcSettle 322 Info: Allergen Settle uid:150016 entermoney:103122330 2019-05-29_17_38_10 lockratio:10 totaltimes:110 consume:20 groupindex:14 group:{Weight:20 Detail:[1 1 0 0 1] RewardTimes:110} attack:0-400,1-500,2-0,3-0,4-200, reward:1100 levemoney:103123430 2019-05-29_17_38_31
2019/05/29 17:39:12.545000 git.huoys.com/qp/cells/module/room/logic/storysys/allergen.(*Allergen).CalcSettle 322 Info: Allergen Settle uid:150016 entermoney:103122870 2019-05-29_17_38_50 lockratio:10 totaltimes:20 consume:20 groupindex:4 group:{Weight:1 Detail:[0 0 0 0 1] RewardTimes:20} attack:0-0,1-0,2-0,3-0,4-200, reward:200 levemoney:103123070 2019-05-29_17_39_12
2019/05/29 17:39:12.606000 git.huoys.com/qp/cells/game_trace.LogSettle 504 Info: 	 单局结算 uid:150016 剩余金币:103123070 消耗:2240 收益:2030 写分增量:-210 阵容变化:[201,200,202,],[201,200,202,],[201,200,202,],[201,200,202,],[201,200,202,],[201,200,202,],[201,200,202,],[201,200,202,],[201,200,202,], 
2019/05/29 17:40:16.243000 git.huoys.com/qp/cells/module/room/logic/storysys/allergen.(*Allergen).CalcSettle 322 Info: Allergen Settle uid:150016 entermoney:103121800 2019-05-29_17_39_42 lockratio:10 totaltimes:110 consume:20 groupindex:17 group:{Weight:20 Detail:[1 0 1 1 0] RewardTimes:110} attack:0-400,1-0,2-200,3-500,4-0, reward:1100 levemoney:103122900 2019-05-29_17_40_16
2019/05/29 17:41:04.610000 git.huoys.com/qp/cells/game_trace.polling 597 Info: log money polling....
	全局统计 翻牌统计: 攻击次数:109,击杀次数:0,免伤次数:1,空卡次数:24,宝箱次数:10,普通怪次数:70,Boss怪次数:4,消耗:1990 收益:1910 返回率:0.959799;
	全局统计 BOXID:100	攻击次数:55,击杀次数:7,免伤次数:1,消耗:1040,收益:1000,单次最大盈利:200 单次时间:2019-05-29 17:41:04;
	全局统计 BOXID:101	攻击次数:40,击杀次数:2,免伤次数:1,消耗:690,收益:440,单次最大盈利:240 单次时间:2019-05-29 17:41:04;
	全局统计 BOXID:102	攻击次数:13,击杀次数:1,免伤次数:1,消耗:240,收益:470,单次最大盈利:470 单次时间:2019-05-29 17:41:04;
	全局统计 MONSTERID:300	攻击次数:7,免伤次数:0,击杀次数:5,消耗:110,收益:150,单次最大盈利:40 单次时间:2019-05-29 17:41:04;
	全局统计 MONSTERID:301	攻击次数:9,免伤次数:0,击杀次数:4,消耗:180,收益:80,单次最大盈利:20 单次时间:2019-05-29 17:41:04;
	全局统计 MONSTERID:302	攻击次数:7,免伤次数:0,击杀次数:3,消耗:110,收益:110,单次最大盈利:50 单次时间:2019-05-29 17:41:04;
	全局统计 MONSTERID:303	攻击次数:2,免伤次数:0,击杀次数:2,消耗:40,收益:90,单次最大盈利:50 单次时间:2019-05-29 17:41:04;
	全局统计 MONSTERID:304	攻击次数:12,免伤次数:0,击杀次数:3,消耗:180,收益:220,单次最大盈利:90 单次时间:2019-05-29 17:41:04;
	全局统计 MONSTERID:305	攻击次数:10,免伤次数:0,击杀次数:3,消耗:200,收益:280,单次最大盈利:120 单次时间:2019-05-29 17:41:04;
	全局统计 MONSTERID:306	攻击次数:9,免伤次数:0,击杀次数:1,消耗:180,收益:100,单次最大盈利:100 单次时间:2019-05-29 17:41:04;
	全局统计 MONSTERID:307	攻击次数:2,免伤次数:0,击杀次数:2,消耗:40,收益:300,单次最大盈利:190 单次时间:2019-05-29 17:41:04;
	全局统计 MONSTERID:314	攻击次数:6,免伤次数:0,击杀次数:0,消耗:60,收益:0,单次最大盈利:0 单次时间:2019-05-29 17:41:04;
	全局统计 MONSTERID:315	攻击次数:10,免伤次数:0,击杀次数:0,消耗:200,收益:0,单次最大盈利:0 单次时间:2019-05-29 17:41:04;
	全局统计 MONSTERID:319	攻击次数:9,免伤次数:0,击杀次数:0,消耗:180,收益:0,单次最大盈利:0 单次时间:2019-05-29 17:41:04;
	全局统计 ALLMONSTERID 消耗:1480,收益:1330,返回率:0.898649;
	全局统计 过敏源剧情 消耗:14180,收益:14900,返回率:1.050776;
	全局统计 小丑剧情 消耗:180,收益:790,返回率:4.388889;
	全局统计 总输赢:1280 总消耗:-17650 总收益:+18930 总免伤次数:1 总免伤:20 返回率:1.072521 时间:2019-05-29_17_41_04
2019/05/29 17:41:12.739000 git.huoys.com/qp/cells/module/room/logic/storysys/allergen.(*Allergen).CalcSettle 322 Info: Allergen Settle uid:150016 entermoney:103121170 2019-05-29_17_40_42 lockratio:10 totaltimes:110 consume:20 groupindex:14 group:{Weight:20 Detail:[1 1 0 0 1] RewardTimes:110} attack:0-400,1-500,2-0,3-0,4-200, reward:1100 levemoney:103122270 2019-05-29_17_41_12
2019/05/29 17:41:14.608000 git.huoys.com/qp/cells/game_trace.LogSettle 504 Info: 	 单局结算 uid:150016 剩余金币:103122270 消耗:3640 收益:2840 写分增量:-800 阵容变化:[201,200,202,],[201,200,202,],[201,200,202,],[201,200,202,],[201,200,202,],[201,200,202,],[201,200,202,], 
2019/05/29 17:42:18.842000 git.huoys.com/qp/cells/module/room/logic/storysys/allergen.(*Allergen).CalcSettle 322 Info: Allergen Settle uid:150016 entermoney:103120580 2019-05-29_17_41_47 lockratio:10 totaltimes:110 consume:20 groupindex:19 group:{Weight:20 Detail:[1 0 0 1 1] RewardTimes:110} attack:0-400,1-0,2-0,3-200,4-500, reward:1100 levemoney:103121680 2019-05-29_17_42_18
2019/05/29 17:43:02.058000 git.huoys.com/qp/cells/module/room/logic/storysys/allergen.(*Allergen).CalcSettle 322 Info: Allergen Settle uid:150016 entermoney:103121400 2019-05-29_17_42_37 lockratio:10 totaltimes:130 consume:20 groupindex:25 group:{Weight:30 Detail:[0 1 1 1 0] RewardTimes:130} attack:0-0,1-200,2-500,3-600,4-0, reward:1300 levemoney:103122700 2019-05-29_17_43_02
2019/05/29 17:43:06.177000 git.huoys.com/qp/cells/game_trace.LogSettle 504 Info: 	 单局结算 uid:150016 剩余金币:103122700 消耗:2780 收益:3210 写分增量:430 阵容变化:[201,200,202,],[201,200,202,],[201,200,202,],[201,200,202,],[201,200,202,],[201,200,202,],[201,200,202,], 
2019/05/29 17:43:07.210000 git.huoys.com/qp/cells/game_trace.LeaveGame 489 Info: 
Enter=>ID:150016 Money:103123280 '2019-05-29 17:37:09'
Match=>ID :150016 玩家消耗金额:-8660 玩家赢取金额:+8080 返还率:0.933025 单个最高的结算金额:600 从进入到退出之间的最大余额:103123510
Leave=>ID:150016 Money:103122700 '2019-05-29 17:43:07'
	ID:150016 翻牌统计: 攻击次数:73,击杀次数:0,免伤次数:0,空卡次数:16,宝箱次数:5,普通怪次数:50,Boss怪次数:2,消耗:1460 收益:840 返回率:0.575342;
	ID:150016 BOXID:100	攻击次数:30,击杀次数:4,免伤次数:0,消耗:600,收益:580,单次最大盈利:200 单次时间:2019-05-29 17:38:43;
	ID:150016 BOXID:101	攻击次数:34,击杀次数:1,免伤次数:0,消耗:680,收益:260,单次最大盈利:260 单次时间:2019-05-29 17:42:30;
	ID:150016 BOXID:102	攻击次数:9,击杀次数:0,免伤次数:0,消耗:180,收益:0,单次最大盈利:0 单次时间:1970-01-01 08:00:00;
	ID:150016 MONSTERID:300	攻击次数:1,免伤次数:0,击杀次数:1,消耗:20,收益:40,单次最大盈利:40 单次时间:2019-05-29 17:42:32;
	ID:150016 MONSTERID:301	攻击次数:8,免伤次数:0,击杀次数:3,消耗:160,收益:60,单次最大盈利:20 单次时间:2019-05-29 17:38:43;
	ID:150016 MONSTERID:302	攻击次数:8,免伤次数:0,击杀次数:4,消耗:160,收益:150,单次最大盈利:50 单次时间:2019-05-29 17:42:32;
	ID:150016 MONSTERID:303	攻击次数:1,免伤次数:0,击杀次数:1,消耗:20,收益:40,单次最大盈利:40 单次时间:2019-05-29 17:39:25;
	ID:150016 MONSTERID:304	攻击次数:3,免伤次数:0,击杀次数:2,消耗:60,收益:150,单次最大盈利:80 单次时间:2019-05-29 17:38:08;
	ID:150016 MONSTERID:305	攻击次数:12,免伤次数:0,击杀次数:4,消耗:240,收益:330,单次最大盈利:120 单次时间:2019-05-29 17:38:44;
	ID:150016 MONSTERID:306	攻击次数:17,免伤次数:0,击杀次数:2,消耗:340,收益:260,单次最大盈利:160 单次时间:2019-05-29 17:41:26;
	ID:150016 MONSTERID:307	攻击次数:1,免伤次数:0,击杀次数:1,消耗:20,收益:110,单次最大盈利:110 单次时间:2019-05-29 17:39:27;
	ID:150016 ALLMONSTERID 消耗:1020,收益:1140,返回率:1.117647;
	ID:150016 过敏源剧情 消耗:6180,收益:6100,返回率:0.987055;
	ID:150016 过敏源剧情 消耗:0,收益:0,返回率:0.000000;
2019/05/29 17:45:31.594000 git.huoys.com/qp/cells/module/room/logic/storysys/allergen.(*Allergen).CalcSettle 322 Info: Allergen Settle uid:150016 entermoney:103118540 2019-05-29_17_45_06 lockratio:10 totaltimes:90 consume:20 groupindex:20 group:{Weight:20 Detail:[0 1 0 1 1] RewardTimes:90} attack:0-0,1-200,2-0,3-200,4-500, reward:900 levemoney:103119440 2019-05-29_17_45_31
2019/05/29 17:45:41.636000 git.huoys.com/qp/cells/game_trace.LogSettle 504 Info: 	 单局结算 uid:150016 剩余金币:103119440 消耗:4160 收益:900 写分增量:-3260 阵容变化:[201,200,202,],[201,200,202,],[201,200,202,],[201,200,202,],[201,200,202,],[201,200,202,], 
2019/05/29 17:46:13.346000 git.huoys.com/qp/cells/module/room/logic/storysys/allergen.(*Allergen).CalcSettle 322 Info: Allergen Settle uid:150016 entermoney:103118660 2019-05-29_17_45_52 lockratio:10 totaltimes:20 consume:20 groupindex:1 group:{Weight:1 Detail:[0 1 0 0 0] RewardTimes:20} attack:0-0,1-200,2-0,3-0,4-0, reward:200 levemoney:103118860 2019-05-29_17_46_13
2019/05/29 17:46:21.137000 git.huoys.com/qp/cells/game_trace.LogSettle 504 Info: 	 单局结算 uid:150016 剩余金币:103118860 消耗:1140 收益:560 写分增量:-580 阵容变化:[201,200,202,], 
2019/05/29 17:46:22.181000 git.huoys.com/qp/cells/game_trace.LeaveGame 489 Info: 
Enter=>ID:150016 Money:103122700 '2019-05-29 17:43:37'
Match=>ID :150016 玩家消耗金额:-5300 玩家赢取金额:+1460 返还率:0.275472 单个最高的结算金额:500 从进入到退出之间的最大余额:103122700
Leave=>ID:150016 Money:103118860 '2019-05-29 17:46:22'
	ID:150016 翻牌统计: 攻击次数:12,击杀次数:0,免伤次数:0,空卡次数:1,宝箱次数:1,普通怪次数:10,Boss怪次数:0,消耗:240 收益:110 返回率:0.458333;
	ID:150016 BOXID:100	攻击次数:4,击杀次数:1,免伤次数:0,消耗:80,收益:110,单次最大盈利:110 单次时间:2019-05-29 17:45:45;
	ID:150016 BOXID:101	攻击次数:3,击杀次数:0,免伤次数:0,消耗:60,收益:0,单次最大盈利:0 单次时间:1970-01-01 08:00:00;
	ID:150016 BOXID:102	攻击次数:5,击杀次数:0,免伤次数:0,消耗:100,收益:0,单次最大盈利:0 单次时间:1970-01-01 08:00:00;
	ID:150016 MONSTERID:300	攻击次数:1,免伤次数:0,击杀次数:1,消耗:20,收益:20,单次最大盈利:20 单次时间:2019-05-29 17:45:46;
	ID:150016 MONSTERID:301	攻击次数:1,免伤次数:0,击杀次数:1,消耗:20,收益:20,单次最大盈利:20 单次时间:2019-05-29 17:45:43;
	ID:150016 MONSTERID:302	攻击次数:1,免伤次数:0,击杀次数:1,消耗:20,收益:60,单次最大盈利:60 单次时间:2019-05-29 17:45:45;
	ID:150016 MONSTERID:307	攻击次数:3,免伤次数:0,击杀次数:1,消耗:60,收益:150,单次最大盈利:150 单次时间:2019-05-29 17:45:45;
	ID:150016 ALLMONSTERID 消耗:120,收益:250,返回率:2.083333;
	ID:150016 过敏源剧情 消耗:4940,收益:1100,返回率:0.222672;
	ID:150016 过敏源剧情 消耗:0,收益:0,返回率:0.000000;
2019/05/29 17:48:00.209000 git.huoys.com/qp/cells/module/room/logic/storysys/allergen.(*Allergen).CalcSettle 322 Info: Allergen Settle uid:150016 entermoney:103118560 2019-05-29_17_47_25 lockratio:10 totaltimes:110 consume:20 groupindex:14 group:{Weight:20 Detail:[1 1 0 0 1] RewardTimes:110} attack:0-400,1-500,2-0,3-0,4-200, reward:1100 levemoney:103119660 2019-05-29_17_48_00
2019/05/29 17:48:52.629000 git.huoys.com/qp/cells/module/room/logic/storysys/allergen.(*Allergen).CalcSettle 322 Info: Allergen Settle uid:150016 entermoney:103119620 2019-05-29_17_48_16 lockratio:10 totaltimes:220 consume:20 groupindex:28 group:{Weight:40 Detail:[1 1 1 1 0] RewardTimes:220} attack:0-400,1-500,2-600,3-700,4-0, reward:2200 levemoney:103121820 2019-05-29_17_48_52
2019/05/29 17:49:20.647000 git.huoys.com/qp/cells/game_trace.LogSettle 504 Info: 	 单局结算 uid:150016 剩余金币:103121280 消耗:1860 收益:4280 写分增量:2420 阵容变化:[201,200,202,],[201,200,202,],[201,200,202,],[201,200,202,],[201,200,202,],[201,200,202,],[201,200,202,],[201,200,202,],[201,200,202,], 
2019/05/29 17:49:51.994000 git.huoys.com/qp/cells/module/room/logic/storysys/allergen.(*Allergen).CalcSettle 322 Info: Allergen Settle uid:150016 entermoney:103121280 2019-05-29_17_49_12 lockratio:10 totaltimes:90 consume:20 groupindex:16 group:{Weight:20 Detail:[0 1 1 0 1] RewardTimes:90} attack:0-0,1-200,2-500,3-0,4-200, reward:900 levemoney:103122180 2019-05-29_17_49_51
2019/05/29 17:50:31.545000 git.huoys.com/qp/cells/module/room/logic/storysys/allergen.(*Allergen).CalcSettle 322 Info: Allergen Settle uid:150016 entermoney:103121240 2019-05-29_17_50_12 lockratio:10 totaltimes:130 consume:20 groupindex:25 group:{Weight:30 Detail:[0 1 1 1 0] RewardTimes:130} attack:0-0,1-200,2-500,3-600,4-0, reward:1300 levemoney:103122540 2019-05-29_17_50_31
2019/05/29 17:51:09.162000 git.huoys.com/qp/cells/module/room/logic/storysys/allergen.(*Allergen).CalcSettle 322 Info: Allergen Settle uid:150016 entermoney:103121730 2019-05-29_17_50_53 lockratio:10 totaltimes:60 consume:20 groupindex:5 group:{Weight:2 Detail:[1 0 1 0 0] RewardTimes:60} attack:0-400,1-0,2-200,3-0,4-0, reward:600 levemoney:103122330 2019-05-29_17_51_09
2019/05/29 17:51:22.653000 git.huoys.com/qp/cells/game_trace.LogSettle 504 Info: 	 单局结算 uid:150016 剩余金币:103122130 消耗:2740 收益:3590 写分增量:850 阵容变化:[201,200,202,],[201,200,202,],[201,200,202,],[201,200,202,],[201,200,202,],[201,200,202,],[201,200,202,],[201,200,202,],[201,200,202,],[201,200,202,], 
2019/05/29 17:51:45.064000 git.huoys.com/qp/cells/module/room/logic/storysys/allergen.(*Allergen).CalcSettle 322 Info: Allergen Settle uid:150016 entermoney:103121950 2019-05-29_17_51_25 lockratio:10 totaltimes:220 consume:20 groupindex:28 group:{Weight:40 Detail:[1 1 1 1 0] RewardTimes:220} attack:0-400,1-500,2-600,3-700,4-0, reward:2200 levemoney:103124150 2019-05-29_17_51_45
2019/05/29 17:52:12.615000 git.huoys.com/qp/cells/game_trace.LogSettle 504 Info: 	 单局结算 uid:150016 剩余金币:103124310 消耗:600 收益:2780 写分增量:2180 阵容变化:[201,200,202,],[201,200,202,],[201,200,202,],[201,200,202,], 
2019/05/29 17:52:13.686000 git.huoys.com/qp/cells/game_trace.LeaveGame 489 Info: 
Enter=>ID:150016 Money:103118860 '2019-05-29 17:47:17'
Match=>ID :150016 玩家消耗金额:-5200 玩家赢取金额:+10650 返还率:2.048077 单个最高的结算金额:700 从进入到退出之间的最大余额:103124350
Leave=>ID:150016 Money:103124310 '2019-05-29 17:52:13'
	ID:150016 翻牌统计: 攻击次数:72,击杀次数:0,免伤次数:0,空卡次数:10,宝箱次数:7,普通怪次数:53,Boss怪次数:2,消耗:1440 收益:1280 返回率:0.888889;
	ID:150016 BOXID:100	攻击次数:31,击杀次数:4,免伤次数:0,消耗:620,收益:560,单次最大盈利:200 单次时间:2019-05-29 17:48:15;
	ID:150016 BOXID:101	攻击次数:32,击杀次数:3,免伤次数:0,消耗:640,收益:720,单次最大盈利:290 单次时间:2019-05-29 17:50:06;
	ID:150016 BOXID:102	攻击次数:9,击杀次数:0,免伤次数:0,消耗:180,收益:0,单次最大盈利:0 单次时间:1970-01-01 08:00:00;
	ID:150016 MONSTERID:300	攻击次数:2,免伤次数:0,击杀次数:1,消耗:40,收益:40,单次最大盈利:40 单次时间:2019-05-29 17:51:24;
	ID:150016 MONSTERID:301	攻击次数:4,免伤次数:0,击杀次数:3,消耗:80,收益:70,单次最大盈利:30 单次时间:2019-05-29 17:51:59;
	ID:150016 MONSTERID:302	攻击次数:9,免伤次数:0,击杀次数:5,消耗:180,收益:190,单次最大盈利:60 单次时间:2019-05-29 17:48:13;
	ID:150016 MONSTERID:303	攻击次数:4,免伤次数:0,击杀次数:2,消耗:80,收益:150,单次最大盈利:80 单次时间:2019-05-29 17:51:58;
	ID:150016 MONSTERID:305	攻击次数:10,免伤次数:0,击杀次数:2,消耗:200,收益:160,单次最大盈利:100 单次时间:2019-05-29 17:48:14;
	ID:150016 MONSTERID:306	攻击次数:14,免伤次数:0,击杀次数:2,消耗:280,收益:260,单次最大盈利:140 单次时间:2019-05-29 17:50:45;
	ID:150016 MONSTERID:307	攻击次数:3,免伤次数:0,击杀次数:1,消耗:60,收益:200,单次最大盈利:200 单次时间:2019-05-29 17:49:06;
	ID:150016 MONSTERID:315	攻击次数:10,免伤次数:0,击杀次数:0,消耗:200,收益:0,单次最大盈利:0 单次时间:1970-01-01 08:00:00;
	ID:150016 ALLMONSTERID 消耗:1120,收益:1070,返回率:0.955357;
	ID:150016 过敏源剧情 消耗:2640,收益:8300,返回率:3.143939;
	ID:150016 过敏源剧情 消耗:0,收益:0,返回率:0.000000;
