2019/05/29 00:21:35.989000 git.huoys.com/qp/cells/game_trace.polling 557 Info: log money polling....
	全局统计 翻牌统计: 攻击次数:0,击杀次数:0,免伤次数:0,空卡次数:0,宝箱次数:0,普通怪次数:0,Boss怪次数:0,消耗:0 收益:0 返回率:0.000000;
	全局统计 ALLMONSTERID 消耗:0,收益:0,返回率:0.000000;
	全局统计 过敏源剧情 消耗:0,收益:0,返回率:0.000000;
	全局统计 总输赢:0 总消耗:-0 总收益:+0 总免伤次数:0 总免伤:0 返回率:0.000000 时间:2019-05-29_00_21_35
2019/05/29 00:51:36.014000 git.huoys.com/qp/cells/game_trace.polling 557 Info: log money polling....
	全局统计 翻牌统计: 攻击次数:0,击杀次数:0,免伤次数:0,空卡次数:0,宝箱次数:0,普通怪次数:0,Boss怪次数:0,消耗:0 收益:0 返回率:0.000000;
	全局统计 ALLMONSTERID 消耗:0,收益:0,返回率:0.000000;
	全局统计 过敏源剧情 消耗:0,收益:0,返回率:0.000000;
	全局统计 总输赢:0 总消耗:-0 总收益:+0 总免伤次数:0 总免伤:0 返回率:0.000000 时间:2019-05-29_00_51_36
2019/05/29 01:21:36.040000 git.huoys.com/qp/cells/game_trace.polling 557 Info: log money polling....
	全局统计 翻牌统计: 攻击次数:0,击杀次数:0,免伤次数:0,空卡次数:0,宝箱次数:0,普通怪次数:0,Boss怪次数:0,消耗:0 收益:0 返回率:0.000000;
	全局统计 ALLMONSTERID 消耗:0,收益:0,返回率:0.000000;
	全局统计 过敏源剧情 消耗:0,收益:0,返回率:0.000000;
	全局统计 总输赢:0 总消耗:-0 总收益:+0 总免伤次数:0 总免伤:0 返回率:0.000000 时间:2019-05-29_01_21_36
2019/05/29 01:51:36.063000 git.huoys.com/qp/cells/game_trace.polling 557 Info: log money polling....
	全局统计 翻牌统计: 攻击次数:0,击杀次数:0,免伤次数:0,空卡次数:0,宝箱次数:0,普通怪次数:0,Boss怪次数:0,消耗:0 收益:0 返回率:0.000000;
	全局统计 ALLMONSTERID 消耗:0,收益:0,返回率:0.000000;
	全局统计 过敏源剧情 消耗:0,收益:0,返回率:0.000000;
	全局统计 总输赢:0 总消耗:-0 总收益:+0 总免伤次数:0 总免伤:0 返回率:0.000000 时间:2019-05-29_01_51_36
2019/05/29 02:21:36.096000 git.huoys.com/qp/cells/game_trace.polling 557 Info: log money polling....
	全局统计 翻牌统计: 攻击次数:0,击杀次数:0,免伤次数:0,空卡次数:0,宝箱次数:0,普通怪次数:0,Boss怪次数:0,消耗:0 收益:0 返回率:0.000000;
	全局统计 ALLMONSTERID 消耗:0,收益:0,返回率:0.000000;
	全局统计 过敏源剧情 消耗:0,收益:0,返回率:0.000000;
	全局统计 总输赢:0 总消耗:-0 总收益:+0 总免伤次数:0 总免伤:0 返回率:0.000000 时间:2019-05-29_02_21_36
2019/05/29 02:51:36.141000 git.huoys.com/qp/cells/game_trace.polling 557 Info: log money polling....
	全局统计 翻牌统计: 攻击次数:0,击杀次数:0,免伤次数:0,空卡次数:0,宝箱次数:0,普通怪次数:0,Boss怪次数:0,消耗:0 收益:0 返回率:0.000000;
	全局统计 ALLMONSTERID 消耗:0,收益:0,返回率:0.000000;
	全局统计 过敏源剧情 消耗:0,收益:0,返回率:0.000000;
	全局统计 总输赢:0 总消耗:-0 总收益:+0 总免伤次数:0 总免伤:0 返回率:0.000000 时间:2019-05-29_02_51_36
2019/05/29 03:21:36.168000 git.huoys.com/qp/cells/game_trace.polling 557 Info: log money polling....
	全局统计 翻牌统计: 攻击次数:0,击杀次数:0,免伤次数:0,空卡次数:0,宝箱次数:0,普通怪次数:0,Boss怪次数:0,消耗:0 收益:0 返回率:0.000000;
	全局统计 ALLMONSTERID 消耗:0,收益:0,返回率:0.000000;
	全局统计 过敏源剧情 消耗:0,收益:0,返回率:0.000000;
	全局统计 总输赢:0 总消耗:-0 总收益:+0 总免伤次数:0 总免伤:0 返回率:0.000000 时间:2019-05-29_03_21_36
2019/05/29 03:51:36.175000 git.huoys.com/qp/cells/game_trace.polling 557 Info: log money polling....
	全局统计 翻牌统计: 攻击次数:0,击杀次数:0,免伤次数:0,空卡次数:0,宝箱次数:0,普通怪次数:0,Boss怪次数:0,消耗:0 收益:0 返回率:0.000000;
	全局统计 ALLMONSTERID 消耗:0,收益:0,返回率:0.000000;
	全局统计 过敏源剧情 消耗:0,收益:0,返回率:0.000000;
	全局统计 总输赢:0 总消耗:-0 总收益:+0 总免伤次数:0 总免伤:0 返回率:0.000000 时间:2019-05-29_03_51_36
2019/05/29 04:21:36.184000 git.huoys.com/qp/cells/game_trace.polling 557 Info: log money polling....
	全局统计 翻牌统计: 攻击次数:0,击杀次数:0,免伤次数:0,空卡次数:0,宝箱次数:0,普通怪次数:0,Boss怪次数:0,消耗:0 收益:0 返回率:0.000000;
	全局统计 ALLMONSTERID 消耗:0,收益:0,返回率:0.000000;
	全局统计 过敏源剧情 消耗:0,收益:0,返回率:0.000000;
	全局统计 总输赢:0 总消耗:-0 总收益:+0 总免伤次数:0 总免伤:0 返回率:0.000000 时间:2019-05-29_04_21_36
2019/05/29 04:51:36.195000 git.huoys.com/qp/cells/game_trace.polling 557 Info: log money polling....
	全局统计 翻牌统计: 攻击次数:0,击杀次数:0,免伤次数:0,空卡次数:0,宝箱次数:0,普通怪次数:0,Boss怪次数:0,消耗:0 收益:0 返回率:0.000000;
	全局统计 ALLMONSTERID 消耗:0,收益:0,返回率:0.000000;
	全局统计 过敏源剧情 消耗:0,收益:0,返回率:0.000000;
	全局统计 总输赢:0 总消耗:-0 总收益:+0 总免伤次数:0 总免伤:0 返回率:0.000000 时间:2019-05-29_04_51_36
2019/05/29 05:21:36.218000 git.huoys.com/qp/cells/game_trace.polling 557 Info: log money polling....
	全局统计 翻牌统计: 攻击次数:0,击杀次数:0,免伤次数:0,空卡次数:0,宝箱次数:0,普通怪次数:0,Boss怪次数:0,消耗:0 收益:0 返回率:0.000000;
	全局统计 ALLMONSTERID 消耗:0,收益:0,返回率:0.000000;
	全局统计 过敏源剧情 消耗:0,收益:0,返回率:0.000000;
	全局统计 总输赢:0 总消耗:-0 总收益:+0 总免伤次数:0 总免伤:0 返回率:0.000000 时间:2019-05-29_05_21_36
2019/05/29 05:51:36.245000 git.huoys.com/qp/cells/game_trace.polling 557 Info: log money polling....
	全局统计 翻牌统计: 攻击次数:0,击杀次数:0,免伤次数:0,空卡次数:0,宝箱次数:0,普通怪次数:0,Boss怪次数:0,消耗:0 收益:0 返回率:0.000000;
	全局统计 ALLMONSTERID 消耗:0,收益:0,返回率:0.000000;
	全局统计 过敏源剧情 消耗:0,收益:0,返回率:0.000000;
	全局统计 总输赢:0 总消耗:-0 总收益:+0 总免伤次数:0 总免伤:0 返回率:0.000000 时间:2019-05-29_05_51_36
2019/05/29 06:21:36.265000 git.huoys.com/qp/cells/game_trace.polling 557 Info: log money polling....
	全局统计 翻牌统计: 攻击次数:0,击杀次数:0,免伤次数:0,空卡次数:0,宝箱次数:0,普通怪次数:0,Boss怪次数:0,消耗:0 收益:0 返回率:0.000000;
	全局统计 ALLMONSTERID 消耗:0,收益:0,返回率:0.000000;
	全局统计 过敏源剧情 消耗:0,收益:0,返回率:0.000000;
	全局统计 总输赢:0 总消耗:-0 总收益:+0 总免伤次数:0 总免伤:0 返回率:0.000000 时间:2019-05-29_06_21_36
2019/05/29 06:51:36.292000 git.huoys.com/qp/cells/game_trace.polling 557 Info: log money polling....
	全局统计 翻牌统计: 攻击次数:0,击杀次数:0,免伤次数:0,空卡次数:0,宝箱次数:0,普通怪次数:0,Boss怪次数:0,消耗:0 收益:0 返回率:0.000000;
	全局统计 ALLMONSTERID 消耗:0,收益:0,返回率:0.000000;
	全局统计 过敏源剧情 消耗:0,收益:0,返回率:0.000000;
	全局统计 总输赢:0 总消耗:-0 总收益:+0 总免伤次数:0 总免伤:0 返回率:0.000000 时间:2019-05-29_06_51_36
2019/05/29 07:21:36.313000 git.huoys.com/qp/cells/game_trace.polling 557 Info: log money polling....
	全局统计 翻牌统计: 攻击次数:0,击杀次数:0,免伤次数:0,空卡次数:0,宝箱次数:0,普通怪次数:0,Boss怪次数:0,消耗:0 收益:0 返回率:0.000000;
	全局统计 ALLMONSTERID 消耗:0,收益:0,返回率:0.000000;
	全局统计 过敏源剧情 消耗:0,收益:0,返回率:0.000000;
	全局统计 总输赢:0 总消耗:-0 总收益:+0 总免伤次数:0 总免伤:0 返回率:0.000000 时间:2019-05-29_07_21_36
2019/05/29 07:51:36.328000 git.huoys.com/qp/cells/game_trace.polling 557 Info: log money polling....
	全局统计 翻牌统计: 攻击次数:0,击杀次数:0,免伤次数:0,空卡次数:0,宝箱次数:0,普通怪次数:0,Boss怪次数:0,消耗:0 收益:0 返回率:0.000000;
	全局统计 ALLMONSTERID 消耗:0,收益:0,返回率:0.000000;
	全局统计 过敏源剧情 消耗:0,收益:0,返回率:0.000000;
	全局统计 总输赢:0 总消耗:-0 总收益:+0 总免伤次数:0 总免伤:0 返回率:0.000000 时间:2019-05-29_07_51_36
2019/05/29 08:21:36.345000 git.huoys.com/qp/cells/game_trace.polling 557 Info: log money polling....
	全局统计 翻牌统计: 攻击次数:0,击杀次数:0,免伤次数:0,空卡次数:0,宝箱次数:0,普通怪次数:0,Boss怪次数:0,消耗:0 收益:0 返回率:0.000000;
	全局统计 ALLMONSTERID 消耗:0,收益:0,返回率:0.000000;
	全局统计 过敏源剧情 消耗:0,收益:0,返回率:0.000000;
	全局统计 总输赢:0 总消耗:-0 总收益:+0 总免伤次数:0 总免伤:0 返回率:0.000000 时间:2019-05-29_08_21_36
2019/05/29 08:51:36.382000 git.huoys.com/qp/cells/game_trace.polling 557 Info: log money polling....
	全局统计 翻牌统计: 攻击次数:0,击杀次数:0,免伤次数:0,空卡次数:0,宝箱次数:0,普通怪次数:0,Boss怪次数:0,消耗:0 收益:0 返回率:0.000000;
	全局统计 ALLMONSTERID 消耗:0,收益:0,返回率:0.000000;
	全局统计 过敏源剧情 消耗:0,收益:0,返回率:0.000000;
	全局统计 总输赢:0 总消耗:-0 总收益:+0 总免伤次数:0 总免伤:0 返回率:0.000000 时间:2019-05-29_08_51_36
2019/05/29 09:21:36.389000 git.huoys.com/qp/cells/game_trace.polling 557 Info: log money polling....
	全局统计 翻牌统计: 攻击次数:0,击杀次数:0,免伤次数:0,空卡次数:0,宝箱次数:0,普通怪次数:0,Boss怪次数:0,消耗:0 收益:0 返回率:0.000000;
	全局统计 ALLMONSTERID 消耗:0,收益:0,返回率:0.000000;
	全局统计 过敏源剧情 消耗:0,收益:0,返回率:0.000000;
	全局统计 总输赢:0 总消耗:-0 总收益:+0 总免伤次数:0 总免伤:0 返回率:0.000000 时间:2019-05-29_09_21_36
2019/05/29 09:51:36.426000 git.huoys.com/qp/cells/game_trace.polling 557 Info: log money polling....
	全局统计 翻牌统计: 攻击次数:0,击杀次数:0,免伤次数:0,空卡次数:0,宝箱次数:0,普通怪次数:0,Boss怪次数:0,消耗:0 收益:0 返回率:0.000000;
	全局统计 ALLMONSTERID 消耗:0,收益:0,返回率:0.000000;
	全局统计 过敏源剧情 消耗:0,收益:0,返回率:0.000000;
	全局统计 总输赢:0 总消耗:-0 总收益:+0 总免伤次数:0 总免伤:0 返回率:0.000000 时间:2019-05-29_09_51_36
