2019/05/26 00:02:13.175000 git.huoys.com/qp/cells/game_trace.polling 557 Info: log money polling....
	全局统计 翻牌统计: 攻击次数:0,击杀次数:0,免伤次数:0,空卡次数:0,宝箱次数:0,普通怪次数:0,Boss怪次数:0,消耗:0 收益:0 返回率:0.000000;
	全局统计 ALLMONSTERID 消耗:0,收益:0,返回率:0.000000;
	全局统计 过敏源剧情 消耗:0,收益:0,返回率:0.000000;
	全局统计 总输赢:0 总消耗:-0 总收益:+0 总免伤次数:0 总免伤:0 返回率:0.000000 时间:2019-05-26_00_02_13
2019/05/26 00:32:13.236000 git.huoys.com/qp/cells/game_trace.polling 557 Info: log money polling....
	全局统计 翻牌统计: 攻击次数:0,击杀次数:0,免伤次数:0,空卡次数:0,宝箱次数:0,普通怪次数:0,Boss怪次数:0,消耗:0 收益:0 返回率:0.000000;
	全局统计 ALLMONSTERID 消耗:0,收益:0,返回率:0.000000;
	全局统计 过敏源剧情 消耗:0,收益:0,返回率:0.000000;
	全局统计 总输赢:0 总消耗:-0 总收益:+0 总免伤次数:0 总免伤:0 返回率:0.000000 时间:2019-05-26_00_32_13
2019/05/26 01:02:05.951000 git.huoys.com/qp/cells/game_trace.polling 557 Info: log money polling....
	全局统计 翻牌统计: 攻击次数:0,击杀次数:0,免伤次数:0,空卡次数:0,宝箱次数:0,普通怪次数:0,Boss怪次数:0,消耗:0 收益:0 返回率:0.000000;
	全局统计 ALLMONSTERID 消耗:0,收益:0,返回率:0.000000;
	全局统计 过敏源剧情 消耗:0,收益:0,返回率:0.000000;
	全局统计 总输赢:0 总消耗:-0 总收益:+0 总免伤次数:0 总免伤:0 返回率:0.000000 时间:2019-05-26_01_02_05
2019/05/26 01:32:06.004000 git.huoys.com/qp/cells/game_trace.polling 557 Info: log money polling....
	全局统计 翻牌统计: 攻击次数:0,击杀次数:0,免伤次数:0,空卡次数:0,宝箱次数:0,普通怪次数:0,Boss怪次数:0,消耗:0 收益:0 返回率:0.000000;
	全局统计 ALLMONSTERID 消耗:0,收益:0,返回率:0.000000;
	全局统计 过敏源剧情 消耗:0,收益:0,返回率:0.000000;
	全局统计 总输赢:0 总消耗:-0 总收益:+0 总免伤次数:0 总免伤:0 返回率:0.000000 时间:2019-05-26_01_32_06
2019/05/26 02:02:06.034000 git.huoys.com/qp/cells/game_trace.polling 557 Info: log money polling....
	全局统计 翻牌统计: 攻击次数:0,击杀次数:0,免伤次数:0,空卡次数:0,宝箱次数:0,普通怪次数:0,Boss怪次数:0,消耗:0 收益:0 返回率:0.000000;
	全局统计 ALLMONSTERID 消耗:0,收益:0,返回率:0.000000;
	全局统计 过敏源剧情 消耗:0,收益:0,返回率:0.000000;
	全局统计 总输赢:0 总消耗:-0 总收益:+0 总免伤次数:0 总免伤:0 返回率:0.000000 时间:2019-05-26_02_02_06
2019/05/26 02:32:06.071000 git.huoys.com/qp/cells/game_trace.polling 557 Info: log money polling....
	全局统计 翻牌统计: 攻击次数:0,击杀次数:0,免伤次数:0,空卡次数:0,宝箱次数:0,普通怪次数:0,Boss怪次数:0,消耗:0 收益:0 返回率:0.000000;
	全局统计 ALLMONSTERID 消耗:0,收益:0,返回率:0.000000;
	全局统计 过敏源剧情 消耗:0,收益:0,返回率:0.000000;
	全局统计 总输赢:0 总消耗:-0 总收益:+0 总免伤次数:0 总免伤:0 返回率:0.000000 时间:2019-05-26_02_32_06
2019/05/26 03:02:06.118000 git.huoys.com/qp/cells/game_trace.polling 557 Info: log money polling....
	全局统计 翻牌统计: 攻击次数:0,击杀次数:0,免伤次数:0,空卡次数:0,宝箱次数:0,普通怪次数:0,Boss怪次数:0,消耗:0 收益:0 返回率:0.000000;
	全局统计 ALLMONSTERID 消耗:0,收益:0,返回率:0.000000;
	全局统计 过敏源剧情 消耗:0,收益:0,返回率:0.000000;
	全局统计 总输赢:0 总消耗:-0 总收益:+0 总免伤次数:0 总免伤:0 返回率:0.000000 时间:2019-05-26_03_02_06
2019/05/26 03:32:06.173000 git.huoys.com/qp/cells/game_trace.polling 557 Info: log money polling....
	全局统计 翻牌统计: 攻击次数:0,击杀次数:0,免伤次数:0,空卡次数:0,宝箱次数:0,普通怪次数:0,Boss怪次数:0,消耗:0 收益:0 返回率:0.000000;
	全局统计 ALLMONSTERID 消耗:0,收益:0,返回率:0.000000;
	全局统计 过敏源剧情 消耗:0,收益:0,返回率:0.000000;
	全局统计 总输赢:0 总消耗:-0 总收益:+0 总免伤次数:0 总免伤:0 返回率:0.000000 时间:2019-05-26_03_32_06
2019/05/26 04:02:06.221000 git.huoys.com/qp/cells/game_trace.polling 557 Info: log money polling....
	全局统计 翻牌统计: 攻击次数:0,击杀次数:0,免伤次数:0,空卡次数:0,宝箱次数:0,普通怪次数:0,Boss怪次数:0,消耗:0 收益:0 返回率:0.000000;
	全局统计 ALLMONSTERID 消耗:0,收益:0,返回率:0.000000;
	全局统计 过敏源剧情 消耗:0,收益:0,返回率:0.000000;
	全局统计 总输赢:0 总消耗:-0 总收益:+0 总免伤次数:0 总免伤:0 返回率:0.000000 时间:2019-05-26_04_02_06
2019/05/26 04:32:06.291000 git.huoys.com/qp/cells/game_trace.polling 557 Info: log money polling....
	全局统计 翻牌统计: 攻击次数:0,击杀次数:0,免伤次数:0,空卡次数:0,宝箱次数:0,普通怪次数:0,Boss怪次数:0,消耗:0 收益:0 返回率:0.000000;
	全局统计 ALLMONSTERID 消耗:0,收益:0,返回率:0.000000;
	全局统计 过敏源剧情 消耗:0,收益:0,返回率:0.000000;
	全局统计 总输赢:0 总消耗:-0 总收益:+0 总免伤次数:0 总免伤:0 返回率:0.000000 时间:2019-05-26_04_32_06
2019/05/26 05:02:06.324000 git.huoys.com/qp/cells/game_trace.polling 557 Info: log money polling....
	全局统计 翻牌统计: 攻击次数:0,击杀次数:0,免伤次数:0,空卡次数:0,宝箱次数:0,普通怪次数:0,Boss怪次数:0,消耗:0 收益:0 返回率:0.000000;
	全局统计 ALLMONSTERID 消耗:0,收益:0,返回率:0.000000;
	全局统计 过敏源剧情 消耗:0,收益:0,返回率:0.000000;
	全局统计 总输赢:0 总消耗:-0 总收益:+0 总免伤次数:0 总免伤:0 返回率:0.000000 时间:2019-05-26_05_02_06
2019/05/26 05:32:06.368000 git.huoys.com/qp/cells/game_trace.polling 557 Info: log money polling....
	全局统计 翻牌统计: 攻击次数:0,击杀次数:0,免伤次数:0,空卡次数:0,宝箱次数:0,普通怪次数:0,Boss怪次数:0,消耗:0 收益:0 返回率:0.000000;
	全局统计 ALLMONSTERID 消耗:0,收益:0,返回率:0.000000;
	全局统计 过敏源剧情 消耗:0,收益:0,返回率:0.000000;
	全局统计 总输赢:0 总消耗:-0 总收益:+0 总免伤次数:0 总免伤:0 返回率:0.000000 时间:2019-05-26_05_32_06
2019/05/26 06:02:06.414000 git.huoys.com/qp/cells/game_trace.polling 557 Info: log money polling....
	全局统计 翻牌统计: 攻击次数:0,击杀次数:0,免伤次数:0,空卡次数:0,宝箱次数:0,普通怪次数:0,Boss怪次数:0,消耗:0 收益:0 返回率:0.000000;
	全局统计 ALLMONSTERID 消耗:0,收益:0,返回率:0.000000;
	全局统计 过敏源剧情 消耗:0,收益:0,返回率:0.000000;
	全局统计 总输赢:0 总消耗:-0 总收益:+0 总免伤次数:0 总免伤:0 返回率:0.000000 时间:2019-05-26_06_02_06
2019/05/26 06:32:06.475000 git.huoys.com/qp/cells/game_trace.polling 557 Info: log money polling....
	全局统计 翻牌统计: 攻击次数:0,击杀次数:0,免伤次数:0,空卡次数:0,宝箱次数:0,普通怪次数:0,Boss怪次数:0,消耗:0 收益:0 返回率:0.000000;
	全局统计 ALLMONSTERID 消耗:0,收益:0,返回率:0.000000;
	全局统计 过敏源剧情 消耗:0,收益:0,返回率:0.000000;
	全局统计 总输赢:0 总消耗:-0 总收益:+0 总免伤次数:0 总免伤:0 返回率:0.000000 时间:2019-05-26_06_32_06
2019/05/26 07:02:06.503000 git.huoys.com/qp/cells/game_trace.polling 557 Info: log money polling....
	全局统计 翻牌统计: 攻击次数:0,击杀次数:0,免伤次数:0,空卡次数:0,宝箱次数:0,普通怪次数:0,Boss怪次数:0,消耗:0 收益:0 返回率:0.000000;
	全局统计 ALLMONSTERID 消耗:0,收益:0,返回率:0.000000;
	全局统计 过敏源剧情 消耗:0,收益:0,返回率:0.000000;
	全局统计 总输赢:0 总消耗:-0 总收益:+0 总免伤次数:0 总免伤:0 返回率:0.000000 时间:2019-05-26_07_02_06
2019/05/26 07:32:06.541000 git.huoys.com/qp/cells/game_trace.polling 557 Info: log money polling....
	全局统计 翻牌统计: 攻击次数:0,击杀次数:0,免伤次数:0,空卡次数:0,宝箱次数:0,普通怪次数:0,Boss怪次数:0,消耗:0 收益:0 返回率:0.000000;
	全局统计 ALLMONSTERID 消耗:0,收益:0,返回率:0.000000;
	全局统计 过敏源剧情 消耗:0,收益:0,返回率:0.000000;
	全局统计 总输赢:0 总消耗:-0 总收益:+0 总免伤次数:0 总免伤:0 返回率:0.000000 时间:2019-05-26_07_32_06
2019/05/26 08:02:06.593000 git.huoys.com/qp/cells/game_trace.polling 557 Info: log money polling....
	全局统计 翻牌统计: 攻击次数:0,击杀次数:0,免伤次数:0,空卡次数:0,宝箱次数:0,普通怪次数:0,Boss怪次数:0,消耗:0 收益:0 返回率:0.000000;
	全局统计 ALLMONSTERID 消耗:0,收益:0,返回率:0.000000;
	全局统计 过敏源剧情 消耗:0,收益:0,返回率:0.000000;
	全局统计 总输赢:0 总消耗:-0 总收益:+0 总免伤次数:0 总免伤:0 返回率:0.000000 时间:2019-05-26_08_02_06
2019/05/26 08:32:06.641000 git.huoys.com/qp/cells/game_trace.polling 557 Info: log money polling....
	全局统计 翻牌统计: 攻击次数:0,击杀次数:0,免伤次数:0,空卡次数:0,宝箱次数:0,普通怪次数:0,Boss怪次数:0,消耗:0 收益:0 返回率:0.000000;
	全局统计 ALLMONSTERID 消耗:0,收益:0,返回率:0.000000;
	全局统计 过敏源剧情 消耗:0,收益:0,返回率:0.000000;
	全局统计 总输赢:0 总消耗:-0 总收益:+0 总免伤次数:0 总免伤:0 返回率:0.000000 时间:2019-05-26_08_32_06
2019/05/26 09:02:06.678000 git.huoys.com/qp/cells/game_trace.polling 557 Info: log money polling....
	全局统计 翻牌统计: 攻击次数:0,击杀次数:0,免伤次数:0,空卡次数:0,宝箱次数:0,普通怪次数:0,Boss怪次数:0,消耗:0 收益:0 返回率:0.000000;
	全局统计 ALLMONSTERID 消耗:0,收益:0,返回率:0.000000;
	全局统计 过敏源剧情 消耗:0,收益:0,返回率:0.000000;
	全局统计 总输赢:0 总消耗:-0 总收益:+0 总免伤次数:0 总免伤:0 返回率:0.000000 时间:2019-05-26_09_02_06
2019/05/26 09:32:06.743000 git.huoys.com/qp/cells/game_trace.polling 557 Info: log money polling....
	全局统计 翻牌统计: 攻击次数:0,击杀次数:0,免伤次数:0,空卡次数:0,宝箱次数:0,普通怪次数:0,Boss怪次数:0,消耗:0 收益:0 返回率:0.000000;
	全局统计 ALLMONSTERID 消耗:0,收益:0,返回率:0.000000;
	全局统计 过敏源剧情 消耗:0,收益:0,返回率:0.000000;
	全局统计 总输赢:0 总消耗:-0 总收益:+0 总免伤次数:0 总免伤:0 返回率:0.000000 时间:2019-05-26_09_32_06
2019/05/26 10:02:06.792000 git.huoys.com/qp/cells/game_trace.polling 557 Info: log money polling....
	全局统计 翻牌统计: 攻击次数:0,击杀次数:0,免伤次数:0,空卡次数:0,宝箱次数:0,普通怪次数:0,Boss怪次数:0,消耗:0 收益:0 返回率:0.000000;
	全局统计 ALLMONSTERID 消耗:0,收益:0,返回率:0.000000;
	全局统计 过敏源剧情 消耗:0,收益:0,返回率:0.000000;
	全局统计 总输赢:0 总消耗:-0 总收益:+0 总免伤次数:0 总免伤:0 返回率:0.000000 时间:2019-05-26_10_02_06
2019/05/26 10:32:06.841000 git.huoys.com/qp/cells/game_trace.polling 557 Info: log money polling....
	全局统计 翻牌统计: 攻击次数:0,击杀次数:0,免伤次数:0,空卡次数:0,宝箱次数:0,普通怪次数:0,Boss怪次数:0,消耗:0 收益:0 返回率:0.000000;
	全局统计 ALLMONSTERID 消耗:0,收益:0,返回率:0.000000;
	全局统计 过敏源剧情 消耗:0,收益:0,返回率:0.000000;
	全局统计 总输赢:0 总消耗:-0 总收益:+0 总免伤次数:0 总免伤:0 返回率:0.000000 时间:2019-05-26_10_32_06
2019/05/26 11:02:06.883000 git.huoys.com/qp/cells/game_trace.polling 557 Info: log money polling....
	全局统计 翻牌统计: 攻击次数:0,击杀次数:0,免伤次数:0,空卡次数:0,宝箱次数:0,普通怪次数:0,Boss怪次数:0,消耗:0 收益:0 返回率:0.000000;
	全局统计 ALLMONSTERID 消耗:0,收益:0,返回率:0.000000;
	全局统计 过敏源剧情 消耗:0,收益:0,返回率:0.000000;
	全局统计 总输赢:0 总消耗:-0 总收益:+0 总免伤次数:0 总免伤:0 返回率:0.000000 时间:2019-05-26_11_02_06
2019/05/26 11:32:06.927000 git.huoys.com/qp/cells/game_trace.polling 557 Info: log money polling....
	全局统计 翻牌统计: 攻击次数:0,击杀次数:0,免伤次数:0,空卡次数:0,宝箱次数:0,普通怪次数:0,Boss怪次数:0,消耗:0 收益:0 返回率:0.000000;
	全局统计 ALLMONSTERID 消耗:0,收益:0,返回率:0.000000;
	全局统计 过敏源剧情 消耗:0,收益:0,返回率:0.000000;
	全局统计 总输赢:0 总消耗:-0 总收益:+0 总免伤次数:0 总免伤:0 返回率:0.000000 时间:2019-05-26_11_32_06
2019/05/26 12:02:06.959000 git.huoys.com/qp/cells/game_trace.polling 557 Info: log money polling....
	全局统计 翻牌统计: 攻击次数:0,击杀次数:0,免伤次数:0,空卡次数:0,宝箱次数:0,普通怪次数:0,Boss怪次数:0,消耗:0 收益:0 返回率:0.000000;
	全局统计 ALLMONSTERID 消耗:0,收益:0,返回率:0.000000;
	全局统计 过敏源剧情 消耗:0,收益:0,返回率:0.000000;
	全局统计 总输赢:0 总消耗:-0 总收益:+0 总免伤次数:0 总免伤:0 返回率:0.000000 时间:2019-05-26_12_02_06
2019/05/26 12:32:07.015000 git.huoys.com/qp/cells/game_trace.polling 557 Info: log money polling....
	全局统计 翻牌统计: 攻击次数:0,击杀次数:0,免伤次数:0,空卡次数:0,宝箱次数:0,普通怪次数:0,Boss怪次数:0,消耗:0 收益:0 返回率:0.000000;
	全局统计 ALLMONSTERID 消耗:0,收益:0,返回率:0.000000;
	全局统计 过敏源剧情 消耗:0,收益:0,返回率:0.000000;
	全局统计 总输赢:0 总消耗:-0 总收益:+0 总免伤次数:0 总免伤:0 返回率:0.000000 时间:2019-05-26_12_32_07
2019/05/26 13:02:07.050000 git.huoys.com/qp/cells/game_trace.polling 557 Info: log money polling....
	全局统计 翻牌统计: 攻击次数:0,击杀次数:0,免伤次数:0,空卡次数:0,宝箱次数:0,普通怪次数:0,Boss怪次数:0,消耗:0 收益:0 返回率:0.000000;
	全局统计 ALLMONSTERID 消耗:0,收益:0,返回率:0.000000;
	全局统计 过敏源剧情 消耗:0,收益:0,返回率:0.000000;
	全局统计 总输赢:0 总消耗:-0 总收益:+0 总免伤次数:0 总免伤:0 返回率:0.000000 时间:2019-05-26_13_02_07
2019/05/26 13:32:08.096000 git.huoys.com/qp/cells/game_trace.polling 557 Info: log money polling....
	全局统计 翻牌统计: 攻击次数:0,击杀次数:0,免伤次数:0,空卡次数:0,宝箱次数:0,普通怪次数:0,Boss怪次数:0,消耗:0 收益:0 返回率:0.000000;
	全局统计 ALLMONSTERID 消耗:0,收益:0,返回率:0.000000;
	全局统计 过敏源剧情 消耗:0,收益:0,返回率:0.000000;
	全局统计 总输赢:0 总消耗:-0 总收益:+0 总免伤次数:0 总免伤:0 返回率:0.000000 时间:2019-05-26_13_32_08
2019/05/26 14:02:07.137000 git.huoys.com/qp/cells/game_trace.polling 557 Info: log money polling....
	全局统计 翻牌统计: 攻击次数:0,击杀次数:0,免伤次数:0,空卡次数:0,宝箱次数:0,普通怪次数:0,Boss怪次数:0,消耗:0 收益:0 返回率:0.000000;
	全局统计 ALLMONSTERID 消耗:0,收益:0,返回率:0.000000;
	全局统计 过敏源剧情 消耗:0,收益:0,返回率:0.000000;
	全局统计 总输赢:0 总消耗:-0 总收益:+0 总免伤次数:0 总免伤:0 返回率:0.000000 时间:2019-05-26_14_02_07
2019/05/26 14:32:07.196000 git.huoys.com/qp/cells/game_trace.polling 557 Info: log money polling....
	全局统计 翻牌统计: 攻击次数:0,击杀次数:0,免伤次数:0,空卡次数:0,宝箱次数:0,普通怪次数:0,Boss怪次数:0,消耗:0 收益:0 返回率:0.000000;
	全局统计 ALLMONSTERID 消耗:0,收益:0,返回率:0.000000;
	全局统计 过敏源剧情 消耗:0,收益:0,返回率:0.000000;
	全局统计 总输赢:0 总消耗:-0 总收益:+0 总免伤次数:0 总免伤:0 返回率:0.000000 时间:2019-05-26_14_32_07
2019/05/26 15:02:08.245000 git.huoys.com/qp/cells/game_trace.polling 557 Info: log money polling....
	全局统计 翻牌统计: 攻击次数:0,击杀次数:0,免伤次数:0,空卡次数:0,宝箱次数:0,普通怪次数:0,Boss怪次数:0,消耗:0 收益:0 返回率:0.000000;
	全局统计 ALLMONSTERID 消耗:0,收益:0,返回率:0.000000;
	全局统计 过敏源剧情 消耗:0,收益:0,返回率:0.000000;
	全局统计 总输赢:0 总消耗:-0 总收益:+0 总免伤次数:0 总免伤:0 返回率:0.000000 时间:2019-05-26_15_02_08
2019/05/26 15:32:07.265000 git.huoys.com/qp/cells/game_trace.polling 557 Info: log money polling....
	全局统计 翻牌统计: 攻击次数:0,击杀次数:0,免伤次数:0,空卡次数:0,宝箱次数:0,普通怪次数:0,Boss怪次数:0,消耗:0 收益:0 返回率:0.000000;
	全局统计 ALLMONSTERID 消耗:0,收益:0,返回率:0.000000;
	全局统计 过敏源剧情 消耗:0,收益:0,返回率:0.000000;
	全局统计 总输赢:0 总消耗:-0 总收益:+0 总免伤次数:0 总免伤:0 返回率:0.000000 时间:2019-05-26_15_32_07
2019/05/26 16:02:07.313000 git.huoys.com/qp/cells/game_trace.polling 557 Info: log money polling....
	全局统计 翻牌统计: 攻击次数:0,击杀次数:0,免伤次数:0,空卡次数:0,宝箱次数:0,普通怪次数:0,Boss怪次数:0,消耗:0 收益:0 返回率:0.000000;
	全局统计 ALLMONSTERID 消耗:0,收益:0,返回率:0.000000;
	全局统计 过敏源剧情 消耗:0,收益:0,返回率:0.000000;
	全局统计 总输赢:0 总消耗:-0 总收益:+0 总免伤次数:0 总免伤:0 返回率:0.000000 时间:2019-05-26_16_02_07
2019/05/26 16:32:07.356000 git.huoys.com/qp/cells/game_trace.polling 557 Info: log money polling....
	全局统计 翻牌统计: 攻击次数:0,击杀次数:0,免伤次数:0,空卡次数:0,宝箱次数:0,普通怪次数:0,Boss怪次数:0,消耗:0 收益:0 返回率:0.000000;
	全局统计 ALLMONSTERID 消耗:0,收益:0,返回率:0.000000;
	全局统计 过敏源剧情 消耗:0,收益:0,返回率:0.000000;
	全局统计 总输赢:0 总消耗:-0 总收益:+0 总免伤次数:0 总免伤:0 返回率:0.000000 时间:2019-05-26_16_32_07
2019/05/26 17:02:08.395000 git.huoys.com/qp/cells/game_trace.polling 557 Info: log money polling....
	全局统计 翻牌统计: 攻击次数:0,击杀次数:0,免伤次数:0,空卡次数:0,宝箱次数:0,普通怪次数:0,Boss怪次数:0,消耗:0 收益:0 返回率:0.000000;
	全局统计 ALLMONSTERID 消耗:0,收益:0,返回率:0.000000;
	全局统计 过敏源剧情 消耗:0,收益:0,返回率:0.000000;
	全局统计 总输赢:0 总消耗:-0 总收益:+0 总免伤次数:0 总免伤:0 返回率:0.000000 时间:2019-05-26_17_02_08
2019/05/26 17:32:07.438000 git.huoys.com/qp/cells/game_trace.polling 557 Info: log money polling....
	全局统计 翻牌统计: 攻击次数:0,击杀次数:0,免伤次数:0,空卡次数:0,宝箱次数:0,普通怪次数:0,Boss怪次数:0,消耗:0 收益:0 返回率:0.000000;
	全局统计 ALLMONSTERID 消耗:0,收益:0,返回率:0.000000;
	全局统计 过敏源剧情 消耗:0,收益:0,返回率:0.000000;
	全局统计 总输赢:0 总消耗:-0 总收益:+0 总免伤次数:0 总免伤:0 返回率:0.000000 时间:2019-05-26_17_32_07
2019/05/26 18:02:07.475000 git.huoys.com/qp/cells/game_trace.polling 557 Info: log money polling....
	全局统计 翻牌统计: 攻击次数:0,击杀次数:0,免伤次数:0,空卡次数:0,宝箱次数:0,普通怪次数:0,Boss怪次数:0,消耗:0 收益:0 返回率:0.000000;
	全局统计 ALLMONSTERID 消耗:0,收益:0,返回率:0.000000;
	全局统计 过敏源剧情 消耗:0,收益:0,返回率:0.000000;
	全局统计 总输赢:0 总消耗:-0 总收益:+0 总免伤次数:0 总免伤:0 返回率:0.000000 时间:2019-05-26_18_02_07
2019/05/26 18:32:07.526000 git.huoys.com/qp/cells/game_trace.polling 557 Info: log money polling....
	全局统计 翻牌统计: 攻击次数:0,击杀次数:0,免伤次数:0,空卡次数:0,宝箱次数:0,普通怪次数:0,Boss怪次数:0,消耗:0 收益:0 返回率:0.000000;
	全局统计 ALLMONSTERID 消耗:0,收益:0,返回率:0.000000;
	全局统计 过敏源剧情 消耗:0,收益:0,返回率:0.000000;
	全局统计 总输赢:0 总消耗:-0 总收益:+0 总免伤次数:0 总免伤:0 返回率:0.000000 时间:2019-05-26_18_32_07
2019/05/26 19:02:07.574000 git.huoys.com/qp/cells/game_trace.polling 557 Info: log money polling....
	全局统计 翻牌统计: 攻击次数:0,击杀次数:0,免伤次数:0,空卡次数:0,宝箱次数:0,普通怪次数:0,Boss怪次数:0,消耗:0 收益:0 返回率:0.000000;
	全局统计 ALLMONSTERID 消耗:0,收益:0,返回率:0.000000;
	全局统计 过敏源剧情 消耗:0,收益:0,返回率:0.000000;
	全局统计 总输赢:0 总消耗:-0 总收益:+0 总免伤次数:0 总免伤:0 返回率:0.000000 时间:2019-05-26_19_02_07
2019/05/26 19:32:07.619000 git.huoys.com/qp/cells/game_trace.polling 557 Info: log money polling....
	全局统计 翻牌统计: 攻击次数:0,击杀次数:0,免伤次数:0,空卡次数:0,宝箱次数:0,普通怪次数:0,Boss怪次数:0,消耗:0 收益:0 返回率:0.000000;
	全局统计 ALLMONSTERID 消耗:0,收益:0,返回率:0.000000;
	全局统计 过敏源剧情 消耗:0,收益:0,返回率:0.000000;
	全局统计 总输赢:0 总消耗:-0 总收益:+0 总免伤次数:0 总免伤:0 返回率:0.000000 时间:2019-05-26_19_32_07
2019/05/26 20:02:07.675000 git.huoys.com/qp/cells/game_trace.polling 557 Info: log money polling....
	全局统计 翻牌统计: 攻击次数:0,击杀次数:0,免伤次数:0,空卡次数:0,宝箱次数:0,普通怪次数:0,Boss怪次数:0,消耗:0 收益:0 返回率:0.000000;
	全局统计 ALLMONSTERID 消耗:0,收益:0,返回率:0.000000;
	全局统计 过敏源剧情 消耗:0,收益:0,返回率:0.000000;
	全局统计 总输赢:0 总消耗:-0 总收益:+0 总免伤次数:0 总免伤:0 返回率:0.000000 时间:2019-05-26_20_02_07
2019/05/26 20:32:08.739000 git.huoys.com/qp/cells/game_trace.polling 557 Info: log money polling....
	全局统计 翻牌统计: 攻击次数:0,击杀次数:0,免伤次数:0,空卡次数:0,宝箱次数:0,普通怪次数:0,Boss怪次数:0,消耗:0 收益:0 返回率:0.000000;
	全局统计 ALLMONSTERID 消耗:0,收益:0,返回率:0.000000;
	全局统计 过敏源剧情 消耗:0,收益:0,返回率:0.000000;
	全局统计 总输赢:0 总消耗:-0 总收益:+0 总免伤次数:0 总免伤:0 返回率:0.000000 时间:2019-05-26_20_32_08
2019/05/26 21:02:07.755000 git.huoys.com/qp/cells/game_trace.polling 557 Info: log money polling....
	全局统计 翻牌统计: 攻击次数:0,击杀次数:0,免伤次数:0,空卡次数:0,宝箱次数:0,普通怪次数:0,Boss怪次数:0,消耗:0 收益:0 返回率:0.000000;
	全局统计 ALLMONSTERID 消耗:0,收益:0,返回率:0.000000;
	全局统计 过敏源剧情 消耗:0,收益:0,返回率:0.000000;
	全局统计 总输赢:0 总消耗:-0 总收益:+0 总免伤次数:0 总免伤:0 返回率:0.000000 时间:2019-05-26_21_02_07
2019/05/26 21:32:08.824000 git.huoys.com/qp/cells/game_trace.polling 557 Info: log money polling....
	全局统计 翻牌统计: 攻击次数:0,击杀次数:0,免伤次数:0,空卡次数:0,宝箱次数:0,普通怪次数:0,Boss怪次数:0,消耗:0 收益:0 返回率:0.000000;
	全局统计 ALLMONSTERID 消耗:0,收益:0,返回率:0.000000;
	全局统计 过敏源剧情 消耗:0,收益:0,返回率:0.000000;
	全局统计 总输赢:0 总消耗:-0 总收益:+0 总免伤次数:0 总免伤:0 返回率:0.000000 时间:2019-05-26_21_32_08
2019/05/26 22:02:07.842000 git.huoys.com/qp/cells/game_trace.polling 557 Info: log money polling....
	全局统计 翻牌统计: 攻击次数:0,击杀次数:0,免伤次数:0,空卡次数:0,宝箱次数:0,普通怪次数:0,Boss怪次数:0,消耗:0 收益:0 返回率:0.000000;
	全局统计 ALLMONSTERID 消耗:0,收益:0,返回率:0.000000;
	全局统计 过敏源剧情 消耗:0,收益:0,返回率:0.000000;
	全局统计 总输赢:0 总消耗:-0 总收益:+0 总免伤次数:0 总免伤:0 返回率:0.000000 时间:2019-05-26_22_02_07
2019/05/26 22:32:07.888000 git.huoys.com/qp/cells/game_trace.polling 557 Info: log money polling....
	全局统计 翻牌统计: 攻击次数:0,击杀次数:0,免伤次数:0,空卡次数:0,宝箱次数:0,普通怪次数:0,Boss怪次数:0,消耗:0 收益:0 返回率:0.000000;
	全局统计 ALLMONSTERID 消耗:0,收益:0,返回率:0.000000;
	全局统计 过敏源剧情 消耗:0,收益:0,返回率:0.000000;
	全局统计 总输赢:0 总消耗:-0 总收益:+0 总免伤次数:0 总免伤:0 返回率:0.000000 时间:2019-05-26_22_32_07
2019/05/26 23:02:07.924000 git.huoys.com/qp/cells/game_trace.polling 557 Info: log money polling....
	全局统计 翻牌统计: 攻击次数:0,击杀次数:0,免伤次数:0,空卡次数:0,宝箱次数:0,普通怪次数:0,Boss怪次数:0,消耗:0 收益:0 返回率:0.000000;
	全局统计 ALLMONSTERID 消耗:0,收益:0,返回率:0.000000;
	全局统计 过敏源剧情 消耗:0,收益:0,返回率:0.000000;
	全局统计 总输赢:0 总消耗:-0 总收益:+0 总免伤次数:0 总免伤:0 返回率:0.000000 时间:2019-05-26_23_02_07
2019/05/26 23:32:07.959000 git.huoys.com/qp/cells/game_trace.polling 557 Info: log money polling....
	全局统计 翻牌统计: 攻击次数:0,击杀次数:0,免伤次数:0,空卡次数:0,宝箱次数:0,普通怪次数:0,Boss怪次数:0,消耗:0 收益:0 返回率:0.000000;
	全局统计 ALLMONSTERID 消耗:0,收益:0,返回率:0.000000;
	全局统计 过敏源剧情 消耗:0,收益:0,返回率:0.000000;
	全局统计 总输赢:0 总消耗:-0 总收益:+0 总免伤次数:0 总免伤:0 返回率:0.000000 时间:2019-05-26_23_32_07
