2019/05/22 11:52:36.279000 git.huoys.com/qp/cells/config.reloadGameConfig 370 Warning: Reload config......
2019/05/22 11:52:40.445000 git.huoys.com/qp/cells/module/room.(*TableMgr).OnUpdate 81 Info: TABLE OnlineTableCount total:200 valid:0 writetime:2019-05-22_11_52_40
2019/05/22 11:52:41.433000 git.huoys.com/qp/cells/module/user.(*usermodule).OnUpdate 162 Info: USER OnlineCount:0 writetime:2019-05-22_11_52_41
2019/05/22 11:52:46.433000 git.huoys.com/qp/cells/module/user.(*usermodule).OnUpdate 162 Info: USER OnlineCount:0 writetime:2019-05-22_11_52_46
2019/05/22 11:52:50.433000 git.huoys.com/qp/cells/module/room.(*TableMgr).OnUpdate 81 Info: TABLE OnlineTableCount total:200 valid:0 writetime:2019-05-22_11_52_50
2019/05/22 11:52:51.432000 git.huoys.com/qp/cells/module/user.(*usermodule).OnUpdate 162 Info: USER OnlineCount:0 writetime:2019-05-22_11_52_51
2019/05/22 11:52:56.433000 git.huoys.com/qp/cells/module/user.(*usermodule).OnUpdate 162 Info: USER OnlineCount:0 writetime:2019-05-22_11_52_56
2019/05/22 11:53:00.434000 git.huoys.com/qp/cells/module/room.(*TableMgr).OnUpdate 81 Info: TABLE OnlineTableCount total:200 valid:0 writetime:2019-05-22_11_53_00
2019/05/22 11:53:01.435000 git.huoys.com/qp/cells/module/user.(*usermodule).OnUpdate 162 Info: USER OnlineCount:0 writetime:2019-05-22_11_53_01
2019/05/22 11:53:06.433000 git.huoys.com/qp/cells/module/user.(*usermodule).OnUpdate 162 Info: USER OnlineCount:0 writetime:2019-05-22_11_53_06
2019/05/22 11:53:10.432000 git.huoys.com/qp/cells/module/room.(*TableMgr).OnUpdate 81 Info: TABLE OnlineTableCount total:200 valid:0 writetime:2019-05-22_11_53_10
2019/05/22 11:53:11.434000 git.huoys.com/qp/cells/module/user.(*usermodule).OnUpdate 162 Info: USER OnlineCount:0 writetime:2019-05-22_11_53_11
2019/05/22 11:53:16.434000 git.huoys.com/qp/cells/module/user.(*usermodule).OnUpdate 162 Info: USER OnlineCount:0 writetime:2019-05-22_11_53_16
2019/05/22 11:53:20.433000 git.huoys.com/qp/cells/module/room.(*TableMgr).OnUpdate 81 Info: TABLE OnlineTableCount total:200 valid:0 writetime:2019-05-22_11_53_20
2019/05/22 11:53:21.433000 git.huoys.com/qp/cells/module/user.(*usermodule).OnUpdate 162 Info: USER OnlineCount:0 writetime:2019-05-22_11_53_21
2019/05/22 11:53:26.433000 git.huoys.com/qp/cells/module/user.(*usermodule).OnUpdate 162 Info: USER OnlineCount:0 writetime:2019-05-22_11_53_26
2019/05/22 11:53:30.432000 git.huoys.com/qp/cells/module/room.(*TableMgr).OnUpdate 81 Info: TABLE OnlineTableCount total:200 valid:0 writetime:2019-05-22_11_53_30
2019/05/22 11:53:31.433000 git.huoys.com/qp/cells/module/user.(*usermodule).OnUpdate 162 Info: USER OnlineCount:0 writetime:2019-05-22_11_53_31
2019/05/22 11:53:36.432000 git.huoys.com/qp/cells/module/user.(*usermodule).OnUpdate 162 Info: USER OnlineCount:0 writetime:2019-05-22_11_53_36
2019/05/22 11:53:40.432000 git.huoys.com/qp/cells/module/room.(*TableMgr).OnUpdate 81 Info: TABLE OnlineTableCount total:200 valid:0 writetime:2019-05-22_11_53_40
2019/05/22 11:53:41.432000 git.huoys.com/qp/cells/module/user.(*usermodule).OnUpdate 162 Info: USER OnlineCount:0 writetime:2019-05-22_11_53_41
2019/05/22 11:53:46.432000 git.huoys.com/qp/cells/module/user.(*usermodule).OnUpdate 162 Info: USER OnlineCount:0 writetime:2019-05-22_11_53_46
2019/05/22 11:53:50.432000 git.huoys.com/qp/cells/module/room.(*TableMgr).OnUpdate 81 Info: TABLE OnlineTableCount total:200 valid:0 writetime:2019-05-22_11_53_50
2019/05/22 11:53:51.433000 git.huoys.com/qp/cells/module/user.(*usermodule).OnUpdate 162 Info: USER OnlineCount:0 writetime:2019-05-22_11_53_51
2019/05/22 11:53:56.442000 git.huoys.com/qp/cells/module/user.(*usermodule).OnUpdate 162 Info: USER OnlineCount:0 writetime:2019-05-22_11_53_56
2019/05/22 11:54:00.443000 git.huoys.com/qp/cells/module/room.(*TableMgr).OnUpdate 81 Info: TABLE OnlineTableCount total:200 valid:0 writetime:2019-05-22_11_54_00
2019/05/22 11:54:01.442000 git.huoys.com/qp/cells/module/user.(*usermodule).OnUpdate 162 Info: USER OnlineCount:0 writetime:2019-05-22_11_54_01
2019/05/22 11:54:06.442000 git.huoys.com/qp/cells/module/user.(*usermodule).OnUpdate 162 Info: USER OnlineCount:0 writetime:2019-05-22_11_54_06
2019/05/22 11:54:10.442000 git.huoys.com/qp/cells/module/room.(*TableMgr).OnUpdate 81 Info: TABLE OnlineTableCount total:200 valid:0 writetime:2019-05-22_11_54_10
2019/05/22 11:54:11.442000 git.huoys.com/qp/cells/module/user.(*usermodule).OnUpdate 162 Info: USER OnlineCount:0 writetime:2019-05-22_11_54_11
2019/05/22 11:54:16.457000 git.huoys.com/qp/cells/module/user.(*usermodule).OnUpdate 162 Info: USER OnlineCount:0 writetime:2019-05-22_11_54_16
2019/05/22 11:54:20.457000 git.huoys.com/qp/cells/module/room.(*TableMgr).OnUpdate 81 Info: TABLE OnlineTableCount total:200 valid:0 writetime:2019-05-22_11_54_20
2019/05/22 11:54:21.457000 git.huoys.com/qp/cells/module/user.(*usermodule).OnUpdate 162 Info: USER OnlineCount:0 writetime:2019-05-22_11_54_21
2019/05/22 11:54:26.459000 git.huoys.com/qp/cells/module/user.(*usermodule).OnUpdate 162 Info: USER OnlineCount:0 writetime:2019-05-22_11_54_26
2019/05/22 11:54:30.462000 git.huoys.com/qp/cells/module/room.(*TableMgr).OnUpdate 81 Info: TABLE OnlineTableCount total:200 valid:0 writetime:2019-05-22_11_54_30
2019/05/22 11:54:31.457000 git.huoys.com/qp/cells/module/user.(*usermodule).OnUpdate 162 Info: USER OnlineCount:0 writetime:2019-05-22_11_54_31
2019/05/22 11:54:36.458000 git.huoys.com/qp/cells/module/user.(*usermodule).OnUpdate 162 Info: USER OnlineCount:0 writetime:2019-05-22_11_54_36
2019/05/22 11:54:40.458000 git.huoys.com/qp/cells/module/room.(*TableMgr).OnUpdate 81 Info: TABLE OnlineTableCount total:200 valid:0 writetime:2019-05-22_11_54_40
2019/05/22 11:54:41.458000 git.huoys.com/qp/cells/module/user.(*usermodule).OnUpdate 162 Info: USER OnlineCount:0 writetime:2019-05-22_11_54_41
2019/05/22 11:54:46.459000 git.huoys.com/qp/cells/module/user.(*usermodule).OnUpdate 162 Info: USER OnlineCount:0 writetime:2019-05-22_11_54_46
2019/05/22 11:54:50.460000 git.huoys.com/qp/cells/module/room.(*TableMgr).OnUpdate 81 Info: TABLE OnlineTableCount total:200 valid:0 writetime:2019-05-22_11_54_50
2019/05/22 11:54:51.463000 git.huoys.com/qp/cells/module/user.(*usermodule).OnUpdate 162 Info: USER OnlineCount:0 writetime:2019-05-22_11_54_51
2019/05/22 11:54:56.462000 git.huoys.com/qp/cells/module/user.(*usermodule).OnUpdate 162 Info: USER OnlineCount:0 writetime:2019-05-22_11_54_56
2019/05/22 11:55:00.459000 git.huoys.com/qp/cells/module/room.(*TableMgr).OnUpdate 81 Info: TABLE OnlineTableCount total:200 valid:0 writetime:2019-05-22_11_55_00
2019/05/22 11:55:01.458000 git.huoys.com/qp/cells/module/user.(*usermodule).OnUpdate 162 Info: USER OnlineCount:0 writetime:2019-05-22_11_55_01
2019/05/22 11:55:06.459000 git.huoys.com/qp/cells/module/user.(*usermodule).OnUpdate 162 Info: USER OnlineCount:0 writetime:2019-05-22_11_55_06
2019/05/22 11:55:10.458000 git.huoys.com/qp/cells/module/room.(*TableMgr).OnUpdate 81 Info: TABLE OnlineTableCount total:200 valid:0 writetime:2019-05-22_11_55_10
2019/05/22 11:55:11.457000 git.huoys.com/qp/cells/module/user.(*usermodule).OnUpdate 162 Info: USER OnlineCount:0 writetime:2019-05-22_11_55_11
2019/05/22 11:55:16.458000 git.huoys.com/qp/cells/module/user.(*usermodule).OnUpdate 162 Info: USER OnlineCount:0 writetime:2019-05-22_11_55_16
2019/05/22 11:55:20.458000 git.huoys.com/qp/cells/module/room.(*TableMgr).OnUpdate 81 Info: TABLE OnlineTableCount total:200 valid:0 writetime:2019-05-22_11_55_20
2019/05/22 11:55:21.457000 git.huoys.com/qp/cells/module/user.(*usermodule).OnUpdate 162 Info: USER OnlineCount:0 writetime:2019-05-22_11_55_21
2019/05/22 11:55:26.459000 git.huoys.com/qp/cells/module/user.(*usermodule).OnUpdate 162 Info: USER OnlineCount:0 writetime:2019-05-22_11_55_26
2019/05/22 11:55:30.457000 git.huoys.com/qp/cells/module/room.(*TableMgr).OnUpdate 81 Info: TABLE OnlineTableCount total:200 valid:0 writetime:2019-05-22_11_55_30
2019/05/22 11:55:31.458000 git.huoys.com/qp/cells/module/user.(*usermodule).OnUpdate 162 Info: USER OnlineCount:0 writetime:2019-05-22_11_55_31
2019/05/22 11:55:36.458000 git.huoys.com/qp/cells/module/user.(*usermodule).OnUpdate 162 Info: USER OnlineCount:0 writetime:2019-05-22_11_55_36
2019/05/22 11:55:40.469000 git.huoys.com/qp/cells/module/room.(*TableMgr).OnUpdate 81 Info: TABLE OnlineTableCount total:200 valid:0 writetime:2019-05-22_11_55_40
2019/05/22 11:55:41.457000 git.huoys.com/qp/cells/module/user.(*usermodule).OnUpdate 162 Info: USER OnlineCount:0 writetime:2019-05-22_11_55_41
2019/05/22 11:55:46.458000 git.huoys.com/qp/cells/module/user.(*usermodule).OnUpdate 162 Info: USER OnlineCount:0 writetime:2019-05-22_11_55_46
2019/05/22 11:55:50.457000 git.huoys.com/qp/cells/module/room.(*TableMgr).OnUpdate 81 Info: TABLE OnlineTableCount total:200 valid:0 writetime:2019-05-22_11_55_50
2019/05/22 11:55:51.457000 git.huoys.com/qp/cells/module/user.(*usermodule).OnUpdate 162 Info: USER OnlineCount:0 writetime:2019-05-22_11_55_51
2019/05/22 11:55:56.458000 git.huoys.com/qp/cells/module/user.(*usermodule).OnUpdate 162 Info: USER OnlineCount:0 writetime:2019-05-22_11_55_56
2019/05/22 11:56:00.458000 git.huoys.com/qp/cells/module/room.(*TableMgr).OnUpdate 81 Info: TABLE OnlineTableCount total:200 valid:0 writetime:2019-05-22_11_56_00
2019/05/22 11:56:01.458000 git.huoys.com/qp/cells/module/user.(*usermodule).OnUpdate 162 Info: USER OnlineCount:0 writetime:2019-05-22_11_56_01
2019/05/22 11:56:01.598000 git.huoys.com/qp/cells/module/auth.(*authmodule).onConnect 74 Info: AUTH onConnect sid:1 addr:172.12.10.126:54478 StartTime:1558497361.....
2019/05/22 11:56:02.619000 git.huoys.com/qp/cells/module/auth.(*authmodule).onLoginGameReq 141 Error: AUTH onLoginGameReq sid:1 uid:472680 LoginQPHall failed code:10001
2019/05/22 11:56:06.458000 git.huoys.com/qp/cells/module/user.(*usermodule).OnUpdate 162 Info: USER OnlineCount:0 writetime:2019-05-22_11_56_06
2019/05/22 11:56:06.502000 git.huoys.com/qp/cells/module/auth.(*authmodule).onDisConnect 82 Info: AUTH onDisConnect sid:1 addr:172.12.10.126:54478 EndTime:1558497366.....
2019/05/22 11:56:08.180000 git.huoys.com/qp/cells/module/auth.(*authmodule).onConnect 74 Info: AUTH onConnect sid:2 addr:172.12.10.126:54529 StartTime:1558497368.....
2019/05/22 11:56:10.219000 git.huoys.com/qp/cells/module/auth.(*authmodule).onLoginGameReq 162 Info: AUTH onLoginGameReq sid:2 uid:472680 amount:9999990 money:9999990 baseinfo:{"baseuserinfoget":{"Sex":"0","NickName":"QPM386365","Partner":[{"1":["蛋定","http://thirdwx.qlogo.cn/mmopen/vi_32/WnsycmeFbcibM4m2OrsUaJcd3VibttibCHTrBhJsic4F9eCJYOYPFHJYfao7Yl5hGjFyXLzAYHXV8dYsunx1pzibLHQ/132"]}]}} keyvaluedata:{"KV_TableData":"{\"LastLogin\":1558497331,\"PollingSec\":1558497331,\"Ratio\":10,\"Heroes\":[201],\"Positions\":[201,0,0,0,0],\"KillCount\":0,\"AllergenData\":{\"TaxReturnPool\":0,\"SettleReward\":0,\"SettleFlag\":false,\"LastTick\":0}}"}
2019/05/22 11:56:10.458000 git.huoys.com/qp/cells/module/room.(*TableMgr).OnUpdate 81 Info: TABLE OnlineTableCount total:200 valid:0 writetime:2019-05-22_11_56_10
2019/05/22 11:56:11.243000 git.huoys.com/qp/cells/module/user.(*usermodule).onJoinRoom 153 Info: USER onJoinRoom sid:2 uid:472680
2019/05/22 11:56:11.243000 git.huoys.com/qp/cells/module/room.(*roommodule).OnUserEnter 119 Info: ROOM OnUserEnter uid:472680 table_id:1
2019/05/22 11:56:11.458000 git.huoys.com/qp/cells/module/user.(*usermodule).OnUpdate 162 Info: USER OnlineCount:1 writetime:2019-05-22_11_56_11
2019/05/22 11:56:13.189000 git.huoys.com/qp/cells/module/auth.(*authmodule).onDisConnect 82 Info: AUTH onDisConnect sid:2 addr:172.12.10.126:54529 EndTime:1558497373.....
2019/05/22 11:56:13.191000 git.huoys.com/qp/cells/module/user.(*usermodule).OnUserLogout 87 Info: USER OnUserLogout uid:472680 sid:2 logout_type:1
2019/05/22 11:56:13.193000 git.huoys.com/qp/cells/module/room.(*roommodule).OnUserExit 139 Info: ROOM OnUserExit uid:472680 table_id:1 exit_type:1
2019/05/22 11:56:16.459000 git.huoys.com/qp/cells/module/user.(*usermodule).OnUpdate 162 Info: USER OnlineCount:1 writetime:2019-05-22_11_56_16
2019/05/22 11:56:20.461000 git.huoys.com/qp/cells/module/room.(*TableMgr).OnUpdate 81 Info: TABLE OnlineTableCount total:200 valid:0 writetime:2019-05-22_11_56_20
2019/05/22 11:56:21.460000 git.huoys.com/qp/cells/module/user.(*usermodule).OnUpdate 162 Info: USER OnlineCount:0 writetime:2019-05-22_11_56_21
2019/05/22 11:56:26.462000 git.huoys.com/qp/cells/module/user.(*usermodule).OnUpdate 162 Info: USER OnlineCount:0 writetime:2019-05-22_11_56_26
2019/05/22 11:56:30.459000 git.huoys.com/qp/cells/module/room.(*TableMgr).OnUpdate 81 Info: TABLE OnlineTableCount total:200 valid:0 writetime:2019-05-22_11_56_30
2019/05/22 11:56:31.460000 git.huoys.com/qp/cells/module/user.(*usermodule).OnUpdate 162 Info: USER OnlineCount:0 writetime:2019-05-22_11_56_31
2019/05/22 11:56:36.462000 git.huoys.com/qp/cells/module/user.(*usermodule).OnUpdate 162 Info: USER OnlineCount:0 writetime:2019-05-22_11_56_36
2019/05/22 11:56:40.461000 git.huoys.com/qp/cells/module/room.(*TableMgr).OnUpdate 81 Info: TABLE OnlineTableCount total:200 valid:0 writetime:2019-05-22_11_56_40
2019/05/22 11:56:41.460000 git.huoys.com/qp/cells/module/user.(*usermodule).OnUpdate 162 Info: USER OnlineCount:0 writetime:2019-05-22_11_56_41
2019/05/22 11:56:46.462000 git.huoys.com/qp/cells/module/user.(*usermodule).OnUpdate 162 Info: USER OnlineCount:0 writetime:2019-05-22_11_56_46
2019/05/22 11:56:50.460000 git.huoys.com/qp/cells/module/room.(*TableMgr).OnUpdate 81 Info: TABLE OnlineTableCount total:200 valid:0 writetime:2019-05-22_11_56_50
2019/05/22 11:56:51.460000 git.huoys.com/qp/cells/module/user.(*usermodule).OnUpdate 162 Info: USER OnlineCount:0 writetime:2019-05-22_11_56_51
2019/05/22 11:56:56.463000 git.huoys.com/qp/cells/module/user.(*usermodule).OnUpdate 162 Info: USER OnlineCount:0 writetime:2019-05-22_11_56_56
2019/05/22 11:57:00.463000 git.huoys.com/qp/cells/module/room.(*TableMgr).OnUpdate 81 Info: TABLE OnlineTableCount total:200 valid:0 writetime:2019-05-22_11_57_00
2019/05/22 11:57:01.464000 git.huoys.com/qp/cells/module/user.(*usermodule).OnUpdate 162 Info: USER OnlineCount:0 writetime:2019-05-22_11_57_01
2019/05/22 11:57:06.463000 git.huoys.com/qp/cells/module/user.(*usermodule).OnUpdate 162 Info: USER OnlineCount:0 writetime:2019-05-22_11_57_06
2019/05/22 11:57:10.464000 git.huoys.com/qp/cells/module/room.(*TableMgr).OnUpdate 81 Info: TABLE OnlineTableCount total:200 valid:0 writetime:2019-05-22_11_57_10
2019/05/22 11:57:11.464000 git.huoys.com/qp/cells/module/user.(*usermodule).OnUpdate 162 Info: USER OnlineCount:0 writetime:2019-05-22_11_57_11
2019/05/22 11:57:16.464000 git.huoys.com/qp/cells/module/user.(*usermodule).OnUpdate 162 Info: USER OnlineCount:0 writetime:2019-05-22_11_57_16
2019/05/22 11:57:20.464000 git.huoys.com/qp/cells/module/room.(*TableMgr).OnUpdate 81 Info: TABLE OnlineTableCount total:200 valid:0 writetime:2019-05-22_11_57_20
2019/05/22 11:57:21.464000 git.huoys.com/qp/cells/module/user.(*usermodule).OnUpdate 162 Info: USER OnlineCount:0 writetime:2019-05-22_11_57_21
2019/05/22 11:57:26.463000 git.huoys.com/qp/cells/module/user.(*usermodule).OnUpdate 162 Info: USER OnlineCount:0 writetime:2019-05-22_11_57_26
2019/05/22 11:57:30.464000 git.huoys.com/qp/cells/module/room.(*TableMgr).OnUpdate 81 Info: TABLE OnlineTableCount total:200 valid:0 writetime:2019-05-22_11_57_30
2019/05/22 11:57:31.464000 git.huoys.com/qp/cells/module/user.(*usermodule).OnUpdate 162 Info: USER OnlineCount:0 writetime:2019-05-22_11_57_31
2019/05/22 11:57:36.463000 git.huoys.com/qp/cells/module/user.(*usermodule).OnUpdate 162 Info: USER OnlineCount:0 writetime:2019-05-22_11_57_36
2019/05/22 11:57:37.479000 git.huoys.com/qp/cells/config.reloadGameConfig 370 Warning: Reload config......
2019/05/22 11:57:40.464000 git.huoys.com/qp/cells/module/room.(*TableMgr).OnUpdate 81 Info: TABLE OnlineTableCount total:200 valid:0 writetime:2019-05-22_11_57_40
2019/05/22 11:57:41.464000 git.huoys.com/qp/cells/module/user.(*usermodule).OnUpdate 162 Info: USER OnlineCount:0 writetime:2019-05-22_11_57_41
2019/05/22 11:57:46.464000 git.huoys.com/qp/cells/module/user.(*usermodule).OnUpdate 162 Info: USER OnlineCount:0 writetime:2019-05-22_11_57_46
2019/05/22 11:57:50.464000 git.huoys.com/qp/cells/module/room.(*TableMgr).OnUpdate 81 Info: TABLE OnlineTableCount total:200 valid:0 writetime:2019-05-22_11_57_50
2019/05/22 11:57:51.464000 git.huoys.com/qp/cells/module/user.(*usermodule).OnUpdate 162 Info: USER OnlineCount:0 writetime:2019-05-22_11_57_51
2019/05/22 11:57:56.464000 git.huoys.com/qp/cells/module/user.(*usermodule).OnUpdate 162 Info: USER OnlineCount:0 writetime:2019-05-22_11_57_56
2019/05/22 11:58:00.464000 git.huoys.com/qp/cells/module/room.(*TableMgr).OnUpdate 81 Info: TABLE OnlineTableCount total:200 valid:0 writetime:2019-05-22_11_58_00
2019/05/22 11:58:01.463000 git.huoys.com/qp/cells/module/user.(*usermodule).OnUpdate 162 Info: USER OnlineCount:0 writetime:2019-05-22_11_58_01
2019/05/22 11:58:06.463000 git.huoys.com/qp/cells/module/user.(*usermodule).OnUpdate 162 Info: USER OnlineCount:0 writetime:2019-05-22_11_58_06
2019/05/22 11:58:10.463000 git.huoys.com/qp/cells/module/room.(*TableMgr).OnUpdate 81 Info: TABLE OnlineTableCount total:200 valid:0 writetime:2019-05-22_11_58_10
2019/05/22 11:58:11.463000 git.huoys.com/qp/cells/module/user.(*usermodule).OnUpdate 162 Info: USER OnlineCount:0 writetime:2019-05-22_11_58_11
2019/05/22 11:58:16.463000 git.huoys.com/qp/cells/module/user.(*usermodule).OnUpdate 162 Info: USER OnlineCount:0 writetime:2019-05-22_11_58_16
2019/05/22 11:58:20.464000 git.huoys.com/qp/cells/module/room.(*TableMgr).OnUpdate 81 Info: TABLE OnlineTableCount total:200 valid:0 writetime:2019-05-22_11_58_20
2019/05/22 11:58:21.464000 git.huoys.com/qp/cells/module/user.(*usermodule).OnUpdate 162 Info: USER OnlineCount:0 writetime:2019-05-22_11_58_21
2019/05/22 11:58:26.463000 git.huoys.com/qp/cells/module/user.(*usermodule).OnUpdate 162 Info: USER OnlineCount:0 writetime:2019-05-22_11_58_26
2019/05/22 11:58:30.464000 git.huoys.com/qp/cells/module/room.(*TableMgr).OnUpdate 81 Info: TABLE OnlineTableCount total:200 valid:0 writetime:2019-05-22_11_58_30
2019/05/22 11:58:31.465000 git.huoys.com/qp/cells/module/user.(*usermodule).OnUpdate 162 Info: USER OnlineCount:0 writetime:2019-05-22_11_58_31
2019/05/22 11:58:36.463000 git.huoys.com/qp/cells/module/user.(*usermodule).OnUpdate 162 Info: USER OnlineCount:0 writetime:2019-05-22_11_58_36
2019/05/22 11:58:40.483000 git.huoys.com/qp/cells/module/room.(*TableMgr).OnUpdate 81 Info: TABLE OnlineTableCount total:200 valid:0 writetime:2019-05-22_11_58_40
2019/05/22 11:58:41.463000 git.huoys.com/qp/cells/module/user.(*usermodule).OnUpdate 162 Info: USER OnlineCount:0 writetime:2019-05-22_11_58_41
2019/05/22 11:58:46.463000 git.huoys.com/qp/cells/module/user.(*usermodule).OnUpdate 162 Info: USER OnlineCount:0 writetime:2019-05-22_11_58_46
2019/05/22 11:58:50.464000 git.huoys.com/qp/cells/module/room.(*TableMgr).OnUpdate 81 Info: TABLE OnlineTableCount total:200 valid:0 writetime:2019-05-22_11_58_50
2019/05/22 11:58:51.464000 git.huoys.com/qp/cells/module/user.(*usermodule).OnUpdate 162 Info: USER OnlineCount:0 writetime:2019-05-22_11_58_51
2019/05/22 11:58:56.463000 git.huoys.com/qp/cells/module/user.(*usermodule).OnUpdate 162 Info: USER OnlineCount:0 writetime:2019-05-22_11_58_56
2019/05/22 11:59:00.465000 git.huoys.com/qp/cells/module/room.(*TableMgr).OnUpdate 81 Info: TABLE OnlineTableCount total:200 valid:0 writetime:2019-05-22_11_59_00
2019/05/22 11:59:01.463000 git.huoys.com/qp/cells/module/user.(*usermodule).OnUpdate 162 Info: USER OnlineCount:0 writetime:2019-05-22_11_59_01
2019/05/22 11:59:06.463000 git.huoys.com/qp/cells/module/user.(*usermodule).OnUpdate 162 Info: USER OnlineCount:0 writetime:2019-05-22_11_59_06
2019/05/22 11:59:10.464000 git.huoys.com/qp/cells/module/room.(*TableMgr).OnUpdate 81 Info: TABLE OnlineTableCount total:200 valid:0 writetime:2019-05-22_11_59_10
2019/05/22 11:59:11.463000 git.huoys.com/qp/cells/module/user.(*usermodule).OnUpdate 162 Info: USER OnlineCount:0 writetime:2019-05-22_11_59_11
2019/05/22 11:59:16.463000 git.huoys.com/qp/cells/module/user.(*usermodule).OnUpdate 162 Info: USER OnlineCount:0 writetime:2019-05-22_11_59_16
2019/05/22 11:59:20.464000 git.huoys.com/qp/cells/module/room.(*TableMgr).OnUpdate 81 Info: TABLE OnlineTableCount total:200 valid:0 writetime:2019-05-22_11_59_20
2019/05/22 11:59:21.464000 git.huoys.com/qp/cells/module/user.(*usermodule).OnUpdate 162 Info: USER OnlineCount:0 writetime:2019-05-22_11_59_21
2019/05/22 11:59:26.463000 git.huoys.com/qp/cells/module/user.(*usermodule).OnUpdate 162 Info: USER OnlineCount:0 writetime:2019-05-22_11_59_26
2019/05/22 11:59:30.463000 git.huoys.com/qp/cells/module/room.(*TableMgr).OnUpdate 81 Info: TABLE OnlineTableCount total:200 valid:0 writetime:2019-05-22_11_59_30
2019/05/22 11:59:31.463000 git.huoys.com/qp/cells/module/user.(*usermodule).OnUpdate 162 Info: USER OnlineCount:0 writetime:2019-05-22_11_59_31
2019/05/22 11:59:36.464000 git.huoys.com/qp/cells/module/user.(*usermodule).OnUpdate 162 Info: USER OnlineCount:0 writetime:2019-05-22_11_59_36
2019/05/22 11:59:40.464000 git.huoys.com/qp/cells/module/room.(*TableMgr).OnUpdate 81 Info: TABLE OnlineTableCount total:200 valid:0 writetime:2019-05-22_11_59_40
2019/05/22 11:59:41.463000 git.huoys.com/qp/cells/module/user.(*usermodule).OnUpdate 162 Info: USER OnlineCount:0 writetime:2019-05-22_11_59_41
2019/05/22 11:59:46.463000 git.huoys.com/qp/cells/module/user.(*usermodule).OnUpdate 162 Info: USER OnlineCount:0 writetime:2019-05-22_11_59_46
2019/05/22 11:59:50.463000 git.huoys.com/qp/cells/module/room.(*TableMgr).OnUpdate 81 Info: TABLE OnlineTableCount total:200 valid:0 writetime:2019-05-22_11_59_50
2019/05/22 11:59:51.463000 git.huoys.com/qp/cells/module/user.(*usermodule).OnUpdate 162 Info: USER OnlineCount:0 writetime:2019-05-22_11_59_51
2019/05/22 11:59:56.463000 git.huoys.com/qp/cells/module/user.(*usermodule).OnUpdate 162 Info: USER OnlineCount:0 writetime:2019-05-22_11_59_56
2019/05/22 12:00:00.463000 git.huoys.com/qp/cells/module/room.(*TableMgr).OnUpdate 81 Info: TABLE OnlineTableCount total:200 valid:0 writetime:2019-05-22_12_00_00
2019/05/22 12:00:01.463000 git.huoys.com/qp/cells/module/user.(*usermodule).OnUpdate 162 Info: USER OnlineCount:0 writetime:2019-05-22_12_00_01
2019/05/22 12:00:06.463000 git.huoys.com/qp/cells/module/user.(*usermodule).OnUpdate 162 Info: USER OnlineCount:0 writetime:2019-05-22_12_00_06
2019/05/22 12:00:10.465000 git.huoys.com/qp/cells/module/room.(*TableMgr).OnUpdate 81 Info: TABLE OnlineTableCount total:200 valid:0 writetime:2019-05-22_12_00_10
2019/05/22 12:00:11.463000 git.huoys.com/qp/cells/module/user.(*usermodule).OnUpdate 162 Info: USER OnlineCount:0 writetime:2019-05-22_12_00_11
2019/05/22 12:00:16.463000 git.huoys.com/qp/cells/module/user.(*usermodule).OnUpdate 162 Info: USER OnlineCount:0 writetime:2019-05-22_12_00_16
2019/05/22 12:00:20.463000 git.huoys.com/qp/cells/module/room.(*TableMgr).OnUpdate 81 Info: TABLE OnlineTableCount total:200 valid:0 writetime:2019-05-22_12_00_20
2019/05/22 12:00:21.463000 git.huoys.com/qp/cells/module/user.(*usermodule).OnUpdate 162 Info: USER OnlineCount:0 writetime:2019-05-22_12_00_21
2019/05/22 12:00:26.463000 git.huoys.com/qp/cells/module/user.(*usermodule).OnUpdate 162 Info: USER OnlineCount:0 writetime:2019-05-22_12_00_26
2019/05/22 12:00:30.463000 git.huoys.com/qp/cells/module/room.(*TableMgr).OnUpdate 81 Info: TABLE OnlineTableCount total:200 valid:0 writetime:2019-05-22_12_00_30
2019/05/22 12:00:31.463000 git.huoys.com/qp/cells/module/user.(*usermodule).OnUpdate 162 Info: USER OnlineCount:0 writetime:2019-05-22_12_00_31
2019/05/22 12:00:36.464000 git.huoys.com/qp/cells/module/user.(*usermodule).OnUpdate 162 Info: USER OnlineCount:0 writetime:2019-05-22_12_00_36
2019/05/22 12:00:40.463000 git.huoys.com/qp/cells/module/room.(*TableMgr).OnUpdate 81 Info: TABLE OnlineTableCount total:200 valid:0 writetime:2019-05-22_12_00_40
2019/05/22 12:00:41.463000 git.huoys.com/qp/cells/module/user.(*usermodule).OnUpdate 162 Info: USER OnlineCount:0 writetime:2019-05-22_12_00_41
2019/05/22 12:00:46.463000 git.huoys.com/qp/cells/module/user.(*usermodule).OnUpdate 162 Info: USER OnlineCount:0 writetime:2019-05-22_12_00_46
2019/05/22 12:00:50.464000 git.huoys.com/qp/cells/module/room.(*TableMgr).OnUpdate 81 Info: TABLE OnlineTableCount total:200 valid:0 writetime:2019-05-22_12_00_50
2019/05/22 12:00:51.463000 git.huoys.com/qp/cells/module/user.(*usermodule).OnUpdate 162 Info: USER OnlineCount:0 writetime:2019-05-22_12_00_51
2019/05/22 12:00:56.463000 git.huoys.com/qp/cells/module/user.(*usermodule).OnUpdate 162 Info: USER OnlineCount:0 writetime:2019-05-22_12_00_56
2019/05/22 12:01:00.463000 git.huoys.com/qp/cells/module/room.(*TableMgr).OnUpdate 81 Info: TABLE OnlineTableCount total:200 valid:0 writetime:2019-05-22_12_01_00
2019/05/22 12:01:01.463000 git.huoys.com/qp/cells/module/user.(*usermodule).OnUpdate 162 Info: USER OnlineCount:0 writetime:2019-05-22_12_01_01
2019/05/22 12:01:06.463000 git.huoys.com/qp/cells/module/user.(*usermodule).OnUpdate 162 Info: USER OnlineCount:0 writetime:2019-05-22_12_01_06
2019/05/22 12:01:07.549000 git.huoys.com/qp/cells/module/auth.(*authmodule).onConnect 74 Info: AUTH onConnect sid:3 addr:172.12.10.126:56293 StartTime:1558497667.....
2019/05/22 12:01:08.570000 git.huoys.com/qp/cells/module/auth.(*authmodule).onLoginGameReq 141 Error: AUTH onLoginGameReq sid:3 uid:309162161 LoginQPHall failed code:10001
2019/05/22 12:01:10.465000 git.huoys.com/qp/cells/module/room.(*TableMgr).OnUpdate 81 Info: TABLE OnlineTableCount total:200 valid:0 writetime:2019-05-22_12_01_10
2019/05/22 12:01:11.463000 git.huoys.com/qp/cells/module/user.(*usermodule).OnUpdate 162 Info: USER OnlineCount:0 writetime:2019-05-22_12_01_11
2019/05/22 12:01:11.909000 git.huoys.com/qp/cells/module/auth.(*authmodule).onDisConnect 82 Info: AUTH onDisConnect sid:3 addr:172.12.10.126:56293 EndTime:1558497671.....
2019/05/22 12:01:16.463000 git.huoys.com/qp/cells/module/user.(*usermodule).OnUpdate 162 Info: USER OnlineCount:0 writetime:2019-05-22_12_01_16
2019/05/22 12:01:20.370000 git.huoys.com/qp/cells/module/auth.(*authmodule).onConnect 74 Info: AUTH onConnect sid:4 addr:172.12.10.126:56384 StartTime:1558497680.....
2019/05/22 12:01:20.463000 git.huoys.com/qp/cells/module/room.(*TableMgr).OnUpdate 81 Info: TABLE OnlineTableCount total:200 valid:0 writetime:2019-05-22_12_01_20
2019/05/22 12:01:21.383000 git.huoys.com/qp/cells/module/auth.(*authmodule).onLoginGameReq 141 Error: AUTH onLoginGameReq sid:4 uid:309162161 LoginQPHall failed code:10001
2019/05/22 12:01:21.463000 git.huoys.com/qp/cells/module/user.(*usermodule).OnUpdate 162 Info: USER OnlineCount:0 writetime:2019-05-22_12_01_21
2019/05/22 12:01:23.232000 git.huoys.com/qp/cells/module/auth.(*authmodule).onDisConnect 82 Info: AUTH onDisConnect sid:4 addr:172.12.10.126:56384 EndTime:1558497683.....
2019/05/22 12:01:24.990000 git.huoys.com/qp/cells/module/auth.(*authmodule).onConnect 74 Info: AUTH onConnect sid:5 addr:172.12.10.126:56427 StartTime:1558497684.....
2019/05/22 12:01:26.463000 git.huoys.com/qp/cells/module/user.(*usermodule).OnUpdate 162 Info: USER OnlineCount:0 writetime:2019-05-22_12_01_26
2019/05/22 12:01:27.031000 git.huoys.com/qp/cells/module/auth.(*authmodule).onLoginGameReq 162 Info: AUTH onLoginGameReq sid:5 uid:309162161 amount:0 money:0 baseinfo:{"baseuserinfoget":{"Sex":"0","NickName":"","Partner":[{}]}} keyvaluedata:{"KV_TableData":"{\"LastLogin\":1558497656,\"PollingSec\":1558497676,\"Ratio\":10,\"Heroes\":[201],\"Positions\":[201,0,0,0,0],\"KillCount\":0,\"AllergenData\":{\"TaxReturnPool\":0,\"SettleReward\":0,\"SettleFlag\":false,\"LastTick\":0}}"}
2019/05/22 12:01:28.053000 git.huoys.com/qp/cells/module/user.(*usermodule).onJoinRoom 153 Info: USER onJoinRoom sid:5 uid:309162161
2019/05/22 12:01:28.053000 git.huoys.com/qp/cells/module/room.(*roommodule).OnUserEnter 119 Info: ROOM OnUserEnter uid:309162161 table_id:1
2019/05/22 12:01:30.464000 git.huoys.com/qp/cells/module/room.(*TableMgr).OnUpdate 81 Info: TABLE OnlineTableCount total:200 valid:1 writetime:2019-05-22_12_01_30
2019/05/22 12:01:31.463000 git.huoys.com/qp/cells/module/user.(*usermodule).OnUpdate 162 Info: USER OnlineCount:1 writetime:2019-05-22_12_01_31
2019/05/22 12:01:36.463000 git.huoys.com/qp/cells/module/user.(*usermodule).OnUpdate 162 Info: USER OnlineCount:1 writetime:2019-05-22_12_01_36
2019/05/22 12:01:40.521000 git.huoys.com/qp/cells/module/room.(*TableMgr).OnUpdate 81 Info: TABLE OnlineTableCount total:200 valid:1 writetime:2019-05-22_12_01_40
2019/05/22 12:01:41.463000 git.huoys.com/qp/cells/module/user.(*usermodule).OnUpdate 162 Info: USER OnlineCount:1 writetime:2019-05-22_12_01_41
2019/05/22 12:01:46.463000 git.huoys.com/qp/cells/module/user.(*usermodule).OnUpdate 162 Info: USER OnlineCount:1 writetime:2019-05-22_12_01_46
2019/05/22 12:01:50.463000 git.huoys.com/qp/cells/module/room.(*TableMgr).OnUpdate 81 Info: TABLE OnlineTableCount total:200 valid:1 writetime:2019-05-22_12_01_50
2019/05/22 12:01:51.463000 git.huoys.com/qp/cells/module/user.(*usermodule).OnUpdate 162 Info: USER OnlineCount:1 writetime:2019-05-22_12_01_51
2019/05/22 12:01:55.035000 git.huoys.com/qp/cells/module/auth.(*authmodule).onDisConnect 82 Info: AUTH onDisConnect sid:5 addr:172.12.10.126:56427 EndTime:1558497715.....
2019/05/22 12:01:55.036000 git.huoys.com/qp/cells/module/user.(*usermodule).OnUserLogout 87 Info: USER OnUserLogout uid:309162161 sid:5 logout_type:1
2019/05/22 12:01:55.036000 git.huoys.com/qp/cells/module/room.(*roommodule).OnUserExit 139 Info: ROOM OnUserExit uid:309162161 table_id:1 exit_type:1
2019/05/22 12:01:56.463000 git.huoys.com/qp/cells/module/user.(*usermodule).OnUpdate 162 Info: USER OnlineCount:1 writetime:2019-05-22_12_01_56
2019/05/22 12:02:00.463000 git.huoys.com/qp/cells/module/room.(*TableMgr).OnUpdate 81 Info: TABLE OnlineTableCount total:200 valid:0 writetime:2019-05-22_12_02_00
2019/05/22 12:02:01.463000 git.huoys.com/qp/cells/module/user.(*usermodule).OnUpdate 162 Info: USER OnlineCount:0 writetime:2019-05-22_12_02_01
2019/05/22 12:02:06.464000 git.huoys.com/qp/cells/module/user.(*usermodule).OnUpdate 162 Info: USER OnlineCount:0 writetime:2019-05-22_12_02_06
2019/05/22 12:02:10.463000 git.huoys.com/qp/cells/module/room.(*TableMgr).OnUpdate 81 Info: TABLE OnlineTableCount total:200 valid:0 writetime:2019-05-22_12_02_10
2019/05/22 12:02:11.463000 git.huoys.com/qp/cells/module/user.(*usermodule).OnUpdate 162 Info: USER OnlineCount:0 writetime:2019-05-22_12_02_11
2019/05/22 12:02:16.464000 git.huoys.com/qp/cells/module/user.(*usermodule).OnUpdate 162 Info: USER OnlineCount:0 writetime:2019-05-22_12_02_16
2019/05/22 12:02:20.463000 git.huoys.com/qp/cells/module/room.(*TableMgr).OnUpdate 81 Info: TABLE OnlineTableCount total:200 valid:0 writetime:2019-05-22_12_02_20
2019/05/22 12:02:21.463000 git.huoys.com/qp/cells/module/user.(*usermodule).OnUpdate 162 Info: USER OnlineCount:0 writetime:2019-05-22_12_02_21
2019/05/22 12:02:26.463000 git.huoys.com/qp/cells/module/user.(*usermodule).OnUpdate 162 Info: USER OnlineCount:0 writetime:2019-05-22_12_02_26
2019/05/22 12:02:27.585000 git.huoys.com/qp/cells/module/auth.(*authmodule).onConnect 74 Info: AUTH onConnect sid:6 addr:172.12.10.126:56825 StartTime:1558497747.....
2019/05/22 12:02:29.649000 git.huoys.com/qp/cells/module/auth.(*authmodule).onLoginGameReq 162 Info: AUTH onLoginGameReq sid:6 uid:472680 amount:9999990 money:9999990 baseinfo:{"baseuserinfoget":{"Sex":"0","NickName":"QPM386365","Partner":[{"1":["蛋定","http://thirdwx.qlogo.cn/mmopen/vi_32/WnsycmeFbcibM4m2OrsUaJcd3VibttibCHTrBhJsic4F9eCJYOYPFHJYfao7Yl5hGjFyXLzAYHXV8dYsunx1pzibLHQ/132"]}]}} keyvaluedata:{"KV_TableData":"{\"LastLogin\":1558497331,\"PollingSec\":1558497719,\"Ratio\":10,\"Heroes\":[201],\"Positions\":[201,0,0,0,0],\"KillCount\":0,\"AllergenData\":{\"TaxReturnPool\":0,\"SettleReward\":0,\"SettleFlag\":false,\"LastTick\":0}}"}
2019/05/22 12:02:30.463000 git.huoys.com/qp/cells/module/room.(*TableMgr).OnUpdate 81 Info: TABLE OnlineTableCount total:200 valid:0 writetime:2019-05-22_12_02_30
2019/05/22 12:02:30.662000 git.huoys.com/qp/cells/module/user.(*usermodule).onJoinRoom 153 Info: USER onJoinRoom sid:6 uid:472680
2019/05/22 12:02:30.663000 git.huoys.com/qp/cells/module/room.(*roommodule).OnUserEnter 119 Info: ROOM OnUserEnter uid:472680 table_id:1
2019/05/22 12:02:31.464000 git.huoys.com/qp/cells/module/user.(*usermodule).OnUpdate 162 Info: USER OnlineCount:1 writetime:2019-05-22_12_02_31
2019/05/22 12:02:36.463000 git.huoys.com/qp/cells/module/user.(*usermodule).OnUpdate 162 Info: USER OnlineCount:1 writetime:2019-05-22_12_02_36
2019/05/22 12:02:37.475000 git.huoys.com/qp/cells/config.reloadGameConfig 370 Warning: Reload config......
2019/05/22 12:02:40.463000 git.huoys.com/qp/cells/module/room.(*TableMgr).OnUpdate 81 Info: TABLE OnlineTableCount total:200 valid:1 writetime:2019-05-22_12_02_40
2019/05/22 12:02:41.002000 git.huoys.com/qp/cells/module/auth.(*authmodule).onDisConnect 82 Info: AUTH onDisConnect sid:6 addr:172.12.10.126:56825 EndTime:1558497761.....
2019/05/22 12:02:41.003000 git.huoys.com/qp/cells/module/user.(*usermodule).OnUserLogout 87 Info: USER OnUserLogout uid:472680 sid:6 logout_type:1
2019/05/22 12:02:41.004000 git.huoys.com/qp/cells/module/room.(*roommodule).OnUserExit 139 Info: ROOM OnUserExit uid:472680 table_id:1 exit_type:1
2019/05/22 12:02:41.463000 git.huoys.com/qp/cells/module/user.(*usermodule).OnUpdate 162 Info: USER OnlineCount:1 writetime:2019-05-22_12_02_41
2019/05/22 12:02:46.463000 git.huoys.com/qp/cells/module/user.(*usermodule).OnUpdate 162 Info: USER OnlineCount:0 writetime:2019-05-22_12_02_46
2019/05/22 12:02:50.031000 git.huoys.com/qp/cells/module/auth.(*authmodule).onConnect 74 Info: AUTH onConnect sid:7 addr:172.12.10.126:56988 StartTime:1558497770.....
2019/05/22 12:02:50.463000 git.huoys.com/qp/cells/module/room.(*TableMgr).OnUpdate 81 Info: TABLE OnlineTableCount total:200 valid:0 writetime:2019-05-22_12_02_50
2019/05/22 12:02:51.039000 git.huoys.com/qp/cells/module/auth.(*authmodule).onLoginGameReq 141 Error: AUTH onLoginGameReq sid:7 uid:309162161 LoginQPHall failed code:10001
2019/05/22 12:02:51.463000 git.huoys.com/qp/cells/module/user.(*usermodule).OnUpdate 162 Info: USER OnlineCount:0 writetime:2019-05-22_12_02_51
2019/05/22 12:02:53.538000 git.huoys.com/qp/cells/module/auth.(*authmodule).onDisConnect 82 Info: AUTH onDisConnect sid:7 addr:172.12.10.126:56988 EndTime:1558497773.....
2019/05/22 12:02:56.465000 git.huoys.com/qp/cells/module/user.(*usermodule).OnUpdate 162 Info: USER OnlineCount:0 writetime:2019-05-22_12_02_56
2019/05/22 12:03:00.463000 git.huoys.com/qp/cells/module/room.(*TableMgr).OnUpdate 81 Info: TABLE OnlineTableCount total:200 valid:0 writetime:2019-05-22_12_03_00
2019/05/22 12:03:01.463000 git.huoys.com/qp/cells/module/user.(*usermodule).OnUpdate 162 Info: USER OnlineCount:0 writetime:2019-05-22_12_03_01
2019/05/22 12:03:06.463000 git.huoys.com/qp/cells/module/user.(*usermodule).OnUpdate 162 Info: USER OnlineCount:0 writetime:2019-05-22_12_03_06
2019/05/22 12:03:10.463000 git.huoys.com/qp/cells/module/room.(*TableMgr).OnUpdate 81 Info: TABLE OnlineTableCount total:200 valid:0 writetime:2019-05-22_12_03_10
2019/05/22 12:03:10.539000 git.huoys.com/qp/cells/module/auth.(*authmodule).onConnect 74 Info: AUTH onConnect sid:8 addr:172.12.10.126:57126 StartTime:1558497790.....
2019/05/22 12:03:11.463000 git.huoys.com/qp/cells/module/user.(*usermodule).OnUpdate 162 Info: USER OnlineCount:0 writetime:2019-05-22_12_03_11
2019/05/22 12:03:11.559000 git.huoys.com/qp/cells/module/auth.(*authmodule).onLoginGameReq 141 Error: AUTH onLoginGameReq sid:8 uid:309162161 LoginQPHall failed code:10001
2019/05/22 12:03:14.569000 git.huoys.com/qp/cells/module/auth.(*authmodule).onDisConnect 82 Info: AUTH onDisConnect sid:8 addr:172.12.10.126:57126 EndTime:1558497794.....
2019/05/22 12:03:16.078000 git.huoys.com/qp/cells/module/auth.(*authmodule).onConnect 74 Info: AUTH onConnect sid:9 addr:172.12.10.126:57169 StartTime:1558497796.....
2019/05/22 12:03:16.464000 git.huoys.com/qp/cells/module/user.(*usermodule).OnUpdate 162 Info: USER OnlineCount:0 writetime:2019-05-22_12_03_16
2019/05/22 12:03:18.147000 git.huoys.com/qp/cells/module/auth.(*authmodule).onLoginGameReq 162 Info: AUTH onLoginGameReq sid:9 uid:309162161 amount:0 money:0 baseinfo:{"baseuserinfoget":{"Sex":"0","NickName":"","Partner":[{}]}} keyvaluedata:{"KV_TableData":"{\"LastLogin\":1558497656,\"PollingSec\":1558497778,\"Ratio\":10,\"Heroes\":[201],\"Positions\":[201,0,0,0,0],\"KillCount\":0,\"AllergenData\":{\"TaxReturnPool\":0,\"SettleReward\":0,\"SettleFlag\":false,\"LastTick\":0}}"}
2019/05/22 12:03:19.169000 git.huoys.com/qp/cells/module/user.(*usermodule).onJoinRoom 153 Info: USER onJoinRoom sid:9 uid:309162161
2019/05/22 12:03:19.170000 git.huoys.com/qp/cells/module/room.(*roommodule).OnUserEnter 119 Info: ROOM OnUserEnter uid:309162161 table_id:1
2019/05/22 12:03:20.464000 git.huoys.com/qp/cells/module/room.(*TableMgr).OnUpdate 81 Info: TABLE OnlineTableCount total:200 valid:1 writetime:2019-05-22_12_03_20
2019/05/22 12:03:21.463000 git.huoys.com/qp/cells/module/user.(*usermodule).OnUpdate 162 Info: USER OnlineCount:1 writetime:2019-05-22_12_03_21
2019/05/22 12:03:26.463000 git.huoys.com/qp/cells/module/user.(*usermodule).OnUpdate 162 Info: USER OnlineCount:1 writetime:2019-05-22_12_03_26
2019/05/22 12:03:30.464000 git.huoys.com/qp/cells/module/room.(*TableMgr).OnUpdate 81 Info: TABLE OnlineTableCount total:200 valid:1 writetime:2019-05-22_12_03_30
2019/05/22 12:03:31.463000 git.huoys.com/qp/cells/module/user.(*usermodule).OnUpdate 162 Info: USER OnlineCount:1 writetime:2019-05-22_12_03_31
2019/05/22 12:03:36.463000 git.huoys.com/qp/cells/module/user.(*usermodule).OnUpdate 162 Info: USER OnlineCount:1 writetime:2019-05-22_12_03_36
2019/05/22 12:03:40.463000 git.huoys.com/qp/cells/module/room.(*TableMgr).OnUpdate 81 Info: TABLE OnlineTableCount total:200 valid:1 writetime:2019-05-22_12_03_40
2019/05/22 12:03:41.463000 git.huoys.com/qp/cells/module/user.(*usermodule).OnUpdate 162 Info: USER OnlineCount:1 writetime:2019-05-22_12_03_41
2019/05/22 12:03:43.235000 git.huoys.com/qp/cells/module/auth.(*authmodule).onDisConnect 82 Info: AUTH onDisConnect sid:9 addr:172.12.10.126:57169 EndTime:1558497823.....
2019/05/22 12:03:43.235000 git.huoys.com/qp/cells/module/user.(*usermodule).OnUserLogout 87 Info: USER OnUserLogout uid:309162161 sid:9 logout_type:1
2019/05/22 12:03:43.236000 git.huoys.com/qp/cells/module/room.(*roommodule).OnUserExit 139 Info: ROOM OnUserExit uid:309162161 table_id:1 exit_type:1
2019/05/22 12:03:46.463000 git.huoys.com/qp/cells/module/user.(*usermodule).OnUpdate 162 Info: USER OnlineCount:1 writetime:2019-05-22_12_03_46
2019/05/22 12:03:50.463000 git.huoys.com/qp/cells/module/room.(*TableMgr).OnUpdate 81 Info: TABLE OnlineTableCount total:200 valid:0 writetime:2019-05-22_12_03_50
2019/05/22 12:03:51.463000 git.huoys.com/qp/cells/module/user.(*usermodule).OnUpdate 162 Info: USER OnlineCount:0 writetime:2019-05-22_12_03_51
2019/05/22 12:03:56.463000 git.huoys.com/qp/cells/module/user.(*usermodule).OnUpdate 162 Info: USER OnlineCount:0 writetime:2019-05-22_12_03_56
2019/05/22 12:04:00.463000 git.huoys.com/qp/cells/module/room.(*TableMgr).OnUpdate 81 Info: TABLE OnlineTableCount total:200 valid:0 writetime:2019-05-22_12_04_00
2019/05/22 12:04:01.463000 git.huoys.com/qp/cells/module/user.(*usermodule).OnUpdate 162 Info: USER OnlineCount:0 writetime:2019-05-22_12_04_01
2019/05/22 12:04:06.464000 git.huoys.com/qp/cells/module/user.(*usermodule).OnUpdate 162 Info: USER OnlineCount:0 writetime:2019-05-22_12_04_06
2019/05/22 12:04:10.463000 git.huoys.com/qp/cells/module/room.(*TableMgr).OnUpdate 81 Info: TABLE OnlineTableCount total:200 valid:0 writetime:2019-05-22_12_04_10
2019/05/22 12:04:11.465000 git.huoys.com/qp/cells/module/user.(*usermodule).OnUpdate 162 Info: USER OnlineCount:0 writetime:2019-05-22_12_04_11
2019/05/22 12:04:16.463000 git.huoys.com/qp/cells/module/user.(*usermodule).OnUpdate 162 Info: USER OnlineCount:0 writetime:2019-05-22_12_04_16
2019/05/22 12:04:20.463000 git.huoys.com/qp/cells/module/room.(*TableMgr).OnUpdate 81 Info: TABLE OnlineTableCount total:200 valid:0 writetime:2019-05-22_12_04_20
2019/05/22 12:04:21.463000 git.huoys.com/qp/cells/module/user.(*usermodule).OnUpdate 162 Info: USER OnlineCount:0 writetime:2019-05-22_12_04_21
2019/05/22 12:04:26.463000 git.huoys.com/qp/cells/module/user.(*usermodule).OnUpdate 162 Info: USER OnlineCount:0 writetime:2019-05-22_12_04_26
2019/05/22 12:04:30.463000 git.huoys.com/qp/cells/module/room.(*TableMgr).OnUpdate 81 Info: TABLE OnlineTableCount total:200 valid:0 writetime:2019-05-22_12_04_30
2019/05/22 12:04:31.463000 git.huoys.com/qp/cells/module/user.(*usermodule).OnUpdate 162 Info: USER OnlineCount:0 writetime:2019-05-22_12_04_31
2019/05/22 12:04:36.350000 git.huoys.com/qp/cells/module/auth.(*authmodule).onConnect 74 Info: AUTH onConnect sid:10 addr:172.12.10.126:57676 StartTime:1558497876.....
2019/05/22 12:04:36.463000 git.huoys.com/qp/cells/module/user.(*usermodule).OnUpdate 162 Info: USER OnlineCount:0 writetime:2019-05-22_12_04_36
2019/05/22 12:04:38.393000 git.huoys.com/qp/cells/module/auth.(*authmodule).onLoginGameReq 162 Info: AUTH onLoginGameReq sid:10 uid:309162161 amount:0 money:0 baseinfo:{"baseuserinfoget":{"Sex":"0","NickName":"","Partner":[{}]}} keyvaluedata:{"KV_TableData":"{\"LastLogin\":1558497656,\"PollingSec\":1558497836,\"Ratio\":10,\"Heroes\":[201],\"Positions\":[201,0,0,0,0],\"KillCount\":0,\"AllergenData\":{\"TaxReturnPool\":0,\"SettleReward\":0,\"SettleFlag\":false,\"LastTick\":0}}"}
2019/05/22 12:04:39.415000 git.huoys.com/qp/cells/module/user.(*usermodule).onJoinRoom 153 Info: USER onJoinRoom sid:10 uid:309162161
2019/05/22 12:04:39.415000 git.huoys.com/qp/cells/module/room.(*roommodule).OnUserEnter 119 Info: ROOM OnUserEnter uid:309162161 table_id:1
2019/05/22 12:04:40.476000 git.huoys.com/qp/cells/module/room.(*TableMgr).OnUpdate 81 Info: TABLE OnlineTableCount total:200 valid:1 writetime:2019-05-22_12_04_40
2019/05/22 12:04:41.463000 git.huoys.com/qp/cells/module/user.(*usermodule).OnUpdate 162 Info: USER OnlineCount:1 writetime:2019-05-22_12_04_41
2019/05/22 12:04:46.463000 git.huoys.com/qp/cells/module/user.(*usermodule).OnUpdate 162 Info: USER OnlineCount:1 writetime:2019-05-22_12_04_46
2019/05/22 12:04:50.464000 git.huoys.com/qp/cells/module/room.(*TableMgr).OnUpdate 81 Info: TABLE OnlineTableCount total:200 valid:1 writetime:2019-05-22_12_04_50
2019/05/22 12:04:51.463000 git.huoys.com/qp/cells/module/user.(*usermodule).OnUpdate 162 Info: USER OnlineCount:1 writetime:2019-05-22_12_04_51
2019/05/22 12:04:53.593000 git.huoys.com/qp/cells/module/auth.(*authmodule).onDisConnect 82 Info: AUTH onDisConnect sid:10 addr:172.12.10.126:57676 EndTime:1558497893.....
2019/05/22 12:04:53.594000 git.huoys.com/qp/cells/module/user.(*usermodule).OnUserLogout 87 Info: USER OnUserLogout uid:309162161 sid:10 logout_type:1
2019/05/22 12:04:53.594000 git.huoys.com/qp/cells/module/room.(*roommodule).OnUserExit 139 Info: ROOM OnUserExit uid:309162161 table_id:1 exit_type:1
2019/05/22 12:04:56.463000 git.huoys.com/qp/cells/module/user.(*usermodule).OnUpdate 162 Info: USER OnlineCount:1 writetime:2019-05-22_12_04_56
2019/05/22 12:05:00.464000 git.huoys.com/qp/cells/module/room.(*TableMgr).OnUpdate 81 Info: TABLE OnlineTableCount total:200 valid:0 writetime:2019-05-22_12_05_00
2019/05/22 12:05:01.463000 git.huoys.com/qp/cells/module/user.(*usermodule).OnUpdate 162 Info: USER OnlineCount:0 writetime:2019-05-22_12_05_01
2019/05/22 12:05:06.463000 git.huoys.com/qp/cells/module/user.(*usermodule).OnUpdate 162 Info: USER OnlineCount:0 writetime:2019-05-22_12_05_06
2019/05/22 12:05:10.463000 git.huoys.com/qp/cells/module/room.(*TableMgr).OnUpdate 81 Info: TABLE OnlineTableCount total:200 valid:0 writetime:2019-05-22_12_05_10
2019/05/22 12:05:11.464000 git.huoys.com/qp/cells/module/user.(*usermodule).OnUpdate 162 Info: USER OnlineCount:0 writetime:2019-05-22_12_05_11
2019/05/22 12:05:16.464000 git.huoys.com/qp/cells/module/user.(*usermodule).OnUpdate 162 Info: USER OnlineCount:0 writetime:2019-05-22_12_05_16
2019/05/22 12:05:20.463000 git.huoys.com/qp/cells/module/room.(*TableMgr).OnUpdate 81 Info: TABLE OnlineTableCount total:200 valid:0 writetime:2019-05-22_12_05_20
2019/05/22 12:05:21.463000 git.huoys.com/qp/cells/module/user.(*usermodule).OnUpdate 162 Info: USER OnlineCount:0 writetime:2019-05-22_12_05_21
2019/05/22 12:05:26.464000 git.huoys.com/qp/cells/module/user.(*usermodule).OnUpdate 162 Info: USER OnlineCount:0 writetime:2019-05-22_12_05_26
2019/05/22 12:05:30.463000 git.huoys.com/qp/cells/module/room.(*TableMgr).OnUpdate 81 Info: TABLE OnlineTableCount total:200 valid:0 writetime:2019-05-22_12_05_30
2019/05/22 12:05:31.464000 git.huoys.com/qp/cells/module/user.(*usermodule).OnUpdate 162 Info: USER OnlineCount:0 writetime:2019-05-22_12_05_31
2019/05/22 12:05:36.463000 git.huoys.com/qp/cells/module/user.(*usermodule).OnUpdate 162 Info: USER OnlineCount:0 writetime:2019-05-22_12_05_36
2019/05/22 12:05:40.463000 git.huoys.com/qp/cells/module/room.(*TableMgr).OnUpdate 81 Info: TABLE OnlineTableCount total:200 valid:0 writetime:2019-05-22_12_05_40
2019/05/22 12:05:41.463000 git.huoys.com/qp/cells/module/user.(*usermodule).OnUpdate 162 Info: USER OnlineCount:0 writetime:2019-05-22_12_05_41
2019/05/22 12:05:46.463000 git.huoys.com/qp/cells/module/user.(*usermodule).OnUpdate 162 Info: USER OnlineCount:0 writetime:2019-05-22_12_05_46
2019/05/22 12:05:50.463000 git.huoys.com/qp/cells/module/room.(*TableMgr).OnUpdate 81 Info: TABLE OnlineTableCount total:200 valid:0 writetime:2019-05-22_12_05_50
2019/05/22 12:05:51.463000 git.huoys.com/qp/cells/module/user.(*usermodule).OnUpdate 162 Info: USER OnlineCount:0 writetime:2019-05-22_12_05_51
2019/05/22 12:05:56.463000 git.huoys.com/qp/cells/module/user.(*usermodule).OnUpdate 162 Info: USER OnlineCount:0 writetime:2019-05-22_12_05_56
2019/05/22 12:06:00.463000 git.huoys.com/qp/cells/module/room.(*TableMgr).OnUpdate 81 Info: TABLE OnlineTableCount total:200 valid:0 writetime:2019-05-22_12_06_00
2019/05/22 12:06:01.463000 git.huoys.com/qp/cells/module/user.(*usermodule).OnUpdate 162 Info: USER OnlineCount:0 writetime:2019-05-22_12_06_01
2019/05/22 12:06:06.464000 git.huoys.com/qp/cells/module/user.(*usermodule).OnUpdate 162 Info: USER OnlineCount:0 writetime:2019-05-22_12_06_06
2019/05/22 12:06:10.464000 git.huoys.com/qp/cells/module/room.(*TableMgr).OnUpdate 81 Info: TABLE OnlineTableCount total:200 valid:0 writetime:2019-05-22_12_06_10
2019/05/22 12:06:11.464000 git.huoys.com/qp/cells/module/user.(*usermodule).OnUpdate 162 Info: USER OnlineCount:0 writetime:2019-05-22_12_06_11
2019/05/22 12:06:16.464000 git.huoys.com/qp/cells/module/user.(*usermodule).OnUpdate 162 Info: USER OnlineCount:0 writetime:2019-05-22_12_06_16
2019/05/22 12:06:20.464000 git.huoys.com/qp/cells/module/room.(*TableMgr).OnUpdate 81 Info: TABLE OnlineTableCount total:200 valid:0 writetime:2019-05-22_12_06_20
2019/05/22 12:06:21.464000 git.huoys.com/qp/cells/module/user.(*usermodule).OnUpdate 162 Info: USER OnlineCount:0 writetime:2019-05-22_12_06_21
2019/05/22 12:06:26.464000 git.huoys.com/qp/cells/module/user.(*usermodule).OnUpdate 162 Info: USER OnlineCount:0 writetime:2019-05-22_12_06_26
2019/05/22 12:06:30.465000 git.huoys.com/qp/cells/module/room.(*TableMgr).OnUpdate 81 Info: TABLE OnlineTableCount total:200 valid:0 writetime:2019-05-22_12_06_30
2019/05/22 12:06:31.465000 git.huoys.com/qp/cells/module/user.(*usermodule).OnUpdate 162 Info: USER OnlineCount:0 writetime:2019-05-22_12_06_31
2019/05/22 12:06:36.464000 git.huoys.com/qp/cells/module/user.(*usermodule).OnUpdate 162 Info: USER OnlineCount:0 writetime:2019-05-22_12_06_36
2019/05/22 12:06:40.465000 git.huoys.com/qp/cells/module/room.(*TableMgr).OnUpdate 81 Info: TABLE OnlineTableCount total:200 valid:0 writetime:2019-05-22_12_06_40
2019/05/22 12:06:41.464000 git.huoys.com/qp/cells/module/user.(*usermodule).OnUpdate 162 Info: USER OnlineCount:0 writetime:2019-05-22_12_06_41
2019/05/22 12:06:46.464000 git.huoys.com/qp/cells/module/user.(*usermodule).OnUpdate 162 Info: USER OnlineCount:0 writetime:2019-05-22_12_06_46
2019/05/22 12:06:46.787000 git.huoys.com/qp/cells/module/auth.(*authmodule).onConnect 74 Info: AUTH onConnect sid:11 addr:172.12.10.126:58455 StartTime:1558498006.....
2019/05/22 12:06:47.809000 git.huoys.com/qp/cells/module/auth.(*authmodule).onLoginGameReq 141 Error: AUTH onLoginGameReq sid:11 uid:309162161 LoginQPHall failed code:10001
2019/05/22 12:06:50.464000 git.huoys.com/qp/cells/module/room.(*TableMgr).OnUpdate 81 Info: TABLE OnlineTableCount total:200 valid:0 writetime:2019-05-22_12_06_50
2019/05/22 12:06:51.465000 git.huoys.com/qp/cells/module/user.(*usermodule).OnUpdate 162 Info: USER OnlineCount:0 writetime:2019-05-22_12_06_51
2019/05/22 12:06:52.022000 git.huoys.com/qp/cells/module/auth.(*authmodule).onDisConnect 82 Info: AUTH onDisConnect sid:11 addr:172.12.10.126:58455 EndTime:1558498012.....
2019/05/22 12:06:56.464000 git.huoys.com/qp/cells/module/user.(*usermodule).OnUpdate 162 Info: USER OnlineCount:0 writetime:2019-05-22_12_06_56
2019/05/22 12:07:00.464000 git.huoys.com/qp/cells/module/room.(*TableMgr).OnUpdate 81 Info: TABLE OnlineTableCount total:200 valid:0 writetime:2019-05-22_12_07_00
2019/05/22 12:07:01.465000 git.huoys.com/qp/cells/module/user.(*usermodule).OnUpdate 162 Info: USER OnlineCount:0 writetime:2019-05-22_12_07_01
2019/05/22 12:07:04.509000 git.huoys.com/qp/cells/module/auth.(*authmodule).onConnect 74 Info: AUTH onConnect sid:12 addr:172.12.10.126:58591 StartTime:1558498024.....
2019/05/22 12:07:06.465000 git.huoys.com/qp/cells/module/user.(*usermodule).OnUpdate 162 Info: USER OnlineCount:0 writetime:2019-05-22_12_07_06
2019/05/22 12:07:06.556000 git.huoys.com/qp/cells/module/auth.(*authmodule).onLoginGameReq 162 Info: AUTH onLoginGameReq sid:12 uid:309162161 amount:0 money:0 baseinfo:{"baseuserinfoget":{"Sex":"0","NickName":"","Partner":[{}]}} keyvaluedata:{"KV_TableData":"{\"LastLogin\":1558497656,\"PollingSec\":1558497988,\"Ratio\":10,\"Heroes\":[201],\"Positions\":[201,0,0,0,0],\"KillCount\":0,\"AllergenData\":{\"TaxReturnPool\":0,\"SettleReward\":0,\"SettleFlag\":false,\"LastTick\":0}}"}
2019/05/22 12:07:07.573000 git.huoys.com/qp/cells/module/user.(*usermodule).onJoinRoom 153 Info: USER onJoinRoom sid:12 uid:309162161
2019/05/22 12:07:07.574000 git.huoys.com/qp/cells/module/room.(*roommodule).OnUserEnter 119 Info: ROOM OnUserEnter uid:309162161 table_id:1
2019/05/22 12:07:10.464000 git.huoys.com/qp/cells/module/room.(*TableMgr).OnUpdate 81 Info: TABLE OnlineTableCount total:200 valid:1 writetime:2019-05-22_12_07_10
2019/05/22 12:07:11.464000 git.huoys.com/qp/cells/module/user.(*usermodule).OnUpdate 162 Info: USER OnlineCount:1 writetime:2019-05-22_12_07_11
2019/05/22 12:07:16.465000 git.huoys.com/qp/cells/module/user.(*usermodule).OnUpdate 162 Info: USER OnlineCount:1 writetime:2019-05-22_12_07_16
2019/05/22 12:07:20.464000 git.huoys.com/qp/cells/module/room.(*TableMgr).OnUpdate 81 Info: TABLE OnlineTableCount total:200 valid:1 writetime:2019-05-22_12_07_20
2019/05/22 12:07:21.464000 git.huoys.com/qp/cells/module/user.(*usermodule).OnUpdate 162 Info: USER OnlineCount:1 writetime:2019-05-22_12_07_21
2019/05/22 12:07:26.464000 git.huoys.com/qp/cells/module/user.(*usermodule).OnUpdate 162 Info: USER OnlineCount:1 writetime:2019-05-22_12_07_26
2019/05/22 12:07:30.466000 git.huoys.com/qp/cells/module/room.(*TableMgr).OnUpdate 81 Info: TABLE OnlineTableCount total:200 valid:1 writetime:2019-05-22_12_07_30
2019/05/22 12:07:31.465000 git.huoys.com/qp/cells/module/user.(*usermodule).OnUpdate 162 Info: USER OnlineCount:1 writetime:2019-05-22_12_07_31
2019/05/22 12:07:36.465000 git.huoys.com/qp/cells/module/user.(*usermodule).OnUpdate 162 Info: USER OnlineCount:1 writetime:2019-05-22_12_07_36
2019/05/22 12:07:37.480000 git.huoys.com/qp/cells/config.reloadGameConfig 370 Warning: Reload config......
2019/05/22 12:07:40.479000 git.huoys.com/qp/cells/module/room.(*TableMgr).OnUpdate 81 Info: TABLE OnlineTableCount total:200 valid:1 writetime:2019-05-22_12_07_40
2019/05/22 12:07:41.465000 git.huoys.com/qp/cells/module/user.(*usermodule).OnUpdate 162 Info: USER OnlineCount:1 writetime:2019-05-22_12_07_41
2019/05/22 12:07:41.889000 git.huoys.com/qp/cells/module/auth.(*authmodule).onDisConnect 82 Info: AUTH onDisConnect sid:12 addr:172.12.10.126:58591 EndTime:1558498061.....
2019/05/22 12:07:41.908000 git.huoys.com/qp/cells/module/user.(*usermodule).OnUserLogout 87 Info: USER OnUserLogout uid:309162161 sid:12 logout_type:1
2019/05/22 12:07:41.909000 git.huoys.com/qp/cells/module/room.(*roommodule).OnUserExit 139 Info: ROOM OnUserExit uid:309162161 table_id:1 exit_type:1
2019/05/22 12:07:46.465000 git.huoys.com/qp/cells/module/user.(*usermodule).OnUpdate 162 Info: USER OnlineCount:0 writetime:2019-05-22_12_07_46
2019/05/22 12:07:50.465000 git.huoys.com/qp/cells/module/room.(*TableMgr).OnUpdate 81 Info: TABLE OnlineTableCount total:200 valid:0 writetime:2019-05-22_12_07_50
2019/05/22 12:07:51.465000 git.huoys.com/qp/cells/module/user.(*usermodule).OnUpdate 162 Info: USER OnlineCount:0 writetime:2019-05-22_12_07_51
2019/05/22 12:07:56.465000 git.huoys.com/qp/cells/module/user.(*usermodule).OnUpdate 162 Info: USER OnlineCount:0 writetime:2019-05-22_12_07_56
2019/05/22 12:08:00.465000 git.huoys.com/qp/cells/module/room.(*TableMgr).OnUpdate 81 Info: TABLE OnlineTableCount total:200 valid:0 writetime:2019-05-22_12_08_00
2019/05/22 12:08:01.466000 git.huoys.com/qp/cells/module/user.(*usermodule).OnUpdate 162 Info: USER OnlineCount:0 writetime:2019-05-22_12_08_01
2019/05/22 12:08:06.465000 git.huoys.com/qp/cells/module/user.(*usermodule).OnUpdate 162 Info: USER OnlineCount:0 writetime:2019-05-22_12_08_06
2019/05/22 12:08:10.465000 git.huoys.com/qp/cells/module/room.(*TableMgr).OnUpdate 81 Info: TABLE OnlineTableCount total:200 valid:0 writetime:2019-05-22_12_08_10
2019/05/22 12:08:11.465000 git.huoys.com/qp/cells/module/user.(*usermodule).OnUpdate 162 Info: USER OnlineCount:0 writetime:2019-05-22_12_08_11
2019/05/22 12:08:16.465000 git.huoys.com/qp/cells/module/user.(*usermodule).OnUpdate 162 Info: USER OnlineCount:0 writetime:2019-05-22_12_08_16
2019/05/22 12:08:20.466000 git.huoys.com/qp/cells/module/room.(*TableMgr).OnUpdate 81 Info: TABLE OnlineTableCount total:200 valid:0 writetime:2019-05-22_12_08_20
2019/05/22 12:08:21.465000 git.huoys.com/qp/cells/module/user.(*usermodule).OnUpdate 162 Info: USER OnlineCount:0 writetime:2019-05-22_12_08_21
2019/05/22 12:08:26.465000 git.huoys.com/qp/cells/module/user.(*usermodule).OnUpdate 162 Info: USER OnlineCount:0 writetime:2019-05-22_12_08_26
2019/05/22 12:08:30.465000 git.huoys.com/qp/cells/module/room.(*TableMgr).OnUpdate 81 Info: TABLE OnlineTableCount total:200 valid:0 writetime:2019-05-22_12_08_30
2019/05/22 12:08:31.465000 git.huoys.com/qp/cells/module/user.(*usermodule).OnUpdate 162 Info: USER OnlineCount:0 writetime:2019-05-22_12_08_31
2019/05/22 12:08:36.465000 git.huoys.com/qp/cells/module/user.(*usermodule).OnUpdate 162 Info: USER OnlineCount:0 writetime:2019-05-22_12_08_36
2019/05/22 12:08:40.465000 git.huoys.com/qp/cells/module/room.(*TableMgr).OnUpdate 81 Info: TABLE OnlineTableCount total:200 valid:0 writetime:2019-05-22_12_08_40
2019/05/22 12:08:41.465000 git.huoys.com/qp/cells/module/user.(*usermodule).OnUpdate 162 Info: USER OnlineCount:0 writetime:2019-05-22_12_08_41
2019/05/22 12:08:46.465000 git.huoys.com/qp/cells/module/user.(*usermodule).OnUpdate 162 Info: USER OnlineCount:0 writetime:2019-05-22_12_08_46
2019/05/22 12:08:50.465000 git.huoys.com/qp/cells/module/room.(*TableMgr).OnUpdate 81 Info: TABLE OnlineTableCount total:200 valid:0 writetime:2019-05-22_12_08_50
2019/05/22 12:08:51.465000 git.huoys.com/qp/cells/module/user.(*usermodule).OnUpdate 162 Info: USER OnlineCount:0 writetime:2019-05-22_12_08_51
2019/05/22 12:08:56.465000 git.huoys.com/qp/cells/module/user.(*usermodule).OnUpdate 162 Info: USER OnlineCount:0 writetime:2019-05-22_12_08_56
2019/05/22 12:09:00.465000 git.huoys.com/qp/cells/module/room.(*TableMgr).OnUpdate 81 Info: TABLE OnlineTableCount total:200 valid:0 writetime:2019-05-22_12_09_00
2019/05/22 12:09:01.465000 git.huoys.com/qp/cells/module/user.(*usermodule).OnUpdate 162 Info: USER OnlineCount:0 writetime:2019-05-22_12_09_01
2019/05/22 12:09:06.465000 git.huoys.com/qp/cells/module/user.(*usermodule).OnUpdate 162 Info: USER OnlineCount:0 writetime:2019-05-22_12_09_06
2019/05/22 12:09:10.465000 git.huoys.com/qp/cells/module/room.(*TableMgr).OnUpdate 81 Info: TABLE OnlineTableCount total:200 valid:0 writetime:2019-05-22_12_09_10
2019/05/22 12:09:11.465000 git.huoys.com/qp/cells/module/user.(*usermodule).OnUpdate 162 Info: USER OnlineCount:0 writetime:2019-05-22_12_09_11
2019/05/22 12:09:16.465000 git.huoys.com/qp/cells/module/user.(*usermodule).OnUpdate 162 Info: USER OnlineCount:0 writetime:2019-05-22_12_09_16
2019/05/22 12:09:20.465000 git.huoys.com/qp/cells/module/room.(*TableMgr).OnUpdate 81 Info: TABLE OnlineTableCount total:200 valid:0 writetime:2019-05-22_12_09_20
2019/05/22 12:09:21.465000 git.huoys.com/qp/cells/module/user.(*usermodule).OnUpdate 162 Info: USER OnlineCount:0 writetime:2019-05-22_12_09_21
2019/05/22 12:09:26.466000 git.huoys.com/qp/cells/module/user.(*usermodule).OnUpdate 162 Info: USER OnlineCount:0 writetime:2019-05-22_12_09_26
2019/05/22 12:09:30.465000 git.huoys.com/qp/cells/module/room.(*TableMgr).OnUpdate 81 Info: TABLE OnlineTableCount total:200 valid:0 writetime:2019-05-22_12_09_30
2019/05/22 12:09:31.465000 git.huoys.com/qp/cells/module/user.(*usermodule).OnUpdate 162 Info: USER OnlineCount:0 writetime:2019-05-22_12_09_31
2019/05/22 12:09:36.466000 git.huoys.com/qp/cells/module/user.(*usermodule).OnUpdate 162 Info: USER OnlineCount:0 writetime:2019-05-22_12_09_36
2019/05/22 12:09:40.465000 git.huoys.com/qp/cells/module/room.(*TableMgr).OnUpdate 81 Info: TABLE OnlineTableCount total:200 valid:0 writetime:2019-05-22_12_09_40
2019/05/22 12:09:41.465000 git.huoys.com/qp/cells/module/user.(*usermodule).OnUpdate 162 Info: USER OnlineCount:0 writetime:2019-05-22_12_09_41
2019/05/22 12:09:46.466000 git.huoys.com/qp/cells/module/user.(*usermodule).OnUpdate 162 Info: USER OnlineCount:0 writetime:2019-05-22_12_09_46
2019/05/22 12:09:50.465000 git.huoys.com/qp/cells/module/room.(*TableMgr).OnUpdate 81 Info: TABLE OnlineTableCount total:200 valid:0 writetime:2019-05-22_12_09_50
2019/05/22 12:09:51.465000 git.huoys.com/qp/cells/module/user.(*usermodule).OnUpdate 162 Info: USER OnlineCount:0 writetime:2019-05-22_12_09_51
2019/05/22 12:09:56.466000 git.huoys.com/qp/cells/module/user.(*usermodule).OnUpdate 162 Info: USER OnlineCount:0 writetime:2019-05-22_12_09_56
2019/05/22 12:10:00.465000 git.huoys.com/qp/cells/module/room.(*TableMgr).OnUpdate 81 Info: TABLE OnlineTableCount total:200 valid:0 writetime:2019-05-22_12_10_00
2019/05/22 12:10:01.465000 git.huoys.com/qp/cells/module/user.(*usermodule).OnUpdate 162 Info: USER OnlineCount:0 writetime:2019-05-22_12_10_01
2019/05/22 12:10:06.465000 git.huoys.com/qp/cells/module/user.(*usermodule).OnUpdate 162 Info: USER OnlineCount:0 writetime:2019-05-22_12_10_06
2019/05/22 12:10:10.465000 git.huoys.com/qp/cells/module/room.(*TableMgr).OnUpdate 81 Info: TABLE OnlineTableCount total:200 valid:0 writetime:2019-05-22_12_10_10
2019/05/22 12:10:11.465000 git.huoys.com/qp/cells/module/user.(*usermodule).OnUpdate 162 Info: USER OnlineCount:0 writetime:2019-05-22_12_10_11
2019/05/22 12:10:16.465000 git.huoys.com/qp/cells/module/user.(*usermodule).OnUpdate 162 Info: USER OnlineCount:0 writetime:2019-05-22_12_10_16
2019/05/22 12:10:20.465000 git.huoys.com/qp/cells/module/room.(*TableMgr).OnUpdate 81 Info: TABLE OnlineTableCount total:200 valid:0 writetime:2019-05-22_12_10_20
2019/05/22 12:10:21.465000 git.huoys.com/qp/cells/module/user.(*usermodule).OnUpdate 162 Info: USER OnlineCount:0 writetime:2019-05-22_12_10_21
2019/05/22 12:10:26.465000 git.huoys.com/qp/cells/module/user.(*usermodule).OnUpdate 162 Info: USER OnlineCount:0 writetime:2019-05-22_12_10_26
2019/05/22 12:10:30.464000 git.huoys.com/qp/cells/module/room.(*TableMgr).OnUpdate 81 Info: TABLE OnlineTableCount total:200 valid:0 writetime:2019-05-22_12_10_30
2019/05/22 12:10:31.465000 git.huoys.com/qp/cells/module/user.(*usermodule).OnUpdate 162 Info: USER OnlineCount:0 writetime:2019-05-22_12_10_31
2019/05/22 12:10:36.466000 git.huoys.com/qp/cells/module/user.(*usermodule).OnUpdate 162 Info: USER OnlineCount:0 writetime:2019-05-22_12_10_36
2019/05/22 12:10:40.480000 git.huoys.com/qp/cells/module/room.(*TableMgr).OnUpdate 81 Info: TABLE OnlineTableCount total:200 valid:0 writetime:2019-05-22_12_10_40
2019/05/22 12:10:41.465000 git.huoys.com/qp/cells/module/user.(*usermodule).OnUpdate 162 Info: USER OnlineCount:0 writetime:2019-05-22_12_10_41
2019/05/22 12:10:46.465000 git.huoys.com/qp/cells/module/user.(*usermodule).OnUpdate 162 Info: USER OnlineCount:0 writetime:2019-05-22_12_10_46
2019/05/22 12:10:50.465000 git.huoys.com/qp/cells/module/room.(*TableMgr).OnUpdate 81 Info: TABLE OnlineTableCount total:200 valid:0 writetime:2019-05-22_12_10_50
2019/05/22 12:10:51.465000 git.huoys.com/qp/cells/module/user.(*usermodule).OnUpdate 162 Info: USER OnlineCount:0 writetime:2019-05-22_12_10_51
2019/05/22 12:10:56.465000 git.huoys.com/qp/cells/module/user.(*usermodule).OnUpdate 162 Info: USER OnlineCount:0 writetime:2019-05-22_12_10_56
2019/05/22 12:11:00.465000 git.huoys.com/qp/cells/module/room.(*TableMgr).OnUpdate 81 Info: TABLE OnlineTableCount total:200 valid:0 writetime:2019-05-22_12_11_00
2019/05/22 12:11:01.465000 git.huoys.com/qp/cells/module/user.(*usermodule).OnUpdate 162 Info: USER OnlineCount:0 writetime:2019-05-22_12_11_01
2019/05/22 12:11:06.466000 git.huoys.com/qp/cells/module/user.(*usermodule).OnUpdate 162 Info: USER OnlineCount:0 writetime:2019-05-22_12_11_06
2019/05/22 12:11:10.466000 git.huoys.com/qp/cells/module/room.(*TableMgr).OnUpdate 81 Info: TABLE OnlineTableCount total:200 valid:0 writetime:2019-05-22_12_11_10
2019/05/22 12:11:11.466000 git.huoys.com/qp/cells/module/user.(*usermodule).OnUpdate 162 Info: USER OnlineCount:0 writetime:2019-05-22_12_11_11
2019/05/22 12:11:16.465000 git.huoys.com/qp/cells/module/user.(*usermodule).OnUpdate 162 Info: USER OnlineCount:0 writetime:2019-05-22_12_11_16
2019/05/22 12:11:20.466000 git.huoys.com/qp/cells/module/room.(*TableMgr).OnUpdate 81 Info: TABLE OnlineTableCount total:200 valid:0 writetime:2019-05-22_12_11_20
2019/05/22 12:11:21.466000 git.huoys.com/qp/cells/module/user.(*usermodule).OnUpdate 162 Info: USER OnlineCount:0 writetime:2019-05-22_12_11_21
2019/05/22 12:11:26.466000 git.huoys.com/qp/cells/module/user.(*usermodule).OnUpdate 162 Info: USER OnlineCount:0 writetime:2019-05-22_12_11_26
2019/05/22 12:11:30.465000 git.huoys.com/qp/cells/module/room.(*TableMgr).OnUpdate 81 Info: TABLE OnlineTableCount total:200 valid:0 writetime:2019-05-22_12_11_30
2019/05/22 12:11:31.465000 git.huoys.com/qp/cells/module/user.(*usermodule).OnUpdate 162 Info: USER OnlineCount:0 writetime:2019-05-22_12_11_31
2019/05/22 12:11:36.466000 git.huoys.com/qp/cells/module/user.(*usermodule).OnUpdate 162 Info: USER OnlineCount:0 writetime:2019-05-22_12_11_36
2019/05/22 12:11:40.466000 git.huoys.com/qp/cells/module/room.(*TableMgr).OnUpdate 81 Info: TABLE OnlineTableCount total:200 valid:0 writetime:2019-05-22_12_11_40
2019/05/22 12:11:41.466000 git.huoys.com/qp/cells/module/user.(*usermodule).OnUpdate 162 Info: USER OnlineCount:0 writetime:2019-05-22_12_11_41
2019/05/22 12:11:46.466000 git.huoys.com/qp/cells/module/user.(*usermodule).OnUpdate 162 Info: USER OnlineCount:0 writetime:2019-05-22_12_11_46
2019/05/22 12:11:50.466000 git.huoys.com/qp/cells/module/room.(*TableMgr).OnUpdate 81 Info: TABLE OnlineTableCount total:200 valid:0 writetime:2019-05-22_12_11_50
2019/05/22 12:11:51.466000 git.huoys.com/qp/cells/module/user.(*usermodule).OnUpdate 162 Info: USER OnlineCount:0 writetime:2019-05-22_12_11_51
2019/05/22 12:11:56.465000 git.huoys.com/qp/cells/module/user.(*usermodule).OnUpdate 162 Info: USER OnlineCount:0 writetime:2019-05-22_12_11_56
2019/05/22 12:12:00.466000 git.huoys.com/qp/cells/module/room.(*TableMgr).OnUpdate 81 Info: TABLE OnlineTableCount total:200 valid:0 writetime:2019-05-22_12_12_00
2019/05/22 12:12:01.466000 git.huoys.com/qp/cells/module/user.(*usermodule).OnUpdate 162 Info: USER OnlineCount:0 writetime:2019-05-22_12_12_01
2019/05/22 12:12:06.466000 git.huoys.com/qp/cells/module/user.(*usermodule).OnUpdate 162 Info: USER OnlineCount:0 writetime:2019-05-22_12_12_06
2019/05/22 12:12:10.466000 git.huoys.com/qp/cells/module/room.(*TableMgr).OnUpdate 81 Info: TABLE OnlineTableCount total:200 valid:0 writetime:2019-05-22_12_12_10
2019/05/22 12:12:11.466000 git.huoys.com/qp/cells/module/user.(*usermodule).OnUpdate 162 Info: USER OnlineCount:0 writetime:2019-05-22_12_12_11
2019/05/22 12:12:16.466000 git.huoys.com/qp/cells/module/user.(*usermodule).OnUpdate 162 Info: USER OnlineCount:0 writetime:2019-05-22_12_12_16
2019/05/22 12:12:20.466000 git.huoys.com/qp/cells/module/room.(*TableMgr).OnUpdate 81 Info: TABLE OnlineTableCount total:200 valid:0 writetime:2019-05-22_12_12_20
2019/05/22 12:12:21.466000 git.huoys.com/qp/cells/module/user.(*usermodule).OnUpdate 162 Info: USER OnlineCount:0 writetime:2019-05-22_12_12_21
2019/05/22 12:12:26.466000 git.huoys.com/qp/cells/module/user.(*usermodule).OnUpdate 162 Info: USER OnlineCount:0 writetime:2019-05-22_12_12_26
2019/05/22 12:12:30.467000 git.huoys.com/qp/cells/module/room.(*TableMgr).OnUpdate 81 Info: TABLE OnlineTableCount total:200 valid:0 writetime:2019-05-22_12_12_30
2019/05/22 12:12:31.467000 git.huoys.com/qp/cells/module/user.(*usermodule).OnUpdate 162 Info: USER OnlineCount:0 writetime:2019-05-22_12_12_31
2019/05/22 12:12:36.467000 git.huoys.com/qp/cells/module/user.(*usermodule).OnUpdate 162 Info: USER OnlineCount:0 writetime:2019-05-22_12_12_36
2019/05/22 12:12:37.486000 git.huoys.com/qp/cells/config.reloadGameConfig 370 Warning: Reload config......
2019/05/22 12:12:40.468000 git.huoys.com/qp/cells/module/room.(*TableMgr).OnUpdate 81 Info: TABLE OnlineTableCount total:200 valid:0 writetime:2019-05-22_12_12_40
2019/05/22 12:12:41.467000 git.huoys.com/qp/cells/module/user.(*usermodule).OnUpdate 162 Info: USER OnlineCount:0 writetime:2019-05-22_12_12_41
2019/05/22 12:12:46.467000 git.huoys.com/qp/cells/module/user.(*usermodule).OnUpdate 162 Info: USER OnlineCount:0 writetime:2019-05-22_12_12_46
2019/05/22 12:12:50.467000 git.huoys.com/qp/cells/module/room.(*TableMgr).OnUpdate 81 Info: TABLE OnlineTableCount total:200 valid:0 writetime:2019-05-22_12_12_50
2019/05/22 12:12:51.467000 git.huoys.com/qp/cells/module/user.(*usermodule).OnUpdate 162 Info: USER OnlineCount:0 writetime:2019-05-22_12_12_51
2019/05/22 12:12:56.467000 git.huoys.com/qp/cells/module/user.(*usermodule).OnUpdate 162 Info: USER OnlineCount:0 writetime:2019-05-22_12_12_56
2019/05/22 12:13:00.467000 git.huoys.com/qp/cells/module/room.(*TableMgr).OnUpdate 81 Info: TABLE OnlineTableCount total:200 valid:0 writetime:2019-05-22_12_13_00
2019/05/22 12:13:01.468000 git.huoys.com/qp/cells/module/user.(*usermodule).OnUpdate 162 Info: USER OnlineCount:0 writetime:2019-05-22_12_13_01
2019/05/22 12:13:06.467000 git.huoys.com/qp/cells/module/user.(*usermodule).OnUpdate 162 Info: USER OnlineCount:0 writetime:2019-05-22_12_13_06
2019/05/22 12:13:10.467000 git.huoys.com/qp/cells/module/room.(*TableMgr).OnUpdate 81 Info: TABLE OnlineTableCount total:200 valid:0 writetime:2019-05-22_12_13_10
2019/05/22 12:13:11.467000 git.huoys.com/qp/cells/module/user.(*usermodule).OnUpdate 162 Info: USER OnlineCount:0 writetime:2019-05-22_12_13_11
2019/05/22 12:13:16.470000 git.huoys.com/qp/cells/module/user.(*usermodule).OnUpdate 162 Info: USER OnlineCount:0 writetime:2019-05-22_12_13_16
2019/05/22 12:13:20.470000 git.huoys.com/qp/cells/module/room.(*TableMgr).OnUpdate 81 Info: TABLE OnlineTableCount total:200 valid:0 writetime:2019-05-22_12_13_20
2019/05/22 12:13:21.469000 git.huoys.com/qp/cells/module/user.(*usermodule).OnUpdate 162 Info: USER OnlineCount:0 writetime:2019-05-22_12_13_21
2019/05/22 12:13:26.470000 git.huoys.com/qp/cells/module/user.(*usermodule).OnUpdate 162 Info: USER OnlineCount:0 writetime:2019-05-22_12_13_26
2019/05/22 12:13:30.469000 git.huoys.com/qp/cells/module/room.(*TableMgr).OnUpdate 81 Info: TABLE OnlineTableCount total:200 valid:0 writetime:2019-05-22_12_13_30
2019/05/22 12:13:31.469000 git.huoys.com/qp/cells/module/user.(*usermodule).OnUpdate 162 Info: USER OnlineCount:0 writetime:2019-05-22_12_13_31
2019/05/22 12:13:36.470000 git.huoys.com/qp/cells/module/user.(*usermodule).OnUpdate 162 Info: USER OnlineCount:0 writetime:2019-05-22_12_13_36
2019/05/22 12:13:40.487000 git.huoys.com/qp/cells/module/room.(*TableMgr).OnUpdate 81 Info: TABLE OnlineTableCount total:200 valid:0 writetime:2019-05-22_12_13_40
2019/05/22 12:13:41.470000 git.huoys.com/qp/cells/module/user.(*usermodule).OnUpdate 162 Info: USER OnlineCount:0 writetime:2019-05-22_12_13_41
2019/05/22 12:13:46.470000 git.huoys.com/qp/cells/module/user.(*usermodule).OnUpdate 162 Info: USER OnlineCount:0 writetime:2019-05-22_12_13_46
2019/05/22 12:13:50.470000 git.huoys.com/qp/cells/module/room.(*TableMgr).OnUpdate 81 Info: TABLE OnlineTableCount total:200 valid:0 writetime:2019-05-22_12_13_50
2019/05/22 12:13:51.470000 git.huoys.com/qp/cells/module/user.(*usermodule).OnUpdate 162 Info: USER OnlineCount:0 writetime:2019-05-22_12_13_51
2019/05/22 12:13:56.470000 git.huoys.com/qp/cells/module/user.(*usermodule).OnUpdate 162 Info: USER OnlineCount:0 writetime:2019-05-22_12_13_56
2019/05/22 12:14:00.470000 git.huoys.com/qp/cells/module/room.(*TableMgr).OnUpdate 81 Info: TABLE OnlineTableCount total:200 valid:0 writetime:2019-05-22_12_14_00
2019/05/22 12:14:01.470000 git.huoys.com/qp/cells/module/user.(*usermodule).OnUpdate 162 Info: USER OnlineCount:0 writetime:2019-05-22_12_14_01
2019/05/22 12:14:06.470000 git.huoys.com/qp/cells/module/user.(*usermodule).OnUpdate 162 Info: USER OnlineCount:0 writetime:2019-05-22_12_14_06
2019/05/22 12:14:10.470000 git.huoys.com/qp/cells/module/room.(*TableMgr).OnUpdate 81 Info: TABLE OnlineTableCount total:200 valid:0 writetime:2019-05-22_12_14_10
2019/05/22 12:14:11.469000 git.huoys.com/qp/cells/module/user.(*usermodule).OnUpdate 162 Info: USER OnlineCount:0 writetime:2019-05-22_12_14_11
2019/05/22 12:14:16.470000 git.huoys.com/qp/cells/module/user.(*usermodule).OnUpdate 162 Info: USER OnlineCount:0 writetime:2019-05-22_12_14_16
2019/05/22 12:14:20.469000 git.huoys.com/qp/cells/module/room.(*TableMgr).OnUpdate 81 Info: TABLE OnlineTableCount total:200 valid:0 writetime:2019-05-22_12_14_20
2019/05/22 12:14:21.469000 git.huoys.com/qp/cells/module/user.(*usermodule).OnUpdate 162 Info: USER OnlineCount:0 writetime:2019-05-22_12_14_21
2019/05/22 12:14:26.469000 git.huoys.com/qp/cells/module/user.(*usermodule).OnUpdate 162 Info: USER OnlineCount:0 writetime:2019-05-22_12_14_26
2019/05/22 12:14:30.469000 git.huoys.com/qp/cells/module/room.(*TableMgr).OnUpdate 81 Info: TABLE OnlineTableCount total:200 valid:0 writetime:2019-05-22_12_14_30
2019/05/22 12:14:31.469000 git.huoys.com/qp/cells/module/user.(*usermodule).OnUpdate 162 Info: USER OnlineCount:0 writetime:2019-05-22_12_14_31
2019/05/22 12:14:36.471000 git.huoys.com/qp/cells/module/user.(*usermodule).OnUpdate 162 Info: USER OnlineCount:0 writetime:2019-05-22_12_14_36
2019/05/22 12:14:40.470000 git.huoys.com/qp/cells/module/room.(*TableMgr).OnUpdate 81 Info: TABLE OnlineTableCount total:200 valid:0 writetime:2019-05-22_12_14_40
2019/05/22 12:14:41.469000 git.huoys.com/qp/cells/module/user.(*usermodule).OnUpdate 162 Info: USER OnlineCount:0 writetime:2019-05-22_12_14_41
2019/05/22 12:14:46.469000 git.huoys.com/qp/cells/module/user.(*usermodule).OnUpdate 162 Info: USER OnlineCount:0 writetime:2019-05-22_12_14_46
2019/05/22 12:14:47.156000 git.huoys.com/qp/cells/module/auth.(*authmodule).onConnect 74 Info: AUTH onConnect sid:13 addr:172.12.10.126:61142 StartTime:1558498487.....
2019/05/22 12:14:48.176000 git.huoys.com/qp/cells/module/auth.(*authmodule).onLoginGameReq 141 Error: AUTH onLoginGameReq sid:13 uid:472680 LoginQPHall failed code:10001
2019/05/22 12:14:50.470000 git.huoys.com/qp/cells/module/room.(*TableMgr).OnUpdate 81 Info: TABLE OnlineTableCount total:200 valid:0 writetime:2019-05-22_12_14_50
2019/05/22 12:14:50.957000 git.huoys.com/qp/cells/module/auth.(*authmodule).onDisConnect 82 Info: AUTH onDisConnect sid:13 addr:172.12.10.126:61142 EndTime:1558498490.....
2019/05/22 12:14:51.469000 git.huoys.com/qp/cells/module/user.(*usermodule).OnUpdate 162 Info: USER OnlineCount:0 writetime:2019-05-22_12_14_51
2019/05/22 12:14:56.469000 git.huoys.com/qp/cells/module/user.(*usermodule).OnUpdate 162 Info: USER OnlineCount:0 writetime:2019-05-22_12_14_56
2019/05/22 12:15:00.470000 git.huoys.com/qp/cells/module/room.(*TableMgr).OnUpdate 81 Info: TABLE OnlineTableCount total:200 valid:0 writetime:2019-05-22_12_15_00
2019/05/22 12:15:01.469000 git.huoys.com/qp/cells/module/user.(*usermodule).OnUpdate 162 Info: USER OnlineCount:0 writetime:2019-05-22_12_15_01
2019/05/22 12:15:06.470000 git.huoys.com/qp/cells/module/user.(*usermodule).OnUpdate 162 Info: USER OnlineCount:0 writetime:2019-05-22_12_15_06
2019/05/22 12:15:10.470000 git.huoys.com/qp/cells/module/room.(*TableMgr).OnUpdate 81 Info: TABLE OnlineTableCount total:200 valid:0 writetime:2019-05-22_12_15_10
2019/05/22 12:15:11.469000 git.huoys.com/qp/cells/module/user.(*usermodule).OnUpdate 162 Info: USER OnlineCount:0 writetime:2019-05-22_12_15_11
2019/05/22 12:15:16.470000 git.huoys.com/qp/cells/module/user.(*usermodule).OnUpdate 162 Info: USER OnlineCount:0 writetime:2019-05-22_12_15_16
2019/05/22 12:15:20.469000 git.huoys.com/qp/cells/module/room.(*TableMgr).OnUpdate 81 Info: TABLE OnlineTableCount total:200 valid:0 writetime:2019-05-22_12_15_20
2019/05/22 12:15:21.469000 git.huoys.com/qp/cells/module/user.(*usermodule).OnUpdate 162 Info: USER OnlineCount:0 writetime:2019-05-22_12_15_21
2019/05/22 12:15:26.470000 git.huoys.com/qp/cells/module/user.(*usermodule).OnUpdate 162 Info: USER OnlineCount:0 writetime:2019-05-22_12_15_26
2019/05/22 12:15:30.469000 git.huoys.com/qp/cells/module/room.(*TableMgr).OnUpdate 81 Info: TABLE OnlineTableCount total:200 valid:0 writetime:2019-05-22_12_15_30
2019/05/22 12:15:31.470000 git.huoys.com/qp/cells/module/user.(*usermodule).OnUpdate 162 Info: USER OnlineCount:0 writetime:2019-05-22_12_15_31
2019/05/22 12:15:36.470000 git.huoys.com/qp/cells/module/user.(*usermodule).OnUpdate 162 Info: USER OnlineCount:0 writetime:2019-05-22_12_15_36
2019/05/22 12:15:40.470000 git.huoys.com/qp/cells/module/room.(*TableMgr).OnUpdate 81 Info: TABLE OnlineTableCount total:200 valid:0 writetime:2019-05-22_12_15_40
2019/05/22 12:15:41.470000 git.huoys.com/qp/cells/module/user.(*usermodule).OnUpdate 162 Info: USER OnlineCount:0 writetime:2019-05-22_12_15_41
2019/05/22 12:15:46.470000 git.huoys.com/qp/cells/module/user.(*usermodule).OnUpdate 162 Info: USER OnlineCount:0 writetime:2019-05-22_12_15_46
2019/05/22 12:15:50.469000 git.huoys.com/qp/cells/module/room.(*TableMgr).OnUpdate 81 Info: TABLE OnlineTableCount total:200 valid:0 writetime:2019-05-22_12_15_50
2019/05/22 12:15:51.470000 git.huoys.com/qp/cells/module/user.(*usermodule).OnUpdate 162 Info: USER OnlineCount:0 writetime:2019-05-22_12_15_51
2019/05/22 12:15:56.469000 git.huoys.com/qp/cells/module/user.(*usermodule).OnUpdate 162 Info: USER OnlineCount:0 writetime:2019-05-22_12_15_56
2019/05/22 12:16:00.469000 git.huoys.com/qp/cells/module/room.(*TableMgr).OnUpdate 81 Info: TABLE OnlineTableCount total:200 valid:0 writetime:2019-05-22_12_16_00
2019/05/22 12:16:01.469000 git.huoys.com/qp/cells/module/user.(*usermodule).OnUpdate 162 Info: USER OnlineCount:0 writetime:2019-05-22_12_16_01
2019/05/22 12:16:06.469000 git.huoys.com/qp/cells/module/user.(*usermodule).OnUpdate 162 Info: USER OnlineCount:0 writetime:2019-05-22_12_16_06
2019/05/22 12:16:10.470000 git.huoys.com/qp/cells/module/room.(*TableMgr).OnUpdate 81 Info: TABLE OnlineTableCount total:200 valid:0 writetime:2019-05-22_12_16_10
2019/05/22 12:16:11.470000 git.huoys.com/qp/cells/module/user.(*usermodule).OnUpdate 162 Info: USER OnlineCount:0 writetime:2019-05-22_12_16_11
2019/05/22 12:16:16.470000 git.huoys.com/qp/cells/module/user.(*usermodule).OnUpdate 162 Info: USER OnlineCount:0 writetime:2019-05-22_12_16_16
2019/05/22 12:16:20.470000 git.huoys.com/qp/cells/module/room.(*TableMgr).OnUpdate 81 Info: TABLE OnlineTableCount total:200 valid:0 writetime:2019-05-22_12_16_20
2019/05/22 12:16:21.470000 git.huoys.com/qp/cells/module/user.(*usermodule).OnUpdate 162 Info: USER OnlineCount:0 writetime:2019-05-22_12_16_21
2019/05/22 12:16:26.469000 git.huoys.com/qp/cells/module/user.(*usermodule).OnUpdate 162 Info: USER OnlineCount:0 writetime:2019-05-22_12_16_26
2019/05/22 12:16:30.471000 git.huoys.com/qp/cells/module/room.(*TableMgr).OnUpdate 81 Info: TABLE OnlineTableCount total:200 valid:0 writetime:2019-05-22_12_16_30
2019/05/22 12:16:31.470000 git.huoys.com/qp/cells/module/user.(*usermodule).OnUpdate 162 Info: USER OnlineCount:0 writetime:2019-05-22_12_16_31
2019/05/22 12:16:36.478000 git.huoys.com/qp/cells/module/user.(*usermodule).OnUpdate 162 Info: USER OnlineCount:0 writetime:2019-05-22_12_16_36
2019/05/22 12:16:40.481000 git.huoys.com/qp/cells/module/room.(*TableMgr).OnUpdate 81 Info: TABLE OnlineTableCount total:200 valid:0 writetime:2019-05-22_12_16_40
2019/05/22 12:16:41.471000 git.huoys.com/qp/cells/module/user.(*usermodule).OnUpdate 162 Info: USER OnlineCount:0 writetime:2019-05-22_12_16_41
