2019/05/22 11:52:36.369000 git.huoys.com/qp/cells/config.reloadGameConfig 370 Warning: Reload config......
2019/05/22 11:52:40.496000 git.huoys.com/qp/cells/module/room.(*TableMgr).OnUpdate 81 Info: TABLE OnlineTableCount total:200 valid:0 writetime:2019-05-22_11_52_40
2019/05/22 11:52:41.497000 git.huoys.com/qp/cells/module/user.(*usermodule).OnUpdate 162 Info: USER OnlineCount:0 writetime:2019-05-22_11_52_41
2019/05/22 11:52:46.497000 git.huoys.com/qp/cells/module/user.(*usermodule).OnUpdate 162 Info: USER OnlineCount:0 writetime:2019-05-22_11_52_46
2019/05/22 11:52:50.499000 git.huoys.com/qp/cells/module/room.(*TableMgr).OnUpdate 81 Info: TABLE OnlineTableCount total:200 valid:0 writetime:2019-05-22_11_52_50
2019/05/22 11:52:51.496000 git.huoys.com/qp/cells/module/user.(*usermodule).OnUpdate 162 Info: USER OnlineCount:0 writetime:2019-05-22_11_52_51
2019/05/22 11:52:56.498000 git.huoys.com/qp/cells/module/user.(*usermodule).OnUpdate 162 Info: USER OnlineCount:0 writetime:2019-05-22_11_52_56
2019/05/22 11:53:00.500000 git.huoys.com/qp/cells/module/room.(*TableMgr).OnUpdate 81 Info: TABLE OnlineTableCount total:200 valid:0 writetime:2019-05-22_11_53_00
2019/05/22 11:53:01.498000 git.huoys.com/qp/cells/module/user.(*usermodule).OnUpdate 162 Info: USER OnlineCount:0 writetime:2019-05-22_11_53_01
2019/05/22 11:53:06.497000 git.huoys.com/qp/cells/module/user.(*usermodule).OnUpdate 162 Info: USER OnlineCount:0 writetime:2019-05-22_11_53_06
2019/05/22 11:53:10.497000 git.huoys.com/qp/cells/module/room.(*TableMgr).OnUpdate 81 Info: TABLE OnlineTableCount total:200 valid:0 writetime:2019-05-22_11_53_10
2019/05/22 11:53:11.497000 git.huoys.com/qp/cells/module/user.(*usermodule).OnUpdate 162 Info: USER OnlineCount:0 writetime:2019-05-22_11_53_11
2019/05/22 11:53:16.498000 git.huoys.com/qp/cells/module/user.(*usermodule).OnUpdate 162 Info: USER OnlineCount:0 writetime:2019-05-22_11_53_16
2019/05/22 11:53:20.498000 git.huoys.com/qp/cells/module/room.(*TableMgr).OnUpdate 81 Info: TABLE OnlineTableCount total:200 valid:0 writetime:2019-05-22_11_53_20
2019/05/22 11:53:21.497000 git.huoys.com/qp/cells/module/user.(*usermodule).OnUpdate 162 Info: USER OnlineCount:0 writetime:2019-05-22_11_53_21
2019/05/22 11:53:26.497000 git.huoys.com/qp/cells/module/user.(*usermodule).OnUpdate 162 Info: USER OnlineCount:0 writetime:2019-05-22_11_53_26
2019/05/22 11:53:30.496000 git.huoys.com/qp/cells/module/room.(*TableMgr).OnUpdate 81 Info: TABLE OnlineTableCount total:200 valid:0 writetime:2019-05-22_11_53_30
2019/05/22 11:53:31.497000 git.huoys.com/qp/cells/module/user.(*usermodule).OnUpdate 162 Info: USER OnlineCount:0 writetime:2019-05-22_11_53_31
2019/05/22 11:53:36.498000 git.huoys.com/qp/cells/module/user.(*usermodule).OnUpdate 162 Info: USER OnlineCount:0 writetime:2019-05-22_11_53_36
2019/05/22 11:53:40.496000 git.huoys.com/qp/cells/module/room.(*TableMgr).OnUpdate 81 Info: TABLE OnlineTableCount total:200 valid:0 writetime:2019-05-22_11_53_40
2019/05/22 11:53:41.496000 git.huoys.com/qp/cells/module/user.(*usermodule).OnUpdate 162 Info: USER OnlineCount:0 writetime:2019-05-22_11_53_41
2019/05/22 11:53:46.497000 git.huoys.com/qp/cells/module/user.(*usermodule).OnUpdate 162 Info: USER OnlineCount:0 writetime:2019-05-22_11_53_46
2019/05/22 11:53:50.497000 git.huoys.com/qp/cells/module/room.(*TableMgr).OnUpdate 81 Info: TABLE OnlineTableCount total:200 valid:0 writetime:2019-05-22_11_53_50
2019/05/22 11:53:51.496000 git.huoys.com/qp/cells/module/user.(*usermodule).OnUpdate 162 Info: USER OnlineCount:0 writetime:2019-05-22_11_53_51
2019/05/22 11:53:56.496000 git.huoys.com/qp/cells/module/user.(*usermodule).OnUpdate 162 Info: USER OnlineCount:0 writetime:2019-05-22_11_53_56
2019/05/22 11:54:00.497000 git.huoys.com/qp/cells/module/room.(*TableMgr).OnUpdate 81 Info: TABLE OnlineTableCount total:200 valid:0 writetime:2019-05-22_11_54_00
2019/05/22 11:54:01.496000 git.huoys.com/qp/cells/module/user.(*usermodule).OnUpdate 162 Info: USER OnlineCount:0 writetime:2019-05-22_11_54_01
2019/05/22 11:54:06.496000 git.huoys.com/qp/cells/module/user.(*usermodule).OnUpdate 162 Info: USER OnlineCount:0 writetime:2019-05-22_11_54_06
2019/05/22 11:54:10.496000 git.huoys.com/qp/cells/module/room.(*TableMgr).OnUpdate 81 Info: TABLE OnlineTableCount total:200 valid:0 writetime:2019-05-22_11_54_10
2019/05/22 11:54:11.496000 git.huoys.com/qp/cells/module/user.(*usermodule).OnUpdate 162 Info: USER OnlineCount:0 writetime:2019-05-22_11_54_11
2019/05/22 11:54:16.496000 git.huoys.com/qp/cells/module/user.(*usermodule).OnUpdate 162 Info: USER OnlineCount:0 writetime:2019-05-22_11_54_16
2019/05/22 11:54:20.496000 git.huoys.com/qp/cells/module/room.(*TableMgr).OnUpdate 81 Info: TABLE OnlineTableCount total:200 valid:0 writetime:2019-05-22_11_54_20
2019/05/22 11:54:21.497000 git.huoys.com/qp/cells/module/user.(*usermodule).OnUpdate 162 Info: USER OnlineCount:0 writetime:2019-05-22_11_54_21
2019/05/22 11:54:26.497000 git.huoys.com/qp/cells/module/user.(*usermodule).OnUpdate 162 Info: USER OnlineCount:0 writetime:2019-05-22_11_54_26
2019/05/22 11:54:30.506000 git.huoys.com/qp/cells/module/room.(*TableMgr).OnUpdate 81 Info: TABLE OnlineTableCount total:200 valid:0 writetime:2019-05-22_11_54_30
2019/05/22 11:54:31.526000 git.huoys.com/qp/cells/module/user.(*usermodule).OnUpdate 162 Info: USER OnlineCount:0 writetime:2019-05-22_11_54_31
2019/05/22 11:54:36.497000 git.huoys.com/qp/cells/module/user.(*usermodule).OnUpdate 162 Info: USER OnlineCount:0 writetime:2019-05-22_11_54_36
2019/05/22 11:54:40.496000 git.huoys.com/qp/cells/module/room.(*TableMgr).OnUpdate 81 Info: TABLE OnlineTableCount total:200 valid:0 writetime:2019-05-22_11_54_40
2019/05/22 11:54:41.498000 git.huoys.com/qp/cells/module/user.(*usermodule).OnUpdate 162 Info: USER OnlineCount:0 writetime:2019-05-22_11_54_41
2019/05/22 11:54:46.497000 git.huoys.com/qp/cells/module/user.(*usermodule).OnUpdate 162 Info: USER OnlineCount:0 writetime:2019-05-22_11_54_46
2019/05/22 11:54:50.498000 git.huoys.com/qp/cells/module/room.(*TableMgr).OnUpdate 81 Info: TABLE OnlineTableCount total:200 valid:0 writetime:2019-05-22_11_54_50
2019/05/22 11:54:51.496000 git.huoys.com/qp/cells/module/user.(*usermodule).OnUpdate 162 Info: USER OnlineCount:0 writetime:2019-05-22_11_54_51
2019/05/22 11:54:56.497000 git.huoys.com/qp/cells/module/user.(*usermodule).OnUpdate 162 Info: USER OnlineCount:0 writetime:2019-05-22_11_54_56
2019/05/22 11:55:00.497000 git.huoys.com/qp/cells/module/room.(*TableMgr).OnUpdate 81 Info: TABLE OnlineTableCount total:200 valid:0 writetime:2019-05-22_11_55_00
2019/05/22 11:55:01.496000 git.huoys.com/qp/cells/module/user.(*usermodule).OnUpdate 162 Info: USER OnlineCount:0 writetime:2019-05-22_11_55_01
2019/05/22 11:55:06.497000 git.huoys.com/qp/cells/module/user.(*usermodule).OnUpdate 162 Info: USER OnlineCount:0 writetime:2019-05-22_11_55_06
2019/05/22 11:55:10.496000 git.huoys.com/qp/cells/module/room.(*TableMgr).OnUpdate 81 Info: TABLE OnlineTableCount total:200 valid:0 writetime:2019-05-22_11_55_10
2019/05/22 11:55:11.497000 git.huoys.com/qp/cells/module/user.(*usermodule).OnUpdate 162 Info: USER OnlineCount:0 writetime:2019-05-22_11_55_11
2019/05/22 11:55:16.496000 git.huoys.com/qp/cells/module/user.(*usermodule).OnUpdate 162 Info: USER OnlineCount:0 writetime:2019-05-22_11_55_16
2019/05/22 11:55:20.497000 git.huoys.com/qp/cells/module/room.(*TableMgr).OnUpdate 81 Info: TABLE OnlineTableCount total:200 valid:0 writetime:2019-05-22_11_55_20
2019/05/22 11:55:21.497000 git.huoys.com/qp/cells/module/user.(*usermodule).OnUpdate 162 Info: USER OnlineCount:0 writetime:2019-05-22_11_55_21
2019/05/22 11:55:26.498000 git.huoys.com/qp/cells/module/user.(*usermodule).OnUpdate 162 Info: USER OnlineCount:0 writetime:2019-05-22_11_55_26
2019/05/22 11:55:30.501000 git.huoys.com/qp/cells/module/room.(*TableMgr).OnUpdate 81 Info: TABLE OnlineTableCount total:200 valid:0 writetime:2019-05-22_11_55_30
2019/05/22 11:55:31.499000 git.huoys.com/qp/cells/module/user.(*usermodule).OnUpdate 162 Info: USER OnlineCount:0 writetime:2019-05-22_11_55_31
2019/05/22 11:55:36.498000 git.huoys.com/qp/cells/module/user.(*usermodule).OnUpdate 162 Info: USER OnlineCount:0 writetime:2019-05-22_11_55_36
2019/05/22 11:55:40.510000 git.huoys.com/qp/cells/module/room.(*TableMgr).OnUpdate 81 Info: TABLE OnlineTableCount total:200 valid:0 writetime:2019-05-22_11_55_40
2019/05/22 11:55:41.498000 git.huoys.com/qp/cells/module/user.(*usermodule).OnUpdate 162 Info: USER OnlineCount:0 writetime:2019-05-22_11_55_41
2019/05/22 11:55:46.498000 git.huoys.com/qp/cells/module/user.(*usermodule).OnUpdate 162 Info: USER OnlineCount:0 writetime:2019-05-22_11_55_46
2019/05/22 11:55:50.498000 git.huoys.com/qp/cells/module/room.(*TableMgr).OnUpdate 81 Info: TABLE OnlineTableCount total:200 valid:0 writetime:2019-05-22_11_55_50
2019/05/22 11:55:51.498000 git.huoys.com/qp/cells/module/user.(*usermodule).OnUpdate 162 Info: USER OnlineCount:0 writetime:2019-05-22_11_55_51
2019/05/22 11:55:56.498000 git.huoys.com/qp/cells/module/user.(*usermodule).OnUpdate 162 Info: USER OnlineCount:0 writetime:2019-05-22_11_55_56
2019/05/22 11:56:00.498000 git.huoys.com/qp/cells/module/room.(*TableMgr).OnUpdate 81 Info: TABLE OnlineTableCount total:200 valid:0 writetime:2019-05-22_11_56_00
2019/05/22 11:56:01.498000 git.huoys.com/qp/cells/module/user.(*usermodule).OnUpdate 162 Info: USER OnlineCount:0 writetime:2019-05-22_11_56_01
2019/05/22 11:56:06.499000 git.huoys.com/qp/cells/module/user.(*usermodule).OnUpdate 162 Info: USER OnlineCount:0 writetime:2019-05-22_11_56_06
2019/05/22 11:56:10.498000 git.huoys.com/qp/cells/module/room.(*TableMgr).OnUpdate 81 Info: TABLE OnlineTableCount total:200 valid:0 writetime:2019-05-22_11_56_10
2019/05/22 11:56:11.498000 git.huoys.com/qp/cells/module/user.(*usermodule).OnUpdate 162 Info: USER OnlineCount:0 writetime:2019-05-22_11_56_11
2019/05/22 11:56:16.499000 git.huoys.com/qp/cells/module/user.(*usermodule).OnUpdate 162 Info: USER OnlineCount:0 writetime:2019-05-22_11_56_16
2019/05/22 11:56:20.499000 git.huoys.com/qp/cells/module/room.(*TableMgr).OnUpdate 81 Info: TABLE OnlineTableCount total:200 valid:0 writetime:2019-05-22_11_56_20
2019/05/22 11:56:21.501000 git.huoys.com/qp/cells/module/user.(*usermodule).OnUpdate 162 Info: USER OnlineCount:0 writetime:2019-05-22_11_56_21
2019/05/22 11:56:26.499000 git.huoys.com/qp/cells/module/user.(*usermodule).OnUpdate 162 Info: USER OnlineCount:0 writetime:2019-05-22_11_56_26
2019/05/22 11:56:30.499000 git.huoys.com/qp/cells/module/room.(*TableMgr).OnUpdate 81 Info: TABLE OnlineTableCount total:200 valid:0 writetime:2019-05-22_11_56_30
2019/05/22 11:56:31.499000 git.huoys.com/qp/cells/module/user.(*usermodule).OnUpdate 162 Info: USER OnlineCount:0 writetime:2019-05-22_11_56_31
2019/05/22 11:56:36.499000 git.huoys.com/qp/cells/module/user.(*usermodule).OnUpdate 162 Info: USER OnlineCount:0 writetime:2019-05-22_11_56_36
2019/05/22 11:56:40.500000 git.huoys.com/qp/cells/module/room.(*TableMgr).OnUpdate 81 Info: TABLE OnlineTableCount total:200 valid:0 writetime:2019-05-22_11_56_40
2019/05/22 11:56:41.500000 git.huoys.com/qp/cells/module/user.(*usermodule).OnUpdate 162 Info: USER OnlineCount:0 writetime:2019-05-22_11_56_41
2019/05/22 11:56:46.499000 git.huoys.com/qp/cells/module/user.(*usermodule).OnUpdate 162 Info: USER OnlineCount:0 writetime:2019-05-22_11_56_46
2019/05/22 11:56:50.499000 git.huoys.com/qp/cells/module/room.(*TableMgr).OnUpdate 81 Info: TABLE OnlineTableCount total:200 valid:0 writetime:2019-05-22_11_56_50
2019/05/22 11:56:51.499000 git.huoys.com/qp/cells/module/user.(*usermodule).OnUpdate 162 Info: USER OnlineCount:0 writetime:2019-05-22_11_56_51
2019/05/22 11:56:56.499000 git.huoys.com/qp/cells/module/user.(*usermodule).OnUpdate 162 Info: USER OnlineCount:0 writetime:2019-05-22_11_56_56
2019/05/22 11:57:00.500000 git.huoys.com/qp/cells/module/room.(*TableMgr).OnUpdate 81 Info: TABLE OnlineTableCount total:200 valid:0 writetime:2019-05-22_11_57_00
2019/05/22 11:57:01.500000 git.huoys.com/qp/cells/module/user.(*usermodule).OnUpdate 162 Info: USER OnlineCount:0 writetime:2019-05-22_11_57_01
2019/05/22 11:57:06.498000 git.huoys.com/qp/cells/module/user.(*usermodule).OnUpdate 162 Info: USER OnlineCount:0 writetime:2019-05-22_11_57_06
2019/05/22 11:57:10.500000 git.huoys.com/qp/cells/module/room.(*TableMgr).OnUpdate 81 Info: TABLE OnlineTableCount total:200 valid:0 writetime:2019-05-22_11_57_10
2019/05/22 11:57:11.500000 git.huoys.com/qp/cells/module/user.(*usermodule).OnUpdate 162 Info: USER OnlineCount:0 writetime:2019-05-22_11_57_11
2019/05/22 11:57:16.500000 git.huoys.com/qp/cells/module/user.(*usermodule).OnUpdate 162 Info: USER OnlineCount:0 writetime:2019-05-22_11_57_16
2019/05/22 11:57:20.501000 git.huoys.com/qp/cells/module/room.(*TableMgr).OnUpdate 81 Info: TABLE OnlineTableCount total:200 valid:0 writetime:2019-05-22_11_57_20
2019/05/22 11:57:21.501000 git.huoys.com/qp/cells/module/user.(*usermodule).OnUpdate 162 Info: USER OnlineCount:0 writetime:2019-05-22_11_57_21
2019/05/22 11:57:26.501000 git.huoys.com/qp/cells/module/user.(*usermodule).OnUpdate 162 Info: USER OnlineCount:0 writetime:2019-05-22_11_57_26
2019/05/22 11:57:30.501000 git.huoys.com/qp/cells/module/room.(*TableMgr).OnUpdate 81 Info: TABLE OnlineTableCount total:200 valid:0 writetime:2019-05-22_11_57_30
2019/05/22 11:57:31.501000 git.huoys.com/qp/cells/module/user.(*usermodule).OnUpdate 162 Info: USER OnlineCount:0 writetime:2019-05-22_11_57_31
2019/05/22 11:57:36.501000 git.huoys.com/qp/cells/module/user.(*usermodule).OnUpdate 162 Info: USER OnlineCount:0 writetime:2019-05-22_11_57_36
2019/05/22 11:57:37.521000 git.huoys.com/qp/cells/config.reloadGameConfig 370 Warning: Reload config......
2019/05/22 11:57:40.501000 git.huoys.com/qp/cells/module/room.(*TableMgr).OnUpdate 81 Info: TABLE OnlineTableCount total:200 valid:0 writetime:2019-05-22_11_57_40
2019/05/22 11:57:41.500000 git.huoys.com/qp/cells/module/user.(*usermodule).OnUpdate 162 Info: USER OnlineCount:0 writetime:2019-05-22_11_57_41
2019/05/22 11:57:46.501000 git.huoys.com/qp/cells/module/user.(*usermodule).OnUpdate 162 Info: USER OnlineCount:0 writetime:2019-05-22_11_57_46
2019/05/22 11:57:50.501000 git.huoys.com/qp/cells/module/room.(*TableMgr).OnUpdate 81 Info: TABLE OnlineTableCount total:200 valid:0 writetime:2019-05-22_11_57_50
2019/05/22 11:57:51.501000 git.huoys.com/qp/cells/module/user.(*usermodule).OnUpdate 162 Info: USER OnlineCount:0 writetime:2019-05-22_11_57_51
2019/05/22 11:57:56.500000 git.huoys.com/qp/cells/module/user.(*usermodule).OnUpdate 162 Info: USER OnlineCount:0 writetime:2019-05-22_11_57_56
2019/05/22 11:58:00.501000 git.huoys.com/qp/cells/module/room.(*TableMgr).OnUpdate 81 Info: TABLE OnlineTableCount total:200 valid:0 writetime:2019-05-22_11_58_00
2019/05/22 11:58:01.500000 git.huoys.com/qp/cells/module/user.(*usermodule).OnUpdate 162 Info: USER OnlineCount:0 writetime:2019-05-22_11_58_01
2019/05/22 11:58:06.500000 git.huoys.com/qp/cells/module/user.(*usermodule).OnUpdate 162 Info: USER OnlineCount:0 writetime:2019-05-22_11_58_06
2019/05/22 11:58:10.504000 git.huoys.com/qp/cells/module/room.(*TableMgr).OnUpdate 81 Info: TABLE OnlineTableCount total:200 valid:0 writetime:2019-05-22_11_58_10
2019/05/22 11:58:11.505000 git.huoys.com/qp/cells/module/user.(*usermodule).OnUpdate 162 Info: USER OnlineCount:0 writetime:2019-05-22_11_58_11
2019/05/22 11:58:16.505000 git.huoys.com/qp/cells/module/user.(*usermodule).OnUpdate 162 Info: USER OnlineCount:0 writetime:2019-05-22_11_58_16
2019/05/22 11:58:20.504000 git.huoys.com/qp/cells/module/room.(*TableMgr).OnUpdate 81 Info: TABLE OnlineTableCount total:200 valid:0 writetime:2019-05-22_11_58_20
2019/05/22 11:58:21.504000 git.huoys.com/qp/cells/module/user.(*usermodule).OnUpdate 162 Info: USER OnlineCount:0 writetime:2019-05-22_11_58_21
2019/05/22 11:58:26.504000 git.huoys.com/qp/cells/module/user.(*usermodule).OnUpdate 162 Info: USER OnlineCount:0 writetime:2019-05-22_11_58_26
2019/05/22 11:58:30.504000 git.huoys.com/qp/cells/module/room.(*TableMgr).OnUpdate 81 Info: TABLE OnlineTableCount total:200 valid:0 writetime:2019-05-22_11_58_30
2019/05/22 11:58:31.504000 git.huoys.com/qp/cells/module/user.(*usermodule).OnUpdate 162 Info: USER OnlineCount:0 writetime:2019-05-22_11_58_31
2019/05/22 11:58:36.505000 git.huoys.com/qp/cells/module/user.(*usermodule).OnUpdate 162 Info: USER OnlineCount:0 writetime:2019-05-22_11_58_36
2019/05/22 11:58:40.524000 git.huoys.com/qp/cells/module/room.(*TableMgr).OnUpdate 81 Info: TABLE OnlineTableCount total:200 valid:0 writetime:2019-05-22_11_58_40
2019/05/22 11:58:41.504000 git.huoys.com/qp/cells/module/user.(*usermodule).OnUpdate 162 Info: USER OnlineCount:0 writetime:2019-05-22_11_58_41
2019/05/22 11:58:46.504000 git.huoys.com/qp/cells/module/user.(*usermodule).OnUpdate 162 Info: USER OnlineCount:0 writetime:2019-05-22_11_58_46
2019/05/22 11:58:50.504000 git.huoys.com/qp/cells/module/room.(*TableMgr).OnUpdate 81 Info: TABLE OnlineTableCount total:200 valid:0 writetime:2019-05-22_11_58_50
2019/05/22 11:58:51.504000 git.huoys.com/qp/cells/module/user.(*usermodule).OnUpdate 162 Info: USER OnlineCount:0 writetime:2019-05-22_11_58_51
2019/05/22 11:58:56.504000 git.huoys.com/qp/cells/module/user.(*usermodule).OnUpdate 162 Info: USER OnlineCount:0 writetime:2019-05-22_11_58_56
2019/05/22 11:59:00.505000 git.huoys.com/qp/cells/module/room.(*TableMgr).OnUpdate 81 Info: TABLE OnlineTableCount total:200 valid:0 writetime:2019-05-22_11_59_00
2019/05/22 11:59:01.504000 git.huoys.com/qp/cells/module/user.(*usermodule).OnUpdate 162 Info: USER OnlineCount:0 writetime:2019-05-22_11_59_01
2019/05/22 11:59:03.695000 git.huoys.com/qp/cells/module/auth.(*authmodule).onConnect 74 Info: AUTH onConnect sid:1 addr:172.12.10.119:45645 StartTime:1558497543.....
2019/05/22 11:59:05.727000 git.huoys.com/qp/cells/module/auth.(*authmodule).onLoginGameReq 162 Info: AUTH onLoginGameReq sid:1 uid:455664 amount:10002060 money:10002060 baseinfo:{"baseuserinfoget":{"Sex":"0","NickName":"QPM369498","Partner":[{"1":["心灵波动","http://thirdwx.qlogo.cn/mmopen/vi_32/DYAIOgq83eqicM6ADNrBrULtngALr1sdXLYImf3wks5mVSRSW3icTFBbiaibBYmGVkahrpv1d7ZndATsn6mmY2tELg/132"]}]}} keyvaluedata:{"KV_TableData":"{\"LastLogin\":1555680964,\"PollingSec\":1558495036,\"Ratio\":10,\"Heroes\":[201,202],\"Positions\":[0,201,0,0,0],\"KillCount\":145,\"AllergenData\":{\"TaxReturnPool\":0,\"SettleReward\":0,\"SettleFlag\":false,\"LastTick\":0}}"}
2019/05/22 11:59:06.505000 git.huoys.com/qp/cells/module/user.(*usermodule).OnUpdate 162 Info: USER OnlineCount:1 writetime:2019-05-22_11_59_06
2019/05/22 11:59:06.747000 git.huoys.com/qp/cells/module/user.(*usermodule).onJoinRoom 153 Info: USER onJoinRoom sid:1 uid:455664
2019/05/22 11:59:06.747000 git.huoys.com/qp/cells/module/room.(*roommodule).OnUserEnter 119 Info: ROOM OnUserEnter uid:455664 table_id:1
2019/05/22 11:59:10.504000 git.huoys.com/qp/cells/module/room.(*TableMgr).OnUpdate 81 Info: TABLE OnlineTableCount total:200 valid:1 writetime:2019-05-22_11_59_10
2019/05/22 11:59:11.504000 git.huoys.com/qp/cells/module/user.(*usermodule).OnUpdate 162 Info: USER OnlineCount:1 writetime:2019-05-22_11_59_11
2019/05/22 11:59:16.505000 git.huoys.com/qp/cells/module/user.(*usermodule).OnUpdate 162 Info: USER OnlineCount:1 writetime:2019-05-22_11_59_16
2019/05/22 11:59:20.505000 git.huoys.com/qp/cells/module/room.(*TableMgr).OnUpdate 81 Info: TABLE OnlineTableCount total:200 valid:1 writetime:2019-05-22_11_59_20
2019/05/22 11:59:21.283000 git.huoys.com/qp/cells/module/auth.(*authmodule).onDisConnect 82 Info: AUTH onDisConnect sid:1 addr:172.12.10.119:45645 EndTime:1558497561.....
2019/05/22 11:59:21.283000 git.huoys.com/qp/cells/module/user.(*usermodule).OnUserLogout 87 Info: USER OnUserLogout uid:455664 sid:1 logout_type:1
2019/05/22 11:59:21.284000 git.huoys.com/qp/cells/module/room.(*roommodule).OnUserExit 139 Info: ROOM OnUserExit uid:455664 table_id:1 exit_type:1
2019/05/22 11:59:21.505000 git.huoys.com/qp/cells/module/user.(*usermodule).OnUpdate 162 Info: USER OnlineCount:1 writetime:2019-05-22_11_59_21
2019/05/22 11:59:26.504000 git.huoys.com/qp/cells/module/user.(*usermodule).OnUpdate 162 Info: USER OnlineCount:0 writetime:2019-05-22_11_59_26
2019/05/22 11:59:30.505000 git.huoys.com/qp/cells/module/room.(*TableMgr).OnUpdate 81 Info: TABLE OnlineTableCount total:200 valid:0 writetime:2019-05-22_11_59_30
2019/05/22 11:59:31.505000 git.huoys.com/qp/cells/module/user.(*usermodule).OnUpdate 162 Info: USER OnlineCount:0 writetime:2019-05-22_11_59_31
2019/05/22 11:59:36.504000 git.huoys.com/qp/cells/module/user.(*usermodule).OnUpdate 162 Info: USER OnlineCount:0 writetime:2019-05-22_11_59_36
2019/05/22 11:59:40.504000 git.huoys.com/qp/cells/module/room.(*TableMgr).OnUpdate 81 Info: TABLE OnlineTableCount total:200 valid:0 writetime:2019-05-22_11_59_40
2019/05/22 11:59:41.504000 git.huoys.com/qp/cells/module/user.(*usermodule).OnUpdate 162 Info: USER OnlineCount:0 writetime:2019-05-22_11_59_41
2019/05/22 11:59:46.504000 git.huoys.com/qp/cells/module/user.(*usermodule).OnUpdate 162 Info: USER OnlineCount:0 writetime:2019-05-22_11_59_46
2019/05/22 11:59:50.504000 git.huoys.com/qp/cells/module/room.(*TableMgr).OnUpdate 81 Info: TABLE OnlineTableCount total:200 valid:0 writetime:2019-05-22_11_59_50
2019/05/22 11:59:51.505000 git.huoys.com/qp/cells/module/user.(*usermodule).OnUpdate 162 Info: USER OnlineCount:0 writetime:2019-05-22_11_59_51
2019/05/22 11:59:56.504000 git.huoys.com/qp/cells/module/user.(*usermodule).OnUpdate 162 Info: USER OnlineCount:0 writetime:2019-05-22_11_59_56
2019/05/22 12:00:00.504000 git.huoys.com/qp/cells/module/room.(*TableMgr).OnUpdate 81 Info: TABLE OnlineTableCount total:200 valid:0 writetime:2019-05-22_12_00_00
2019/05/22 12:00:01.504000 git.huoys.com/qp/cells/module/user.(*usermodule).OnUpdate 162 Info: USER OnlineCount:0 writetime:2019-05-22_12_00_01
2019/05/22 12:00:06.504000 git.huoys.com/qp/cells/module/user.(*usermodule).OnUpdate 162 Info: USER OnlineCount:0 writetime:2019-05-22_12_00_06
2019/05/22 12:00:10.505000 git.huoys.com/qp/cells/module/room.(*TableMgr).OnUpdate 81 Info: TABLE OnlineTableCount total:200 valid:0 writetime:2019-05-22_12_00_10
2019/05/22 12:00:11.504000 git.huoys.com/qp/cells/module/user.(*usermodule).OnUpdate 162 Info: USER OnlineCount:0 writetime:2019-05-22_12_00_11
2019/05/22 12:00:16.505000 git.huoys.com/qp/cells/module/user.(*usermodule).OnUpdate 162 Info: USER OnlineCount:0 writetime:2019-05-22_12_00_16
2019/05/22 12:00:20.504000 git.huoys.com/qp/cells/module/room.(*TableMgr).OnUpdate 81 Info: TABLE OnlineTableCount total:200 valid:0 writetime:2019-05-22_12_00_20
2019/05/22 12:00:21.504000 git.huoys.com/qp/cells/module/user.(*usermodule).OnUpdate 162 Info: USER OnlineCount:0 writetime:2019-05-22_12_00_21
2019/05/22 12:00:26.506000 git.huoys.com/qp/cells/module/user.(*usermodule).OnUpdate 162 Info: USER OnlineCount:0 writetime:2019-05-22_12_00_26
2019/05/22 12:00:30.505000 git.huoys.com/qp/cells/module/room.(*TableMgr).OnUpdate 81 Info: TABLE OnlineTableCount total:200 valid:0 writetime:2019-05-22_12_00_30
2019/05/22 12:00:31.505000 git.huoys.com/qp/cells/module/user.(*usermodule).OnUpdate 162 Info: USER OnlineCount:0 writetime:2019-05-22_12_00_31
2019/05/22 12:00:36.506000 git.huoys.com/qp/cells/module/user.(*usermodule).OnUpdate 162 Info: USER OnlineCount:0 writetime:2019-05-22_12_00_36
2019/05/22 12:00:40.505000 git.huoys.com/qp/cells/module/room.(*TableMgr).OnUpdate 81 Info: TABLE OnlineTableCount total:200 valid:0 writetime:2019-05-22_12_00_40
2019/05/22 12:00:41.505000 git.huoys.com/qp/cells/module/user.(*usermodule).OnUpdate 162 Info: USER OnlineCount:0 writetime:2019-05-22_12_00_41
2019/05/22 12:00:46.505000 git.huoys.com/qp/cells/module/user.(*usermodule).OnUpdate 162 Info: USER OnlineCount:0 writetime:2019-05-22_12_00_46
2019/05/22 12:00:50.506000 git.huoys.com/qp/cells/module/room.(*TableMgr).OnUpdate 81 Info: TABLE OnlineTableCount total:200 valid:0 writetime:2019-05-22_12_00_50
2019/05/22 12:00:51.505000 git.huoys.com/qp/cells/module/user.(*usermodule).OnUpdate 162 Info: USER OnlineCount:0 writetime:2019-05-22_12_00_51
2019/05/22 12:00:56.505000 git.huoys.com/qp/cells/module/user.(*usermodule).OnUpdate 162 Info: USER OnlineCount:0 writetime:2019-05-22_12_00_56
2019/05/22 12:01:00.505000 git.huoys.com/qp/cells/module/room.(*TableMgr).OnUpdate 81 Info: TABLE OnlineTableCount total:200 valid:0 writetime:2019-05-22_12_01_00
2019/05/22 12:01:01.505000 git.huoys.com/qp/cells/module/user.(*usermodule).OnUpdate 162 Info: USER OnlineCount:0 writetime:2019-05-22_12_01_01
2019/05/22 12:01:06.505000 git.huoys.com/qp/cells/module/user.(*usermodule).OnUpdate 162 Info: USER OnlineCount:0 writetime:2019-05-22_12_01_06
2019/05/22 12:01:10.505000 git.huoys.com/qp/cells/module/room.(*TableMgr).OnUpdate 81 Info: TABLE OnlineTableCount total:200 valid:0 writetime:2019-05-22_12_01_10
2019/05/22 12:01:11.505000 git.huoys.com/qp/cells/module/user.(*usermodule).OnUpdate 162 Info: USER OnlineCount:0 writetime:2019-05-22_12_01_11
2019/05/22 12:01:16.505000 git.huoys.com/qp/cells/module/user.(*usermodule).OnUpdate 162 Info: USER OnlineCount:0 writetime:2019-05-22_12_01_16
2019/05/22 12:01:20.505000 git.huoys.com/qp/cells/module/room.(*TableMgr).OnUpdate 81 Info: TABLE OnlineTableCount total:200 valid:0 writetime:2019-05-22_12_01_20
2019/05/22 12:01:21.505000 git.huoys.com/qp/cells/module/user.(*usermodule).OnUpdate 162 Info: USER OnlineCount:0 writetime:2019-05-22_12_01_21
2019/05/22 12:01:26.505000 git.huoys.com/qp/cells/module/user.(*usermodule).OnUpdate 162 Info: USER OnlineCount:0 writetime:2019-05-22_12_01_26
2019/05/22 12:01:30.505000 git.huoys.com/qp/cells/module/room.(*TableMgr).OnUpdate 81 Info: TABLE OnlineTableCount total:200 valid:0 writetime:2019-05-22_12_01_30
2019/05/22 12:01:31.505000 git.huoys.com/qp/cells/module/user.(*usermodule).OnUpdate 162 Info: USER OnlineCount:0 writetime:2019-05-22_12_01_31
2019/05/22 12:01:36.505000 git.huoys.com/qp/cells/module/user.(*usermodule).OnUpdate 162 Info: USER OnlineCount:0 writetime:2019-05-22_12_01_36
2019/05/22 12:01:40.511000 git.huoys.com/qp/cells/module/room.(*TableMgr).OnUpdate 81 Info: TABLE OnlineTableCount total:200 valid:0 writetime:2019-05-22_12_01_40
2019/05/22 12:01:41.505000 git.huoys.com/qp/cells/module/user.(*usermodule).OnUpdate 162 Info: USER OnlineCount:0 writetime:2019-05-22_12_01_41
2019/05/22 12:01:47.612000 git.huoys.com/qp/cells/module/user.(*usermodule).OnUpdate 162 Info: USER OnlineCount:0 writetime:2019-05-22_12_01_46
2019/05/22 12:01:50.506000 git.huoys.com/qp/cells/module/room.(*TableMgr).OnUpdate 81 Info: TABLE OnlineTableCount total:200 valid:0 writetime:2019-05-22_12_01_50
2019/05/22 12:01:51.506000 git.huoys.com/qp/cells/module/user.(*usermodule).OnUpdate 162 Info: USER OnlineCount:0 writetime:2019-05-22_12_01_51
2019/05/22 12:01:56.505000 git.huoys.com/qp/cells/module/user.(*usermodule).OnUpdate 162 Info: USER OnlineCount:0 writetime:2019-05-22_12_01_56
2019/05/22 12:02:00.505000 git.huoys.com/qp/cells/module/room.(*TableMgr).OnUpdate 81 Info: TABLE OnlineTableCount total:200 valid:0 writetime:2019-05-22_12_02_00
2019/05/22 12:02:01.505000 git.huoys.com/qp/cells/module/user.(*usermodule).OnUpdate 162 Info: USER OnlineCount:0 writetime:2019-05-22_12_02_01
2019/05/22 12:02:06.505000 git.huoys.com/qp/cells/module/user.(*usermodule).OnUpdate 162 Info: USER OnlineCount:0 writetime:2019-05-22_12_02_06
2019/05/22 12:02:10.506000 git.huoys.com/qp/cells/module/room.(*TableMgr).OnUpdate 81 Info: TABLE OnlineTableCount total:200 valid:0 writetime:2019-05-22_12_02_10
2019/05/22 12:02:11.506000 git.huoys.com/qp/cells/module/user.(*usermodule).OnUpdate 162 Info: USER OnlineCount:0 writetime:2019-05-22_12_02_11
2019/05/22 12:02:16.505000 git.huoys.com/qp/cells/module/user.(*usermodule).OnUpdate 162 Info: USER OnlineCount:0 writetime:2019-05-22_12_02_16
2019/05/22 12:02:20.505000 git.huoys.com/qp/cells/module/room.(*TableMgr).OnUpdate 81 Info: TABLE OnlineTableCount total:200 valid:0 writetime:2019-05-22_12_02_20
2019/05/22 12:02:20.587000 git.huoys.com/qp/cells/module/auth.(*authmodule).onConnect 74 Info: AUTH onConnect sid:2 addr:172.12.10.126:56769 StartTime:1558497740.....
2019/05/22 12:02:21.505000 git.huoys.com/qp/cells/module/user.(*usermodule).OnUpdate 162 Info: USER OnlineCount:0 writetime:2019-05-22_12_02_21
2019/05/22 12:02:21.620000 git.huoys.com/qp/cells/module/auth.(*authmodule).onLoginGameReq 141 Error: AUTH onLoginGameReq sid:2 uid:472680 LoginQPHall failed code:10001
2019/05/22 12:02:26.061000 git.huoys.com/qp/cells/module/auth.(*authmodule).onDisConnect 82 Info: AUTH onDisConnect sid:2 addr:172.12.10.126:56769 EndTime:1558497746.....
2019/05/22 12:02:26.505000 git.huoys.com/qp/cells/module/user.(*usermodule).OnUpdate 162 Info: USER OnlineCount:0 writetime:2019-05-22_12_02_26
2019/05/22 12:02:30.505000 git.huoys.com/qp/cells/module/room.(*TableMgr).OnUpdate 81 Info: TABLE OnlineTableCount total:200 valid:0 writetime:2019-05-22_12_02_30
2019/05/22 12:02:31.505000 git.huoys.com/qp/cells/module/user.(*usermodule).OnUpdate 162 Info: USER OnlineCount:0 writetime:2019-05-22_12_02_31
2019/05/22 12:02:36.505000 git.huoys.com/qp/cells/module/user.(*usermodule).OnUpdate 162 Info: USER OnlineCount:0 writetime:2019-05-22_12_02_36
2019/05/22 12:02:37.515000 git.huoys.com/qp/cells/config.reloadGameConfig 370 Warning: Reload config......
2019/05/22 12:02:40.505000 git.huoys.com/qp/cells/module/room.(*TableMgr).OnUpdate 81 Info: TABLE OnlineTableCount total:200 valid:0 writetime:2019-05-22_12_02_40
2019/05/22 12:02:41.505000 git.huoys.com/qp/cells/module/user.(*usermodule).OnUpdate 162 Info: USER OnlineCount:0 writetime:2019-05-22_12_02_41
2019/05/22 12:02:46.505000 git.huoys.com/qp/cells/module/user.(*usermodule).OnUpdate 162 Info: USER OnlineCount:0 writetime:2019-05-22_12_02_46
2019/05/22 12:02:50.505000 git.huoys.com/qp/cells/module/room.(*TableMgr).OnUpdate 81 Info: TABLE OnlineTableCount total:200 valid:0 writetime:2019-05-22_12_02_50
2019/05/22 12:02:51.505000 git.huoys.com/qp/cells/module/user.(*usermodule).OnUpdate 162 Info: USER OnlineCount:0 writetime:2019-05-22_12_02_51
2019/05/22 12:02:56.506000 git.huoys.com/qp/cells/module/user.(*usermodule).OnUpdate 162 Info: USER OnlineCount:0 writetime:2019-05-22_12_02_56
2019/05/22 12:03:00.506000 git.huoys.com/qp/cells/module/room.(*TableMgr).OnUpdate 81 Info: TABLE OnlineTableCount total:200 valid:0 writetime:2019-05-22_12_03_00
2019/05/22 12:03:01.505000 git.huoys.com/qp/cells/module/user.(*usermodule).OnUpdate 162 Info: USER OnlineCount:0 writetime:2019-05-22_12_03_01
2019/05/22 12:03:06.505000 git.huoys.com/qp/cells/module/user.(*usermodule).OnUpdate 162 Info: USER OnlineCount:0 writetime:2019-05-22_12_03_06
2019/05/22 12:03:10.505000 git.huoys.com/qp/cells/module/room.(*TableMgr).OnUpdate 81 Info: TABLE OnlineTableCount total:200 valid:0 writetime:2019-05-22_12_03_10
2019/05/22 12:03:11.506000 git.huoys.com/qp/cells/module/user.(*usermodule).OnUpdate 162 Info: USER OnlineCount:0 writetime:2019-05-22_12_03_11
2019/05/22 12:03:16.505000 git.huoys.com/qp/cells/module/user.(*usermodule).OnUpdate 162 Info: USER OnlineCount:0 writetime:2019-05-22_12_03_16
2019/05/22 12:03:20.506000 git.huoys.com/qp/cells/module/room.(*TableMgr).OnUpdate 81 Info: TABLE OnlineTableCount total:200 valid:0 writetime:2019-05-22_12_03_20
2019/05/22 12:03:21.505000 git.huoys.com/qp/cells/module/user.(*usermodule).OnUpdate 162 Info: USER OnlineCount:0 writetime:2019-05-22_12_03_21
2019/05/22 12:03:26.506000 git.huoys.com/qp/cells/module/user.(*usermodule).OnUpdate 162 Info: USER OnlineCount:0 writetime:2019-05-22_12_03_26
2019/05/22 12:03:30.506000 git.huoys.com/qp/cells/module/room.(*TableMgr).OnUpdate 81 Info: TABLE OnlineTableCount total:200 valid:0 writetime:2019-05-22_12_03_30
2019/05/22 12:03:31.505000 git.huoys.com/qp/cells/module/user.(*usermodule).OnUpdate 162 Info: USER OnlineCount:0 writetime:2019-05-22_12_03_31
2019/05/22 12:03:36.505000 git.huoys.com/qp/cells/module/user.(*usermodule).OnUpdate 162 Info: USER OnlineCount:0 writetime:2019-05-22_12_03_36
2019/05/22 12:03:40.505000 git.huoys.com/qp/cells/module/room.(*TableMgr).OnUpdate 81 Info: TABLE OnlineTableCount total:200 valid:0 writetime:2019-05-22_12_03_40
2019/05/22 12:03:41.505000 git.huoys.com/qp/cells/module/user.(*usermodule).OnUpdate 162 Info: USER OnlineCount:0 writetime:2019-05-22_12_03_41
2019/05/22 12:03:46.505000 git.huoys.com/qp/cells/module/user.(*usermodule).OnUpdate 162 Info: USER OnlineCount:0 writetime:2019-05-22_12_03_46
2019/05/22 12:03:50.505000 git.huoys.com/qp/cells/module/room.(*TableMgr).OnUpdate 81 Info: TABLE OnlineTableCount total:200 valid:0 writetime:2019-05-22_12_03_50
2019/05/22 12:03:51.505000 git.huoys.com/qp/cells/module/user.(*usermodule).OnUpdate 162 Info: USER OnlineCount:0 writetime:2019-05-22_12_03_51
2019/05/22 12:03:56.505000 git.huoys.com/qp/cells/module/user.(*usermodule).OnUpdate 162 Info: USER OnlineCount:0 writetime:2019-05-22_12_03_56
2019/05/22 12:04:00.505000 git.huoys.com/qp/cells/module/room.(*TableMgr).OnUpdate 81 Info: TABLE OnlineTableCount total:200 valid:0 writetime:2019-05-22_12_04_00
2019/05/22 12:04:01.505000 git.huoys.com/qp/cells/module/user.(*usermodule).OnUpdate 162 Info: USER OnlineCount:0 writetime:2019-05-22_12_04_01
2019/05/22 12:04:09.011000 git.huoys.com/qp/cells/module/user.(*usermodule).OnUpdate 162 Info: USER OnlineCount:0 writetime:2019-05-22_12_04_06
2019/05/22 12:04:10.020000 git.huoys.com/qp/cells/module/room.(*TableMgr).OnUpdate 81 Info: TABLE OnlineTableCount total:200 valid:0 writetime:2019-05-22_12_04_10
2019/05/22 12:04:11.506000 git.huoys.com/qp/cells/module/user.(*usermodule).OnUpdate 162 Info: USER OnlineCount:0 writetime:2019-05-22_12_04_11
2019/05/22 12:04:12.144000 git.huoys.com/qp/cells/module/auth.(*authmodule).onConnect 74 Info: AUTH onConnect sid:3 addr:172.12.10.126:57514 StartTime:1558497852.....
2019/05/22 12:04:13.157000 git.huoys.com/qp/cells/module/auth.(*authmodule).onLoginGameReq 141 Error: AUTH onLoginGameReq sid:3 uid:309162161 LoginQPHall failed code:10001
2019/05/22 12:04:16.506000 git.huoys.com/qp/cells/module/user.(*usermodule).OnUpdate 162 Info: USER OnlineCount:0 writetime:2019-05-22_12_04_16
2019/05/22 12:04:20.505000 git.huoys.com/qp/cells/module/room.(*TableMgr).OnUpdate 81 Info: TABLE OnlineTableCount total:200 valid:0 writetime:2019-05-22_12_04_20
2019/05/22 12:04:20.555000 git.huoys.com/qp/cells/module/auth.(*authmodule).onDisConnect 82 Info: AUTH onDisConnect sid:3 addr:172.12.10.126:57514 EndTime:1558497860.....
2019/05/22 12:04:21.505000 git.huoys.com/qp/cells/module/user.(*usermodule).OnUpdate 162 Info: USER OnlineCount:0 writetime:2019-05-22_12_04_21
2019/05/22 12:04:26.505000 git.huoys.com/qp/cells/module/user.(*usermodule).OnUpdate 162 Info: USER OnlineCount:0 writetime:2019-05-22_12_04_26
2019/05/22 12:04:30.505000 git.huoys.com/qp/cells/module/room.(*TableMgr).OnUpdate 81 Info: TABLE OnlineTableCount total:200 valid:0 writetime:2019-05-22_12_04_30
2019/05/22 12:04:31.505000 git.huoys.com/qp/cells/module/user.(*usermodule).OnUpdate 162 Info: USER OnlineCount:0 writetime:2019-05-22_12_04_31
2019/05/22 12:04:36.506000 git.huoys.com/qp/cells/module/user.(*usermodule).OnUpdate 162 Info: USER OnlineCount:0 writetime:2019-05-22_12_04_36
2019/05/22 12:04:40.514000 git.huoys.com/qp/cells/module/room.(*TableMgr).OnUpdate 81 Info: TABLE OnlineTableCount total:200 valid:0 writetime:2019-05-22_12_04_40
2019/05/22 12:04:41.505000 git.huoys.com/qp/cells/module/user.(*usermodule).OnUpdate 162 Info: USER OnlineCount:0 writetime:2019-05-22_12_04_41
2019/05/22 12:04:46.506000 git.huoys.com/qp/cells/module/user.(*usermodule).OnUpdate 162 Info: USER OnlineCount:0 writetime:2019-05-22_12_04_46
2019/05/22 12:04:50.506000 git.huoys.com/qp/cells/module/room.(*TableMgr).OnUpdate 81 Info: TABLE OnlineTableCount total:200 valid:0 writetime:2019-05-22_12_04_50
2019/05/22 12:04:51.505000 git.huoys.com/qp/cells/module/user.(*usermodule).OnUpdate 162 Info: USER OnlineCount:0 writetime:2019-05-22_12_04_51
2019/05/22 12:04:56.505000 git.huoys.com/qp/cells/module/user.(*usermodule).OnUpdate 162 Info: USER OnlineCount:0 writetime:2019-05-22_12_04_56
2019/05/22 12:05:00.505000 git.huoys.com/qp/cells/module/room.(*TableMgr).OnUpdate 81 Info: TABLE OnlineTableCount total:200 valid:0 writetime:2019-05-22_12_05_00
2019/05/22 12:05:01.505000 git.huoys.com/qp/cells/module/user.(*usermodule).OnUpdate 162 Info: USER OnlineCount:0 writetime:2019-05-22_12_05_01
2019/05/22 12:05:06.505000 git.huoys.com/qp/cells/module/user.(*usermodule).OnUpdate 162 Info: USER OnlineCount:0 writetime:2019-05-22_12_05_06
2019/05/22 12:05:10.505000 git.huoys.com/qp/cells/module/room.(*TableMgr).OnUpdate 81 Info: TABLE OnlineTableCount total:200 valid:0 writetime:2019-05-22_12_05_10
2019/05/22 12:05:11.505000 git.huoys.com/qp/cells/module/user.(*usermodule).OnUpdate 162 Info: USER OnlineCount:0 writetime:2019-05-22_12_05_11
2019/05/22 12:05:16.505000 git.huoys.com/qp/cells/module/user.(*usermodule).OnUpdate 162 Info: USER OnlineCount:0 writetime:2019-05-22_12_05_16
2019/05/22 12:05:20.505000 git.huoys.com/qp/cells/module/room.(*TableMgr).OnUpdate 81 Info: TABLE OnlineTableCount total:200 valid:0 writetime:2019-05-22_12_05_20
2019/05/22 12:05:21.505000 git.huoys.com/qp/cells/module/user.(*usermodule).OnUpdate 162 Info: USER OnlineCount:0 writetime:2019-05-22_12_05_21
2019/05/22 12:05:26.506000 git.huoys.com/qp/cells/module/user.(*usermodule).OnUpdate 162 Info: USER OnlineCount:0 writetime:2019-05-22_12_05_26
2019/05/22 12:05:30.505000 git.huoys.com/qp/cells/module/room.(*TableMgr).OnUpdate 81 Info: TABLE OnlineTableCount total:200 valid:0 writetime:2019-05-22_12_05_30
2019/05/22 12:05:31.506000 git.huoys.com/qp/cells/module/user.(*usermodule).OnUpdate 162 Info: USER OnlineCount:0 writetime:2019-05-22_12_05_31
2019/05/22 12:05:36.505000 git.huoys.com/qp/cells/module/user.(*usermodule).OnUpdate 162 Info: USER OnlineCount:0 writetime:2019-05-22_12_05_36
2019/05/22 12:05:40.505000 git.huoys.com/qp/cells/module/room.(*TableMgr).OnUpdate 81 Info: TABLE OnlineTableCount total:200 valid:0 writetime:2019-05-22_12_05_40
2019/05/22 12:05:41.505000 git.huoys.com/qp/cells/module/user.(*usermodule).OnUpdate 162 Info: USER OnlineCount:0 writetime:2019-05-22_12_05_41
2019/05/22 12:05:46.505000 git.huoys.com/qp/cells/module/user.(*usermodule).OnUpdate 162 Info: USER OnlineCount:0 writetime:2019-05-22_12_05_46
2019/05/22 12:05:50.505000 git.huoys.com/qp/cells/module/room.(*TableMgr).OnUpdate 81 Info: TABLE OnlineTableCount total:200 valid:0 writetime:2019-05-22_12_05_50
2019/05/22 12:05:51.505000 git.huoys.com/qp/cells/module/user.(*usermodule).OnUpdate 162 Info: USER OnlineCount:0 writetime:2019-05-22_12_05_51
2019/05/22 12:05:56.505000 git.huoys.com/qp/cells/module/user.(*usermodule).OnUpdate 162 Info: USER OnlineCount:0 writetime:2019-05-22_12_05_56
2019/05/22 12:06:00.505000 git.huoys.com/qp/cells/module/room.(*TableMgr).OnUpdate 81 Info: TABLE OnlineTableCount total:200 valid:0 writetime:2019-05-22_12_06_00
2019/05/22 12:06:01.505000 git.huoys.com/qp/cells/module/user.(*usermodule).OnUpdate 162 Info: USER OnlineCount:0 writetime:2019-05-22_12_06_01
2019/05/22 12:06:05.830000 git.huoys.com/qp/cells/module/auth.(*authmodule).onConnect 74 Info: AUTH onConnect sid:4 addr:172.12.10.126:58205 StartTime:1558497965.....
2019/05/22 12:06:06.506000 git.huoys.com/qp/cells/module/user.(*usermodule).OnUpdate 162 Info: USER OnlineCount:0 writetime:2019-05-22_12_06_06
2019/05/22 12:06:07.885000 git.huoys.com/qp/cells/module/auth.(*authmodule).onLoginGameReq 162 Info: AUTH onLoginGameReq sid:4 uid:472680 amount:9999990 money:9999990 baseinfo:{"baseuserinfoget":{"Sex":"0","NickName":"QPM386365","Partner":[{"1":["蛋定","http://thirdwx.qlogo.cn/mmopen/vi_32/WnsycmeFbcibM4m2OrsUaJcd3VibttibCHTrBhJsic4F9eCJYOYPFHJYfao7Yl5hGjFyXLzAYHXV8dYsunx1pzibLHQ/132"]}]}} keyvaluedata:{"KV_TableData":"{\"LastLogin\":1558497331,\"PollingSec\":1558497865,\"Ratio\":10,\"Heroes\":[201],\"Positions\":[201,0,0,0,0],\"KillCount\":0,\"AllergenData\":{\"TaxReturnPool\":0,\"SettleReward\":0,\"SettleFlag\":false,\"LastTick\":0}}"}
2019/05/22 12:06:08.907000 git.huoys.com/qp/cells/module/user.(*usermodule).onJoinRoom 153 Info: USER onJoinRoom sid:4 uid:472680
2019/05/22 12:06:08.907000 git.huoys.com/qp/cells/module/room.(*roommodule).OnUserEnter 119 Info: ROOM OnUserEnter uid:472680 table_id:1
2019/05/22 12:06:10.506000 git.huoys.com/qp/cells/module/room.(*TableMgr).OnUpdate 81 Info: TABLE OnlineTableCount total:200 valid:1 writetime:2019-05-22_12_06_10
2019/05/22 12:06:11.506000 git.huoys.com/qp/cells/module/user.(*usermodule).OnUpdate 162 Info: USER OnlineCount:1 writetime:2019-05-22_12_06_11
2019/05/22 12:06:16.506000 git.huoys.com/qp/cells/module/user.(*usermodule).OnUpdate 162 Info: USER OnlineCount:1 writetime:2019-05-22_12_06_16
2019/05/22 12:06:20.506000 git.huoys.com/qp/cells/module/room.(*TableMgr).OnUpdate 81 Info: TABLE OnlineTableCount total:200 valid:1 writetime:2019-05-22_12_06_20
2019/05/22 12:06:21.506000 git.huoys.com/qp/cells/module/user.(*usermodule).OnUpdate 162 Info: USER OnlineCount:1 writetime:2019-05-22_12_06_21
2019/05/22 12:06:23.723000 git.huoys.com/qp/cells/module/auth.(*authmodule).onDisConnect 82 Info: AUTH onDisConnect sid:4 addr:172.12.10.126:58205 EndTime:1558497983.....
2019/05/22 12:06:23.724000 git.huoys.com/qp/cells/module/user.(*usermodule).OnUserLogout 87 Info: USER OnUserLogout uid:472680 sid:4 logout_type:1
2019/05/22 12:06:23.725000 git.huoys.com/qp/cells/module/room.(*roommodule).OnUserExit 139 Info: ROOM OnUserExit uid:472680 table_id:1 exit_type:1
2019/05/22 12:06:26.506000 git.huoys.com/qp/cells/module/user.(*usermodule).OnUpdate 162 Info: USER OnlineCount:1 writetime:2019-05-22_12_06_26
2019/05/22 12:06:30.506000 git.huoys.com/qp/cells/module/room.(*TableMgr).OnUpdate 81 Info: TABLE OnlineTableCount total:200 valid:0 writetime:2019-05-22_12_06_30
2019/05/22 12:06:31.507000 git.huoys.com/qp/cells/module/user.(*usermodule).OnUpdate 162 Info: USER OnlineCount:0 writetime:2019-05-22_12_06_31
2019/05/22 12:06:36.507000 git.huoys.com/qp/cells/module/user.(*usermodule).OnUpdate 162 Info: USER OnlineCount:0 writetime:2019-05-22_12_06_36
2019/05/22 12:06:40.507000 git.huoys.com/qp/cells/module/room.(*TableMgr).OnUpdate 81 Info: TABLE OnlineTableCount total:200 valid:0 writetime:2019-05-22_12_06_40
2019/05/22 12:06:41.506000 git.huoys.com/qp/cells/module/user.(*usermodule).OnUpdate 162 Info: USER OnlineCount:0 writetime:2019-05-22_12_06_41
2019/05/22 12:06:46.506000 git.huoys.com/qp/cells/module/user.(*usermodule).OnUpdate 162 Info: USER OnlineCount:0 writetime:2019-05-22_12_06_46
2019/05/22 12:06:50.507000 git.huoys.com/qp/cells/module/room.(*TableMgr).OnUpdate 81 Info: TABLE OnlineTableCount total:200 valid:0 writetime:2019-05-22_12_06_50
2019/05/22 12:06:51.507000 git.huoys.com/qp/cells/module/user.(*usermodule).OnUpdate 162 Info: USER OnlineCount:0 writetime:2019-05-22_12_06_51
2019/05/22 12:06:56.506000 git.huoys.com/qp/cells/module/user.(*usermodule).OnUpdate 162 Info: USER OnlineCount:0 writetime:2019-05-22_12_06_56
2019/05/22 12:07:00.506000 git.huoys.com/qp/cells/module/room.(*TableMgr).OnUpdate 81 Info: TABLE OnlineTableCount total:200 valid:0 writetime:2019-05-22_12_07_00
2019/05/22 12:07:01.507000 git.huoys.com/qp/cells/module/user.(*usermodule).OnUpdate 162 Info: USER OnlineCount:0 writetime:2019-05-22_12_07_01
2019/05/22 12:07:06.507000 git.huoys.com/qp/cells/module/user.(*usermodule).OnUpdate 162 Info: USER OnlineCount:0 writetime:2019-05-22_12_07_06
2019/05/22 12:07:10.507000 git.huoys.com/qp/cells/module/room.(*TableMgr).OnUpdate 81 Info: TABLE OnlineTableCount total:200 valid:0 writetime:2019-05-22_12_07_10
2019/05/22 12:07:11.507000 git.huoys.com/qp/cells/module/user.(*usermodule).OnUpdate 162 Info: USER OnlineCount:0 writetime:2019-05-22_12_07_11
2019/05/22 12:07:16.506000 git.huoys.com/qp/cells/module/user.(*usermodule).OnUpdate 162 Info: USER OnlineCount:0 writetime:2019-05-22_12_07_16
2019/05/22 12:07:20.507000 git.huoys.com/qp/cells/module/room.(*TableMgr).OnUpdate 81 Info: TABLE OnlineTableCount total:200 valid:0 writetime:2019-05-22_12_07_20
2019/05/22 12:07:21.507000 git.huoys.com/qp/cells/module/user.(*usermodule).OnUpdate 162 Info: USER OnlineCount:0 writetime:2019-05-22_12_07_21
2019/05/22 12:07:26.506000 git.huoys.com/qp/cells/module/user.(*usermodule).OnUpdate 162 Info: USER OnlineCount:0 writetime:2019-05-22_12_07_26
2019/05/22 12:07:30.506000 git.huoys.com/qp/cells/module/room.(*TableMgr).OnUpdate 81 Info: TABLE OnlineTableCount total:200 valid:0 writetime:2019-05-22_12_07_30
2019/05/22 12:07:31.507000 git.huoys.com/qp/cells/module/user.(*usermodule).OnUpdate 162 Info: USER OnlineCount:0 writetime:2019-05-22_12_07_31
2019/05/22 12:07:36.507000 git.huoys.com/qp/cells/module/user.(*usermodule).OnUpdate 162 Info: USER OnlineCount:0 writetime:2019-05-22_12_07_36
2019/05/22 12:07:37.517000 git.huoys.com/qp/cells/config.reloadGameConfig 370 Warning: Reload config......
2019/05/22 12:07:40.529000 git.huoys.com/qp/cells/module/room.(*TableMgr).OnUpdate 81 Info: TABLE OnlineTableCount total:200 valid:0 writetime:2019-05-22_12_07_40
2019/05/22 12:07:41.507000 git.huoys.com/qp/cells/module/user.(*usermodule).OnUpdate 162 Info: USER OnlineCount:0 writetime:2019-05-22_12_07_41
2019/05/22 12:07:46.507000 git.huoys.com/qp/cells/module/user.(*usermodule).OnUpdate 162 Info: USER OnlineCount:0 writetime:2019-05-22_12_07_46
2019/05/22 12:07:50.507000 git.huoys.com/qp/cells/module/room.(*TableMgr).OnUpdate 81 Info: TABLE OnlineTableCount total:200 valid:0 writetime:2019-05-22_12_07_50
2019/05/22 12:07:51.507000 git.huoys.com/qp/cells/module/user.(*usermodule).OnUpdate 162 Info: USER OnlineCount:0 writetime:2019-05-22_12_07_51
2019/05/22 12:07:56.507000 git.huoys.com/qp/cells/module/user.(*usermodule).OnUpdate 162 Info: USER OnlineCount:0 writetime:2019-05-22_12_07_56
2019/05/22 12:08:00.507000 git.huoys.com/qp/cells/module/room.(*TableMgr).OnUpdate 81 Info: TABLE OnlineTableCount total:200 valid:0 writetime:2019-05-22_12_08_00
2019/05/22 12:08:01.507000 git.huoys.com/qp/cells/module/user.(*usermodule).OnUpdate 162 Info: USER OnlineCount:0 writetime:2019-05-22_12_08_01
2019/05/22 12:08:06.507000 git.huoys.com/qp/cells/module/user.(*usermodule).OnUpdate 162 Info: USER OnlineCount:0 writetime:2019-05-22_12_08_06
2019/05/22 12:08:10.507000 git.huoys.com/qp/cells/module/room.(*TableMgr).OnUpdate 81 Info: TABLE OnlineTableCount total:200 valid:0 writetime:2019-05-22_12_08_10
2019/05/22 12:08:11.507000 git.huoys.com/qp/cells/module/user.(*usermodule).OnUpdate 162 Info: USER OnlineCount:0 writetime:2019-05-22_12_08_11
2019/05/22 12:08:16.507000 git.huoys.com/qp/cells/module/user.(*usermodule).OnUpdate 162 Info: USER OnlineCount:0 writetime:2019-05-22_12_08_16
2019/05/22 12:08:20.507000 git.huoys.com/qp/cells/module/room.(*TableMgr).OnUpdate 81 Info: TABLE OnlineTableCount total:200 valid:0 writetime:2019-05-22_12_08_20
2019/05/22 12:08:21.507000 git.huoys.com/qp/cells/module/user.(*usermodule).OnUpdate 162 Info: USER OnlineCount:0 writetime:2019-05-22_12_08_21
2019/05/22 12:08:26.507000 git.huoys.com/qp/cells/module/user.(*usermodule).OnUpdate 162 Info: USER OnlineCount:0 writetime:2019-05-22_12_08_26
2019/05/22 12:08:30.507000 git.huoys.com/qp/cells/module/room.(*TableMgr).OnUpdate 81 Info: TABLE OnlineTableCount total:200 valid:0 writetime:2019-05-22_12_08_30
2019/05/22 12:08:31.507000 git.huoys.com/qp/cells/module/user.(*usermodule).OnUpdate 162 Info: USER OnlineCount:0 writetime:2019-05-22_12_08_31
2019/05/22 12:08:36.507000 git.huoys.com/qp/cells/module/user.(*usermodule).OnUpdate 162 Info: USER OnlineCount:0 writetime:2019-05-22_12_08_36
2019/05/22 12:08:40.507000 git.huoys.com/qp/cells/module/room.(*TableMgr).OnUpdate 81 Info: TABLE OnlineTableCount total:200 valid:0 writetime:2019-05-22_12_08_40
2019/05/22 12:08:41.507000 git.huoys.com/qp/cells/module/user.(*usermodule).OnUpdate 162 Info: USER OnlineCount:0 writetime:2019-05-22_12_08_41
2019/05/22 12:08:46.507000 git.huoys.com/qp/cells/module/user.(*usermodule).OnUpdate 162 Info: USER OnlineCount:0 writetime:2019-05-22_12_08_46
2019/05/22 12:08:50.508000 git.huoys.com/qp/cells/module/room.(*TableMgr).OnUpdate 81 Info: TABLE OnlineTableCount total:200 valid:0 writetime:2019-05-22_12_08_50
2019/05/22 12:08:51.507000 git.huoys.com/qp/cells/module/user.(*usermodule).OnUpdate 162 Info: USER OnlineCount:0 writetime:2019-05-22_12_08_51
2019/05/22 12:08:56.507000 git.huoys.com/qp/cells/module/user.(*usermodule).OnUpdate 162 Info: USER OnlineCount:0 writetime:2019-05-22_12_08_56
2019/05/22 12:09:00.507000 git.huoys.com/qp/cells/module/room.(*TableMgr).OnUpdate 81 Info: TABLE OnlineTableCount total:200 valid:0 writetime:2019-05-22_12_09_00
2019/05/22 12:09:01.507000 git.huoys.com/qp/cells/module/user.(*usermodule).OnUpdate 162 Info: USER OnlineCount:0 writetime:2019-05-22_12_09_01
2019/05/22 12:09:06.507000 git.huoys.com/qp/cells/module/user.(*usermodule).OnUpdate 162 Info: USER OnlineCount:0 writetime:2019-05-22_12_09_06
2019/05/22 12:09:10.507000 git.huoys.com/qp/cells/module/room.(*TableMgr).OnUpdate 81 Info: TABLE OnlineTableCount total:200 valid:0 writetime:2019-05-22_12_09_10
2019/05/22 12:09:11.507000 git.huoys.com/qp/cells/module/user.(*usermodule).OnUpdate 162 Info: USER OnlineCount:0 writetime:2019-05-22_12_09_11
2019/05/22 12:09:16.507000 git.huoys.com/qp/cells/module/user.(*usermodule).OnUpdate 162 Info: USER OnlineCount:0 writetime:2019-05-22_12_09_16
2019/05/22 12:09:20.507000 git.huoys.com/qp/cells/module/room.(*TableMgr).OnUpdate 81 Info: TABLE OnlineTableCount total:200 valid:0 writetime:2019-05-22_12_09_20
2019/05/22 12:09:21.508000 git.huoys.com/qp/cells/module/user.(*usermodule).OnUpdate 162 Info: USER OnlineCount:0 writetime:2019-05-22_12_09_21
2019/05/22 12:09:26.508000 git.huoys.com/qp/cells/module/user.(*usermodule).OnUpdate 162 Info: USER OnlineCount:0 writetime:2019-05-22_12_09_26
2019/05/22 12:09:30.508000 git.huoys.com/qp/cells/module/room.(*TableMgr).OnUpdate 81 Info: TABLE OnlineTableCount total:200 valid:0 writetime:2019-05-22_12_09_30
2019/05/22 12:09:31.508000 git.huoys.com/qp/cells/module/user.(*usermodule).OnUpdate 162 Info: USER OnlineCount:0 writetime:2019-05-22_12_09_31
2019/05/22 12:09:36.508000 git.huoys.com/qp/cells/module/user.(*usermodule).OnUpdate 162 Info: USER OnlineCount:0 writetime:2019-05-22_12_09_36
2019/05/22 12:09:40.508000 git.huoys.com/qp/cells/module/room.(*TableMgr).OnUpdate 81 Info: TABLE OnlineTableCount total:200 valid:0 writetime:2019-05-22_12_09_40
2019/05/22 12:09:41.508000 git.huoys.com/qp/cells/module/user.(*usermodule).OnUpdate 162 Info: USER OnlineCount:0 writetime:2019-05-22_12_09_41
2019/05/22 12:09:46.508000 git.huoys.com/qp/cells/module/user.(*usermodule).OnUpdate 162 Info: USER OnlineCount:0 writetime:2019-05-22_12_09_46
2019/05/22 12:09:50.508000 git.huoys.com/qp/cells/module/room.(*TableMgr).OnUpdate 81 Info: TABLE OnlineTableCount total:200 valid:0 writetime:2019-05-22_12_09_50
2019/05/22 12:09:51.508000 git.huoys.com/qp/cells/module/user.(*usermodule).OnUpdate 162 Info: USER OnlineCount:0 writetime:2019-05-22_12_09_51
2019/05/22 12:09:56.508000 git.huoys.com/qp/cells/module/user.(*usermodule).OnUpdate 162 Info: USER OnlineCount:0 writetime:2019-05-22_12_09_56
2019/05/22 12:10:00.509000 git.huoys.com/qp/cells/module/room.(*TableMgr).OnUpdate 81 Info: TABLE OnlineTableCount total:200 valid:0 writetime:2019-05-22_12_10_00
2019/05/22 12:10:01.508000 git.huoys.com/qp/cells/module/user.(*usermodule).OnUpdate 162 Info: USER OnlineCount:0 writetime:2019-05-22_12_10_01
2019/05/22 12:10:06.508000 git.huoys.com/qp/cells/module/user.(*usermodule).OnUpdate 162 Info: USER OnlineCount:0 writetime:2019-05-22_12_10_06
2019/05/22 12:10:10.508000 git.huoys.com/qp/cells/module/room.(*TableMgr).OnUpdate 81 Info: TABLE OnlineTableCount total:200 valid:0 writetime:2019-05-22_12_10_10
2019/05/22 12:10:11.508000 git.huoys.com/qp/cells/module/user.(*usermodule).OnUpdate 162 Info: USER OnlineCount:0 writetime:2019-05-22_12_10_11
2019/05/22 12:10:16.508000 git.huoys.com/qp/cells/module/user.(*usermodule).OnUpdate 162 Info: USER OnlineCount:0 writetime:2019-05-22_12_10_16
2019/05/22 12:10:20.508000 git.huoys.com/qp/cells/module/room.(*TableMgr).OnUpdate 81 Info: TABLE OnlineTableCount total:200 valid:0 writetime:2019-05-22_12_10_20
2019/05/22 12:10:21.508000 git.huoys.com/qp/cells/module/user.(*usermodule).OnUpdate 162 Info: USER OnlineCount:0 writetime:2019-05-22_12_10_21
2019/05/22 12:10:26.508000 git.huoys.com/qp/cells/module/user.(*usermodule).OnUpdate 162 Info: USER OnlineCount:0 writetime:2019-05-22_12_10_26
2019/05/22 12:10:30.508000 git.huoys.com/qp/cells/module/room.(*TableMgr).OnUpdate 81 Info: TABLE OnlineTableCount total:200 valid:0 writetime:2019-05-22_12_10_30
2019/05/22 12:10:31.508000 git.huoys.com/qp/cells/module/user.(*usermodule).OnUpdate 162 Info: USER OnlineCount:0 writetime:2019-05-22_12_10_31
2019/05/22 12:10:36.508000 git.huoys.com/qp/cells/module/user.(*usermodule).OnUpdate 162 Info: USER OnlineCount:0 writetime:2019-05-22_12_10_36
2019/05/22 12:10:40.535000 git.huoys.com/qp/cells/module/room.(*TableMgr).OnUpdate 81 Info: TABLE OnlineTableCount total:200 valid:0 writetime:2019-05-22_12_10_40
2019/05/22 12:10:41.508000 git.huoys.com/qp/cells/module/user.(*usermodule).OnUpdate 162 Info: USER OnlineCount:0 writetime:2019-05-22_12_10_41
2019/05/22 12:10:46.508000 git.huoys.com/qp/cells/module/user.(*usermodule).OnUpdate 162 Info: USER OnlineCount:0 writetime:2019-05-22_12_10_46
2019/05/22 12:10:50.507000 git.huoys.com/qp/cells/module/room.(*TableMgr).OnUpdate 81 Info: TABLE OnlineTableCount total:200 valid:0 writetime:2019-05-22_12_10_50
2019/05/22 12:10:51.508000 git.huoys.com/qp/cells/module/user.(*usermodule).OnUpdate 162 Info: USER OnlineCount:0 writetime:2019-05-22_12_10_51
2019/05/22 12:10:56.508000 git.huoys.com/qp/cells/module/user.(*usermodule).OnUpdate 162 Info: USER OnlineCount:0 writetime:2019-05-22_12_10_56
2019/05/22 12:11:00.508000 git.huoys.com/qp/cells/module/room.(*TableMgr).OnUpdate 81 Info: TABLE OnlineTableCount total:200 valid:0 writetime:2019-05-22_12_11_00
2019/05/22 12:11:01.507000 git.huoys.com/qp/cells/module/user.(*usermodule).OnUpdate 162 Info: USER OnlineCount:0 writetime:2019-05-22_12_11_01
2019/05/22 12:11:06.507000 git.huoys.com/qp/cells/module/user.(*usermodule).OnUpdate 162 Info: USER OnlineCount:0 writetime:2019-05-22_12_11_06
2019/05/22 12:11:10.508000 git.huoys.com/qp/cells/module/room.(*TableMgr).OnUpdate 81 Info: TABLE OnlineTableCount total:200 valid:0 writetime:2019-05-22_12_11_10
2019/05/22 12:11:11.508000 git.huoys.com/qp/cells/module/user.(*usermodule).OnUpdate 162 Info: USER OnlineCount:0 writetime:2019-05-22_12_11_11
2019/05/22 12:11:16.508000 git.huoys.com/qp/cells/module/user.(*usermodule).OnUpdate 162 Info: USER OnlineCount:0 writetime:2019-05-22_12_11_16
2019/05/22 12:11:20.508000 git.huoys.com/qp/cells/module/room.(*TableMgr).OnUpdate 81 Info: TABLE OnlineTableCount total:200 valid:0 writetime:2019-05-22_12_11_20
2019/05/22 12:11:21.508000 git.huoys.com/qp/cells/module/user.(*usermodule).OnUpdate 162 Info: USER OnlineCount:0 writetime:2019-05-22_12_11_21
2019/05/22 12:11:26.508000 git.huoys.com/qp/cells/module/user.(*usermodule).OnUpdate 162 Info: USER OnlineCount:0 writetime:2019-05-22_12_11_26
2019/05/22 12:11:30.507000 git.huoys.com/qp/cells/module/room.(*TableMgr).OnUpdate 81 Info: TABLE OnlineTableCount total:200 valid:0 writetime:2019-05-22_12_11_30
2019/05/22 12:11:31.507000 git.huoys.com/qp/cells/module/user.(*usermodule).OnUpdate 162 Info: USER OnlineCount:0 writetime:2019-05-22_12_11_31
2019/05/22 12:11:36.509000 git.huoys.com/qp/cells/module/user.(*usermodule).OnUpdate 162 Info: USER OnlineCount:0 writetime:2019-05-22_12_11_36
2019/05/22 12:11:40.507000 git.huoys.com/qp/cells/module/room.(*TableMgr).OnUpdate 81 Info: TABLE OnlineTableCount total:200 valid:0 writetime:2019-05-22_12_11_40
2019/05/22 12:11:41.507000 git.huoys.com/qp/cells/module/user.(*usermodule).OnUpdate 162 Info: USER OnlineCount:0 writetime:2019-05-22_12_11_41
2019/05/22 12:11:46.507000 git.huoys.com/qp/cells/module/user.(*usermodule).OnUpdate 162 Info: USER OnlineCount:0 writetime:2019-05-22_12_11_46
2019/05/22 12:11:50.507000 git.huoys.com/qp/cells/module/room.(*TableMgr).OnUpdate 81 Info: TABLE OnlineTableCount total:200 valid:0 writetime:2019-05-22_12_11_50
2019/05/22 12:11:51.507000 git.huoys.com/qp/cells/module/user.(*usermodule).OnUpdate 162 Info: USER OnlineCount:0 writetime:2019-05-22_12_11_51
2019/05/22 12:11:56.507000 git.huoys.com/qp/cells/module/user.(*usermodule).OnUpdate 162 Info: USER OnlineCount:0 writetime:2019-05-22_12_11_56
2019/05/22 12:12:00.508000 git.huoys.com/qp/cells/module/room.(*TableMgr).OnUpdate 81 Info: TABLE OnlineTableCount total:200 valid:0 writetime:2019-05-22_12_12_00
2019/05/22 12:12:01.507000 git.huoys.com/qp/cells/module/user.(*usermodule).OnUpdate 162 Info: USER OnlineCount:0 writetime:2019-05-22_12_12_01
2019/05/22 12:12:06.508000 git.huoys.com/qp/cells/module/user.(*usermodule).OnUpdate 162 Info: USER OnlineCount:0 writetime:2019-05-22_12_12_06
2019/05/22 12:12:10.507000 git.huoys.com/qp/cells/module/room.(*TableMgr).OnUpdate 81 Info: TABLE OnlineTableCount total:200 valid:0 writetime:2019-05-22_12_12_10
2019/05/22 12:12:11.507000 git.huoys.com/qp/cells/module/user.(*usermodule).OnUpdate 162 Info: USER OnlineCount:0 writetime:2019-05-22_12_12_11
2019/05/22 12:12:16.508000 git.huoys.com/qp/cells/module/user.(*usermodule).OnUpdate 162 Info: USER OnlineCount:0 writetime:2019-05-22_12_12_16
2019/05/22 12:12:20.507000 git.huoys.com/qp/cells/module/room.(*TableMgr).OnUpdate 81 Info: TABLE OnlineTableCount total:200 valid:0 writetime:2019-05-22_12_12_20
2019/05/22 12:12:21.507000 git.huoys.com/qp/cells/module/user.(*usermodule).OnUpdate 162 Info: USER OnlineCount:0 writetime:2019-05-22_12_12_21
2019/05/22 12:12:26.507000 git.huoys.com/qp/cells/module/user.(*usermodule).OnUpdate 162 Info: USER OnlineCount:0 writetime:2019-05-22_12_12_26
2019/05/22 12:12:30.508000 git.huoys.com/qp/cells/module/room.(*TableMgr).OnUpdate 81 Info: TABLE OnlineTableCount total:200 valid:0 writetime:2019-05-22_12_12_30
2019/05/22 12:12:31.507000 git.huoys.com/qp/cells/module/user.(*usermodule).OnUpdate 162 Info: USER OnlineCount:0 writetime:2019-05-22_12_12_31
2019/05/22 12:12:36.507000 git.huoys.com/qp/cells/module/user.(*usermodule).OnUpdate 162 Info: USER OnlineCount:0 writetime:2019-05-22_12_12_36
2019/05/22 12:12:37.518000 git.huoys.com/qp/cells/config.reloadGameConfig 370 Warning: Reload config......
2019/05/22 12:12:40.507000 git.huoys.com/qp/cells/module/room.(*TableMgr).OnUpdate 81 Info: TABLE OnlineTableCount total:200 valid:0 writetime:2019-05-22_12_12_40
2019/05/22 12:12:41.507000 git.huoys.com/qp/cells/module/user.(*usermodule).OnUpdate 162 Info: USER OnlineCount:0 writetime:2019-05-22_12_12_41
2019/05/22 12:12:46.507000 git.huoys.com/qp/cells/module/user.(*usermodule).OnUpdate 162 Info: USER OnlineCount:0 writetime:2019-05-22_12_12_46
2019/05/22 12:12:50.507000 git.huoys.com/qp/cells/module/room.(*TableMgr).OnUpdate 81 Info: TABLE OnlineTableCount total:200 valid:0 writetime:2019-05-22_12_12_50
2019/05/22 12:12:51.507000 git.huoys.com/qp/cells/module/user.(*usermodule).OnUpdate 162 Info: USER OnlineCount:0 writetime:2019-05-22_12_12_51
2019/05/22 12:12:56.507000 git.huoys.com/qp/cells/module/user.(*usermodule).OnUpdate 162 Info: USER OnlineCount:0 writetime:2019-05-22_12_12_56
2019/05/22 12:13:00.507000 git.huoys.com/qp/cells/module/room.(*TableMgr).OnUpdate 81 Info: TABLE OnlineTableCount total:200 valid:0 writetime:2019-05-22_12_13_00
2019/05/22 12:13:01.507000 git.huoys.com/qp/cells/module/user.(*usermodule).OnUpdate 162 Info: USER OnlineCount:0 writetime:2019-05-22_12_13_01
2019/05/22 12:13:06.507000 git.huoys.com/qp/cells/module/user.(*usermodule).OnUpdate 162 Info: USER OnlineCount:0 writetime:2019-05-22_12_13_06
2019/05/22 12:13:10.507000 git.huoys.com/qp/cells/module/room.(*TableMgr).OnUpdate 81 Info: TABLE OnlineTableCount total:200 valid:0 writetime:2019-05-22_12_13_10
2019/05/22 12:13:11.507000 git.huoys.com/qp/cells/module/user.(*usermodule).OnUpdate 162 Info: USER OnlineCount:0 writetime:2019-05-22_12_13_11
2019/05/22 12:13:16.507000 git.huoys.com/qp/cells/module/user.(*usermodule).OnUpdate 162 Info: USER OnlineCount:0 writetime:2019-05-22_12_13_16
2019/05/22 12:13:20.507000 git.huoys.com/qp/cells/module/room.(*TableMgr).OnUpdate 81 Info: TABLE OnlineTableCount total:200 valid:0 writetime:2019-05-22_12_13_20
2019/05/22 12:13:21.507000 git.huoys.com/qp/cells/module/user.(*usermodule).OnUpdate 162 Info: USER OnlineCount:0 writetime:2019-05-22_12_13_21
2019/05/22 12:13:26.507000 git.huoys.com/qp/cells/module/user.(*usermodule).OnUpdate 162 Info: USER OnlineCount:0 writetime:2019-05-22_12_13_26
2019/05/22 12:13:30.507000 git.huoys.com/qp/cells/module/room.(*TableMgr).OnUpdate 81 Info: TABLE OnlineTableCount total:200 valid:0 writetime:2019-05-22_12_13_30
2019/05/22 12:13:31.508000 git.huoys.com/qp/cells/module/user.(*usermodule).OnUpdate 162 Info: USER OnlineCount:0 writetime:2019-05-22_12_13_31
2019/05/22 12:13:36.507000 git.huoys.com/qp/cells/module/user.(*usermodule).OnUpdate 162 Info: USER OnlineCount:0 writetime:2019-05-22_12_13_36
2019/05/22 12:13:40.516000 git.huoys.com/qp/cells/module/room.(*TableMgr).OnUpdate 81 Info: TABLE OnlineTableCount total:200 valid:0 writetime:2019-05-22_12_13_40
2019/05/22 12:13:41.507000 git.huoys.com/qp/cells/module/user.(*usermodule).OnUpdate 162 Info: USER OnlineCount:0 writetime:2019-05-22_12_13_41
2019/05/22 12:13:46.507000 git.huoys.com/qp/cells/module/user.(*usermodule).OnUpdate 162 Info: USER OnlineCount:0 writetime:2019-05-22_12_13_46
2019/05/22 12:13:50.508000 git.huoys.com/qp/cells/module/room.(*TableMgr).OnUpdate 81 Info: TABLE OnlineTableCount total:200 valid:0 writetime:2019-05-22_12_13_50
2019/05/22 12:13:51.507000 git.huoys.com/qp/cells/module/user.(*usermodule).OnUpdate 162 Info: USER OnlineCount:0 writetime:2019-05-22_12_13_51
2019/05/22 12:13:56.508000 git.huoys.com/qp/cells/module/user.(*usermodule).OnUpdate 162 Info: USER OnlineCount:0 writetime:2019-05-22_12_13_56
2019/05/22 12:14:00.507000 git.huoys.com/qp/cells/module/room.(*TableMgr).OnUpdate 81 Info: TABLE OnlineTableCount total:200 valid:0 writetime:2019-05-22_12_14_00
2019/05/22 12:14:01.508000 git.huoys.com/qp/cells/module/user.(*usermodule).OnUpdate 162 Info: USER OnlineCount:0 writetime:2019-05-22_12_14_01
2019/05/22 12:14:06.507000 git.huoys.com/qp/cells/module/user.(*usermodule).OnUpdate 162 Info: USER OnlineCount:0 writetime:2019-05-22_12_14_06
2019/05/22 12:14:10.508000 git.huoys.com/qp/cells/module/room.(*TableMgr).OnUpdate 81 Info: TABLE OnlineTableCount total:200 valid:0 writetime:2019-05-22_12_14_10
2019/05/22 12:14:11.507000 git.huoys.com/qp/cells/module/user.(*usermodule).OnUpdate 162 Info: USER OnlineCount:0 writetime:2019-05-22_12_14_11
2019/05/22 12:14:16.507000 git.huoys.com/qp/cells/module/user.(*usermodule).OnUpdate 162 Info: USER OnlineCount:0 writetime:2019-05-22_12_14_16
2019/05/22 12:14:20.508000 git.huoys.com/qp/cells/module/room.(*TableMgr).OnUpdate 81 Info: TABLE OnlineTableCount total:200 valid:0 writetime:2019-05-22_12_14_20
2019/05/22 12:14:21.509000 git.huoys.com/qp/cells/module/user.(*usermodule).OnUpdate 162 Info: USER OnlineCount:0 writetime:2019-05-22_12_14_21
2019/05/22 12:14:26.509000 git.huoys.com/qp/cells/module/user.(*usermodule).OnUpdate 162 Info: USER OnlineCount:0 writetime:2019-05-22_12_14_26
2019/05/22 12:14:30.508000 git.huoys.com/qp/cells/module/room.(*TableMgr).OnUpdate 81 Info: TABLE OnlineTableCount total:200 valid:0 writetime:2019-05-22_12_14_30
2019/05/22 12:14:31.508000 git.huoys.com/qp/cells/module/user.(*usermodule).OnUpdate 162 Info: USER OnlineCount:0 writetime:2019-05-22_12_14_31
2019/05/22 12:14:36.508000 git.huoys.com/qp/cells/module/user.(*usermodule).OnUpdate 162 Info: USER OnlineCount:0 writetime:2019-05-22_12_14_36
2019/05/22 12:14:40.508000 git.huoys.com/qp/cells/module/room.(*TableMgr).OnUpdate 81 Info: TABLE OnlineTableCount total:200 valid:0 writetime:2019-05-22_12_14_40
2019/05/22 12:14:41.509000 git.huoys.com/qp/cells/module/user.(*usermodule).OnUpdate 162 Info: USER OnlineCount:0 writetime:2019-05-22_12_14_41
2019/05/22 12:14:46.508000 git.huoys.com/qp/cells/module/user.(*usermodule).OnUpdate 162 Info: USER OnlineCount:0 writetime:2019-05-22_12_14_46
2019/05/22 12:14:50.509000 git.huoys.com/qp/cells/module/room.(*TableMgr).OnUpdate 81 Info: TABLE OnlineTableCount total:200 valid:0 writetime:2019-05-22_12_14_50
2019/05/22 12:14:51.508000 git.huoys.com/qp/cells/module/user.(*usermodule).OnUpdate 162 Info: USER OnlineCount:0 writetime:2019-05-22_12_14_51
2019/05/22 12:14:56.509000 git.huoys.com/qp/cells/module/user.(*usermodule).OnUpdate 162 Info: USER OnlineCount:0 writetime:2019-05-22_12_14_56
2019/05/22 12:15:00.509000 git.huoys.com/qp/cells/module/room.(*TableMgr).OnUpdate 81 Info: TABLE OnlineTableCount total:200 valid:0 writetime:2019-05-22_12_15_00
2019/05/22 12:15:01.509000 git.huoys.com/qp/cells/module/user.(*usermodule).OnUpdate 162 Info: USER OnlineCount:0 writetime:2019-05-22_12_15_01
2019/05/22 12:15:06.509000 git.huoys.com/qp/cells/module/user.(*usermodule).OnUpdate 162 Info: USER OnlineCount:0 writetime:2019-05-22_12_15_06
2019/05/22 12:15:10.509000 git.huoys.com/qp/cells/module/room.(*TableMgr).OnUpdate 81 Info: TABLE OnlineTableCount total:200 valid:0 writetime:2019-05-22_12_15_10
2019/05/22 12:15:11.508000 git.huoys.com/qp/cells/module/user.(*usermodule).OnUpdate 162 Info: USER OnlineCount:0 writetime:2019-05-22_12_15_11
2019/05/22 12:15:16.508000 git.huoys.com/qp/cells/module/user.(*usermodule).OnUpdate 162 Info: USER OnlineCount:0 writetime:2019-05-22_12_15_16
2019/05/22 12:15:20.509000 git.huoys.com/qp/cells/module/room.(*TableMgr).OnUpdate 81 Info: TABLE OnlineTableCount total:200 valid:0 writetime:2019-05-22_12_15_20
2019/05/22 12:15:21.508000 git.huoys.com/qp/cells/module/user.(*usermodule).OnUpdate 162 Info: USER OnlineCount:0 writetime:2019-05-22_12_15_21
2019/05/22 12:15:26.508000 git.huoys.com/qp/cells/module/user.(*usermodule).OnUpdate 162 Info: USER OnlineCount:0 writetime:2019-05-22_12_15_26
2019/05/22 12:15:30.510000 git.huoys.com/qp/cells/module/room.(*TableMgr).OnUpdate 81 Info: TABLE OnlineTableCount total:200 valid:0 writetime:2019-05-22_12_15_30
2019/05/22 12:15:31.509000 git.huoys.com/qp/cells/module/user.(*usermodule).OnUpdate 162 Info: USER OnlineCount:0 writetime:2019-05-22_12_15_31
2019/05/22 12:15:36.509000 git.huoys.com/qp/cells/module/user.(*usermodule).OnUpdate 162 Info: USER OnlineCount:0 writetime:2019-05-22_12_15_36
2019/05/22 12:15:40.509000 git.huoys.com/qp/cells/module/room.(*TableMgr).OnUpdate 81 Info: TABLE OnlineTableCount total:200 valid:0 writetime:2019-05-22_12_15_40
2019/05/22 12:15:41.508000 git.huoys.com/qp/cells/module/user.(*usermodule).OnUpdate 162 Info: USER OnlineCount:0 writetime:2019-05-22_12_15_41
2019/05/22 12:15:46.509000 git.huoys.com/qp/cells/module/user.(*usermodule).OnUpdate 162 Info: USER OnlineCount:0 writetime:2019-05-22_12_15_46
2019/05/22 12:15:50.509000 git.huoys.com/qp/cells/module/room.(*TableMgr).OnUpdate 81 Info: TABLE OnlineTableCount total:200 valid:0 writetime:2019-05-22_12_15_50
2019/05/22 12:15:51.508000 git.huoys.com/qp/cells/module/user.(*usermodule).OnUpdate 162 Info: USER OnlineCount:0 writetime:2019-05-22_12_15_51
2019/05/22 12:15:56.508000 git.huoys.com/qp/cells/module/user.(*usermodule).OnUpdate 162 Info: USER OnlineCount:0 writetime:2019-05-22_12_15_56
2019/05/22 12:16:00.508000 git.huoys.com/qp/cells/module/room.(*TableMgr).OnUpdate 81 Info: TABLE OnlineTableCount total:200 valid:0 writetime:2019-05-22_12_16_00
2019/05/22 12:16:01.508000 git.huoys.com/qp/cells/module/user.(*usermodule).OnUpdate 162 Info: USER OnlineCount:0 writetime:2019-05-22_12_16_01
2019/05/22 12:16:06.509000 git.huoys.com/qp/cells/module/user.(*usermodule).OnUpdate 162 Info: USER OnlineCount:0 writetime:2019-05-22_12_16_06
2019/05/22 12:16:10.509000 git.huoys.com/qp/cells/module/room.(*TableMgr).OnUpdate 81 Info: TABLE OnlineTableCount total:200 valid:0 writetime:2019-05-22_12_16_10
2019/05/22 12:16:11.509000 git.huoys.com/qp/cells/module/user.(*usermodule).OnUpdate 162 Info: USER OnlineCount:0 writetime:2019-05-22_12_16_11
2019/05/22 12:16:16.508000 git.huoys.com/qp/cells/module/user.(*usermodule).OnUpdate 162 Info: USER OnlineCount:0 writetime:2019-05-22_12_16_16
2019/05/22 12:16:20.508000 git.huoys.com/qp/cells/module/room.(*TableMgr).OnUpdate 81 Info: TABLE OnlineTableCount total:200 valid:0 writetime:2019-05-22_12_16_20
2019/05/22 12:16:21.509000 git.huoys.com/qp/cells/module/user.(*usermodule).OnUpdate 162 Info: USER OnlineCount:0 writetime:2019-05-22_12_16_21
2019/05/22 12:16:26.508000 git.huoys.com/qp/cells/module/user.(*usermodule).OnUpdate 162 Info: USER OnlineCount:0 writetime:2019-05-22_12_16_26
2019/05/22 12:16:30.509000 git.huoys.com/qp/cells/module/room.(*TableMgr).OnUpdate 81 Info: TABLE OnlineTableCount total:200 valid:0 writetime:2019-05-22_12_16_30
2019/05/22 12:16:31.508000 git.huoys.com/qp/cells/module/user.(*usermodule).OnUpdate 162 Info: USER OnlineCount:0 writetime:2019-05-22_12_16_31
2019/05/22 12:16:36.508000 git.huoys.com/qp/cells/module/user.(*usermodule).OnUpdate 162 Info: USER OnlineCount:0 writetime:2019-05-22_12_16_36
2019/05/22 12:16:40.524000 git.huoys.com/qp/cells/module/room.(*TableMgr).OnUpdate 81 Info: TABLE OnlineTableCount total:200 valid:0 writetime:2019-05-22_12_16_40
2019/05/22 12:16:41.509000 git.huoys.com/qp/cells/module/user.(*usermodule).OnUpdate 162 Info: USER OnlineCount:0 writetime:2019-05-22_12_16_41
