2019/05/22 11:52:38.518000 git.huoys.com/qp/cells/vendor/git.huoys.com/qp/common/prevent_cheat.setInitMoney 27 Info: initMoney=4823771830,pool=4823771830.
2019/05/22 11:55:40.418000 git.huoys.com/qp/cells/vendor/git.huoys.com/qp/common/prevent_cheat.Polling 71 Info: update detal=0,pool=4823771830,sumdetal=0..
2019/05/22 11:55:40.418000 git.huoys.com/qp/cells/vendor/git.huoys.com/qp/common/prevent_cheat.setInitMoney 27 Info: initMoney=4823771830,pool=4823771830.
2019/05/22 11:55:40.419000 git.huoys.com/qp/cells/vendor/git.huoys.com/qp/common/prevent_cheat.log 58 Info: gPreventCheatPool : InitMoney=4823771830, AddDetalCache=0, DecDetalCache=0, PoolMoney=4823771830.
2019/05/22 11:58:40.420000 git.huoys.com/qp/cells/vendor/git.huoys.com/qp/common/prevent_cheat.Polling 71 Info: update detal=10,pool=4823771840,sumdetal=10..
2019/05/22 11:58:40.421000 git.huoys.com/qp/cells/vendor/git.huoys.com/qp/common/prevent_cheat.setInitMoney 27 Info: initMoney=4823771840,pool=4823771840.
2019/05/22 11:58:40.421000 git.huoys.com/qp/cells/vendor/git.huoys.com/qp/common/prevent_cheat.log 58 Info: gPreventCheatPool : InitMoney=4823771840, AddDetalCache=10, DecDetalCache=0, PoolMoney=4823771840.
2019/05/22 12:01:40.413000 git.huoys.com/qp/cells/vendor/git.huoys.com/qp/common/prevent_cheat.Polling 71 Info: update detal=-800,pool=4823771040,sumdetal=-790..
2019/05/22 12:01:40.413000 git.huoys.com/qp/cells/vendor/git.huoys.com/qp/common/prevent_cheat.setInitMoney 27 Info: initMoney=4823771040,pool=4823771040.
2019/05/22 12:01:40.413000 git.huoys.com/qp/cells/vendor/git.huoys.com/qp/common/prevent_cheat.log 58 Info: gPreventCheatPool : InitMoney=4823771040, AddDetalCache=510, DecDetalCache=-1300, PoolMoney=4823771040.
2019/05/22 12:04:40.414000 git.huoys.com/qp/cells/vendor/git.huoys.com/qp/common/prevent_cheat.Polling 71 Info: update detal=200,pool=4823771240,sumdetal=-590..
2019/05/22 12:04:40.415000 git.huoys.com/qp/cells/vendor/git.huoys.com/qp/common/prevent_cheat.setInitMoney 27 Info: initMoney=4823771370,pool=4823771370.
2019/05/22 12:04:40.415000 git.huoys.com/qp/cells/vendor/git.huoys.com/qp/common/prevent_cheat.log 58 Info: gPreventCheatPool : InitMoney=4823771370, AddDetalCache=710, DecDetalCache=-1300, PoolMoney=4823771370.
2019/05/22 12:07:40.420000 git.huoys.com/qp/cells/vendor/git.huoys.com/qp/common/prevent_cheat.Polling 71 Info: update detal=0,pool=4823771370,sumdetal=-590..
2019/05/22 12:07:40.421000 git.huoys.com/qp/cells/vendor/git.huoys.com/qp/common/prevent_cheat.setInitMoney 27 Info: initMoney=4823771370,pool=4823771370.
2019/05/22 12:07:40.422000 git.huoys.com/qp/cells/vendor/git.huoys.com/qp/common/prevent_cheat.log 58 Info: gPreventCheatPool : InitMoney=4823771370, AddDetalCache=710, DecDetalCache=-1300, PoolMoney=4823771370.
2019/05/22 12:10:40.429000 git.huoys.com/qp/cells/vendor/git.huoys.com/qp/common/prevent_cheat.Polling 71 Info: update detal=0,pool=4823771370,sumdetal=-590..
2019/05/22 12:10:40.429000 git.huoys.com/qp/cells/vendor/git.huoys.com/qp/common/prevent_cheat.setInitMoney 27 Info: initMoney=4823771370,pool=4823771370.
2019/05/22 12:10:40.430000 git.huoys.com/qp/cells/vendor/git.huoys.com/qp/common/prevent_cheat.log 58 Info: gPreventCheatPool : InitMoney=4823771370, AddDetalCache=710, DecDetalCache=-1300, PoolMoney=4823771370.
2019/05/22 12:13:40.425000 git.huoys.com/qp/cells/vendor/git.huoys.com/qp/common/prevent_cheat.Polling 71 Info: update detal=0,pool=4823771370,sumdetal=-590..
2019/05/22 12:13:40.425000 git.huoys.com/qp/cells/vendor/git.huoys.com/qp/common/prevent_cheat.setInitMoney 27 Info: initMoney=4823771370,pool=4823771370.
2019/05/22 12:13:40.426000 git.huoys.com/qp/cells/vendor/git.huoys.com/qp/common/prevent_cheat.log 58 Info: gPreventCheatPool : InitMoney=4823771370, AddDetalCache=710, DecDetalCache=-1300, PoolMoney=4823771370.
2019/05/22 12:16:40.431000 git.huoys.com/qp/cells/vendor/git.huoys.com/qp/common/prevent_cheat.Polling 71 Info: update detal=0,pool=4823771370,sumdetal=-590..
2019/05/22 12:16:40.432000 git.huoys.com/qp/cells/vendor/git.huoys.com/qp/common/prevent_cheat.setInitMoney 27 Info: initMoney=4823771370,pool=4823771370.
2019/05/22 12:16:40.432000 git.huoys.com/qp/cells/vendor/git.huoys.com/qp/common/prevent_cheat.log 58 Info: gPreventCheatPool : InitMoney=4823771370, AddDetalCache=710, DecDetalCache=-1300, PoolMoney=4823771370.
