2019/05/29 16:41:05.550000 git.huoys.com/qp/common/prevent_cheat.setInitMoney 27 Info: initMoney=4836171400,pool=4836171400.
2019/05/29 16:44:07.412000 git.huoys.com/qp/common/prevent_cheat.Polling 71 Info: update detal=-1820,pool=4836169580,sumdetal=-1820..
2019/05/29 16:44:07.413000 git.huoys.com/qp/common/prevent_cheat.setInitMoney 27 Info: initMoney=4836719580,pool=4836719580.
2019/05/29 16:44:07.414000 git.huoys.com/qp/common/prevent_cheat.log 58 Info: gPreventCheatPool : InitMoney=4836719580, AddDetalCache=1480, DecDetalCache=-3300, PoolMoney=4836719580.
2019/05/29 16:47:07.418000 git.huoys.com/qp/common/prevent_cheat.Polling 71 Info: update detal=0,pool=4836719580,sumdetal=-1820..
2019/05/29 16:47:07.419000 git.huoys.com/qp/common/prevent_cheat.setInitMoney 27 Info: initMoney=4834919580,pool=4834919580.
2019/05/29 16:47:07.421000 git.huoys.com/qp/common/prevent_cheat.log 58 Info: gPreventCheatPool : InitMoney=4834919580, AddDetalCache=1480, DecDetalCache=-3300, PoolMoney=4834919580.
2019/05/29 16:50:07.442000 git.huoys.com/qp/common/prevent_cheat.Polling 71 Info: update detal=1050,pool=4834920630,sumdetal=-770..
2019/05/29 16:50:07.443000 git.huoys.com/qp/common/prevent_cheat.setInitMoney 27 Info: initMoney=4834740630,pool=4834740630.
2019/05/29 16:50:07.443000 git.huoys.com/qp/common/prevent_cheat.log 58 Info: gPreventCheatPool : InitMoney=4834740630, AddDetalCache=3130, DecDetalCache=-4400, PoolMoney=4834740630.
2019/05/29 16:53:07.444000 git.huoys.com/qp/common/prevent_cheat.Polling 71 Info: update detal=-670,pool=4834739960,sumdetal=-1940..
2019/05/29 16:53:07.444000 git.huoys.com/qp/common/prevent_cheat.setInitMoney 27 Info: initMoney=4831109960,pool=4831109960.
2019/05/29 16:53:07.445000 git.huoys.com/qp/common/prevent_cheat.log 58 Info: gPreventCheatPool : InitMoney=4831109960, AddDetalCache=5410, DecDetalCache=-7350, PoolMoney=4831109960.
2019/05/29 16:56:07.460000 git.huoys.com/qp/common/prevent_cheat.Polling 71 Info: update detal=0,pool=4831109960,sumdetal=-1940..
2019/05/29 16:56:07.463000 git.huoys.com/qp/common/prevent_cheat.setInitMoney 27 Info: initMoney=4831169960,pool=4831169960.
2019/05/29 16:56:07.464000 git.huoys.com/qp/common/prevent_cheat.log 58 Info: gPreventCheatPool : InitMoney=4831169960, AddDetalCache=5410, DecDetalCache=-7350, PoolMoney=4831169960.
2019/05/29 16:59:07.467000 git.huoys.com/qp/common/prevent_cheat.Polling 71 Info: update detal=0,pool=4831169960,sumdetal=-1940..
2019/05/29 16:59:07.469000 git.huoys.com/qp/common/prevent_cheat.setInitMoney 27 Info: initMoney=4831609960,pool=4831609960.
2019/05/29 16:59:07.470000 git.huoys.com/qp/common/prevent_cheat.log 58 Info: gPreventCheatPool : InitMoney=4831609960, AddDetalCache=5410, DecDetalCache=-7350, PoolMoney=4831609960.
2019/05/29 17:02:07.457000 git.huoys.com/qp/common/prevent_cheat.Polling 71 Info: update detal=0,pool=4831609960,sumdetal=-1940..
2019/05/29 17:02:07.458000 git.huoys.com/qp/common/prevent_cheat.setInitMoney 27 Info: initMoney=4831019960,pool=4831019960.
2019/05/29 17:02:07.458000 git.huoys.com/qp/common/prevent_cheat.log 58 Info: gPreventCheatPool : InitMoney=4831019960, AddDetalCache=5410, DecDetalCache=-7350, PoolMoney=4831019960.
2019/05/29 17:05:07.468000 git.huoys.com/qp/common/prevent_cheat.Polling 71 Info: update detal=-210,pool=4831019750,sumdetal=-2150..
2019/05/29 17:05:07.469000 git.huoys.com/qp/common/prevent_cheat.setInitMoney 27 Info: initMoney=4831389750,pool=4831389750.
2019/05/29 17:05:07.469000 git.huoys.com/qp/common/prevent_cheat.log 58 Info: gPreventCheatPool : InitMoney=4831389750, AddDetalCache=5900, DecDetalCache=-8050, PoolMoney=4831389750.
2019/05/29 17:08:07.476000 git.huoys.com/qp/common/prevent_cheat.Polling 71 Info: update detal=0,pool=4831389750,sumdetal=-2150..
2019/05/29 17:08:07.476000 git.huoys.com/qp/common/prevent_cheat.setInitMoney 27 Info: initMoney=4833129750,pool=4833129750.
2019/05/29 17:08:07.477000 git.huoys.com/qp/common/prevent_cheat.log 58 Info: gPreventCheatPool : InitMoney=4833129750, AddDetalCache=5900, DecDetalCache=-8050, PoolMoney=4833129750.
2019/05/29 17:11:07.503000 git.huoys.com/qp/common/prevent_cheat.Polling 71 Info: update detal=780,pool=4833130530,sumdetal=-1370..
2019/05/29 17:11:07.504000 git.huoys.com/qp/common/prevent_cheat.setInitMoney 27 Info: initMoney=4835080530,pool=4835080530.
2019/05/29 17:11:07.505000 git.huoys.com/qp/common/prevent_cheat.log 58 Info: gPreventCheatPool : InitMoney=4835080530, AddDetalCache=6680, DecDetalCache=-8050, PoolMoney=4835080530.
2019/05/29 17:14:07.503000 git.huoys.com/qp/common/prevent_cheat.Polling 71 Info: update detal=-1700,pool=4835078830,sumdetal=-3070..
2019/05/29 17:14:07.504000 git.huoys.com/qp/common/prevent_cheat.setInitMoney 27 Info: initMoney=4834348830,pool=4834348830.
2019/05/29 17:14:07.504000 git.huoys.com/qp/common/prevent_cheat.log 58 Info: gPreventCheatPool : InitMoney=4834348830, AddDetalCache=6680, DecDetalCache=-9750, PoolMoney=4834348830.
2019/05/29 17:17:07.554000 git.huoys.com/qp/common/prevent_cheat.Polling 71 Info: update detal=1040,pool=4834349870,sumdetal=-2030..
2019/05/29 17:17:07.554000 git.huoys.com/qp/common/prevent_cheat.setInitMoney 27 Info: initMoney=4834179870,pool=4834179870.
2019/05/29 17:17:07.554000 git.huoys.com/qp/common/prevent_cheat.log 58 Info: gPreventCheatPool : InitMoney=4834179870, AddDetalCache=7720, DecDetalCache=-9750, PoolMoney=4834179870.
2019/05/29 17:20:07.555000 git.huoys.com/qp/common/prevent_cheat.Polling 71 Info: update detal=-700,pool=4834179170,sumdetal=-2730..
2019/05/29 17:20:07.556000 git.huoys.com/qp/common/prevent_cheat.setInitMoney 27 Info: initMoney=4835609170,pool=4835609170.
2019/05/29 17:20:07.556000 git.huoys.com/qp/common/prevent_cheat.log 58 Info: gPreventCheatPool : InitMoney=4835609170, AddDetalCache=7720, DecDetalCache=-10450, PoolMoney=4835609170.
2019/05/29 17:23:07.558000 git.huoys.com/qp/common/prevent_cheat.Polling 71 Info: update detal=-950,pool=4835608220,sumdetal=-3680..
2019/05/29 17:23:07.558000 git.huoys.com/qp/common/prevent_cheat.setInitMoney 27 Info: initMoney=4834558220,pool=4834558220.
2019/05/29 17:23:07.559000 git.huoys.com/qp/common/prevent_cheat.log 58 Info: gPreventCheatPool : InitMoney=4834558220, AddDetalCache=11120, DecDetalCache=-15500, PoolMoney=4834558220.
2019/05/29 17:26:07.557000 git.huoys.com/qp/common/prevent_cheat.Polling 71 Info: update detal=230,pool=4834558450,sumdetal=-4150..
2019/05/29 17:26:07.558000 git.huoys.com/qp/common/prevent_cheat.setInitMoney 27 Info: initMoney=4834748450,pool=4834748450.
2019/05/29 17:26:07.559000 git.huoys.com/qp/common/prevent_cheat.log 58 Info: gPreventCheatPool : InitMoney=4834748450, AddDetalCache=11470, DecDetalCache=-15620, PoolMoney=4834748450.
2019/05/29 17:29:07.565000 git.huoys.com/qp/common/prevent_cheat.Polling 71 Info: update detal=2080,pool=4834750530,sumdetal=-2070..
2019/05/29 17:29:07.565000 git.huoys.com/qp/common/prevent_cheat.setInitMoney 27 Info: initMoney=4833960530,pool=4833960530.
2019/05/29 17:29:07.566000 git.huoys.com/qp/common/prevent_cheat.log 58 Info: gPreventCheatPool : InitMoney=4833960530, AddDetalCache=13570, DecDetalCache=-15620, PoolMoney=4833960530.
2019/05/29 17:32:07.560000 git.huoys.com/qp/common/prevent_cheat.Polling 71 Info: update detal=1110,pool=4833961640,sumdetal=-940..
2019/05/29 17:32:07.561000 git.huoys.com/qp/common/prevent_cheat.setInitMoney 27 Info: initMoney=4834491640,pool=4834491640.
2019/05/29 17:32:07.561000 git.huoys.com/qp/common/prevent_cheat.log 58 Info: gPreventCheatPool : InitMoney=4834491640, AddDetalCache=16950, DecDetalCache=-17890, PoolMoney=4834491640.
2019/05/29 17:35:07.568000 git.huoys.com/qp/common/prevent_cheat.Polling 71 Info: update detal=-2920,pool=4834488720,sumdetal=-3860..
2019/05/29 17:35:07.570000 git.huoys.com/qp/common/prevent_cheat.setInitMoney 27 Info: initMoney=4833078720,pool=4833078720.
2019/05/29 17:35:07.572000 git.huoys.com/qp/common/prevent_cheat.log 58 Info: gPreventCheatPool : InitMoney=4833078720, AddDetalCache=18450, DecDetalCache=-22310, PoolMoney=4833078720.
2019/05/29 17:38:07.593000 git.huoys.com/qp/common/prevent_cheat.Polling 71 Info: update detal=640,pool=4833079360,sumdetal=-3220..
2019/05/29 17:38:07.594000 git.huoys.com/qp/common/prevent_cheat.setInitMoney 27 Info: initMoney=4831419360,pool=4831419360.
2019/05/29 17:38:07.594000 git.huoys.com/qp/common/prevent_cheat.log 58 Info: gPreventCheatPool : InitMoney=4831419360, AddDetalCache=19390, DecDetalCache=-22560, PoolMoney=4831419360.
2019/05/29 17:41:07.599000 git.huoys.com/qp/common/prevent_cheat.Polling 71 Info: update detal=520,pool=4831419880,sumdetal=-2650..
2019/05/29 17:41:07.599000 git.huoys.com/qp/common/prevent_cheat.setInitMoney 27 Info: initMoney=4830954280,pool=4830954280.
2019/05/29 17:41:07.600000 git.huoys.com/qp/common/prevent_cheat.log 58 Info: gPreventCheatPool : InitMoney=4830954280, AddDetalCache=24330, DecDetalCache=-26980, PoolMoney=4830954280.
2019/05/29 17:44:07.598000 git.huoys.com/qp/common/prevent_cheat.Polling 71 Info: update detal=510,pool=4830954790,sumdetal=-2140..
2019/05/29 17:44:07.598000 git.huoys.com/qp/common/prevent_cheat.setInitMoney 27 Info: initMoney=4827597490,pool=4827597490.
2019/05/29 17:44:07.598000 git.huoys.com/qp/common/prevent_cheat.log 58 Info: gPreventCheatPool : InitMoney=4827597490, AddDetalCache=28290, DecDetalCache=-30390, PoolMoney=4827597490.
2019/05/29 17:47:07.592000 git.huoys.com/qp/common/prevent_cheat.Polling 71 Info: update detal=2660,pool=4827600150,sumdetal=560..
2019/05/29 17:47:07.592000 git.huoys.com/qp/common/prevent_cheat.setInitMoney 27 Info: initMoney=4827198350,pool=4827198350.
2019/05/29 17:47:07.592000 git.huoys.com/qp/common/prevent_cheat.log 58 Info: gPreventCheatPool : InitMoney=4827198350, AddDetalCache=32410, DecDetalCache=-31850, PoolMoney=4827198350.
2019/05/29 17:50:07.620000 git.huoys.com/qp/common/prevent_cheat.Polling 71 Info: update detal=-2970,pool=4827195380,sumdetal=-2410..
2019/05/29 17:50:07.620000 git.huoys.com/qp/common/prevent_cheat.setInitMoney 27 Info: initMoney=4827985380,pool=4827985380.
2019/05/29 17:50:07.620000 git.huoys.com/qp/common/prevent_cheat.log 58 Info: gPreventCheatPool : InitMoney=4827985380, AddDetalCache=34790, DecDetalCache=-37350, PoolMoney=4827985380.
2019/05/29 17:53:07.628000 git.huoys.com/qp/common/prevent_cheat.Polling 71 Info: update detal=-2330,pool=4827983050,sumdetal=-4890..
2019/05/29 17:53:07.629000 git.huoys.com/qp/common/prevent_cheat.setInitMoney 27 Info: initMoney=4823555350,pool=4823555350.
2019/05/29 17:53:07.630000 git.huoys.com/qp/common/prevent_cheat.log 58 Info: gPreventCheatPool : InitMoney=4823555350, AddDetalCache=37610, DecDetalCache=-42500, PoolMoney=4823555350.
2019/05/29 17:56:07.627000 git.huoys.com/qp/common/prevent_cheat.Polling 71 Info: update detal=0,pool=4823555350,sumdetal=-4890..
2019/05/29 17:56:07.628000 git.huoys.com/qp/common/prevent_cheat.setInitMoney 27 Info: initMoney=4823088650,pool=4823088650.
2019/05/29 17:56:07.629000 git.huoys.com/qp/common/prevent_cheat.log 58 Info: gPreventCheatPool : InitMoney=4823088650, AddDetalCache=37610, DecDetalCache=-42500, PoolMoney=4823088650.
2019/05/29 17:59:07.633000 git.huoys.com/qp/common/prevent_cheat.Polling 71 Info: update detal=0,pool=4823088650,sumdetal=-4890..
2019/05/29 17:59:07.633000 git.huoys.com/qp/common/prevent_cheat.setInitMoney 27 Info: initMoney=4822410650,pool=4822410650.
2019/05/29 17:59:07.634000 git.huoys.com/qp/common/prevent_cheat.log 58 Info: gPreventCheatPool : InitMoney=4822410650, AddDetalCache=37610, DecDetalCache=-42500, PoolMoney=4822410650.
2019/05/29 18:02:07.656000 git.huoys.com/qp/common/prevent_cheat.Polling 71 Info: update detal=0,pool=4822410650,sumdetal=-4890..
2019/05/29 18:02:07.657000 git.huoys.com/qp/common/prevent_cheat.setInitMoney 27 Info: initMoney=4821132150,pool=4821132150.
2019/05/29 18:02:07.658000 git.huoys.com/qp/common/prevent_cheat.log 58 Info: gPreventCheatPool : InitMoney=4821132150, AddDetalCache=37610, DecDetalCache=-42500, PoolMoney=4821132150.
