2019/05/22 16:44:09.959000 git.huoys.com/qp/world/sql/casino.ConnectDB 107 Info: connectionString:sqlserver://SYGameServer:QP%21&%2532456%40@113.106.164.43:32960?connection+timeout=30&database=SY_Money.
2019/05/22 16:44:09.962000 git.huoys.com/qp/world/web.acceptHTTPSRequest 101 Info: Https server listen at:localhost:8200
2019/05/22 16:44:10.023000 git.huoys.com/qp/world/sql/casino.ConnectDB 121 Info: DB SY_Money (113.106.164.43:32960) connected.
2019/05/22 16:44:10.024000 git.huoys.com/qp/world/sql/casino.ConnectDB 107 Info: connectionString:sqlserver://SYGameServer:QP%21&%2532456%40@113.106.164.43:32960?connection+timeout=30&database=CYMoney.
2019/05/22 16:44:10.045000 git.huoys.com/qp/world/sql/casino.ConnectDB 121 Info: DB CYMoney (113.106.164.43:32960) connected.
2019/05/22 16:44:10.045000 git.huoys.com/qp/world/sql/casino.ConnectDB 107 Info: connectionString:sqlserver://SYGameServer:QP%21&%2532456%40@113.106.164.43:32960?connection+timeout=30&database=Passport.
2019/05/22 16:44:10.075000 git.huoys.com/qp/world/sql/casino.ConnectDB 121 Info: DB Passport (113.106.164.43:32960) connected.
2019/05/22 16:44:10.076000 git.huoys.com/qp/world/sql/casino.ConnectDB 107 Info: connectionString:sqlserver://SYGameServer:QP%21&%2532456%40@113.106.164.43:32960?connection+timeout=30&database=sy_gamecenter.
2019/05/22 16:44:10.097000 git.huoys.com/qp/world/sql/casino.ConnectDB 121 Info: DB sy_gamecenter (113.106.164.43:32960) connected.
2019/05/22 16:44:10.098000 git.huoys.com/qp/world/sql/casino.ConnectDB 107 Info: connectionString:sqlserver://SYGameServer:QP%21&%2532456%40@113.106.164.43:32960?connection+timeout=30&database=gamecenter.
2019/05/22 16:44:10.121000 git.huoys.com/qp/world/sql/casino.ConnectDB 121 Info: DB gamecenter (113.106.164.43:32960) connected.
2019/05/22 16:44:10.122000 git.huoys.com/qp/world/sql/casino.ConnectDB 107 Info: connectionString:sqlserver://SYGameServer:QP%21&%2532456%40@113.106.164.43:32960?connection+timeout=30&database=sy_recpergame.
2019/05/22 16:44:10.180000 git.huoys.com/qp/world/sql/casino.ConnectDB 121 Info: DB sy_recpergame (113.106.164.43:32960) connected.
2019/05/22 16:44:10.181000 git.huoys.com/qp/world/sql/casino.ConnectDB 107 Info: connectionString:sqlserver://SYGameServer:QP%21&%2532456%40@113.106.164.43:32960?connection+timeout=30&database=SY_AgentSystem.
2019/05/22 16:44:10.201000 git.huoys.com/qp/world/sql/casino.ConnectDB 121 Info: DB SY_AgentSystem (113.106.164.43:32960) connected.
2019/05/22 16:44:10.205000 git.huoys.com/qp/world/sql/qp.startRoom 163 Info: 
	declare @IV_sProcPassword VARCHAR(32);
	declare @IV_siGameID	INT;
	declare @IV_siPositionID	SMALLINT;
	declare @IV_sServerName	varchar(64);
	declare @IV_sServerIP	varchar(15);
	declare @IV_sConfig	varchar(2048);
	declare @OV_bIsCreate	BIT;
	declare @OV_siServerID	SMALLINT;
	declare @OV_sReturnMsg	VARCHAR(128);
	declare @OV_TableFee	VARCHAR(100);
	declare @OV_sResult	INT;

	set @IV_sProcPassword='!43$a#@28Foi000C';
	set @IV_siGameID=10095;
	set @IV_siPositionID=10561;
	set @IV_sServerName='Room_10095_10561_1_9';
	set @IV_sServerIP='172.12.10.126';
	set @IV_sConfig='';

	set @OV_sResult=-1;
	set @OV_sReturnMsg='';
	
	exec @OV_sResult = PrPs_ServerInfo_StartServer
	 @IV_sProcPassword,
	 @IV_siGameID,
	 @IV_siPositionID,
	 @IV_sServerName,
	 @IV_sServerIP,
	 @IV_sConfig,
	 @OV_bIsCreate out,
	 @OV_siServerID out,
	 @OV_sReturnMsg out,
	 @OV_TableFee out;

	select @OV_sResult,@OV_siServerID, @OV_sReturnMsg;
	
2019/05/22 16:44:10.211000 git.huoys.com/qp/world/sql/qp.startRoom 190 Info: database start room(10095)(1)(1)(833) sucess.
2019/05/22 16:44:10.214000 git.huoys.com/qp/world/sql/qp.startRoom 163 Info: 
	declare @IV_sProcPassword VARCHAR(32);
	declare @IV_siGameID	INT;
	declare @IV_siPositionID	SMALLINT;
	declare @IV_sServerName	varchar(64);
	declare @IV_sServerIP	varchar(15);
	declare @IV_sConfig	varchar(2048);
	declare @OV_bIsCreate	BIT;
	declare @OV_siServerID	SMALLINT;
	declare @OV_sReturnMsg	VARCHAR(128);
	declare @OV_TableFee	VARCHAR(100);
	declare @OV_sResult	INT;

	set @IV_sProcPassword='!43$a#@28Foi000C';
	set @IV_siGameID=10095;
	set @IV_siPositionID=10561;
	set @IV_sServerName='Room_10095_10561_1_10';
	set @IV_sServerIP='172.12.10.126';
	set @IV_sConfig='';

	set @OV_sResult=-1;
	set @OV_sReturnMsg='';
	
	exec @OV_sResult = PrPs_ServerInfo_StartServer
	 @IV_sProcPassword,
	 @IV_siGameID,
	 @IV_siPositionID,
	 @IV_sServerName,
	 @IV_sServerIP,
	 @IV_sConfig,
	 @OV_bIsCreate out,
	 @OV_siServerID out,
	 @OV_sReturnMsg out,
	 @OV_TableFee out;

	select @OV_sResult,@OV_siServerID, @OV_sReturnMsg;
	
2019/05/22 16:44:10.230000 git.huoys.com/qp/world/sql/qp.startRoom 190 Info: database start room(10095)(1)(2)(834) sucess.
2019/05/22 16:44:10.234000 git.huoys.com/qp/world/sql/qp.startRoom 163 Info: 
	declare @IV_sProcPassword VARCHAR(32);
	declare @IV_siGameID	INT;
	declare @IV_siPositionID	SMALLINT;
	declare @IV_sServerName	varchar(64);
	declare @IV_sServerIP	varchar(15);
	declare @IV_sConfig	varchar(2048);
	declare @OV_bIsCreate	BIT;
	declare @OV_siServerID	SMALLINT;
	declare @OV_sReturnMsg	VARCHAR(128);
	declare @OV_TableFee	VARCHAR(100);
	declare @OV_sResult	INT;

	set @IV_sProcPassword='!43$a#@28Foi000C';
	set @IV_siGameID=10095;
	set @IV_siPositionID=10561;
	set @IV_sServerName='Room_10095_10561_1_11';
	set @IV_sServerIP='172.12.10.126';
	set @IV_sConfig='';

	set @OV_sResult=-1;
	set @OV_sReturnMsg='';
	
	exec @OV_sResult = PrPs_ServerInfo_StartServer
	 @IV_sProcPassword,
	 @IV_siGameID,
	 @IV_siPositionID,
	 @IV_sServerName,
	 @IV_sServerIP,
	 @IV_sConfig,
	 @OV_bIsCreate out,
	 @OV_siServerID out,
	 @OV_sReturnMsg out,
	 @OV_TableFee out;

	select @OV_sResult,@OV_siServerID, @OV_sReturnMsg;
	
2019/05/22 16:44:10.248000 git.huoys.com/qp/world/sql/qp.startRoom 190 Info: database start room(10095)(1)(3)(835) sucess.
2019/05/22 16:44:10.253000 git.huoys.com/qp/world/sql/qp.startRoom 163 Info: 
	declare @IV_sProcPassword VARCHAR(32);
	declare @IV_siGameID	INT;
	declare @IV_siPositionID	SMALLINT;
	declare @IV_sServerName	varchar(64);
	declare @IV_sServerIP	varchar(15);
	declare @IV_sConfig	varchar(2048);
	declare @OV_bIsCreate	BIT;
	declare @OV_siServerID	SMALLINT;
	declare @OV_sReturnMsg	VARCHAR(128);
	declare @OV_TableFee	VARCHAR(100);
	declare @OV_sResult	INT;

	set @IV_sProcPassword='!43$a#@28Foi000C';
	set @IV_siGameID=10095;
	set @IV_siPositionID=10561;
	set @IV_sServerName='Room_10095_10561_1_12';
	set @IV_sServerIP='172.12.10.126';
	set @IV_sConfig='';

	set @OV_sResult=-1;
	set @OV_sReturnMsg='';
	
	exec @OV_sResult = PrPs_ServerInfo_StartServer
	 @IV_sProcPassword,
	 @IV_siGameID,
	 @IV_siPositionID,
	 @IV_sServerName,
	 @IV_sServerIP,
	 @IV_sConfig,
	 @OV_bIsCreate out,
	 @OV_siServerID out,
	 @OV_sReturnMsg out,
	 @OV_TableFee out;

	select @OV_sResult,@OV_siServerID, @OV_sReturnMsg;
	
2019/05/22 16:44:10.264000 git.huoys.com/qp/world/sql/qp.startRoom 190 Info: database start room(10095)(1)(4)(836) sucess.
2019/05/22 16:44:10.265000 git.huoys.com/qp/world/sql/qp.StartRoom 86 Info: ====== WorldConfig.ParamsGameList idx(0),g(10095),a(1),s(1),dbs(833),dba(10561).
2019/05/22 16:44:10.266000 git.huoys.com/qp/world/sql/qp.StartRoom 86 Info: ====== WorldConfig.ParamsGameList idx(1),g(10095),a(1),s(2),dbs(834),dba(10561).
2019/05/22 16:44:10.267000 git.huoys.com/qp/world/sql/qp.StartRoom 86 Info: ====== WorldConfig.ParamsGameList idx(2),g(10095),a(1),s(3),dbs(835),dba(10561).
2019/05/22 16:44:10.267000 git.huoys.com/qp/world/sql/qp.StartRoom 86 Info: ====== WorldConfig.ParamsGameList idx(3),g(10095),a(1),s(4),dbs(836),dba(10561).
2019/05/22 16:44:10.268000 git.huoys.com/qp/world/sql/qp.StartRoom 92 Info: >>>>>>>>>>>> WorldConfig.Params.GameList idx(0),g(10095),a(1).
2019/05/22 16:44:14.139000 git.huoys.com/qp/world/web/get.recordPlayerNum 53 Warning: recordPlayerNum:gameID(10095),arenaID(1),serverID(2),num(0)
2019/05/22 16:44:14.290000 git.huoys.com/qp/world/web/get.recordPlayerNum 53 Warning: recordPlayerNum:gameID(10095),arenaID(1),serverID(3),num(0)
2019/05/22 16:44:14.300000 git.huoys.com/qp/world/web/get.recordPlayerNum 53 Warning: recordPlayerNum:gameID(10095),arenaID(1),serverID(4),num(0)
2019/05/22 16:44:14.300000 git.huoys.com/qp/world/web/get.recordPlayerNum 53 Warning: recordPlayerNum:gameID(10095),arenaID(1),serverID(1),num(0)
2019/05/22 16:44:15.155000 git.huoys.com/qp/world/sql/qp.UpdatePreventCheatData 66 Info: UpdatePreventCheatData query:
	declare @IV_sProcPassword VARCHAR(32);
	declare @IV_GameId	INT;
	declare @IV_GoldNUM	BIGINT;
	declare @IV_ServerID  INT;
	declare @OV_GoldNum	BIGINT;
	declare @OV_DefaultGoldNum	BIGINT;
	declare @OV_sReturnMsg	VARCHAR(128);
	declare @OV_sResult INT;

	set @IV_sProcPassword='!43$a#@28Foi000C';
	set @IV_GameId=10095;
	set @IV_GoldNUM=0;
	set @IV_ServerID=834;

	set @OV_sResult=-1;
	set @OV_sReturnMsg='';
	set @OV_DefaultGoldNum=0;
	set @OV_GoldNum=0;

	exec @OV_sResult = PrPs_BaseGoldPool_Update
	 @IV_sProcPassword,
	 @IV_GameId,
	 @IV_GoldNUM,
	 @IV_ServerID,
	 @OV_GoldNum out,
	 @OV_DefaultGoldNum out,
	 @OV_sReturnMsg out;

	select @OV_sResult, @OV_sReturnMsg, @OV_DefaultGoldNum, @OV_GoldNum;
	.
2019/05/22 16:44:15.162000 git.huoys.com/qp/world/web/get.OnUpdatePreventCheat 54 Info: UpdatePreventCheat goldNum(4825721370) sucess
2019/05/22 16:44:15.299000 git.huoys.com/qp/world/sql/qp.UpdatePreventCheatData 66 Info: UpdatePreventCheatData query:
	declare @IV_sProcPassword VARCHAR(32);
	declare @IV_GameId	INT;
	declare @IV_GoldNUM	BIGINT;
	declare @IV_ServerID  INT;
	declare @OV_GoldNum	BIGINT;
	declare @OV_DefaultGoldNum	BIGINT;
	declare @OV_sReturnMsg	VARCHAR(128);
	declare @OV_sResult INT;

	set @IV_sProcPassword='!43$a#@28Foi000C';
	set @IV_GameId=10095;
	set @IV_GoldNUM=0;
	set @IV_ServerID=835;

	set @OV_sResult=-1;
	set @OV_sReturnMsg='';
	set @OV_DefaultGoldNum=0;
	set @OV_GoldNum=0;

	exec @OV_sResult = PrPs_BaseGoldPool_Update
	 @IV_sProcPassword,
	 @IV_GameId,
	 @IV_GoldNUM,
	 @IV_ServerID,
	 @OV_GoldNum out,
	 @OV_DefaultGoldNum out,
	 @OV_sReturnMsg out;

	select @OV_sResult, @OV_sReturnMsg, @OV_DefaultGoldNum, @OV_GoldNum;
	.
2019/05/22 16:44:15.308000 git.huoys.com/qp/world/web/get.OnUpdatePreventCheat 54 Info: UpdatePreventCheat goldNum(4825721370) sucess
2019/05/22 16:44:15.327000 git.huoys.com/qp/world/sql/qp.UpdatePreventCheatData 66 Info: UpdatePreventCheatData query:
	declare @IV_sProcPassword VARCHAR(32);
	declare @IV_GameId	INT;
	declare @IV_GoldNUM	BIGINT;
	declare @IV_ServerID  INT;
	declare @OV_GoldNum	BIGINT;
	declare @OV_DefaultGoldNum	BIGINT;
	declare @OV_sReturnMsg	VARCHAR(128);
	declare @OV_sResult INT;

	set @IV_sProcPassword='!43$a#@28Foi000C';
	set @IV_GameId=10095;
	set @IV_GoldNUM=0;
	set @IV_ServerID=833;

	set @OV_sResult=-1;
	set @OV_sReturnMsg='';
	set @OV_DefaultGoldNum=0;
	set @OV_GoldNum=0;

	exec @OV_sResult = PrPs_BaseGoldPool_Update
	 @IV_sProcPassword,
	 @IV_GameId,
	 @IV_GoldNUM,
	 @IV_ServerID,
	 @OV_GoldNum out,
	 @OV_DefaultGoldNum out,
	 @OV_sReturnMsg out;

	select @OV_sResult, @OV_sReturnMsg, @OV_DefaultGoldNum, @OV_GoldNum;
	.
2019/05/22 16:44:15.331000 git.huoys.com/qp/world/sql/qp.UpdatePreventCheatData 66 Info: UpdatePreventCheatData query:
	declare @IV_sProcPassword VARCHAR(32);
	declare @IV_GameId	INT;
	declare @IV_GoldNUM	BIGINT;
	declare @IV_ServerID  INT;
	declare @OV_GoldNum	BIGINT;
	declare @OV_DefaultGoldNum	BIGINT;
	declare @OV_sReturnMsg	VARCHAR(128);
	declare @OV_sResult INT;

	set @IV_sProcPassword='!43$a#@28Foi000C';
	set @IV_GameId=10095;
	set @IV_GoldNUM=0;
	set @IV_ServerID=836;

	set @OV_sResult=-1;
	set @OV_sReturnMsg='';
	set @OV_DefaultGoldNum=0;
	set @OV_GoldNum=0;

	exec @OV_sResult = PrPs_BaseGoldPool_Update
	 @IV_sProcPassword,
	 @IV_GameId,
	 @IV_GoldNUM,
	 @IV_ServerID,
	 @OV_GoldNum out,
	 @OV_DefaultGoldNum out,
	 @OV_sReturnMsg out;

	select @OV_sResult, @OV_sReturnMsg, @OV_DefaultGoldNum, @OV_GoldNum;
	.
2019/05/22 16:44:15.333000 git.huoys.com/qp/world/web/get.OnUpdatePreventCheat 54 Info: UpdatePreventCheat goldNum(4825721370) sucess
2019/05/22 16:44:15.358000 git.huoys.com/qp/world/web/get.OnUpdatePreventCheat 54 Info: UpdatePreventCheat goldNum(4825721370) sucess
2019/05/22 16:44:19.103000 git.huoys.com/qp/world/web/get.recordPlayerNum 53 Warning: recordPlayerNum:gameID(10095),arenaID(1),serverID(2),num(0)
2019/05/22 16:44:19.196000 git.huoys.com/qp/world/web/get.recordPlayerNum 53 Warning: recordPlayerNum:gameID(10095),arenaID(1),serverID(1),num(0)
2019/05/22 16:44:19.206000 git.huoys.com/qp/world/web/get.recordPlayerNum 53 Warning: recordPlayerNum:gameID(10095),arenaID(1),serverID(3),num(0)
2019/05/22 16:44:19.254000 git.huoys.com/qp/world/web/get.recordPlayerNum 53 Warning: recordPlayerNum:gameID(10095),arenaID(1),serverID(4),num(0)
2019/05/22 16:44:24.098000 git.huoys.com/qp/world/web/get.recordPlayerNum 53 Warning: recordPlayerNum:gameID(10095),arenaID(1),serverID(2),num(0)
2019/05/22 16:44:24.200000 git.huoys.com/qp/world/web/get.recordPlayerNum 53 Warning: recordPlayerNum:gameID(10095),arenaID(1),serverID(3),num(0)
2019/05/22 16:44:24.202000 git.huoys.com/qp/world/web/get.recordPlayerNum 53 Warning: recordPlayerNum:gameID(10095),arenaID(1),serverID(1),num(0)
2019/05/22 16:44:24.253000 git.huoys.com/qp/world/web/get.recordPlayerNum 53 Warning: recordPlayerNum:gameID(10095),arenaID(1),serverID(4),num(0)
2019/05/22 16:44:29.099000 git.huoys.com/qp/world/web/get.recordPlayerNum 53 Warning: recordPlayerNum:gameID(10095),arenaID(1),serverID(2),num(0)
2019/05/22 16:44:29.198000 git.huoys.com/qp/world/web/get.recordPlayerNum 53 Warning: recordPlayerNum:gameID(10095),arenaID(1),serverID(1),num(0)
2019/05/22 16:44:29.201000 git.huoys.com/qp/world/web/get.recordPlayerNum 53 Warning: recordPlayerNum:gameID(10095),arenaID(1),serverID(3),num(0)
2019/05/22 16:44:29.249000 git.huoys.com/qp/world/web/get.recordPlayerNum 53 Warning: recordPlayerNum:gameID(10095),arenaID(1),serverID(4),num(0)
2019/05/22 16:44:34.096000 git.huoys.com/qp/world/web/get.recordPlayerNum 53 Warning: recordPlayerNum:gameID(10095),arenaID(1),serverID(2),num(0)
2019/05/22 16:44:34.193000 git.huoys.com/qp/world/web/get.recordPlayerNum 53 Warning: recordPlayerNum:gameID(10095),arenaID(1),serverID(1),num(0)
2019/05/22 16:44:34.195000 git.huoys.com/qp/world/web/get.recordPlayerNum 53 Warning: recordPlayerNum:gameID(10095),arenaID(1),serverID(3),num(0)
2019/05/22 16:44:34.254000 git.huoys.com/qp/world/web/get.recordPlayerNum 53 Warning: recordPlayerNum:gameID(10095),arenaID(1),serverID(4),num(0)
2019/05/22 16:44:39.103000 git.huoys.com/qp/world/web/get.recordPlayerNum 53 Warning: recordPlayerNum:gameID(10095),arenaID(1),serverID(2),num(0)
2019/05/22 16:44:39.185000 git.huoys.com/qp/world/web/get.recordPlayerNum 53 Warning: recordPlayerNum:gameID(10095),arenaID(1),serverID(1),num(0)
2019/05/22 16:44:39.193000 git.huoys.com/qp/world/web/get.recordPlayerNum 53 Warning: recordPlayerNum:gameID(10095),arenaID(1),serverID(3),num(0)
2019/05/22 16:44:39.245000 git.huoys.com/qp/world/web/get.recordPlayerNum 53 Warning: recordPlayerNum:gameID(10095),arenaID(1),serverID(4),num(0)
2019/05/22 16:44:44.098000 git.huoys.com/qp/world/web/get.recordPlayerNum 53 Warning: recordPlayerNum:gameID(10095),arenaID(1),serverID(2),num(0)
2019/05/22 16:44:44.199000 git.huoys.com/qp/world/web/get.recordPlayerNum 53 Warning: recordPlayerNum:gameID(10095),arenaID(1),serverID(1),num(0)
2019/05/22 16:44:44.204000 git.huoys.com/qp/world/web/get.recordPlayerNum 53 Warning: recordPlayerNum:gameID(10095),arenaID(1),serverID(3),num(0)
2019/05/22 16:44:44.262000 git.huoys.com/qp/world/web/get.recordPlayerNum 53 Warning: recordPlayerNum:gameID(10095),arenaID(1),serverID(4),num(0)
2019/05/22 16:44:49.115000 git.huoys.com/qp/world/web/get.recordPlayerNum 53 Warning: recordPlayerNum:gameID(10095),arenaID(1),serverID(2),num(0)
2019/05/22 16:44:49.199000 git.huoys.com/qp/world/web/get.recordPlayerNum 53 Warning: recordPlayerNum:gameID(10095),arenaID(1),serverID(1),num(0)
2019/05/22 16:44:49.204000 git.huoys.com/qp/world/web/get.recordPlayerNum 53 Warning: recordPlayerNum:gameID(10095),arenaID(1),serverID(3),num(0)
2019/05/22 16:44:49.251000 git.huoys.com/qp/world/web/get.recordPlayerNum 53 Warning: recordPlayerNum:gameID(10095),arenaID(1),serverID(4),num(0)
2019/05/22 16:44:54.106000 git.huoys.com/qp/world/web/get.recordPlayerNum 53 Warning: recordPlayerNum:gameID(10095),arenaID(1),serverID(2),num(0)
2019/05/22 16:44:54.201000 git.huoys.com/qp/world/web/get.recordPlayerNum 53 Warning: recordPlayerNum:gameID(10095),arenaID(1),serverID(1),num(0)
2019/05/22 16:44:54.203000 git.huoys.com/qp/world/web/get.recordPlayerNum 53 Warning: recordPlayerNum:gameID(10095),arenaID(1),serverID(3),num(0)
2019/05/22 16:44:54.251000 git.huoys.com/qp/world/web/get.recordPlayerNum 53 Warning: recordPlayerNum:gameID(10095),arenaID(1),serverID(4),num(0)
2019/05/22 16:44:59.098000 git.huoys.com/qp/world/web/get.recordPlayerNum 53 Warning: recordPlayerNum:gameID(10095),arenaID(1),serverID(2),num(0)
2019/05/22 16:44:59.202000 git.huoys.com/qp/world/web/get.recordPlayerNum 53 Warning: recordPlayerNum:gameID(10095),arenaID(1),serverID(1),num(0)
2019/05/22 16:44:59.204000 git.huoys.com/qp/world/web/get.recordPlayerNum 53 Warning: recordPlayerNum:gameID(10095),arenaID(1),serverID(3),num(0)
2019/05/22 16:44:59.252000 git.huoys.com/qp/world/web/get.recordPlayerNum 53 Warning: recordPlayerNum:gameID(10095),arenaID(1),serverID(4),num(0)
2019/05/22 16:45:04.102000 git.huoys.com/qp/world/web/get.recordPlayerNum 53 Warning: recordPlayerNum:gameID(10095),arenaID(1),serverID(2),num(0)
2019/05/22 16:45:04.213000 git.huoys.com/qp/world/web/get.recordPlayerNum 53 Warning: recordPlayerNum:gameID(10095),arenaID(1),serverID(1),num(0)
2019/05/22 16:45:04.218000 git.huoys.com/qp/world/web/get.recordPlayerNum 53 Warning: recordPlayerNum:gameID(10095),arenaID(1),serverID(3),num(0)
2019/05/22 16:45:04.250000 git.huoys.com/qp/world/web/get.recordPlayerNum 53 Warning: recordPlayerNum:gameID(10095),arenaID(1),serverID(4),num(0)
2019/05/22 16:45:09.099000 git.huoys.com/qp/world/web/get.recordPlayerNum 53 Warning: recordPlayerNum:gameID(10095),arenaID(1),serverID(2),num(0)
2019/05/22 16:45:09.198000 git.huoys.com/qp/world/web/get.recordPlayerNum 53 Warning: recordPlayerNum:gameID(10095),arenaID(1),serverID(3),num(0)
2019/05/22 16:45:09.202000 git.huoys.com/qp/world/web/get.recordPlayerNum 53 Warning: recordPlayerNum:gameID(10095),arenaID(1),serverID(1),num(0)
2019/05/22 16:45:09.248000 git.huoys.com/qp/world/web/get.recordPlayerNum 53 Warning: recordPlayerNum:gameID(10095),arenaID(1),serverID(4),num(0)
2019/05/22 16:45:10.962000 git.huoys.com/qp/world/sql/qp.CountPlayer 57 Info: 
	declare @IV_sProcPassword VARCHAR(32);
	declare @IV_siPositionID	SMALLINT;
	declare @IV_iUserCount INT;
	declare @IV_iVisitorCount INT;
	declare @IV_iLimitCount INT;
	declare @IV_UseTable INT;
	declare @IV_FreeTable INT;
	declare @OV_sResult	INT;

	set @IV_sProcPassword='!43$a#@28Foi000C';
	set @IV_siPositionID=10561;
	set @IV_iUserCount=0;
	set @IV_iVisitorCount=0;
	set @IV_iLimitCount=0;
	set @IV_UseTable=0;
	set @IV_FreeTable=0;

	set @OV_sResult=-1;

	exec @OV_sResult = dbo.PrPs_OnLine_HallOnLineLog_Add
	 @IV_sProcPassword,
	 @IV_siPositionID,
	 @IV_iUserCount,
	 @IV_iVisitorCount,
     @IV_iLimitCount,
     @IV_UseTable,
	 @IV_FreeTable;

	 select @OV_sResult;
	
2019/05/22 16:45:10.967000 git.huoys.com/qp/world/sql/qp.CountPlayer 63 Info: CountPlayer: 
	declare @IV_sProcPassword VARCHAR(32);
	declare @IV_siPositionID	SMALLINT;
	declare @IV_iUserCount INT;
	declare @IV_iVisitorCount INT;
	declare @IV_iLimitCount INT;
	declare @IV_UseTable INT;
	declare @IV_FreeTable INT;
	declare @OV_sResult	INT;

	set @IV_sProcPassword='!43$a#@28Foi000C';
	set @IV_siPositionID=10561;
	set @IV_iUserCount=0;
	set @IV_iVisitorCount=0;
	set @IV_iLimitCount=0;
	set @IV_UseTable=0;
	set @IV_FreeTable=0;

	set @OV_sResult=-1;

	exec @OV_sResult = dbo.PrPs_OnLine_HallOnLineLog_Add
	 @IV_sProcPassword,
	 @IV_siPositionID,
	 @IV_iUserCount,
	 @IV_iVisitorCount,
     @IV_iLimitCount,
     @IV_UseTable,
	 @IV_FreeTable;

	 select @OV_sResult;
	.
2019/05/22 16:45:10.973000 git.huoys.com/qp/world/web/get.polling 75 Info: count player(0), gameid(10095), dbarenaid(10561).
2019/05/22 16:45:14.098000 git.huoys.com/qp/world/web/get.recordPlayerNum 53 Warning: recordPlayerNum:gameID(10095),arenaID(1),serverID(2),num(0)
2019/05/22 16:45:14.202000 git.huoys.com/qp/world/web/get.recordPlayerNum 53 Warning: recordPlayerNum:gameID(10095),arenaID(1),serverID(3),num(0)
2019/05/22 16:45:14.205000 git.huoys.com/qp/world/web/get.recordPlayerNum 53 Warning: recordPlayerNum:gameID(10095),arenaID(1),serverID(1),num(0)
2019/05/22 16:45:14.256000 git.huoys.com/qp/world/web/get.recordPlayerNum 53 Warning: recordPlayerNum:gameID(10095),arenaID(1),serverID(4),num(0)
2019/05/22 16:45:19.107000 git.huoys.com/qp/world/web/get.recordPlayerNum 53 Warning: recordPlayerNum:gameID(10095),arenaID(1),serverID(2),num(0)
2019/05/22 16:45:19.197000 git.huoys.com/qp/world/web/get.recordPlayerNum 53 Warning: recordPlayerNum:gameID(10095),arenaID(1),serverID(1),num(0)
2019/05/22 16:45:19.199000 git.huoys.com/qp/world/web/get.recordPlayerNum 53 Warning: recordPlayerNum:gameID(10095),arenaID(1),serverID(3),num(0)
2019/05/22 16:45:19.249000 git.huoys.com/qp/world/web/get.recordPlayerNum 53 Warning: recordPlayerNum:gameID(10095),arenaID(1),serverID(4),num(0)
2019/05/22 16:45:24.094000 git.huoys.com/qp/world/web/get.recordPlayerNum 53 Warning: recordPlayerNum:gameID(10095),arenaID(1),serverID(2),num(0)
2019/05/22 16:45:24.198000 git.huoys.com/qp/world/web/get.recordPlayerNum 53 Warning: recordPlayerNum:gameID(10095),arenaID(1),serverID(3),num(0)
2019/05/22 16:45:24.208000 git.huoys.com/qp/world/web/get.recordPlayerNum 53 Warning: recordPlayerNum:gameID(10095),arenaID(1),serverID(1),num(0)
2019/05/22 16:45:24.254000 git.huoys.com/qp/world/web/get.recordPlayerNum 53 Warning: recordPlayerNum:gameID(10095),arenaID(1),serverID(4),num(0)
2019/05/22 16:45:29.104000 git.huoys.com/qp/world/web/get.recordPlayerNum 53 Warning: recordPlayerNum:gameID(10095),arenaID(1),serverID(2),num(0)
2019/05/22 16:45:29.197000 git.huoys.com/qp/world/web/get.recordPlayerNum 53 Warning: recordPlayerNum:gameID(10095),arenaID(1),serverID(3),num(0)
2019/05/22 16:45:29.200000 git.huoys.com/qp/world/web/get.recordPlayerNum 53 Warning: recordPlayerNum:gameID(10095),arenaID(1),serverID(1),num(0)
2019/05/22 16:45:29.259000 git.huoys.com/qp/world/web/get.recordPlayerNum 53 Warning: recordPlayerNum:gameID(10095),arenaID(1),serverID(4),num(0)
2019/05/22 16:45:34.093000 git.huoys.com/qp/world/web/get.recordPlayerNum 53 Warning: recordPlayerNum:gameID(10095),arenaID(1),serverID(2),num(0)
2019/05/22 16:45:34.194000 git.huoys.com/qp/world/web/get.recordPlayerNum 53 Warning: recordPlayerNum:gameID(10095),arenaID(1),serverID(3),num(0)
2019/05/22 16:45:34.198000 git.huoys.com/qp/world/web/get.recordPlayerNum 53 Warning: recordPlayerNum:gameID(10095),arenaID(1),serverID(1),num(0)
2019/05/22 16:45:34.252000 git.huoys.com/qp/world/web/get.recordPlayerNum 53 Warning: recordPlayerNum:gameID(10095),arenaID(1),serverID(4),num(0)
2019/05/22 16:45:39.107000 git.huoys.com/qp/world/web/get.recordPlayerNum 53 Warning: recordPlayerNum:gameID(10095),arenaID(1),serverID(2),num(0)
2019/05/22 16:45:39.190000 git.huoys.com/qp/world/web/get.recordPlayerNum 53 Warning: recordPlayerNum:gameID(10095),arenaID(1),serverID(1),num(0)
2019/05/22 16:45:39.192000 git.huoys.com/qp/world/web/get.recordPlayerNum 53 Warning: recordPlayerNum:gameID(10095),arenaID(1),serverID(3),num(0)
2019/05/22 16:45:39.254000 git.huoys.com/qp/world/web/get.recordPlayerNum 53 Warning: recordPlayerNum:gameID(10095),arenaID(1),serverID(4),num(0)
2019/05/22 16:45:44.097000 git.huoys.com/qp/world/web/get.recordPlayerNum 53 Warning: recordPlayerNum:gameID(10095),arenaID(1),serverID(2),num(0)
2019/05/22 16:45:44.196000 git.huoys.com/qp/world/web/get.recordPlayerNum 53 Warning: recordPlayerNum:gameID(10095),arenaID(1),serverID(3),num(0)
2019/05/22 16:45:44.198000 git.huoys.com/qp/world/web/get.recordPlayerNum 53 Warning: recordPlayerNum:gameID(10095),arenaID(1),serverID(1),num(0)
2019/05/22 16:45:44.246000 git.huoys.com/qp/world/web/get.recordPlayerNum 53 Warning: recordPlayerNum:gameID(10095),arenaID(1),serverID(4),num(0)
2019/05/22 16:45:49.109000 git.huoys.com/qp/world/web/get.recordPlayerNum 53 Warning: recordPlayerNum:gameID(10095),arenaID(1),serverID(2),num(0)
2019/05/22 16:45:49.198000 git.huoys.com/qp/world/web/get.recordPlayerNum 53 Warning: recordPlayerNum:gameID(10095),arenaID(1),serverID(1),num(0)
2019/05/22 16:45:49.200000 git.huoys.com/qp/world/web/get.recordPlayerNum 53 Warning: recordPlayerNum:gameID(10095),arenaID(1),serverID(3),num(0)
2019/05/22 16:45:49.256000 git.huoys.com/qp/world/web/get.recordPlayerNum 53 Warning: recordPlayerNum:gameID(10095),arenaID(1),serverID(4),num(0)
2019/05/22 16:45:54.095000 git.huoys.com/qp/world/web/get.recordPlayerNum 53 Warning: recordPlayerNum:gameID(10095),arenaID(1),serverID(2),num(0)
2019/05/22 16:45:54.194000 git.huoys.com/qp/world/web/get.recordPlayerNum 53 Warning: recordPlayerNum:gameID(10095),arenaID(1),serverID(1),num(0)
2019/05/22 16:45:54.197000 git.huoys.com/qp/world/web/get.recordPlayerNum 53 Warning: recordPlayerNum:gameID(10095),arenaID(1),serverID(3),num(0)
2019/05/22 16:45:54.246000 git.huoys.com/qp/world/web/get.recordPlayerNum 53 Warning: recordPlayerNum:gameID(10095),arenaID(1),serverID(4),num(0)
2019/05/22 16:45:59.125000 git.huoys.com/qp/world/web/get.recordPlayerNum 53 Warning: recordPlayerNum:gameID(10095),arenaID(1),serverID(2),num(0)
2019/05/22 16:45:59.197000 git.huoys.com/qp/world/web/get.recordPlayerNum 53 Warning: recordPlayerNum:gameID(10095),arenaID(1),serverID(1),num(0)
2019/05/22 16:45:59.203000 git.huoys.com/qp/world/web/get.recordPlayerNum 53 Warning: recordPlayerNum:gameID(10095),arenaID(1),serverID(3),num(0)
2019/05/22 16:45:59.243000 git.huoys.com/qp/world/web/get.recordPlayerNum 53 Warning: recordPlayerNum:gameID(10095),arenaID(1),serverID(4),num(0)
2019/05/22 16:46:04.121000 git.huoys.com/qp/world/web/get.recordPlayerNum 53 Warning: recordPlayerNum:gameID(10095),arenaID(1),serverID(2),num(0)
2019/05/22 16:46:04.196000 git.huoys.com/qp/world/web/get.recordPlayerNum 53 Warning: recordPlayerNum:gameID(10095),arenaID(1),serverID(1),num(0)
2019/05/22 16:46:04.203000 git.huoys.com/qp/world/web/get.recordPlayerNum 53 Warning: recordPlayerNum:gameID(10095),arenaID(1),serverID(3),num(0)
2019/05/22 16:46:04.243000 git.huoys.com/qp/world/web/get.recordPlayerNum 53 Warning: recordPlayerNum:gameID(10095),arenaID(1),serverID(4),num(0)
2019/05/22 16:46:09.124000 git.huoys.com/qp/world/web/get.recordPlayerNum 53 Warning: recordPlayerNum:gameID(10095),arenaID(1),serverID(2),num(0)
2019/05/22 16:46:09.197000 git.huoys.com/qp/world/web/get.recordPlayerNum 53 Warning: recordPlayerNum:gameID(10095),arenaID(1),serverID(1),num(0)
2019/05/22 16:46:09.207000 git.huoys.com/qp/world/web/get.recordPlayerNum 53 Warning: recordPlayerNum:gameID(10095),arenaID(1),serverID(3),num(0)
2019/05/22 16:46:09.250000 git.huoys.com/qp/world/web/get.recordPlayerNum 53 Warning: recordPlayerNum:gameID(10095),arenaID(1),serverID(4),num(0)
2019/05/22 16:46:10.961000 git.huoys.com/qp/world/sql/qp.CountPlayer 57 Info: 
	declare @IV_sProcPassword VARCHAR(32);
	declare @IV_siPositionID	SMALLINT;
	declare @IV_iUserCount INT;
	declare @IV_iVisitorCount INT;
	declare @IV_iLimitCount INT;
	declare @IV_UseTable INT;
	declare @IV_FreeTable INT;
	declare @OV_sResult	INT;

	set @IV_sProcPassword='!43$a#@28Foi000C';
	set @IV_siPositionID=10561;
	set @IV_iUserCount=0;
	set @IV_iVisitorCount=0;
	set @IV_iLimitCount=0;
	set @IV_UseTable=0;
	set @IV_FreeTable=0;

	set @OV_sResult=-1;

	exec @OV_sResult = dbo.PrPs_OnLine_HallOnLineLog_Add
	 @IV_sProcPassword,
	 @IV_siPositionID,
	 @IV_iUserCount,
	 @IV_iVisitorCount,
     @IV_iLimitCount,
     @IV_UseTable,
	 @IV_FreeTable;

	 select @OV_sResult;
	
2019/05/22 16:46:10.962000 git.huoys.com/qp/world/sql/qp.CountPlayer 63 Info: CountPlayer: 
	declare @IV_sProcPassword VARCHAR(32);
	declare @IV_siPositionID	SMALLINT;
	declare @IV_iUserCount INT;
	declare @IV_iVisitorCount INT;
	declare @IV_iLimitCount INT;
	declare @IV_UseTable INT;
	declare @IV_FreeTable INT;
	declare @OV_sResult	INT;

	set @IV_sProcPassword='!43$a#@28Foi000C';
	set @IV_siPositionID=10561;
	set @IV_iUserCount=0;
	set @IV_iVisitorCount=0;
	set @IV_iLimitCount=0;
	set @IV_UseTable=0;
	set @IV_FreeTable=0;

	set @OV_sResult=-1;

	exec @OV_sResult = dbo.PrPs_OnLine_HallOnLineLog_Add
	 @IV_sProcPassword,
	 @IV_siPositionID,
	 @IV_iUserCount,
	 @IV_iVisitorCount,
     @IV_iLimitCount,
     @IV_UseTable,
	 @IV_FreeTable;

	 select @OV_sResult;
	.
2019/05/22 16:46:10.967000 git.huoys.com/qp/world/web/get.polling 75 Info: count player(0), gameid(10095), dbarenaid(10561).
2019/05/22 16:46:14.131000 git.huoys.com/qp/world/web/get.recordPlayerNum 53 Warning: recordPlayerNum:gameID(10095),arenaID(1),serverID(2),num(0)
2019/05/22 16:46:14.195000 git.huoys.com/qp/world/web/get.recordPlayerNum 53 Warning: recordPlayerNum:gameID(10095),arenaID(1),serverID(1),num(0)
2019/05/22 16:46:14.205000 git.huoys.com/qp/world/web/get.recordPlayerNum 53 Warning: recordPlayerNum:gameID(10095),arenaID(1),serverID(3),num(0)
2019/05/22 16:46:14.250000 git.huoys.com/qp/world/web/get.recordPlayerNum 53 Warning: recordPlayerNum:gameID(10095),arenaID(1),serverID(4),num(0)
2019/05/22 16:46:19.125000 git.huoys.com/qp/world/web/get.recordPlayerNum 53 Warning: recordPlayerNum:gameID(10095),arenaID(1),serverID(2),num(0)
2019/05/22 16:46:19.195000 git.huoys.com/qp/world/web/get.recordPlayerNum 53 Warning: recordPlayerNum:gameID(10095),arenaID(1),serverID(1),num(0)
2019/05/22 16:46:19.209000 git.huoys.com/qp/world/web/get.recordPlayerNum 53 Warning: recordPlayerNum:gameID(10095),arenaID(1),serverID(3),num(0)
2019/05/22 16:46:19.249000 git.huoys.com/qp/world/web/get.recordPlayerNum 53 Warning: recordPlayerNum:gameID(10095),arenaID(1),serverID(4),num(0)
2019/05/22 16:46:24.132000 git.huoys.com/qp/world/web/get.recordPlayerNum 53 Warning: recordPlayerNum:gameID(10095),arenaID(1),serverID(2),num(0)
2019/05/22 16:46:24.201000 git.huoys.com/qp/world/web/get.recordPlayerNum 53 Warning: recordPlayerNum:gameID(10095),arenaID(1),serverID(1),num(0)
2019/05/22 16:46:24.230000 git.huoys.com/qp/world/web/get.recordPlayerNum 53 Warning: recordPlayerNum:gameID(10095),arenaID(1),serverID(3),num(0)
2019/05/22 16:46:24.251000 git.huoys.com/qp/world/web/get.recordPlayerNum 53 Warning: recordPlayerNum:gameID(10095),arenaID(1),serverID(4),num(0)
2019/05/22 16:46:29.126000 git.huoys.com/qp/world/web/get.recordPlayerNum 53 Warning: recordPlayerNum:gameID(10095),arenaID(1),serverID(2),num(0)
2019/05/22 16:46:29.200000 git.huoys.com/qp/world/web/get.recordPlayerNum 53 Warning: recordPlayerNum:gameID(10095),arenaID(1),serverID(1),num(0)
2019/05/22 16:46:29.241000 git.huoys.com/qp/world/web/get.recordPlayerNum 53 Warning: recordPlayerNum:gameID(10095),arenaID(1),serverID(3),num(0)
2019/05/22 16:46:29.251000 git.huoys.com/qp/world/web/get.recordPlayerNum 53 Warning: recordPlayerNum:gameID(10095),arenaID(1),serverID(4),num(0)
2019/05/22 16:46:34.126000 git.huoys.com/qp/world/web/get.recordPlayerNum 53 Warning: recordPlayerNum:gameID(10095),arenaID(1),serverID(2),num(0)
2019/05/22 16:46:34.199000 git.huoys.com/qp/world/web/get.recordPlayerNum 53 Warning: recordPlayerNum:gameID(10095),arenaID(1),serverID(1),num(0)
2019/05/22 16:46:34.226000 git.huoys.com/qp/world/web/get.recordPlayerNum 53 Warning: recordPlayerNum:gameID(10095),arenaID(1),serverID(3),num(0)
2019/05/22 16:46:34.251000 git.huoys.com/qp/world/web/get.recordPlayerNum 53 Warning: recordPlayerNum:gameID(10095),arenaID(1),serverID(4),num(0)
2019/05/22 16:46:39.127000 git.huoys.com/qp/world/web/get.recordPlayerNum 53 Warning: recordPlayerNum:gameID(10095),arenaID(1),serverID(2),num(0)
2019/05/22 16:46:39.195000 git.huoys.com/qp/world/web/get.recordPlayerNum 53 Warning: recordPlayerNum:gameID(10095),arenaID(1),serverID(1),num(0)
2019/05/22 16:46:39.227000 git.huoys.com/qp/world/web/get.recordPlayerNum 53 Warning: recordPlayerNum:gameID(10095),arenaID(1),serverID(3),num(0)
2019/05/22 16:46:39.256000 git.huoys.com/qp/world/web/get.recordPlayerNum 53 Warning: recordPlayerNum:gameID(10095),arenaID(1),serverID(4),num(0)
2019/05/22 16:46:44.125000 git.huoys.com/qp/world/web/get.recordPlayerNum 53 Warning: recordPlayerNum:gameID(10095),arenaID(1),serverID(2),num(0)
2019/05/22 16:46:44.200000 git.huoys.com/qp/world/web/get.recordPlayerNum 53 Warning: recordPlayerNum:gameID(10095),arenaID(1),serverID(1),num(0)
2019/05/22 16:46:44.230000 git.huoys.com/qp/world/web/get.recordPlayerNum 53 Warning: recordPlayerNum:gameID(10095),arenaID(1),serverID(3),num(0)
2019/05/22 16:46:44.255000 git.huoys.com/qp/world/web/get.recordPlayerNum 53 Warning: recordPlayerNum:gameID(10095),arenaID(1),serverID(4),num(0)
2019/05/22 16:46:49.127000 git.huoys.com/qp/world/web/get.recordPlayerNum 53 Warning: recordPlayerNum:gameID(10095),arenaID(1),serverID(2),num(0)
2019/05/22 16:46:49.201000 git.huoys.com/qp/world/web/get.recordPlayerNum 53 Warning: recordPlayerNum:gameID(10095),arenaID(1),serverID(1),num(0)
2019/05/22 16:46:49.232000 git.huoys.com/qp/world/web/get.recordPlayerNum 53 Warning: recordPlayerNum:gameID(10095),arenaID(1),serverID(3),num(0)
2019/05/22 16:46:49.254000 git.huoys.com/qp/world/web/get.recordPlayerNum 53 Warning: recordPlayerNum:gameID(10095),arenaID(1),serverID(4),num(0)
2019/05/22 16:46:54.131000 git.huoys.com/qp/world/web/get.recordPlayerNum 53 Warning: recordPlayerNum:gameID(10095),arenaID(1),serverID(2),num(0)
2019/05/22 16:46:54.200000 git.huoys.com/qp/world/web/get.recordPlayerNum 53 Warning: recordPlayerNum:gameID(10095),arenaID(1),serverID(1),num(0)
2019/05/22 16:46:54.232000 git.huoys.com/qp/world/web/get.recordPlayerNum 53 Warning: recordPlayerNum:gameID(10095),arenaID(1),serverID(3),num(0)
2019/05/22 16:46:54.251000 git.huoys.com/qp/world/web/get.recordPlayerNum 53 Warning: recordPlayerNum:gameID(10095),arenaID(1),serverID(4),num(0)
2019/05/22 16:46:59.136000 git.huoys.com/qp/world/web/get.recordPlayerNum 53 Warning: recordPlayerNum:gameID(10095),arenaID(1),serverID(2),num(0)
2019/05/22 16:46:59.196000 git.huoys.com/qp/world/web/get.recordPlayerNum 53 Warning: recordPlayerNum:gameID(10095),arenaID(1),serverID(1),num(0)
2019/05/22 16:46:59.226000 git.huoys.com/qp/world/web/get.recordPlayerNum 53 Warning: recordPlayerNum:gameID(10095),arenaID(1),serverID(3),num(0)
2019/05/22 16:46:59.250000 git.huoys.com/qp/world/web/get.recordPlayerNum 53 Warning: recordPlayerNum:gameID(10095),arenaID(1),serverID(4),num(0)
2019/05/22 16:47:04.129000 git.huoys.com/qp/world/web/get.recordPlayerNum 53 Warning: recordPlayerNum:gameID(10095),arenaID(1),serverID(2),num(0)
2019/05/22 16:47:04.197000 git.huoys.com/qp/world/web/get.recordPlayerNum 53 Warning: recordPlayerNum:gameID(10095),arenaID(1),serverID(1),num(0)
2019/05/22 16:47:04.232000 git.huoys.com/qp/world/web/get.recordPlayerNum 53 Warning: recordPlayerNum:gameID(10095),arenaID(1),serverID(3),num(0)
2019/05/22 16:47:04.247000 git.huoys.com/qp/world/web/get.recordPlayerNum 53 Warning: recordPlayerNum:gameID(10095),arenaID(1),serverID(4),num(0)
2019/05/22 16:47:09.126000 git.huoys.com/qp/world/web/get.recordPlayerNum 53 Warning: recordPlayerNum:gameID(10095),arenaID(1),serverID(2),num(0)
2019/05/22 16:47:09.197000 git.huoys.com/qp/world/web/get.recordPlayerNum 53 Warning: recordPlayerNum:gameID(10095),arenaID(1),serverID(1),num(0)
2019/05/22 16:47:09.226000 git.huoys.com/qp/world/web/get.recordPlayerNum 53 Warning: recordPlayerNum:gameID(10095),arenaID(1),serverID(3),num(0)
2019/05/22 16:47:09.248000 git.huoys.com/qp/world/web/get.recordPlayerNum 53 Warning: recordPlayerNum:gameID(10095),arenaID(1),serverID(4),num(0)
2019/05/22 16:47:10.983000 git.huoys.com/qp/world/sql/qp.CountPlayer 57 Info: 
	declare @IV_sProcPassword VARCHAR(32);
	declare @IV_siPositionID	SMALLINT;
	declare @IV_iUserCount INT;
	declare @IV_iVisitorCount INT;
	declare @IV_iLimitCount INT;
	declare @IV_UseTable INT;
	declare @IV_FreeTable INT;
	declare @OV_sResult	INT;

	set @IV_sProcPassword='!43$a#@28Foi000C';
	set @IV_siPositionID=10561;
	set @IV_iUserCount=0;
	set @IV_iVisitorCount=0;
	set @IV_iLimitCount=0;
	set @IV_UseTable=0;
	set @IV_FreeTable=0;

	set @OV_sResult=-1;

	exec @OV_sResult = dbo.PrPs_OnLine_HallOnLineLog_Add
	 @IV_sProcPassword,
	 @IV_siPositionID,
	 @IV_iUserCount,
	 @IV_iVisitorCount,
     @IV_iLimitCount,
     @IV_UseTable,
	 @IV_FreeTable;

	 select @OV_sResult;
	
2019/05/22 16:47:10.985000 git.huoys.com/qp/world/sql/qp.CountPlayer 63 Info: CountPlayer: 
	declare @IV_sProcPassword VARCHAR(32);
	declare @IV_siPositionID	SMALLINT;
	declare @IV_iUserCount INT;
	declare @IV_iVisitorCount INT;
	declare @IV_iLimitCount INT;
	declare @IV_UseTable INT;
	declare @IV_FreeTable INT;
	declare @OV_sResult	INT;

	set @IV_sProcPassword='!43$a#@28Foi000C';
	set @IV_siPositionID=10561;
	set @IV_iUserCount=0;
	set @IV_iVisitorCount=0;
	set @IV_iLimitCount=0;
	set @IV_UseTable=0;
	set @IV_FreeTable=0;

	set @OV_sResult=-1;

	exec @OV_sResult = dbo.PrPs_OnLine_HallOnLineLog_Add
	 @IV_sProcPassword,
	 @IV_siPositionID,
	 @IV_iUserCount,
	 @IV_iVisitorCount,
     @IV_iLimitCount,
     @IV_UseTable,
	 @IV_FreeTable;

	 select @OV_sResult;
	.
2019/05/22 16:47:10.997000 git.huoys.com/qp/world/web/get.polling 75 Info: count player(0), gameid(10095), dbarenaid(10561).
2019/05/22 16:47:14.136000 git.huoys.com/qp/world/web/get.recordPlayerNum 53 Warning: recordPlayerNum:gameID(10095),arenaID(1),serverID(2),num(0)
2019/05/22 16:47:14.198000 git.huoys.com/qp/world/web/get.recordPlayerNum 53 Warning: recordPlayerNum:gameID(10095),arenaID(1),serverID(1),num(0)
2019/05/22 16:47:14.233000 git.huoys.com/qp/world/web/get.recordPlayerNum 53 Warning: recordPlayerNum:gameID(10095),arenaID(1),serverID(3),num(0)
2019/05/22 16:47:14.248000 git.huoys.com/qp/world/web/get.recordPlayerNum 53 Warning: recordPlayerNum:gameID(10095),arenaID(1),serverID(4),num(0)
2019/05/22 16:47:17.126000 git.huoys.com/qp/world/sql/qp.UpdatePreventCheatData 66 Info: UpdatePreventCheatData query:
	declare @IV_sProcPassword VARCHAR(32);
	declare @IV_GameId	INT;
	declare @IV_GoldNUM	BIGINT;
	declare @IV_ServerID  INT;
	declare @OV_GoldNum	BIGINT;
	declare @OV_DefaultGoldNum	BIGINT;
	declare @OV_sReturnMsg	VARCHAR(128);
	declare @OV_sResult INT;

	set @IV_sProcPassword='!43$a#@28Foi000C';
	set @IV_GameId=10095;
	set @IV_GoldNUM=0;
	set @IV_ServerID=834;

	set @OV_sResult=-1;
	set @OV_sReturnMsg='';
	set @OV_DefaultGoldNum=0;
	set @OV_GoldNum=0;

	exec @OV_sResult = PrPs_BaseGoldPool_Update
	 @IV_sProcPassword,
	 @IV_GameId,
	 @IV_GoldNUM,
	 @IV_ServerID,
	 @OV_GoldNum out,
	 @OV_DefaultGoldNum out,
	 @OV_sReturnMsg out;

	select @OV_sResult, @OV_sReturnMsg, @OV_DefaultGoldNum, @OV_GoldNum;
	.
2019/05/22 16:47:17.132000 git.huoys.com/qp/world/web/get.OnUpdatePreventCheat 54 Info: UpdatePreventCheat goldNum(4825721370) sucess
2019/05/22 16:47:17.190000 git.huoys.com/qp/world/sql/qp.UpdatePreventCheatData 66 Info: UpdatePreventCheatData query:
	declare @IV_sProcPassword VARCHAR(32);
	declare @IV_GameId	INT;
	declare @IV_GoldNUM	BIGINT;
	declare @IV_ServerID  INT;
	declare @OV_GoldNum	BIGINT;
	declare @OV_DefaultGoldNum	BIGINT;
	declare @OV_sReturnMsg	VARCHAR(128);
	declare @OV_sResult INT;

	set @IV_sProcPassword='!43$a#@28Foi000C';
	set @IV_GameId=10095;
	set @IV_GoldNUM=0;
	set @IV_ServerID=833;

	set @OV_sResult=-1;
	set @OV_sReturnMsg='';
	set @OV_DefaultGoldNum=0;
	set @OV_GoldNum=0;

	exec @OV_sResult = PrPs_BaseGoldPool_Update
	 @IV_sProcPassword,
	 @IV_GameId,
	 @IV_GoldNUM,
	 @IV_ServerID,
	 @OV_GoldNum out,
	 @OV_DefaultGoldNum out,
	 @OV_sReturnMsg out;

	select @OV_sResult, @OV_sReturnMsg, @OV_DefaultGoldNum, @OV_GoldNum;
	.
2019/05/22 16:47:17.196000 git.huoys.com/qp/world/web/get.OnUpdatePreventCheat 54 Info: UpdatePreventCheat goldNum(4825721370) sucess
2019/05/22 16:47:17.230000 git.huoys.com/qp/world/sql/qp.UpdatePreventCheatData 66 Info: UpdatePreventCheatData query:
	declare @IV_sProcPassword VARCHAR(32);
	declare @IV_GameId	INT;
	declare @IV_GoldNUM	BIGINT;
	declare @IV_ServerID  INT;
	declare @OV_GoldNum	BIGINT;
	declare @OV_DefaultGoldNum	BIGINT;
	declare @OV_sReturnMsg	VARCHAR(128);
	declare @OV_sResult INT;

	set @IV_sProcPassword='!43$a#@28Foi000C';
	set @IV_GameId=10095;
	set @IV_GoldNUM=0;
	set @IV_ServerID=835;

	set @OV_sResult=-1;
	set @OV_sReturnMsg='';
	set @OV_DefaultGoldNum=0;
	set @OV_GoldNum=0;

	exec @OV_sResult = PrPs_BaseGoldPool_Update
	 @IV_sProcPassword,
	 @IV_GameId,
	 @IV_GoldNUM,
	 @IV_ServerID,
	 @OV_GoldNum out,
	 @OV_DefaultGoldNum out,
	 @OV_sReturnMsg out;

	select @OV_sResult, @OV_sReturnMsg, @OV_DefaultGoldNum, @OV_GoldNum;
	.
2019/05/22 16:47:17.235000 git.huoys.com/qp/world/web/get.OnUpdatePreventCheat 54 Info: UpdatePreventCheat goldNum(4825721370) sucess
2019/05/22 16:47:17.251000 git.huoys.com/qp/world/sql/qp.UpdatePreventCheatData 66 Info: UpdatePreventCheatData query:
	declare @IV_sProcPassword VARCHAR(32);
	declare @IV_GameId	INT;
	declare @IV_GoldNUM	BIGINT;
	declare @IV_ServerID  INT;
	declare @OV_GoldNum	BIGINT;
	declare @OV_DefaultGoldNum	BIGINT;
	declare @OV_sReturnMsg	VARCHAR(128);
	declare @OV_sResult INT;

	set @IV_sProcPassword='!43$a#@28Foi000C';
	set @IV_GameId=10095;
	set @IV_GoldNUM=0;
	set @IV_ServerID=836;

	set @OV_sResult=-1;
	set @OV_sReturnMsg='';
	set @OV_DefaultGoldNum=0;
	set @OV_GoldNum=0;

	exec @OV_sResult = PrPs_BaseGoldPool_Update
	 @IV_sProcPassword,
	 @IV_GameId,
	 @IV_GoldNUM,
	 @IV_ServerID,
	 @OV_GoldNum out,
	 @OV_DefaultGoldNum out,
	 @OV_sReturnMsg out;

	select @OV_sResult, @OV_sReturnMsg, @OV_DefaultGoldNum, @OV_GoldNum;
	.
2019/05/22 16:47:17.257000 git.huoys.com/qp/world/web/get.OnUpdatePreventCheat 54 Info: UpdatePreventCheat goldNum(4825721370) sucess
2019/05/22 16:47:19.124000 git.huoys.com/qp/world/web/get.recordPlayerNum 53 Warning: recordPlayerNum:gameID(10095),arenaID(1),serverID(2),num(0)
2019/05/22 16:47:19.186000 git.huoys.com/qp/world/web/get.recordPlayerNum 53 Warning: recordPlayerNum:gameID(10095),arenaID(1),serverID(1),num(0)
2019/05/22 16:47:19.228000 git.huoys.com/qp/world/web/get.recordPlayerNum 53 Warning: recordPlayerNum:gameID(10095),arenaID(1),serverID(3),num(0)
2019/05/22 16:47:19.254000 git.huoys.com/qp/world/web/get.recordPlayerNum 53 Warning: recordPlayerNum:gameID(10095),arenaID(1),serverID(4),num(0)
2019/05/22 16:47:24.125000 git.huoys.com/qp/world/web/get.recordPlayerNum 53 Warning: recordPlayerNum:gameID(10095),arenaID(1),serverID(2),num(0)
2019/05/22 16:47:24.199000 git.huoys.com/qp/world/web/get.recordPlayerNum 53 Warning: recordPlayerNum:gameID(10095),arenaID(1),serverID(1),num(0)
2019/05/22 16:47:24.229000 git.huoys.com/qp/world/web/get.recordPlayerNum 53 Warning: recordPlayerNum:gameID(10095),arenaID(1),serverID(3),num(0)
2019/05/22 16:47:24.249000 git.huoys.com/qp/world/web/get.recordPlayerNum 53 Warning: recordPlayerNum:gameID(10095),arenaID(1),serverID(4),num(0)
2019/05/22 16:47:29.130000 git.huoys.com/qp/world/web/get.recordPlayerNum 53 Warning: recordPlayerNum:gameID(10095),arenaID(1),serverID(2),num(0)
2019/05/22 16:47:29.200000 git.huoys.com/qp/world/web/get.recordPlayerNum 53 Warning: recordPlayerNum:gameID(10095),arenaID(1),serverID(1),num(0)
2019/05/22 16:47:29.235000 git.huoys.com/qp/world/web/get.recordPlayerNum 53 Warning: recordPlayerNum:gameID(10095),arenaID(1),serverID(3),num(0)
2019/05/22 16:47:29.254000 git.huoys.com/qp/world/web/get.recordPlayerNum 53 Warning: recordPlayerNum:gameID(10095),arenaID(1),serverID(4),num(0)
2019/05/22 16:47:34.124000 git.huoys.com/qp/world/web/get.recordPlayerNum 53 Warning: recordPlayerNum:gameID(10095),arenaID(1),serverID(2),num(0)
2019/05/22 16:47:34.195000 git.huoys.com/qp/world/web/get.recordPlayerNum 53 Warning: recordPlayerNum:gameID(10095),arenaID(1),serverID(1),num(0)
2019/05/22 16:47:34.235000 git.huoys.com/qp/world/web/get.recordPlayerNum 53 Warning: recordPlayerNum:gameID(10095),arenaID(1),serverID(3),num(0)
2019/05/22 16:47:34.255000 git.huoys.com/qp/world/web/get.recordPlayerNum 53 Warning: recordPlayerNum:gameID(10095),arenaID(1),serverID(4),num(0)
2019/05/22 16:47:39.121000 git.huoys.com/qp/world/web/get.recordPlayerNum 53 Warning: recordPlayerNum:gameID(10095),arenaID(1),serverID(2),num(0)
2019/05/22 16:47:39.205000 git.huoys.com/qp/world/web/get.recordPlayerNum 53 Warning: recordPlayerNum:gameID(10095),arenaID(1),serverID(1),num(0)
2019/05/22 16:47:39.235000 git.huoys.com/qp/world/web/get.recordPlayerNum 53 Warning: recordPlayerNum:gameID(10095),arenaID(1),serverID(3),num(0)
2019/05/22 16:47:39.256000 git.huoys.com/qp/world/web/get.recordPlayerNum 53 Warning: recordPlayerNum:gameID(10095),arenaID(1),serverID(4),num(0)
2019/05/22 16:47:44.134000 git.huoys.com/qp/world/web/get.recordPlayerNum 53 Warning: recordPlayerNum:gameID(10095),arenaID(1),serverID(2),num(0)
2019/05/22 16:47:44.197000 git.huoys.com/qp/world/web/get.recordPlayerNum 53 Warning: recordPlayerNum:gameID(10095),arenaID(1),serverID(1),num(0)
2019/05/22 16:47:44.222000 git.huoys.com/qp/world/web/get.recordPlayerNum 53 Warning: recordPlayerNum:gameID(10095),arenaID(1),serverID(3),num(0)
2019/05/22 16:47:44.257000 git.huoys.com/qp/world/web/get.recordPlayerNum 53 Warning: recordPlayerNum:gameID(10095),arenaID(1),serverID(4),num(0)
2019/05/22 16:47:49.120000 git.huoys.com/qp/world/web/get.recordPlayerNum 53 Warning: recordPlayerNum:gameID(10095),arenaID(1),serverID(2),num(0)
2019/05/22 16:47:49.193000 git.huoys.com/qp/world/web/get.recordPlayerNum 53 Warning: recordPlayerNum:gameID(10095),arenaID(1),serverID(1),num(0)
2019/05/22 16:47:49.233000 git.huoys.com/qp/world/web/get.recordPlayerNum 53 Warning: recordPlayerNum:gameID(10095),arenaID(1),serverID(3),num(0)
2019/05/22 16:47:49.253000 git.huoys.com/qp/world/web/get.recordPlayerNum 53 Warning: recordPlayerNum:gameID(10095),arenaID(1),serverID(4),num(0)
2019/05/22 16:47:54.128000 git.huoys.com/qp/world/web/get.recordPlayerNum 53 Warning: recordPlayerNum:gameID(10095),arenaID(1),serverID(2),num(0)
2019/05/22 16:47:54.197000 git.huoys.com/qp/world/web/get.recordPlayerNum 53 Warning: recordPlayerNum:gameID(10095),arenaID(1),serverID(1),num(0)
2019/05/22 16:47:54.227000 git.huoys.com/qp/world/web/get.recordPlayerNum 53 Warning: recordPlayerNum:gameID(10095),arenaID(1),serverID(3),num(0)
2019/05/22 16:47:54.241000 git.huoys.com/qp/world/web/get.recordPlayerNum 53 Warning: recordPlayerNum:gameID(10095),arenaID(1),serverID(4),num(0)
2019/05/22 16:47:59.126000 git.huoys.com/qp/world/web/get.recordPlayerNum 53 Warning: recordPlayerNum:gameID(10095),arenaID(1),serverID(2),num(0)
2019/05/22 16:47:59.198000 git.huoys.com/qp/world/web/get.recordPlayerNum 53 Warning: recordPlayerNum:gameID(10095),arenaID(1),serverID(1),num(0)
2019/05/22 16:47:59.230000 git.huoys.com/qp/world/web/get.recordPlayerNum 53 Warning: recordPlayerNum:gameID(10095),arenaID(1),serverID(3),num(0)
2019/05/22 16:47:59.256000 git.huoys.com/qp/world/web/get.recordPlayerNum 53 Warning: recordPlayerNum:gameID(10095),arenaID(1),serverID(4),num(0)
2019/05/22 16:48:04.126000 git.huoys.com/qp/world/web/get.recordPlayerNum 53 Warning: recordPlayerNum:gameID(10095),arenaID(1),serverID(2),num(0)
2019/05/22 16:48:04.198000 git.huoys.com/qp/world/web/get.recordPlayerNum 53 Warning: recordPlayerNum:gameID(10095),arenaID(1),serverID(1),num(0)
2019/05/22 16:48:04.225000 git.huoys.com/qp/world/web/get.recordPlayerNum 53 Warning: recordPlayerNum:gameID(10095),arenaID(1),serverID(3),num(0)
2019/05/22 16:48:04.248000 git.huoys.com/qp/world/web/get.recordPlayerNum 53 Warning: recordPlayerNum:gameID(10095),arenaID(1),serverID(4),num(0)
2019/05/22 16:48:09.124000 git.huoys.com/qp/world/web/get.recordPlayerNum 53 Warning: recordPlayerNum:gameID(10095),arenaID(1),serverID(2),num(0)
2019/05/22 16:48:09.196000 git.huoys.com/qp/world/web/get.recordPlayerNum 53 Warning: recordPlayerNum:gameID(10095),arenaID(1),serverID(1),num(0)
2019/05/22 16:48:09.225000 git.huoys.com/qp/world/web/get.recordPlayerNum 53 Warning: recordPlayerNum:gameID(10095),arenaID(1),serverID(3),num(0)
2019/05/22 16:48:09.255000 git.huoys.com/qp/world/web/get.recordPlayerNum 53 Warning: recordPlayerNum:gameID(10095),arenaID(1),serverID(4),num(0)
2019/05/22 16:48:10.984000 git.huoys.com/qp/world/sql/qp.CountPlayer 57 Info: 
	declare @IV_sProcPassword VARCHAR(32);
	declare @IV_siPositionID	SMALLINT;
	declare @IV_iUserCount INT;
	declare @IV_iVisitorCount INT;
	declare @IV_iLimitCount INT;
	declare @IV_UseTable INT;
	declare @IV_FreeTable INT;
	declare @OV_sResult	INT;

	set @IV_sProcPassword='!43$a#@28Foi000C';
	set @IV_siPositionID=10561;
	set @IV_iUserCount=0;
	set @IV_iVisitorCount=0;
	set @IV_iLimitCount=0;
	set @IV_UseTable=0;
	set @IV_FreeTable=0;

	set @OV_sResult=-1;

	exec @OV_sResult = dbo.PrPs_OnLine_HallOnLineLog_Add
	 @IV_sProcPassword,
	 @IV_siPositionID,
	 @IV_iUserCount,
	 @IV_iVisitorCount,
     @IV_iLimitCount,
     @IV_UseTable,
	 @IV_FreeTable;

	 select @OV_sResult;
	
2019/05/22 16:48:10.988000 git.huoys.com/qp/world/sql/qp.CountPlayer 63 Info: CountPlayer: 
	declare @IV_sProcPassword VARCHAR(32);
	declare @IV_siPositionID	SMALLINT;
	declare @IV_iUserCount INT;
	declare @IV_iVisitorCount INT;
	declare @IV_iLimitCount INT;
	declare @IV_UseTable INT;
	declare @IV_FreeTable INT;
	declare @OV_sResult	INT;

	set @IV_sProcPassword='!43$a#@28Foi000C';
	set @IV_siPositionID=10561;
	set @IV_iUserCount=0;
	set @IV_iVisitorCount=0;
	set @IV_iLimitCount=0;
	set @IV_UseTable=0;
	set @IV_FreeTable=0;

	set @OV_sResult=-1;

	exec @OV_sResult = dbo.PrPs_OnLine_HallOnLineLog_Add
	 @IV_sProcPassword,
	 @IV_siPositionID,
	 @IV_iUserCount,
	 @IV_iVisitorCount,
     @IV_iLimitCount,
     @IV_UseTable,
	 @IV_FreeTable;

	 select @OV_sResult;
	.
2019/05/22 16:48:10.994000 git.huoys.com/qp/world/web/get.polling 75 Info: count player(0), gameid(10095), dbarenaid(10561).
2019/05/22 16:48:14.128000 git.huoys.com/qp/world/web/get.recordPlayerNum 53 Warning: recordPlayerNum:gameID(10095),arenaID(1),serverID(2),num(0)
2019/05/22 16:48:14.196000 git.huoys.com/qp/world/web/get.recordPlayerNum 53 Warning: recordPlayerNum:gameID(10095),arenaID(1),serverID(1),num(0)
2019/05/22 16:48:14.226000 git.huoys.com/qp/world/web/get.recordPlayerNum 53 Warning: recordPlayerNum:gameID(10095),arenaID(1),serverID(3),num(0)
2019/05/22 16:48:14.239000 git.huoys.com/qp/world/web/get.recordPlayerNum 53 Warning: recordPlayerNum:gameID(10095),arenaID(1),serverID(4),num(0)
2019/05/22 16:48:19.125000 git.huoys.com/qp/world/web/get.recordPlayerNum 53 Warning: recordPlayerNum:gameID(10095),arenaID(1),serverID(2),num(0)
2019/05/22 16:48:19.197000 git.huoys.com/qp/world/web/get.recordPlayerNum 53 Warning: recordPlayerNum:gameID(10095),arenaID(1),serverID(1),num(0)
2019/05/22 16:48:19.227000 git.huoys.com/qp/world/web/get.recordPlayerNum 53 Warning: recordPlayerNum:gameID(10095),arenaID(1),serverID(3),num(0)
2019/05/22 16:48:19.249000 git.huoys.com/qp/world/web/get.recordPlayerNum 53 Warning: recordPlayerNum:gameID(10095),arenaID(1),serverID(4),num(0)
2019/05/22 16:48:24.130000 git.huoys.com/qp/world/web/get.recordPlayerNum 53 Warning: recordPlayerNum:gameID(10095),arenaID(1),serverID(2),num(0)
2019/05/22 16:48:24.201000 git.huoys.com/qp/world/web/get.recordPlayerNum 53 Warning: recordPlayerNum:gameID(10095),arenaID(1),serverID(1),num(0)
2019/05/22 16:48:24.223000 git.huoys.com/qp/world/web/get.recordPlayerNum 53 Warning: recordPlayerNum:gameID(10095),arenaID(1),serverID(3),num(0)
2019/05/22 16:48:24.243000 git.huoys.com/qp/world/web/get.recordPlayerNum 53 Warning: recordPlayerNum:gameID(10095),arenaID(1),serverID(4),num(0)
2019/05/22 16:48:29.126000 git.huoys.com/qp/world/web/get.recordPlayerNum 53 Warning: recordPlayerNum:gameID(10095),arenaID(1),serverID(2),num(0)
2019/05/22 16:48:29.197000 git.huoys.com/qp/world/web/get.recordPlayerNum 53 Warning: recordPlayerNum:gameID(10095),arenaID(1),serverID(1),num(0)
2019/05/22 16:48:29.226000 git.huoys.com/qp/world/web/get.recordPlayerNum 53 Warning: recordPlayerNum:gameID(10095),arenaID(1),serverID(3),num(0)
2019/05/22 16:48:29.245000 git.huoys.com/qp/world/web/get.recordPlayerNum 53 Warning: recordPlayerNum:gameID(10095),arenaID(1),serverID(4),num(0)
2019/05/22 16:48:34.130000 git.huoys.com/qp/world/web/get.recordPlayerNum 53 Warning: recordPlayerNum:gameID(10095),arenaID(1),serverID(2),num(0)
2019/05/22 16:48:34.194000 git.huoys.com/qp/world/web/get.recordPlayerNum 53 Warning: recordPlayerNum:gameID(10095),arenaID(1),serverID(1),num(0)
2019/05/22 16:48:34.225000 git.huoys.com/qp/world/web/get.recordPlayerNum 53 Warning: recordPlayerNum:gameID(10095),arenaID(1),serverID(3),num(0)
2019/05/22 16:48:34.246000 git.huoys.com/qp/world/web/get.recordPlayerNum 53 Warning: recordPlayerNum:gameID(10095),arenaID(1),serverID(4),num(0)
2019/05/22 16:48:39.130000 git.huoys.com/qp/world/web/get.recordPlayerNum 53 Warning: recordPlayerNum:gameID(10095),arenaID(1),serverID(2),num(0)
2019/05/22 16:48:39.193000 git.huoys.com/qp/world/web/get.recordPlayerNum 53 Warning: recordPlayerNum:gameID(10095),arenaID(1),serverID(1),num(0)
2019/05/22 16:48:39.223000 git.huoys.com/qp/world/web/get.recordPlayerNum 53 Warning: recordPlayerNum:gameID(10095),arenaID(1),serverID(3),num(0)
2019/05/22 16:48:39.244000 git.huoys.com/qp/world/web/get.recordPlayerNum 53 Warning: recordPlayerNum:gameID(10095),arenaID(1),serverID(4),num(0)
2019/05/22 16:48:44.130000 git.huoys.com/qp/world/web/get.recordPlayerNum 53 Warning: recordPlayerNum:gameID(10095),arenaID(1),serverID(2),num(0)
2019/05/22 16:48:44.193000 git.huoys.com/qp/world/web/get.recordPlayerNum 53 Warning: recordPlayerNum:gameID(10095),arenaID(1),serverID(1),num(0)
2019/05/22 16:48:44.224000 git.huoys.com/qp/world/web/get.recordPlayerNum 53 Warning: recordPlayerNum:gameID(10095),arenaID(1),serverID(3),num(0)
2019/05/22 16:48:44.243000 git.huoys.com/qp/world/web/get.recordPlayerNum 53 Warning: recordPlayerNum:gameID(10095),arenaID(1),serverID(4),num(0)
2019/05/22 16:48:49.127000 git.huoys.com/qp/world/web/get.recordPlayerNum 53 Warning: recordPlayerNum:gameID(10095),arenaID(1),serverID(2),num(0)
2019/05/22 16:48:49.201000 git.huoys.com/qp/world/web/get.recordPlayerNum 53 Warning: recordPlayerNum:gameID(10095),arenaID(1),serverID(1),num(0)
2019/05/22 16:48:49.226000 git.huoys.com/qp/world/web/get.recordPlayerNum 53 Warning: recordPlayerNum:gameID(10095),arenaID(1),serverID(3),num(0)
2019/05/22 16:48:49.251000 git.huoys.com/qp/world/web/get.recordPlayerNum 53 Warning: recordPlayerNum:gameID(10095),arenaID(1),serverID(4),num(0)
2019/05/22 16:48:54.127000 git.huoys.com/qp/world/web/get.recordPlayerNum 53 Warning: recordPlayerNum:gameID(10095),arenaID(1),serverID(2),num(0)
2019/05/22 16:48:54.202000 git.huoys.com/qp/world/web/get.recordPlayerNum 53 Warning: recordPlayerNum:gameID(10095),arenaID(1),serverID(1),num(0)
2019/05/22 16:48:54.232000 git.huoys.com/qp/world/web/get.recordPlayerNum 53 Warning: recordPlayerNum:gameID(10095),arenaID(1),serverID(3),num(0)
2019/05/22 16:48:54.251000 git.huoys.com/qp/world/web/get.recordPlayerNum 53 Warning: recordPlayerNum:gameID(10095),arenaID(1),serverID(4),num(0)
2019/05/22 16:48:59.125000 git.huoys.com/qp/world/web/get.recordPlayerNum 53 Warning: recordPlayerNum:gameID(10095),arenaID(1),serverID(2),num(0)
2019/05/22 16:48:59.198000 git.huoys.com/qp/world/web/get.recordPlayerNum 53 Warning: recordPlayerNum:gameID(10095),arenaID(1),serverID(1),num(0)
2019/05/22 16:48:59.228000 git.huoys.com/qp/world/web/get.recordPlayerNum 53 Warning: recordPlayerNum:gameID(10095),arenaID(1),serverID(3),num(0)
2019/05/22 16:48:59.248000 git.huoys.com/qp/world/web/get.recordPlayerNum 53 Warning: recordPlayerNum:gameID(10095),arenaID(1),serverID(4),num(0)
2019/05/22 16:49:04.125000 git.huoys.com/qp/world/web/get.recordPlayerNum 53 Warning: recordPlayerNum:gameID(10095),arenaID(1),serverID(2),num(0)
2019/05/22 16:49:04.203000 git.huoys.com/qp/world/web/get.recordPlayerNum 53 Warning: recordPlayerNum:gameID(10095),arenaID(1),serverID(1),num(0)
2019/05/22 16:49:04.227000 git.huoys.com/qp/world/web/get.recordPlayerNum 53 Warning: recordPlayerNum:gameID(10095),arenaID(1),serverID(3),num(0)
2019/05/22 16:49:04.250000 git.huoys.com/qp/world/web/get.recordPlayerNum 53 Warning: recordPlayerNum:gameID(10095),arenaID(1),serverID(4),num(0)
2019/05/22 16:49:09.127000 git.huoys.com/qp/world/web/get.recordPlayerNum 53 Warning: recordPlayerNum:gameID(10095),arenaID(1),serverID(2),num(0)
2019/05/22 16:49:09.196000 git.huoys.com/qp/world/web/get.recordPlayerNum 53 Warning: recordPlayerNum:gameID(10095),arenaID(1),serverID(1),num(0)
2019/05/22 16:49:09.227000 git.huoys.com/qp/world/web/get.recordPlayerNum 53 Warning: recordPlayerNum:gameID(10095),arenaID(1),serverID(3),num(0)
2019/05/22 16:49:09.248000 git.huoys.com/qp/world/web/get.recordPlayerNum 53 Warning: recordPlayerNum:gameID(10095),arenaID(1),serverID(4),num(0)
2019/05/22 16:49:10.984000 git.huoys.com/qp/world/sql/qp.CountPlayer 57 Info: 
	declare @IV_sProcPassword VARCHAR(32);
	declare @IV_siPositionID	SMALLINT;
	declare @IV_iUserCount INT;
	declare @IV_iVisitorCount INT;
	declare @IV_iLimitCount INT;
	declare @IV_UseTable INT;
	declare @IV_FreeTable INT;
	declare @OV_sResult	INT;

	set @IV_sProcPassword='!43$a#@28Foi000C';
	set @IV_siPositionID=10561;
	set @IV_iUserCount=0;
	set @IV_iVisitorCount=0;
	set @IV_iLimitCount=0;
	set @IV_UseTable=0;
	set @IV_FreeTable=0;

	set @OV_sResult=-1;

	exec @OV_sResult = dbo.PrPs_OnLine_HallOnLineLog_Add
	 @IV_sProcPassword,
	 @IV_siPositionID,
	 @IV_iUserCount,
	 @IV_iVisitorCount,
     @IV_iLimitCount,
     @IV_UseTable,
	 @IV_FreeTable;

	 select @OV_sResult;
	
2019/05/22 16:49:10.991000 git.huoys.com/qp/world/sql/qp.CountPlayer 63 Info: CountPlayer: 
	declare @IV_sProcPassword VARCHAR(32);
	declare @IV_siPositionID	SMALLINT;
	declare @IV_iUserCount INT;
	declare @IV_iVisitorCount INT;
	declare @IV_iLimitCount INT;
	declare @IV_UseTable INT;
	declare @IV_FreeTable INT;
	declare @OV_sResult	INT;

	set @IV_sProcPassword='!43$a#@28Foi000C';
	set @IV_siPositionID=10561;
	set @IV_iUserCount=0;
	set @IV_iVisitorCount=0;
	set @IV_iLimitCount=0;
	set @IV_UseTable=0;
	set @IV_FreeTable=0;

	set @OV_sResult=-1;

	exec @OV_sResult = dbo.PrPs_OnLine_HallOnLineLog_Add
	 @IV_sProcPassword,
	 @IV_siPositionID,
	 @IV_iUserCount,
	 @IV_iVisitorCount,
     @IV_iLimitCount,
     @IV_UseTable,
	 @IV_FreeTable;

	 select @OV_sResult;
	.
2019/05/22 16:49:10.997000 git.huoys.com/qp/world/web/get.polling 75 Info: count player(0), gameid(10095), dbarenaid(10561).
