2019/05/11 14:40:49.597200 git.huoys.com/qp/world/sql/casino.ConnectDB 107 Info: connectionString:sqlserver://SYGameServer:QP%21&%2532456%40@113.106.164.43:32960?connection+timeout=30&database=SY_Money.
2019/05/11 14:40:49.601200 git.huoys.com/qp/world/web.acceptHTTPSRequest 101 Info: Https server listen at:0.0.0.0:8200
2019/05/11 14:40:49.632200 git.huoys.com/qp/world/sql/casino.ConnectDB 121 Info: DB SY_Money (113.106.164.43:32960) connected.
2019/05/11 14:40:49.632200 git.huoys.com/qp/world/sql/casino.ConnectDB 107 Info: connectionString:sqlserver://SYGameServer:QP%21&%2532456%40@113.106.164.43:32960?connection+timeout=30&database=CYMoney.
2019/05/11 14:40:49.650200 git.huoys.com/qp/world/sql/casino.ConnectDB 121 Info: DB CYMoney (113.106.164.43:32960) connected.
2019/05/11 14:40:49.650200 git.huoys.com/qp/world/sql/casino.ConnectDB 107 Info: connectionString:sqlserver://SYGameServer:QP%21&%2532456%40@113.106.164.43:32960?connection+timeout=30&database=Passport.
2019/05/11 14:40:49.665200 git.huoys.com/qp/world/sql/casino.ConnectDB 121 Info: DB Passport (113.106.164.43:32960) connected.
2019/05/11 14:40:49.666200 git.huoys.com/qp/world/sql/casino.ConnectDB 107 Info: connectionString:sqlserver://SYGameServer:QP%21&%2532456%40@113.106.164.43:32960?connection+timeout=30&database=sy_gamecenter.
2019/05/11 14:40:49.699200 git.huoys.com/qp/world/sql/casino.ConnectDB 121 Info: DB sy_gamecenter (113.106.164.43:32960) connected.
2019/05/11 14:40:49.699200 git.huoys.com/qp/world/sql/casino.ConnectDB 107 Info: connectionString:sqlserver://SYGameServer:QP%21&%2532456%40@113.106.164.43:32960?connection+timeout=30&database=gamecenter.
2019/05/11 14:40:49.750200 git.huoys.com/qp/world/sql/casino.ConnectDB 121 Info: DB gamecenter (113.106.164.43:32960) connected.
2019/05/11 14:40:49.752200 git.huoys.com/qp/world/sql/casino.ConnectDB 107 Info: connectionString:sqlserver://SYGameServer:QP%21&%2532456%40@113.106.164.43:32960?connection+timeout=30&database=sy_recpergame.
2019/05/11 14:40:49.773200 git.huoys.com/qp/world/sql/casino.ConnectDB 121 Info: DB sy_recpergame (113.106.164.43:32960) connected.
2019/05/11 14:40:49.774200 git.huoys.com/qp/world/sql/casino.ConnectDB 107 Info: connectionString:sqlserver://SYGameServer:QP%21&%2532456%40@113.106.164.43:32960?connection+timeout=30&database=SY_AgentSystem.
2019/05/11 14:40:49.791200 git.huoys.com/qp/world/sql/casino.ConnectDB 121 Info: DB SY_AgentSystem (113.106.164.43:32960) connected.
2019/05/11 14:40:49.798200 git.huoys.com/qp/world/sql/qp.startRoom 163 Info: 
	declare @IV_sProcPassword VARCHAR(32);
	declare @IV_siGameID	INT;
	declare @IV_siPositionID	SMALLINT;
	declare @IV_sServerName	varchar(64);
	declare @IV_sServerIP	varchar(15);
	declare @IV_sConfig	varchar(2048);
	declare @OV_bIsCreate	BIT;
	declare @OV_siServerID	SMALLINT;
	declare @OV_sReturnMsg	VARCHAR(128);
	declare @OV_TableFee	VARCHAR(100);
	declare @OV_sResult	INT;

	set @IV_sProcPassword='!43$a#@28Foi000C';
	set @IV_siGameID=10086;
	set @IV_siPositionID=10541;
	set @IV_sServerName='Room_10086_10541_1_1';
	set @IV_sServerIP='172.12.10.126';
	set @IV_sConfig='';

	set @OV_sResult=-1;
	set @OV_sReturnMsg='';
	
	exec @OV_sResult = PrPs_ServerInfo_StartServer
	 @IV_sProcPassword,
	 @IV_siGameID,
	 @IV_siPositionID,
	 @IV_sServerName,
	 @IV_sServerIP,
	 @IV_sConfig,
	 @OV_bIsCreate out,
	 @OV_siServerID out,
	 @OV_sReturnMsg out,
	 @OV_TableFee out;

	select @OV_sResult,@OV_siServerID, @OV_sReturnMsg;
	
2019/05/11 14:40:49.861200 git.huoys.com/qp/world/sql/qp.startRoom 190 Info: database start room(10086)(1)(1)(585) sucess.
2019/05/11 14:40:49.866200 git.huoys.com/qp/world/sql/qp.startRoom 163 Info: 
	declare @IV_sProcPassword VARCHAR(32);
	declare @IV_siGameID	INT;
	declare @IV_siPositionID	SMALLINT;
	declare @IV_sServerName	varchar(64);
	declare @IV_sServerIP	varchar(15);
	declare @IV_sConfig	varchar(2048);
	declare @OV_bIsCreate	BIT;
	declare @OV_siServerID	SMALLINT;
	declare @OV_sReturnMsg	VARCHAR(128);
	declare @OV_TableFee	VARCHAR(100);
	declare @OV_sResult	INT;

	set @IV_sProcPassword='!43$a#@28Foi000C';
	set @IV_siGameID=10077;
	set @IV_siPositionID=10361;
	set @IV_sServerName='Room_10077_10361_1_1';
	set @IV_sServerIP='172.12.10.126';
	set @IV_sConfig='';

	set @OV_sResult=-1;
	set @OV_sReturnMsg='';
	
	exec @OV_sResult = PrPs_ServerInfo_StartServer
	 @IV_sProcPassword,
	 @IV_siGameID,
	 @IV_siPositionID,
	 @IV_sServerName,
	 @IV_sServerIP,
	 @IV_sConfig,
	 @OV_bIsCreate out,
	 @OV_siServerID out,
	 @OV_sReturnMsg out,
	 @OV_TableFee out;

	select @OV_sResult,@OV_siServerID, @OV_sReturnMsg;
	
2019/05/11 14:40:49.871200 git.huoys.com/qp/world/sql/qp.startRoom 190 Info: database start room(10077)(1)(1)(579) sucess.
2019/05/11 14:40:49.876200 git.huoys.com/qp/world/sql/qp.startRoom 163 Info: 
	declare @IV_sProcPassword VARCHAR(32);
	declare @IV_siGameID	INT;
	declare @IV_siPositionID	SMALLINT;
	declare @IV_sServerName	varchar(64);
	declare @IV_sServerIP	varchar(15);
	declare @IV_sConfig	varchar(2048);
	declare @OV_bIsCreate	BIT;
	declare @OV_siServerID	SMALLINT;
	declare @OV_sReturnMsg	VARCHAR(128);
	declare @OV_TableFee	VARCHAR(100);
	declare @OV_sResult	INT;

	set @IV_sProcPassword='!43$a#@28Foi000C';
	set @IV_siGameID=10077;
	set @IV_siPositionID=10361;
	set @IV_sServerName='Room_10077_10361_2_2';
	set @IV_sServerIP='172.12.10.126';
	set @IV_sConfig='';

	set @OV_sResult=-1;
	set @OV_sReturnMsg='';
	
	exec @OV_sResult = PrPs_ServerInfo_StartServer
	 @IV_sProcPassword,
	 @IV_siGameID,
	 @IV_siPositionID,
	 @IV_sServerName,
	 @IV_sServerIP,
	 @IV_sConfig,
	 @OV_bIsCreate out,
	 @OV_siServerID out,
	 @OV_sReturnMsg out,
	 @OV_TableFee out;

	select @OV_sResult,@OV_siServerID, @OV_sReturnMsg;
	
2019/05/11 14:40:49.886200 git.huoys.com/qp/world/sql/qp.startRoom 190 Info: database start room(10077)(2)(2)(583) sucess.
2019/05/11 14:40:49.891200 git.huoys.com/qp/world/sql/qp.startRoom 163 Info: 
	declare @IV_sProcPassword VARCHAR(32);
	declare @IV_siGameID	INT;
	declare @IV_siPositionID	SMALLINT;
	declare @IV_sServerName	varchar(64);
	declare @IV_sServerIP	varchar(15);
	declare @IV_sConfig	varchar(2048);
	declare @OV_bIsCreate	BIT;
	declare @OV_siServerID	SMALLINT;
	declare @OV_sReturnMsg	VARCHAR(128);
	declare @OV_TableFee	VARCHAR(100);
	declare @OV_sResult	INT;

	set @IV_sProcPassword='!43$a#@28Foi000C';
	set @IV_siGameID=10077;
	set @IV_siPositionID=10361;
	set @IV_sServerName='Room_10077_10361_3_3';
	set @IV_sServerIP='172.12.10.126';
	set @IV_sConfig='';

	set @OV_sResult=-1;
	set @OV_sReturnMsg='';
	
	exec @OV_sResult = PrPs_ServerInfo_StartServer
	 @IV_sProcPassword,
	 @IV_siGameID,
	 @IV_siPositionID,
	 @IV_sServerName,
	 @IV_sServerIP,
	 @IV_sConfig,
	 @OV_bIsCreate out,
	 @OV_siServerID out,
	 @OV_sReturnMsg out,
	 @OV_TableFee out;

	select @OV_sResult,@OV_siServerID, @OV_sReturnMsg;
	
2019/05/11 14:40:49.896200 git.huoys.com/qp/world/sql/qp.startRoom 190 Info: database start room(10077)(3)(3)(609) sucess.
2019/05/11 14:40:49.901200 git.huoys.com/qp/world/sql/qp.startRoom 163 Info: 
	declare @IV_sProcPassword VARCHAR(32);
	declare @IV_siGameID	INT;
	declare @IV_siPositionID	SMALLINT;
	declare @IV_sServerName	varchar(64);
	declare @IV_sServerIP	varchar(15);
	declare @IV_sConfig	varchar(2048);
	declare @OV_bIsCreate	BIT;
	declare @OV_siServerID	SMALLINT;
	declare @OV_sReturnMsg	VARCHAR(128);
	declare @OV_TableFee	VARCHAR(100);
	declare @OV_sResult	INT;

	set @IV_sProcPassword='!43$a#@28Foi000C';
	set @IV_siGameID=10077;
	set @IV_siPositionID=10361;
	set @IV_sServerName='Room_10077_10361_4_4';
	set @IV_sServerIP='172.12.10.126';
	set @IV_sConfig='';

	set @OV_sResult=-1;
	set @OV_sReturnMsg='';
	
	exec @OV_sResult = PrPs_ServerInfo_StartServer
	 @IV_sProcPassword,
	 @IV_siGameID,
	 @IV_siPositionID,
	 @IV_sServerName,
	 @IV_sServerIP,
	 @IV_sConfig,
	 @OV_bIsCreate out,
	 @OV_siServerID out,
	 @OV_sReturnMsg out,
	 @OV_TableFee out;

	select @OV_sResult,@OV_siServerID, @OV_sReturnMsg;
	
2019/05/11 14:40:49.907200 git.huoys.com/qp/world/sql/qp.startRoom 190 Info: database start room(10077)(4)(4)(613) sucess.
2019/05/11 14:40:49.912200 git.huoys.com/qp/world/sql/qp.startRoom 163 Info: 
	declare @IV_sProcPassword VARCHAR(32);
	declare @IV_siGameID	INT;
	declare @IV_siPositionID	SMALLINT;
	declare @IV_sServerName	varchar(64);
	declare @IV_sServerIP	varchar(15);
	declare @IV_sConfig	varchar(2048);
	declare @OV_bIsCreate	BIT;
	declare @OV_siServerID	SMALLINT;
	declare @OV_sReturnMsg	VARCHAR(128);
	declare @OV_TableFee	VARCHAR(100);
	declare @OV_sResult	INT;

	set @IV_sProcPassword='!43$a#@28Foi000C';
	set @IV_siGameID=10059;
	set @IV_siPositionID=10271;
	set @IV_sServerName='Room_10059_10271_2_1';
	set @IV_sServerIP='172.12.10.126';
	set @IV_sConfig='';

	set @OV_sResult=-1;
	set @OV_sReturnMsg='';
	
	exec @OV_sResult = PrPs_ServerInfo_StartServer
	 @IV_sProcPassword,
	 @IV_siGameID,
	 @IV_siPositionID,
	 @IV_sServerName,
	 @IV_sServerIP,
	 @IV_sConfig,
	 @OV_bIsCreate out,
	 @OV_siServerID out,
	 @OV_sReturnMsg out,
	 @OV_TableFee out;

	select @OV_sResult,@OV_siServerID, @OV_sReturnMsg;
	
2019/05/11 14:40:49.950200 git.huoys.com/qp/world/sql/qp.startRoom 190 Info: database start room(10059)(2)(1)(566) sucess.
2019/05/11 14:40:49.954200 git.huoys.com/qp/world/sql/qp.startRoom 163 Info: 
	declare @IV_sProcPassword VARCHAR(32);
	declare @IV_siGameID	INT;
	declare @IV_siPositionID	SMALLINT;
	declare @IV_sServerName	varchar(64);
	declare @IV_sServerIP	varchar(15);
	declare @IV_sConfig	varchar(2048);
	declare @OV_bIsCreate	BIT;
	declare @OV_siServerID	SMALLINT;
	declare @OV_sReturnMsg	VARCHAR(128);
	declare @OV_TableFee	VARCHAR(100);
	declare @OV_sResult	INT;

	set @IV_sProcPassword='!43$a#@28Foi000C';
	set @IV_siGameID=10059;
	set @IV_siPositionID=10271;
	set @IV_sServerName='Room_10059_10271_2_2';
	set @IV_sServerIP='172.12.10.126';
	set @IV_sConfig='';

	set @OV_sResult=-1;
	set @OV_sReturnMsg='';
	
	exec @OV_sResult = PrPs_ServerInfo_StartServer
	 @IV_sProcPassword,
	 @IV_siGameID,
	 @IV_siPositionID,
	 @IV_sServerName,
	 @IV_sServerIP,
	 @IV_sConfig,
	 @OV_bIsCreate out,
	 @OV_siServerID out,
	 @OV_sReturnMsg out,
	 @OV_TableFee out;

	select @OV_sResult,@OV_siServerID, @OV_sReturnMsg;
	
2019/05/11 14:40:49.965200 git.huoys.com/qp/world/sql/qp.startRoom 190 Info: database start room(10059)(2)(2)(567) sucess.
2019/05/11 14:40:49.969200 git.huoys.com/qp/world/sql/qp.startRoom 163 Info: 
	declare @IV_sProcPassword VARCHAR(32);
	declare @IV_siGameID	INT;
	declare @IV_siPositionID	SMALLINT;
	declare @IV_sServerName	varchar(64);
	declare @IV_sServerIP	varchar(15);
	declare @IV_sConfig	varchar(2048);
	declare @OV_bIsCreate	BIT;
	declare @OV_siServerID	SMALLINT;
	declare @OV_sReturnMsg	VARCHAR(128);
	declare @OV_TableFee	VARCHAR(100);
	declare @OV_sResult	INT;

	set @IV_sProcPassword='!43$a#@28Foi000C';
	set @IV_siGameID=10059;
	set @IV_siPositionID=10271;
	set @IV_sServerName='Room_10059_10271_2_3';
	set @IV_sServerIP='172.12.10.126';
	set @IV_sConfig='';

	set @OV_sResult=-1;
	set @OV_sReturnMsg='';
	
	exec @OV_sResult = PrPs_ServerInfo_StartServer
	 @IV_sProcPassword,
	 @IV_siGameID,
	 @IV_siPositionID,
	 @IV_sServerName,
	 @IV_sServerIP,
	 @IV_sConfig,
	 @OV_bIsCreate out,
	 @OV_siServerID out,
	 @OV_sReturnMsg out,
	 @OV_TableFee out;

	select @OV_sResult,@OV_siServerID, @OV_sReturnMsg;
	
2019/05/11 14:40:50.015200 git.huoys.com/qp/world/sql/qp.startRoom 190 Info: database start room(10059)(2)(3)(568) sucess.
2019/05/11 14:40:50.029200 git.huoys.com/qp/world/sql/qp.startRoom 163 Info: 
	declare @IV_sProcPassword VARCHAR(32);
	declare @IV_siGameID	INT;
	declare @IV_siPositionID	SMALLINT;
	declare @IV_sServerName	varchar(64);
	declare @IV_sServerIP	varchar(15);
	declare @IV_sConfig	varchar(2048);
	declare @OV_bIsCreate	BIT;
	declare @OV_siServerID	SMALLINT;
	declare @OV_sReturnMsg	VARCHAR(128);
	declare @OV_TableFee	VARCHAR(100);
	declare @OV_sResult	INT;

	set @IV_sProcPassword='!43$a#@28Foi000C';
	set @IV_siGameID=10059;
	set @IV_siPositionID=10271;
	set @IV_sServerName='Room_10059_10271_3_1';
	set @IV_sServerIP='172.12.10.126';
	set @IV_sConfig='';

	set @OV_sResult=-1;
	set @OV_sReturnMsg='';
	
	exec @OV_sResult = PrPs_ServerInfo_StartServer
	 @IV_sProcPassword,
	 @IV_siGameID,
	 @IV_siPositionID,
	 @IV_sServerName,
	 @IV_sServerIP,
	 @IV_sConfig,
	 @OV_bIsCreate out,
	 @OV_siServerID out,
	 @OV_sReturnMsg out,
	 @OV_TableFee out;

	select @OV_sResult,@OV_siServerID, @OV_sReturnMsg;
	
2019/05/11 14:40:50.057200 git.huoys.com/qp/world/sql/qp.startRoom 190 Info: database start room(10059)(3)(1)(569) sucess.
2019/05/11 14:40:50.067200 git.huoys.com/qp/world/sql/qp.startRoom 163 Info: 
	declare @IV_sProcPassword VARCHAR(32);
	declare @IV_siGameID	INT;
	declare @IV_siPositionID	SMALLINT;
	declare @IV_sServerName	varchar(64);
	declare @IV_sServerIP	varchar(15);
	declare @IV_sConfig	varchar(2048);
	declare @OV_bIsCreate	BIT;
	declare @OV_siServerID	SMALLINT;
	declare @OV_sReturnMsg	VARCHAR(128);
	declare @OV_TableFee	VARCHAR(100);
	declare @OV_sResult	INT;

	set @IV_sProcPassword='!43$a#@28Foi000C';
	set @IV_siGameID=10059;
	set @IV_siPositionID=10271;
	set @IV_sServerName='Room_10059_10271_3_2';
	set @IV_sServerIP='172.12.10.126';
	set @IV_sConfig='';

	set @OV_sResult=-1;
	set @OV_sReturnMsg='';
	
	exec @OV_sResult = PrPs_ServerInfo_StartServer
	 @IV_sProcPassword,
	 @IV_siGameID,
	 @IV_siPositionID,
	 @IV_sServerName,
	 @IV_sServerIP,
	 @IV_sConfig,
	 @OV_bIsCreate out,
	 @OV_siServerID out,
	 @OV_sReturnMsg out,
	 @OV_TableFee out;

	select @OV_sResult,@OV_siServerID, @OV_sReturnMsg;
	
2019/05/11 14:40:50.076200 git.huoys.com/qp/world/sql/qp.startRoom 190 Info: database start room(10059)(3)(2)(570) sucess.
2019/05/11 14:40:50.085200 git.huoys.com/qp/world/sql/qp.startRoom 163 Info: 
	declare @IV_sProcPassword VARCHAR(32);
	declare @IV_siGameID	INT;
	declare @IV_siPositionID	SMALLINT;
	declare @IV_sServerName	varchar(64);
	declare @IV_sServerIP	varchar(15);
	declare @IV_sConfig	varchar(2048);
	declare @OV_bIsCreate	BIT;
	declare @OV_siServerID	SMALLINT;
	declare @OV_sReturnMsg	VARCHAR(128);
	declare @OV_TableFee	VARCHAR(100);
	declare @OV_sResult	INT;

	set @IV_sProcPassword='!43$a#@28Foi000C';
	set @IV_siGameID=10059;
	set @IV_siPositionID=10271;
	set @IV_sServerName='Room_10059_10271_3_3';
	set @IV_sServerIP='172.12.10.126';
	set @IV_sConfig='';

	set @OV_sResult=-1;
	set @OV_sReturnMsg='';
	
	exec @OV_sResult = PrPs_ServerInfo_StartServer
	 @IV_sProcPassword,
	 @IV_siGameID,
	 @IV_siPositionID,
	 @IV_sServerName,
	 @IV_sServerIP,
	 @IV_sConfig,
	 @OV_bIsCreate out,
	 @OV_siServerID out,
	 @OV_sReturnMsg out,
	 @OV_TableFee out;

	select @OV_sResult,@OV_siServerID, @OV_sReturnMsg;
	
2019/05/11 14:40:50.095200 git.huoys.com/qp/world/sql/qp.startRoom 190 Info: database start room(10059)(3)(3)(571) sucess.
2019/05/11 14:40:50.106200 git.huoys.com/qp/world/sql/qp.startRoom 163 Info: 
	declare @IV_sProcPassword VARCHAR(32);
	declare @IV_siGameID	INT;
	declare @IV_siPositionID	SMALLINT;
	declare @IV_sServerName	varchar(64);
	declare @IV_sServerIP	varchar(15);
	declare @IV_sConfig	varchar(2048);
	declare @OV_bIsCreate	BIT;
	declare @OV_siServerID	SMALLINT;
	declare @OV_sReturnMsg	VARCHAR(128);
	declare @OV_TableFee	VARCHAR(100);
	declare @OV_sResult	INT;

	set @IV_sProcPassword='!43$a#@28Foi000C';
	set @IV_siGameID=10059;
	set @IV_siPositionID=10271;
	set @IV_sServerName='Room_10059_10271_4_1';
	set @IV_sServerIP='172.12.10.126';
	set @IV_sConfig='';

	set @OV_sResult=-1;
	set @OV_sReturnMsg='';
	
	exec @OV_sResult = PrPs_ServerInfo_StartServer
	 @IV_sProcPassword,
	 @IV_siGameID,
	 @IV_siPositionID,
	 @IV_sServerName,
	 @IV_sServerIP,
	 @IV_sConfig,
	 @OV_bIsCreate out,
	 @OV_siServerID out,
	 @OV_sReturnMsg out,
	 @OV_TableFee out;

	select @OV_sResult,@OV_siServerID, @OV_sReturnMsg;
	
2019/05/11 14:40:50.115200 git.huoys.com/qp/world/sql/qp.startRoom 190 Info: database start room(10059)(4)(1)(572) sucess.
2019/05/11 14:40:50.125200 git.huoys.com/qp/world/sql/qp.startRoom 163 Info: 
	declare @IV_sProcPassword VARCHAR(32);
	declare @IV_siGameID	INT;
	declare @IV_siPositionID	SMALLINT;
	declare @IV_sServerName	varchar(64);
	declare @IV_sServerIP	varchar(15);
	declare @IV_sConfig	varchar(2048);
	declare @OV_bIsCreate	BIT;
	declare @OV_siServerID	SMALLINT;
	declare @OV_sReturnMsg	VARCHAR(128);
	declare @OV_TableFee	VARCHAR(100);
	declare @OV_sResult	INT;

	set @IV_sProcPassword='!43$a#@28Foi000C';
	set @IV_siGameID=10059;
	set @IV_siPositionID=10271;
	set @IV_sServerName='Room_10059_10271_4_2';
	set @IV_sServerIP='172.12.10.126';
	set @IV_sConfig='';

	set @OV_sResult=-1;
	set @OV_sReturnMsg='';
	
	exec @OV_sResult = PrPs_ServerInfo_StartServer
	 @IV_sProcPassword,
	 @IV_siGameID,
	 @IV_siPositionID,
	 @IV_sServerName,
	 @IV_sServerIP,
	 @IV_sConfig,
	 @OV_bIsCreate out,
	 @OV_siServerID out,
	 @OV_sReturnMsg out,
	 @OV_TableFee out;

	select @OV_sResult,@OV_siServerID, @OV_sReturnMsg;
	
2019/05/11 14:40:50.151200 git.huoys.com/qp/world/sql/qp.startRoom 190 Info: database start room(10059)(4)(2)(573) sucess.
2019/05/11 14:40:50.160200 git.huoys.com/qp/world/sql/qp.startRoom 163 Info: 
	declare @IV_sProcPassword VARCHAR(32);
	declare @IV_siGameID	INT;
	declare @IV_siPositionID	SMALLINT;
	declare @IV_sServerName	varchar(64);
	declare @IV_sServerIP	varchar(15);
	declare @IV_sConfig	varchar(2048);
	declare @OV_bIsCreate	BIT;
	declare @OV_siServerID	SMALLINT;
	declare @OV_sReturnMsg	VARCHAR(128);
	declare @OV_TableFee	VARCHAR(100);
	declare @OV_sResult	INT;

	set @IV_sProcPassword='!43$a#@28Foi000C';
	set @IV_siGameID=10059;
	set @IV_siPositionID=10271;
	set @IV_sServerName='Room_10059_10271_4_3';
	set @IV_sServerIP='172.12.10.126';
	set @IV_sConfig='';

	set @OV_sResult=-1;
	set @OV_sReturnMsg='';
	
	exec @OV_sResult = PrPs_ServerInfo_StartServer
	 @IV_sProcPassword,
	 @IV_siGameID,
	 @IV_siPositionID,
	 @IV_sServerName,
	 @IV_sServerIP,
	 @IV_sConfig,
	 @OV_bIsCreate out,
	 @OV_siServerID out,
	 @OV_sReturnMsg out,
	 @OV_TableFee out;

	select @OV_sResult,@OV_siServerID, @OV_sReturnMsg;
	
2019/05/11 14:40:50.167200 git.huoys.com/qp/world/sql/qp.startRoom 190 Info: database start room(10059)(4)(3)(574) sucess.
2019/05/11 14:40:50.176200 git.huoys.com/qp/world/sql/qp.startRoom 163 Info: 
	declare @IV_sProcPassword VARCHAR(32);
	declare @IV_siGameID	INT;
	declare @IV_siPositionID	SMALLINT;
	declare @IV_sServerName	varchar(64);
	declare @IV_sServerIP	varchar(15);
	declare @IV_sConfig	varchar(2048);
	declare @OV_bIsCreate	BIT;
	declare @OV_siServerID	SMALLINT;
	declare @OV_sReturnMsg	VARCHAR(128);
	declare @OV_TableFee	VARCHAR(100);
	declare @OV_sResult	INT;

	set @IV_sProcPassword='!43$a#@28Foi000C';
	set @IV_siGameID=10095;
	set @IV_siPositionID=10561;
	set @IV_sServerName='Room_10095_10561_1_1';
	set @IV_sServerIP='172.12.10.126';
	set @IV_sConfig='';

	set @OV_sResult=-1;
	set @OV_sReturnMsg='';
	
	exec @OV_sResult = PrPs_ServerInfo_StartServer
	 @IV_sProcPassword,
	 @IV_siGameID,
	 @IV_siPositionID,
	 @IV_sServerName,
	 @IV_sServerIP,
	 @IV_sConfig,
	 @OV_bIsCreate out,
	 @OV_siServerID out,
	 @OV_sReturnMsg out,
	 @OV_TableFee out;

	select @OV_sResult,@OV_siServerID, @OV_sReturnMsg;
	
2019/05/11 14:40:50.191200 git.huoys.com/qp/world/sql/qp.startRoom 190 Info: database start room(10095)(1)(1)(586) sucess.
2019/05/11 14:40:50.202200 git.huoys.com/qp/world/sql/qp.startRoom 163 Info: 
	declare @IV_sProcPassword VARCHAR(32);
	declare @IV_siGameID	INT;
	declare @IV_siPositionID	SMALLINT;
	declare @IV_sServerName	varchar(64);
	declare @IV_sServerIP	varchar(15);
	declare @IV_sConfig	varchar(2048);
	declare @OV_bIsCreate	BIT;
	declare @OV_siServerID	SMALLINT;
	declare @OV_sReturnMsg	VARCHAR(128);
	declare @OV_TableFee	VARCHAR(100);
	declare @OV_sResult	INT;

	set @IV_sProcPassword='!43$a#@28Foi000C';
	set @IV_siGameID=10095;
	set @IV_siPositionID=10561;
	set @IV_sServerName='Room_10095_10561_1_2';
	set @IV_sServerIP='172.12.10.126';
	set @IV_sConfig='';

	set @OV_sResult=-1;
	set @OV_sReturnMsg='';
	
	exec @OV_sResult = PrPs_ServerInfo_StartServer
	 @IV_sProcPassword,
	 @IV_siGameID,
	 @IV_siPositionID,
	 @IV_sServerName,
	 @IV_sServerIP,
	 @IV_sConfig,
	 @OV_bIsCreate out,
	 @OV_siServerID out,
	 @OV_sReturnMsg out,
	 @OV_TableFee out;

	select @OV_sResult,@OV_siServerID, @OV_sReturnMsg;
	
2019/05/11 14:40:50.267200 git.huoys.com/qp/world/sql/qp.startRoom 190 Info: database start room(10095)(1)(2)(587) sucess.
2019/05/11 14:40:50.281200 git.huoys.com/qp/world/sql/qp.startRoom 163 Info: 
	declare @IV_sProcPassword VARCHAR(32);
	declare @IV_siGameID	INT;
	declare @IV_siPositionID	SMALLINT;
	declare @IV_sServerName	varchar(64);
	declare @IV_sServerIP	varchar(15);
	declare @IV_sConfig	varchar(2048);
	declare @OV_bIsCreate	BIT;
	declare @OV_siServerID	SMALLINT;
	declare @OV_sReturnMsg	VARCHAR(128);
	declare @OV_TableFee	VARCHAR(100);
	declare @OV_sResult	INT;

	set @IV_sProcPassword='!43$a#@28Foi000C';
	set @IV_siGameID=10095;
	set @IV_siPositionID=10561;
	set @IV_sServerName='Room_10095_10561_1_3';
	set @IV_sServerIP='172.12.10.126';
	set @IV_sConfig='';

	set @OV_sResult=-1;
	set @OV_sReturnMsg='';
	
	exec @OV_sResult = PrPs_ServerInfo_StartServer
	 @IV_sProcPassword,
	 @IV_siGameID,
	 @IV_siPositionID,
	 @IV_sServerName,
	 @IV_sServerIP,
	 @IV_sConfig,
	 @OV_bIsCreate out,
	 @OV_siServerID out,
	 @OV_sReturnMsg out,
	 @OV_TableFee out;

	select @OV_sResult,@OV_siServerID, @OV_sReturnMsg;
	
2019/05/11 14:40:50.288200 git.huoys.com/qp/world/sql/qp.startRoom 190 Info: database start room(10095)(1)(3)(824) sucess.
2019/05/11 14:40:50.294200 git.huoys.com/qp/world/sql/qp.startRoom 163 Info: 
	declare @IV_sProcPassword VARCHAR(32);
	declare @IV_siGameID	INT;
	declare @IV_siPositionID	SMALLINT;
	declare @IV_sServerName	varchar(64);
	declare @IV_sServerIP	varchar(15);
	declare @IV_sConfig	varchar(2048);
	declare @OV_bIsCreate	BIT;
	declare @OV_siServerID	SMALLINT;
	declare @OV_sReturnMsg	VARCHAR(128);
	declare @OV_TableFee	VARCHAR(100);
	declare @OV_sResult	INT;

	set @IV_sProcPassword='!43$a#@28Foi000C';
	set @IV_siGameID=10095;
	set @IV_siPositionID=10561;
	set @IV_sServerName='Room_10095_10561_1_4';
	set @IV_sServerIP='172.12.10.126';
	set @IV_sConfig='';

	set @OV_sResult=-1;
	set @OV_sReturnMsg='';
	
	exec @OV_sResult = PrPs_ServerInfo_StartServer
	 @IV_sProcPassword,
	 @IV_siGameID,
	 @IV_siPositionID,
	 @IV_sServerName,
	 @IV_sServerIP,
	 @IV_sConfig,
	 @OV_bIsCreate out,
	 @OV_siServerID out,
	 @OV_sReturnMsg out,
	 @OV_TableFee out;

	select @OV_sResult,@OV_siServerID, @OV_sReturnMsg;
	
2019/05/11 14:40:50.312200 git.huoys.com/qp/world/sql/qp.startRoom 190 Info: database start room(10095)(1)(4)(825) sucess.
2019/05/11 14:40:50.313200 git.huoys.com/qp/world/sql/qp.StartRoom 67 Error: games == nil....
2019/05/11 14:40:50.313200 git.huoys.com/qp/world/sql/qp.StartRoom 67 Error: games == nil....
2019/05/11 14:40:50.313200 git.huoys.com/qp/world/sql/qp.StartRoom 67 Error: games == nil....
2019/05/11 14:40:50.314200 git.huoys.com/qp/world/sql/qp.StartRoom 86 Info: ====== WorldConfig.ParamsGameList idx(0),g(10086),a(1),s(1),dbs(585),dba(10541).
2019/05/11 14:40:50.314200 git.huoys.com/qp/world/sql/qp.StartRoom 86 Info: ====== WorldConfig.ParamsGameList idx(1),g(10077),a(1),s(1),dbs(579),dba(10361).
2019/05/11 14:40:50.314200 git.huoys.com/qp/world/sql/qp.StartRoom 86 Info: ====== WorldConfig.ParamsGameList idx(2),g(10077),a(2),s(2),dbs(583),dba(10361).
2019/05/11 14:40:50.315200 git.huoys.com/qp/world/sql/qp.StartRoom 86 Info: ====== WorldConfig.ParamsGameList idx(3),g(10077),a(3),s(3),dbs(609),dba(10361).
2019/05/11 14:40:50.315200 git.huoys.com/qp/world/sql/qp.StartRoom 86 Info: ====== WorldConfig.ParamsGameList idx(4),g(10077),a(4),s(4),dbs(613),dba(10361).
2019/05/11 14:40:50.315200 git.huoys.com/qp/world/sql/qp.StartRoom 86 Info: ====== WorldConfig.ParamsGameList idx(5),g(10059),a(2),s(1),dbs(566),dba(10271).
2019/05/11 14:40:50.316200 git.huoys.com/qp/world/sql/qp.StartRoom 86 Info: ====== WorldConfig.ParamsGameList idx(6),g(10059),a(2),s(2),dbs(567),dba(10271).
2019/05/11 14:40:50.316200 git.huoys.com/qp/world/sql/qp.StartRoom 86 Info: ====== WorldConfig.ParamsGameList idx(7),g(10059),a(2),s(3),dbs(568),dba(10271).
2019/05/11 14:40:50.316200 git.huoys.com/qp/world/sql/qp.StartRoom 86 Info: ====== WorldConfig.ParamsGameList idx(8),g(10059),a(3),s(1),dbs(569),dba(10271).
2019/05/11 14:40:50.317200 git.huoys.com/qp/world/sql/qp.StartRoom 86 Info: ====== WorldConfig.ParamsGameList idx(9),g(10059),a(3),s(2),dbs(570),dba(10271).
2019/05/11 14:40:50.317200 git.huoys.com/qp/world/sql/qp.StartRoom 86 Info: ====== WorldConfig.ParamsGameList idx(10),g(10059),a(3),s(3),dbs(571),dba(10271).
2019/05/11 14:40:50.317200 git.huoys.com/qp/world/sql/qp.StartRoom 86 Info: ====== WorldConfig.ParamsGameList idx(11),g(10059),a(4),s(1),dbs(572),dba(10271).
2019/05/11 14:40:50.318200 git.huoys.com/qp/world/sql/qp.StartRoom 86 Info: ====== WorldConfig.ParamsGameList idx(12),g(10059),a(4),s(2),dbs(573),dba(10271).
2019/05/11 14:40:50.318200 git.huoys.com/qp/world/sql/qp.StartRoom 86 Info: ====== WorldConfig.ParamsGameList idx(13),g(10059),a(4),s(3),dbs(574),dba(10271).
2019/05/11 14:40:50.318200 git.huoys.com/qp/world/sql/qp.StartRoom 86 Info: ====== WorldConfig.ParamsGameList idx(14),g(10095),a(1),s(1),dbs(586),dba(10561).
2019/05/11 14:40:50.319200 git.huoys.com/qp/world/sql/qp.StartRoom 86 Info: ====== WorldConfig.ParamsGameList idx(15),g(10095),a(1),s(2),dbs(587),dba(10561).
2019/05/11 14:40:50.319200 git.huoys.com/qp/world/sql/qp.StartRoom 86 Info: ====== WorldConfig.ParamsGameList idx(16),g(10095),a(1),s(3),dbs(824),dba(10561).
2019/05/11 14:40:50.319200 git.huoys.com/qp/world/sql/qp.StartRoom 86 Info: ====== WorldConfig.ParamsGameList idx(17),g(10095),a(1),s(4),dbs(825),dba(10561).
2019/05/11 14:40:50.319200 git.huoys.com/qp/world/sql/qp.StartRoom 92 Info: >>>>>>>>>>>> WorldConfig.Params.GameList idx(0),g(10086),a(1).
2019/05/11 14:40:50.320200 git.huoys.com/qp/world/sql/qp.StartRoom 92 Info: >>>>>>>>>>>> WorldConfig.Params.GameList idx(1),g(10077),a(1).
2019/05/11 14:40:50.320200 git.huoys.com/qp/world/sql/qp.StartRoom 92 Info: >>>>>>>>>>>> WorldConfig.Params.GameList idx(2),g(10077),a(2).
2019/05/11 14:40:50.320200 git.huoys.com/qp/world/sql/qp.StartRoom 92 Info: >>>>>>>>>>>> WorldConfig.Params.GameList idx(3),g(10077),a(3).
2019/05/11 14:40:50.320200 git.huoys.com/qp/world/sql/qp.StartRoom 92 Info: >>>>>>>>>>>> WorldConfig.Params.GameList idx(4),g(10077),a(4).
2019/05/11 14:40:50.321200 git.huoys.com/qp/world/sql/qp.StartRoom 92 Info: >>>>>>>>>>>> WorldConfig.Params.GameList idx(5),g(10059),a(2).
2019/05/11 14:40:50.322200 git.huoys.com/qp/world/sql/qp.StartRoom 92 Info: >>>>>>>>>>>> WorldConfig.Params.GameList idx(6),g(10059),a(3).
2019/05/11 14:40:50.322200 git.huoys.com/qp/world/sql/qp.StartRoom 92 Info: >>>>>>>>>>>> WorldConfig.Params.GameList idx(7),g(10059),a(4).
2019/05/11 14:40:50.322200 git.huoys.com/qp/world/sql/qp.StartRoom 92 Info: >>>>>>>>>>>> WorldConfig.Params.GameList idx(8),g(10095),a(1).
2019/05/11 14:40:50.323200 git.huoys.com/qp/world/sql/qp.StartRoom 92 Info: >>>>>>>>>>>> WorldConfig.Params.GameList idx(9),g(10095),a(2).
2019/05/11 14:40:50.323200 git.huoys.com/qp/world/sql/qp.StartRoom 92 Info: >>>>>>>>>>>> WorldConfig.Params.GameList idx(10),g(10095),a(3).
2019/05/11 14:40:50.323200 git.huoys.com/qp/world/sql/qp.StartRoom 92 Info: >>>>>>>>>>>> WorldConfig.Params.GameList idx(11),g(10095),a(3).
2019/05/11 14:40:50.323200 git.huoys.com/qp/world/sql/casino.ConnectGameDB 75 Info: connectionString:sqlserver://sa:hy7961pl.NET@172.13.0.58:39000?database=game_qp_bpl&connection+timeout=30&log=63&encrypt=disable.
2019/05/11 14:40:50.344200 git.huoys.com/qp/world/sql/casino.ConnectGameDB 83 Info: DB game_qp_bpl (172.13.0.58:39000) connected.
2019/05/11 14:40:50.345200 git.huoys.com/qp/world/sql/casino.ConnectGameDB 75 Info: connectionString:sqlserver://sa:hy7961pl.NET@172.13.0.58:39000?database=game_qp_dds&connection+timeout=30&log=63&encrypt=disable.
2019/05/11 14:40:50.352200 git.huoys.com/qp/world/sql/casino.ConnectGameDB 83 Info: DB game_qp_dds (172.13.0.58:39000) connected.
2019/05/11 14:40:50.353200 git.huoys.com/qp/world/sql/casino.ConnectGameDB 75 Info: connectionString:sqlserver://sa:hy7961pl.NET@172.13.0.58:39000?database=game_qp_aby&connection+timeout=30&log=63&encrypt=disable.
2019/05/11 14:40:50.358200 git.huoys.com/qp/world/sql/casino.ConnectGameDB 83 Info: DB game_qp_aby (172.13.0.58:39000) connected.
2019/05/11 14:40:52.749200 git.huoys.com/qp/world/web/get.recordPlayerNum 53 Warning: recordPlayerNum:gameID(10095),arenaID(1),serverID(1),num(0)
2019/05/11 14:40:52.754200 git.huoys.com/qp/world/sql/qp.UpdatePreventCheatData 66 Info: UpdatePreventCheatData query:
	declare @IV_sProcPassword VARCHAR(32);
	declare @IV_GameId	INT;
	declare @IV_GoldNUM	BIGINT;
	declare @IV_ServerID  INT;
	declare @OV_GoldNum	BIGINT;
	declare @OV_DefaultGoldNum	BIGINT;
	declare @OV_sReturnMsg	VARCHAR(128);
	declare @OV_sResult INT;

	set @IV_sProcPassword='!43$a#@28Foi000C';
	set @IV_GameId=10095;
	set @IV_GoldNUM=0;
	set @IV_ServerID=586;

	set @OV_sResult=-1;
	set @OV_sReturnMsg='';
	set @OV_DefaultGoldNum=0;
	set @OV_GoldNum=0;

	exec @OV_sResult = PrPs_BaseGoldPool_Update
	 @IV_sProcPassword,
	 @IV_GameId,
	 @IV_GoldNUM,
	 @IV_ServerID,
	 @OV_GoldNum out,
	 @OV_DefaultGoldNum out,
	 @OV_sReturnMsg out;

	select @OV_sResult, @OV_sReturnMsg, @OV_DefaultGoldNum, @OV_GoldNum;
	.
2019/05/11 14:40:52.756200 git.huoys.com/qp/world/web/get.recordPlayerNum 53 Warning: recordPlayerNum:gameID(10095),arenaID(1),serverID(2),num(0)
2019/05/11 14:40:52.760200 git.huoys.com/qp/world/sql/qp.UpdatePreventCheatData 66 Info: UpdatePreventCheatData query:
	declare @IV_sProcPassword VARCHAR(32);
	declare @IV_GameId	INT;
	declare @IV_GoldNUM	BIGINT;
	declare @IV_ServerID  INT;
	declare @OV_GoldNum	BIGINT;
	declare @OV_DefaultGoldNum	BIGINT;
	declare @OV_sReturnMsg	VARCHAR(128);
	declare @OV_sResult INT;

	set @IV_sProcPassword='!43$a#@28Foi000C';
	set @IV_GameId=10095;
	set @IV_GoldNUM=0;
	set @IV_ServerID=587;

	set @OV_sResult=-1;
	set @OV_sReturnMsg='';
	set @OV_DefaultGoldNum=0;
	set @OV_GoldNum=0;

	exec @OV_sResult = PrPs_BaseGoldPool_Update
	 @IV_sProcPassword,
	 @IV_GameId,
	 @IV_GoldNUM,
	 @IV_ServerID,
	 @OV_GoldNum out,
	 @OV_DefaultGoldNum out,
	 @OV_sReturnMsg out;

	select @OV_sResult, @OV_sReturnMsg, @OV_DefaultGoldNum, @OV_GoldNum;
	.
2019/05/11 14:40:52.762200 git.huoys.com/qp/world/web/get.OnUpdatePreventCheat 54 Info: UpdatePreventCheat goldNum(4826681120) sucess
2019/05/11 14:40:52.790200 git.huoys.com/qp/world/web/get.OnUpdatePreventCheat 54 Info: UpdatePreventCheat goldNum(4826681120) sucess
2019/05/11 14:40:52.800200 git.huoys.com/qp/world/web/get.recordPlayerNum 53 Warning: recordPlayerNum:gameID(10095),arenaID(1),serverID(3),num(0)
2019/05/11 14:40:52.815200 git.huoys.com/qp/world/sql/qp.UpdatePreventCheatData 66 Info: UpdatePreventCheatData query:
	declare @IV_sProcPassword VARCHAR(32);
	declare @IV_GameId	INT;
	declare @IV_GoldNUM	BIGINT;
	declare @IV_ServerID  INT;
	declare @OV_GoldNum	BIGINT;
	declare @OV_DefaultGoldNum	BIGINT;
	declare @OV_sReturnMsg	VARCHAR(128);
	declare @OV_sResult INT;

	set @IV_sProcPassword='!43$a#@28Foi000C';
	set @IV_GameId=10095;
	set @IV_GoldNUM=0;
	set @IV_ServerID=824;

	set @OV_sResult=-1;
	set @OV_sReturnMsg='';
	set @OV_DefaultGoldNum=0;
	set @OV_GoldNum=0;

	exec @OV_sResult = PrPs_BaseGoldPool_Update
	 @IV_sProcPassword,
	 @IV_GameId,
	 @IV_GoldNUM,
	 @IV_ServerID,
	 @OV_GoldNum out,
	 @OV_DefaultGoldNum out,
	 @OV_sReturnMsg out;

	select @OV_sResult, @OV_sReturnMsg, @OV_DefaultGoldNum, @OV_GoldNum;
	.
2019/05/11 14:40:52.825200 git.huoys.com/qp/world/web/get.recordPlayerNum 53 Warning: recordPlayerNum:gameID(10095),arenaID(1),serverID(4),num(0)
2019/05/11 14:40:52.826200 git.huoys.com/qp/world/web/get.OnUpdatePreventCheat 54 Info: UpdatePreventCheat goldNum(4826681120) sucess
2019/05/11 14:40:52.841200 git.huoys.com/qp/world/sql/qp.UpdatePreventCheatData 66 Info: UpdatePreventCheatData query:
	declare @IV_sProcPassword VARCHAR(32);
	declare @IV_GameId	INT;
	declare @IV_GoldNUM	BIGINT;
	declare @IV_ServerID  INT;
	declare @OV_GoldNum	BIGINT;
	declare @OV_DefaultGoldNum	BIGINT;
	declare @OV_sReturnMsg	VARCHAR(128);
	declare @OV_sResult INT;

	set @IV_sProcPassword='!43$a#@28Foi000C';
	set @IV_GameId=10095;
	set @IV_GoldNUM=0;
	set @IV_ServerID=825;

	set @OV_sResult=-1;
	set @OV_sReturnMsg='';
	set @OV_DefaultGoldNum=0;
	set @OV_GoldNum=0;

	exec @OV_sResult = PrPs_BaseGoldPool_Update
	 @IV_sProcPassword,
	 @IV_GameId,
	 @IV_GoldNUM,
	 @IV_ServerID,
	 @OV_GoldNum out,
	 @OV_DefaultGoldNum out,
	 @OV_sReturnMsg out;

	select @OV_sResult, @OV_sReturnMsg, @OV_DefaultGoldNum, @OV_GoldNum;
	.
2019/05/11 14:40:52.856200 git.huoys.com/qp/world/web/get.OnUpdatePreventCheat 54 Info: UpdatePreventCheat goldNum(4826681120) sucess
2019/05/11 14:40:57.715200 git.huoys.com/qp/world/web/get.recordPlayerNum 53 Warning: recordPlayerNum:gameID(10095),arenaID(1),serverID(1),num(0)
2019/05/11 14:40:57.733200 git.huoys.com/qp/world/web/get.recordPlayerNum 53 Warning: recordPlayerNum:gameID(10095),arenaID(1),serverID(2),num(0)
2019/05/11 14:40:57.762200 git.huoys.com/qp/world/web/get.recordPlayerNum 53 Warning: recordPlayerNum:gameID(10095),arenaID(1),serverID(3),num(0)
2019/05/11 14:40:57.776200 git.huoys.com/qp/world/web/get.recordPlayerNum 53 Warning: recordPlayerNum:gameID(10095),arenaID(1),serverID(4),num(0)
2019/05/11 14:41:00.344200 git.huoys.com/qp/world/sql/qp.EnterRoom 74 Info: EnterRoom playerID(150015) query:
	declare @IV_sProcPassword VARCHAR(32);
	declare @IV_iUserID	INT;
	declare @IV_siServerID	SMALLINT;
	declare @OV_siExistsServerID	SMALLINT;
	declare @OV_biAmount	BIGINT;
	declare @OV_sReturnMsg	VARCHAR(128);
	declare @OV_iErrorCode INT;
	declare @IV_tiSysType TINYINT;
	declare @OV_sResult	INT;

	set @IV_sProcPassword='!43$a#@28Foi000C';
	set @IV_iUserID=150015;
	set @IV_siServerID=586;
	set @IV_tiSysType=0;

	set @OV_sResult=-1;
	set @OV_sReturnMsg='';
	set @OV_iErrorCode=0;
	set @OV_biAmount=0;
	set @OV_siExistsServerID=0;

	exec @OV_sResult = PrPs_UserLogin_EnterCoinRoom
	 @IV_sProcPassword,
	 @IV_iUserID,
	 @IV_siServerID,
	 @OV_siExistsServerID out,
	 @OV_biAmount out,
	 @OV_sReturnMsg out,
	 @OV_iErrorCode out,
	 @IV_tiSysType;

	select @OV_sResult, @OV_sReturnMsg, @OV_iErrorCode, @OV_biAmount, @OV_siExistsServerID;
	.
2019/05/11 14:41:00.354200 git.huoys.com/qp/world/web/get.OnEnterRoom 72 Info: EnterRoom sucess res({"res":"sucess", "error":0, "amount":107220990}).
2019/05/11 14:41:00.358200 git.huoys.com/qp/world/sql/qp.BaseUserInfoGet 479 Info: 
	declare @chvProcPassword VARCHAR(32);
	declare @IV_iUserID	INT;
	declare @OV_sUserInfo NVARCHAR(2048);
	declare @OV_sResult	INT;

	set @chvProcPassword='!43$a#@28Foi000C';
	set @IV_iUserID=150015;

	set @OV_sResult=-1;
	set @OV_sUserInfo='';

	exec @OV_sResult = dbo.PrPs_UserInfo_BaseUserInfo_Get
	 @chvProcPassword,
	 @IV_iUserID,
	 @OV_sUserInfo out;

	 select @OV_sResult, @OV_sUserInfo;
	
2019/05/11 14:41:02.715200 git.huoys.com/qp/world/web/get.recordPlayerNum 53 Warning: recordPlayerNum:gameID(10095),arenaID(1),serverID(1),num(1)
2019/05/11 14:41:02.731200 git.huoys.com/qp/world/web/get.recordPlayerNum 53 Warning: recordPlayerNum:gameID(10095),arenaID(1),serverID(2),num(0)
2019/05/11 14:41:02.757200 git.huoys.com/qp/world/web/get.recordPlayerNum 53 Warning: recordPlayerNum:gameID(10095),arenaID(1),serverID(3),num(0)
2019/05/11 14:41:02.770200 git.huoys.com/qp/world/web/get.recordPlayerNum 53 Warning: recordPlayerNum:gameID(10095),arenaID(1),serverID(4),num(0)
2019/05/11 14:41:07.719200 git.huoys.com/qp/world/web/get.recordPlayerNum 53 Warning: recordPlayerNum:gameID(10095),arenaID(1),serverID(1),num(1)
2019/05/11 14:41:07.735200 git.huoys.com/qp/world/web/get.recordPlayerNum 53 Warning: recordPlayerNum:gameID(10095),arenaID(1),serverID(2),num(0)
2019/05/11 14:41:07.758200 git.huoys.com/qp/world/web/get.recordPlayerNum 53 Warning: recordPlayerNum:gameID(10095),arenaID(1),serverID(3),num(0)
2019/05/11 14:41:07.769200 git.huoys.com/qp/world/web/get.recordPlayerNum 53 Warning: recordPlayerNum:gameID(10095),arenaID(1),serverID(4),num(0)
2019/05/11 14:41:12.716200 git.huoys.com/qp/world/web/get.recordPlayerNum 53 Warning: recordPlayerNum:gameID(10095),arenaID(1),serverID(1),num(1)
2019/05/11 14:41:12.734200 git.huoys.com/qp/world/web/get.recordPlayerNum 53 Warning: recordPlayerNum:gameID(10095),arenaID(1),serverID(2),num(0)
2019/05/11 14:41:12.760200 git.huoys.com/qp/world/web/get.recordPlayerNum 53 Warning: recordPlayerNum:gameID(10095),arenaID(1),serverID(3),num(0)
2019/05/11 14:41:12.770200 git.huoys.com/qp/world/web/get.recordPlayerNum 53 Warning: recordPlayerNum:gameID(10095),arenaID(1),serverID(4),num(0)
2019/05/11 14:41:17.722200 git.huoys.com/qp/world/web/get.recordPlayerNum 53 Warning: recordPlayerNum:gameID(10095),arenaID(1),serverID(1),num(1)
2019/05/11 14:41:17.737200 git.huoys.com/qp/world/web/get.recordPlayerNum 53 Warning: recordPlayerNum:gameID(10095),arenaID(1),serverID(2),num(0)
2019/05/11 14:41:17.763200 git.huoys.com/qp/world/web/get.recordPlayerNum 53 Warning: recordPlayerNum:gameID(10095),arenaID(1),serverID(3),num(0)
2019/05/11 14:41:17.777200 git.huoys.com/qp/world/web/get.recordPlayerNum 53 Warning: recordPlayerNum:gameID(10095),arenaID(1),serverID(4),num(0)
2019/05/11 14:41:22.720200 git.huoys.com/qp/world/web/get.recordPlayerNum 53 Warning: recordPlayerNum:gameID(10095),arenaID(1),serverID(1),num(1)
2019/05/11 14:41:22.749200 git.huoys.com/qp/world/web/get.recordPlayerNum 53 Warning: recordPlayerNum:gameID(10095),arenaID(1),serverID(2),num(0)
2019/05/11 14:41:22.759200 git.huoys.com/qp/world/web/get.recordPlayerNum 53 Warning: recordPlayerNum:gameID(10095),arenaID(1),serverID(3),num(0)
2019/05/11 14:41:22.771200 git.huoys.com/qp/world/web/get.recordPlayerNum 53 Warning: recordPlayerNum:gameID(10095),arenaID(1),serverID(4),num(0)
2019/05/11 14:41:27.717200 git.huoys.com/qp/world/web/get.recordPlayerNum 53 Warning: recordPlayerNum:gameID(10095),arenaID(1),serverID(1),num(1)
2019/05/11 14:41:27.740200 git.huoys.com/qp/world/web/get.recordPlayerNum 53 Warning: recordPlayerNum:gameID(10095),arenaID(1),serverID(2),num(0)
2019/05/11 14:41:27.768200 git.huoys.com/qp/world/web/get.recordPlayerNum 53 Warning: recordPlayerNum:gameID(10095),arenaID(1),serverID(3),num(0)
2019/05/11 14:41:27.783200 git.huoys.com/qp/world/web/get.recordPlayerNum 53 Warning: recordPlayerNum:gameID(10095),arenaID(1),serverID(4),num(0)
2019/05/11 14:41:32.720200 git.huoys.com/qp/world/web/get.recordPlayerNum 53 Warning: recordPlayerNum:gameID(10095),arenaID(1),serverID(1),num(1)
2019/05/11 14:41:32.740200 git.huoys.com/qp/world/web/get.recordPlayerNum 53 Warning: recordPlayerNum:gameID(10095),arenaID(1),serverID(2),num(0)
2019/05/11 14:41:32.760200 git.huoys.com/qp/world/web/get.recordPlayerNum 53 Warning: recordPlayerNum:gameID(10095),arenaID(1),serverID(3),num(0)
2019/05/11 14:41:32.775200 git.huoys.com/qp/world/web/get.recordPlayerNum 53 Warning: recordPlayerNum:gameID(10095),arenaID(1),serverID(4),num(0)
2019/05/11 14:41:37.720200 git.huoys.com/qp/world/web/get.recordPlayerNum 53 Warning: recordPlayerNum:gameID(10095),arenaID(1),serverID(1),num(1)
2019/05/11 14:41:37.740200 git.huoys.com/qp/world/web/get.recordPlayerNum 53 Warning: recordPlayerNum:gameID(10095),arenaID(1),serverID(2),num(0)
2019/05/11 14:41:37.762200 git.huoys.com/qp/world/web/get.recordPlayerNum 53 Warning: recordPlayerNum:gameID(10095),arenaID(1),serverID(3),num(0)
2019/05/11 14:41:37.777200 git.huoys.com/qp/world/web/get.recordPlayerNum 53 Warning: recordPlayerNum:gameID(10095),arenaID(1),serverID(4),num(0)
2019/05/11 14:41:42.721200 git.huoys.com/qp/world/web/get.recordPlayerNum 53 Warning: recordPlayerNum:gameID(10095),arenaID(1),serverID(1),num(1)
2019/05/11 14:41:42.740200 git.huoys.com/qp/world/web/get.recordPlayerNum 53 Warning: recordPlayerNum:gameID(10095),arenaID(1),serverID(2),num(0)
2019/05/11 14:41:42.760200 git.huoys.com/qp/world/web/get.recordPlayerNum 53 Warning: recordPlayerNum:gameID(10095),arenaID(1),serverID(3),num(0)
2019/05/11 14:41:42.775200 git.huoys.com/qp/world/web/get.recordPlayerNum 53 Warning: recordPlayerNum:gameID(10095),arenaID(1),serverID(4),num(0)
2019/05/11 14:41:47.720200 git.huoys.com/qp/world/web/get.recordPlayerNum 53 Warning: recordPlayerNum:gameID(10095),arenaID(1),serverID(1),num(1)
2019/05/11 14:41:47.740200 git.huoys.com/qp/world/web/get.recordPlayerNum 53 Warning: recordPlayerNum:gameID(10095),arenaID(1),serverID(2),num(0)
2019/05/11 14:41:47.763200 git.huoys.com/qp/world/web/get.recordPlayerNum 53 Warning: recordPlayerNum:gameID(10095),arenaID(1),serverID(3),num(0)
2019/05/11 14:41:47.776200 git.huoys.com/qp/world/web/get.recordPlayerNum 53 Warning: recordPlayerNum:gameID(10095),arenaID(1),serverID(4),num(0)
2019/05/11 14:41:50.589200 git.huoys.com/qp/world/sql/qp.CountPlayer 57 Info: 
	declare @IV_sProcPassword VARCHAR(32);
	declare @IV_siPositionID	SMALLINT;
	declare @IV_iUserCount INT;
	declare @IV_iVisitorCount INT;
	declare @IV_iLimitCount INT;
	declare @IV_UseTable INT;
	declare @IV_FreeTable INT;
	declare @OV_sResult	INT;

	set @IV_sProcPassword='!43$a#@28Foi000C';
	set @IV_siPositionID=10561;
	set @IV_iUserCount=1;
	set @IV_iVisitorCount=0;
	set @IV_iLimitCount=0;
	set @IV_UseTable=0;
	set @IV_FreeTable=0;

	set @OV_sResult=-1;

	exec @OV_sResult = dbo.PrPs_OnLine_HallOnLineLog_Add
	 @IV_sProcPassword,
	 @IV_siPositionID,
	 @IV_iUserCount,
	 @IV_iVisitorCount,
     @IV_iLimitCount,
     @IV_UseTable,
	 @IV_FreeTable;

	 select @OV_sResult;
	
2019/05/11 14:41:50.591200 git.huoys.com/qp/world/sql/qp.CountPlayer 63 Info: CountPlayer: 
	declare @IV_sProcPassword VARCHAR(32);
	declare @IV_siPositionID	SMALLINT;
	declare @IV_iUserCount INT;
	declare @IV_iVisitorCount INT;
	declare @IV_iLimitCount INT;
	declare @IV_UseTable INT;
	declare @IV_FreeTable INT;
	declare @OV_sResult	INT;

	set @IV_sProcPassword='!43$a#@28Foi000C';
	set @IV_siPositionID=10561;
	set @IV_iUserCount=1;
	set @IV_iVisitorCount=0;
	set @IV_iLimitCount=0;
	set @IV_UseTable=0;
	set @IV_FreeTable=0;

	set @OV_sResult=-1;

	exec @OV_sResult = dbo.PrPs_OnLine_HallOnLineLog_Add
	 @IV_sProcPassword,
	 @IV_siPositionID,
	 @IV_iUserCount,
	 @IV_iVisitorCount,
     @IV_iLimitCount,
     @IV_UseTable,
	 @IV_FreeTable;

	 select @OV_sResult;
	.
2019/05/11 14:41:50.597200 git.huoys.com/qp/world/web/get.polling 75 Info: count player(1), gameid(10095), dbarenaid(10561).
2019/05/11 14:41:52.722200 git.huoys.com/qp/world/web/get.recordPlayerNum 53 Warning: recordPlayerNum:gameID(10095),arenaID(1),serverID(1),num(1)
2019/05/11 14:41:52.742200 git.huoys.com/qp/world/web/get.recordPlayerNum 53 Warning: recordPlayerNum:gameID(10095),arenaID(1),serverID(2),num(0)
2019/05/11 14:41:52.760200 git.huoys.com/qp/world/web/get.recordPlayerNum 53 Warning: recordPlayerNum:gameID(10095),arenaID(1),serverID(3),num(0)
2019/05/11 14:41:52.777200 git.huoys.com/qp/world/web/get.recordPlayerNum 53 Warning: recordPlayerNum:gameID(10095),arenaID(1),serverID(4),num(0)
2019/05/11 14:41:57.721200 git.huoys.com/qp/world/web/get.recordPlayerNum 53 Warning: recordPlayerNum:gameID(10095),arenaID(1),serverID(1),num(1)
2019/05/11 14:41:57.740200 git.huoys.com/qp/world/web/get.recordPlayerNum 53 Warning: recordPlayerNum:gameID(10095),arenaID(1),serverID(2),num(0)
2019/05/11 14:41:57.764200 git.huoys.com/qp/world/web/get.recordPlayerNum 53 Warning: recordPlayerNum:gameID(10095),arenaID(1),serverID(3),num(0)
2019/05/11 14:41:57.779200 git.huoys.com/qp/world/web/get.recordPlayerNum 53 Warning: recordPlayerNum:gameID(10095),arenaID(1),serverID(4),num(0)
2019/05/11 14:42:02.722200 git.huoys.com/qp/world/web/get.recordPlayerNum 53 Warning: recordPlayerNum:gameID(10095),arenaID(1),serverID(1),num(1)
2019/05/11 14:42:02.740200 git.huoys.com/qp/world/web/get.recordPlayerNum 53 Warning: recordPlayerNum:gameID(10095),arenaID(1),serverID(2),num(0)
2019/05/11 14:42:02.764200 git.huoys.com/qp/world/web/get.recordPlayerNum 53 Warning: recordPlayerNum:gameID(10095),arenaID(1),serverID(3),num(0)
2019/05/11 14:42:02.776200 git.huoys.com/qp/world/web/get.recordPlayerNum 53 Warning: recordPlayerNum:gameID(10095),arenaID(1),serverID(4),num(0)
2019/05/11 14:42:07.722200 git.huoys.com/qp/world/web/get.recordPlayerNum 53 Warning: recordPlayerNum:gameID(10095),arenaID(1),serverID(1),num(1)
2019/05/11 14:42:07.742200 git.huoys.com/qp/world/web/get.recordPlayerNum 53 Warning: recordPlayerNum:gameID(10095),arenaID(1),serverID(2),num(0)
2019/05/11 14:42:07.766200 git.huoys.com/qp/world/web/get.recordPlayerNum 53 Warning: recordPlayerNum:gameID(10095),arenaID(1),serverID(3),num(0)
2019/05/11 14:42:07.786200 git.huoys.com/qp/world/web/get.recordPlayerNum 53 Warning: recordPlayerNum:gameID(10095),arenaID(1),serverID(4),num(0)
2019/05/11 14:42:12.730200 git.huoys.com/qp/world/web/get.recordPlayerNum 53 Warning: recordPlayerNum:gameID(10095),arenaID(1),serverID(1),num(1)
2019/05/11 14:42:12.757200 git.huoys.com/qp/world/web/get.recordPlayerNum 53 Warning: recordPlayerNum:gameID(10095),arenaID(1),serverID(2),num(0)
2019/05/11 14:42:12.762200 git.huoys.com/qp/world/web/get.recordPlayerNum 53 Warning: recordPlayerNum:gameID(10095),arenaID(1),serverID(3),num(0)
2019/05/11 14:42:12.777200 git.huoys.com/qp/world/web/get.recordPlayerNum 53 Warning: recordPlayerNum:gameID(10095),arenaID(1),serverID(4),num(0)
2019/05/11 14:42:17.720200 git.huoys.com/qp/world/web/get.recordPlayerNum 53 Warning: recordPlayerNum:gameID(10095),arenaID(1),serverID(1),num(1)
2019/05/11 14:42:17.742200 git.huoys.com/qp/world/web/get.recordPlayerNum 53 Warning: recordPlayerNum:gameID(10095),arenaID(1),serverID(2),num(0)
2019/05/11 14:42:17.761200 git.huoys.com/qp/world/web/get.recordPlayerNum 53 Warning: recordPlayerNum:gameID(10095),arenaID(1),serverID(3),num(0)
2019/05/11 14:42:17.777200 git.huoys.com/qp/world/web/get.recordPlayerNum 53 Warning: recordPlayerNum:gameID(10095),arenaID(1),serverID(4),num(0)
2019/05/11 14:42:22.723200 git.huoys.com/qp/world/web/get.recordPlayerNum 53 Warning: recordPlayerNum:gameID(10095),arenaID(1),serverID(1),num(1)
2019/05/11 14:42:22.740200 git.huoys.com/qp/world/web/get.recordPlayerNum 53 Warning: recordPlayerNum:gameID(10095),arenaID(1),serverID(2),num(0)
2019/05/11 14:42:22.761200 git.huoys.com/qp/world/web/get.recordPlayerNum 53 Warning: recordPlayerNum:gameID(10095),arenaID(1),serverID(3),num(0)
2019/05/11 14:42:22.776200 git.huoys.com/qp/world/web/get.recordPlayerNum 53 Warning: recordPlayerNum:gameID(10095),arenaID(1),serverID(4),num(0)
2019/05/11 14:42:27.721200 git.huoys.com/qp/world/web/get.recordPlayerNum 53 Warning: recordPlayerNum:gameID(10095),arenaID(1),serverID(1),num(1)
2019/05/11 14:42:27.741200 git.huoys.com/qp/world/web/get.recordPlayerNum 53 Warning: recordPlayerNum:gameID(10095),arenaID(1),serverID(2),num(0)
2019/05/11 14:42:27.766200 git.huoys.com/qp/world/web/get.recordPlayerNum 53 Warning: recordPlayerNum:gameID(10095),arenaID(1),serverID(3),num(0)
2019/05/11 14:42:27.778200 git.huoys.com/qp/world/web/get.recordPlayerNum 53 Warning: recordPlayerNum:gameID(10095),arenaID(1),serverID(4),num(0)
2019/05/11 14:42:32.725200 git.huoys.com/qp/world/web/get.recordPlayerNum 53 Warning: recordPlayerNum:gameID(10095),arenaID(1),serverID(1),num(1)
2019/05/11 14:42:32.741200 git.huoys.com/qp/world/web/get.recordPlayerNum 53 Warning: recordPlayerNum:gameID(10095),arenaID(1),serverID(2),num(0)
2019/05/11 14:42:32.762200 git.huoys.com/qp/world/web/get.recordPlayerNum 53 Warning: recordPlayerNum:gameID(10095),arenaID(1),serverID(3),num(0)
2019/05/11 14:42:32.776200 git.huoys.com/qp/world/web/get.recordPlayerNum 53 Warning: recordPlayerNum:gameID(10095),arenaID(1),serverID(4),num(0)
2019/05/11 14:42:37.721200 git.huoys.com/qp/world/web/get.recordPlayerNum 53 Warning: recordPlayerNum:gameID(10095),arenaID(1),serverID(1),num(1)
2019/05/11 14:42:37.741200 git.huoys.com/qp/world/web/get.recordPlayerNum 53 Warning: recordPlayerNum:gameID(10095),arenaID(1),serverID(2),num(0)
2019/05/11 14:42:37.762200 git.huoys.com/qp/world/web/get.recordPlayerNum 53 Warning: recordPlayerNum:gameID(10095),arenaID(1),serverID(3),num(0)
2019/05/11 14:42:37.777200 git.huoys.com/qp/world/web/get.recordPlayerNum 53 Warning: recordPlayerNum:gameID(10095),arenaID(1),serverID(4),num(0)
2019/05/11 14:42:42.721200 git.huoys.com/qp/world/web/get.recordPlayerNum 53 Warning: recordPlayerNum:gameID(10095),arenaID(1),serverID(1),num(1)
2019/05/11 14:42:42.740200 git.huoys.com/qp/world/web/get.recordPlayerNum 53 Warning: recordPlayerNum:gameID(10095),arenaID(1),serverID(2),num(0)
2019/05/11 14:42:42.760200 git.huoys.com/qp/world/web/get.recordPlayerNum 53 Warning: recordPlayerNum:gameID(10095),arenaID(1),serverID(3),num(0)
2019/05/11 14:42:42.776200 git.huoys.com/qp/world/web/get.recordPlayerNum 53 Warning: recordPlayerNum:gameID(10095),arenaID(1),serverID(4),num(0)
2019/05/11 14:42:47.721200 git.huoys.com/qp/world/web/get.recordPlayerNum 53 Warning: recordPlayerNum:gameID(10095),arenaID(1),serverID(1),num(1)
2019/05/11 14:42:47.742200 git.huoys.com/qp/world/web/get.recordPlayerNum 53 Warning: recordPlayerNum:gameID(10095),arenaID(1),serverID(2),num(0)
2019/05/11 14:42:47.764200 git.huoys.com/qp/world/web/get.recordPlayerNum 53 Warning: recordPlayerNum:gameID(10095),arenaID(1),serverID(3),num(0)
2019/05/11 14:42:47.777200 git.huoys.com/qp/world/web/get.recordPlayerNum 53 Warning: recordPlayerNum:gameID(10095),arenaID(1),serverID(4),num(0)
2019/05/11 14:42:50.602200 git.huoys.com/qp/world/sql/qp.CountPlayer 57 Info: 
	declare @IV_sProcPassword VARCHAR(32);
	declare @IV_siPositionID	SMALLINT;
	declare @IV_iUserCount INT;
	declare @IV_iVisitorCount INT;
	declare @IV_iLimitCount INT;
	declare @IV_UseTable INT;
	declare @IV_FreeTable INT;
	declare @OV_sResult	INT;

	set @IV_sProcPassword='!43$a#@28Foi000C';
	set @IV_siPositionID=10561;
	set @IV_iUserCount=1;
	set @IV_iVisitorCount=0;
	set @IV_iLimitCount=0;
	set @IV_UseTable=0;
	set @IV_FreeTable=0;

	set @OV_sResult=-1;

	exec @OV_sResult = dbo.PrPs_OnLine_HallOnLineLog_Add
	 @IV_sProcPassword,
	 @IV_siPositionID,
	 @IV_iUserCount,
	 @IV_iVisitorCount,
     @IV_iLimitCount,
     @IV_UseTable,
	 @IV_FreeTable;

	 select @OV_sResult;
	
2019/05/11 14:42:50.604200 git.huoys.com/qp/world/sql/qp.CountPlayer 63 Info: CountPlayer: 
	declare @IV_sProcPassword VARCHAR(32);
	declare @IV_siPositionID	SMALLINT;
	declare @IV_iUserCount INT;
	declare @IV_iVisitorCount INT;
	declare @IV_iLimitCount INT;
	declare @IV_UseTable INT;
	declare @IV_FreeTable INT;
	declare @OV_sResult	INT;

	set @IV_sProcPassword='!43$a#@28Foi000C';
	set @IV_siPositionID=10561;
	set @IV_iUserCount=1;
	set @IV_iVisitorCount=0;
	set @IV_iLimitCount=0;
	set @IV_UseTable=0;
	set @IV_FreeTable=0;

	set @OV_sResult=-1;

	exec @OV_sResult = dbo.PrPs_OnLine_HallOnLineLog_Add
	 @IV_sProcPassword,
	 @IV_siPositionID,
	 @IV_iUserCount,
	 @IV_iVisitorCount,
     @IV_iLimitCount,
     @IV_UseTable,
	 @IV_FreeTable;

	 select @OV_sResult;
	.
2019/05/11 14:42:50.608200 git.huoys.com/qp/world/web/get.polling 75 Info: count player(1), gameid(10095), dbarenaid(10561).
2019/05/11 14:42:52.721200 git.huoys.com/qp/world/web/get.recordPlayerNum 53 Warning: recordPlayerNum:gameID(10095),arenaID(1),serverID(1),num(1)
2019/05/11 14:42:52.739200 git.huoys.com/qp/world/web/get.recordPlayerNum 53 Warning: recordPlayerNum:gameID(10095),arenaID(1),serverID(2),num(0)
2019/05/11 14:42:52.760200 git.huoys.com/qp/world/web/get.recordPlayerNum 53 Warning: recordPlayerNum:gameID(10095),arenaID(1),serverID(3),num(0)
2019/05/11 14:42:52.778200 git.huoys.com/qp/world/web/get.recordPlayerNum 53 Warning: recordPlayerNum:gameID(10095),arenaID(1),serverID(4),num(0)
2019/05/11 14:42:57.720200 git.huoys.com/qp/world/web/get.recordPlayerNum 53 Warning: recordPlayerNum:gameID(10095),arenaID(1),serverID(1),num(1)
2019/05/11 14:42:57.741200 git.huoys.com/qp/world/web/get.recordPlayerNum 53 Warning: recordPlayerNum:gameID(10095),arenaID(1),serverID(2),num(0)
2019/05/11 14:42:57.761200 git.huoys.com/qp/world/web/get.recordPlayerNum 53 Warning: recordPlayerNum:gameID(10095),arenaID(1),serverID(3),num(0)
2019/05/11 14:42:57.776200 git.huoys.com/qp/world/web/get.recordPlayerNum 53 Warning: recordPlayerNum:gameID(10095),arenaID(1),serverID(4),num(0)
2019/05/11 14:43:01.721200 git.huoys.com/qp/world/sql/qp.EveryGameLog 468 Info: 
	declare @IV_sProcPassword VARCHAR(32);
	declare @IV_siGameID	SMALLINT;
	declare @IV_siPositionID SMALLINT;
	declare @IV_siServerID	SMALLINT;
	declare @IV_siTableID TINYINT;
	declare @IV_iUserID INT;
	declare @IV_biScore BIGINT;
	declare @IV_biGameNo BIGINT;
	declare @IV_tiChairNo TINYINT;
	declare @IV_biTax BIGINT;
	declare @IV_biBalance BIGINT;
	declare @IV_bIsCoinGame VARCHAR(32);
	declare @IV_dtLeaveTime DATETIME;
	declare @IV_bIsTrusteeship BIT;
	declare @OV_sResult INT;

	set @IV_sProcPassword='!43$a#@28Foi000C';
	set @IV_siGameID=10095;
	set @IV_siPositionID=10561;
	set @IV_siServerID=586;
	set @IV_siTableID=0;
	set @IV_iUserID=150015;
	set @IV_biScore=-360;
	set @IV_biGameNo=0;
	set @IV_tiChairNo=0;
	set @IV_biTax=0;
	set @IV_biBalance=107220630;
	set @IV_bIsCoinGame=1;
	set @IV_dtLeaveTime='2019-05-11';
	set @IV_bIsTrusteeship=0;

	set @OV_sResult=-1;

	exec @OV_sResult = PrPs_AddEveryGameLog
	 @IV_sProcPassword,
	 @IV_siGameID,
	 @IV_siPositionID,
	 @IV_siServerID,
	 @IV_siTableID,
	 @IV_iUserID,
	 @IV_biScore,
	 @IV_biGameNo,
	 @IV_tiChairNo,
	 @IV_biTax,
	 @IV_biBalance,
	 @IV_bIsCoinGame,
	 @IV_dtLeaveTime,
	 @IV_bIsTrusteeship;

	 select @OV_sResult;
	
2019/05/11 14:43:01.730200 git.huoys.com/qp/world/web/get.OnEveryGameLog 336 Info: Every Game Log log msg(success).
2019/05/11 14:43:02.720200 git.huoys.com/qp/world/web/get.recordPlayerNum 53 Warning: recordPlayerNum:gameID(10095),arenaID(1),serverID(1),num(1)
2019/05/11 14:43:02.741200 git.huoys.com/qp/world/web/get.recordPlayerNum 53 Warning: recordPlayerNum:gameID(10095),arenaID(1),serverID(2),num(0)
2019/05/11 14:43:02.760200 git.huoys.com/qp/world/web/get.recordPlayerNum 53 Warning: recordPlayerNum:gameID(10095),arenaID(1),serverID(3),num(0)
2019/05/11 14:43:02.777200 git.huoys.com/qp/world/web/get.recordPlayerNum 53 Warning: recordPlayerNum:gameID(10095),arenaID(1),serverID(4),num(0)
2019/05/11 14:43:07.720200 git.huoys.com/qp/world/web/get.recordPlayerNum 53 Warning: recordPlayerNum:gameID(10095),arenaID(1),serverID(1),num(1)
2019/05/11 14:43:07.740200 git.huoys.com/qp/world/web/get.recordPlayerNum 53 Warning: recordPlayerNum:gameID(10095),arenaID(1),serverID(2),num(0)
2019/05/11 14:43:07.761200 git.huoys.com/qp/world/web/get.recordPlayerNum 53 Warning: recordPlayerNum:gameID(10095),arenaID(1),serverID(3),num(0)
2019/05/11 14:43:07.776200 git.huoys.com/qp/world/web/get.recordPlayerNum 53 Warning: recordPlayerNum:gameID(10095),arenaID(1),serverID(4),num(0)
2019/05/11 14:43:12.722200 git.huoys.com/qp/world/web/get.recordPlayerNum 53 Warning: recordPlayerNum:gameID(10095),arenaID(1),serverID(1),num(1)
2019/05/11 14:43:12.741200 git.huoys.com/qp/world/web/get.recordPlayerNum 53 Warning: recordPlayerNum:gameID(10095),arenaID(1),serverID(2),num(0)
2019/05/11 14:43:12.760200 git.huoys.com/qp/world/web/get.recordPlayerNum 53 Warning: recordPlayerNum:gameID(10095),arenaID(1),serverID(3),num(0)
2019/05/11 14:43:12.778200 git.huoys.com/qp/world/web/get.recordPlayerNum 53 Warning: recordPlayerNum:gameID(10095),arenaID(1),serverID(4),num(0)
