2019/05/29 18:02:38.899000 git.huoys.com/qp/world/sql/casino.ConnectDB 107 Info: connectionString:sqlserver://SYGameServer:QP%21&%2532456%40@113.106.164.43:32960?connection+timeout=30&database=SY_Money.
2019/05/29 18:02:38.901000 git.huoys.com/qp/world/web.acceptHTTPSRequest 101 Info: Https server listen at:localhost:8200
2019/05/29 18:02:38.931000 git.huoys.com/qp/world/sql/casino.ConnectDB 121 Info: DB SY_Money (113.106.164.43:32960) connected.
2019/05/29 18:02:38.931000 git.huoys.com/qp/world/sql/casino.ConnectDB 107 Info: connectionString:sqlserver://SYGameServer:QP%21&%2532456%40@113.106.164.43:32960?connection+timeout=30&database=CYMoney.
2019/05/29 18:02:38.959000 git.huoys.com/qp/world/sql/casino.ConnectDB 121 Info: DB CYMoney (113.106.164.43:32960) connected.
2019/05/29 18:02:38.960000 git.huoys.com/qp/world/sql/casino.ConnectDB 107 Info: connectionString:sqlserver://SYGameServer:QP%21&%2532456%40@113.106.164.43:32960?connection+timeout=30&database=Passport.
2019/05/29 18:02:38.988000 git.huoys.com/qp/world/sql/casino.ConnectDB 121 Info: DB Passport (113.106.164.43:32960) connected.
2019/05/29 18:02:38.989000 git.huoys.com/qp/world/sql/casino.ConnectDB 107 Info: connectionString:sqlserver://SYGameServer:QP%21&%2532456%40@113.106.164.43:32960?connection+timeout=30&database=sy_gamecenter.
2019/05/29 18:02:39.061000 git.huoys.com/qp/world/sql/casino.ConnectDB 121 Info: DB sy_gamecenter (113.106.164.43:32960) connected.
2019/05/29 18:02:39.061000 git.huoys.com/qp/world/sql/casino.ConnectDB 107 Info: connectionString:sqlserver://SYGameServer:QP%21&%2532456%40@113.106.164.43:32960?connection+timeout=30&database=gamecenter.
2019/05/29 18:02:39.093000 git.huoys.com/qp/world/sql/casino.ConnectDB 121 Info: DB gamecenter (113.106.164.43:32960) connected.
2019/05/29 18:02:39.094000 git.huoys.com/qp/world/sql/casino.ConnectDB 107 Info: connectionString:sqlserver://SYGameServer:QP%21&%2532456%40@113.106.164.43:32960?connection+timeout=30&database=sy_recpergame.
2019/05/29 18:02:39.132000 git.huoys.com/qp/world/sql/casino.ConnectDB 121 Info: DB sy_recpergame (113.106.164.43:32960) connected.
2019/05/29 18:02:39.133000 git.huoys.com/qp/world/sql/casino.ConnectDB 107 Info: connectionString:sqlserver://SYGameServer:QP%21&%2532456%40@113.106.164.43:32960?connection+timeout=30&database=SY_AgentSystem.
2019/05/29 18:02:39.182000 git.huoys.com/qp/world/sql/casino.ConnectDB 121 Info: DB SY_AgentSystem (113.106.164.43:32960) connected.
2019/05/29 18:02:39.195000 git.huoys.com/qp/world/sql/qp.startRoom 163 Info: 
	declare @IV_sProcPassword VARCHAR(32);
	declare @IV_siGameID	INT;
	declare @IV_siPositionID	SMALLINT;
	declare @IV_sServerName	varchar(64);
	declare @IV_sServerIP	varchar(15);
	declare @IV_sConfig	varchar(2048);
	declare @OV_bIsCreate	BIT;
	declare @OV_siServerID	SMALLINT;
	declare @OV_sReturnMsg	VARCHAR(128);
	declare @OV_TableFee	VARCHAR(100);
	declare @OV_sResult	INT;

	set @IV_sProcPassword='!43$a#@28Foi000C';
	set @IV_siGameID=10095;
	set @IV_siPositionID=10561;
	set @IV_sServerName='Room_10095_10561_1_9';
	set @IV_sServerIP='172.12.10.126';
	set @IV_sConfig='';

	set @OV_sResult=-1;
	set @OV_sReturnMsg='';
	
	exec @OV_sResult = PrPs_ServerInfo_StartServer
	 @IV_sProcPassword,
	 @IV_siGameID,
	 @IV_siPositionID,
	 @IV_sServerName,
	 @IV_sServerIP,
	 @IV_sConfig,
	 @OV_bIsCreate out,
	 @OV_siServerID out,
	 @OV_sReturnMsg out,
	 @OV_TableFee out;

	select @OV_sResult,@OV_siServerID, @OV_sReturnMsg;
	
2019/05/29 18:02:39.201000 git.huoys.com/qp/world/sql/qp.startRoom 190 Info: database start room(10095)(1)(1)(833) sucess.
2019/05/29 18:02:39.204000 git.huoys.com/qp/world/sql/qp.startRoom 163 Info: 
	declare @IV_sProcPassword VARCHAR(32);
	declare @IV_siGameID	INT;
	declare @IV_siPositionID	SMALLINT;
	declare @IV_sServerName	varchar(64);
	declare @IV_sServerIP	varchar(15);
	declare @IV_sConfig	varchar(2048);
	declare @OV_bIsCreate	BIT;
	declare @OV_siServerID	SMALLINT;
	declare @OV_sReturnMsg	VARCHAR(128);
	declare @OV_TableFee	VARCHAR(100);
	declare @OV_sResult	INT;

	set @IV_sProcPassword='!43$a#@28Foi000C';
	set @IV_siGameID=10095;
	set @IV_siPositionID=10561;
	set @IV_sServerName='Room_10095_10561_1_10';
	set @IV_sServerIP='172.12.10.126';
	set @IV_sConfig='';

	set @OV_sResult=-1;
	set @OV_sReturnMsg='';
	
	exec @OV_sResult = PrPs_ServerInfo_StartServer
	 @IV_sProcPassword,
	 @IV_siGameID,
	 @IV_siPositionID,
	 @IV_sServerName,
	 @IV_sServerIP,
	 @IV_sConfig,
	 @OV_bIsCreate out,
	 @OV_siServerID out,
	 @OV_sReturnMsg out,
	 @OV_TableFee out;

	select @OV_sResult,@OV_siServerID, @OV_sReturnMsg;
	
2019/05/29 18:02:39.263000 git.huoys.com/qp/world/sql/qp.startRoom 190 Info: database start room(10095)(1)(2)(834) sucess.
2019/05/29 18:02:39.276000 git.huoys.com/qp/world/sql/qp.startRoom 163 Info: 
	declare @IV_sProcPassword VARCHAR(32);
	declare @IV_siGameID	INT;
	declare @IV_siPositionID	SMALLINT;
	declare @IV_sServerName	varchar(64);
	declare @IV_sServerIP	varchar(15);
	declare @IV_sConfig	varchar(2048);
	declare @OV_bIsCreate	BIT;
	declare @OV_siServerID	SMALLINT;
	declare @OV_sReturnMsg	VARCHAR(128);
	declare @OV_TableFee	VARCHAR(100);
	declare @OV_sResult	INT;

	set @IV_sProcPassword='!43$a#@28Foi000C';
	set @IV_siGameID=10095;
	set @IV_siPositionID=10561;
	set @IV_sServerName='Room_10095_10561_1_11';
	set @IV_sServerIP='172.12.10.126';
	set @IV_sConfig='';

	set @OV_sResult=-1;
	set @OV_sReturnMsg='';
	
	exec @OV_sResult = PrPs_ServerInfo_StartServer
	 @IV_sProcPassword,
	 @IV_siGameID,
	 @IV_siPositionID,
	 @IV_sServerName,
	 @IV_sServerIP,
	 @IV_sConfig,
	 @OV_bIsCreate out,
	 @OV_siServerID out,
	 @OV_sReturnMsg out,
	 @OV_TableFee out;

	select @OV_sResult,@OV_siServerID, @OV_sReturnMsg;
	
2019/05/29 18:02:39.283000 git.huoys.com/qp/world/sql/qp.startRoom 190 Info: database start room(10095)(1)(3)(835) sucess.
2019/05/29 18:02:39.292000 git.huoys.com/qp/world/sql/qp.startRoom 163 Info: 
	declare @IV_sProcPassword VARCHAR(32);
	declare @IV_siGameID	INT;
	declare @IV_siPositionID	SMALLINT;
	declare @IV_sServerName	varchar(64);
	declare @IV_sServerIP	varchar(15);
	declare @IV_sConfig	varchar(2048);
	declare @OV_bIsCreate	BIT;
	declare @OV_siServerID	SMALLINT;
	declare @OV_sReturnMsg	VARCHAR(128);
	declare @OV_TableFee	VARCHAR(100);
	declare @OV_sResult	INT;

	set @IV_sProcPassword='!43$a#@28Foi000C';
	set @IV_siGameID=10095;
	set @IV_siPositionID=10561;
	set @IV_sServerName='Room_10095_10561_1_12';
	set @IV_sServerIP='172.12.10.126';
	set @IV_sConfig='';

	set @OV_sResult=-1;
	set @OV_sReturnMsg='';
	
	exec @OV_sResult = PrPs_ServerInfo_StartServer
	 @IV_sProcPassword,
	 @IV_siGameID,
	 @IV_siPositionID,
	 @IV_sServerName,
	 @IV_sServerIP,
	 @IV_sConfig,
	 @OV_bIsCreate out,
	 @OV_siServerID out,
	 @OV_sReturnMsg out,
	 @OV_TableFee out;

	select @OV_sResult,@OV_siServerID, @OV_sReturnMsg;
	
2019/05/29 18:02:39.299000 git.huoys.com/qp/world/sql/qp.startRoom 190 Info: database start room(10095)(1)(4)(836) sucess.
2019/05/29 18:02:39.300000 git.huoys.com/qp/world/sql/qp.StartRoom 86 Info: ====== WorldConfig.ParamsGameList idx(0),g(10095),a(1),s(1),dbs(833),dba(10561).
2019/05/29 18:02:39.301000 git.huoys.com/qp/world/sql/qp.StartRoom 86 Info: ====== WorldConfig.ParamsGameList idx(1),g(10095),a(1),s(2),dbs(834),dba(10561).
2019/05/29 18:02:39.302000 git.huoys.com/qp/world/sql/qp.StartRoom 86 Info: ====== WorldConfig.ParamsGameList idx(2),g(10095),a(1),s(3),dbs(835),dba(10561).
2019/05/29 18:02:39.302000 git.huoys.com/qp/world/sql/qp.StartRoom 86 Info: ====== WorldConfig.ParamsGameList idx(3),g(10095),a(1),s(4),dbs(836),dba(10561).
2019/05/29 18:02:39.303000 git.huoys.com/qp/world/sql/qp.StartRoom 92 Info: >>>>>>>>>>>> WorldConfig.Params.GameList idx(0),g(10095),a(1).
2019/05/29 18:02:43.407000 git.huoys.com/qp/world/web/get.recordPlayerNum 53 Warning: recordPlayerNum:gameID(10095),arenaID(1),serverID(1),num(0)
2019/05/29 18:02:43.436000 git.huoys.com/qp/world/web/get.recordPlayerNum 53 Warning: recordPlayerNum:gameID(10095),arenaID(1),serverID(2),num(0)
2019/05/29 18:02:43.465000 git.huoys.com/qp/world/web/get.recordPlayerNum 53 Warning: recordPlayerNum:gameID(10095),arenaID(1),serverID(4),num(0)
2019/05/29 18:02:43.480000 git.huoys.com/qp/world/web/get.recordPlayerNum 53 Warning: recordPlayerNum:gameID(10095),arenaID(1),serverID(3),num(0)
2019/05/29 18:02:44.422000 git.huoys.com/qp/world/sql/qp.UpdatePreventCheatData 66 Info: UpdatePreventCheatData query:
	declare @IV_sProcPassword VARCHAR(32);
	declare @IV_GameId	INT;
	declare @IV_GoldNUM	BIGINT;
	declare @IV_ServerID  INT;
	declare @OV_GoldNum	BIGINT;
	declare @OV_DefaultGoldNum	BIGINT;
	declare @OV_sReturnMsg	VARCHAR(128);
	declare @OV_sResult INT;

	set @IV_sProcPassword='!43$a#@28Foi000C';
	set @IV_GameId=10095;
	set @IV_GoldNUM=0;
	set @IV_ServerID=833;

	set @OV_sResult=-1;
	set @OV_sReturnMsg='';
	set @OV_DefaultGoldNum=0;
	set @OV_GoldNum=0;

	exec @OV_sResult = PrPs_BaseGoldPool_Update
	 @IV_sProcPassword,
	 @IV_GameId,
	 @IV_GoldNUM,
	 @IV_ServerID,
	 @OV_GoldNum out,
	 @OV_DefaultGoldNum out,
	 @OV_sReturnMsg out;

	select @OV_sResult, @OV_sReturnMsg, @OV_DefaultGoldNum, @OV_GoldNum;
	.
2019/05/29 18:02:44.428000 git.huoys.com/qp/world/web/get.OnUpdatePreventCheat 54 Info: UpdatePreventCheat goldNum(4821132150) sucess
2019/05/29 18:02:44.442000 git.huoys.com/qp/world/sql/qp.UpdatePreventCheatData 66 Info: UpdatePreventCheatData query:
	declare @IV_sProcPassword VARCHAR(32);
	declare @IV_GameId	INT;
	declare @IV_GoldNUM	BIGINT;
	declare @IV_ServerID  INT;
	declare @OV_GoldNum	BIGINT;
	declare @OV_DefaultGoldNum	BIGINT;
	declare @OV_sReturnMsg	VARCHAR(128);
	declare @OV_sResult INT;

	set @IV_sProcPassword='!43$a#@28Foi000C';
	set @IV_GameId=10095;
	set @IV_GoldNUM=0;
	set @IV_ServerID=834;

	set @OV_sResult=-1;
	set @OV_sReturnMsg='';
	set @OV_DefaultGoldNum=0;
	set @OV_GoldNum=0;

	exec @OV_sResult = PrPs_BaseGoldPool_Update
	 @IV_sProcPassword,
	 @IV_GameId,
	 @IV_GoldNUM,
	 @IV_ServerID,
	 @OV_GoldNum out,
	 @OV_DefaultGoldNum out,
	 @OV_sReturnMsg out;

	select @OV_sResult, @OV_sReturnMsg, @OV_DefaultGoldNum, @OV_GoldNum;
	.
2019/05/29 18:02:44.448000 git.huoys.com/qp/world/web/get.OnUpdatePreventCheat 54 Info: UpdatePreventCheat goldNum(4821132150) sucess
2019/05/29 18:02:44.472000 git.huoys.com/qp/world/sql/qp.UpdatePreventCheatData 66 Info: UpdatePreventCheatData query:
	declare @IV_sProcPassword VARCHAR(32);
	declare @IV_GameId	INT;
	declare @IV_GoldNUM	BIGINT;
	declare @IV_ServerID  INT;
	declare @OV_GoldNum	BIGINT;
	declare @OV_DefaultGoldNum	BIGINT;
	declare @OV_sReturnMsg	VARCHAR(128);
	declare @OV_sResult INT;

	set @IV_sProcPassword='!43$a#@28Foi000C';
	set @IV_GameId=10095;
	set @IV_GoldNUM=0;
	set @IV_ServerID=836;

	set @OV_sResult=-1;
	set @OV_sReturnMsg='';
	set @OV_DefaultGoldNum=0;
	set @OV_GoldNum=0;

	exec @OV_sResult = PrPs_BaseGoldPool_Update
	 @IV_sProcPassword,
	 @IV_GameId,
	 @IV_GoldNUM,
	 @IV_ServerID,
	 @OV_GoldNum out,
	 @OV_DefaultGoldNum out,
	 @OV_sReturnMsg out;

	select @OV_sResult, @OV_sReturnMsg, @OV_DefaultGoldNum, @OV_GoldNum;
	.
2019/05/29 18:02:44.477000 git.huoys.com/qp/world/web/get.OnUpdatePreventCheat 54 Info: UpdatePreventCheat goldNum(4821132150) sucess
2019/05/29 18:02:44.492000 git.huoys.com/qp/world/sql/qp.UpdatePreventCheatData 66 Info: UpdatePreventCheatData query:
	declare @IV_sProcPassword VARCHAR(32);
	declare @IV_GameId	INT;
	declare @IV_GoldNUM	BIGINT;
	declare @IV_ServerID  INT;
	declare @OV_GoldNum	BIGINT;
	declare @OV_DefaultGoldNum	BIGINT;
	declare @OV_sReturnMsg	VARCHAR(128);
	declare @OV_sResult INT;

	set @IV_sProcPassword='!43$a#@28Foi000C';
	set @IV_GameId=10095;
	set @IV_GoldNUM=0;
	set @IV_ServerID=835;

	set @OV_sResult=-1;
	set @OV_sReturnMsg='';
	set @OV_DefaultGoldNum=0;
	set @OV_GoldNum=0;

	exec @OV_sResult = PrPs_BaseGoldPool_Update
	 @IV_sProcPassword,
	 @IV_GameId,
	 @IV_GoldNUM,
	 @IV_ServerID,
	 @OV_GoldNum out,
	 @OV_DefaultGoldNum out,
	 @OV_sReturnMsg out;

	select @OV_sResult, @OV_sReturnMsg, @OV_DefaultGoldNum, @OV_GoldNum;
	.
2019/05/29 18:02:44.497000 git.huoys.com/qp/world/web/get.OnUpdatePreventCheat 54 Info: UpdatePreventCheat goldNum(4821132150) sucess
2019/05/29 18:02:48.262000 git.huoys.com/qp/world/web/get.recordPlayerNum 53 Warning: recordPlayerNum:gameID(10095),arenaID(1),serverID(1),num(0)
2019/05/29 18:02:48.353000 git.huoys.com/qp/world/web/get.recordPlayerNum 53 Warning: recordPlayerNum:gameID(10095),arenaID(1),serverID(2),num(0)
2019/05/29 18:02:48.422000 git.huoys.com/qp/world/web/get.recordPlayerNum 53 Warning: recordPlayerNum:gameID(10095),arenaID(1),serverID(4),num(0)
2019/05/29 18:02:48.443000 git.huoys.com/qp/world/web/get.recordPlayerNum 53 Warning: recordPlayerNum:gameID(10095),arenaID(1),serverID(3),num(0)
2019/05/29 18:02:53.294000 git.huoys.com/qp/world/web/get.recordPlayerNum 53 Warning: recordPlayerNum:gameID(10095),arenaID(1),serverID(1),num(0)
2019/05/29 18:02:53.389000 git.huoys.com/qp/world/web/get.recordPlayerNum 53 Warning: recordPlayerNum:gameID(10095),arenaID(1),serverID(2),num(0)
2019/05/29 18:02:53.490000 git.huoys.com/qp/world/web/get.recordPlayerNum 53 Warning: recordPlayerNum:gameID(10095),arenaID(1),serverID(4),num(0)
2019/05/29 18:02:53.495000 git.huoys.com/qp/world/web/get.recordPlayerNum 53 Warning: recordPlayerNum:gameID(10095),arenaID(1),serverID(3),num(0)
2019/05/29 18:02:58.258000 git.huoys.com/qp/world/web/get.recordPlayerNum 53 Warning: recordPlayerNum:gameID(10095),arenaID(1),serverID(1),num(0)
2019/05/29 18:02:58.339000 git.huoys.com/qp/world/web/get.recordPlayerNum 53 Warning: recordPlayerNum:gameID(10095),arenaID(1),serverID(2),num(0)
2019/05/29 18:02:58.429000 git.huoys.com/qp/world/web/get.recordPlayerNum 53 Warning: recordPlayerNum:gameID(10095),arenaID(1),serverID(4),num(0)
2019/05/29 18:02:58.430000 git.huoys.com/qp/world/web/get.recordPlayerNum 53 Warning: recordPlayerNum:gameID(10095),arenaID(1),serverID(3),num(0)
2019/05/29 18:03:03.256000 git.huoys.com/qp/world/web/get.recordPlayerNum 53 Warning: recordPlayerNum:gameID(10095),arenaID(1),serverID(1),num(0)
2019/05/29 18:03:03.342000 git.huoys.com/qp/world/web/get.recordPlayerNum 53 Warning: recordPlayerNum:gameID(10095),arenaID(1),serverID(2),num(0)
2019/05/29 18:03:03.432000 git.huoys.com/qp/world/web/get.recordPlayerNum 53 Warning: recordPlayerNum:gameID(10095),arenaID(1),serverID(3),num(0)
2019/05/29 18:03:03.433000 git.huoys.com/qp/world/web/get.recordPlayerNum 53 Warning: recordPlayerNum:gameID(10095),arenaID(1),serverID(4),num(0)
2019/05/29 18:03:08.257000 git.huoys.com/qp/world/web/get.recordPlayerNum 53 Warning: recordPlayerNum:gameID(10095),arenaID(1),serverID(1),num(0)
2019/05/29 18:03:08.337000 git.huoys.com/qp/world/web/get.recordPlayerNum 53 Warning: recordPlayerNum:gameID(10095),arenaID(1),serverID(2),num(0)
2019/05/29 18:03:08.427000 git.huoys.com/qp/world/web/get.recordPlayerNum 53 Warning: recordPlayerNum:gameID(10095),arenaID(1),serverID(4),num(0)
2019/05/29 18:03:08.427000 git.huoys.com/qp/world/web/get.recordPlayerNum 53 Warning: recordPlayerNum:gameID(10095),arenaID(1),serverID(3),num(0)
2019/05/29 18:03:13.259000 git.huoys.com/qp/world/web/get.recordPlayerNum 53 Warning: recordPlayerNum:gameID(10095),arenaID(1),serverID(1),num(0)
2019/05/29 18:03:13.342000 git.huoys.com/qp/world/web/get.recordPlayerNum 53 Warning: recordPlayerNum:gameID(10095),arenaID(1),serverID(2),num(0)
2019/05/29 18:03:13.431000 git.huoys.com/qp/world/web/get.recordPlayerNum 53 Warning: recordPlayerNum:gameID(10095),arenaID(1),serverID(3),num(0)
2019/05/29 18:03:13.435000 git.huoys.com/qp/world/web/get.recordPlayerNum 53 Warning: recordPlayerNum:gameID(10095),arenaID(1),serverID(4),num(0)
2019/05/29 18:03:18.282000 git.huoys.com/qp/world/web/get.recordPlayerNum 53 Warning: recordPlayerNum:gameID(10095),arenaID(1),serverID(1),num(0)
2019/05/29 18:03:18.340000 git.huoys.com/qp/world/web/get.recordPlayerNum 53 Warning: recordPlayerNum:gameID(10095),arenaID(1),serverID(2),num(0)
2019/05/29 18:03:18.434000 git.huoys.com/qp/world/web/get.recordPlayerNum 53 Warning: recordPlayerNum:gameID(10095),arenaID(1),serverID(3),num(0)
2019/05/29 18:03:18.481000 git.huoys.com/qp/world/web/get.recordPlayerNum 53 Warning: recordPlayerNum:gameID(10095),arenaID(1),serverID(4),num(0)
2019/05/29 18:03:23.261000 git.huoys.com/qp/world/web/get.recordPlayerNum 53 Warning: recordPlayerNum:gameID(10095),arenaID(1),serverID(1),num(0)
2019/05/29 18:03:23.343000 git.huoys.com/qp/world/web/get.recordPlayerNum 53 Warning: recordPlayerNum:gameID(10095),arenaID(1),serverID(2),num(0)
2019/05/29 18:03:23.427000 git.huoys.com/qp/world/web/get.recordPlayerNum 53 Warning: recordPlayerNum:gameID(10095),arenaID(1),serverID(4),num(0)
2019/05/29 18:03:23.432000 git.huoys.com/qp/world/web/get.recordPlayerNum 53 Warning: recordPlayerNum:gameID(10095),arenaID(1),serverID(3),num(0)
2019/05/29 18:03:24.332000 git.huoys.com/qp/world/sql/qp.EnterRoom 74 Info: EnterRoom playerID(150016) query:
	declare @IV_sProcPassword VARCHAR(32);
	declare @IV_iUserID	INT;
	declare @IV_siServerID	SMALLINT;
	declare @OV_siExistsServerID	SMALLINT;
	declare @OV_biAmount	BIGINT;
	declare @OV_sReturnMsg	VARCHAR(128);
	declare @OV_iErrorCode INT;
	declare @IV_tiSysType TINYINT;
	declare @OV_sResult	INT;

	set @IV_sProcPassword='!43$a#@28Foi000C';
	set @IV_iUserID=150016;
	set @IV_siServerID=833;
	set @IV_tiSysType=0;

	set @OV_sResult=-1;
	set @OV_sReturnMsg='';
	set @OV_iErrorCode=0;
	set @OV_biAmount=0;
	set @OV_siExistsServerID=0;

	exec @OV_sResult = PrPs_UserLogin_EnterCoinRoom
	 @IV_sProcPassword,
	 @IV_iUserID,
	 @IV_siServerID,
	 @OV_siExistsServerID out,
	 @OV_biAmount out,
	 @OV_sReturnMsg out,
	 @OV_iErrorCode out,
	 @IV_tiSysType;

	select @OV_sResult, @OV_sReturnMsg, @OV_iErrorCode, @OV_biAmount, @OV_siExistsServerID;
	.
2019/05/29 18:03:24.343000 git.huoys.com/qp/world/web/get.OnEnterRoom 72 Info: EnterRoom sucess res({"res":"sucess", "error":0, "amount":103124310}).
2019/05/29 18:03:25.347000 git.huoys.com/qp/world/sql/qp.BaseUserInfoGet 483 Info: 
	declare @chvProcPassword VARCHAR(32);
	declare @IV_iUserID	INT;
	declare @OV_sUserInfo NVARCHAR(2048);
	declare @OV_sResult	INT;

	set @chvProcPassword='!43$a#@28Foi000C';
	set @IV_iUserID=150016;

	set @OV_sResult=-1;
	set @OV_sUserInfo='';

	exec @OV_sResult = dbo.PrPs_UserInfo_BaseUserInfo_Get
	 @chvProcPassword,
	 @IV_iUserID,
	 @OV_sUserInfo out;

	 select @OV_sResult, @OV_sUserInfo;
	
2019/05/29 18:03:26.370000 git.huoys.com/qp/world/sql/qp.NotifyLoginSucess 71 Info: EnterRoom playerID(150016) query:
	declare @IV_sProcPassword VARCHAR(32);
	declare @IV_iUserID	INT;
	declare @IV_siGameID	INT;
	declare @OV_sResult	INT;

    declare @IV_sIP VARCHAR(15);
    declare @IV_sIMEI VARCHAR(17);
    declare @IV_iMediaID	INT;
    declare @IV_sVersion VARCHAR(8);
    declare @IV_siPort	INT;

	set @IV_sProcPassword='!43$a#@28Foi000C';
	set @IV_iUserID=150016;
    set @IV_siGameID=10095;

    set @IV_sIP='';
    set @IV_sIMEI='';
    set @IV_iMediaID=0;
    set @IV_sVersion='v2019042401';
    set @IV_siPort=0;

	set @OV_sResult=-1;

	exec @OV_sResult = PrPs_Log_AddLoginGameLog
	 @IV_sProcPassword,
	 @IV_iUserID,
	 @IV_sIP,
	 @IV_sIMEI,
	 @IV_siGameID,
	 @IV_iMediaID,
	 @IV_sVersion,
	 @IV_siPort;

	select @OV_sResult;
	.
2019/05/29 18:03:28.257000 git.huoys.com/qp/world/web/get.recordPlayerNum 53 Warning: recordPlayerNum:gameID(10095),arenaID(1),serverID(1),num(1)
2019/05/29 18:03:28.337000 git.huoys.com/qp/world/web/get.recordPlayerNum 53 Warning: recordPlayerNum:gameID(10095),arenaID(1),serverID(2),num(0)
2019/05/29 18:03:28.427000 git.huoys.com/qp/world/web/get.recordPlayerNum 53 Warning: recordPlayerNum:gameID(10095),arenaID(1),serverID(4),num(0)
2019/05/29 18:03:28.429000 git.huoys.com/qp/world/web/get.recordPlayerNum 53 Warning: recordPlayerNum:gameID(10095),arenaID(1),serverID(3),num(0)
2019/05/29 18:03:33.265000 git.huoys.com/qp/world/web/get.recordPlayerNum 53 Warning: recordPlayerNum:gameID(10095),arenaID(1),serverID(1),num(1)
2019/05/29 18:03:33.338000 git.huoys.com/qp/world/web/get.recordPlayerNum 53 Warning: recordPlayerNum:gameID(10095),arenaID(1),serverID(2),num(0)
2019/05/29 18:03:33.428000 git.huoys.com/qp/world/web/get.recordPlayerNum 53 Warning: recordPlayerNum:gameID(10095),arenaID(1),serverID(3),num(0)
2019/05/29 18:03:33.429000 git.huoys.com/qp/world/web/get.recordPlayerNum 53 Warning: recordPlayerNum:gameID(10095),arenaID(1),serverID(4),num(0)
2019/05/29 18:03:38.256000 git.huoys.com/qp/world/web/get.recordPlayerNum 53 Warning: recordPlayerNum:gameID(10095),arenaID(1),serverID(1),num(1)
2019/05/29 18:03:38.343000 git.huoys.com/qp/world/web/get.recordPlayerNum 53 Warning: recordPlayerNum:gameID(10095),arenaID(1),serverID(2),num(0)
2019/05/29 18:03:38.424000 git.huoys.com/qp/world/web/get.recordPlayerNum 53 Warning: recordPlayerNum:gameID(10095),arenaID(1),serverID(4),num(0)
2019/05/29 18:03:38.433000 git.huoys.com/qp/world/web/get.recordPlayerNum 53 Warning: recordPlayerNum:gameID(10095),arenaID(1),serverID(3),num(0)
2019/05/29 18:03:39.931000 git.huoys.com/qp/world/sql/qp.CountPlayer 57 Info: 
	declare @IV_sProcPassword VARCHAR(32);
	declare @IV_siPositionID	SMALLINT;
	declare @IV_iUserCount INT;
	declare @IV_iVisitorCount INT;
	declare @IV_iLimitCount INT;
	declare @IV_UseTable INT;
	declare @IV_FreeTable INT;
	declare @OV_sResult	INT;

	set @IV_sProcPassword='!43$a#@28Foi000C';
	set @IV_siPositionID=10561;
	set @IV_iUserCount=1;
	set @IV_iVisitorCount=0;
	set @IV_iLimitCount=0;
	set @IV_UseTable=0;
	set @IV_FreeTable=0;

	set @OV_sResult=-1;

	exec @OV_sResult = dbo.PrPs_OnLine_HallOnLineLog_Add
	 @IV_sProcPassword,
	 @IV_siPositionID,
	 @IV_iUserCount,
	 @IV_iVisitorCount,
     @IV_iLimitCount,
     @IV_UseTable,
	 @IV_FreeTable;

	 select @OV_sResult;
	
2019/05/29 18:03:39.932000 git.huoys.com/qp/world/sql/qp.CountPlayer 63 Info: CountPlayer: 
	declare @IV_sProcPassword VARCHAR(32);
	declare @IV_siPositionID	SMALLINT;
	declare @IV_iUserCount INT;
	declare @IV_iVisitorCount INT;
	declare @IV_iLimitCount INT;
	declare @IV_UseTable INT;
	declare @IV_FreeTable INT;
	declare @OV_sResult	INT;

	set @IV_sProcPassword='!43$a#@28Foi000C';
	set @IV_siPositionID=10561;
	set @IV_iUserCount=1;
	set @IV_iVisitorCount=0;
	set @IV_iLimitCount=0;
	set @IV_UseTable=0;
	set @IV_FreeTable=0;

	set @OV_sResult=-1;

	exec @OV_sResult = dbo.PrPs_OnLine_HallOnLineLog_Add
	 @IV_sProcPassword,
	 @IV_siPositionID,
	 @IV_iUserCount,
	 @IV_iVisitorCount,
     @IV_iLimitCount,
     @IV_UseTable,
	 @IV_FreeTable;

	 select @OV_sResult;
	.
2019/05/29 18:03:39.938000 git.huoys.com/qp/world/web/get.polling 75 Info: count player(1), gameid(10095), dbarenaid(10561).
2019/05/29 18:03:43.265000 git.huoys.com/qp/world/web/get.recordPlayerNum 53 Warning: recordPlayerNum:gameID(10095),arenaID(1),serverID(1),num(1)
2019/05/29 18:03:43.346000 git.huoys.com/qp/world/web/get.recordPlayerNum 53 Warning: recordPlayerNum:gameID(10095),arenaID(1),serverID(2),num(0)
2019/05/29 18:03:43.424000 git.huoys.com/qp/world/web/get.recordPlayerNum 53 Warning: recordPlayerNum:gameID(10095),arenaID(1),serverID(4),num(0)
2019/05/29 18:03:43.432000 git.huoys.com/qp/world/web/get.recordPlayerNum 53 Warning: recordPlayerNum:gameID(10095),arenaID(1),serverID(3),num(0)
2019/05/29 18:03:48.266000 git.huoys.com/qp/world/web/get.recordPlayerNum 53 Warning: recordPlayerNum:gameID(10095),arenaID(1),serverID(1),num(1)
2019/05/29 18:03:48.352000 git.huoys.com/qp/world/web/get.recordPlayerNum 53 Warning: recordPlayerNum:gameID(10095),arenaID(1),serverID(2),num(0)
2019/05/29 18:03:48.433000 git.huoys.com/qp/world/web/get.recordPlayerNum 53 Warning: recordPlayerNum:gameID(10095),arenaID(1),serverID(3),num(0)
2019/05/29 18:03:48.477000 git.huoys.com/qp/world/web/get.recordPlayerNum 53 Warning: recordPlayerNum:gameID(10095),arenaID(1),serverID(4),num(0)
2019/05/29 18:03:53.270000 git.huoys.com/qp/world/web/get.recordPlayerNum 53 Warning: recordPlayerNum:gameID(10095),arenaID(1),serverID(1),num(1)
2019/05/29 18:03:53.344000 git.huoys.com/qp/world/web/get.recordPlayerNum 53 Warning: recordPlayerNum:gameID(10095),arenaID(1),serverID(2),num(0)
2019/05/29 18:03:53.434000 git.huoys.com/qp/world/web/get.recordPlayerNum 53 Warning: recordPlayerNum:gameID(10095),arenaID(1),serverID(4),num(0)
2019/05/29 18:03:53.438000 git.huoys.com/qp/world/web/get.recordPlayerNum 53 Warning: recordPlayerNum:gameID(10095),arenaID(1),serverID(3),num(0)
2019/05/29 18:03:57.283000 git.huoys.com/qp/world/sql/qp.EveryGameLog 470 Info: 
	declare @IV_sProcPassword VARCHAR(32);
	declare @IV_siGameID	SMALLINT;
	declare @IV_siPositionID SMALLINT;
	declare @IV_siServerID	SMALLINT;
	declare @IV_siTableID TINYINT;
	declare @IV_iUserID INT;
	declare @IV_biScore BIGINT;
	declare @IV_biGameNo BIGINT;
	declare @IV_tiChairNo TINYINT;
	declare @IV_biTax BIGINT;
	declare @IV_biBalance BIGINT;
	declare @IV_bIsCoinGame VARCHAR(32);
	declare @IV_dtLeaveTime DATETIME;
	declare @IV_bIsTrusteeship BIT;
	declare @OV_sResult INT;

	set @IV_sProcPassword='!43$a#@28Foi000C';
	set @IV_siGameID=10095;
	set @IV_siPositionID=10561;
	set @IV_siServerID=833;
	set @IV_siTableID=0;
	set @IV_iUserID=150016;
	set @IV_biScore=440;
	set @IV_biGameNo=0;
	set @IV_tiChairNo=0;
	set @IV_biTax=0;
	set @IV_biBalance=103124750;
	set @IV_bIsCoinGame=1;
	set @IV_dtLeaveTime='2019-05-29';
	set @IV_bIsTrusteeship=0;

	set @OV_sResult=-1;

	exec @OV_sResult = PrPs_AddEveryGameLog
	 @IV_sProcPassword,
	 @IV_siGameID,
	 @IV_siPositionID,
	 @IV_siServerID,
	 @IV_siTableID,
	 @IV_iUserID,
	 @IV_biScore,
	 @IV_biGameNo,
	 @IV_tiChairNo,
	 @IV_biTax,
	 @IV_biBalance,
	 @IV_bIsCoinGame,
	 @IV_dtLeaveTime,
	 @IV_bIsTrusteeship;

	 select @OV_sResult;
	
2019/05/29 18:03:57.293000 git.huoys.com/qp/world/web/get.OnEveryGameLog 336 Info: Every Game Log log msg(success).
2019/05/29 18:03:58.271000 git.huoys.com/qp/world/web/get.recordPlayerNum 53 Warning: recordPlayerNum:gameID(10095),arenaID(1),serverID(1),num(1)
2019/05/29 18:03:58.334000 git.huoys.com/qp/world/sql/qp.SaveVipPoint 817 Info: 
	declare @chvProcPassword VARCHAR(32);
	declare @IV_iUserID	INT;
	declare @IV_ServerID SMALLINT;
	declare @IV_Score BIGINT;
	declare @IV_IP varchar(15);
	declare @OV_CurrentVIPGrade SMALLINT;
	declare @OV_sResult	INT;

	set @chvProcPassword='!43$a#@28Foi000C';
	set @IV_iUserID=150016;
	set @IV_ServerID=833;
	set @IV_Score=0;
	set @IV_IP='172.12.10.126:52743';

	set @OV_sResult=-1;
	set @OV_CurrentVIPGrade=0;

	exec @OV_sResult = dbo.PrPs_GameInfo_FrequenterScore_LeaveRoomUpdate_SY
	 @chvProcPassword,
	 @IV_iUserID,
	 @IV_ServerID,
	 @IV_Score,
	 @IV_IP,
	 @OV_CurrentVIPGrade out;

	 select @OV_sResult;
	
2019/05/29 18:03:58.344000 git.huoys.com/qp/world/web/get.recordPlayerNum 53 Warning: recordPlayerNum:gameID(10095),arenaID(1),serverID(2),num(0)
2019/05/29 18:03:58.473000 git.huoys.com/qp/world/web/get.recordPlayerNum 53 Warning: recordPlayerNum:gameID(10095),arenaID(1),serverID(3),num(0)
2019/05/29 18:03:58.474000 git.huoys.com/qp/world/web/get.recordPlayerNum 53 Warning: recordPlayerNum:gameID(10095),arenaID(1),serverID(4),num(0)
2019/05/29 18:03:59.346000 git.huoys.com/qp/world/sql/qp.LeaveRoom 200 Info: LeaveRoom playerID(150016), query=
	declare @IV_sProcPassword VARCHAR(32);
	declare @IV_iUserID	INT;
	declare @IV_siServerID	SMALLINT;
	declare @IV_sIP VARCHAR(15);
	declare @IV_biLoginMoney BIGINT;
	declare @IV_biWantedMoney BIGINT;
	declare @IV_biTax BIGINT;
	declare @IV_tiSysType TINYINT;
	declare @IV_iFlag INT;
	declare @IV_sRemark varchar(128);
	declare @IV_iTicket INT;
	declare @OV_biCurrentAmount BIGINT;
	declare @OV_sReturnMsg varchar(128);
	declare @OV_sLastMoney	varchar(256);
	declare @IV_sExtendAmount varchar(256);
	declare @OV_sResult	INT;	

	set @IV_sProcPassword='!43$a#@28Foi000C';
	set @IV_iUserID=150016;
	set @IV_siServerID=833;
	set @IV_sIP='172.12.10.126:52743';
	set @IV_biLoginMoney=103124310;
	set @IV_biWantedMoney=440;
	set @IV_biTax=0;
	set @IV_tiSysType=0;
	set @IV_iFlag=51110895;
	set @IV_iTicket=0;	
	set @IV_sRemark='';
	set @IV_sExtendAmount='';

	set @OV_sResult=-1;
	set @OV_biCurrentAmount=0;
	set @OV_sReturnMsg='';

	exec @OV_sResult = PrPs_UserLogout_LeaveExtendCoinRoom
	 @IV_sProcPassword,
	 @IV_iUserID,
	 @IV_siServerID,
	 @IV_sIP,
	 @IV_biLoginMoney,
	 @IV_biWantedMoney,
	 @IV_biTax,
	 @OV_biCurrentAmount out,
	 @OV_sReturnMsg out, 
	 @IV_tiSysType,
	 @IV_iFlag,
	 @IV_iTicket,
	 @IV_sExtendAmount,
	 @OV_sLastMoney out,
	 @IV_sRemark;

	 select @OV_sResult, @OV_biCurrentAmount, @OV_sReturnMsg;
	.
2019/05/29 18:03:59.386000 git.huoys.com/qp/world/sql/qp.removeUserLastMoney 248 Info: RemoveUserLastMoney playerID(150016), query=
	declare @IV_sProcPassword VARCHAR(32);
	declare @IV_iUserID	INT;
	declare @OV_sResult	INT;	

	set @IV_sProcPassword='!43$a#@28Foi000C';
	set @IV_iUserID=150016;

	exec @OV_sResult = PrPs_RemoveUserLastMoney
	 @IV_sProcPassword,
	 @IV_iUserID;
	.
2019/05/29 18:04:00.399000 git.huoys.com/qp/world/sql/qp.LeaveRoomLog 360 Info: 
	declare @IV_sProcPassword VARCHAR(32);
	declare @IV_iUserID	INT;
	declare @IV_siGameID SMALLINT;
	declare @IV_siPositionID SMALLINT;
	declare @IV_siServerID	SMALLINT;
	declare @IV_sIP VARCHAR(15);
	declare @IV_iWinCount INT;
	declare @IV_iLoseCount INT;
	declare @IV_iDrawCount INT;
	declare @IV_iFleeCount INT;
	declare @IV_biScore BIGINT;
	declare @IV_dtLoginTime DATETIME;
	declare @IV_iGameTime INT;
	declare @IV_bIsTrusteeship BIT;
	declare @OV_sResult	INT;
	declare  @OV_sReturnMsg VARCHAR(128);

	set @IV_sProcPassword='!43$a#@28Foi000C';
	set @IV_iUserID=150016;
	set @IV_siGameID=10095;
	set @IV_siPositionID=10561;
	set @IV_siServerID=833;
	set @IV_sIP='172.12.10.126:52743';
	set @IV_iWinCount=0;
	set @IV_iLoseCount=0;
	set @IV_iDrawCount=0;
	set @IV_iFleeCount=0;
	set @IV_biScore=440;
	set @IV_dtLoginTime='2019-05-29 06:03:25 PM';
	set @IV_iGameTime=32;
	set @IV_bIsTrusteeship=0;

	set @OV_sResult=-1;
	set @OV_sReturnMsg='';

	exec @OV_sResult = PrPs_UserLogout_UserLeaveRoom
	 @IV_sProcPassword,
	 @IV_iUserID,
	 @IV_siGameID,
	 @IV_siPositionID,
	 @IV_siServerID,
	 @IV_sIP,
	 @IV_iWinCount,
	 @IV_iLoseCount,
	 @IV_iDrawCount,
	 @IV_iFleeCount,
	 @IV_biScore,
	 @IV_dtLoginTime,
	 @IV_iGameTime,
	 @OV_sReturnMsg out,
	 @IV_bIsTrusteeship;

	 select @OV_sResult, @OV_sReturnMsg;
	
2019/05/29 18:04:00.405000 git.huoys.com/qp/world/web/get.OnLeaveRoomLog 243 Info: leave room log msg(success).
2019/05/29 18:04:03.288000 git.huoys.com/qp/world/web/get.recordPlayerNum 53 Warning: recordPlayerNum:gameID(10095),arenaID(1),serverID(1),num(0)
2019/05/29 18:04:03.353000 git.huoys.com/qp/world/web/get.recordPlayerNum 53 Warning: recordPlayerNum:gameID(10095),arenaID(1),serverID(2),num(0)
2019/05/29 18:04:03.432000 git.huoys.com/qp/world/web/get.recordPlayerNum 53 Warning: recordPlayerNum:gameID(10095),arenaID(1),serverID(3),num(0)
2019/05/29 18:04:03.442000 git.huoys.com/qp/world/web/get.recordPlayerNum 53 Warning: recordPlayerNum:gameID(10095),arenaID(1),serverID(4),num(0)
2019/05/29 18:04:08.267000 git.huoys.com/qp/world/web/get.recordPlayerNum 53 Warning: recordPlayerNum:gameID(10095),arenaID(1),serverID(1),num(0)
2019/05/29 18:04:08.345000 git.huoys.com/qp/world/web/get.recordPlayerNum 53 Warning: recordPlayerNum:gameID(10095),arenaID(1),serverID(2),num(0)
2019/05/29 18:04:08.427000 git.huoys.com/qp/world/web/get.recordPlayerNum 53 Warning: recordPlayerNum:gameID(10095),arenaID(1),serverID(4),num(0)
2019/05/29 18:04:08.437000 git.huoys.com/qp/world/web/get.recordPlayerNum 53 Warning: recordPlayerNum:gameID(10095),arenaID(1),serverID(3),num(0)
2019/05/29 18:04:13.269000 git.huoys.com/qp/world/web/get.recordPlayerNum 53 Warning: recordPlayerNum:gameID(10095),arenaID(1),serverID(1),num(0)
2019/05/29 18:04:13.360000 git.huoys.com/qp/world/web/get.recordPlayerNum 53 Warning: recordPlayerNum:gameID(10095),arenaID(1),serverID(2),num(0)
2019/05/29 18:04:13.434000 git.huoys.com/qp/world/web/get.recordPlayerNum 53 Warning: recordPlayerNum:gameID(10095),arenaID(1),serverID(4),num(0)
2019/05/29 18:04:13.438000 git.huoys.com/qp/world/web/get.recordPlayerNum 53 Warning: recordPlayerNum:gameID(10095),arenaID(1),serverID(3),num(0)
2019/05/29 18:04:18.269000 git.huoys.com/qp/world/web/get.recordPlayerNum 53 Warning: recordPlayerNum:gameID(10095),arenaID(1),serverID(1),num(0)
2019/05/29 18:04:18.350000 git.huoys.com/qp/world/web/get.recordPlayerNum 53 Warning: recordPlayerNum:gameID(10095),arenaID(1),serverID(2),num(0)
2019/05/29 18:04:18.430000 git.huoys.com/qp/world/web/get.recordPlayerNum 53 Warning: recordPlayerNum:gameID(10095),arenaID(1),serverID(3),num(0)
2019/05/29 18:04:18.449000 git.huoys.com/qp/world/web/get.recordPlayerNum 53 Warning: recordPlayerNum:gameID(10095),arenaID(1),serverID(4),num(0)
2019/05/29 18:04:23.269000 git.huoys.com/qp/world/web/get.recordPlayerNum 53 Warning: recordPlayerNum:gameID(10095),arenaID(1),serverID(1),num(0)
2019/05/29 18:04:23.361000 git.huoys.com/qp/world/web/get.recordPlayerNum 53 Warning: recordPlayerNum:gameID(10095),arenaID(1),serverID(2),num(0)
2019/05/29 18:04:23.430000 git.huoys.com/qp/world/web/get.recordPlayerNum 53 Warning: recordPlayerNum:gameID(10095),arenaID(1),serverID(4),num(0)
2019/05/29 18:04:23.441000 git.huoys.com/qp/world/web/get.recordPlayerNum 53 Warning: recordPlayerNum:gameID(10095),arenaID(1),serverID(3),num(0)
2019/05/29 18:04:28.266000 git.huoys.com/qp/world/web/get.recordPlayerNum 53 Warning: recordPlayerNum:gameID(10095),arenaID(1),serverID(1),num(0)
2019/05/29 18:04:28.348000 git.huoys.com/qp/world/web/get.recordPlayerNum 53 Warning: recordPlayerNum:gameID(10095),arenaID(1),serverID(2),num(0)
2019/05/29 18:04:28.428000 git.huoys.com/qp/world/web/get.recordPlayerNum 53 Warning: recordPlayerNum:gameID(10095),arenaID(1),serverID(4),num(0)
2019/05/29 18:04:28.429000 git.huoys.com/qp/world/web/get.recordPlayerNum 53 Warning: recordPlayerNum:gameID(10095),arenaID(1),serverID(3),num(0)
2019/05/29 18:04:33.265000 git.huoys.com/qp/world/web/get.recordPlayerNum 53 Warning: recordPlayerNum:gameID(10095),arenaID(1),serverID(1),num(0)
2019/05/29 18:04:33.346000 git.huoys.com/qp/world/web/get.recordPlayerNum 53 Warning: recordPlayerNum:gameID(10095),arenaID(1),serverID(2),num(0)
2019/05/29 18:04:33.421000 git.huoys.com/qp/world/web/get.recordPlayerNum 53 Warning: recordPlayerNum:gameID(10095),arenaID(1),serverID(4),num(0)
2019/05/29 18:04:33.439000 git.huoys.com/qp/world/web/get.recordPlayerNum 53 Warning: recordPlayerNum:gameID(10095),arenaID(1),serverID(3),num(0)
2019/05/29 18:04:38.262000 git.huoys.com/qp/world/web/get.recordPlayerNum 53 Warning: recordPlayerNum:gameID(10095),arenaID(1),serverID(1),num(0)
2019/05/29 18:04:38.344000 git.huoys.com/qp/world/web/get.recordPlayerNum 53 Warning: recordPlayerNum:gameID(10095),arenaID(1),serverID(2),num(0)
2019/05/29 18:04:38.424000 git.huoys.com/qp/world/web/get.recordPlayerNum 53 Warning: recordPlayerNum:gameID(10095),arenaID(1),serverID(4),num(0)
2019/05/29 18:04:38.445000 git.huoys.com/qp/world/web/get.recordPlayerNum 53 Warning: recordPlayerNum:gameID(10095),arenaID(1),serverID(3),num(0)
2019/05/29 18:04:39.933000 git.huoys.com/qp/world/sql/qp.CountPlayer 57 Info: 
	declare @IV_sProcPassword VARCHAR(32);
	declare @IV_siPositionID	SMALLINT;
	declare @IV_iUserCount INT;
	declare @IV_iVisitorCount INT;
	declare @IV_iLimitCount INT;
	declare @IV_UseTable INT;
	declare @IV_FreeTable INT;
	declare @OV_sResult	INT;

	set @IV_sProcPassword='!43$a#@28Foi000C';
	set @IV_siPositionID=10561;
	set @IV_iUserCount=0;
	set @IV_iVisitorCount=0;
	set @IV_iLimitCount=0;
	set @IV_UseTable=0;
	set @IV_FreeTable=0;

	set @OV_sResult=-1;

	exec @OV_sResult = dbo.PrPs_OnLine_HallOnLineLog_Add
	 @IV_sProcPassword,
	 @IV_siPositionID,
	 @IV_iUserCount,
	 @IV_iVisitorCount,
     @IV_iLimitCount,
     @IV_UseTable,
	 @IV_FreeTable;

	 select @OV_sResult;
	
2019/05/29 18:04:39.938000 git.huoys.com/qp/world/sql/qp.CountPlayer 63 Info: CountPlayer: 
	declare @IV_sProcPassword VARCHAR(32);
	declare @IV_siPositionID	SMALLINT;
	declare @IV_iUserCount INT;
	declare @IV_iVisitorCount INT;
	declare @IV_iLimitCount INT;
	declare @IV_UseTable INT;
	declare @IV_FreeTable INT;
	declare @OV_sResult	INT;

	set @IV_sProcPassword='!43$a#@28Foi000C';
	set @IV_siPositionID=10561;
	set @IV_iUserCount=0;
	set @IV_iVisitorCount=0;
	set @IV_iLimitCount=0;
	set @IV_UseTable=0;
	set @IV_FreeTable=0;

	set @OV_sResult=-1;

	exec @OV_sResult = dbo.PrPs_OnLine_HallOnLineLog_Add
	 @IV_sProcPassword,
	 @IV_siPositionID,
	 @IV_iUserCount,
	 @IV_iVisitorCount,
     @IV_iLimitCount,
     @IV_UseTable,
	 @IV_FreeTable;

	 select @OV_sResult;
	.
2019/05/29 18:04:39.943000 git.huoys.com/qp/world/web/get.polling 75 Info: count player(0), gameid(10095), dbarenaid(10561).
2019/05/29 18:04:43.265000 git.huoys.com/qp/world/web/get.recordPlayerNum 53 Warning: recordPlayerNum:gameID(10095),arenaID(1),serverID(1),num(0)
2019/05/29 18:04:43.342000 git.huoys.com/qp/world/web/get.recordPlayerNum 53 Warning: recordPlayerNum:gameID(10095),arenaID(1),serverID(2),num(0)
2019/05/29 18:04:43.433000 git.huoys.com/qp/world/web/get.recordPlayerNum 53 Warning: recordPlayerNum:gameID(10095),arenaID(1),serverID(3),num(0)
2019/05/29 18:04:43.434000 git.huoys.com/qp/world/web/get.recordPlayerNum 53 Warning: recordPlayerNum:gameID(10095),arenaID(1),serverID(4),num(0)
